[2025-01-27T04:26:35.375+0000] {taskinstance.py:1165} INFO - Dependencies all met for <TaskInstance: user_processing.process_users manual__2025-01-27T04:26:31.700272+00:00 [queued]>
[2025-01-27T04:26:35.385+0000] {taskinstance.py:1165} INFO - Dependencies all met for <TaskInstance: user_processing.process_users manual__2025-01-27T04:26:31.700272+00:00 [queued]>
[2025-01-27T04:26:35.386+0000] {taskinstance.py:1362} INFO - 
--------------------------------------------------------------------------------
[2025-01-27T04:26:35.387+0000] {taskinstance.py:1363} INFO - Starting attempt 1 of 1
[2025-01-27T04:26:35.387+0000] {taskinstance.py:1364} INFO - 
--------------------------------------------------------------------------------
[2025-01-27T04:26:35.402+0000] {taskinstance.py:1383} INFO - Executing <Task(PythonOperator): process_users> on 2025-01-27 04:26:31.700272+00:00
[2025-01-27T04:26:35.408+0000] {standard_task_runner.py:55} INFO - Started process 7080 to run task
[2025-01-27T04:26:35.411+0000] {standard_task_runner.py:82} INFO - Running: ['***', 'tasks', 'run', 'user_processing', 'process_users', 'manual__2025-01-27T04:26:31.700272+00:00', '--job-id', '25', '--raw', '--subdir', 'DAGS_FOLDER/user_processing.py', '--cfg-path', '/tmp/tmpuklvj9c7']
[2025-01-27T04:26:35.413+0000] {standard_task_runner.py:83} INFO - Job 25: Subtask process_users
[2025-01-27T04:26:35.479+0000] {task_command.py:376} INFO - Running <TaskInstance: user_processing.process_users manual__2025-01-27T04:26:31.700272+00:00 [running]> on host e298d0337d0c
[2025-01-27T04:26:35.551+0000] {taskinstance.py:1592} INFO - Exporting the following env vars:
AIRFLOW_CTX_DAG_OWNER=***
AIRFLOW_CTX_DAG_ID=user_processing
AIRFLOW_CTX_TASK_ID=process_users
AIRFLOW_CTX_EXECUTION_DATE=2025-01-27T04:26:31.700272+00:00
AIRFLOW_CTX_TRY_NUMBER=1
AIRFLOW_CTX_DAG_RUN_ID=manual__2025-01-27T04:26:31.700272+00:00
[2025-01-27T04:26:35.577+0000] {python.py:177} INFO - Done. Returned value was: None
[2025-01-27T04:26:35.587+0000] {taskinstance.py:1406} INFO - Marking task as SUCCESS. dag_id=user_processing, task_id=process_users, execution_date=20250127T042631, start_date=20250127T042635, end_date=20250127T042635
[2025-01-27T04:26:35.623+0000] {local_task_job.py:164} INFO - Task exited with return code 0
[2025-01-27T04:26:35.643+0000] {local_task_job.py:273} INFO - 0 downstream tasks scheduled from follow-on schedule check
