[2025-01-27T20:17:32.551+0000] {taskinstance.py:1165} INFO - Dependencies all met for <TaskInstance: user_processing.extract_users manual__2025-01-27T20:17:26.057579+00:00 [queued]>
[2025-01-27T20:17:32.569+0000] {taskinstance.py:1165} INFO - Dependencies all met for <TaskInstance: user_processing.extract_users manual__2025-01-27T20:17:26.057579+00:00 [queued]>
[2025-01-27T20:17:32.569+0000] {taskinstance.py:1362} INFO - 
--------------------------------------------------------------------------------
[2025-01-27T20:17:32.570+0000] {taskinstance.py:1363} INFO - Starting attempt 1 of 1
[2025-01-27T20:17:32.571+0000] {taskinstance.py:1364} INFO - 
--------------------------------------------------------------------------------
[2025-01-27T20:17:32.590+0000] {taskinstance.py:1383} INFO - Executing <Task(SimpleHttpOperator): extract_users> on 2025-01-27 20:17:26.057579+00:00
[2025-01-27T20:17:32.595+0000] {standard_task_runner.py:55} INFO - Started process 9736 to run task
[2025-01-27T20:17:32.600+0000] {standard_task_runner.py:82} INFO - Running: ['***', 'tasks', 'run', 'user_processing', 'extract_users', 'manual__2025-01-27T20:17:26.057579+00:00', '--job-id', '28', '--raw', '--subdir', 'DAGS_FOLDER/user_processing.py', '--cfg-path', '/tmp/tmpb9utu9a5']
[2025-01-27T20:17:32.602+0000] {standard_task_runner.py:83} INFO - Job 28: Subtask extract_users
[2025-01-27T20:17:32.675+0000] {task_command.py:376} INFO - Running <TaskInstance: user_processing.extract_users manual__2025-01-27T20:17:26.057579+00:00 [running]> on host e298d0337d0c
[2025-01-27T20:17:32.760+0000] {taskinstance.py:1592} INFO - Exporting the following env vars:
AIRFLOW_CTX_DAG_OWNER=***
AIRFLOW_CTX_DAG_ID=user_processing
AIRFLOW_CTX_TASK_ID=extract_users
AIRFLOW_CTX_EXECUTION_DATE=2025-01-27T20:17:26.057579+00:00
AIRFLOW_CTX_TRY_NUMBER=1
AIRFLOW_CTX_DAG_RUN_ID=manual__2025-01-27T20:17:26.057579+00:00
[2025-01-27T20:17:32.762+0000] {http.py:121} INFO - Calling HTTP method
[2025-01-27T20:17:32.773+0000] {base.py:71} INFO - Using connection ID 'user_api' for task execution.
[2025-01-27T20:17:32.774+0000] {http.py:148} INFO - Sending 'GET' to url: https://randomuser.me/api/
[2025-01-27T20:17:32.917+0000] {http.py:125} INFO - {"results":[{"gender":"female","name":{"title":"Miss","first":"Ilse","last":"Miranda"},"location":{"street":{"number":4456,"name":"Viaducto Tirado"},"city":"Ejido El Quemadito","state":"Colima","country":"Mexico","postcode":58411,"coordinates":{"latitude":"26.2515","longitude":"162.3587"},"timezone":{"offset":"-3:30","description":"Newfoundland"}},"email":"ilse.miranda@example.com","login":{"uuid":"79057f34-81ce-4cef-99f1-947d7b3e00be","username":"bigmeercat369","password":"ytrewq","salt":"gV5V57gL","md5":"46786adceb7d58e82de481fb5a9d775f","sha1":"ff8a14310b96da025d098c6abc8ba72d45152a49","sha256":"bea82fcfe5ae9041014a6d430dd474a236c6d29b790b29f8a6804efe95634b28"},"dob":{"date":"1971-07-10T13:30:19.701Z","age":53},"registered":{"date":"2018-11-29T11:09:14.230Z","age":6},"phone":"(671) 900 7996","cell":"(627) 553 2171","id":{"name":"NSS","value":"75 07 43 2374 0"},"picture":{"large":"https://randomuser.me/api/portraits/women/44.jpg","medium":"https://randomuser.me/api/portraits/med/women/44.jpg","thumbnail":"https://randomuser.me/api/portraits/thumb/women/44.jpg"},"nat":"MX"}],"info":{"seed":"4ac99392475657b0","results":1,"page":1,"version":"1.4"}}
[2025-01-27T20:17:32.945+0000] {taskinstance.py:1406} INFO - Marking task as SUCCESS. dag_id=user_processing, task_id=extract_users, execution_date=20250127T201726, start_date=20250127T201732, end_date=20250127T201732
[2025-01-27T20:17:32.971+0000] {local_task_job.py:164} INFO - Task exited with return code 0
[2025-01-27T20:17:33.006+0000] {local_task_job.py:273} INFO - 1 downstream tasks scheduled from follow-on schedule check
