[2025-01-27T20:17:34.212+0000] {taskinstance.py:1165} INFO - Dependencies all met for <TaskInstance: user_processing.process_users manual__2025-01-27T20:17:26.057579+00:00 [queued]>
[2025-01-27T20:17:34.223+0000] {taskinstance.py:1165} INFO - Dependencies all met for <TaskInstance: user_processing.process_users manual__2025-01-27T20:17:26.057579+00:00 [queued]>
[2025-01-27T20:17:34.224+0000] {taskinstance.py:1362} INFO - 
--------------------------------------------------------------------------------
[2025-01-27T20:17:34.224+0000] {taskinstance.py:1363} INFO - Starting attempt 1 of 1
[2025-01-27T20:17:34.225+0000] {taskinstance.py:1364} INFO - 
--------------------------------------------------------------------------------
[2025-01-27T20:17:34.243+0000] {taskinstance.py:1383} INFO - Executing <Task(PythonOperator): process_users> on 2025-01-27 20:17:26.057579+00:00
[2025-01-27T20:17:34.249+0000] {standard_task_runner.py:55} INFO - Started process 9739 to run task
[2025-01-27T20:17:34.254+0000] {standard_task_runner.py:82} INFO - Running: ['***', 'tasks', 'run', 'user_processing', 'process_users', 'manual__2025-01-27T20:17:26.057579+00:00', '--job-id', '29', '--raw', '--subdir', 'DAGS_FOLDER/user_processing.py', '--cfg-path', '/tmp/tmp45oues4t']
[2025-01-27T20:17:34.256+0000] {standard_task_runner.py:83} INFO - Job 29: Subtask process_users
[2025-01-27T20:17:34.330+0000] {task_command.py:376} INFO - Running <TaskInstance: user_processing.process_users manual__2025-01-27T20:17:26.057579+00:00 [running]> on host e298d0337d0c
[2025-01-27T20:17:34.402+0000] {taskinstance.py:1592} INFO - Exporting the following env vars:
AIRFLOW_CTX_DAG_OWNER=***
AIRFLOW_CTX_DAG_ID=user_processing
AIRFLOW_CTX_TASK_ID=process_users
AIRFLOW_CTX_EXECUTION_DATE=2025-01-27T20:17:26.057579+00:00
AIRFLOW_CTX_TRY_NUMBER=1
AIRFLOW_CTX_DAG_RUN_ID=manual__2025-01-27T20:17:26.057579+00:00
[2025-01-27T20:17:34.427+0000] {python.py:177} INFO - Done. Returned value was: None
[2025-01-27T20:17:34.438+0000] {taskinstance.py:1406} INFO - Marking task as SUCCESS. dag_id=user_processing, task_id=process_users, execution_date=20250127T201726, start_date=20250127T201734, end_date=20250127T201734
[2025-01-27T20:17:34.464+0000] {local_task_job.py:164} INFO - Task exited with return code 0
[2025-01-27T20:17:34.490+0000] {local_task_job.py:273} INFO - 1 downstream tasks scheduled from follow-on schedule check
