[2025-01-20T21:18:00.466+0000] {taskinstance.py:1165} INFO - Dependencies all met for <TaskInstance: example_bash_operator.this_will_skip scheduled__2025-01-19T00:00:00+00:00 [queued]>
[2025-01-20T21:18:00.488+0000] {taskinstance.py:1165} INFO - Dependencies all met for <TaskInstance: example_bash_operator.this_will_skip scheduled__2025-01-19T00:00:00+00:00 [queued]>
[2025-01-20T21:18:00.488+0000] {taskinstance.py:1362} INFO - 
--------------------------------------------------------------------------------
[2025-01-20T21:18:00.489+0000] {taskinstance.py:1363} INFO - Starting attempt 1 of 1
[2025-01-20T21:18:00.489+0000] {taskinstance.py:1364} INFO - 
--------------------------------------------------------------------------------
[2025-01-20T21:18:00.516+0000] {taskinstance.py:1383} INFO - Executing <Task(BashOperator): this_will_skip> on 2025-01-19 00:00:00+00:00
[2025-01-20T21:18:00.525+0000] {standard_task_runner.py:55} INFO - Started process 5791 to run task
[2025-01-20T21:18:00.567+0000] {standard_task_runner.py:82} INFO - Running: ['***', 'tasks', 'run', 'example_bash_operator', 'this_will_skip', 'scheduled__2025-01-19T00:00:00+00:00', '--job-id', '4', '--raw', '--subdir', '/home/***/.local/lib/python3.7/site-packages/***/example_dags/example_bash_operator.py', '--cfg-path', '/tmp/tmpmtf1rqc4']
[2025-01-20T21:18:00.568+0000] {standard_task_runner.py:83} INFO - Job 4: Subtask this_will_skip
[2025-01-20T21:18:00.843+0000] {task_command.py:376} INFO - Running <TaskInstance: example_bash_operator.this_will_skip scheduled__2025-01-19T00:00:00+00:00 [running]> on host e298d0337d0c
[2025-01-20T21:18:01.045+0000] {taskinstance.py:1592} INFO - Exporting the following env vars:
AIRFLOW_CTX_DAG_OWNER=***
AIRFLOW_CTX_DAG_ID=example_bash_operator
AIRFLOW_CTX_TASK_ID=this_will_skip
AIRFLOW_CTX_EXECUTION_DATE=2025-01-19T00:00:00+00:00
AIRFLOW_CTX_TRY_NUMBER=1
AIRFLOW_CTX_DAG_RUN_ID=scheduled__2025-01-19T00:00:00+00:00
[2025-01-20T21:18:01.049+0000] {subprocess.py:63} INFO - Tmp dir root location: 
 /tmp
[2025-01-20T21:18:01.051+0000] {subprocess.py:75} INFO - Running command: ['/bin/bash', '-c', 'echo "hello world"; exit 99;']
[2025-01-20T21:18:01.091+0000] {subprocess.py:86} INFO - Output:
[2025-01-20T21:18:01.095+0000] {subprocess.py:93} INFO - hello world
[2025-01-20T21:18:01.096+0000] {subprocess.py:97} INFO - Command exited with return code 99
[2025-01-20T21:18:01.099+0000] {taskinstance.py:1481} INFO - Bash command returned exit code 99. Skipping.
[2025-01-20T21:18:01.123+0000] {taskinstance.py:1406} INFO - Marking task as SKIPPED. dag_id=example_bash_operator, task_id=this_will_skip, execution_date=20250119T000000, start_date=20250120T211800, end_date=20250120T211801
[2025-01-20T21:18:01.191+0000] {local_task_job.py:164} INFO - Task exited with return code 0
[2025-01-20T21:18:01.243+0000] {local_task_job.py:273} INFO - 0 downstream tasks scheduled from follow-on schedule check
