[2025-01-27T04:26:33.634+0000] {taskinstance.py:1165} INFO - Dependencies all met for <TaskInstance: user_processing.extract_users manual__2025-01-27T04:26:31.700272+00:00 [queued]>
[2025-01-27T04:26:33.647+0000] {taskinstance.py:1165} INFO - Dependencies all met for <TaskInstance: user_processing.extract_users manual__2025-01-27T04:26:31.700272+00:00 [queued]>
[2025-01-27T04:26:33.648+0000] {taskinstance.py:1362} INFO - 
--------------------------------------------------------------------------------
[2025-01-27T04:26:33.648+0000] {taskinstance.py:1363} INFO - Starting attempt 1 of 1
[2025-01-27T04:26:33.649+0000] {taskinstance.py:1364} INFO - 
--------------------------------------------------------------------------------
[2025-01-27T04:26:33.666+0000] {taskinstance.py:1383} INFO - Executing <Task(SimpleHttpOperator): extract_users> on 2025-01-27 04:26:31.700272+00:00
[2025-01-27T04:26:33.673+0000] {standard_task_runner.py:55} INFO - Started process 7075 to run task
[2025-01-27T04:26:33.680+0000] {standard_task_runner.py:82} INFO - Running: ['***', 'tasks', 'run', 'user_processing', 'extract_users', 'manual__2025-01-27T04:26:31.700272+00:00', '--job-id', '22', '--raw', '--subdir', 'DAGS_FOLDER/user_processing.py', '--cfg-path', '/tmp/tmp1m94lz_g']
[2025-01-27T04:26:33.684+0000] {standard_task_runner.py:83} INFO - Job 22: Subtask extract_users
[2025-01-27T04:26:33.784+0000] {task_command.py:376} INFO - Running <TaskInstance: user_processing.extract_users manual__2025-01-27T04:26:31.700272+00:00 [running]> on host e298d0337d0c
[2025-01-27T04:26:33.872+0000] {taskinstance.py:1592} INFO - Exporting the following env vars:
AIRFLOW_CTX_DAG_OWNER=***
AIRFLOW_CTX_DAG_ID=user_processing
AIRFLOW_CTX_TASK_ID=extract_users
AIRFLOW_CTX_EXECUTION_DATE=2025-01-27T04:26:31.700272+00:00
AIRFLOW_CTX_TRY_NUMBER=1
AIRFLOW_CTX_DAG_RUN_ID=manual__2025-01-27T04:26:31.700272+00:00
[2025-01-27T04:26:33.873+0000] {http.py:121} INFO - Calling HTTP method
[2025-01-27T04:26:33.884+0000] {base.py:71} INFO - Using connection ID 'user_api' for task execution.
[2025-01-27T04:26:33.887+0000] {http.py:148} INFO - Sending 'GET' to url: https://randomuser.me/api/
[2025-01-27T04:26:34.045+0000] {http.py:125} INFO - {"results":[{"gender":"male","name":{"title":"Mr","first":"Christoffer","last":"Lidal"},"location":{"street":{"number":9073,"name":"Ulvenveien"},"city":"Skibotn","state":"Vest-Agder","country":"Norway","postcode":"7502","coordinates":{"latitude":"42.4042","longitude":"-90.6767"},"timezone":{"offset":"0:00","description":"Western Europe Time, London, Lisbon, Casablanca"}},"email":"christoffer.lidal@example.com","login":{"uuid":"277eebe8-3c32-4451-a228-c5aca37ef04b","username":"bluelion825","password":"bigdog","salt":"pWokruhB","md5":"62e68f99aa66759ed4f4dd8db1fb86d1","sha1":"7c7000bbcf2414beda3f6c6c233699b7e5bf7564","sha256":"a7b2603b535f94a133b02c40030c5f02ab629c822d98925856d5576c4d6b7dd7"},"dob":{"date":"1964-08-25T03:20:36.657Z","age":60},"registered":{"date":"2015-08-24T06:37:56.888Z","age":9},"phone":"61489027","cell":"48081947","id":{"name":"FN","value":"25086405582"},"picture":{"large":"https://randomuser.me/api/portraits/men/75.jpg","medium":"https://randomuser.me/api/portraits/med/men/75.jpg","thumbnail":"https://randomuser.me/api/portraits/thumb/men/75.jpg"},"nat":"NO"}],"info":{"seed":"4c65bc74cc55211a","results":1,"page":1,"version":"1.4"}}
[2025-01-27T04:26:34.070+0000] {taskinstance.py:1406} INFO - Marking task as SUCCESS. dag_id=user_processing, task_id=extract_users, execution_date=20250127T042631, start_date=20250127T042633, end_date=20250127T042634
[2025-01-27T04:26:34.091+0000] {local_task_job.py:164} INFO - Task exited with return code 0
[2025-01-27T04:26:34.118+0000] {local_task_job.py:273} INFO - 1 downstream tasks scheduled from follow-on schedule check
