[2025-01-27T04:15:30.017+0000] {taskinstance.py:1165} INFO - Dependencies all met for <TaskInstance: user_processing.extract_users manual__2025-01-27T04:15:28.076253+00:00 [queued]>
[2025-01-27T04:15:30.030+0000] {taskinstance.py:1165} INFO - Dependencies all met for <TaskInstance: user_processing.extract_users manual__2025-01-27T04:15:28.076253+00:00 [queued]>
[2025-01-27T04:15:30.030+0000] {taskinstance.py:1362} INFO - 
--------------------------------------------------------------------------------
[2025-01-27T04:15:30.031+0000] {taskinstance.py:1363} INFO - Starting attempt 1 of 1
[2025-01-27T04:15:30.031+0000] {taskinstance.py:1364} INFO - 
--------------------------------------------------------------------------------
[2025-01-27T04:15:30.048+0000] {taskinstance.py:1383} INFO - Executing <Task(SimpleHttpOperator): extract_users> on 2025-01-27 04:15:28.076253+00:00
[2025-01-27T04:15:30.053+0000] {standard_task_runner.py:55} INFO - Started process 6539 to run task
[2025-01-27T04:15:30.057+0000] {standard_task_runner.py:82} INFO - Running: ['***', 'tasks', 'run', 'user_processing', 'extract_users', 'manual__2025-01-27T04:15:28.076253+00:00', '--job-id', '15', '--raw', '--subdir', 'DAGS_FOLDER/user_processing.py', '--cfg-path', '/tmp/tmpi21bvm_j']
[2025-01-27T04:15:30.058+0000] {standard_task_runner.py:83} INFO - Job 15: Subtask extract_users
[2025-01-27T04:15:30.130+0000] {task_command.py:376} INFO - Running <TaskInstance: user_processing.extract_users manual__2025-01-27T04:15:28.076253+00:00 [running]> on host e298d0337d0c
[2025-01-27T04:15:30.215+0000] {taskinstance.py:1592} INFO - Exporting the following env vars:
AIRFLOW_CTX_DAG_OWNER=***
AIRFLOW_CTX_DAG_ID=user_processing
AIRFLOW_CTX_TASK_ID=extract_users
AIRFLOW_CTX_EXECUTION_DATE=2025-01-27T04:15:28.076253+00:00
AIRFLOW_CTX_TRY_NUMBER=1
AIRFLOW_CTX_DAG_RUN_ID=manual__2025-01-27T04:15:28.076253+00:00
[2025-01-27T04:15:30.216+0000] {http.py:121} INFO - Calling HTTP method
[2025-01-27T04:15:30.229+0000] {base.py:71} INFO - Using connection ID 'user_api' for task execution.
[2025-01-27T04:15:30.232+0000] {http.py:148} INFO - Sending 'GET' to url: https://randomuser.me/api/
[2025-01-27T04:15:30.567+0000] {http.py:125} INFO - {"results":[{"gender":"female","name":{"title":"Mrs","first":"Sara","last":"Pascual"},"location":{"street":{"number":9901,"name":"Calle de Ángel García"},"city":"Ferrol","state":"Comunidad Valenciana","country":"Spain","postcode":88220,"coordinates":{"latitude":"-31.2740","longitude":"52.0637"},"timezone":{"offset":"-10:00","description":"Hawaii"}},"email":"sara.pascual@example.com","login":{"uuid":"db71fb48-d90e-4b2e-a01e-e06c4e039765","username":"whitewolf112","password":"baritone","salt":"Lc5Si3la","md5":"9c4d7efff364bb609dbd18bb587d4ac1","sha1":"4455f52f6fd33c96a9533dab859573c4e62e2db7","sha256":"59003380f0ad88fe163e5158dce180447c8dfdd79d1aa94acffa2728bf09ef5e"},"dob":{"date":"1968-12-27T10:52:04.325Z","age":56},"registered":{"date":"2018-04-10T17:23:22.338Z","age":6},"phone":"980-264-433","cell":"631-657-061","id":{"name":"DNI","value":"69686132-R"},"picture":{"large":"https://randomuser.me/api/portraits/women/26.jpg","medium":"https://randomuser.me/api/portraits/med/women/26.jpg","thumbnail":"https://randomuser.me/api/portraits/thumb/women/26.jpg"},"nat":"ES"}],"info":{"seed":"19713f012cb4e4f5","results":1,"page":1,"version":"1.4"}}
[2025-01-27T04:15:30.599+0000] {taskinstance.py:1406} INFO - Marking task as SUCCESS. dag_id=user_processing, task_id=extract_users, execution_date=20250127T041528, start_date=20250127T041530, end_date=20250127T041530
[2025-01-27T04:15:30.631+0000] {local_task_job.py:164} INFO - Task exited with return code 0
[2025-01-27T04:15:30.655+0000] {local_task_job.py:273} INFO - 1 downstream tasks scheduled from follow-on schedule check
