[2025-01-27T04:22:24.014+0000] {taskinstance.py:1165} INFO - Dependencies all met for <TaskInstance: user_processing.extract_users manual__2025-01-27T04:22:21.652559+00:00 [queued]>
[2025-01-27T04:22:24.026+0000] {taskinstance.py:1165} INFO - Dependencies all met for <TaskInstance: user_processing.extract_users manual__2025-01-27T04:22:21.652559+00:00 [queued]>
[2025-01-27T04:22:24.027+0000] {taskinstance.py:1362} INFO - 
--------------------------------------------------------------------------------
[2025-01-27T04:22:24.027+0000] {taskinstance.py:1363} INFO - Starting attempt 1 of 1
[2025-01-27T04:22:24.028+0000] {taskinstance.py:1364} INFO - 
--------------------------------------------------------------------------------
[2025-01-27T04:22:24.043+0000] {taskinstance.py:1383} INFO - Executing <Task(SimpleHttpOperator): extract_users> on 2025-01-27 04:22:21.652559+00:00
[2025-01-27T04:22:24.049+0000] {standard_task_runner.py:55} INFO - Started process 6865 to run task
[2025-01-27T04:22:24.054+0000] {standard_task_runner.py:82} INFO - Running: ['***', 'tasks', 'run', 'user_processing', 'extract_users', 'manual__2025-01-27T04:22:21.652559+00:00', '--job-id', '19', '--raw', '--subdir', 'DAGS_FOLDER/user_processing.py', '--cfg-path', '/tmp/tmp4olm0y3c']
[2025-01-27T04:22:24.057+0000] {standard_task_runner.py:83} INFO - Job 19: Subtask extract_users
[2025-01-27T04:22:24.143+0000] {task_command.py:376} INFO - Running <TaskInstance: user_processing.extract_users manual__2025-01-27T04:22:21.652559+00:00 [running]> on host e298d0337d0c
[2025-01-27T04:22:24.229+0000] {taskinstance.py:1592} INFO - Exporting the following env vars:
AIRFLOW_CTX_DAG_OWNER=***
AIRFLOW_CTX_DAG_ID=user_processing
AIRFLOW_CTX_TASK_ID=extract_users
AIRFLOW_CTX_EXECUTION_DATE=2025-01-27T04:22:21.652559+00:00
AIRFLOW_CTX_TRY_NUMBER=1
AIRFLOW_CTX_DAG_RUN_ID=manual__2025-01-27T04:22:21.652559+00:00
[2025-01-27T04:22:24.230+0000] {http.py:121} INFO - Calling HTTP method
[2025-01-27T04:22:24.241+0000] {base.py:71} INFO - Using connection ID 'user_api' for task execution.
[2025-01-27T04:22:24.244+0000] {http.py:148} INFO - Sending 'GET' to url: https://randomuser.me/api/
[2025-01-27T04:22:24.412+0000] {http.py:125} INFO - {"results":[{"gender":"female","name":{"title":"Miss","first":"Yolanda","last":"Diaz"},"location":{"street":{"number":9705,"name":"Calle de Segovia"},"city":"Guadalajara","state":"La Rioja","country":"Spain","postcode":25809,"coordinates":{"latitude":"-35.5712","longitude":"138.2184"},"timezone":{"offset":"+5:45","description":"Kathmandu"}},"email":"yolanda.diaz@example.com","login":{"uuid":"f32cf95c-27c8-4265-9c21-d9479ccf14f3","username":"bigswan659","password":"business","salt":"BXGlzvMW","md5":"7a148987f8ba9901a90d90feda43b196","sha1":"e17d0fb14a592cbb77317129930912dfec652b19","sha256":"f2559a938fbde03e0fb6427437ce9b033790ae31375756d851ba06c9a9f8b750"},"dob":{"date":"1961-07-31T08:38:23.533Z","age":63},"registered":{"date":"2011-07-27T20:45:44.262Z","age":13},"phone":"987-902-926","cell":"677-247-016","id":{"name":"DNI","value":"94079885-E"},"picture":{"large":"https://randomuser.me/api/portraits/women/59.jpg","medium":"https://randomuser.me/api/portraits/med/women/59.jpg","thumbnail":"https://randomuser.me/api/portraits/thumb/women/59.jpg"},"nat":"ES"}],"info":{"seed":"fef408643afcccbb","results":1,"page":1,"version":"1.4"}}
[2025-01-27T04:22:24.437+0000] {taskinstance.py:1406} INFO - Marking task as SUCCESS. dag_id=user_processing, task_id=extract_users, execution_date=20250127T042221, start_date=20250127T042224, end_date=20250127T042224
[2025-01-27T04:22:24.469+0000] {local_task_job.py:164} INFO - Task exited with return code 0
[2025-01-27T04:22:24.501+0000] {local_task_job.py:273} INFO - 1 downstream tasks scheduled from follow-on schedule check
