[2025-01-20T21:18:03.400+0000] {taskinstance.py:1165} INFO - Dependencies all met for <TaskInstance: example_bash_operator.run_after_loop scheduled__2025-01-19T00:00:00+00:00 [queued]>
[2025-01-20T21:18:03.411+0000] {taskinstance.py:1165} INFO - Dependencies all met for <TaskInstance: example_bash_operator.run_after_loop scheduled__2025-01-19T00:00:00+00:00 [queued]>
[2025-01-20T21:18:03.412+0000] {taskinstance.py:1362} INFO - 
--------------------------------------------------------------------------------
[2025-01-20T21:18:03.413+0000] {taskinstance.py:1363} INFO - Starting attempt 1 of 1
[2025-01-20T21:18:03.414+0000] {taskinstance.py:1364} INFO - 
--------------------------------------------------------------------------------
[2025-01-20T21:18:03.432+0000] {taskinstance.py:1383} INFO - Executing <Task(BashOperator): run_after_loop> on 2025-01-19 00:00:00+00:00
[2025-01-20T21:18:03.438+0000] {standard_task_runner.py:55} INFO - Started process 5804 to run task
[2025-01-20T21:18:03.441+0000] {standard_task_runner.py:82} INFO - Running: ['***', 'tasks', 'run', 'example_bash_operator', 'run_after_loop', 'scheduled__2025-01-19T00:00:00+00:00', '--job-id', '8', '--raw', '--subdir', '/home/***/.local/lib/python3.7/site-packages/***/example_dags/example_bash_operator.py', '--cfg-path', '/tmp/tmpsv8s4n_n']
[2025-01-20T21:18:03.442+0000] {standard_task_runner.py:83} INFO - Job 8: Subtask run_after_loop
[2025-01-20T21:18:03.510+0000] {task_command.py:376} INFO - Running <TaskInstance: example_bash_operator.run_after_loop scheduled__2025-01-19T00:00:00+00:00 [running]> on host e298d0337d0c
[2025-01-20T21:18:03.591+0000] {taskinstance.py:1592} INFO - Exporting the following env vars:
AIRFLOW_CTX_DAG_OWNER=***
AIRFLOW_CTX_DAG_ID=example_bash_operator
AIRFLOW_CTX_TASK_ID=run_after_loop
AIRFLOW_CTX_EXECUTION_DATE=2025-01-19T00:00:00+00:00
AIRFLOW_CTX_TRY_NUMBER=1
AIRFLOW_CTX_DAG_RUN_ID=scheduled__2025-01-19T00:00:00+00:00
[2025-01-20T21:18:03.592+0000] {subprocess.py:63} INFO - Tmp dir root location: 
 /tmp
[2025-01-20T21:18:03.593+0000] {subprocess.py:75} INFO - Running command: ['/bin/bash', '-c', 'echo 1']
[2025-01-20T21:18:03.606+0000] {subprocess.py:86} INFO - Output:
[2025-01-20T21:18:03.608+0000] {subprocess.py:93} INFO - 1
[2025-01-20T21:18:03.609+0000] {subprocess.py:97} INFO - Command exited with return code 0
[2025-01-20T21:18:03.644+0000] {taskinstance.py:1406} INFO - Marking task as SUCCESS. dag_id=example_bash_operator, task_id=run_after_loop, execution_date=20250119T000000, start_date=20250120T211803, end_date=20250120T211803
[2025-01-20T21:18:03.694+0000] {local_task_job.py:164} INFO - Task exited with return code 0
[2025-01-20T21:18:03.717+0000] {local_task_job.py:273} INFO - 0 downstream tasks scheduled from follow-on schedule check
