[2025-01-23T19:50:40.881+0000] {processor.py:154} INFO - Started process (PID=45316) to work on /home/airflow/.local/lib/python3.7/site-packages/airflow/example_dags/example_dag_decorator.py
[2025-01-23T19:50:40.885+0000] {processor.py:756} INFO - Processing file /home/airflow/.local/lib/python3.7/site-packages/airflow/example_dags/example_dag_decorator.py for tasks to queue
[2025-01-23T19:50:40.887+0000] {logging_mixin.py:120} INFO - [2025-01-23T19:50:40.887+0000] {dagbag.py:537} INFO - Filling up the DagBag from /home/airflow/.local/lib/python3.7/site-packages/airflow/example_dags/example_dag_decorator.py
[2025-01-23T19:50:40.962+0000] {logging_mixin.py:120} INFO - [2025-01-23T19:50:40.962+0000] {taskmixin.py:205} WARNING - Dependency <Task(_PythonDecoratedOperator): prepare_email>, send_email already registered for DAG: example_dag_decorator
[2025-01-23T19:50:40.966+0000] {logging_mixin.py:120} INFO - [2025-01-23T19:50:40.965+0000] {taskmixin.py:205} WARNING - Dependency <Task(EmailOperator): send_email>, prepare_email already registered for DAG: example_dag_decorator
[2025-01-23T19:50:41.020+0000] {processor.py:766} INFO - DAG(s) dict_keys(['example_dag_decorator']) retrieved from /home/airflow/.local/lib/python3.7/site-packages/airflow/example_dags/example_dag_decorator.py
[2025-01-23T19:50:41.235+0000] {logging_mixin.py:120} INFO - [2025-01-23T19:50:41.235+0000] {dag.py:2585} INFO - Sync 1 DAGs
[2025-01-23T19:50:41.353+0000] {logging_mixin.py:120} INFO - [2025-01-23T19:50:41.353+0000] {dag.py:3340} INFO - Setting next_dagrun for example_dag_decorator to None, run_after=None
[2025-01-23T19:50:41.527+0000] {processor.py:176} INFO - Processing /home/airflow/.local/lib/python3.7/site-packages/airflow/example_dags/example_dag_decorator.py took 0.662 seconds
[2025-01-23T19:51:12.906+0000] {processor.py:154} INFO - Started process (PID=45371) to work on /home/airflow/.local/lib/python3.7/site-packages/airflow/example_dags/example_dag_decorator.py
[2025-01-23T19:51:12.914+0000] {processor.py:756} INFO - Processing file /home/airflow/.local/lib/python3.7/site-packages/airflow/example_dags/example_dag_decorator.py for tasks to queue
[2025-01-23T19:51:12.926+0000] {logging_mixin.py:120} INFO - [2025-01-23T19:51:12.926+0000] {dagbag.py:537} INFO - Filling up the DagBag from /home/airflow/.local/lib/python3.7/site-packages/airflow/example_dags/example_dag_decorator.py
[2025-01-23T19:51:13.047+0000] {logging_mixin.py:120} INFO - [2025-01-23T19:51:13.047+0000] {taskmixin.py:205} WARNING - Dependency <Task(_PythonDecoratedOperator): prepare_email>, send_email already registered for DAG: example_dag_decorator
[2025-01-23T19:51:13.052+0000] {logging_mixin.py:120} INFO - [2025-01-23T19:51:13.052+0000] {taskmixin.py:205} WARNING - Dependency <Task(EmailOperator): send_email>, prepare_email already registered for DAG: example_dag_decorator
[2025-01-23T19:51:13.158+0000] {processor.py:766} INFO - DAG(s) dict_keys(['example_dag_decorator']) retrieved from /home/airflow/.local/lib/python3.7/site-packages/airflow/example_dags/example_dag_decorator.py
[2025-01-23T19:51:13.890+0000] {logging_mixin.py:120} INFO - [2025-01-23T19:51:13.889+0000] {dag.py:2585} INFO - Sync 1 DAGs
[2025-01-23T19:51:14.076+0000] {logging_mixin.py:120} INFO - [2025-01-23T19:51:14.076+0000] {dag.py:3340} INFO - Setting next_dagrun for example_dag_decorator to None, run_after=None
[2025-01-23T19:51:14.247+0000] {processor.py:176} INFO - Processing /home/airflow/.local/lib/python3.7/site-packages/airflow/example_dags/example_dag_decorator.py took 1.373 seconds
[2025-01-23T19:51:45.635+0000] {processor.py:154} INFO - Started process (PID=45425) to work on /home/airflow/.local/lib/python3.7/site-packages/airflow/example_dags/example_dag_decorator.py
[2025-01-23T19:51:45.645+0000] {processor.py:756} INFO - Processing file /home/airflow/.local/lib/python3.7/site-packages/airflow/example_dags/example_dag_decorator.py for tasks to queue
[2025-01-23T19:51:45.650+0000] {logging_mixin.py:120} INFO - [2025-01-23T19:51:45.650+0000] {dagbag.py:537} INFO - Filling up the DagBag from /home/airflow/.local/lib/python3.7/site-packages/airflow/example_dags/example_dag_decorator.py
[2025-01-23T19:51:45.795+0000] {logging_mixin.py:120} INFO - [2025-01-23T19:51:45.794+0000] {taskmixin.py:205} WARNING - Dependency <Task(_PythonDecoratedOperator): prepare_email>, send_email already registered for DAG: example_dag_decorator
[2025-01-23T19:51:45.796+0000] {logging_mixin.py:120} INFO - [2025-01-23T19:51:45.796+0000] {taskmixin.py:205} WARNING - Dependency <Task(EmailOperator): send_email>, prepare_email already registered for DAG: example_dag_decorator
[2025-01-23T19:51:45.910+0000] {processor.py:766} INFO - DAG(s) dict_keys(['example_dag_decorator']) retrieved from /home/airflow/.local/lib/python3.7/site-packages/airflow/example_dags/example_dag_decorator.py
[2025-01-23T19:51:46.661+0000] {logging_mixin.py:120} INFO - [2025-01-23T19:51:46.661+0000] {dag.py:2585} INFO - Sync 1 DAGs
[2025-01-23T19:51:46.841+0000] {logging_mixin.py:120} INFO - [2025-01-23T19:51:46.840+0000] {dag.py:3340} INFO - Setting next_dagrun for example_dag_decorator to None, run_after=None
[2025-01-23T19:51:46.971+0000] {processor.py:176} INFO - Processing /home/airflow/.local/lib/python3.7/site-packages/airflow/example_dags/example_dag_decorator.py took 1.355 seconds
[2025-01-23T19:52:17.275+0000] {processor.py:154} INFO - Started process (PID=45470) to work on /home/airflow/.local/lib/python3.7/site-packages/airflow/example_dags/example_dag_decorator.py
[2025-01-23T19:52:17.277+0000] {processor.py:756} INFO - Processing file /home/airflow/.local/lib/python3.7/site-packages/airflow/example_dags/example_dag_decorator.py for tasks to queue
[2025-01-23T19:52:17.279+0000] {logging_mixin.py:120} INFO - [2025-01-23T19:52:17.279+0000] {dagbag.py:537} INFO - Filling up the DagBag from /home/airflow/.local/lib/python3.7/site-packages/airflow/example_dags/example_dag_decorator.py
[2025-01-23T19:52:17.389+0000] {logging_mixin.py:120} INFO - [2025-01-23T19:52:17.389+0000] {taskmixin.py:205} WARNING - Dependency <Task(_PythonDecoratedOperator): prepare_email>, send_email already registered for DAG: example_dag_decorator
[2025-01-23T19:52:17.390+0000] {logging_mixin.py:120} INFO - [2025-01-23T19:52:17.390+0000] {taskmixin.py:205} WARNING - Dependency <Task(EmailOperator): send_email>, prepare_email already registered for DAG: example_dag_decorator
[2025-01-23T19:52:17.499+0000] {processor.py:766} INFO - DAG(s) dict_keys(['example_dag_decorator']) retrieved from /home/airflow/.local/lib/python3.7/site-packages/airflow/example_dags/example_dag_decorator.py
[2025-01-23T19:52:18.052+0000] {logging_mixin.py:120} INFO - [2025-01-23T19:52:18.052+0000] {dag.py:2585} INFO - Sync 1 DAGs
[2025-01-23T19:52:18.228+0000] {logging_mixin.py:120} INFO - [2025-01-23T19:52:18.228+0000] {dag.py:3340} INFO - Setting next_dagrun for example_dag_decorator to None, run_after=None
[2025-01-23T19:52:18.342+0000] {processor.py:176} INFO - Processing /home/airflow/.local/lib/python3.7/site-packages/airflow/example_dags/example_dag_decorator.py took 1.084 seconds
[2025-01-23T19:52:48.571+0000] {processor.py:154} INFO - Started process (PID=45524) to work on /home/airflow/.local/lib/python3.7/site-packages/airflow/example_dags/example_dag_decorator.py
[2025-01-23T19:52:48.574+0000] {processor.py:756} INFO - Processing file /home/airflow/.local/lib/python3.7/site-packages/airflow/example_dags/example_dag_decorator.py for tasks to queue
[2025-01-23T19:52:48.577+0000] {logging_mixin.py:120} INFO - [2025-01-23T19:52:48.576+0000] {dagbag.py:537} INFO - Filling up the DagBag from /home/airflow/.local/lib/python3.7/site-packages/airflow/example_dags/example_dag_decorator.py
[2025-01-23T19:52:48.663+0000] {logging_mixin.py:120} INFO - [2025-01-23T19:52:48.663+0000] {taskmixin.py:205} WARNING - Dependency <Task(_PythonDecoratedOperator): prepare_email>, send_email already registered for DAG: example_dag_decorator
[2025-01-23T19:52:48.664+0000] {logging_mixin.py:120} INFO - [2025-01-23T19:52:48.664+0000] {taskmixin.py:205} WARNING - Dependency <Task(EmailOperator): send_email>, prepare_email already registered for DAG: example_dag_decorator
[2025-01-23T19:52:48.745+0000] {processor.py:766} INFO - DAG(s) dict_keys(['example_dag_decorator']) retrieved from /home/airflow/.local/lib/python3.7/site-packages/airflow/example_dags/example_dag_decorator.py
[2025-01-23T19:52:49.206+0000] {logging_mixin.py:120} INFO - [2025-01-23T19:52:49.206+0000] {dag.py:2585} INFO - Sync 1 DAGs
[2025-01-23T19:52:49.324+0000] {logging_mixin.py:120} INFO - [2025-01-23T19:52:49.324+0000] {dag.py:3340} INFO - Setting next_dagrun for example_dag_decorator to None, run_after=None
[2025-01-23T19:52:49.406+0000] {processor.py:176} INFO - Processing /home/airflow/.local/lib/python3.7/site-packages/airflow/example_dags/example_dag_decorator.py took 0.843 seconds
[2025-01-23T19:53:19.803+0000] {processor.py:154} INFO - Started process (PID=45586) to work on /home/airflow/.local/lib/python3.7/site-packages/airflow/example_dags/example_dag_decorator.py
[2025-01-23T19:53:19.805+0000] {processor.py:756} INFO - Processing file /home/airflow/.local/lib/python3.7/site-packages/airflow/example_dags/example_dag_decorator.py for tasks to queue
[2025-01-23T19:53:19.807+0000] {logging_mixin.py:120} INFO - [2025-01-23T19:53:19.807+0000] {dagbag.py:537} INFO - Filling up the DagBag from /home/airflow/.local/lib/python3.7/site-packages/airflow/example_dags/example_dag_decorator.py
[2025-01-23T19:53:19.847+0000] {logging_mixin.py:120} INFO - [2025-01-23T19:53:19.846+0000] {taskmixin.py:205} WARNING - Dependency <Task(_PythonDecoratedOperator): prepare_email>, send_email already registered for DAG: example_dag_decorator
[2025-01-23T19:53:19.848+0000] {logging_mixin.py:120} INFO - [2025-01-23T19:53:19.847+0000] {taskmixin.py:205} WARNING - Dependency <Task(EmailOperator): send_email>, prepare_email already registered for DAG: example_dag_decorator
[2025-01-23T19:53:19.878+0000] {processor.py:766} INFO - DAG(s) dict_keys(['example_dag_decorator']) retrieved from /home/airflow/.local/lib/python3.7/site-packages/airflow/example_dags/example_dag_decorator.py
[2025-01-23T19:53:20.068+0000] {logging_mixin.py:120} INFO - [2025-01-23T19:53:20.068+0000] {dag.py:2585} INFO - Sync 1 DAGs
[2025-01-23T19:53:20.109+0000] {logging_mixin.py:120} INFO - [2025-01-23T19:53:20.109+0000] {dag.py:3340} INFO - Setting next_dagrun for example_dag_decorator to None, run_after=None
[2025-01-23T19:53:20.151+0000] {processor.py:176} INFO - Processing /home/airflow/.local/lib/python3.7/site-packages/airflow/example_dags/example_dag_decorator.py took 0.354 seconds
[2025-01-23T19:53:50.624+0000] {processor.py:154} INFO - Started process (PID=45640) to work on /home/airflow/.local/lib/python3.7/site-packages/airflow/example_dags/example_dag_decorator.py
[2025-01-23T19:53:50.627+0000] {processor.py:756} INFO - Processing file /home/airflow/.local/lib/python3.7/site-packages/airflow/example_dags/example_dag_decorator.py for tasks to queue
[2025-01-23T19:53:50.629+0000] {logging_mixin.py:120} INFO - [2025-01-23T19:53:50.629+0000] {dagbag.py:537} INFO - Filling up the DagBag from /home/airflow/.local/lib/python3.7/site-packages/airflow/example_dags/example_dag_decorator.py
[2025-01-23T19:53:50.675+0000] {logging_mixin.py:120} INFO - [2025-01-23T19:53:50.675+0000] {taskmixin.py:205} WARNING - Dependency <Task(_PythonDecoratedOperator): prepare_email>, send_email already registered for DAG: example_dag_decorator
[2025-01-23T19:53:50.676+0000] {logging_mixin.py:120} INFO - [2025-01-23T19:53:50.676+0000] {taskmixin.py:205} WARNING - Dependency <Task(EmailOperator): send_email>, prepare_email already registered for DAG: example_dag_decorator
[2025-01-23T19:53:50.709+0000] {processor.py:766} INFO - DAG(s) dict_keys(['example_dag_decorator']) retrieved from /home/airflow/.local/lib/python3.7/site-packages/airflow/example_dags/example_dag_decorator.py
[2025-01-23T19:53:50.881+0000] {logging_mixin.py:120} INFO - [2025-01-23T19:53:50.881+0000] {dag.py:2585} INFO - Sync 1 DAGs
[2025-01-23T19:53:50.925+0000] {logging_mixin.py:120} INFO - [2025-01-23T19:53:50.925+0000] {dag.py:3340} INFO - Setting next_dagrun for example_dag_decorator to None, run_after=None
[2025-01-23T19:53:50.966+0000] {processor.py:176} INFO - Processing /home/airflow/.local/lib/python3.7/site-packages/airflow/example_dags/example_dag_decorator.py took 0.350 seconds
[2025-01-23T19:54:21.272+0000] {processor.py:154} INFO - Started process (PID=45694) to work on /home/airflow/.local/lib/python3.7/site-packages/airflow/example_dags/example_dag_decorator.py
[2025-01-23T19:54:21.275+0000] {processor.py:756} INFO - Processing file /home/airflow/.local/lib/python3.7/site-packages/airflow/example_dags/example_dag_decorator.py for tasks to queue
[2025-01-23T19:54:21.278+0000] {logging_mixin.py:120} INFO - [2025-01-23T19:54:21.278+0000] {dagbag.py:537} INFO - Filling up the DagBag from /home/airflow/.local/lib/python3.7/site-packages/airflow/example_dags/example_dag_decorator.py
[2025-01-23T19:54:21.340+0000] {logging_mixin.py:120} INFO - [2025-01-23T19:54:21.339+0000] {taskmixin.py:205} WARNING - Dependency <Task(_PythonDecoratedOperator): prepare_email>, send_email already registered for DAG: example_dag_decorator
[2025-01-23T19:54:21.342+0000] {logging_mixin.py:120} INFO - [2025-01-23T19:54:21.341+0000] {taskmixin.py:205} WARNING - Dependency <Task(EmailOperator): send_email>, prepare_email already registered for DAG: example_dag_decorator
[2025-01-23T19:54:21.385+0000] {processor.py:766} INFO - DAG(s) dict_keys(['example_dag_decorator']) retrieved from /home/airflow/.local/lib/python3.7/site-packages/airflow/example_dags/example_dag_decorator.py
[2025-01-23T19:54:21.588+0000] {logging_mixin.py:120} INFO - [2025-01-23T19:54:21.588+0000] {dag.py:2585} INFO - Sync 1 DAGs
[2025-01-23T19:54:21.650+0000] {logging_mixin.py:120} INFO - [2025-01-23T19:54:21.649+0000] {dag.py:3340} INFO - Setting next_dagrun for example_dag_decorator to None, run_after=None
[2025-01-23T19:54:21.684+0000] {processor.py:176} INFO - Processing /home/airflow/.local/lib/python3.7/site-packages/airflow/example_dags/example_dag_decorator.py took 0.423 seconds
[2025-01-23T19:54:52.045+0000] {processor.py:154} INFO - Started process (PID=45748) to work on /home/airflow/.local/lib/python3.7/site-packages/airflow/example_dags/example_dag_decorator.py
[2025-01-23T19:54:52.050+0000] {processor.py:756} INFO - Processing file /home/airflow/.local/lib/python3.7/site-packages/airflow/example_dags/example_dag_decorator.py for tasks to queue
[2025-01-23T19:54:52.054+0000] {logging_mixin.py:120} INFO - [2025-01-23T19:54:52.053+0000] {dagbag.py:537} INFO - Filling up the DagBag from /home/airflow/.local/lib/python3.7/site-packages/airflow/example_dags/example_dag_decorator.py
[2025-01-23T19:54:52.122+0000] {logging_mixin.py:120} INFO - [2025-01-23T19:54:52.122+0000] {taskmixin.py:205} WARNING - Dependency <Task(_PythonDecoratedOperator): prepare_email>, send_email already registered for DAG: example_dag_decorator
[2025-01-23T19:54:52.124+0000] {logging_mixin.py:120} INFO - [2025-01-23T19:54:52.123+0000] {taskmixin.py:205} WARNING - Dependency <Task(EmailOperator): send_email>, prepare_email already registered for DAG: example_dag_decorator
[2025-01-23T19:54:52.148+0000] {processor.py:766} INFO - DAG(s) dict_keys(['example_dag_decorator']) retrieved from /home/airflow/.local/lib/python3.7/site-packages/airflow/example_dags/example_dag_decorator.py
[2025-01-23T19:54:52.294+0000] {logging_mixin.py:120} INFO - [2025-01-23T19:54:52.294+0000] {dag.py:2585} INFO - Sync 1 DAGs
[2025-01-23T19:54:52.343+0000] {logging_mixin.py:120} INFO - [2025-01-23T19:54:52.342+0000] {dag.py:3340} INFO - Setting next_dagrun for example_dag_decorator to None, run_after=None
[2025-01-23T19:54:52.384+0000] {processor.py:176} INFO - Processing /home/airflow/.local/lib/python3.7/site-packages/airflow/example_dags/example_dag_decorator.py took 0.355 seconds
[2025-01-23T19:55:22.718+0000] {processor.py:154} INFO - Started process (PID=45812) to work on /home/airflow/.local/lib/python3.7/site-packages/airflow/example_dags/example_dag_decorator.py
[2025-01-23T19:55:22.721+0000] {processor.py:756} INFO - Processing file /home/airflow/.local/lib/python3.7/site-packages/airflow/example_dags/example_dag_decorator.py for tasks to queue
[2025-01-23T19:55:22.723+0000] {logging_mixin.py:120} INFO - [2025-01-23T19:55:22.722+0000] {dagbag.py:537} INFO - Filling up the DagBag from /home/airflow/.local/lib/python3.7/site-packages/airflow/example_dags/example_dag_decorator.py
[2025-01-23T19:55:22.787+0000] {logging_mixin.py:120} INFO - [2025-01-23T19:55:22.787+0000] {taskmixin.py:205} WARNING - Dependency <Task(_PythonDecoratedOperator): prepare_email>, send_email already registered for DAG: example_dag_decorator
[2025-01-23T19:55:22.788+0000] {logging_mixin.py:120} INFO - [2025-01-23T19:55:22.788+0000] {taskmixin.py:205} WARNING - Dependency <Task(EmailOperator): send_email>, prepare_email already registered for DAG: example_dag_decorator
[2025-01-23T19:55:22.833+0000] {processor.py:766} INFO - DAG(s) dict_keys(['example_dag_decorator']) retrieved from /home/airflow/.local/lib/python3.7/site-packages/airflow/example_dags/example_dag_decorator.py
[2025-01-23T19:55:23.108+0000] {logging_mixin.py:120} INFO - [2025-01-23T19:55:23.108+0000] {dag.py:2585} INFO - Sync 1 DAGs
[2025-01-23T19:55:23.164+0000] {logging_mixin.py:120} INFO - [2025-01-23T19:55:23.164+0000] {dag.py:3340} INFO - Setting next_dagrun for example_dag_decorator to None, run_after=None
[2025-01-23T19:55:23.204+0000] {processor.py:176} INFO - Processing /home/airflow/.local/lib/python3.7/site-packages/airflow/example_dags/example_dag_decorator.py took 0.499 seconds
[2025-01-23T19:55:53.545+0000] {processor.py:154} INFO - Started process (PID=45866) to work on /home/airflow/.local/lib/python3.7/site-packages/airflow/example_dags/example_dag_decorator.py
[2025-01-23T19:55:53.547+0000] {processor.py:756} INFO - Processing file /home/airflow/.local/lib/python3.7/site-packages/airflow/example_dags/example_dag_decorator.py for tasks to queue
[2025-01-23T19:55:53.555+0000] {logging_mixin.py:120} INFO - [2025-01-23T19:55:53.555+0000] {dagbag.py:537} INFO - Filling up the DagBag from /home/airflow/.local/lib/python3.7/site-packages/airflow/example_dags/example_dag_decorator.py
[2025-01-23T19:55:53.683+0000] {logging_mixin.py:120} INFO - [2025-01-23T19:55:53.673+0000] {taskmixin.py:205} WARNING - Dependency <Task(_PythonDecoratedOperator): prepare_email>, send_email already registered for DAG: example_dag_decorator
[2025-01-23T19:55:53.684+0000] {logging_mixin.py:120} INFO - [2025-01-23T19:55:53.684+0000] {taskmixin.py:205} WARNING - Dependency <Task(EmailOperator): send_email>, prepare_email already registered for DAG: example_dag_decorator
[2025-01-23T19:55:53.783+0000] {processor.py:766} INFO - DAG(s) dict_keys(['example_dag_decorator']) retrieved from /home/airflow/.local/lib/python3.7/site-packages/airflow/example_dags/example_dag_decorator.py
[2025-01-23T19:55:54.363+0000] {logging_mixin.py:120} INFO - [2025-01-23T19:55:54.362+0000] {dag.py:2585} INFO - Sync 1 DAGs
[2025-01-23T19:55:54.545+0000] {logging_mixin.py:120} INFO - [2025-01-23T19:55:54.544+0000] {dag.py:3340} INFO - Setting next_dagrun for example_dag_decorator to None, run_after=None
[2025-01-23T19:55:54.684+0000] {processor.py:176} INFO - Processing /home/airflow/.local/lib/python3.7/site-packages/airflow/example_dags/example_dag_decorator.py took 1.167 seconds
[2025-01-23T19:56:25.131+0000] {processor.py:154} INFO - Started process (PID=45920) to work on /home/airflow/.local/lib/python3.7/site-packages/airflow/example_dags/example_dag_decorator.py
[2025-01-23T19:56:25.136+0000] {processor.py:756} INFO - Processing file /home/airflow/.local/lib/python3.7/site-packages/airflow/example_dags/example_dag_decorator.py for tasks to queue
[2025-01-23T19:56:25.144+0000] {logging_mixin.py:120} INFO - [2025-01-23T19:56:25.144+0000] {dagbag.py:537} INFO - Filling up the DagBag from /home/airflow/.local/lib/python3.7/site-packages/airflow/example_dags/example_dag_decorator.py
[2025-01-23T19:56:25.248+0000] {logging_mixin.py:120} INFO - [2025-01-23T19:56:25.248+0000] {taskmixin.py:205} WARNING - Dependency <Task(_PythonDecoratedOperator): prepare_email>, send_email already registered for DAG: example_dag_decorator
[2025-01-23T19:56:25.262+0000] {logging_mixin.py:120} INFO - [2025-01-23T19:56:25.262+0000] {taskmixin.py:205} WARNING - Dependency <Task(EmailOperator): send_email>, prepare_email already registered for DAG: example_dag_decorator
[2025-01-23T19:56:25.365+0000] {processor.py:766} INFO - DAG(s) dict_keys(['example_dag_decorator']) retrieved from /home/airflow/.local/lib/python3.7/site-packages/airflow/example_dags/example_dag_decorator.py
[2025-01-23T19:56:25.766+0000] {logging_mixin.py:120} INFO - [2025-01-23T19:56:25.766+0000] {dag.py:2585} INFO - Sync 1 DAGs
[2025-01-23T19:56:25.843+0000] {logging_mixin.py:120} INFO - [2025-01-23T19:56:25.843+0000] {dag.py:3340} INFO - Setting next_dagrun for example_dag_decorator to None, run_after=None
[2025-01-23T19:56:25.910+0000] {processor.py:176} INFO - Processing /home/airflow/.local/lib/python3.7/site-packages/airflow/example_dags/example_dag_decorator.py took 0.787 seconds
[2025-01-23T19:56:56.164+0000] {processor.py:154} INFO - Started process (PID=45975) to work on /home/airflow/.local/lib/python3.7/site-packages/airflow/example_dags/example_dag_decorator.py
[2025-01-23T19:56:56.165+0000] {processor.py:756} INFO - Processing file /home/airflow/.local/lib/python3.7/site-packages/airflow/example_dags/example_dag_decorator.py for tasks to queue
[2025-01-23T19:56:56.167+0000] {logging_mixin.py:120} INFO - [2025-01-23T19:56:56.167+0000] {dagbag.py:537} INFO - Filling up the DagBag from /home/airflow/.local/lib/python3.7/site-packages/airflow/example_dags/example_dag_decorator.py
[2025-01-23T19:56:56.198+0000] {logging_mixin.py:120} INFO - [2025-01-23T19:56:56.198+0000] {taskmixin.py:205} WARNING - Dependency <Task(_PythonDecoratedOperator): prepare_email>, send_email already registered for DAG: example_dag_decorator
[2025-01-23T19:56:56.199+0000] {logging_mixin.py:120} INFO - [2025-01-23T19:56:56.199+0000] {taskmixin.py:205} WARNING - Dependency <Task(EmailOperator): send_email>, prepare_email already registered for DAG: example_dag_decorator
[2025-01-23T19:56:56.225+0000] {processor.py:766} INFO - DAG(s) dict_keys(['example_dag_decorator']) retrieved from /home/airflow/.local/lib/python3.7/site-packages/airflow/example_dags/example_dag_decorator.py
[2025-01-23T19:56:56.372+0000] {logging_mixin.py:120} INFO - [2025-01-23T19:56:56.372+0000] {dag.py:2585} INFO - Sync 1 DAGs
[2025-01-23T19:56:56.416+0000] {logging_mixin.py:120} INFO - [2025-01-23T19:56:56.416+0000] {dag.py:3340} INFO - Setting next_dagrun for example_dag_decorator to None, run_after=None
[2025-01-23T19:56:56.462+0000] {processor.py:176} INFO - Processing /home/airflow/.local/lib/python3.7/site-packages/airflow/example_dags/example_dag_decorator.py took 0.304 seconds
[2025-01-23T19:57:26.981+0000] {processor.py:154} INFO - Started process (PID=46038) to work on /home/airflow/.local/lib/python3.7/site-packages/airflow/example_dags/example_dag_decorator.py
[2025-01-23T19:57:26.985+0000] {processor.py:756} INFO - Processing file /home/airflow/.local/lib/python3.7/site-packages/airflow/example_dags/example_dag_decorator.py for tasks to queue
[2025-01-23T19:57:26.989+0000] {logging_mixin.py:120} INFO - [2025-01-23T19:57:26.987+0000] {dagbag.py:537} INFO - Filling up the DagBag from /home/airflow/.local/lib/python3.7/site-packages/airflow/example_dags/example_dag_decorator.py
[2025-01-23T19:57:27.055+0000] {logging_mixin.py:120} INFO - [2025-01-23T19:57:27.054+0000] {taskmixin.py:205} WARNING - Dependency <Task(_PythonDecoratedOperator): prepare_email>, send_email already registered for DAG: example_dag_decorator
[2025-01-23T19:57:27.056+0000] {logging_mixin.py:120} INFO - [2025-01-23T19:57:27.055+0000] {taskmixin.py:205} WARNING - Dependency <Task(EmailOperator): send_email>, prepare_email already registered for DAG: example_dag_decorator
[2025-01-23T19:57:27.091+0000] {processor.py:766} INFO - DAG(s) dict_keys(['example_dag_decorator']) retrieved from /home/airflow/.local/lib/python3.7/site-packages/airflow/example_dags/example_dag_decorator.py
[2025-01-23T19:57:27.361+0000] {logging_mixin.py:120} INFO - [2025-01-23T19:57:27.360+0000] {dag.py:2585} INFO - Sync 1 DAGs
[2025-01-23T19:57:27.429+0000] {logging_mixin.py:120} INFO - [2025-01-23T19:57:27.428+0000] {dag.py:3340} INFO - Setting next_dagrun for example_dag_decorator to None, run_after=None
[2025-01-23T19:57:27.475+0000] {processor.py:176} INFO - Processing /home/airflow/.local/lib/python3.7/site-packages/airflow/example_dags/example_dag_decorator.py took 0.503 seconds
[2025-01-23T19:57:57.707+0000] {processor.py:154} INFO - Started process (PID=46091) to work on /home/airflow/.local/lib/python3.7/site-packages/airflow/example_dags/example_dag_decorator.py
[2025-01-23T19:57:57.709+0000] {processor.py:756} INFO - Processing file /home/airflow/.local/lib/python3.7/site-packages/airflow/example_dags/example_dag_decorator.py for tasks to queue
[2025-01-23T19:57:57.711+0000] {logging_mixin.py:120} INFO - [2025-01-23T19:57:57.710+0000] {dagbag.py:537} INFO - Filling up the DagBag from /home/airflow/.local/lib/python3.7/site-packages/airflow/example_dags/example_dag_decorator.py
[2025-01-23T19:57:57.742+0000] {logging_mixin.py:120} INFO - [2025-01-23T19:57:57.742+0000] {taskmixin.py:205} WARNING - Dependency <Task(_PythonDecoratedOperator): prepare_email>, send_email already registered for DAG: example_dag_decorator
[2025-01-23T19:57:57.743+0000] {logging_mixin.py:120} INFO - [2025-01-23T19:57:57.743+0000] {taskmixin.py:205} WARNING - Dependency <Task(EmailOperator): send_email>, prepare_email already registered for DAG: example_dag_decorator
[2025-01-23T19:57:57.770+0000] {processor.py:766} INFO - DAG(s) dict_keys(['example_dag_decorator']) retrieved from /home/airflow/.local/lib/python3.7/site-packages/airflow/example_dags/example_dag_decorator.py
[2025-01-23T19:57:57.992+0000] {logging_mixin.py:120} INFO - [2025-01-23T19:57:57.992+0000] {dag.py:2585} INFO - Sync 1 DAGs
[2025-01-23T19:57:58.060+0000] {logging_mixin.py:120} INFO - [2025-01-23T19:57:58.060+0000] {dag.py:3340} INFO - Setting next_dagrun for example_dag_decorator to None, run_after=None
[2025-01-23T19:57:58.095+0000] {processor.py:176} INFO - Processing /home/airflow/.local/lib/python3.7/site-packages/airflow/example_dags/example_dag_decorator.py took 0.394 seconds
[2025-01-23T19:58:28.455+0000] {processor.py:154} INFO - Started process (PID=46145) to work on /home/airflow/.local/lib/python3.7/site-packages/airflow/example_dags/example_dag_decorator.py
[2025-01-23T19:58:28.457+0000] {processor.py:756} INFO - Processing file /home/airflow/.local/lib/python3.7/site-packages/airflow/example_dags/example_dag_decorator.py for tasks to queue
[2025-01-23T19:58:28.459+0000] {logging_mixin.py:120} INFO - [2025-01-23T19:58:28.459+0000] {dagbag.py:537} INFO - Filling up the DagBag from /home/airflow/.local/lib/python3.7/site-packages/airflow/example_dags/example_dag_decorator.py
[2025-01-23T19:58:28.500+0000] {logging_mixin.py:120} INFO - [2025-01-23T19:58:28.499+0000] {taskmixin.py:205} WARNING - Dependency <Task(_PythonDecoratedOperator): prepare_email>, send_email already registered for DAG: example_dag_decorator
[2025-01-23T19:58:28.501+0000] {logging_mixin.py:120} INFO - [2025-01-23T19:58:28.501+0000] {taskmixin.py:205} WARNING - Dependency <Task(EmailOperator): send_email>, prepare_email already registered for DAG: example_dag_decorator
[2025-01-23T19:58:28.531+0000] {processor.py:766} INFO - DAG(s) dict_keys(['example_dag_decorator']) retrieved from /home/airflow/.local/lib/python3.7/site-packages/airflow/example_dags/example_dag_decorator.py
[2025-01-23T19:58:28.766+0000] {logging_mixin.py:120} INFO - [2025-01-23T19:58:28.766+0000] {dag.py:2585} INFO - Sync 1 DAGs
[2025-01-23T19:58:28.822+0000] {logging_mixin.py:120} INFO - [2025-01-23T19:58:28.822+0000] {dag.py:3340} INFO - Setting next_dagrun for example_dag_decorator to None, run_after=None
[2025-01-23T19:58:28.857+0000] {processor.py:176} INFO - Processing /home/airflow/.local/lib/python3.7/site-packages/airflow/example_dags/example_dag_decorator.py took 0.412 seconds
[2025-01-23T19:58:58.968+0000] {processor.py:154} INFO - Started process (PID=46208) to work on /home/airflow/.local/lib/python3.7/site-packages/airflow/example_dags/example_dag_decorator.py
[2025-01-23T19:58:58.970+0000] {processor.py:756} INFO - Processing file /home/airflow/.local/lib/python3.7/site-packages/airflow/example_dags/example_dag_decorator.py for tasks to queue
[2025-01-23T19:58:58.972+0000] {logging_mixin.py:120} INFO - [2025-01-23T19:58:58.971+0000] {dagbag.py:537} INFO - Filling up the DagBag from /home/airflow/.local/lib/python3.7/site-packages/airflow/example_dags/example_dag_decorator.py
[2025-01-23T19:58:59.006+0000] {logging_mixin.py:120} INFO - [2025-01-23T19:58:59.006+0000] {taskmixin.py:205} WARNING - Dependency <Task(_PythonDecoratedOperator): prepare_email>, send_email already registered for DAG: example_dag_decorator
[2025-01-23T19:58:59.007+0000] {logging_mixin.py:120} INFO - [2025-01-23T19:58:59.007+0000] {taskmixin.py:205} WARNING - Dependency <Task(EmailOperator): send_email>, prepare_email already registered for DAG: example_dag_decorator
[2025-01-23T19:58:59.037+0000] {processor.py:766} INFO - DAG(s) dict_keys(['example_dag_decorator']) retrieved from /home/airflow/.local/lib/python3.7/site-packages/airflow/example_dags/example_dag_decorator.py
[2025-01-23T19:58:59.225+0000] {logging_mixin.py:120} INFO - [2025-01-23T19:58:59.225+0000] {dag.py:2585} INFO - Sync 1 DAGs
[2025-01-23T19:58:59.288+0000] {logging_mixin.py:120} INFO - [2025-01-23T19:58:59.287+0000] {dag.py:3340} INFO - Setting next_dagrun for example_dag_decorator to None, run_after=None
[2025-01-23T19:58:59.340+0000] {processor.py:176} INFO - Processing /home/airflow/.local/lib/python3.7/site-packages/airflow/example_dags/example_dag_decorator.py took 0.379 seconds
[2025-01-23T19:59:29.546+0000] {processor.py:154} INFO - Started process (PID=46262) to work on /home/airflow/.local/lib/python3.7/site-packages/airflow/example_dags/example_dag_decorator.py
[2025-01-23T19:59:29.551+0000] {processor.py:756} INFO - Processing file /home/airflow/.local/lib/python3.7/site-packages/airflow/example_dags/example_dag_decorator.py for tasks to queue
[2025-01-23T19:59:29.556+0000] {logging_mixin.py:120} INFO - [2025-01-23T19:59:29.556+0000] {dagbag.py:537} INFO - Filling up the DagBag from /home/airflow/.local/lib/python3.7/site-packages/airflow/example_dags/example_dag_decorator.py
[2025-01-23T19:59:29.604+0000] {logging_mixin.py:120} INFO - [2025-01-23T19:59:29.603+0000] {taskmixin.py:205} WARNING - Dependency <Task(_PythonDecoratedOperator): prepare_email>, send_email already registered for DAG: example_dag_decorator
[2025-01-23T19:59:29.605+0000] {logging_mixin.py:120} INFO - [2025-01-23T19:59:29.604+0000] {taskmixin.py:205} WARNING - Dependency <Task(EmailOperator): send_email>, prepare_email already registered for DAG: example_dag_decorator
[2025-01-23T19:59:29.643+0000] {processor.py:766} INFO - DAG(s) dict_keys(['example_dag_decorator']) retrieved from /home/airflow/.local/lib/python3.7/site-packages/airflow/example_dags/example_dag_decorator.py
[2025-01-23T19:59:29.853+0000] {logging_mixin.py:120} INFO - [2025-01-23T19:59:29.853+0000] {dag.py:2585} INFO - Sync 1 DAGs
[2025-01-23T19:59:29.932+0000] {logging_mixin.py:120} INFO - [2025-01-23T19:59:29.932+0000] {dag.py:3340} INFO - Setting next_dagrun for example_dag_decorator to None, run_after=None
[2025-01-23T19:59:29.984+0000] {processor.py:176} INFO - Processing /home/airflow/.local/lib/python3.7/site-packages/airflow/example_dags/example_dag_decorator.py took 0.447 seconds
[2025-01-23T20:00:00.576+0000] {processor.py:154} INFO - Started process (PID=46318) to work on /home/airflow/.local/lib/python3.7/site-packages/airflow/example_dags/example_dag_decorator.py
[2025-01-23T20:00:00.582+0000] {processor.py:756} INFO - Processing file /home/airflow/.local/lib/python3.7/site-packages/airflow/example_dags/example_dag_decorator.py for tasks to queue
[2025-01-23T20:00:00.587+0000] {logging_mixin.py:120} INFO - [2025-01-23T20:00:00.586+0000] {dagbag.py:537} INFO - Filling up the DagBag from /home/airflow/.local/lib/python3.7/site-packages/airflow/example_dags/example_dag_decorator.py
[2025-01-23T20:00:00.651+0000] {logging_mixin.py:120} INFO - [2025-01-23T20:00:00.650+0000] {taskmixin.py:205} WARNING - Dependency <Task(_PythonDecoratedOperator): prepare_email>, send_email already registered for DAG: example_dag_decorator
[2025-01-23T20:00:00.652+0000] {logging_mixin.py:120} INFO - [2025-01-23T20:00:00.651+0000] {taskmixin.py:205} WARNING - Dependency <Task(EmailOperator): send_email>, prepare_email already registered for DAG: example_dag_decorator
[2025-01-23T20:00:00.675+0000] {processor.py:766} INFO - DAG(s) dict_keys(['example_dag_decorator']) retrieved from /home/airflow/.local/lib/python3.7/site-packages/airflow/example_dags/example_dag_decorator.py
[2025-01-23T20:00:00.832+0000] {logging_mixin.py:120} INFO - [2025-01-23T20:00:00.831+0000] {dag.py:2585} INFO - Sync 1 DAGs
[2025-01-23T20:00:00.881+0000] {logging_mixin.py:120} INFO - [2025-01-23T20:00:00.881+0000] {dag.py:3340} INFO - Setting next_dagrun for example_dag_decorator to None, run_after=None
[2025-01-23T20:00:00.916+0000] {processor.py:176} INFO - Processing /home/airflow/.local/lib/python3.7/site-packages/airflow/example_dags/example_dag_decorator.py took 0.356 seconds
[2025-01-23T20:00:30.968+0000] {processor.py:154} INFO - Started process (PID=46381) to work on /home/airflow/.local/lib/python3.7/site-packages/airflow/example_dags/example_dag_decorator.py
[2025-01-23T20:00:30.970+0000] {processor.py:756} INFO - Processing file /home/airflow/.local/lib/python3.7/site-packages/airflow/example_dags/example_dag_decorator.py for tasks to queue
[2025-01-23T20:00:30.972+0000] {logging_mixin.py:120} INFO - [2025-01-23T20:00:30.971+0000] {dagbag.py:537} INFO - Filling up the DagBag from /home/airflow/.local/lib/python3.7/site-packages/airflow/example_dags/example_dag_decorator.py
[2025-01-23T20:00:31.001+0000] {logging_mixin.py:120} INFO - [2025-01-23T20:00:31.001+0000] {taskmixin.py:205} WARNING - Dependency <Task(_PythonDecoratedOperator): prepare_email>, send_email already registered for DAG: example_dag_decorator
[2025-01-23T20:00:31.002+0000] {logging_mixin.py:120} INFO - [2025-01-23T20:00:31.002+0000] {taskmixin.py:205} WARNING - Dependency <Task(EmailOperator): send_email>, prepare_email already registered for DAG: example_dag_decorator
[2025-01-23T20:00:31.026+0000] {processor.py:766} INFO - DAG(s) dict_keys(['example_dag_decorator']) retrieved from /home/airflow/.local/lib/python3.7/site-packages/airflow/example_dags/example_dag_decorator.py
[2025-01-23T20:00:31.224+0000] {logging_mixin.py:120} INFO - [2025-01-23T20:00:31.224+0000] {dag.py:2585} INFO - Sync 1 DAGs
[2025-01-23T20:00:31.277+0000] {logging_mixin.py:120} INFO - [2025-01-23T20:00:31.277+0000] {dag.py:3340} INFO - Setting next_dagrun for example_dag_decorator to None, run_after=None
[2025-01-23T20:00:31.317+0000] {processor.py:176} INFO - Processing /home/airflow/.local/lib/python3.7/site-packages/airflow/example_dags/example_dag_decorator.py took 0.354 seconds
[2025-01-23T20:01:01.566+0000] {processor.py:154} INFO - Started process (PID=46436) to work on /home/airflow/.local/lib/python3.7/site-packages/airflow/example_dags/example_dag_decorator.py
[2025-01-23T20:01:01.570+0000] {processor.py:756} INFO - Processing file /home/airflow/.local/lib/python3.7/site-packages/airflow/example_dags/example_dag_decorator.py for tasks to queue
[2025-01-23T20:01:01.575+0000] {logging_mixin.py:120} INFO - [2025-01-23T20:01:01.574+0000] {dagbag.py:537} INFO - Filling up the DagBag from /home/airflow/.local/lib/python3.7/site-packages/airflow/example_dags/example_dag_decorator.py
[2025-01-23T20:01:01.631+0000] {logging_mixin.py:120} INFO - [2025-01-23T20:01:01.631+0000] {taskmixin.py:205} WARNING - Dependency <Task(_PythonDecoratedOperator): prepare_email>, send_email already registered for DAG: example_dag_decorator
[2025-01-23T20:01:01.633+0000] {logging_mixin.py:120} INFO - [2025-01-23T20:01:01.633+0000] {taskmixin.py:205} WARNING - Dependency <Task(EmailOperator): send_email>, prepare_email already registered for DAG: example_dag_decorator
[2025-01-23T20:01:01.671+0000] {processor.py:766} INFO - DAG(s) dict_keys(['example_dag_decorator']) retrieved from /home/airflow/.local/lib/python3.7/site-packages/airflow/example_dags/example_dag_decorator.py
[2025-01-23T20:01:01.857+0000] {logging_mixin.py:120} INFO - [2025-01-23T20:01:01.857+0000] {dag.py:2585} INFO - Sync 1 DAGs
[2025-01-23T20:01:01.920+0000] {logging_mixin.py:120} INFO - [2025-01-23T20:01:01.920+0000] {dag.py:3340} INFO - Setting next_dagrun for example_dag_decorator to None, run_after=None
[2025-01-23T20:01:01.975+0000] {processor.py:176} INFO - Processing /home/airflow/.local/lib/python3.7/site-packages/airflow/example_dags/example_dag_decorator.py took 0.434 seconds
[2025-01-23T20:01:32.043+0000] {processor.py:154} INFO - Started process (PID=46499) to work on /home/airflow/.local/lib/python3.7/site-packages/airflow/example_dags/example_dag_decorator.py
[2025-01-23T20:01:32.044+0000] {processor.py:756} INFO - Processing file /home/airflow/.local/lib/python3.7/site-packages/airflow/example_dags/example_dag_decorator.py for tasks to queue
[2025-01-23T20:01:32.046+0000] {logging_mixin.py:120} INFO - [2025-01-23T20:01:32.046+0000] {dagbag.py:537} INFO - Filling up the DagBag from /home/airflow/.local/lib/python3.7/site-packages/airflow/example_dags/example_dag_decorator.py
[2025-01-23T20:01:32.079+0000] {logging_mixin.py:120} INFO - [2025-01-23T20:01:32.079+0000] {taskmixin.py:205} WARNING - Dependency <Task(_PythonDecoratedOperator): prepare_email>, send_email already registered for DAG: example_dag_decorator
[2025-01-23T20:01:32.080+0000] {logging_mixin.py:120} INFO - [2025-01-23T20:01:32.080+0000] {taskmixin.py:205} WARNING - Dependency <Task(EmailOperator): send_email>, prepare_email already registered for DAG: example_dag_decorator
[2025-01-23T20:01:32.117+0000] {processor.py:766} INFO - DAG(s) dict_keys(['example_dag_decorator']) retrieved from /home/airflow/.local/lib/python3.7/site-packages/airflow/example_dags/example_dag_decorator.py
[2025-01-23T20:01:32.362+0000] {logging_mixin.py:120} INFO - [2025-01-23T20:01:32.362+0000] {dag.py:2585} INFO - Sync 1 DAGs
[2025-01-23T20:01:32.424+0000] {logging_mixin.py:120} INFO - [2025-01-23T20:01:32.424+0000] {dag.py:3340} INFO - Setting next_dagrun for example_dag_decorator to None, run_after=None
[2025-01-23T20:01:32.468+0000] {processor.py:176} INFO - Processing /home/airflow/.local/lib/python3.7/site-packages/airflow/example_dags/example_dag_decorator.py took 0.431 seconds
[2025-01-23T20:02:02.701+0000] {processor.py:154} INFO - Started process (PID=46553) to work on /home/airflow/.local/lib/python3.7/site-packages/airflow/example_dags/example_dag_decorator.py
[2025-01-23T20:02:02.703+0000] {processor.py:756} INFO - Processing file /home/airflow/.local/lib/python3.7/site-packages/airflow/example_dags/example_dag_decorator.py for tasks to queue
[2025-01-23T20:02:02.705+0000] {logging_mixin.py:120} INFO - [2025-01-23T20:02:02.704+0000] {dagbag.py:537} INFO - Filling up the DagBag from /home/airflow/.local/lib/python3.7/site-packages/airflow/example_dags/example_dag_decorator.py
[2025-01-23T20:02:02.739+0000] {logging_mixin.py:120} INFO - [2025-01-23T20:02:02.739+0000] {taskmixin.py:205} WARNING - Dependency <Task(_PythonDecoratedOperator): prepare_email>, send_email already registered for DAG: example_dag_decorator
[2025-01-23T20:02:02.740+0000] {logging_mixin.py:120} INFO - [2025-01-23T20:02:02.740+0000] {taskmixin.py:205} WARNING - Dependency <Task(EmailOperator): send_email>, prepare_email already registered for DAG: example_dag_decorator
[2025-01-23T20:02:02.768+0000] {processor.py:766} INFO - DAG(s) dict_keys(['example_dag_decorator']) retrieved from /home/airflow/.local/lib/python3.7/site-packages/airflow/example_dags/example_dag_decorator.py
[2025-01-23T20:02:02.936+0000] {logging_mixin.py:120} INFO - [2025-01-23T20:02:02.936+0000] {dag.py:2585} INFO - Sync 1 DAGs
[2025-01-23T20:02:02.977+0000] {logging_mixin.py:120} INFO - [2025-01-23T20:02:02.977+0000] {dag.py:3340} INFO - Setting next_dagrun for example_dag_decorator to None, run_after=None
[2025-01-23T20:02:03.018+0000] {processor.py:176} INFO - Processing /home/airflow/.local/lib/python3.7/site-packages/airflow/example_dags/example_dag_decorator.py took 0.324 seconds
[2025-01-23T20:02:33.762+0000] {processor.py:154} INFO - Started process (PID=46607) to work on /home/airflow/.local/lib/python3.7/site-packages/airflow/example_dags/example_dag_decorator.py
[2025-01-23T20:02:33.766+0000] {processor.py:756} INFO - Processing file /home/airflow/.local/lib/python3.7/site-packages/airflow/example_dags/example_dag_decorator.py for tasks to queue
[2025-01-23T20:02:33.770+0000] {logging_mixin.py:120} INFO - [2025-01-23T20:02:33.770+0000] {dagbag.py:537} INFO - Filling up the DagBag from /home/airflow/.local/lib/python3.7/site-packages/airflow/example_dags/example_dag_decorator.py
[2025-01-23T20:02:33.854+0000] {logging_mixin.py:120} INFO - [2025-01-23T20:02:33.853+0000] {taskmixin.py:205} WARNING - Dependency <Task(_PythonDecoratedOperator): prepare_email>, send_email already registered for DAG: example_dag_decorator
[2025-01-23T20:02:33.856+0000] {logging_mixin.py:120} INFO - [2025-01-23T20:02:33.855+0000] {taskmixin.py:205} WARNING - Dependency <Task(EmailOperator): send_email>, prepare_email already registered for DAG: example_dag_decorator
[2025-01-23T20:02:33.922+0000] {processor.py:766} INFO - DAG(s) dict_keys(['example_dag_decorator']) retrieved from /home/airflow/.local/lib/python3.7/site-packages/airflow/example_dags/example_dag_decorator.py
[2025-01-23T20:02:34.159+0000] {logging_mixin.py:120} INFO - [2025-01-23T20:02:34.159+0000] {dag.py:2585} INFO - Sync 1 DAGs
[2025-01-23T20:02:34.201+0000] {logging_mixin.py:120} INFO - [2025-01-23T20:02:34.200+0000] {dag.py:3340} INFO - Setting next_dagrun for example_dag_decorator to None, run_after=None
[2025-01-23T20:02:34.241+0000] {processor.py:176} INFO - Processing /home/airflow/.local/lib/python3.7/site-packages/airflow/example_dags/example_dag_decorator.py took 0.492 seconds
[2025-01-23T20:03:04.771+0000] {processor.py:154} INFO - Started process (PID=46670) to work on /home/airflow/.local/lib/python3.7/site-packages/airflow/example_dags/example_dag_decorator.py
[2025-01-23T20:03:04.776+0000] {processor.py:756} INFO - Processing file /home/airflow/.local/lib/python3.7/site-packages/airflow/example_dags/example_dag_decorator.py for tasks to queue
[2025-01-23T20:03:04.780+0000] {logging_mixin.py:120} INFO - [2025-01-23T20:03:04.779+0000] {dagbag.py:537} INFO - Filling up the DagBag from /home/airflow/.local/lib/python3.7/site-packages/airflow/example_dags/example_dag_decorator.py
[2025-01-23T20:03:04.845+0000] {logging_mixin.py:120} INFO - [2025-01-23T20:03:04.845+0000] {taskmixin.py:205} WARNING - Dependency <Task(_PythonDecoratedOperator): prepare_email>, send_email already registered for DAG: example_dag_decorator
[2025-01-23T20:03:04.846+0000] {logging_mixin.py:120} INFO - [2025-01-23T20:03:04.846+0000] {taskmixin.py:205} WARNING - Dependency <Task(EmailOperator): send_email>, prepare_email already registered for DAG: example_dag_decorator
[2025-01-23T20:03:04.882+0000] {processor.py:766} INFO - DAG(s) dict_keys(['example_dag_decorator']) retrieved from /home/airflow/.local/lib/python3.7/site-packages/airflow/example_dags/example_dag_decorator.py
[2025-01-23T20:03:05.068+0000] {logging_mixin.py:120} INFO - [2025-01-23T20:03:05.068+0000] {dag.py:2585} INFO - Sync 1 DAGs
[2025-01-23T20:03:05.111+0000] {logging_mixin.py:120} INFO - [2025-01-23T20:03:05.111+0000] {dag.py:3340} INFO - Setting next_dagrun for example_dag_decorator to None, run_after=None
[2025-01-23T20:03:05.155+0000] {processor.py:176} INFO - Processing /home/airflow/.local/lib/python3.7/site-packages/airflow/example_dags/example_dag_decorator.py took 0.404 seconds
[2025-01-23T20:03:35.460+0000] {processor.py:154} INFO - Started process (PID=46723) to work on /home/airflow/.local/lib/python3.7/site-packages/airflow/example_dags/example_dag_decorator.py
[2025-01-23T20:03:35.462+0000] {processor.py:756} INFO - Processing file /home/airflow/.local/lib/python3.7/site-packages/airflow/example_dags/example_dag_decorator.py for tasks to queue
[2025-01-23T20:03:35.464+0000] {logging_mixin.py:120} INFO - [2025-01-23T20:03:35.464+0000] {dagbag.py:537} INFO - Filling up the DagBag from /home/airflow/.local/lib/python3.7/site-packages/airflow/example_dags/example_dag_decorator.py
[2025-01-23T20:03:35.500+0000] {logging_mixin.py:120} INFO - [2025-01-23T20:03:35.499+0000] {taskmixin.py:205} WARNING - Dependency <Task(_PythonDecoratedOperator): prepare_email>, send_email already registered for DAG: example_dag_decorator
[2025-01-23T20:03:35.501+0000] {logging_mixin.py:120} INFO - [2025-01-23T20:03:35.501+0000] {taskmixin.py:205} WARNING - Dependency <Task(EmailOperator): send_email>, prepare_email already registered for DAG: example_dag_decorator
[2025-01-23T20:03:35.523+0000] {processor.py:766} INFO - DAG(s) dict_keys(['example_dag_decorator']) retrieved from /home/airflow/.local/lib/python3.7/site-packages/airflow/example_dags/example_dag_decorator.py
[2025-01-23T20:03:35.668+0000] {logging_mixin.py:120} INFO - [2025-01-23T20:03:35.668+0000] {dag.py:2585} INFO - Sync 1 DAGs
[2025-01-23T20:03:35.709+0000] {logging_mixin.py:120} INFO - [2025-01-23T20:03:35.708+0000] {dag.py:3340} INFO - Setting next_dagrun for example_dag_decorator to None, run_after=None
[2025-01-23T20:03:35.744+0000] {processor.py:176} INFO - Processing /home/airflow/.local/lib/python3.7/site-packages/airflow/example_dags/example_dag_decorator.py took 0.295 seconds
[2025-01-23T20:04:06.203+0000] {processor.py:154} INFO - Started process (PID=46786) to work on /home/airflow/.local/lib/python3.7/site-packages/airflow/example_dags/example_dag_decorator.py
[2025-01-23T20:04:06.205+0000] {processor.py:756} INFO - Processing file /home/airflow/.local/lib/python3.7/site-packages/airflow/example_dags/example_dag_decorator.py for tasks to queue
[2025-01-23T20:04:06.207+0000] {logging_mixin.py:120} INFO - [2025-01-23T20:04:06.207+0000] {dagbag.py:537} INFO - Filling up the DagBag from /home/airflow/.local/lib/python3.7/site-packages/airflow/example_dags/example_dag_decorator.py
[2025-01-23T20:04:06.250+0000] {logging_mixin.py:120} INFO - [2025-01-23T20:04:06.249+0000] {taskmixin.py:205} WARNING - Dependency <Task(_PythonDecoratedOperator): prepare_email>, send_email already registered for DAG: example_dag_decorator
[2025-01-23T20:04:06.251+0000] {logging_mixin.py:120} INFO - [2025-01-23T20:04:06.250+0000] {taskmixin.py:205} WARNING - Dependency <Task(EmailOperator): send_email>, prepare_email already registered for DAG: example_dag_decorator
[2025-01-23T20:04:06.282+0000] {processor.py:766} INFO - DAG(s) dict_keys(['example_dag_decorator']) retrieved from /home/airflow/.local/lib/python3.7/site-packages/airflow/example_dags/example_dag_decorator.py
[2025-01-23T20:04:06.432+0000] {logging_mixin.py:120} INFO - [2025-01-23T20:04:06.432+0000] {dag.py:2585} INFO - Sync 1 DAGs
[2025-01-23T20:04:06.483+0000] {logging_mixin.py:120} INFO - [2025-01-23T20:04:06.482+0000] {dag.py:3340} INFO - Setting next_dagrun for example_dag_decorator to None, run_after=None
[2025-01-23T20:04:06.522+0000] {processor.py:176} INFO - Processing /home/airflow/.local/lib/python3.7/site-packages/airflow/example_dags/example_dag_decorator.py took 0.327 seconds
[2025-01-23T20:04:36.702+0000] {processor.py:154} INFO - Started process (PID=46840) to work on /home/airflow/.local/lib/python3.7/site-packages/airflow/example_dags/example_dag_decorator.py
[2025-01-23T20:04:36.706+0000] {processor.py:756} INFO - Processing file /home/airflow/.local/lib/python3.7/site-packages/airflow/example_dags/example_dag_decorator.py for tasks to queue
[2025-01-23T20:04:36.710+0000] {logging_mixin.py:120} INFO - [2025-01-23T20:04:36.709+0000] {dagbag.py:537} INFO - Filling up the DagBag from /home/airflow/.local/lib/python3.7/site-packages/airflow/example_dags/example_dag_decorator.py
[2025-01-23T20:04:36.803+0000] {logging_mixin.py:120} INFO - [2025-01-23T20:04:36.802+0000] {taskmixin.py:205} WARNING - Dependency <Task(_PythonDecoratedOperator): prepare_email>, send_email already registered for DAG: example_dag_decorator
[2025-01-23T20:04:36.806+0000] {logging_mixin.py:120} INFO - [2025-01-23T20:04:36.805+0000] {taskmixin.py:205} WARNING - Dependency <Task(EmailOperator): send_email>, prepare_email already registered for DAG: example_dag_decorator
[2025-01-23T20:04:36.855+0000] {processor.py:766} INFO - DAG(s) dict_keys(['example_dag_decorator']) retrieved from /home/airflow/.local/lib/python3.7/site-packages/airflow/example_dags/example_dag_decorator.py
[2025-01-23T20:04:37.058+0000] {logging_mixin.py:120} INFO - [2025-01-23T20:04:37.057+0000] {dag.py:2585} INFO - Sync 1 DAGs
[2025-01-23T20:04:37.122+0000] {logging_mixin.py:120} INFO - [2025-01-23T20:04:37.122+0000] {dag.py:3340} INFO - Setting next_dagrun for example_dag_decorator to None, run_after=None
[2025-01-23T20:04:37.168+0000] {processor.py:176} INFO - Processing /home/airflow/.local/lib/python3.7/site-packages/airflow/example_dags/example_dag_decorator.py took 0.490 seconds
[2025-01-23T20:05:07.307+0000] {processor.py:154} INFO - Started process (PID=46901) to work on /home/airflow/.local/lib/python3.7/site-packages/airflow/example_dags/example_dag_decorator.py
[2025-01-23T20:05:07.309+0000] {processor.py:756} INFO - Processing file /home/airflow/.local/lib/python3.7/site-packages/airflow/example_dags/example_dag_decorator.py for tasks to queue
[2025-01-23T20:05:07.311+0000] {logging_mixin.py:120} INFO - [2025-01-23T20:05:07.310+0000] {dagbag.py:537} INFO - Filling up the DagBag from /home/airflow/.local/lib/python3.7/site-packages/airflow/example_dags/example_dag_decorator.py
[2025-01-23T20:05:07.351+0000] {logging_mixin.py:120} INFO - [2025-01-23T20:05:07.351+0000] {taskmixin.py:205} WARNING - Dependency <Task(_PythonDecoratedOperator): prepare_email>, send_email already registered for DAG: example_dag_decorator
[2025-01-23T20:05:07.352+0000] {logging_mixin.py:120} INFO - [2025-01-23T20:05:07.352+0000] {taskmixin.py:205} WARNING - Dependency <Task(EmailOperator): send_email>, prepare_email already registered for DAG: example_dag_decorator
[2025-01-23T20:05:07.389+0000] {processor.py:766} INFO - DAG(s) dict_keys(['example_dag_decorator']) retrieved from /home/airflow/.local/lib/python3.7/site-packages/airflow/example_dags/example_dag_decorator.py
[2025-01-23T20:05:07.569+0000] {logging_mixin.py:120} INFO - [2025-01-23T20:05:07.568+0000] {dag.py:2585} INFO - Sync 1 DAGs
[2025-01-23T20:05:07.618+0000] {logging_mixin.py:120} INFO - [2025-01-23T20:05:07.617+0000] {dag.py:3340} INFO - Setting next_dagrun for example_dag_decorator to None, run_after=None
[2025-01-23T20:05:07.653+0000] {processor.py:176} INFO - Processing /home/airflow/.local/lib/python3.7/site-packages/airflow/example_dags/example_dag_decorator.py took 0.353 seconds
[2025-01-23T20:05:38.050+0000] {processor.py:154} INFO - Started process (PID=46958) to work on /home/airflow/.local/lib/python3.7/site-packages/airflow/example_dags/example_dag_decorator.py
[2025-01-23T20:05:38.052+0000] {processor.py:756} INFO - Processing file /home/airflow/.local/lib/python3.7/site-packages/airflow/example_dags/example_dag_decorator.py for tasks to queue
[2025-01-23T20:05:38.054+0000] {logging_mixin.py:120} INFO - [2025-01-23T20:05:38.053+0000] {dagbag.py:537} INFO - Filling up the DagBag from /home/airflow/.local/lib/python3.7/site-packages/airflow/example_dags/example_dag_decorator.py
[2025-01-23T20:05:38.090+0000] {logging_mixin.py:120} INFO - [2025-01-23T20:05:38.089+0000] {taskmixin.py:205} WARNING - Dependency <Task(_PythonDecoratedOperator): prepare_email>, send_email already registered for DAG: example_dag_decorator
[2025-01-23T20:05:38.091+0000] {logging_mixin.py:120} INFO - [2025-01-23T20:05:38.091+0000] {taskmixin.py:205} WARNING - Dependency <Task(EmailOperator): send_email>, prepare_email already registered for DAG: example_dag_decorator
[2025-01-23T20:05:38.122+0000] {processor.py:766} INFO - DAG(s) dict_keys(['example_dag_decorator']) retrieved from /home/airflow/.local/lib/python3.7/site-packages/airflow/example_dags/example_dag_decorator.py
[2025-01-23T20:05:38.323+0000] {logging_mixin.py:120} INFO - [2025-01-23T20:05:38.323+0000] {dag.py:2585} INFO - Sync 1 DAGs
[2025-01-23T20:05:38.399+0000] {logging_mixin.py:120} INFO - [2025-01-23T20:05:38.398+0000] {dag.py:3340} INFO - Setting next_dagrun for example_dag_decorator to None, run_after=None
[2025-01-23T20:05:38.464+0000] {processor.py:176} INFO - Processing /home/airflow/.local/lib/python3.7/site-packages/airflow/example_dags/example_dag_decorator.py took 0.422 seconds
[2025-01-23T20:06:08.777+0000] {processor.py:154} INFO - Started process (PID=47012) to work on /home/airflow/.local/lib/python3.7/site-packages/airflow/example_dags/example_dag_decorator.py
[2025-01-23T20:06:08.778+0000] {processor.py:756} INFO - Processing file /home/airflow/.local/lib/python3.7/site-packages/airflow/example_dags/example_dag_decorator.py for tasks to queue
[2025-01-23T20:06:08.780+0000] {logging_mixin.py:120} INFO - [2025-01-23T20:06:08.779+0000] {dagbag.py:537} INFO - Filling up the DagBag from /home/airflow/.local/lib/python3.7/site-packages/airflow/example_dags/example_dag_decorator.py
[2025-01-23T20:06:08.806+0000] {logging_mixin.py:120} INFO - [2025-01-23T20:06:08.806+0000] {taskmixin.py:205} WARNING - Dependency <Task(_PythonDecoratedOperator): prepare_email>, send_email already registered for DAG: example_dag_decorator
[2025-01-23T20:06:08.807+0000] {logging_mixin.py:120} INFO - [2025-01-23T20:06:08.807+0000] {taskmixin.py:205} WARNING - Dependency <Task(EmailOperator): send_email>, prepare_email already registered for DAG: example_dag_decorator
[2025-01-23T20:06:08.835+0000] {processor.py:766} INFO - DAG(s) dict_keys(['example_dag_decorator']) retrieved from /home/airflow/.local/lib/python3.7/site-packages/airflow/example_dags/example_dag_decorator.py
[2025-01-23T20:06:08.981+0000] {logging_mixin.py:120} INFO - [2025-01-23T20:06:08.980+0000] {dag.py:2585} INFO - Sync 1 DAGs
[2025-01-23T20:06:09.017+0000] {logging_mixin.py:120} INFO - [2025-01-23T20:06:09.017+0000] {dag.py:3340} INFO - Setting next_dagrun for example_dag_decorator to None, run_after=None
[2025-01-23T20:06:09.048+0000] {processor.py:176} INFO - Processing /home/airflow/.local/lib/python3.7/site-packages/airflow/example_dags/example_dag_decorator.py took 0.277 seconds
[2025-01-23T20:06:39.751+0000] {processor.py:154} INFO - Started process (PID=47074) to work on /home/airflow/.local/lib/python3.7/site-packages/airflow/example_dags/example_dag_decorator.py
[2025-01-23T20:06:39.756+0000] {processor.py:756} INFO - Processing file /home/airflow/.local/lib/python3.7/site-packages/airflow/example_dags/example_dag_decorator.py for tasks to queue
[2025-01-23T20:06:39.759+0000] {logging_mixin.py:120} INFO - [2025-01-23T20:06:39.759+0000] {dagbag.py:537} INFO - Filling up the DagBag from /home/airflow/.local/lib/python3.7/site-packages/airflow/example_dags/example_dag_decorator.py
[2025-01-23T20:06:39.837+0000] {logging_mixin.py:120} INFO - [2025-01-23T20:06:39.837+0000] {taskmixin.py:205} WARNING - Dependency <Task(_PythonDecoratedOperator): prepare_email>, send_email already registered for DAG: example_dag_decorator
[2025-01-23T20:06:39.839+0000] {logging_mixin.py:120} INFO - [2025-01-23T20:06:39.839+0000] {taskmixin.py:205} WARNING - Dependency <Task(EmailOperator): send_email>, prepare_email already registered for DAG: example_dag_decorator
[2025-01-23T20:06:39.899+0000] {processor.py:766} INFO - DAG(s) dict_keys(['example_dag_decorator']) retrieved from /home/airflow/.local/lib/python3.7/site-packages/airflow/example_dags/example_dag_decorator.py
[2025-01-23T20:06:40.130+0000] {logging_mixin.py:120} INFO - [2025-01-23T20:06:40.130+0000] {dag.py:2585} INFO - Sync 1 DAGs
[2025-01-23T20:06:40.173+0000] {logging_mixin.py:120} INFO - [2025-01-23T20:06:40.173+0000] {dag.py:3340} INFO - Setting next_dagrun for example_dag_decorator to None, run_after=None
[2025-01-23T20:06:40.207+0000] {processor.py:176} INFO - Processing /home/airflow/.local/lib/python3.7/site-packages/airflow/example_dags/example_dag_decorator.py took 0.476 seconds
[2025-01-23T20:07:11.103+0000] {processor.py:154} INFO - Started process (PID=47128) to work on /home/airflow/.local/lib/python3.7/site-packages/airflow/example_dags/example_dag_decorator.py
[2025-01-23T20:07:11.108+0000] {processor.py:756} INFO - Processing file /home/airflow/.local/lib/python3.7/site-packages/airflow/example_dags/example_dag_decorator.py for tasks to queue
[2025-01-23T20:07:11.112+0000] {logging_mixin.py:120} INFO - [2025-01-23T20:07:11.111+0000] {dagbag.py:537} INFO - Filling up the DagBag from /home/airflow/.local/lib/python3.7/site-packages/airflow/example_dags/example_dag_decorator.py
[2025-01-23T20:07:11.187+0000] {logging_mixin.py:120} INFO - [2025-01-23T20:07:11.187+0000] {taskmixin.py:205} WARNING - Dependency <Task(_PythonDecoratedOperator): prepare_email>, send_email already registered for DAG: example_dag_decorator
[2025-01-23T20:07:11.189+0000] {logging_mixin.py:120} INFO - [2025-01-23T20:07:11.189+0000] {taskmixin.py:205} WARNING - Dependency <Task(EmailOperator): send_email>, prepare_email already registered for DAG: example_dag_decorator
[2025-01-23T20:07:11.249+0000] {processor.py:766} INFO - DAG(s) dict_keys(['example_dag_decorator']) retrieved from /home/airflow/.local/lib/python3.7/site-packages/airflow/example_dags/example_dag_decorator.py
[2025-01-23T20:07:11.429+0000] {logging_mixin.py:120} INFO - [2025-01-23T20:07:11.429+0000] {dag.py:2585} INFO - Sync 1 DAGs
[2025-01-23T20:07:11.514+0000] {logging_mixin.py:120} INFO - [2025-01-23T20:07:11.514+0000] {dag.py:3340} INFO - Setting next_dagrun for example_dag_decorator to None, run_after=None
[2025-01-23T20:07:11.546+0000] {processor.py:176} INFO - Processing /home/airflow/.local/lib/python3.7/site-packages/airflow/example_dags/example_dag_decorator.py took 0.459 seconds
[2025-01-23T20:07:42.382+0000] {processor.py:154} INFO - Started process (PID=47191) to work on /home/airflow/.local/lib/python3.7/site-packages/airflow/example_dags/example_dag_decorator.py
[2025-01-23T20:07:42.386+0000] {processor.py:756} INFO - Processing file /home/airflow/.local/lib/python3.7/site-packages/airflow/example_dags/example_dag_decorator.py for tasks to queue
[2025-01-23T20:07:42.389+0000] {logging_mixin.py:120} INFO - [2025-01-23T20:07:42.389+0000] {dagbag.py:537} INFO - Filling up the DagBag from /home/airflow/.local/lib/python3.7/site-packages/airflow/example_dags/example_dag_decorator.py
[2025-01-23T20:07:42.447+0000] {logging_mixin.py:120} INFO - [2025-01-23T20:07:42.447+0000] {taskmixin.py:205} WARNING - Dependency <Task(_PythonDecoratedOperator): prepare_email>, send_email already registered for DAG: example_dag_decorator
[2025-01-23T20:07:42.449+0000] {logging_mixin.py:120} INFO - [2025-01-23T20:07:42.448+0000] {taskmixin.py:205} WARNING - Dependency <Task(EmailOperator): send_email>, prepare_email already registered for DAG: example_dag_decorator
[2025-01-23T20:07:42.516+0000] {processor.py:766} INFO - DAG(s) dict_keys(['example_dag_decorator']) retrieved from /home/airflow/.local/lib/python3.7/site-packages/airflow/example_dags/example_dag_decorator.py
[2025-01-23T20:07:42.665+0000] {logging_mixin.py:120} INFO - [2025-01-23T20:07:42.665+0000] {dag.py:2585} INFO - Sync 1 DAGs
[2025-01-23T20:07:42.707+0000] {logging_mixin.py:120} INFO - [2025-01-23T20:07:42.707+0000] {dag.py:3340} INFO - Setting next_dagrun for example_dag_decorator to None, run_after=None
[2025-01-23T20:07:42.740+0000] {processor.py:176} INFO - Processing /home/airflow/.local/lib/python3.7/site-packages/airflow/example_dags/example_dag_decorator.py took 0.370 seconds
[2025-01-23T20:08:13.516+0000] {processor.py:154} INFO - Started process (PID=47244) to work on /home/airflow/.local/lib/python3.7/site-packages/airflow/example_dags/example_dag_decorator.py
[2025-01-23T20:08:13.520+0000] {processor.py:756} INFO - Processing file /home/airflow/.local/lib/python3.7/site-packages/airflow/example_dags/example_dag_decorator.py for tasks to queue
[2025-01-23T20:08:13.524+0000] {logging_mixin.py:120} INFO - [2025-01-23T20:08:13.523+0000] {dagbag.py:537} INFO - Filling up the DagBag from /home/airflow/.local/lib/python3.7/site-packages/airflow/example_dags/example_dag_decorator.py
[2025-01-23T20:08:13.590+0000] {logging_mixin.py:120} INFO - [2025-01-23T20:08:13.589+0000] {taskmixin.py:205} WARNING - Dependency <Task(_PythonDecoratedOperator): prepare_email>, send_email already registered for DAG: example_dag_decorator
[2025-01-23T20:08:13.592+0000] {logging_mixin.py:120} INFO - [2025-01-23T20:08:13.592+0000] {taskmixin.py:205} WARNING - Dependency <Task(EmailOperator): send_email>, prepare_email already registered for DAG: example_dag_decorator
[2025-01-23T20:08:13.652+0000] {processor.py:766} INFO - DAG(s) dict_keys(['example_dag_decorator']) retrieved from /home/airflow/.local/lib/python3.7/site-packages/airflow/example_dags/example_dag_decorator.py
[2025-01-23T20:08:13.928+0000] {logging_mixin.py:120} INFO - [2025-01-23T20:08:13.928+0000] {dag.py:2585} INFO - Sync 1 DAGs
[2025-01-23T20:08:13.968+0000] {logging_mixin.py:120} INFO - [2025-01-23T20:08:13.968+0000] {dag.py:3340} INFO - Setting next_dagrun for example_dag_decorator to None, run_after=None
[2025-01-23T20:08:14.003+0000] {processor.py:176} INFO - Processing /home/airflow/.local/lib/python3.7/site-packages/airflow/example_dags/example_dag_decorator.py took 0.504 seconds
[2025-01-23T20:08:44.817+0000] {processor.py:154} INFO - Started process (PID=47307) to work on /home/airflow/.local/lib/python3.7/site-packages/airflow/example_dags/example_dag_decorator.py
[2025-01-23T20:08:44.818+0000] {processor.py:756} INFO - Processing file /home/airflow/.local/lib/python3.7/site-packages/airflow/example_dags/example_dag_decorator.py for tasks to queue
[2025-01-23T20:08:44.820+0000] {logging_mixin.py:120} INFO - [2025-01-23T20:08:44.820+0000] {dagbag.py:537} INFO - Filling up the DagBag from /home/airflow/.local/lib/python3.7/site-packages/airflow/example_dags/example_dag_decorator.py
[2025-01-23T20:08:44.850+0000] {logging_mixin.py:120} INFO - [2025-01-23T20:08:44.850+0000] {taskmixin.py:205} WARNING - Dependency <Task(_PythonDecoratedOperator): prepare_email>, send_email already registered for DAG: example_dag_decorator
[2025-01-23T20:08:44.851+0000] {logging_mixin.py:120} INFO - [2025-01-23T20:08:44.851+0000] {taskmixin.py:205} WARNING - Dependency <Task(EmailOperator): send_email>, prepare_email already registered for DAG: example_dag_decorator
[2025-01-23T20:08:44.873+0000] {processor.py:766} INFO - DAG(s) dict_keys(['example_dag_decorator']) retrieved from /home/airflow/.local/lib/python3.7/site-packages/airflow/example_dags/example_dag_decorator.py
[2025-01-23T20:08:45.016+0000] {logging_mixin.py:120} INFO - [2025-01-23T20:08:45.015+0000] {dag.py:2585} INFO - Sync 1 DAGs
[2025-01-23T20:08:45.055+0000] {logging_mixin.py:120} INFO - [2025-01-23T20:08:45.055+0000] {dag.py:3340} INFO - Setting next_dagrun for example_dag_decorator to None, run_after=None
[2025-01-23T20:08:45.090+0000] {processor.py:176} INFO - Processing /home/airflow/.local/lib/python3.7/site-packages/airflow/example_dags/example_dag_decorator.py took 0.280 seconds
[2025-01-23T20:09:15.142+0000] {processor.py:154} INFO - Started process (PID=47361) to work on /home/airflow/.local/lib/python3.7/site-packages/airflow/example_dags/example_dag_decorator.py
[2025-01-23T20:09:15.144+0000] {processor.py:756} INFO - Processing file /home/airflow/.local/lib/python3.7/site-packages/airflow/example_dags/example_dag_decorator.py for tasks to queue
[2025-01-23T20:09:15.146+0000] {logging_mixin.py:120} INFO - [2025-01-23T20:09:15.145+0000] {dagbag.py:537} INFO - Filling up the DagBag from /home/airflow/.local/lib/python3.7/site-packages/airflow/example_dags/example_dag_decorator.py
[2025-01-23T20:09:15.171+0000] {logging_mixin.py:120} INFO - [2025-01-23T20:09:15.171+0000] {taskmixin.py:205} WARNING - Dependency <Task(_PythonDecoratedOperator): prepare_email>, send_email already registered for DAG: example_dag_decorator
[2025-01-23T20:09:15.172+0000] {logging_mixin.py:120} INFO - [2025-01-23T20:09:15.172+0000] {taskmixin.py:205} WARNING - Dependency <Task(EmailOperator): send_email>, prepare_email already registered for DAG: example_dag_decorator
[2025-01-23T20:09:15.194+0000] {processor.py:766} INFO - DAG(s) dict_keys(['example_dag_decorator']) retrieved from /home/airflow/.local/lib/python3.7/site-packages/airflow/example_dags/example_dag_decorator.py
[2025-01-23T20:09:15.329+0000] {logging_mixin.py:120} INFO - [2025-01-23T20:09:15.328+0000] {dag.py:2585} INFO - Sync 1 DAGs
[2025-01-23T20:09:15.368+0000] {logging_mixin.py:120} INFO - [2025-01-23T20:09:15.368+0000] {dag.py:3340} INFO - Setting next_dagrun for example_dag_decorator to None, run_after=None
[2025-01-23T20:09:15.402+0000] {processor.py:176} INFO - Processing /home/airflow/.local/lib/python3.7/site-packages/airflow/example_dags/example_dag_decorator.py took 0.265 seconds
[2025-01-23T20:09:46.317+0000] {processor.py:154} INFO - Started process (PID=47424) to work on /home/airflow/.local/lib/python3.7/site-packages/airflow/example_dags/example_dag_decorator.py
[2025-01-23T20:09:46.319+0000] {processor.py:756} INFO - Processing file /home/airflow/.local/lib/python3.7/site-packages/airflow/example_dags/example_dag_decorator.py for tasks to queue
[2025-01-23T20:09:46.321+0000] {logging_mixin.py:120} INFO - [2025-01-23T20:09:46.320+0000] {dagbag.py:537} INFO - Filling up the DagBag from /home/airflow/.local/lib/python3.7/site-packages/airflow/example_dags/example_dag_decorator.py
[2025-01-23T20:09:46.347+0000] {logging_mixin.py:120} INFO - [2025-01-23T20:09:46.346+0000] {taskmixin.py:205} WARNING - Dependency <Task(_PythonDecoratedOperator): prepare_email>, send_email already registered for DAG: example_dag_decorator
[2025-01-23T20:09:46.347+0000] {logging_mixin.py:120} INFO - [2025-01-23T20:09:46.347+0000] {taskmixin.py:205} WARNING - Dependency <Task(EmailOperator): send_email>, prepare_email already registered for DAG: example_dag_decorator
[2025-01-23T20:09:46.369+0000] {processor.py:766} INFO - DAG(s) dict_keys(['example_dag_decorator']) retrieved from /home/airflow/.local/lib/python3.7/site-packages/airflow/example_dags/example_dag_decorator.py
[2025-01-23T20:09:46.514+0000] {logging_mixin.py:120} INFO - [2025-01-23T20:09:46.513+0000] {dag.py:2585} INFO - Sync 1 DAGs
[2025-01-23T20:09:46.563+0000] {logging_mixin.py:120} INFO - [2025-01-23T20:09:46.563+0000] {dag.py:3340} INFO - Setting next_dagrun for example_dag_decorator to None, run_after=None
[2025-01-23T20:09:46.597+0000] {processor.py:176} INFO - Processing /home/airflow/.local/lib/python3.7/site-packages/airflow/example_dags/example_dag_decorator.py took 0.284 seconds
[2025-01-23T20:10:17.302+0000] {processor.py:154} INFO - Started process (PID=47478) to work on /home/airflow/.local/lib/python3.7/site-packages/airflow/example_dags/example_dag_decorator.py
[2025-01-23T20:10:17.305+0000] {processor.py:756} INFO - Processing file /home/airflow/.local/lib/python3.7/site-packages/airflow/example_dags/example_dag_decorator.py for tasks to queue
[2025-01-23T20:10:17.313+0000] {logging_mixin.py:120} INFO - [2025-01-23T20:10:17.313+0000] {dagbag.py:537} INFO - Filling up the DagBag from /home/airflow/.local/lib/python3.7/site-packages/airflow/example_dags/example_dag_decorator.py
[2025-01-23T20:10:17.351+0000] {logging_mixin.py:120} INFO - [2025-01-23T20:10:17.351+0000] {taskmixin.py:205} WARNING - Dependency <Task(_PythonDecoratedOperator): prepare_email>, send_email already registered for DAG: example_dag_decorator
[2025-01-23T20:10:17.352+0000] {logging_mixin.py:120} INFO - [2025-01-23T20:10:17.352+0000] {taskmixin.py:205} WARNING - Dependency <Task(EmailOperator): send_email>, prepare_email already registered for DAG: example_dag_decorator
[2025-01-23T20:10:17.390+0000] {processor.py:766} INFO - DAG(s) dict_keys(['example_dag_decorator']) retrieved from /home/airflow/.local/lib/python3.7/site-packages/airflow/example_dags/example_dag_decorator.py
[2025-01-23T20:10:17.617+0000] {logging_mixin.py:120} INFO - [2025-01-23T20:10:17.617+0000] {dag.py:2585} INFO - Sync 1 DAGs
[2025-01-23T20:10:17.671+0000] {logging_mixin.py:120} INFO - [2025-01-23T20:10:17.671+0000] {dag.py:3340} INFO - Setting next_dagrun for example_dag_decorator to None, run_after=None
[2025-01-23T20:10:17.704+0000] {processor.py:176} INFO - Processing /home/airflow/.local/lib/python3.7/site-packages/airflow/example_dags/example_dag_decorator.py took 0.411 seconds
[2025-01-23T20:10:48.513+0000] {processor.py:154} INFO - Started process (PID=47541) to work on /home/airflow/.local/lib/python3.7/site-packages/airflow/example_dags/example_dag_decorator.py
[2025-01-23T20:10:48.517+0000] {processor.py:756} INFO - Processing file /home/airflow/.local/lib/python3.7/site-packages/airflow/example_dags/example_dag_decorator.py for tasks to queue
[2025-01-23T20:10:48.522+0000] {logging_mixin.py:120} INFO - [2025-01-23T20:10:48.521+0000] {dagbag.py:537} INFO - Filling up the DagBag from /home/airflow/.local/lib/python3.7/site-packages/airflow/example_dags/example_dag_decorator.py
[2025-01-23T20:10:48.601+0000] {logging_mixin.py:120} INFO - [2025-01-23T20:10:48.601+0000] {taskmixin.py:205} WARNING - Dependency <Task(_PythonDecoratedOperator): prepare_email>, send_email already registered for DAG: example_dag_decorator
[2025-01-23T20:10:48.603+0000] {logging_mixin.py:120} INFO - [2025-01-23T20:10:48.603+0000] {taskmixin.py:205} WARNING - Dependency <Task(EmailOperator): send_email>, prepare_email already registered for DAG: example_dag_decorator
[2025-01-23T20:10:48.659+0000] {processor.py:766} INFO - DAG(s) dict_keys(['example_dag_decorator']) retrieved from /home/airflow/.local/lib/python3.7/site-packages/airflow/example_dags/example_dag_decorator.py
[2025-01-23T20:10:48.847+0000] {logging_mixin.py:120} INFO - [2025-01-23T20:10:48.847+0000] {dag.py:2585} INFO - Sync 1 DAGs
[2025-01-23T20:10:48.909+0000] {logging_mixin.py:120} INFO - [2025-01-23T20:10:48.909+0000] {dag.py:3340} INFO - Setting next_dagrun for example_dag_decorator to None, run_after=None
[2025-01-23T20:10:48.953+0000] {processor.py:176} INFO - Processing /home/airflow/.local/lib/python3.7/site-packages/airflow/example_dags/example_dag_decorator.py took 0.454 seconds
[2025-01-23T20:11:19.921+0000] {processor.py:154} INFO - Started process (PID=47594) to work on /home/airflow/.local/lib/python3.7/site-packages/airflow/example_dags/example_dag_decorator.py
[2025-01-23T20:11:19.925+0000] {processor.py:756} INFO - Processing file /home/airflow/.local/lib/python3.7/site-packages/airflow/example_dags/example_dag_decorator.py for tasks to queue
[2025-01-23T20:11:19.929+0000] {logging_mixin.py:120} INFO - [2025-01-23T20:11:19.929+0000] {dagbag.py:537} INFO - Filling up the DagBag from /home/airflow/.local/lib/python3.7/site-packages/airflow/example_dags/example_dag_decorator.py
[2025-01-23T20:11:20.001+0000] {logging_mixin.py:120} INFO - [2025-01-23T20:11:20.000+0000] {taskmixin.py:205} WARNING - Dependency <Task(_PythonDecoratedOperator): prepare_email>, send_email already registered for DAG: example_dag_decorator
[2025-01-23T20:11:20.003+0000] {logging_mixin.py:120} INFO - [2025-01-23T20:11:20.002+0000] {taskmixin.py:205} WARNING - Dependency <Task(EmailOperator): send_email>, prepare_email already registered for DAG: example_dag_decorator
[2025-01-23T20:11:20.060+0000] {processor.py:766} INFO - DAG(s) dict_keys(['example_dag_decorator']) retrieved from /home/airflow/.local/lib/python3.7/site-packages/airflow/example_dags/example_dag_decorator.py
[2025-01-23T20:11:20.329+0000] {logging_mixin.py:120} INFO - [2025-01-23T20:11:20.329+0000] {dag.py:2585} INFO - Sync 1 DAGs
[2025-01-23T20:11:20.370+0000] {logging_mixin.py:120} INFO - [2025-01-23T20:11:20.370+0000] {dag.py:3340} INFO - Setting next_dagrun for example_dag_decorator to None, run_after=None
[2025-01-23T20:11:20.405+0000] {processor.py:176} INFO - Processing /home/airflow/.local/lib/python3.7/site-packages/airflow/example_dags/example_dag_decorator.py took 0.497 seconds
[2025-01-23T20:11:51.427+0000] {processor.py:154} INFO - Started process (PID=47657) to work on /home/airflow/.local/lib/python3.7/site-packages/airflow/example_dags/example_dag_decorator.py
[2025-01-23T20:11:51.431+0000] {processor.py:756} INFO - Processing file /home/airflow/.local/lib/python3.7/site-packages/airflow/example_dags/example_dag_decorator.py for tasks to queue
[2025-01-23T20:11:51.436+0000] {logging_mixin.py:120} INFO - [2025-01-23T20:11:51.435+0000] {dagbag.py:537} INFO - Filling up the DagBag from /home/airflow/.local/lib/python3.7/site-packages/airflow/example_dags/example_dag_decorator.py
[2025-01-23T20:11:51.543+0000] {logging_mixin.py:120} INFO - [2025-01-23T20:11:51.543+0000] {taskmixin.py:205} WARNING - Dependency <Task(_PythonDecoratedOperator): prepare_email>, send_email already registered for DAG: example_dag_decorator
[2025-01-23T20:11:51.544+0000] {logging_mixin.py:120} INFO - [2025-01-23T20:11:51.544+0000] {taskmixin.py:205} WARNING - Dependency <Task(EmailOperator): send_email>, prepare_email already registered for DAG: example_dag_decorator
[2025-01-23T20:11:51.578+0000] {processor.py:766} INFO - DAG(s) dict_keys(['example_dag_decorator']) retrieved from /home/airflow/.local/lib/python3.7/site-packages/airflow/example_dags/example_dag_decorator.py
[2025-01-23T20:11:51.753+0000] {logging_mixin.py:120} INFO - [2025-01-23T20:11:51.753+0000] {dag.py:2585} INFO - Sync 1 DAGs
[2025-01-23T20:11:51.807+0000] {logging_mixin.py:120} INFO - [2025-01-23T20:11:51.807+0000] {dag.py:3340} INFO - Setting next_dagrun for example_dag_decorator to None, run_after=None
[2025-01-23T20:11:51.854+0000] {processor.py:176} INFO - Processing /home/airflow/.local/lib/python3.7/site-packages/airflow/example_dags/example_dag_decorator.py took 0.446 seconds
[2025-01-23T20:12:22.064+0000] {processor.py:154} INFO - Started process (PID=47712) to work on /home/airflow/.local/lib/python3.7/site-packages/airflow/example_dags/example_dag_decorator.py
[2025-01-23T20:12:22.065+0000] {processor.py:756} INFO - Processing file /home/airflow/.local/lib/python3.7/site-packages/airflow/example_dags/example_dag_decorator.py for tasks to queue
[2025-01-23T20:12:22.068+0000] {logging_mixin.py:120} INFO - [2025-01-23T20:12:22.068+0000] {dagbag.py:537} INFO - Filling up the DagBag from /home/airflow/.local/lib/python3.7/site-packages/airflow/example_dags/example_dag_decorator.py
[2025-01-23T20:12:22.101+0000] {logging_mixin.py:120} INFO - [2025-01-23T20:12:22.100+0000] {taskmixin.py:205} WARNING - Dependency <Task(_PythonDecoratedOperator): prepare_email>, send_email already registered for DAG: example_dag_decorator
[2025-01-23T20:12:22.102+0000] {logging_mixin.py:120} INFO - [2025-01-23T20:12:22.102+0000] {taskmixin.py:205} WARNING - Dependency <Task(EmailOperator): send_email>, prepare_email already registered for DAG: example_dag_decorator
[2025-01-23T20:12:22.124+0000] {processor.py:766} INFO - DAG(s) dict_keys(['example_dag_decorator']) retrieved from /home/airflow/.local/lib/python3.7/site-packages/airflow/example_dags/example_dag_decorator.py
[2025-01-23T20:12:22.305+0000] {logging_mixin.py:120} INFO - [2025-01-23T20:12:22.304+0000] {dag.py:2585} INFO - Sync 1 DAGs
[2025-01-23T20:12:22.351+0000] {logging_mixin.py:120} INFO - [2025-01-23T20:12:22.351+0000] {dag.py:3340} INFO - Setting next_dagrun for example_dag_decorator to None, run_after=None
[2025-01-23T20:12:22.385+0000] {processor.py:176} INFO - Processing /home/airflow/.local/lib/python3.7/site-packages/airflow/example_dags/example_dag_decorator.py took 0.327 seconds
