[2025-01-23T19:50:42.904+0000] {processor.py:154} INFO - Started process (PID=45322) to work on /home/airflow/.local/lib/python3.7/site-packages/airflow/example_dags/example_trigger_controller_dag.py
[2025-01-23T19:50:42.907+0000] {processor.py:756} INFO - Processing file /home/airflow/.local/lib/python3.7/site-packages/airflow/example_dags/example_trigger_controller_dag.py for tasks to queue
[2025-01-23T19:50:42.909+0000] {logging_mixin.py:120} INFO - [2025-01-23T19:50:42.909+0000] {dagbag.py:537} INFO - Filling up the DagBag from /home/airflow/.local/lib/python3.7/site-packages/airflow/example_dags/example_trigger_controller_dag.py
[2025-01-23T19:50:42.950+0000] {processor.py:766} INFO - DAG(s) dict_keys(['example_trigger_controller_dag']) retrieved from /home/airflow/.local/lib/python3.7/site-packages/airflow/example_dags/example_trigger_controller_dag.py
[2025-01-23T19:50:43.149+0000] {logging_mixin.py:120} INFO - [2025-01-23T19:50:43.143+0000] {dag.py:2585} INFO - Sync 1 DAGs
[2025-01-23T19:50:43.306+0000] {logging_mixin.py:120} INFO - [2025-01-23T19:50:43.305+0000] {dag.py:3340} INFO - Setting next_dagrun for example_trigger_controller_dag to 2021-01-01T00:00:00+00:00, run_after=2021-01-01T00:00:00+00:00
[2025-01-23T19:50:43.466+0000] {processor.py:176} INFO - Processing /home/airflow/.local/lib/python3.7/site-packages/airflow/example_dags/example_trigger_controller_dag.py took 0.580 seconds
[2025-01-23T19:51:16.499+0000] {processor.py:154} INFO - Started process (PID=45377) to work on /home/airflow/.local/lib/python3.7/site-packages/airflow/example_dags/example_trigger_controller_dag.py
[2025-01-23T19:51:16.517+0000] {processor.py:756} INFO - Processing file /home/airflow/.local/lib/python3.7/site-packages/airflow/example_dags/example_trigger_controller_dag.py for tasks to queue
[2025-01-23T19:51:16.523+0000] {logging_mixin.py:120} INFO - [2025-01-23T19:51:16.522+0000] {dagbag.py:537} INFO - Filling up the DagBag from /home/airflow/.local/lib/python3.7/site-packages/airflow/example_dags/example_trigger_controller_dag.py
[2025-01-23T19:51:16.628+0000] {processor.py:766} INFO - DAG(s) dict_keys(['example_trigger_controller_dag']) retrieved from /home/airflow/.local/lib/python3.7/site-packages/airflow/example_dags/example_trigger_controller_dag.py
[2025-01-23T19:51:16.924+0000] {logging_mixin.py:120} INFO - [2025-01-23T19:51:16.923+0000] {dag.py:2585} INFO - Sync 1 DAGs
[2025-01-23T19:51:17.113+0000] {logging_mixin.py:120} INFO - [2025-01-23T19:51:17.112+0000] {dag.py:3340} INFO - Setting next_dagrun for example_trigger_controller_dag to 2021-01-01T00:00:00+00:00, run_after=2021-01-01T00:00:00+00:00
[2025-01-23T19:51:17.241+0000] {processor.py:176} INFO - Processing /home/airflow/.local/lib/python3.7/site-packages/airflow/example_dags/example_trigger_controller_dag.py took 0.750 seconds
[2025-01-23T19:51:48.800+0000] {processor.py:154} INFO - Started process (PID=45431) to work on /home/airflow/.local/lib/python3.7/site-packages/airflow/example_dags/example_trigger_controller_dag.py
[2025-01-23T19:51:48.811+0000] {processor.py:756} INFO - Processing file /home/airflow/.local/lib/python3.7/site-packages/airflow/example_dags/example_trigger_controller_dag.py for tasks to queue
[2025-01-23T19:51:48.815+0000] {logging_mixin.py:120} INFO - [2025-01-23T19:51:48.815+0000] {dagbag.py:537} INFO - Filling up the DagBag from /home/airflow/.local/lib/python3.7/site-packages/airflow/example_dags/example_trigger_controller_dag.py
[2025-01-23T19:51:48.911+0000] {processor.py:766} INFO - DAG(s) dict_keys(['example_trigger_controller_dag']) retrieved from /home/airflow/.local/lib/python3.7/site-packages/airflow/example_dags/example_trigger_controller_dag.py
[2025-01-23T19:51:49.236+0000] {logging_mixin.py:120} INFO - [2025-01-23T19:51:49.235+0000] {dag.py:2585} INFO - Sync 1 DAGs
[2025-01-23T19:51:49.425+0000] {logging_mixin.py:120} INFO - [2025-01-23T19:51:49.424+0000] {dag.py:3340} INFO - Setting next_dagrun for example_trigger_controller_dag to 2021-01-01T00:00:00+00:00, run_after=2021-01-01T00:00:00+00:00
[2025-01-23T19:51:49.541+0000] {processor.py:176} INFO - Processing /home/airflow/.local/lib/python3.7/site-packages/airflow/example_dags/example_trigger_controller_dag.py took 0.759 seconds
[2025-01-23T19:52:19.777+0000] {processor.py:154} INFO - Started process (PID=45476) to work on /home/airflow/.local/lib/python3.7/site-packages/airflow/example_dags/example_trigger_controller_dag.py
[2025-01-23T19:52:19.779+0000] {processor.py:756} INFO - Processing file /home/airflow/.local/lib/python3.7/site-packages/airflow/example_dags/example_trigger_controller_dag.py for tasks to queue
[2025-01-23T19:52:19.792+0000] {logging_mixin.py:120} INFO - [2025-01-23T19:52:19.791+0000] {dagbag.py:537} INFO - Filling up the DagBag from /home/airflow/.local/lib/python3.7/site-packages/airflow/example_dags/example_trigger_controller_dag.py
[2025-01-23T19:52:19.845+0000] {processor.py:766} INFO - DAG(s) dict_keys(['example_trigger_controller_dag']) retrieved from /home/airflow/.local/lib/python3.7/site-packages/airflow/example_dags/example_trigger_controller_dag.py
[2025-01-23T19:52:20.046+0000] {logging_mixin.py:120} INFO - [2025-01-23T19:52:20.046+0000] {dag.py:2585} INFO - Sync 1 DAGs
[2025-01-23T19:52:20.143+0000] {logging_mixin.py:120} INFO - [2025-01-23T19:52:20.142+0000] {dag.py:3340} INFO - Setting next_dagrun for example_trigger_controller_dag to 2021-01-01T00:00:00+00:00, run_after=2021-01-01T00:00:00+00:00
[2025-01-23T19:52:20.238+0000] {processor.py:176} INFO - Processing /home/airflow/.local/lib/python3.7/site-packages/airflow/example_dags/example_trigger_controller_dag.py took 0.469 seconds
[2025-01-23T19:52:51.596+0000] {processor.py:154} INFO - Started process (PID=45537) to work on /home/airflow/.local/lib/python3.7/site-packages/airflow/example_dags/example_trigger_controller_dag.py
[2025-01-23T19:52:51.599+0000] {processor.py:756} INFO - Processing file /home/airflow/.local/lib/python3.7/site-packages/airflow/example_dags/example_trigger_controller_dag.py for tasks to queue
[2025-01-23T19:52:51.601+0000] {logging_mixin.py:120} INFO - [2025-01-23T19:52:51.600+0000] {dagbag.py:537} INFO - Filling up the DagBag from /home/airflow/.local/lib/python3.7/site-packages/airflow/example_dags/example_trigger_controller_dag.py
[2025-01-23T19:52:51.661+0000] {processor.py:766} INFO - DAG(s) dict_keys(['example_trigger_controller_dag']) retrieved from /home/airflow/.local/lib/python3.7/site-packages/airflow/example_dags/example_trigger_controller_dag.py
[2025-01-23T19:52:51.855+0000] {logging_mixin.py:120} INFO - [2025-01-23T19:52:51.854+0000] {dag.py:2585} INFO - Sync 1 DAGs
[2025-01-23T19:52:51.973+0000] {logging_mixin.py:120} INFO - [2025-01-23T19:52:51.972+0000] {dag.py:3340} INFO - Setting next_dagrun for example_trigger_controller_dag to 2021-01-01T00:00:00+00:00, run_after=2021-01-01T00:00:00+00:00
[2025-01-23T19:52:52.074+0000] {processor.py:176} INFO - Processing /home/airflow/.local/lib/python3.7/site-packages/airflow/example_dags/example_trigger_controller_dag.py took 0.497 seconds
[2025-01-23T19:53:22.927+0000] {processor.py:154} INFO - Started process (PID=45593) to work on /home/airflow/.local/lib/python3.7/site-packages/airflow/example_dags/example_trigger_controller_dag.py
[2025-01-23T19:53:22.931+0000] {processor.py:756} INFO - Processing file /home/airflow/.local/lib/python3.7/site-packages/airflow/example_dags/example_trigger_controller_dag.py for tasks to queue
[2025-01-23T19:53:22.935+0000] {logging_mixin.py:120} INFO - [2025-01-23T19:53:22.935+0000] {dagbag.py:537} INFO - Filling up the DagBag from /home/airflow/.local/lib/python3.7/site-packages/airflow/example_dags/example_trigger_controller_dag.py
[2025-01-23T19:53:22.994+0000] {processor.py:766} INFO - DAG(s) dict_keys(['example_trigger_controller_dag']) retrieved from /home/airflow/.local/lib/python3.7/site-packages/airflow/example_dags/example_trigger_controller_dag.py
[2025-01-23T19:53:23.180+0000] {logging_mixin.py:120} INFO - [2025-01-23T19:53:23.179+0000] {dag.py:2585} INFO - Sync 1 DAGs
[2025-01-23T19:53:23.311+0000] {logging_mixin.py:120} INFO - [2025-01-23T19:53:23.311+0000] {dag.py:3340} INFO - Setting next_dagrun for example_trigger_controller_dag to 2021-01-01T00:00:00+00:00, run_after=2021-01-01T00:00:00+00:00
[2025-01-23T19:53:23.392+0000] {processor.py:176} INFO - Processing /home/airflow/.local/lib/python3.7/site-packages/airflow/example_dags/example_trigger_controller_dag.py took 0.479 seconds
[2025-01-23T19:53:53.509+0000] {processor.py:154} INFO - Started process (PID=45646) to work on /home/airflow/.local/lib/python3.7/site-packages/airflow/example_dags/example_trigger_controller_dag.py
[2025-01-23T19:53:53.511+0000] {processor.py:756} INFO - Processing file /home/airflow/.local/lib/python3.7/site-packages/airflow/example_dags/example_trigger_controller_dag.py for tasks to queue
[2025-01-23T19:53:53.514+0000] {logging_mixin.py:120} INFO - [2025-01-23T19:53:53.513+0000] {dagbag.py:537} INFO - Filling up the DagBag from /home/airflow/.local/lib/python3.7/site-packages/airflow/example_dags/example_trigger_controller_dag.py
[2025-01-23T19:53:53.538+0000] {processor.py:766} INFO - DAG(s) dict_keys(['example_trigger_controller_dag']) retrieved from /home/airflow/.local/lib/python3.7/site-packages/airflow/example_dags/example_trigger_controller_dag.py
[2025-01-23T19:53:53.611+0000] {logging_mixin.py:120} INFO - [2025-01-23T19:53:53.611+0000] {dag.py:2585} INFO - Sync 1 DAGs
[2025-01-23T19:53:53.656+0000] {logging_mixin.py:120} INFO - [2025-01-23T19:53:53.656+0000] {dag.py:3340} INFO - Setting next_dagrun for example_trigger_controller_dag to 2021-01-01T00:00:00+00:00, run_after=2021-01-01T00:00:00+00:00
[2025-01-23T19:53:53.714+0000] {processor.py:176} INFO - Processing /home/airflow/.local/lib/python3.7/site-packages/airflow/example_dags/example_trigger_controller_dag.py took 0.214 seconds
[2025-01-23T19:54:26.128+0000] {processor.py:154} INFO - Started process (PID=45710) to work on /home/airflow/.local/lib/python3.7/site-packages/airflow/example_dags/example_trigger_controller_dag.py
[2025-01-23T19:54:26.133+0000] {processor.py:756} INFO - Processing file /home/airflow/.local/lib/python3.7/site-packages/airflow/example_dags/example_trigger_controller_dag.py for tasks to queue
[2025-01-23T19:54:26.136+0000] {logging_mixin.py:120} INFO - [2025-01-23T19:54:26.135+0000] {dagbag.py:537} INFO - Filling up the DagBag from /home/airflow/.local/lib/python3.7/site-packages/airflow/example_dags/example_trigger_controller_dag.py
[2025-01-23T19:54:26.183+0000] {processor.py:766} INFO - DAG(s) dict_keys(['example_trigger_controller_dag']) retrieved from /home/airflow/.local/lib/python3.7/site-packages/airflow/example_dags/example_trigger_controller_dag.py
[2025-01-23T19:54:26.354+0000] {logging_mixin.py:120} INFO - [2025-01-23T19:54:26.354+0000] {dag.py:2585} INFO - Sync 1 DAGs
[2025-01-23T19:54:26.467+0000] {logging_mixin.py:120} INFO - [2025-01-23T19:54:26.465+0000] {dag.py:3340} INFO - Setting next_dagrun for example_trigger_controller_dag to 2021-01-01T00:00:00+00:00, run_after=2021-01-01T00:00:00+00:00
[2025-01-23T19:54:26.542+0000] {processor.py:176} INFO - Processing /home/airflow/.local/lib/python3.7/site-packages/airflow/example_dags/example_trigger_controller_dag.py took 0.426 seconds
[2025-01-23T19:54:57.426+0000] {processor.py:154} INFO - Started process (PID=45764) to work on /home/airflow/.local/lib/python3.7/site-packages/airflow/example_dags/example_trigger_controller_dag.py
[2025-01-23T19:54:57.430+0000] {processor.py:756} INFO - Processing file /home/airflow/.local/lib/python3.7/site-packages/airflow/example_dags/example_trigger_controller_dag.py for tasks to queue
[2025-01-23T19:54:57.433+0000] {logging_mixin.py:120} INFO - [2025-01-23T19:54:57.433+0000] {dagbag.py:537} INFO - Filling up the DagBag from /home/airflow/.local/lib/python3.7/site-packages/airflow/example_dags/example_trigger_controller_dag.py
[2025-01-23T19:54:57.496+0000] {processor.py:766} INFO - DAG(s) dict_keys(['example_trigger_controller_dag']) retrieved from /home/airflow/.local/lib/python3.7/site-packages/airflow/example_dags/example_trigger_controller_dag.py
[2025-01-23T19:54:57.692+0000] {logging_mixin.py:120} INFO - [2025-01-23T19:54:57.691+0000] {dag.py:2585} INFO - Sync 1 DAGs
[2025-01-23T19:54:57.793+0000] {logging_mixin.py:120} INFO - [2025-01-23T19:54:57.793+0000] {dag.py:3340} INFO - Setting next_dagrun for example_trigger_controller_dag to 2021-01-01T00:00:00+00:00, run_after=2021-01-01T00:00:00+00:00
[2025-01-23T19:54:57.825+0000] {processor.py:176} INFO - Processing /home/airflow/.local/lib/python3.7/site-packages/airflow/example_dags/example_trigger_controller_dag.py took 0.413 seconds
[2025-01-23T19:55:28.290+0000] {processor.py:154} INFO - Started process (PID=45819) to work on /home/airflow/.local/lib/python3.7/site-packages/airflow/example_dags/example_trigger_controller_dag.py
[2025-01-23T19:55:28.295+0000] {processor.py:756} INFO - Processing file /home/airflow/.local/lib/python3.7/site-packages/airflow/example_dags/example_trigger_controller_dag.py for tasks to queue
[2025-01-23T19:55:28.300+0000] {logging_mixin.py:120} INFO - [2025-01-23T19:55:28.299+0000] {dagbag.py:537} INFO - Filling up the DagBag from /home/airflow/.local/lib/python3.7/site-packages/airflow/example_dags/example_trigger_controller_dag.py
[2025-01-23T19:55:28.367+0000] {processor.py:766} INFO - DAG(s) dict_keys(['example_trigger_controller_dag']) retrieved from /home/airflow/.local/lib/python3.7/site-packages/airflow/example_dags/example_trigger_controller_dag.py
[2025-01-23T19:55:28.437+0000] {logging_mixin.py:120} INFO - [2025-01-23T19:55:28.436+0000] {dag.py:2585} INFO - Sync 1 DAGs
[2025-01-23T19:55:28.482+0000] {logging_mixin.py:120} INFO - [2025-01-23T19:55:28.481+0000] {dag.py:3340} INFO - Setting next_dagrun for example_trigger_controller_dag to 2021-01-01T00:00:00+00:00, run_after=2021-01-01T00:00:00+00:00
[2025-01-23T19:55:28.516+0000] {processor.py:176} INFO - Processing /home/airflow/.local/lib/python3.7/site-packages/airflow/example_dags/example_trigger_controller_dag.py took 0.243 seconds
[2025-01-23T19:55:59.635+0000] {processor.py:154} INFO - Started process (PID=45882) to work on /home/airflow/.local/lib/python3.7/site-packages/airflow/example_dags/example_trigger_controller_dag.py
[2025-01-23T19:55:59.637+0000] {processor.py:756} INFO - Processing file /home/airflow/.local/lib/python3.7/site-packages/airflow/example_dags/example_trigger_controller_dag.py for tasks to queue
[2025-01-23T19:55:59.639+0000] {logging_mixin.py:120} INFO - [2025-01-23T19:55:59.639+0000] {dagbag.py:537} INFO - Filling up the DagBag from /home/airflow/.local/lib/python3.7/site-packages/airflow/example_dags/example_trigger_controller_dag.py
[2025-01-23T19:55:59.750+0000] {processor.py:766} INFO - DAG(s) dict_keys(['example_trigger_controller_dag']) retrieved from /home/airflow/.local/lib/python3.7/site-packages/airflow/example_dags/example_trigger_controller_dag.py
[2025-01-23T19:55:59.942+0000] {logging_mixin.py:120} INFO - [2025-01-23T19:55:59.942+0000] {dag.py:2585} INFO - Sync 1 DAGs
[2025-01-23T19:56:00.125+0000] {logging_mixin.py:120} INFO - [2025-01-23T19:56:00.124+0000] {dag.py:3340} INFO - Setting next_dagrun for example_trigger_controller_dag to 2021-01-01T00:00:00+00:00, run_after=2021-01-01T00:00:00+00:00
[2025-01-23T19:56:00.239+0000] {processor.py:176} INFO - Processing /home/airflow/.local/lib/python3.7/site-packages/airflow/example_dags/example_trigger_controller_dag.py took 0.625 seconds
[2025-01-23T19:56:30.785+0000] {processor.py:154} INFO - Started process (PID=45927) to work on /home/airflow/.local/lib/python3.7/site-packages/airflow/example_dags/example_trigger_controller_dag.py
[2025-01-23T19:56:30.798+0000] {processor.py:756} INFO - Processing file /home/airflow/.local/lib/python3.7/site-packages/airflow/example_dags/example_trigger_controller_dag.py for tasks to queue
[2025-01-23T19:56:30.800+0000] {logging_mixin.py:120} INFO - [2025-01-23T19:56:30.800+0000] {dagbag.py:537} INFO - Filling up the DagBag from /home/airflow/.local/lib/python3.7/site-packages/airflow/example_dags/example_trigger_controller_dag.py
[2025-01-23T19:56:30.859+0000] {processor.py:766} INFO - DAG(s) dict_keys(['example_trigger_controller_dag']) retrieved from /home/airflow/.local/lib/python3.7/site-packages/airflow/example_dags/example_trigger_controller_dag.py
[2025-01-23T19:56:31.023+0000] {logging_mixin.py:120} INFO - [2025-01-23T19:56:31.023+0000] {dag.py:2585} INFO - Sync 1 DAGs
[2025-01-23T19:56:31.111+0000] {logging_mixin.py:120} INFO - [2025-01-23T19:56:31.110+0000] {dag.py:3340} INFO - Setting next_dagrun for example_trigger_controller_dag to 2021-01-01T00:00:00+00:00, run_after=2021-01-01T00:00:00+00:00
[2025-01-23T19:56:31.162+0000] {processor.py:176} INFO - Processing /home/airflow/.local/lib/python3.7/site-packages/airflow/example_dags/example_trigger_controller_dag.py took 0.397 seconds
[2025-01-23T19:57:01.205+0000] {processor.py:154} INFO - Started process (PID=45989) to work on /home/airflow/.local/lib/python3.7/site-packages/airflow/example_dags/example_trigger_controller_dag.py
[2025-01-23T19:57:01.207+0000] {processor.py:756} INFO - Processing file /home/airflow/.local/lib/python3.7/site-packages/airflow/example_dags/example_trigger_controller_dag.py for tasks to queue
[2025-01-23T19:57:01.208+0000] {logging_mixin.py:120} INFO - [2025-01-23T19:57:01.208+0000] {dagbag.py:537} INFO - Filling up the DagBag from /home/airflow/.local/lib/python3.7/site-packages/airflow/example_dags/example_trigger_controller_dag.py
[2025-01-23T19:57:01.232+0000] {processor.py:766} INFO - DAG(s) dict_keys(['example_trigger_controller_dag']) retrieved from /home/airflow/.local/lib/python3.7/site-packages/airflow/example_dags/example_trigger_controller_dag.py
[2025-01-23T19:57:01.305+0000] {logging_mixin.py:120} INFO - [2025-01-23T19:57:01.305+0000] {dag.py:2585} INFO - Sync 1 DAGs
[2025-01-23T19:57:01.351+0000] {logging_mixin.py:120} INFO - [2025-01-23T19:57:01.351+0000] {dag.py:3340} INFO - Setting next_dagrun for example_trigger_controller_dag to 2021-01-01T00:00:00+00:00, run_after=2021-01-01T00:00:00+00:00
[2025-01-23T19:57:01.389+0000] {processor.py:176} INFO - Processing /home/airflow/.local/lib/python3.7/site-packages/airflow/example_dags/example_trigger_controller_dag.py took 0.189 seconds
[2025-01-23T19:57:32.162+0000] {processor.py:154} INFO - Started process (PID=46043) to work on /home/airflow/.local/lib/python3.7/site-packages/airflow/example_dags/example_trigger_controller_dag.py
[2025-01-23T19:57:32.164+0000] {processor.py:756} INFO - Processing file /home/airflow/.local/lib/python3.7/site-packages/airflow/example_dags/example_trigger_controller_dag.py for tasks to queue
[2025-01-23T19:57:32.167+0000] {logging_mixin.py:120} INFO - [2025-01-23T19:57:32.166+0000] {dagbag.py:537} INFO - Filling up the DagBag from /home/airflow/.local/lib/python3.7/site-packages/airflow/example_dags/example_trigger_controller_dag.py
[2025-01-23T19:57:32.191+0000] {processor.py:766} INFO - DAG(s) dict_keys(['example_trigger_controller_dag']) retrieved from /home/airflow/.local/lib/python3.7/site-packages/airflow/example_dags/example_trigger_controller_dag.py
[2025-01-23T19:57:32.272+0000] {logging_mixin.py:120} INFO - [2025-01-23T19:57:32.271+0000] {dag.py:2585} INFO - Sync 1 DAGs
[2025-01-23T19:57:32.327+0000] {logging_mixin.py:120} INFO - [2025-01-23T19:57:32.327+0000] {dag.py:3340} INFO - Setting next_dagrun for example_trigger_controller_dag to 2021-01-01T00:00:00+00:00, run_after=2021-01-01T00:00:00+00:00
[2025-01-23T19:57:32.367+0000] {processor.py:176} INFO - Processing /home/airflow/.local/lib/python3.7/site-packages/airflow/example_dags/example_trigger_controller_dag.py took 0.212 seconds
[2025-01-23T19:58:02.848+0000] {processor.py:154} INFO - Started process (PID=46097) to work on /home/airflow/.local/lib/python3.7/site-packages/airflow/example_dags/example_trigger_controller_dag.py
[2025-01-23T19:58:02.850+0000] {processor.py:756} INFO - Processing file /home/airflow/.local/lib/python3.7/site-packages/airflow/example_dags/example_trigger_controller_dag.py for tasks to queue
[2025-01-23T19:58:02.852+0000] {logging_mixin.py:120} INFO - [2025-01-23T19:58:02.851+0000] {dagbag.py:537} INFO - Filling up the DagBag from /home/airflow/.local/lib/python3.7/site-packages/airflow/example_dags/example_trigger_controller_dag.py
[2025-01-23T19:58:02.882+0000] {processor.py:766} INFO - DAG(s) dict_keys(['example_trigger_controller_dag']) retrieved from /home/airflow/.local/lib/python3.7/site-packages/airflow/example_dags/example_trigger_controller_dag.py
[2025-01-23T19:58:02.963+0000] {logging_mixin.py:120} INFO - [2025-01-23T19:58:02.963+0000] {dag.py:2585} INFO - Sync 1 DAGs
[2025-01-23T19:58:03.032+0000] {logging_mixin.py:120} INFO - [2025-01-23T19:58:03.032+0000] {dag.py:3340} INFO - Setting next_dagrun for example_trigger_controller_dag to 2021-01-01T00:00:00+00:00, run_after=2021-01-01T00:00:00+00:00
[2025-01-23T19:58:03.086+0000] {processor.py:176} INFO - Processing /home/airflow/.local/lib/python3.7/site-packages/airflow/example_dags/example_trigger_controller_dag.py took 0.244 seconds
[2025-01-23T19:58:33.637+0000] {processor.py:154} INFO - Started process (PID=46160) to work on /home/airflow/.local/lib/python3.7/site-packages/airflow/example_dags/example_trigger_controller_dag.py
[2025-01-23T19:58:33.640+0000] {processor.py:756} INFO - Processing file /home/airflow/.local/lib/python3.7/site-packages/airflow/example_dags/example_trigger_controller_dag.py for tasks to queue
[2025-01-23T19:58:33.642+0000] {logging_mixin.py:120} INFO - [2025-01-23T19:58:33.642+0000] {dagbag.py:537} INFO - Filling up the DagBag from /home/airflow/.local/lib/python3.7/site-packages/airflow/example_dags/example_trigger_controller_dag.py
[2025-01-23T19:58:33.674+0000] {processor.py:766} INFO - DAG(s) dict_keys(['example_trigger_controller_dag']) retrieved from /home/airflow/.local/lib/python3.7/site-packages/airflow/example_dags/example_trigger_controller_dag.py
[2025-01-23T19:58:33.753+0000] {logging_mixin.py:120} INFO - [2025-01-23T19:58:33.752+0000] {dag.py:2585} INFO - Sync 1 DAGs
[2025-01-23T19:58:33.805+0000] {logging_mixin.py:120} INFO - [2025-01-23T19:58:33.805+0000] {dag.py:3340} INFO - Setting next_dagrun for example_trigger_controller_dag to 2021-01-01T00:00:00+00:00, run_after=2021-01-01T00:00:00+00:00
[2025-01-23T19:58:33.846+0000] {processor.py:176} INFO - Processing /home/airflow/.local/lib/python3.7/site-packages/airflow/example_dags/example_trigger_controller_dag.py took 0.218 seconds
[2025-01-23T19:59:04.042+0000] {processor.py:154} INFO - Started process (PID=46214) to work on /home/airflow/.local/lib/python3.7/site-packages/airflow/example_dags/example_trigger_controller_dag.py
[2025-01-23T19:59:04.044+0000] {processor.py:756} INFO - Processing file /home/airflow/.local/lib/python3.7/site-packages/airflow/example_dags/example_trigger_controller_dag.py for tasks to queue
[2025-01-23T19:59:04.046+0000] {logging_mixin.py:120} INFO - [2025-01-23T19:59:04.046+0000] {dagbag.py:537} INFO - Filling up the DagBag from /home/airflow/.local/lib/python3.7/site-packages/airflow/example_dags/example_trigger_controller_dag.py
[2025-01-23T19:59:04.074+0000] {processor.py:766} INFO - DAG(s) dict_keys(['example_trigger_controller_dag']) retrieved from /home/airflow/.local/lib/python3.7/site-packages/airflow/example_dags/example_trigger_controller_dag.py
[2025-01-23T19:59:04.158+0000] {logging_mixin.py:120} INFO - [2025-01-23T19:59:04.157+0000] {dag.py:2585} INFO - Sync 1 DAGs
[2025-01-23T19:59:04.206+0000] {logging_mixin.py:120} INFO - [2025-01-23T19:59:04.206+0000] {dag.py:3340} INFO - Setting next_dagrun for example_trigger_controller_dag to 2021-01-01T00:00:00+00:00, run_after=2021-01-01T00:00:00+00:00
[2025-01-23T19:59:04.242+0000] {processor.py:176} INFO - Processing /home/airflow/.local/lib/python3.7/site-packages/airflow/example_dags/example_trigger_controller_dag.py took 0.208 seconds
[2025-01-23T19:59:34.665+0000] {processor.py:154} INFO - Started process (PID=46268) to work on /home/airflow/.local/lib/python3.7/site-packages/airflow/example_dags/example_trigger_controller_dag.py
[2025-01-23T19:59:34.666+0000] {processor.py:756} INFO - Processing file /home/airflow/.local/lib/python3.7/site-packages/airflow/example_dags/example_trigger_controller_dag.py for tasks to queue
[2025-01-23T19:59:34.668+0000] {logging_mixin.py:120} INFO - [2025-01-23T19:59:34.668+0000] {dagbag.py:537} INFO - Filling up the DagBag from /home/airflow/.local/lib/python3.7/site-packages/airflow/example_dags/example_trigger_controller_dag.py
[2025-01-23T19:59:34.690+0000] {processor.py:766} INFO - DAG(s) dict_keys(['example_trigger_controller_dag']) retrieved from /home/airflow/.local/lib/python3.7/site-packages/airflow/example_dags/example_trigger_controller_dag.py
[2025-01-23T19:59:34.781+0000] {logging_mixin.py:120} INFO - [2025-01-23T19:59:34.780+0000] {dag.py:2585} INFO - Sync 1 DAGs
[2025-01-23T19:59:34.822+0000] {logging_mixin.py:120} INFO - [2025-01-23T19:59:34.822+0000] {dag.py:3340} INFO - Setting next_dagrun for example_trigger_controller_dag to 2021-01-01T00:00:00+00:00, run_after=2021-01-01T00:00:00+00:00
[2025-01-23T19:59:34.855+0000] {processor.py:176} INFO - Processing /home/airflow/.local/lib/python3.7/site-packages/airflow/example_dags/example_trigger_controller_dag.py took 0.197 seconds
[2025-01-23T20:00:05.622+0000] {processor.py:154} INFO - Started process (PID=46333) to work on /home/airflow/.local/lib/python3.7/site-packages/airflow/example_dags/example_trigger_controller_dag.py
[2025-01-23T20:00:05.624+0000] {processor.py:756} INFO - Processing file /home/airflow/.local/lib/python3.7/site-packages/airflow/example_dags/example_trigger_controller_dag.py for tasks to queue
[2025-01-23T20:00:05.626+0000] {logging_mixin.py:120} INFO - [2025-01-23T20:00:05.626+0000] {dagbag.py:537} INFO - Filling up the DagBag from /home/airflow/.local/lib/python3.7/site-packages/airflow/example_dags/example_trigger_controller_dag.py
[2025-01-23T20:00:05.656+0000] {processor.py:766} INFO - DAG(s) dict_keys(['example_trigger_controller_dag']) retrieved from /home/airflow/.local/lib/python3.7/site-packages/airflow/example_dags/example_trigger_controller_dag.py
[2025-01-23T20:00:05.730+0000] {logging_mixin.py:120} INFO - [2025-01-23T20:00:05.730+0000] {dag.py:2585} INFO - Sync 1 DAGs
[2025-01-23T20:00:05.774+0000] {logging_mixin.py:120} INFO - [2025-01-23T20:00:05.774+0000] {dag.py:3340} INFO - Setting next_dagrun for example_trigger_controller_dag to 2021-01-01T00:00:00+00:00, run_after=2021-01-01T00:00:00+00:00
[2025-01-23T20:00:05.811+0000] {processor.py:176} INFO - Processing /home/airflow/.local/lib/python3.7/site-packages/airflow/example_dags/example_trigger_controller_dag.py took 0.197 seconds
[2025-01-23T20:00:35.997+0000] {processor.py:154} INFO - Started process (PID=46387) to work on /home/airflow/.local/lib/python3.7/site-packages/airflow/example_dags/example_trigger_controller_dag.py
[2025-01-23T20:00:35.999+0000] {processor.py:756} INFO - Processing file /home/airflow/.local/lib/python3.7/site-packages/airflow/example_dags/example_trigger_controller_dag.py for tasks to queue
[2025-01-23T20:00:36.001+0000] {logging_mixin.py:120} INFO - [2025-01-23T20:00:36.001+0000] {dagbag.py:537} INFO - Filling up the DagBag from /home/airflow/.local/lib/python3.7/site-packages/airflow/example_dags/example_trigger_controller_dag.py
[2025-01-23T20:00:36.062+0000] {processor.py:766} INFO - DAG(s) dict_keys(['example_trigger_controller_dag']) retrieved from /home/airflow/.local/lib/python3.7/site-packages/airflow/example_dags/example_trigger_controller_dag.py
[2025-01-23T20:00:36.190+0000] {logging_mixin.py:120} INFO - [2025-01-23T20:00:36.189+0000] {dag.py:2585} INFO - Sync 1 DAGs
[2025-01-23T20:00:36.292+0000] {logging_mixin.py:120} INFO - [2025-01-23T20:00:36.291+0000] {dag.py:3340} INFO - Setting next_dagrun for example_trigger_controller_dag to 2021-01-01T00:00:00+00:00, run_after=2021-01-01T00:00:00+00:00
[2025-01-23T20:00:36.360+0000] {processor.py:176} INFO - Processing /home/airflow/.local/lib/python3.7/site-packages/airflow/example_dags/example_trigger_controller_dag.py took 0.370 seconds
[2025-01-23T20:01:06.671+0000] {processor.py:154} INFO - Started process (PID=46451) to work on /home/airflow/.local/lib/python3.7/site-packages/airflow/example_dags/example_trigger_controller_dag.py
[2025-01-23T20:01:06.673+0000] {processor.py:756} INFO - Processing file /home/airflow/.local/lib/python3.7/site-packages/airflow/example_dags/example_trigger_controller_dag.py for tasks to queue
[2025-01-23T20:01:06.675+0000] {logging_mixin.py:120} INFO - [2025-01-23T20:01:06.675+0000] {dagbag.py:537} INFO - Filling up the DagBag from /home/airflow/.local/lib/python3.7/site-packages/airflow/example_dags/example_trigger_controller_dag.py
[2025-01-23T20:01:06.700+0000] {processor.py:766} INFO - DAG(s) dict_keys(['example_trigger_controller_dag']) retrieved from /home/airflow/.local/lib/python3.7/site-packages/airflow/example_dags/example_trigger_controller_dag.py
[2025-01-23T20:01:06.812+0000] {logging_mixin.py:120} INFO - [2025-01-23T20:01:06.811+0000] {dag.py:2585} INFO - Sync 1 DAGs
[2025-01-23T20:01:06.891+0000] {logging_mixin.py:120} INFO - [2025-01-23T20:01:06.890+0000] {dag.py:3340} INFO - Setting next_dagrun for example_trigger_controller_dag to 2021-01-01T00:00:00+00:00, run_after=2021-01-01T00:00:00+00:00
[2025-01-23T20:01:06.944+0000] {processor.py:176} INFO - Processing /home/airflow/.local/lib/python3.7/site-packages/airflow/example_dags/example_trigger_controller_dag.py took 0.278 seconds
[2025-01-23T20:01:37.212+0000] {processor.py:154} INFO - Started process (PID=46505) to work on /home/airflow/.local/lib/python3.7/site-packages/airflow/example_dags/example_trigger_controller_dag.py
[2025-01-23T20:01:37.214+0000] {processor.py:756} INFO - Processing file /home/airflow/.local/lib/python3.7/site-packages/airflow/example_dags/example_trigger_controller_dag.py for tasks to queue
[2025-01-23T20:01:37.215+0000] {logging_mixin.py:120} INFO - [2025-01-23T20:01:37.215+0000] {dagbag.py:537} INFO - Filling up the DagBag from /home/airflow/.local/lib/python3.7/site-packages/airflow/example_dags/example_trigger_controller_dag.py
[2025-01-23T20:01:37.242+0000] {processor.py:766} INFO - DAG(s) dict_keys(['example_trigger_controller_dag']) retrieved from /home/airflow/.local/lib/python3.7/site-packages/airflow/example_dags/example_trigger_controller_dag.py
[2025-01-23T20:01:37.328+0000] {logging_mixin.py:120} INFO - [2025-01-23T20:01:37.328+0000] {dag.py:2585} INFO - Sync 1 DAGs
[2025-01-23T20:01:37.395+0000] {logging_mixin.py:120} INFO - [2025-01-23T20:01:37.395+0000] {dag.py:3340} INFO - Setting next_dagrun for example_trigger_controller_dag to 2021-01-01T00:00:00+00:00, run_after=2021-01-01T00:00:00+00:00
[2025-01-23T20:01:37.445+0000] {processor.py:176} INFO - Processing /home/airflow/.local/lib/python3.7/site-packages/airflow/example_dags/example_trigger_controller_dag.py took 0.239 seconds
[2025-01-23T20:02:07.638+0000] {processor.py:154} INFO - Started process (PID=46559) to work on /home/airflow/.local/lib/python3.7/site-packages/airflow/example_dags/example_trigger_controller_dag.py
[2025-01-23T20:02:07.639+0000] {processor.py:756} INFO - Processing file /home/airflow/.local/lib/python3.7/site-packages/airflow/example_dags/example_trigger_controller_dag.py for tasks to queue
[2025-01-23T20:02:07.641+0000] {logging_mixin.py:120} INFO - [2025-01-23T20:02:07.640+0000] {dagbag.py:537} INFO - Filling up the DagBag from /home/airflow/.local/lib/python3.7/site-packages/airflow/example_dags/example_trigger_controller_dag.py
[2025-01-23T20:02:07.664+0000] {processor.py:766} INFO - DAG(s) dict_keys(['example_trigger_controller_dag']) retrieved from /home/airflow/.local/lib/python3.7/site-packages/airflow/example_dags/example_trigger_controller_dag.py
[2025-01-23T20:02:07.736+0000] {logging_mixin.py:120} INFO - [2025-01-23T20:02:07.735+0000] {dag.py:2585} INFO - Sync 1 DAGs
[2025-01-23T20:02:07.784+0000] {logging_mixin.py:120} INFO - [2025-01-23T20:02:07.783+0000] {dag.py:3340} INFO - Setting next_dagrun for example_trigger_controller_dag to 2021-01-01T00:00:00+00:00, run_after=2021-01-01T00:00:00+00:00
[2025-01-23T20:02:07.823+0000] {processor.py:176} INFO - Processing /home/airflow/.local/lib/python3.7/site-packages/airflow/example_dags/example_trigger_controller_dag.py took 0.191 seconds
[2025-01-23T20:02:38.445+0000] {processor.py:154} INFO - Started process (PID=46622) to work on /home/airflow/.local/lib/python3.7/site-packages/airflow/example_dags/example_trigger_controller_dag.py
[2025-01-23T20:02:38.446+0000] {processor.py:756} INFO - Processing file /home/airflow/.local/lib/python3.7/site-packages/airflow/example_dags/example_trigger_controller_dag.py for tasks to queue
[2025-01-23T20:02:38.448+0000] {logging_mixin.py:120} INFO - [2025-01-23T20:02:38.448+0000] {dagbag.py:537} INFO - Filling up the DagBag from /home/airflow/.local/lib/python3.7/site-packages/airflow/example_dags/example_trigger_controller_dag.py
[2025-01-23T20:02:38.467+0000] {processor.py:766} INFO - DAG(s) dict_keys(['example_trigger_controller_dag']) retrieved from /home/airflow/.local/lib/python3.7/site-packages/airflow/example_dags/example_trigger_controller_dag.py
[2025-01-23T20:02:38.534+0000] {logging_mixin.py:120} INFO - [2025-01-23T20:02:38.534+0000] {dag.py:2585} INFO - Sync 1 DAGs
[2025-01-23T20:02:38.579+0000] {logging_mixin.py:120} INFO - [2025-01-23T20:02:38.578+0000] {dag.py:3340} INFO - Setting next_dagrun for example_trigger_controller_dag to 2021-01-01T00:00:00+00:00, run_after=2021-01-01T00:00:00+00:00
[2025-01-23T20:02:38.611+0000] {processor.py:176} INFO - Processing /home/airflow/.local/lib/python3.7/site-packages/airflow/example_dags/example_trigger_controller_dag.py took 0.173 seconds
[2025-01-23T20:03:09.267+0000] {processor.py:154} INFO - Started process (PID=46676) to work on /home/airflow/.local/lib/python3.7/site-packages/airflow/example_dags/example_trigger_controller_dag.py
[2025-01-23T20:03:09.269+0000] {processor.py:756} INFO - Processing file /home/airflow/.local/lib/python3.7/site-packages/airflow/example_dags/example_trigger_controller_dag.py for tasks to queue
[2025-01-23T20:03:09.270+0000] {logging_mixin.py:120} INFO - [2025-01-23T20:03:09.270+0000] {dagbag.py:537} INFO - Filling up the DagBag from /home/airflow/.local/lib/python3.7/site-packages/airflow/example_dags/example_trigger_controller_dag.py
[2025-01-23T20:03:09.292+0000] {processor.py:766} INFO - DAG(s) dict_keys(['example_trigger_controller_dag']) retrieved from /home/airflow/.local/lib/python3.7/site-packages/airflow/example_dags/example_trigger_controller_dag.py
[2025-01-23T20:03:09.366+0000] {logging_mixin.py:120} INFO - [2025-01-23T20:03:09.366+0000] {dag.py:2585} INFO - Sync 1 DAGs
[2025-01-23T20:03:09.408+0000] {logging_mixin.py:120} INFO - [2025-01-23T20:03:09.408+0000] {dag.py:3340} INFO - Setting next_dagrun for example_trigger_controller_dag to 2021-01-01T00:00:00+00:00, run_after=2021-01-01T00:00:00+00:00
[2025-01-23T20:03:09.443+0000] {processor.py:176} INFO - Processing /home/airflow/.local/lib/python3.7/site-packages/airflow/example_dags/example_trigger_controller_dag.py took 0.182 seconds
[2025-01-23T20:03:39.803+0000] {processor.py:154} INFO - Started process (PID=46737) to work on /home/airflow/.local/lib/python3.7/site-packages/airflow/example_dags/example_trigger_controller_dag.py
[2025-01-23T20:03:39.805+0000] {processor.py:756} INFO - Processing file /home/airflow/.local/lib/python3.7/site-packages/airflow/example_dags/example_trigger_controller_dag.py for tasks to queue
[2025-01-23T20:03:39.806+0000] {logging_mixin.py:120} INFO - [2025-01-23T20:03:39.806+0000] {dagbag.py:537} INFO - Filling up the DagBag from /home/airflow/.local/lib/python3.7/site-packages/airflow/example_dags/example_trigger_controller_dag.py
[2025-01-23T20:03:39.832+0000] {processor.py:766} INFO - DAG(s) dict_keys(['example_trigger_controller_dag']) retrieved from /home/airflow/.local/lib/python3.7/site-packages/airflow/example_dags/example_trigger_controller_dag.py
[2025-01-23T20:03:39.911+0000] {logging_mixin.py:120} INFO - [2025-01-23T20:03:39.910+0000] {dag.py:2585} INFO - Sync 1 DAGs
[2025-01-23T20:03:39.957+0000] {logging_mixin.py:120} INFO - [2025-01-23T20:03:39.957+0000] {dag.py:3340} INFO - Setting next_dagrun for example_trigger_controller_dag to 2021-01-01T00:00:00+00:00, run_after=2021-01-01T00:00:00+00:00
[2025-01-23T20:03:40.002+0000] {processor.py:176} INFO - Processing /home/airflow/.local/lib/python3.7/site-packages/airflow/example_dags/example_trigger_controller_dag.py took 0.206 seconds
[2025-01-23T20:04:10.948+0000] {processor.py:154} INFO - Started process (PID=46793) to work on /home/airflow/.local/lib/python3.7/site-packages/airflow/example_dags/example_trigger_controller_dag.py
[2025-01-23T20:04:10.952+0000] {processor.py:756} INFO - Processing file /home/airflow/.local/lib/python3.7/site-packages/airflow/example_dags/example_trigger_controller_dag.py for tasks to queue
[2025-01-23T20:04:10.955+0000] {logging_mixin.py:120} INFO - [2025-01-23T20:04:10.954+0000] {dagbag.py:537} INFO - Filling up the DagBag from /home/airflow/.local/lib/python3.7/site-packages/airflow/example_dags/example_trigger_controller_dag.py
[2025-01-23T20:04:11.007+0000] {processor.py:766} INFO - DAG(s) dict_keys(['example_trigger_controller_dag']) retrieved from /home/airflow/.local/lib/python3.7/site-packages/airflow/example_dags/example_trigger_controller_dag.py
[2025-01-23T20:04:11.184+0000] {logging_mixin.py:120} INFO - [2025-01-23T20:04:11.183+0000] {dag.py:2585} INFO - Sync 1 DAGs
[2025-01-23T20:04:11.247+0000] {logging_mixin.py:120} INFO - [2025-01-23T20:04:11.247+0000] {dag.py:3340} INFO - Setting next_dagrun for example_trigger_controller_dag to 2021-01-01T00:00:00+00:00, run_after=2021-01-01T00:00:00+00:00
[2025-01-23T20:04:11.303+0000] {processor.py:176} INFO - Processing /home/airflow/.local/lib/python3.7/site-packages/airflow/example_dags/example_trigger_controller_dag.py took 0.372 seconds
[2025-01-23T20:04:41.441+0000] {processor.py:154} INFO - Started process (PID=46847) to work on /home/airflow/.local/lib/python3.7/site-packages/airflow/example_dags/example_trigger_controller_dag.py
[2025-01-23T20:04:41.443+0000] {processor.py:756} INFO - Processing file /home/airflow/.local/lib/python3.7/site-packages/airflow/example_dags/example_trigger_controller_dag.py for tasks to queue
[2025-01-23T20:04:41.445+0000] {logging_mixin.py:120} INFO - [2025-01-23T20:04:41.445+0000] {dagbag.py:537} INFO - Filling up the DagBag from /home/airflow/.local/lib/python3.7/site-packages/airflow/example_dags/example_trigger_controller_dag.py
[2025-01-23T20:04:41.469+0000] {processor.py:766} INFO - DAG(s) dict_keys(['example_trigger_controller_dag']) retrieved from /home/airflow/.local/lib/python3.7/site-packages/airflow/example_dags/example_trigger_controller_dag.py
[2025-01-23T20:04:41.555+0000] {logging_mixin.py:120} INFO - [2025-01-23T20:04:41.555+0000] {dag.py:2585} INFO - Sync 1 DAGs
[2025-01-23T20:04:41.626+0000] {logging_mixin.py:120} INFO - [2025-01-23T20:04:41.626+0000] {dag.py:3340} INFO - Setting next_dagrun for example_trigger_controller_dag to 2021-01-01T00:00:00+00:00, run_after=2021-01-01T00:00:00+00:00
[2025-01-23T20:04:41.672+0000] {processor.py:176} INFO - Processing /home/airflow/.local/lib/python3.7/site-packages/airflow/example_dags/example_trigger_controller_dag.py took 0.237 seconds
[2025-01-23T20:05:12.656+0000] {processor.py:154} INFO - Started process (PID=46910) to work on /home/airflow/.local/lib/python3.7/site-packages/airflow/example_dags/example_trigger_controller_dag.py
[2025-01-23T20:05:12.658+0000] {processor.py:756} INFO - Processing file /home/airflow/.local/lib/python3.7/site-packages/airflow/example_dags/example_trigger_controller_dag.py for tasks to queue
[2025-01-23T20:05:12.660+0000] {logging_mixin.py:120} INFO - [2025-01-23T20:05:12.660+0000] {dagbag.py:537} INFO - Filling up the DagBag from /home/airflow/.local/lib/python3.7/site-packages/airflow/example_dags/example_trigger_controller_dag.py
[2025-01-23T20:05:12.681+0000] {processor.py:766} INFO - DAG(s) dict_keys(['example_trigger_controller_dag']) retrieved from /home/airflow/.local/lib/python3.7/site-packages/airflow/example_dags/example_trigger_controller_dag.py
[2025-01-23T20:05:12.778+0000] {logging_mixin.py:120} INFO - [2025-01-23T20:05:12.778+0000] {dag.py:2585} INFO - Sync 1 DAGs
[2025-01-23T20:05:12.910+0000] {logging_mixin.py:120} INFO - [2025-01-23T20:05:12.910+0000] {dag.py:3340} INFO - Setting next_dagrun for example_trigger_controller_dag to 2021-01-01T00:00:00+00:00, run_after=2021-01-01T00:00:00+00:00
[2025-01-23T20:05:12.956+0000] {processor.py:176} INFO - Processing /home/airflow/.local/lib/python3.7/site-packages/airflow/example_dags/example_trigger_controller_dag.py took 0.306 seconds
[2025-01-23T20:05:43.447+0000] {processor.py:154} INFO - Started process (PID=46964) to work on /home/airflow/.local/lib/python3.7/site-packages/airflow/example_dags/example_trigger_controller_dag.py
[2025-01-23T20:05:43.449+0000] {processor.py:756} INFO - Processing file /home/airflow/.local/lib/python3.7/site-packages/airflow/example_dags/example_trigger_controller_dag.py for tasks to queue
[2025-01-23T20:05:43.450+0000] {logging_mixin.py:120} INFO - [2025-01-23T20:05:43.450+0000] {dagbag.py:537} INFO - Filling up the DagBag from /home/airflow/.local/lib/python3.7/site-packages/airflow/example_dags/example_trigger_controller_dag.py
[2025-01-23T20:05:43.471+0000] {processor.py:766} INFO - DAG(s) dict_keys(['example_trigger_controller_dag']) retrieved from /home/airflow/.local/lib/python3.7/site-packages/airflow/example_dags/example_trigger_controller_dag.py
[2025-01-23T20:05:43.539+0000] {logging_mixin.py:120} INFO - [2025-01-23T20:05:43.538+0000] {dag.py:2585} INFO - Sync 1 DAGs
[2025-01-23T20:05:43.581+0000] {logging_mixin.py:120} INFO - [2025-01-23T20:05:43.580+0000] {dag.py:3340} INFO - Setting next_dagrun for example_trigger_controller_dag to 2021-01-01T00:00:00+00:00, run_after=2021-01-01T00:00:00+00:00
[2025-01-23T20:05:43.612+0000] {processor.py:176} INFO - Processing /home/airflow/.local/lib/python3.7/site-packages/airflow/example_dags/example_trigger_controller_dag.py took 0.170 seconds
[2025-01-23T20:06:14.149+0000] {processor.py:154} INFO - Started process (PID=47027) to work on /home/airflow/.local/lib/python3.7/site-packages/airflow/example_dags/example_trigger_controller_dag.py
[2025-01-23T20:06:14.151+0000] {processor.py:756} INFO - Processing file /home/airflow/.local/lib/python3.7/site-packages/airflow/example_dags/example_trigger_controller_dag.py for tasks to queue
[2025-01-23T20:06:14.152+0000] {logging_mixin.py:120} INFO - [2025-01-23T20:06:14.152+0000] {dagbag.py:537} INFO - Filling up the DagBag from /home/airflow/.local/lib/python3.7/site-packages/airflow/example_dags/example_trigger_controller_dag.py
[2025-01-23T20:06:14.172+0000] {processor.py:766} INFO - DAG(s) dict_keys(['example_trigger_controller_dag']) retrieved from /home/airflow/.local/lib/python3.7/site-packages/airflow/example_dags/example_trigger_controller_dag.py
[2025-01-23T20:06:14.236+0000] {logging_mixin.py:120} INFO - [2025-01-23T20:06:14.236+0000] {dag.py:2585} INFO - Sync 1 DAGs
[2025-01-23T20:06:14.276+0000] {logging_mixin.py:120} INFO - [2025-01-23T20:06:14.276+0000] {dag.py:3340} INFO - Setting next_dagrun for example_trigger_controller_dag to 2021-01-01T00:00:00+00:00, run_after=2021-01-01T00:00:00+00:00
[2025-01-23T20:06:14.313+0000] {processor.py:176} INFO - Processing /home/airflow/.local/lib/python3.7/site-packages/airflow/example_dags/example_trigger_controller_dag.py took 0.169 seconds
[2025-01-23T20:06:45.132+0000] {processor.py:154} INFO - Started process (PID=47081) to work on /home/airflow/.local/lib/python3.7/site-packages/airflow/example_dags/example_trigger_controller_dag.py
[2025-01-23T20:06:45.134+0000] {processor.py:756} INFO - Processing file /home/airflow/.local/lib/python3.7/site-packages/airflow/example_dags/example_trigger_controller_dag.py for tasks to queue
[2025-01-23T20:06:45.135+0000] {logging_mixin.py:120} INFO - [2025-01-23T20:06:45.135+0000] {dagbag.py:537} INFO - Filling up the DagBag from /home/airflow/.local/lib/python3.7/site-packages/airflow/example_dags/example_trigger_controller_dag.py
[2025-01-23T20:06:45.156+0000] {processor.py:766} INFO - DAG(s) dict_keys(['example_trigger_controller_dag']) retrieved from /home/airflow/.local/lib/python3.7/site-packages/airflow/example_dags/example_trigger_controller_dag.py
[2025-01-23T20:06:45.220+0000] {logging_mixin.py:120} INFO - [2025-01-23T20:06:45.220+0000] {dag.py:2585} INFO - Sync 1 DAGs
[2025-01-23T20:06:45.266+0000] {logging_mixin.py:120} INFO - [2025-01-23T20:06:45.266+0000] {dag.py:3340} INFO - Setting next_dagrun for example_trigger_controller_dag to 2021-01-01T00:00:00+00:00, run_after=2021-01-01T00:00:00+00:00
[2025-01-23T20:06:45.302+0000] {processor.py:176} INFO - Processing /home/airflow/.local/lib/python3.7/site-packages/airflow/example_dags/example_trigger_controller_dag.py took 0.175 seconds
[2025-01-23T20:07:15.706+0000] {processor.py:154} INFO - Started process (PID=47144) to work on /home/airflow/.local/lib/python3.7/site-packages/airflow/example_dags/example_trigger_controller_dag.py
[2025-01-23T20:07:15.710+0000] {processor.py:756} INFO - Processing file /home/airflow/.local/lib/python3.7/site-packages/airflow/example_dags/example_trigger_controller_dag.py for tasks to queue
[2025-01-23T20:07:15.715+0000] {logging_mixin.py:120} INFO - [2025-01-23T20:07:15.714+0000] {dagbag.py:537} INFO - Filling up the DagBag from /home/airflow/.local/lib/python3.7/site-packages/airflow/example_dags/example_trigger_controller_dag.py
[2025-01-23T20:07:15.781+0000] {processor.py:766} INFO - DAG(s) dict_keys(['example_trigger_controller_dag']) retrieved from /home/airflow/.local/lib/python3.7/site-packages/airflow/example_dags/example_trigger_controller_dag.py
[2025-01-23T20:07:15.861+0000] {logging_mixin.py:120} INFO - [2025-01-23T20:07:15.861+0000] {dag.py:2585} INFO - Sync 1 DAGs
[2025-01-23T20:07:15.904+0000] {logging_mixin.py:120} INFO - [2025-01-23T20:07:15.903+0000] {dag.py:3340} INFO - Setting next_dagrun for example_trigger_controller_dag to 2021-01-01T00:00:00+00:00, run_after=2021-01-01T00:00:00+00:00
[2025-01-23T20:07:15.945+0000] {processor.py:176} INFO - Processing /home/airflow/.local/lib/python3.7/site-packages/airflow/example_dags/example_trigger_controller_dag.py took 0.252 seconds
[2025-01-23T20:07:46.221+0000] {processor.py:154} INFO - Started process (PID=47198) to work on /home/airflow/.local/lib/python3.7/site-packages/airflow/example_dags/example_trigger_controller_dag.py
[2025-01-23T20:07:46.223+0000] {processor.py:756} INFO - Processing file /home/airflow/.local/lib/python3.7/site-packages/airflow/example_dags/example_trigger_controller_dag.py for tasks to queue
[2025-01-23T20:07:46.225+0000] {logging_mixin.py:120} INFO - [2025-01-23T20:07:46.225+0000] {dagbag.py:537} INFO - Filling up the DagBag from /home/airflow/.local/lib/python3.7/site-packages/airflow/example_dags/example_trigger_controller_dag.py
[2025-01-23T20:07:46.253+0000] {processor.py:766} INFO - DAG(s) dict_keys(['example_trigger_controller_dag']) retrieved from /home/airflow/.local/lib/python3.7/site-packages/airflow/example_dags/example_trigger_controller_dag.py
[2025-01-23T20:07:46.330+0000] {logging_mixin.py:120} INFO - [2025-01-23T20:07:46.329+0000] {dag.py:2585} INFO - Sync 1 DAGs
[2025-01-23T20:07:46.386+0000] {logging_mixin.py:120} INFO - [2025-01-23T20:07:46.386+0000] {dag.py:3340} INFO - Setting next_dagrun for example_trigger_controller_dag to 2021-01-01T00:00:00+00:00, run_after=2021-01-01T00:00:00+00:00
[2025-01-23T20:07:46.424+0000] {processor.py:176} INFO - Processing /home/airflow/.local/lib/python3.7/site-packages/airflow/example_dags/example_trigger_controller_dag.py took 0.210 seconds
[2025-01-23T20:08:16.895+0000] {processor.py:154} INFO - Started process (PID=47260) to work on /home/airflow/.local/lib/python3.7/site-packages/airflow/example_dags/example_trigger_controller_dag.py
[2025-01-23T20:08:16.897+0000] {processor.py:756} INFO - Processing file /home/airflow/.local/lib/python3.7/site-packages/airflow/example_dags/example_trigger_controller_dag.py for tasks to queue
[2025-01-23T20:08:16.898+0000] {logging_mixin.py:120} INFO - [2025-01-23T20:08:16.898+0000] {dagbag.py:537} INFO - Filling up the DagBag from /home/airflow/.local/lib/python3.7/site-packages/airflow/example_dags/example_trigger_controller_dag.py
[2025-01-23T20:08:16.918+0000] {processor.py:766} INFO - DAG(s) dict_keys(['example_trigger_controller_dag']) retrieved from /home/airflow/.local/lib/python3.7/site-packages/airflow/example_dags/example_trigger_controller_dag.py
[2025-01-23T20:08:16.999+0000] {logging_mixin.py:120} INFO - [2025-01-23T20:08:16.999+0000] {dag.py:2585} INFO - Sync 1 DAGs
[2025-01-23T20:08:17.041+0000] {logging_mixin.py:120} INFO - [2025-01-23T20:08:17.041+0000] {dag.py:3340} INFO - Setting next_dagrun for example_trigger_controller_dag to 2021-01-01T00:00:00+00:00, run_after=2021-01-01T00:00:00+00:00
[2025-01-23T20:08:17.105+0000] {processor.py:176} INFO - Processing /home/airflow/.local/lib/python3.7/site-packages/airflow/example_dags/example_trigger_controller_dag.py took 0.217 seconds
[2025-01-23T20:08:47.220+0000] {processor.py:154} INFO - Started process (PID=47314) to work on /home/airflow/.local/lib/python3.7/site-packages/airflow/example_dags/example_trigger_controller_dag.py
[2025-01-23T20:08:47.222+0000] {processor.py:756} INFO - Processing file /home/airflow/.local/lib/python3.7/site-packages/airflow/example_dags/example_trigger_controller_dag.py for tasks to queue
[2025-01-23T20:08:47.225+0000] {logging_mixin.py:120} INFO - [2025-01-23T20:08:47.224+0000] {dagbag.py:537} INFO - Filling up the DagBag from /home/airflow/.local/lib/python3.7/site-packages/airflow/example_dags/example_trigger_controller_dag.py
[2025-01-23T20:08:47.254+0000] {processor.py:766} INFO - DAG(s) dict_keys(['example_trigger_controller_dag']) retrieved from /home/airflow/.local/lib/python3.7/site-packages/airflow/example_dags/example_trigger_controller_dag.py
[2025-01-23T20:08:47.335+0000] {logging_mixin.py:120} INFO - [2025-01-23T20:08:47.335+0000] {dag.py:2585} INFO - Sync 1 DAGs
[2025-01-23T20:08:47.387+0000] {logging_mixin.py:120} INFO - [2025-01-23T20:08:47.387+0000] {dag.py:3340} INFO - Setting next_dagrun for example_trigger_controller_dag to 2021-01-01T00:00:00+00:00, run_after=2021-01-01T00:00:00+00:00
[2025-01-23T20:08:47.424+0000] {processor.py:176} INFO - Processing /home/airflow/.local/lib/python3.7/site-packages/airflow/example_dags/example_trigger_controller_dag.py took 0.211 seconds
[2025-01-23T20:09:18.366+0000] {processor.py:154} INFO - Started process (PID=47377) to work on /home/airflow/.local/lib/python3.7/site-packages/airflow/example_dags/example_trigger_controller_dag.py
[2025-01-23T20:09:18.367+0000] {processor.py:756} INFO - Processing file /home/airflow/.local/lib/python3.7/site-packages/airflow/example_dags/example_trigger_controller_dag.py for tasks to queue
[2025-01-23T20:09:18.369+0000] {logging_mixin.py:120} INFO - [2025-01-23T20:09:18.368+0000] {dagbag.py:537} INFO - Filling up the DagBag from /home/airflow/.local/lib/python3.7/site-packages/airflow/example_dags/example_trigger_controller_dag.py
[2025-01-23T20:09:18.391+0000] {processor.py:766} INFO - DAG(s) dict_keys(['example_trigger_controller_dag']) retrieved from /home/airflow/.local/lib/python3.7/site-packages/airflow/example_dags/example_trigger_controller_dag.py
[2025-01-23T20:09:18.465+0000] {logging_mixin.py:120} INFO - [2025-01-23T20:09:18.465+0000] {dag.py:2585} INFO - Sync 1 DAGs
[2025-01-23T20:09:18.515+0000] {logging_mixin.py:120} INFO - [2025-01-23T20:09:18.515+0000] {dag.py:3340} INFO - Setting next_dagrun for example_trigger_controller_dag to 2021-01-01T00:00:00+00:00, run_after=2021-01-01T00:00:00+00:00
[2025-01-23T20:09:18.548+0000] {processor.py:176} INFO - Processing /home/airflow/.local/lib/python3.7/site-packages/airflow/example_dags/example_trigger_controller_dag.py took 0.189 seconds
[2025-01-23T20:09:49.320+0000] {processor.py:154} INFO - Started process (PID=47431) to work on /home/airflow/.local/lib/python3.7/site-packages/airflow/example_dags/example_trigger_controller_dag.py
[2025-01-23T20:09:49.322+0000] {processor.py:756} INFO - Processing file /home/airflow/.local/lib/python3.7/site-packages/airflow/example_dags/example_trigger_controller_dag.py for tasks to queue
[2025-01-23T20:09:49.323+0000] {logging_mixin.py:120} INFO - [2025-01-23T20:09:49.323+0000] {dagbag.py:537} INFO - Filling up the DagBag from /home/airflow/.local/lib/python3.7/site-packages/airflow/example_dags/example_trigger_controller_dag.py
[2025-01-23T20:09:49.343+0000] {processor.py:766} INFO - DAG(s) dict_keys(['example_trigger_controller_dag']) retrieved from /home/airflow/.local/lib/python3.7/site-packages/airflow/example_dags/example_trigger_controller_dag.py
[2025-01-23T20:09:49.413+0000] {logging_mixin.py:120} INFO - [2025-01-23T20:09:49.412+0000] {dag.py:2585} INFO - Sync 1 DAGs
[2025-01-23T20:09:49.469+0000] {logging_mixin.py:120} INFO - [2025-01-23T20:09:49.468+0000] {dag.py:3340} INFO - Setting next_dagrun for example_trigger_controller_dag to 2021-01-01T00:00:00+00:00, run_after=2021-01-01T00:00:00+00:00
[2025-01-23T20:09:49.508+0000] {processor.py:176} INFO - Processing /home/airflow/.local/lib/python3.7/site-packages/airflow/example_dags/example_trigger_controller_dag.py took 0.193 seconds
[2025-01-23T20:10:20.474+0000] {processor.py:154} INFO - Started process (PID=47494) to work on /home/airflow/.local/lib/python3.7/site-packages/airflow/example_dags/example_trigger_controller_dag.py
[2025-01-23T20:10:20.476+0000] {processor.py:756} INFO - Processing file /home/airflow/.local/lib/python3.7/site-packages/airflow/example_dags/example_trigger_controller_dag.py for tasks to queue
[2025-01-23T20:10:20.478+0000] {logging_mixin.py:120} INFO - [2025-01-23T20:10:20.477+0000] {dagbag.py:537} INFO - Filling up the DagBag from /home/airflow/.local/lib/python3.7/site-packages/airflow/example_dags/example_trigger_controller_dag.py
[2025-01-23T20:10:20.497+0000] {processor.py:766} INFO - DAG(s) dict_keys(['example_trigger_controller_dag']) retrieved from /home/airflow/.local/lib/python3.7/site-packages/airflow/example_dags/example_trigger_controller_dag.py
[2025-01-23T20:10:20.583+0000] {logging_mixin.py:120} INFO - [2025-01-23T20:10:20.583+0000] {dag.py:2585} INFO - Sync 1 DAGs
[2025-01-23T20:10:20.645+0000] {logging_mixin.py:120} INFO - [2025-01-23T20:10:20.645+0000] {dag.py:3340} INFO - Setting next_dagrun for example_trigger_controller_dag to 2021-01-01T00:00:00+00:00, run_after=2021-01-01T00:00:00+00:00
[2025-01-23T20:10:20.686+0000] {processor.py:176} INFO - Processing /home/airflow/.local/lib/python3.7/site-packages/airflow/example_dags/example_trigger_controller_dag.py took 0.218 seconds
[2025-01-23T20:10:51.235+0000] {processor.py:154} INFO - Started process (PID=47548) to work on /home/airflow/.local/lib/python3.7/site-packages/airflow/example_dags/example_trigger_controller_dag.py
[2025-01-23T20:10:51.237+0000] {processor.py:756} INFO - Processing file /home/airflow/.local/lib/python3.7/site-packages/airflow/example_dags/example_trigger_controller_dag.py for tasks to queue
[2025-01-23T20:10:51.238+0000] {logging_mixin.py:120} INFO - [2025-01-23T20:10:51.238+0000] {dagbag.py:537} INFO - Filling up the DagBag from /home/airflow/.local/lib/python3.7/site-packages/airflow/example_dags/example_trigger_controller_dag.py
[2025-01-23T20:10:51.259+0000] {processor.py:766} INFO - DAG(s) dict_keys(['example_trigger_controller_dag']) retrieved from /home/airflow/.local/lib/python3.7/site-packages/airflow/example_dags/example_trigger_controller_dag.py
[2025-01-23T20:10:51.333+0000] {logging_mixin.py:120} INFO - [2025-01-23T20:10:51.333+0000] {dag.py:2585} INFO - Sync 1 DAGs
[2025-01-23T20:10:51.380+0000] {logging_mixin.py:120} INFO - [2025-01-23T20:10:51.380+0000] {dag.py:3340} INFO - Setting next_dagrun for example_trigger_controller_dag to 2021-01-01T00:00:00+00:00, run_after=2021-01-01T00:00:00+00:00
[2025-01-23T20:10:51.416+0000] {processor.py:176} INFO - Processing /home/airflow/.local/lib/python3.7/site-packages/airflow/example_dags/example_trigger_controller_dag.py took 0.188 seconds
[2025-01-23T20:11:22.273+0000] {processor.py:154} INFO - Started process (PID=47601) to work on /home/airflow/.local/lib/python3.7/site-packages/airflow/example_dags/example_trigger_controller_dag.py
[2025-01-23T20:11:22.274+0000] {processor.py:756} INFO - Processing file /home/airflow/.local/lib/python3.7/site-packages/airflow/example_dags/example_trigger_controller_dag.py for tasks to queue
[2025-01-23T20:11:22.276+0000] {logging_mixin.py:120} INFO - [2025-01-23T20:11:22.275+0000] {dagbag.py:537} INFO - Filling up the DagBag from /home/airflow/.local/lib/python3.7/site-packages/airflow/example_dags/example_trigger_controller_dag.py
[2025-01-23T20:11:22.295+0000] {processor.py:766} INFO - DAG(s) dict_keys(['example_trigger_controller_dag']) retrieved from /home/airflow/.local/lib/python3.7/site-packages/airflow/example_dags/example_trigger_controller_dag.py
[2025-01-23T20:11:22.362+0000] {logging_mixin.py:120} INFO - [2025-01-23T20:11:22.362+0000] {dag.py:2585} INFO - Sync 1 DAGs
[2025-01-23T20:11:22.409+0000] {logging_mixin.py:120} INFO - [2025-01-23T20:11:22.409+0000] {dag.py:3340} INFO - Setting next_dagrun for example_trigger_controller_dag to 2021-01-01T00:00:00+00:00, run_after=2021-01-01T00:00:00+00:00
[2025-01-23T20:11:22.440+0000] {processor.py:176} INFO - Processing /home/airflow/.local/lib/python3.7/site-packages/airflow/example_dags/example_trigger_controller_dag.py took 0.173 seconds
[2025-01-23T20:11:53.133+0000] {processor.py:154} INFO - Started process (PID=47664) to work on /home/airflow/.local/lib/python3.7/site-packages/airflow/example_dags/example_trigger_controller_dag.py
[2025-01-23T20:11:53.135+0000] {processor.py:756} INFO - Processing file /home/airflow/.local/lib/python3.7/site-packages/airflow/example_dags/example_trigger_controller_dag.py for tasks to queue
[2025-01-23T20:11:53.136+0000] {logging_mixin.py:120} INFO - [2025-01-23T20:11:53.136+0000] {dagbag.py:537} INFO - Filling up the DagBag from /home/airflow/.local/lib/python3.7/site-packages/airflow/example_dags/example_trigger_controller_dag.py
[2025-01-23T20:11:53.156+0000] {processor.py:766} INFO - DAG(s) dict_keys(['example_trigger_controller_dag']) retrieved from /home/airflow/.local/lib/python3.7/site-packages/airflow/example_dags/example_trigger_controller_dag.py
[2025-01-23T20:11:53.241+0000] {logging_mixin.py:120} INFO - [2025-01-23T20:11:53.241+0000] {dag.py:2585} INFO - Sync 1 DAGs
[2025-01-23T20:11:53.292+0000] {logging_mixin.py:120} INFO - [2025-01-23T20:11:53.292+0000] {dag.py:3340} INFO - Setting next_dagrun for example_trigger_controller_dag to 2021-01-01T00:00:00+00:00, run_after=2021-01-01T00:00:00+00:00
[2025-01-23T20:11:53.330+0000] {processor.py:176} INFO - Processing /home/airflow/.local/lib/python3.7/site-packages/airflow/example_dags/example_trigger_controller_dag.py took 0.202 seconds
[2025-01-23T20:12:24.141+0000] {processor.py:154} INFO - Started process (PID=47719) to work on /home/airflow/.local/lib/python3.7/site-packages/airflow/example_dags/example_trigger_controller_dag.py
[2025-01-23T20:12:24.146+0000] {processor.py:756} INFO - Processing file /home/airflow/.local/lib/python3.7/site-packages/airflow/example_dags/example_trigger_controller_dag.py for tasks to queue
[2025-01-23T20:12:24.148+0000] {logging_mixin.py:120} INFO - [2025-01-23T20:12:24.147+0000] {dagbag.py:537} INFO - Filling up the DagBag from /home/airflow/.local/lib/python3.7/site-packages/airflow/example_dags/example_trigger_controller_dag.py
[2025-01-23T20:12:24.171+0000] {processor.py:766} INFO - DAG(s) dict_keys(['example_trigger_controller_dag']) retrieved from /home/airflow/.local/lib/python3.7/site-packages/airflow/example_dags/example_trigger_controller_dag.py
[2025-01-23T20:12:24.250+0000] {logging_mixin.py:120} INFO - [2025-01-23T20:12:24.249+0000] {dag.py:2585} INFO - Sync 1 DAGs
[2025-01-23T20:12:24.347+0000] {logging_mixin.py:120} INFO - [2025-01-23T20:12:24.346+0000] {dag.py:3340} INFO - Setting next_dagrun for example_trigger_controller_dag to 2021-01-01T00:00:00+00:00, run_after=2021-01-01T00:00:00+00:00
[2025-01-23T20:12:24.411+0000] {processor.py:176} INFO - Processing /home/airflow/.local/lib/python3.7/site-packages/airflow/example_dags/example_trigger_controller_dag.py took 0.276 seconds
