[2025-01-23T19:50:25.813+0000] {processor.py:154} INFO - Started process (PID=45304) to work on /home/airflow/.local/lib/python3.7/site-packages/airflow/example_dags/example_latest_only.py
[2025-01-23T19:50:25.896+0000] {processor.py:756} INFO - Processing file /home/airflow/.local/lib/python3.7/site-packages/airflow/example_dags/example_latest_only.py for tasks to queue
[2025-01-23T19:50:25.939+0000] {logging_mixin.py:120} INFO - [2025-01-23T19:50:25.939+0000] {dagbag.py:537} INFO - Filling up the DagBag from /home/airflow/.local/lib/python3.7/site-packages/airflow/example_dags/example_latest_only.py
[2025-01-23T19:50:26.417+0000] {processor.py:766} INFO - DAG(s) dict_keys(['latest_only']) retrieved from /home/airflow/.local/lib/python3.7/site-packages/airflow/example_dags/example_latest_only.py
[2025-01-23T19:50:27.005+0000] {logging_mixin.py:120} INFO - [2025-01-23T19:50:27.005+0000] {dag.py:2585} INFO - Sync 1 DAGs
[2025-01-23T19:50:27.635+0000] {logging_mixin.py:120} INFO - [2025-01-23T19:50:27.635+0000] {dag.py:3340} INFO - Setting next_dagrun for latest_only to 2025-01-23T15:50:27.633329+00:00, run_after=2025-01-23T19:50:27.633329+00:00
[2025-01-23T19:50:28.121+0000] {processor.py:176} INFO - Processing /home/airflow/.local/lib/python3.7/site-packages/airflow/example_dags/example_latest_only.py took 2.327 seconds
[2025-01-23T19:50:58.857+0000] {processor.py:154} INFO - Started process (PID=45351) to work on /home/airflow/.local/lib/python3.7/site-packages/airflow/example_dags/example_latest_only.py
[2025-01-23T19:50:58.870+0000] {processor.py:756} INFO - Processing file /home/airflow/.local/lib/python3.7/site-packages/airflow/example_dags/example_latest_only.py for tasks to queue
[2025-01-23T19:50:58.872+0000] {logging_mixin.py:120} INFO - [2025-01-23T19:50:58.872+0000] {dagbag.py:537} INFO - Filling up the DagBag from /home/airflow/.local/lib/python3.7/site-packages/airflow/example_dags/example_latest_only.py
[2025-01-23T19:50:58.983+0000] {processor.py:766} INFO - DAG(s) dict_keys(['latest_only']) retrieved from /home/airflow/.local/lib/python3.7/site-packages/airflow/example_dags/example_latest_only.py
[2025-01-23T19:50:59.289+0000] {logging_mixin.py:120} INFO - [2025-01-23T19:50:59.289+0000] {dag.py:2585} INFO - Sync 1 DAGs
[2025-01-23T19:50:59.476+0000] {logging_mixin.py:120} INFO - [2025-01-23T19:50:59.475+0000] {dag.py:3340} INFO - Setting next_dagrun for latest_only to 2025-01-23T15:50:59.475487+00:00, run_after=2025-01-23T19:50:59.475487+00:00
[2025-01-23T19:50:59.589+0000] {processor.py:176} INFO - Processing /home/airflow/.local/lib/python3.7/site-packages/airflow/example_dags/example_latest_only.py took 0.745 seconds
[2025-01-23T19:51:30.153+0000] {processor.py:154} INFO - Started process (PID=45406) to work on /home/airflow/.local/lib/python3.7/site-packages/airflow/example_dags/example_latest_only.py
[2025-01-23T19:51:30.166+0000] {processor.py:756} INFO - Processing file /home/airflow/.local/lib/python3.7/site-packages/airflow/example_dags/example_latest_only.py for tasks to queue
[2025-01-23T19:51:30.168+0000] {logging_mixin.py:120} INFO - [2025-01-23T19:51:30.168+0000] {dagbag.py:537} INFO - Filling up the DagBag from /home/airflow/.local/lib/python3.7/site-packages/airflow/example_dags/example_latest_only.py
[2025-01-23T19:51:30.280+0000] {processor.py:766} INFO - DAG(s) dict_keys(['latest_only']) retrieved from /home/airflow/.local/lib/python3.7/site-packages/airflow/example_dags/example_latest_only.py
[2025-01-23T19:51:30.555+0000] {logging_mixin.py:120} INFO - [2025-01-23T19:51:30.554+0000] {dag.py:2585} INFO - Sync 1 DAGs
[2025-01-23T19:51:30.767+0000] {logging_mixin.py:120} INFO - [2025-01-23T19:51:30.766+0000] {dag.py:3340} INFO - Setting next_dagrun for latest_only to 2025-01-23T15:51:30.766483+00:00, run_after=2025-01-23T19:51:30.766483+00:00
[2025-01-23T19:51:30.894+0000] {processor.py:176} INFO - Processing /home/airflow/.local/lib/python3.7/site-packages/airflow/example_dags/example_latest_only.py took 0.761 seconds
[2025-01-23T19:52:01.466+0000] {processor.py:154} INFO - Started process (PID=45451) to work on /home/airflow/.local/lib/python3.7/site-packages/airflow/example_dags/example_latest_only.py
[2025-01-23T19:52:01.479+0000] {processor.py:756} INFO - Processing file /home/airflow/.local/lib/python3.7/site-packages/airflow/example_dags/example_latest_only.py for tasks to queue
[2025-01-23T19:52:01.481+0000] {logging_mixin.py:120} INFO - [2025-01-23T19:52:01.480+0000] {dagbag.py:537} INFO - Filling up the DagBag from /home/airflow/.local/lib/python3.7/site-packages/airflow/example_dags/example_latest_only.py
[2025-01-23T19:52:01.546+0000] {processor.py:766} INFO - DAG(s) dict_keys(['latest_only']) retrieved from /home/airflow/.local/lib/python3.7/site-packages/airflow/example_dags/example_latest_only.py
[2025-01-23T19:52:01.743+0000] {logging_mixin.py:120} INFO - [2025-01-23T19:52:01.743+0000] {dag.py:2585} INFO - Sync 1 DAGs
[2025-01-23T19:52:01.919+0000] {logging_mixin.py:120} INFO - [2025-01-23T19:52:01.919+0000] {dag.py:3340} INFO - Setting next_dagrun for latest_only to 2025-01-23T15:52:01.918964+00:00, run_after=2025-01-23T19:52:01.918964+00:00
[2025-01-23T19:52:02.027+0000] {processor.py:176} INFO - Processing /home/airflow/.local/lib/python3.7/site-packages/airflow/example_dags/example_latest_only.py took 0.567 seconds
[2025-01-23T19:52:32.928+0000] {processor.py:154} INFO - Started process (PID=45505) to work on /home/airflow/.local/lib/python3.7/site-packages/airflow/example_dags/example_latest_only.py
[2025-01-23T19:52:32.938+0000] {processor.py:756} INFO - Processing file /home/airflow/.local/lib/python3.7/site-packages/airflow/example_dags/example_latest_only.py for tasks to queue
[2025-01-23T19:52:32.941+0000] {logging_mixin.py:120} INFO - [2025-01-23T19:52:32.940+0000] {dagbag.py:537} INFO - Filling up the DagBag from /home/airflow/.local/lib/python3.7/site-packages/airflow/example_dags/example_latest_only.py
[2025-01-23T19:52:33.015+0000] {processor.py:766} INFO - DAG(s) dict_keys(['latest_only']) retrieved from /home/airflow/.local/lib/python3.7/site-packages/airflow/example_dags/example_latest_only.py
[2025-01-23T19:52:33.201+0000] {logging_mixin.py:120} INFO - [2025-01-23T19:52:33.201+0000] {dag.py:2585} INFO - Sync 1 DAGs
[2025-01-23T19:52:33.390+0000] {logging_mixin.py:120} INFO - [2025-01-23T19:52:33.380+0000] {dag.py:3340} INFO - Setting next_dagrun for latest_only to 2025-01-23T15:52:33.379760+00:00, run_after=2025-01-23T19:52:33.379760+00:00
[2025-01-23T19:52:33.502+0000] {processor.py:176} INFO - Processing /home/airflow/.local/lib/python3.7/site-packages/airflow/example_dags/example_latest_only.py took 0.585 seconds
[2025-01-23T19:53:03.948+0000] {processor.py:154} INFO - Started process (PID=45559) to work on /home/airflow/.local/lib/python3.7/site-packages/airflow/example_dags/example_latest_only.py
[2025-01-23T19:53:03.950+0000] {processor.py:756} INFO - Processing file /home/airflow/.local/lib/python3.7/site-packages/airflow/example_dags/example_latest_only.py for tasks to queue
[2025-01-23T19:53:03.952+0000] {logging_mixin.py:120} INFO - [2025-01-23T19:53:03.951+0000] {dagbag.py:537} INFO - Filling up the DagBag from /home/airflow/.local/lib/python3.7/site-packages/airflow/example_dags/example_latest_only.py
[2025-01-23T19:53:03.978+0000] {processor.py:766} INFO - DAG(s) dict_keys(['latest_only']) retrieved from /home/airflow/.local/lib/python3.7/site-packages/airflow/example_dags/example_latest_only.py
[2025-01-23T19:53:04.053+0000] {logging_mixin.py:120} INFO - [2025-01-23T19:53:04.053+0000] {dag.py:2585} INFO - Sync 1 DAGs
[2025-01-23T19:53:04.096+0000] {logging_mixin.py:120} INFO - [2025-01-23T19:53:04.096+0000] {dag.py:3340} INFO - Setting next_dagrun for latest_only to 2025-01-23T15:53:04.095897+00:00, run_after=2025-01-23T19:53:04.095897+00:00
[2025-01-23T19:53:04.131+0000] {processor.py:176} INFO - Processing /home/airflow/.local/lib/python3.7/site-packages/airflow/example_dags/example_latest_only.py took 0.187 seconds
[2025-01-23T19:53:34.777+0000] {processor.py:154} INFO - Started process (PID=45622) to work on /home/airflow/.local/lib/python3.7/site-packages/airflow/example_dags/example_latest_only.py
[2025-01-23T19:53:34.778+0000] {processor.py:756} INFO - Processing file /home/airflow/.local/lib/python3.7/site-packages/airflow/example_dags/example_latest_only.py for tasks to queue
[2025-01-23T19:53:34.780+0000] {logging_mixin.py:120} INFO - [2025-01-23T19:53:34.780+0000] {dagbag.py:537} INFO - Filling up the DagBag from /home/airflow/.local/lib/python3.7/site-packages/airflow/example_dags/example_latest_only.py
[2025-01-23T19:53:34.810+0000] {processor.py:766} INFO - DAG(s) dict_keys(['latest_only']) retrieved from /home/airflow/.local/lib/python3.7/site-packages/airflow/example_dags/example_latest_only.py
[2025-01-23T19:53:34.885+0000] {logging_mixin.py:120} INFO - [2025-01-23T19:53:34.884+0000] {dag.py:2585} INFO - Sync 1 DAGs
[2025-01-23T19:53:34.930+0000] {logging_mixin.py:120} INFO - [2025-01-23T19:53:34.930+0000] {dag.py:3340} INFO - Setting next_dagrun for latest_only to 2025-01-23T15:53:34.929717+00:00, run_after=2025-01-23T19:53:34.929717+00:00
[2025-01-23T19:53:34.971+0000] {processor.py:176} INFO - Processing /home/airflow/.local/lib/python3.7/site-packages/airflow/example_dags/example_latest_only.py took 0.201 seconds
[2025-01-23T19:54:05.818+0000] {processor.py:154} INFO - Started process (PID=45676) to work on /home/airflow/.local/lib/python3.7/site-packages/airflow/example_dags/example_latest_only.py
[2025-01-23T19:54:05.819+0000] {processor.py:756} INFO - Processing file /home/airflow/.local/lib/python3.7/site-packages/airflow/example_dags/example_latest_only.py for tasks to queue
[2025-01-23T19:54:05.820+0000] {logging_mixin.py:120} INFO - [2025-01-23T19:54:05.820+0000] {dagbag.py:537} INFO - Filling up the DagBag from /home/airflow/.local/lib/python3.7/site-packages/airflow/example_dags/example_latest_only.py
[2025-01-23T19:54:05.846+0000] {processor.py:766} INFO - DAG(s) dict_keys(['latest_only']) retrieved from /home/airflow/.local/lib/python3.7/site-packages/airflow/example_dags/example_latest_only.py
[2025-01-23T19:54:05.912+0000] {logging_mixin.py:120} INFO - [2025-01-23T19:54:05.912+0000] {dag.py:2585} INFO - Sync 1 DAGs
[2025-01-23T19:54:05.954+0000] {logging_mixin.py:120} INFO - [2025-01-23T19:54:05.954+0000] {dag.py:3340} INFO - Setting next_dagrun for latest_only to 2025-01-23T15:54:05.953605+00:00, run_after=2025-01-23T19:54:05.953605+00:00
[2025-01-23T19:54:05.987+0000] {processor.py:176} INFO - Processing /home/airflow/.local/lib/python3.7/site-packages/airflow/example_dags/example_latest_only.py took 0.176 seconds
[2025-01-23T19:54:36.306+0000] {processor.py:154} INFO - Started process (PID=45730) to work on /home/airflow/.local/lib/python3.7/site-packages/airflow/example_dags/example_latest_only.py
[2025-01-23T19:54:36.310+0000] {processor.py:756} INFO - Processing file /home/airflow/.local/lib/python3.7/site-packages/airflow/example_dags/example_latest_only.py for tasks to queue
[2025-01-23T19:54:36.314+0000] {logging_mixin.py:120} INFO - [2025-01-23T19:54:36.314+0000] {dagbag.py:537} INFO - Filling up the DagBag from /home/airflow/.local/lib/python3.7/site-packages/airflow/example_dags/example_latest_only.py
[2025-01-23T19:54:36.382+0000] {processor.py:766} INFO - DAG(s) dict_keys(['latest_only']) retrieved from /home/airflow/.local/lib/python3.7/site-packages/airflow/example_dags/example_latest_only.py
[2025-01-23T19:54:36.602+0000] {logging_mixin.py:120} INFO - [2025-01-23T19:54:36.602+0000] {dag.py:2585} INFO - Sync 1 DAGs
[2025-01-23T19:54:36.674+0000] {logging_mixin.py:120} INFO - [2025-01-23T19:54:36.673+0000] {dag.py:3340} INFO - Setting next_dagrun for latest_only to 2025-01-23T15:54:36.673210+00:00, run_after=2025-01-23T19:54:36.673210+00:00
[2025-01-23T19:54:36.719+0000] {processor.py:176} INFO - Processing /home/airflow/.local/lib/python3.7/site-packages/airflow/example_dags/example_latest_only.py took 0.426 seconds
[2025-01-23T19:55:06.980+0000] {processor.py:154} INFO - Started process (PID=45793) to work on /home/airflow/.local/lib/python3.7/site-packages/airflow/example_dags/example_latest_only.py
[2025-01-23T19:55:06.982+0000] {processor.py:756} INFO - Processing file /home/airflow/.local/lib/python3.7/site-packages/airflow/example_dags/example_latest_only.py for tasks to queue
[2025-01-23T19:55:06.983+0000] {logging_mixin.py:120} INFO - [2025-01-23T19:55:06.983+0000] {dagbag.py:537} INFO - Filling up the DagBag from /home/airflow/.local/lib/python3.7/site-packages/airflow/example_dags/example_latest_only.py
[2025-01-23T19:55:07.010+0000] {processor.py:766} INFO - DAG(s) dict_keys(['latest_only']) retrieved from /home/airflow/.local/lib/python3.7/site-packages/airflow/example_dags/example_latest_only.py
[2025-01-23T19:55:07.094+0000] {logging_mixin.py:120} INFO - [2025-01-23T19:55:07.094+0000] {dag.py:2585} INFO - Sync 1 DAGs
[2025-01-23T19:55:07.148+0000] {logging_mixin.py:120} INFO - [2025-01-23T19:55:07.148+0000] {dag.py:3340} INFO - Setting next_dagrun for latest_only to 2025-01-23T15:55:07.147966+00:00, run_after=2025-01-23T19:55:07.147966+00:00
[2025-01-23T19:55:07.187+0000] {processor.py:176} INFO - Processing /home/airflow/.local/lib/python3.7/site-packages/airflow/example_dags/example_latest_only.py took 0.213 seconds
[2025-01-23T19:55:38.185+0000] {processor.py:154} INFO - Started process (PID=45848) to work on /home/airflow/.local/lib/python3.7/site-packages/airflow/example_dags/example_latest_only.py
[2025-01-23T19:55:38.189+0000] {processor.py:756} INFO - Processing file /home/airflow/.local/lib/python3.7/site-packages/airflow/example_dags/example_latest_only.py for tasks to queue
[2025-01-23T19:55:38.192+0000] {logging_mixin.py:120} INFO - [2025-01-23T19:55:38.192+0000] {dagbag.py:537} INFO - Filling up the DagBag from /home/airflow/.local/lib/python3.7/site-packages/airflow/example_dags/example_latest_only.py
[2025-01-23T19:55:38.256+0000] {processor.py:766} INFO - DAG(s) dict_keys(['latest_only']) retrieved from /home/airflow/.local/lib/python3.7/site-packages/airflow/example_dags/example_latest_only.py
[2025-01-23T19:55:38.332+0000] {logging_mixin.py:120} INFO - [2025-01-23T19:55:38.332+0000] {dag.py:2585} INFO - Sync 1 DAGs
[2025-01-23T19:55:38.375+0000] {logging_mixin.py:120} INFO - [2025-01-23T19:55:38.374+0000] {dag.py:3340} INFO - Setting next_dagrun for latest_only to 2025-01-23T15:55:38.374639+00:00, run_after=2025-01-23T19:55:38.374639+00:00
[2025-01-23T19:55:38.407+0000] {processor.py:176} INFO - Processing /home/airflow/.local/lib/python3.7/site-packages/airflow/example_dags/example_latest_only.py took 0.235 seconds
[2025-01-23T19:56:08.744+0000] {processor.py:154} INFO - Started process (PID=45902) to work on /home/airflow/.local/lib/python3.7/site-packages/airflow/example_dags/example_latest_only.py
[2025-01-23T19:56:08.747+0000] {processor.py:756} INFO - Processing file /home/airflow/.local/lib/python3.7/site-packages/airflow/example_dags/example_latest_only.py for tasks to queue
[2025-01-23T19:56:08.749+0000] {logging_mixin.py:120} INFO - [2025-01-23T19:56:08.748+0000] {dagbag.py:537} INFO - Filling up the DagBag from /home/airflow/.local/lib/python3.7/site-packages/airflow/example_dags/example_latest_only.py
[2025-01-23T19:56:08.832+0000] {processor.py:766} INFO - DAG(s) dict_keys(['latest_only']) retrieved from /home/airflow/.local/lib/python3.7/site-packages/airflow/example_dags/example_latest_only.py
[2025-01-23T19:56:09.045+0000] {logging_mixin.py:120} INFO - [2025-01-23T19:56:09.035+0000] {dag.py:2585} INFO - Sync 1 DAGs
[2025-01-23T19:56:09.185+0000] {logging_mixin.py:120} INFO - [2025-01-23T19:56:09.185+0000] {dag.py:3340} INFO - Setting next_dagrun for latest_only to 2025-01-23T15:56:09.184619+00:00, run_after=2025-01-23T19:56:09.184619+00:00
[2025-01-23T19:56:09.266+0000] {processor.py:176} INFO - Processing /home/airflow/.local/lib/python3.7/site-packages/airflow/example_dags/example_latest_only.py took 0.539 seconds
[2025-01-23T19:56:39.429+0000] {processor.py:154} INFO - Started process (PID=45956) to work on /home/airflow/.local/lib/python3.7/site-packages/airflow/example_dags/example_latest_only.py
[2025-01-23T19:56:39.431+0000] {processor.py:756} INFO - Processing file /home/airflow/.local/lib/python3.7/site-packages/airflow/example_dags/example_latest_only.py for tasks to queue
[2025-01-23T19:56:39.433+0000] {logging_mixin.py:120} INFO - [2025-01-23T19:56:39.433+0000] {dagbag.py:537} INFO - Filling up the DagBag from /home/airflow/.local/lib/python3.7/site-packages/airflow/example_dags/example_latest_only.py
[2025-01-23T19:56:39.457+0000] {processor.py:766} INFO - DAG(s) dict_keys(['latest_only']) retrieved from /home/airflow/.local/lib/python3.7/site-packages/airflow/example_dags/example_latest_only.py
[2025-01-23T19:56:39.527+0000] {logging_mixin.py:120} INFO - [2025-01-23T19:56:39.527+0000] {dag.py:2585} INFO - Sync 1 DAGs
[2025-01-23T19:56:39.588+0000] {logging_mixin.py:120} INFO - [2025-01-23T19:56:39.588+0000] {dag.py:3340} INFO - Setting next_dagrun for latest_only to 2025-01-23T15:56:39.587366+00:00, run_after=2025-01-23T19:56:39.587366+00:00
[2025-01-23T19:56:39.636+0000] {processor.py:176} INFO - Processing /home/airflow/.local/lib/python3.7/site-packages/airflow/example_dags/example_latest_only.py took 0.212 seconds
[2025-01-23T19:57:09.946+0000] {processor.py:154} INFO - Started process (PID=46010) to work on /home/airflow/.local/lib/python3.7/site-packages/airflow/example_dags/example_latest_only.py
[2025-01-23T19:57:09.948+0000] {processor.py:756} INFO - Processing file /home/airflow/.local/lib/python3.7/site-packages/airflow/example_dags/example_latest_only.py for tasks to queue
[2025-01-23T19:57:09.950+0000] {logging_mixin.py:120} INFO - [2025-01-23T19:57:09.950+0000] {dagbag.py:537} INFO - Filling up the DagBag from /home/airflow/.local/lib/python3.7/site-packages/airflow/example_dags/example_latest_only.py
[2025-01-23T19:57:09.989+0000] {processor.py:766} INFO - DAG(s) dict_keys(['latest_only']) retrieved from /home/airflow/.local/lib/python3.7/site-packages/airflow/example_dags/example_latest_only.py
[2025-01-23T19:57:10.081+0000] {logging_mixin.py:120} INFO - [2025-01-23T19:57:10.081+0000] {dag.py:2585} INFO - Sync 1 DAGs
[2025-01-23T19:57:10.134+0000] {logging_mixin.py:120} INFO - [2025-01-23T19:57:10.133+0000] {dag.py:3340} INFO - Setting next_dagrun for latest_only to 2025-01-23T15:57:10.133463+00:00, run_after=2025-01-23T19:57:10.133463+00:00
[2025-01-23T19:57:10.179+0000] {processor.py:176} INFO - Processing /home/airflow/.local/lib/python3.7/site-packages/airflow/example_dags/example_latest_only.py took 0.240 seconds
[2025-01-23T19:57:40.455+0000] {processor.py:154} INFO - Started process (PID=46071) to work on /home/airflow/.local/lib/python3.7/site-packages/airflow/example_dags/example_latest_only.py
[2025-01-23T19:57:40.457+0000] {processor.py:756} INFO - Processing file /home/airflow/.local/lib/python3.7/site-packages/airflow/example_dags/example_latest_only.py for tasks to queue
[2025-01-23T19:57:40.461+0000] {logging_mixin.py:120} INFO - [2025-01-23T19:57:40.461+0000] {dagbag.py:537} INFO - Filling up the DagBag from /home/airflow/.local/lib/python3.7/site-packages/airflow/example_dags/example_latest_only.py
[2025-01-23T19:57:40.503+0000] {processor.py:766} INFO - DAG(s) dict_keys(['latest_only']) retrieved from /home/airflow/.local/lib/python3.7/site-packages/airflow/example_dags/example_latest_only.py
[2025-01-23T19:57:40.602+0000] {logging_mixin.py:120} INFO - [2025-01-23T19:57:40.602+0000] {dag.py:2585} INFO - Sync 1 DAGs
[2025-01-23T19:57:40.647+0000] {logging_mixin.py:120} INFO - [2025-01-23T19:57:40.646+0000] {dag.py:3340} INFO - Setting next_dagrun for latest_only to 2025-01-23T15:57:40.646346+00:00, run_after=2025-01-23T19:57:40.646346+00:00
[2025-01-23T19:57:40.685+0000] {processor.py:176} INFO - Processing /home/airflow/.local/lib/python3.7/site-packages/airflow/example_dags/example_latest_only.py took 0.237 seconds
[2025-01-23T19:58:10.740+0000] {processor.py:154} INFO - Started process (PID=46125) to work on /home/airflow/.local/lib/python3.7/site-packages/airflow/example_dags/example_latest_only.py
[2025-01-23T19:58:10.744+0000] {processor.py:756} INFO - Processing file /home/airflow/.local/lib/python3.7/site-packages/airflow/example_dags/example_latest_only.py for tasks to queue
[2025-01-23T19:58:10.746+0000] {logging_mixin.py:120} INFO - [2025-01-23T19:58:10.746+0000] {dagbag.py:537} INFO - Filling up the DagBag from /home/airflow/.local/lib/python3.7/site-packages/airflow/example_dags/example_latest_only.py
[2025-01-23T19:58:10.787+0000] {processor.py:766} INFO - DAG(s) dict_keys(['latest_only']) retrieved from /home/airflow/.local/lib/python3.7/site-packages/airflow/example_dags/example_latest_only.py
[2025-01-23T19:58:10.899+0000] {logging_mixin.py:120} INFO - [2025-01-23T19:58:10.899+0000] {dag.py:2585} INFO - Sync 1 DAGs
[2025-01-23T19:58:10.945+0000] {logging_mixin.py:120} INFO - [2025-01-23T19:58:10.945+0000] {dag.py:3340} INFO - Setting next_dagrun for latest_only to 2025-01-23T15:58:10.945242+00:00, run_after=2025-01-23T19:58:10.945242+00:00
[2025-01-23T19:58:10.980+0000] {processor.py:176} INFO - Processing /home/airflow/.local/lib/python3.7/site-packages/airflow/example_dags/example_latest_only.py took 0.249 seconds
[2025-01-23T19:58:41.532+0000] {processor.py:154} INFO - Started process (PID=46178) to work on /home/airflow/.local/lib/python3.7/site-packages/airflow/example_dags/example_latest_only.py
[2025-01-23T19:58:41.534+0000] {processor.py:756} INFO - Processing file /home/airflow/.local/lib/python3.7/site-packages/airflow/example_dags/example_latest_only.py for tasks to queue
[2025-01-23T19:58:41.536+0000] {logging_mixin.py:120} INFO - [2025-01-23T19:58:41.536+0000] {dagbag.py:537} INFO - Filling up the DagBag from /home/airflow/.local/lib/python3.7/site-packages/airflow/example_dags/example_latest_only.py
[2025-01-23T19:58:41.574+0000] {processor.py:766} INFO - DAG(s) dict_keys(['latest_only']) retrieved from /home/airflow/.local/lib/python3.7/site-packages/airflow/example_dags/example_latest_only.py
[2025-01-23T19:58:41.650+0000] {logging_mixin.py:120} INFO - [2025-01-23T19:58:41.650+0000] {dag.py:2585} INFO - Sync 1 DAGs
[2025-01-23T19:58:41.698+0000] {logging_mixin.py:120} INFO - [2025-01-23T19:58:41.698+0000] {dag.py:3340} INFO - Setting next_dagrun for latest_only to 2025-01-23T15:58:41.698091+00:00, run_after=2025-01-23T19:58:41.698091+00:00
[2025-01-23T19:58:41.739+0000] {processor.py:176} INFO - Processing /home/airflow/.local/lib/python3.7/site-packages/airflow/example_dags/example_latest_only.py took 0.215 seconds
[2025-01-23T19:59:11.879+0000] {processor.py:154} INFO - Started process (PID=46236) to work on /home/airflow/.local/lib/python3.7/site-packages/airflow/example_dags/example_latest_only.py
[2025-01-23T19:59:11.889+0000] {processor.py:756} INFO - Processing file /home/airflow/.local/lib/python3.7/site-packages/airflow/example_dags/example_latest_only.py for tasks to queue
[2025-01-23T19:59:11.891+0000] {logging_mixin.py:120} INFO - [2025-01-23T19:59:11.890+0000] {dagbag.py:537} INFO - Filling up the DagBag from /home/airflow/.local/lib/python3.7/site-packages/airflow/example_dags/example_latest_only.py
[2025-01-23T19:59:11.953+0000] {processor.py:766} INFO - DAG(s) dict_keys(['latest_only']) retrieved from /home/airflow/.local/lib/python3.7/site-packages/airflow/example_dags/example_latest_only.py
[2025-01-23T19:59:12.110+0000] {logging_mixin.py:120} INFO - [2025-01-23T19:59:12.109+0000] {dag.py:2585} INFO - Sync 1 DAGs
[2025-01-23T19:59:12.187+0000] {logging_mixin.py:120} INFO - [2025-01-23T19:59:12.187+0000] {dag.py:3340} INFO - Setting next_dagrun for latest_only to 2025-01-23T15:59:12.186791+00:00, run_after=2025-01-23T19:59:12.186791+00:00
[2025-01-23T19:59:12.233+0000] {processor.py:176} INFO - Processing /home/airflow/.local/lib/python3.7/site-packages/airflow/example_dags/example_latest_only.py took 0.366 seconds
[2025-01-23T19:59:42.684+0000] {processor.py:154} INFO - Started process (PID=46291) to work on /home/airflow/.local/lib/python3.7/site-packages/airflow/example_dags/example_latest_only.py
[2025-01-23T19:59:42.688+0000] {processor.py:756} INFO - Processing file /home/airflow/.local/lib/python3.7/site-packages/airflow/example_dags/example_latest_only.py for tasks to queue
[2025-01-23T19:59:42.691+0000] {logging_mixin.py:120} INFO - [2025-01-23T19:59:42.691+0000] {dagbag.py:537} INFO - Filling up the DagBag from /home/airflow/.local/lib/python3.7/site-packages/airflow/example_dags/example_latest_only.py
[2025-01-23T19:59:42.751+0000] {processor.py:766} INFO - DAG(s) dict_keys(['latest_only']) retrieved from /home/airflow/.local/lib/python3.7/site-packages/airflow/example_dags/example_latest_only.py
[2025-01-23T19:59:42.901+0000] {logging_mixin.py:120} INFO - [2025-01-23T19:59:42.900+0000] {dag.py:2585} INFO - Sync 1 DAGs
[2025-01-23T19:59:42.974+0000] {logging_mixin.py:120} INFO - [2025-01-23T19:59:42.974+0000] {dag.py:3340} INFO - Setting next_dagrun for latest_only to 2025-01-23T15:59:42.973860+00:00, run_after=2025-01-23T19:59:42.973860+00:00
[2025-01-23T19:59:43.038+0000] {processor.py:176} INFO - Processing /home/airflow/.local/lib/python3.7/site-packages/airflow/example_dags/example_latest_only.py took 0.367 seconds
[2025-01-23T20:00:13.179+0000] {processor.py:154} INFO - Started process (PID=46346) to work on /home/airflow/.local/lib/python3.7/site-packages/airflow/example_dags/example_latest_only.py
[2025-01-23T20:00:13.180+0000] {processor.py:756} INFO - Processing file /home/airflow/.local/lib/python3.7/site-packages/airflow/example_dags/example_latest_only.py for tasks to queue
[2025-01-23T20:00:13.181+0000] {logging_mixin.py:120} INFO - [2025-01-23T20:00:13.181+0000] {dagbag.py:537} INFO - Filling up the DagBag from /home/airflow/.local/lib/python3.7/site-packages/airflow/example_dags/example_latest_only.py
[2025-01-23T20:00:13.202+0000] {processor.py:766} INFO - DAG(s) dict_keys(['latest_only']) retrieved from /home/airflow/.local/lib/python3.7/site-packages/airflow/example_dags/example_latest_only.py
[2025-01-23T20:00:13.263+0000] {logging_mixin.py:120} INFO - [2025-01-23T20:00:13.263+0000] {dag.py:2585} INFO - Sync 1 DAGs
[2025-01-23T20:00:13.306+0000] {logging_mixin.py:120} INFO - [2025-01-23T20:00:13.306+0000] {dag.py:3340} INFO - Setting next_dagrun for latest_only to 2025-01-23T16:00:13.306315+00:00, run_after=2025-01-23T20:00:13.306315+00:00
[2025-01-23T20:00:13.338+0000] {processor.py:176} INFO - Processing /home/airflow/.local/lib/python3.7/site-packages/airflow/example_dags/example_latest_only.py took 0.165 seconds
[2025-01-23T20:00:43.625+0000] {processor.py:154} INFO - Started process (PID=46409) to work on /home/airflow/.local/lib/python3.7/site-packages/airflow/example_dags/example_latest_only.py
[2025-01-23T20:00:43.626+0000] {processor.py:756} INFO - Processing file /home/airflow/.local/lib/python3.7/site-packages/airflow/example_dags/example_latest_only.py for tasks to queue
[2025-01-23T20:00:43.628+0000] {logging_mixin.py:120} INFO - [2025-01-23T20:00:43.628+0000] {dagbag.py:537} INFO - Filling up the DagBag from /home/airflow/.local/lib/python3.7/site-packages/airflow/example_dags/example_latest_only.py
[2025-01-23T20:00:43.656+0000] {processor.py:766} INFO - DAG(s) dict_keys(['latest_only']) retrieved from /home/airflow/.local/lib/python3.7/site-packages/airflow/example_dags/example_latest_only.py
[2025-01-23T20:00:43.730+0000] {logging_mixin.py:120} INFO - [2025-01-23T20:00:43.730+0000] {dag.py:2585} INFO - Sync 1 DAGs
[2025-01-23T20:00:43.782+0000] {logging_mixin.py:120} INFO - [2025-01-23T20:00:43.782+0000] {dag.py:3340} INFO - Setting next_dagrun for latest_only to 2025-01-23T16:00:43.781605+00:00, run_after=2025-01-23T20:00:43.781605+00:00
[2025-01-23T20:00:43.840+0000] {processor.py:176} INFO - Processing /home/airflow/.local/lib/python3.7/site-packages/airflow/example_dags/example_latest_only.py took 0.220 seconds
[2025-01-23T20:01:13.960+0000] {processor.py:154} INFO - Started process (PID=46463) to work on /home/airflow/.local/lib/python3.7/site-packages/airflow/example_dags/example_latest_only.py
[2025-01-23T20:01:13.965+0000] {processor.py:756} INFO - Processing file /home/airflow/.local/lib/python3.7/site-packages/airflow/example_dags/example_latest_only.py for tasks to queue
[2025-01-23T20:01:13.969+0000] {logging_mixin.py:120} INFO - [2025-01-23T20:01:13.969+0000] {dagbag.py:537} INFO - Filling up the DagBag from /home/airflow/.local/lib/python3.7/site-packages/airflow/example_dags/example_latest_only.py
[2025-01-23T20:01:14.046+0000] {processor.py:766} INFO - DAG(s) dict_keys(['latest_only']) retrieved from /home/airflow/.local/lib/python3.7/site-packages/airflow/example_dags/example_latest_only.py
[2025-01-23T20:01:14.259+0000] {logging_mixin.py:120} INFO - [2025-01-23T20:01:14.259+0000] {dag.py:2585} INFO - Sync 1 DAGs
[2025-01-23T20:01:14.353+0000] {logging_mixin.py:120} INFO - [2025-01-23T20:01:14.353+0000] {dag.py:3340} INFO - Setting next_dagrun for latest_only to 2025-01-23T16:01:14.352737+00:00, run_after=2025-01-23T20:01:14.352737+00:00
[2025-01-23T20:01:14.390+0000] {processor.py:176} INFO - Processing /home/airflow/.local/lib/python3.7/site-packages/airflow/example_dags/example_latest_only.py took 0.443 seconds
[2025-01-23T20:01:44.468+0000] {processor.py:154} INFO - Started process (PID=46526) to work on /home/airflow/.local/lib/python3.7/site-packages/airflow/example_dags/example_latest_only.py
[2025-01-23T20:01:44.470+0000] {processor.py:756} INFO - Processing file /home/airflow/.local/lib/python3.7/site-packages/airflow/example_dags/example_latest_only.py for tasks to queue
[2025-01-23T20:01:44.472+0000] {logging_mixin.py:120} INFO - [2025-01-23T20:01:44.472+0000] {dagbag.py:537} INFO - Filling up the DagBag from /home/airflow/.local/lib/python3.7/site-packages/airflow/example_dags/example_latest_only.py
[2025-01-23T20:01:44.506+0000] {processor.py:766} INFO - DAG(s) dict_keys(['latest_only']) retrieved from /home/airflow/.local/lib/python3.7/site-packages/airflow/example_dags/example_latest_only.py
[2025-01-23T20:01:44.585+0000] {logging_mixin.py:120} INFO - [2025-01-23T20:01:44.585+0000] {dag.py:2585} INFO - Sync 1 DAGs
[2025-01-23T20:01:44.644+0000] {logging_mixin.py:120} INFO - [2025-01-23T20:01:44.644+0000] {dag.py:3340} INFO - Setting next_dagrun for latest_only to 2025-01-23T16:01:44.643817+00:00, run_after=2025-01-23T20:01:44.643817+00:00
[2025-01-23T20:01:44.685+0000] {processor.py:176} INFO - Processing /home/airflow/.local/lib/python3.7/site-packages/airflow/example_dags/example_latest_only.py took 0.225 seconds
[2025-01-23T20:02:14.866+0000] {processor.py:154} INFO - Started process (PID=46580) to work on /home/airflow/.local/lib/python3.7/site-packages/airflow/example_dags/example_latest_only.py
[2025-01-23T20:02:14.868+0000] {processor.py:756} INFO - Processing file /home/airflow/.local/lib/python3.7/site-packages/airflow/example_dags/example_latest_only.py for tasks to queue
[2025-01-23T20:02:14.870+0000] {logging_mixin.py:120} INFO - [2025-01-23T20:02:14.870+0000] {dagbag.py:537} INFO - Filling up the DagBag from /home/airflow/.local/lib/python3.7/site-packages/airflow/example_dags/example_latest_only.py
[2025-01-23T20:02:14.903+0000] {processor.py:766} INFO - DAG(s) dict_keys(['latest_only']) retrieved from /home/airflow/.local/lib/python3.7/site-packages/airflow/example_dags/example_latest_only.py
[2025-01-23T20:02:15.004+0000] {logging_mixin.py:120} INFO - [2025-01-23T20:02:15.004+0000] {dag.py:2585} INFO - Sync 1 DAGs
[2025-01-23T20:02:15.065+0000] {logging_mixin.py:120} INFO - [2025-01-23T20:02:15.065+0000] {dag.py:3340} INFO - Setting next_dagrun for latest_only to 2025-01-23T16:02:15.064919+00:00, run_after=2025-01-23T20:02:15.064919+00:00
[2025-01-23T20:02:15.108+0000] {processor.py:176} INFO - Processing /home/airflow/.local/lib/python3.7/site-packages/airflow/example_dags/example_latest_only.py took 0.258 seconds
[2025-01-23T20:02:45.216+0000] {processor.py:154} INFO - Started process (PID=46634) to work on /home/airflow/.local/lib/python3.7/site-packages/airflow/example_dags/example_latest_only.py
[2025-01-23T20:02:45.219+0000] {processor.py:756} INFO - Processing file /home/airflow/.local/lib/python3.7/site-packages/airflow/example_dags/example_latest_only.py for tasks to queue
[2025-01-23T20:02:45.222+0000] {logging_mixin.py:120} INFO - [2025-01-23T20:02:45.221+0000] {dagbag.py:537} INFO - Filling up the DagBag from /home/airflow/.local/lib/python3.7/site-packages/airflow/example_dags/example_latest_only.py
[2025-01-23T20:02:45.282+0000] {processor.py:766} INFO - DAG(s) dict_keys(['latest_only']) retrieved from /home/airflow/.local/lib/python3.7/site-packages/airflow/example_dags/example_latest_only.py
[2025-01-23T20:02:45.418+0000] {logging_mixin.py:120} INFO - [2025-01-23T20:02:45.417+0000] {dag.py:2585} INFO - Sync 1 DAGs
[2025-01-23T20:02:45.497+0000] {logging_mixin.py:120} INFO - [2025-01-23T20:02:45.496+0000] {dag.py:3340} INFO - Setting next_dagrun for latest_only to 2025-01-23T16:02:45.495840+00:00, run_after=2025-01-23T20:02:45.495840+00:00
[2025-01-23T20:02:45.552+0000] {processor.py:176} INFO - Processing /home/airflow/.local/lib/python3.7/site-packages/airflow/example_dags/example_latest_only.py took 0.346 seconds
[2025-01-23T20:03:15.723+0000] {processor.py:154} INFO - Started process (PID=46697) to work on /home/airflow/.local/lib/python3.7/site-packages/airflow/example_dags/example_latest_only.py
[2025-01-23T20:03:15.724+0000] {processor.py:756} INFO - Processing file /home/airflow/.local/lib/python3.7/site-packages/airflow/example_dags/example_latest_only.py for tasks to queue
[2025-01-23T20:03:15.726+0000] {logging_mixin.py:120} INFO - [2025-01-23T20:03:15.726+0000] {dagbag.py:537} INFO - Filling up the DagBag from /home/airflow/.local/lib/python3.7/site-packages/airflow/example_dags/example_latest_only.py
[2025-01-23T20:03:15.755+0000] {processor.py:766} INFO - DAG(s) dict_keys(['latest_only']) retrieved from /home/airflow/.local/lib/python3.7/site-packages/airflow/example_dags/example_latest_only.py
[2025-01-23T20:03:15.834+0000] {logging_mixin.py:120} INFO - [2025-01-23T20:03:15.834+0000] {dag.py:2585} INFO - Sync 1 DAGs
[2025-01-23T20:03:15.877+0000] {logging_mixin.py:120} INFO - [2025-01-23T20:03:15.876+0000] {dag.py:3340} INFO - Setting next_dagrun for latest_only to 2025-01-23T16:03:15.876519+00:00, run_after=2025-01-23T20:03:15.876519+00:00
[2025-01-23T20:03:15.909+0000] {processor.py:176} INFO - Processing /home/airflow/.local/lib/python3.7/site-packages/airflow/example_dags/example_latest_only.py took 0.192 seconds
[2025-01-23T20:03:46.107+0000] {processor.py:154} INFO - Started process (PID=46751) to work on /home/airflow/.local/lib/python3.7/site-packages/airflow/example_dags/example_latest_only.py
[2025-01-23T20:03:46.109+0000] {processor.py:756} INFO - Processing file /home/airflow/.local/lib/python3.7/site-packages/airflow/example_dags/example_latest_only.py for tasks to queue
[2025-01-23T20:03:46.111+0000] {logging_mixin.py:120} INFO - [2025-01-23T20:03:46.111+0000] {dagbag.py:537} INFO - Filling up the DagBag from /home/airflow/.local/lib/python3.7/site-packages/airflow/example_dags/example_latest_only.py
[2025-01-23T20:03:46.146+0000] {processor.py:766} INFO - DAG(s) dict_keys(['latest_only']) retrieved from /home/airflow/.local/lib/python3.7/site-packages/airflow/example_dags/example_latest_only.py
[2025-01-23T20:03:46.218+0000] {logging_mixin.py:120} INFO - [2025-01-23T20:03:46.217+0000] {dag.py:2585} INFO - Sync 1 DAGs
[2025-01-23T20:03:46.265+0000] {logging_mixin.py:120} INFO - [2025-01-23T20:03:46.265+0000] {dag.py:3340} INFO - Setting next_dagrun for latest_only to 2025-01-23T16:03:46.265363+00:00, run_after=2025-01-23T20:03:46.265363+00:00
[2025-01-23T20:03:46.300+0000] {processor.py:176} INFO - Processing /home/airflow/.local/lib/python3.7/site-packages/airflow/example_dags/example_latest_only.py took 0.201 seconds
[2025-01-23T20:04:17.283+0000] {processor.py:154} INFO - Started process (PID=46812) to work on /home/airflow/.local/lib/python3.7/site-packages/airflow/example_dags/example_latest_only.py
[2025-01-23T20:04:17.284+0000] {processor.py:756} INFO - Processing file /home/airflow/.local/lib/python3.7/site-packages/airflow/example_dags/example_latest_only.py for tasks to queue
[2025-01-23T20:04:17.286+0000] {logging_mixin.py:120} INFO - [2025-01-23T20:04:17.285+0000] {dagbag.py:537} INFO - Filling up the DagBag from /home/airflow/.local/lib/python3.7/site-packages/airflow/example_dags/example_latest_only.py
[2025-01-23T20:04:17.318+0000] {processor.py:766} INFO - DAG(s) dict_keys(['latest_only']) retrieved from /home/airflow/.local/lib/python3.7/site-packages/airflow/example_dags/example_latest_only.py
[2025-01-23T20:04:17.396+0000] {logging_mixin.py:120} INFO - [2025-01-23T20:04:17.396+0000] {dag.py:2585} INFO - Sync 1 DAGs
[2025-01-23T20:04:17.445+0000] {logging_mixin.py:120} INFO - [2025-01-23T20:04:17.445+0000] {dag.py:3340} INFO - Setting next_dagrun for latest_only to 2025-01-23T16:04:17.445112+00:00, run_after=2025-01-23T20:04:17.445112+00:00
[2025-01-23T20:04:17.481+0000] {processor.py:176} INFO - Processing /home/airflow/.local/lib/python3.7/site-packages/airflow/example_dags/example_latest_only.py took 0.204 seconds
[2025-01-23T20:04:47.551+0000] {processor.py:154} INFO - Started process (PID=46864) to work on /home/airflow/.local/lib/python3.7/site-packages/airflow/example_dags/example_latest_only.py
[2025-01-23T20:04:47.553+0000] {processor.py:756} INFO - Processing file /home/airflow/.local/lib/python3.7/site-packages/airflow/example_dags/example_latest_only.py for tasks to queue
[2025-01-23T20:04:47.556+0000] {logging_mixin.py:120} INFO - [2025-01-23T20:04:47.555+0000] {dagbag.py:537} INFO - Filling up the DagBag from /home/airflow/.local/lib/python3.7/site-packages/airflow/example_dags/example_latest_only.py
[2025-01-23T20:04:47.595+0000] {processor.py:766} INFO - DAG(s) dict_keys(['latest_only']) retrieved from /home/airflow/.local/lib/python3.7/site-packages/airflow/example_dags/example_latest_only.py
[2025-01-23T20:04:47.689+0000] {logging_mixin.py:120} INFO - [2025-01-23T20:04:47.689+0000] {dag.py:2585} INFO - Sync 1 DAGs
[2025-01-23T20:04:47.797+0000] {logging_mixin.py:120} INFO - [2025-01-23T20:04:47.796+0000] {dag.py:3340} INFO - Setting next_dagrun for latest_only to 2025-01-23T16:04:47.796515+00:00, run_after=2025-01-23T20:04:47.796515+00:00
[2025-01-23T20:04:47.881+0000] {processor.py:176} INFO - Processing /home/airflow/.local/lib/python3.7/site-packages/airflow/example_dags/example_latest_only.py took 0.338 seconds
[2025-01-23T20:05:18.122+0000] {processor.py:154} INFO - Started process (PID=46918) to work on /home/airflow/.local/lib/python3.7/site-packages/airflow/example_dags/example_latest_only.py
[2025-01-23T20:05:18.124+0000] {processor.py:756} INFO - Processing file /home/airflow/.local/lib/python3.7/site-packages/airflow/example_dags/example_latest_only.py for tasks to queue
[2025-01-23T20:05:18.125+0000] {logging_mixin.py:120} INFO - [2025-01-23T20:05:18.125+0000] {dagbag.py:537} INFO - Filling up the DagBag from /home/airflow/.local/lib/python3.7/site-packages/airflow/example_dags/example_latest_only.py
[2025-01-23T20:05:18.149+0000] {processor.py:766} INFO - DAG(s) dict_keys(['latest_only']) retrieved from /home/airflow/.local/lib/python3.7/site-packages/airflow/example_dags/example_latest_only.py
[2025-01-23T20:05:18.216+0000] {logging_mixin.py:120} INFO - [2025-01-23T20:05:18.216+0000] {dag.py:2585} INFO - Sync 1 DAGs
[2025-01-23T20:05:18.258+0000] {logging_mixin.py:120} INFO - [2025-01-23T20:05:18.258+0000] {dag.py:3340} INFO - Setting next_dagrun for latest_only to 2025-01-23T16:05:18.258069+00:00, run_after=2025-01-23T20:05:18.258069+00:00
[2025-01-23T20:05:18.291+0000] {processor.py:176} INFO - Processing /home/airflow/.local/lib/python3.7/site-packages/airflow/example_dags/example_latest_only.py took 0.174 seconds
[2025-01-23T20:05:48.537+0000] {processor.py:154} INFO - Started process (PID=46980) to work on /home/airflow/.local/lib/python3.7/site-packages/airflow/example_dags/example_latest_only.py
[2025-01-23T20:05:48.541+0000] {processor.py:756} INFO - Processing file /home/airflow/.local/lib/python3.7/site-packages/airflow/example_dags/example_latest_only.py for tasks to queue
[2025-01-23T20:05:48.545+0000] {logging_mixin.py:120} INFO - [2025-01-23T20:05:48.545+0000] {dagbag.py:537} INFO - Filling up the DagBag from /home/airflow/.local/lib/python3.7/site-packages/airflow/example_dags/example_latest_only.py
[2025-01-23T20:05:48.593+0000] {processor.py:766} INFO - DAG(s) dict_keys(['latest_only']) retrieved from /home/airflow/.local/lib/python3.7/site-packages/airflow/example_dags/example_latest_only.py
[2025-01-23T20:05:48.656+0000] {logging_mixin.py:120} INFO - [2025-01-23T20:05:48.656+0000] {dag.py:2585} INFO - Sync 1 DAGs
[2025-01-23T20:05:48.695+0000] {logging_mixin.py:120} INFO - [2025-01-23T20:05:48.694+0000] {dag.py:3340} INFO - Setting next_dagrun for latest_only to 2025-01-23T16:05:48.694632+00:00, run_after=2025-01-23T20:05:48.694632+00:00
[2025-01-23T20:05:48.734+0000] {processor.py:176} INFO - Processing /home/airflow/.local/lib/python3.7/site-packages/airflow/example_dags/example_latest_only.py took 0.219 seconds
[2025-01-23T20:06:19.246+0000] {processor.py:154} INFO - Started process (PID=47034) to work on /home/airflow/.local/lib/python3.7/site-packages/airflow/example_dags/example_latest_only.py
[2025-01-23T20:06:19.251+0000] {processor.py:756} INFO - Processing file /home/airflow/.local/lib/python3.7/site-packages/airflow/example_dags/example_latest_only.py for tasks to queue
[2025-01-23T20:06:19.256+0000] {logging_mixin.py:120} INFO - [2025-01-23T20:06:19.255+0000] {dagbag.py:537} INFO - Filling up the DagBag from /home/airflow/.local/lib/python3.7/site-packages/airflow/example_dags/example_latest_only.py
[2025-01-23T20:06:19.329+0000] {processor.py:766} INFO - DAG(s) dict_keys(['latest_only']) retrieved from /home/airflow/.local/lib/python3.7/site-packages/airflow/example_dags/example_latest_only.py
[2025-01-23T20:06:19.433+0000] {logging_mixin.py:120} INFO - [2025-01-23T20:06:19.433+0000] {dag.py:2585} INFO - Sync 1 DAGs
[2025-01-23T20:06:19.499+0000] {logging_mixin.py:120} INFO - [2025-01-23T20:06:19.499+0000] {dag.py:3340} INFO - Setting next_dagrun for latest_only to 2025-01-23T16:06:19.498540+00:00, run_after=2025-01-23T20:06:19.498540+00:00
[2025-01-23T20:06:19.549+0000] {processor.py:176} INFO - Processing /home/airflow/.local/lib/python3.7/site-packages/airflow/example_dags/example_latest_only.py took 0.320 seconds
[2025-01-23T20:06:50.122+0000] {processor.py:154} INFO - Started process (PID=47097) to work on /home/airflow/.local/lib/python3.7/site-packages/airflow/example_dags/example_latest_only.py
[2025-01-23T20:06:50.126+0000] {processor.py:756} INFO - Processing file /home/airflow/.local/lib/python3.7/site-packages/airflow/example_dags/example_latest_only.py for tasks to queue
[2025-01-23T20:06:50.130+0000] {logging_mixin.py:120} INFO - [2025-01-23T20:06:50.129+0000] {dagbag.py:537} INFO - Filling up the DagBag from /home/airflow/.local/lib/python3.7/site-packages/airflow/example_dags/example_latest_only.py
[2025-01-23T20:06:50.196+0000] {processor.py:766} INFO - DAG(s) dict_keys(['latest_only']) retrieved from /home/airflow/.local/lib/python3.7/site-packages/airflow/example_dags/example_latest_only.py
[2025-01-23T20:06:50.265+0000] {logging_mixin.py:120} INFO - [2025-01-23T20:06:50.264+0000] {dag.py:2585} INFO - Sync 1 DAGs
[2025-01-23T20:06:50.308+0000] {logging_mixin.py:120} INFO - [2025-01-23T20:06:50.308+0000] {dag.py:3340} INFO - Setting next_dagrun for latest_only to 2025-01-23T16:06:50.307933+00:00, run_after=2025-01-23T20:06:50.307933+00:00
[2025-01-23T20:06:50.339+0000] {processor.py:176} INFO - Processing /home/airflow/.local/lib/python3.7/site-packages/airflow/example_dags/example_latest_only.py took 0.231 seconds
[2025-01-23T20:07:20.774+0000] {processor.py:154} INFO - Started process (PID=47151) to work on /home/airflow/.local/lib/python3.7/site-packages/airflow/example_dags/example_latest_only.py
[2025-01-23T20:07:20.780+0000] {processor.py:756} INFO - Processing file /home/airflow/.local/lib/python3.7/site-packages/airflow/example_dags/example_latest_only.py for tasks to queue
[2025-01-23T20:07:20.786+0000] {logging_mixin.py:120} INFO - [2025-01-23T20:07:20.785+0000] {dagbag.py:537} INFO - Filling up the DagBag from /home/airflow/.local/lib/python3.7/site-packages/airflow/example_dags/example_latest_only.py
[2025-01-23T20:07:20.838+0000] {processor.py:766} INFO - DAG(s) dict_keys(['latest_only']) retrieved from /home/airflow/.local/lib/python3.7/site-packages/airflow/example_dags/example_latest_only.py
[2025-01-23T20:07:20.917+0000] {logging_mixin.py:120} INFO - [2025-01-23T20:07:20.917+0000] {dag.py:2585} INFO - Sync 1 DAGs
[2025-01-23T20:07:20.963+0000] {logging_mixin.py:120} INFO - [2025-01-23T20:07:20.963+0000] {dag.py:3340} INFO - Setting next_dagrun for latest_only to 2025-01-23T16:07:20.963293+00:00, run_after=2025-01-23T20:07:20.963293+00:00
[2025-01-23T20:07:20.994+0000] {processor.py:176} INFO - Processing /home/airflow/.local/lib/python3.7/site-packages/airflow/example_dags/example_latest_only.py took 0.234 seconds
[2025-01-23T20:07:51.273+0000] {processor.py:154} INFO - Started process (PID=47213) to work on /home/airflow/.local/lib/python3.7/site-packages/airflow/example_dags/example_latest_only.py
[2025-01-23T20:07:51.275+0000] {processor.py:756} INFO - Processing file /home/airflow/.local/lib/python3.7/site-packages/airflow/example_dags/example_latest_only.py for tasks to queue
[2025-01-23T20:07:51.277+0000] {logging_mixin.py:120} INFO - [2025-01-23T20:07:51.276+0000] {dagbag.py:537} INFO - Filling up the DagBag from /home/airflow/.local/lib/python3.7/site-packages/airflow/example_dags/example_latest_only.py
[2025-01-23T20:07:51.305+0000] {processor.py:766} INFO - DAG(s) dict_keys(['latest_only']) retrieved from /home/airflow/.local/lib/python3.7/site-packages/airflow/example_dags/example_latest_only.py
[2025-01-23T20:07:51.389+0000] {logging_mixin.py:120} INFO - [2025-01-23T20:07:51.388+0000] {dag.py:2585} INFO - Sync 1 DAGs
[2025-01-23T20:07:51.445+0000] {logging_mixin.py:120} INFO - [2025-01-23T20:07:51.444+0000] {dag.py:3340} INFO - Setting next_dagrun for latest_only to 2025-01-23T16:07:51.444395+00:00, run_after=2025-01-23T20:07:51.444395+00:00
[2025-01-23T20:07:51.481+0000] {processor.py:176} INFO - Processing /home/airflow/.local/lib/python3.7/site-packages/airflow/example_dags/example_latest_only.py took 0.213 seconds
[2025-01-23T20:08:21.993+0000] {processor.py:154} INFO - Started process (PID=47267) to work on /home/airflow/.local/lib/python3.7/site-packages/airflow/example_dags/example_latest_only.py
[2025-01-23T20:08:21.997+0000] {processor.py:756} INFO - Processing file /home/airflow/.local/lib/python3.7/site-packages/airflow/example_dags/example_latest_only.py for tasks to queue
[2025-01-23T20:08:22.004+0000] {logging_mixin.py:120} INFO - [2025-01-23T20:08:22.003+0000] {dagbag.py:537} INFO - Filling up the DagBag from /home/airflow/.local/lib/python3.7/site-packages/airflow/example_dags/example_latest_only.py
[2025-01-23T20:08:22.059+0000] {processor.py:766} INFO - DAG(s) dict_keys(['latest_only']) retrieved from /home/airflow/.local/lib/python3.7/site-packages/airflow/example_dags/example_latest_only.py
[2025-01-23T20:08:22.129+0000] {logging_mixin.py:120} INFO - [2025-01-23T20:08:22.129+0000] {dag.py:2585} INFO - Sync 1 DAGs
[2025-01-23T20:08:22.170+0000] {logging_mixin.py:120} INFO - [2025-01-23T20:08:22.170+0000] {dag.py:3340} INFO - Setting next_dagrun for latest_only to 2025-01-23T16:08:22.170266+00:00, run_after=2025-01-23T20:08:22.170266+00:00
[2025-01-23T20:08:22.202+0000] {processor.py:176} INFO - Processing /home/airflow/.local/lib/python3.7/site-packages/airflow/example_dags/example_latest_only.py took 0.223 seconds
[2025-01-23T20:08:52.333+0000] {processor.py:154} INFO - Started process (PID=47321) to work on /home/airflow/.local/lib/python3.7/site-packages/airflow/example_dags/example_latest_only.py
[2025-01-23T20:08:52.338+0000] {processor.py:756} INFO - Processing file /home/airflow/.local/lib/python3.7/site-packages/airflow/example_dags/example_latest_only.py for tasks to queue
[2025-01-23T20:08:52.343+0000] {logging_mixin.py:120} INFO - [2025-01-23T20:08:52.342+0000] {dagbag.py:537} INFO - Filling up the DagBag from /home/airflow/.local/lib/python3.7/site-packages/airflow/example_dags/example_latest_only.py
[2025-01-23T20:08:52.415+0000] {processor.py:766} INFO - DAG(s) dict_keys(['latest_only']) retrieved from /home/airflow/.local/lib/python3.7/site-packages/airflow/example_dags/example_latest_only.py
[2025-01-23T20:08:52.545+0000] {logging_mixin.py:120} INFO - [2025-01-23T20:08:52.545+0000] {dag.py:2585} INFO - Sync 1 DAGs
[2025-01-23T20:08:52.606+0000] {logging_mixin.py:120} INFO - [2025-01-23T20:08:52.606+0000] {dag.py:3340} INFO - Setting next_dagrun for latest_only to 2025-01-23T16:08:52.606138+00:00, run_after=2025-01-23T20:08:52.606138+00:00
[2025-01-23T20:08:52.651+0000] {processor.py:176} INFO - Processing /home/airflow/.local/lib/python3.7/site-packages/airflow/example_dags/example_latest_only.py took 0.328 seconds
[2025-01-23T20:09:23.412+0000] {processor.py:154} INFO - Started process (PID=47384) to work on /home/airflow/.local/lib/python3.7/site-packages/airflow/example_dags/example_latest_only.py
[2025-01-23T20:09:23.413+0000] {processor.py:756} INFO - Processing file /home/airflow/.local/lib/python3.7/site-packages/airflow/example_dags/example_latest_only.py for tasks to queue
[2025-01-23T20:09:23.415+0000] {logging_mixin.py:120} INFO - [2025-01-23T20:09:23.415+0000] {dagbag.py:537} INFO - Filling up the DagBag from /home/airflow/.local/lib/python3.7/site-packages/airflow/example_dags/example_latest_only.py
[2025-01-23T20:09:23.438+0000] {processor.py:766} INFO - DAG(s) dict_keys(['latest_only']) retrieved from /home/airflow/.local/lib/python3.7/site-packages/airflow/example_dags/example_latest_only.py
[2025-01-23T20:09:23.514+0000] {logging_mixin.py:120} INFO - [2025-01-23T20:09:23.513+0000] {dag.py:2585} INFO - Sync 1 DAGs
[2025-01-23T20:09:23.561+0000] {logging_mixin.py:120} INFO - [2025-01-23T20:09:23.561+0000] {dag.py:3340} INFO - Setting next_dagrun for latest_only to 2025-01-23T16:09:23.560787+00:00, run_after=2025-01-23T20:09:23.560787+00:00
[2025-01-23T20:09:23.605+0000] {processor.py:176} INFO - Processing /home/airflow/.local/lib/python3.7/site-packages/airflow/example_dags/example_latest_only.py took 0.198 seconds
[2025-01-23T20:09:54.308+0000] {processor.py:154} INFO - Started process (PID=47438) to work on /home/airflow/.local/lib/python3.7/site-packages/airflow/example_dags/example_latest_only.py
[2025-01-23T20:09:54.312+0000] {processor.py:756} INFO - Processing file /home/airflow/.local/lib/python3.7/site-packages/airflow/example_dags/example_latest_only.py for tasks to queue
[2025-01-23T20:09:54.316+0000] {logging_mixin.py:120} INFO - [2025-01-23T20:09:54.315+0000] {dagbag.py:537} INFO - Filling up the DagBag from /home/airflow/.local/lib/python3.7/site-packages/airflow/example_dags/example_latest_only.py
[2025-01-23T20:09:54.380+0000] {processor.py:766} INFO - DAG(s) dict_keys(['latest_only']) retrieved from /home/airflow/.local/lib/python3.7/site-packages/airflow/example_dags/example_latest_only.py
[2025-01-23T20:09:54.529+0000] {logging_mixin.py:120} INFO - [2025-01-23T20:09:54.529+0000] {dag.py:2585} INFO - Sync 1 DAGs
[2025-01-23T20:09:54.571+0000] {logging_mixin.py:120} INFO - [2025-01-23T20:09:54.571+0000] {dag.py:3340} INFO - Setting next_dagrun for latest_only to 2025-01-23T16:09:54.570923+00:00, run_after=2025-01-23T20:09:54.570923+00:00
[2025-01-23T20:09:54.610+0000] {processor.py:176} INFO - Processing /home/airflow/.local/lib/python3.7/site-packages/airflow/example_dags/example_latest_only.py took 0.316 seconds
[2025-01-23T20:10:25.336+0000] {processor.py:154} INFO - Started process (PID=47501) to work on /home/airflow/.local/lib/python3.7/site-packages/airflow/example_dags/example_latest_only.py
[2025-01-23T20:10:25.339+0000] {processor.py:756} INFO - Processing file /home/airflow/.local/lib/python3.7/site-packages/airflow/example_dags/example_latest_only.py for tasks to queue
[2025-01-23T20:10:25.341+0000] {logging_mixin.py:120} INFO - [2025-01-23T20:10:25.340+0000] {dagbag.py:537} INFO - Filling up the DagBag from /home/airflow/.local/lib/python3.7/site-packages/airflow/example_dags/example_latest_only.py
[2025-01-23T20:10:25.374+0000] {processor.py:766} INFO - DAG(s) dict_keys(['latest_only']) retrieved from /home/airflow/.local/lib/python3.7/site-packages/airflow/example_dags/example_latest_only.py
[2025-01-23T20:10:25.446+0000] {logging_mixin.py:120} INFO - [2025-01-23T20:10:25.445+0000] {dag.py:2585} INFO - Sync 1 DAGs
[2025-01-23T20:10:25.500+0000] {logging_mixin.py:120} INFO - [2025-01-23T20:10:25.500+0000] {dag.py:3340} INFO - Setting next_dagrun for latest_only to 2025-01-23T16:10:25.500132+00:00, run_after=2025-01-23T20:10:25.500132+00:00
[2025-01-23T20:10:25.533+0000] {processor.py:176} INFO - Processing /home/airflow/.local/lib/python3.7/site-packages/airflow/example_dags/example_latest_only.py took 0.203 seconds
[2025-01-23T20:10:56.192+0000] {processor.py:154} INFO - Started process (PID=47555) to work on /home/airflow/.local/lib/python3.7/site-packages/airflow/example_dags/example_latest_only.py
[2025-01-23T20:10:56.196+0000] {processor.py:756} INFO - Processing file /home/airflow/.local/lib/python3.7/site-packages/airflow/example_dags/example_latest_only.py for tasks to queue
[2025-01-23T20:10:56.200+0000] {logging_mixin.py:120} INFO - [2025-01-23T20:10:56.200+0000] {dagbag.py:537} INFO - Filling up the DagBag from /home/airflow/.local/lib/python3.7/site-packages/airflow/example_dags/example_latest_only.py
[2025-01-23T20:10:56.265+0000] {processor.py:766} INFO - DAG(s) dict_keys(['latest_only']) retrieved from /home/airflow/.local/lib/python3.7/site-packages/airflow/example_dags/example_latest_only.py
[2025-01-23T20:10:56.446+0000] {logging_mixin.py:120} INFO - [2025-01-23T20:10:56.446+0000] {dag.py:2585} INFO - Sync 1 DAGs
[2025-01-23T20:10:56.563+0000] {logging_mixin.py:120} INFO - [2025-01-23T20:10:56.562+0000] {dag.py:3340} INFO - Setting next_dagrun for latest_only to 2025-01-23T16:10:56.561589+00:00, run_after=2025-01-23T20:10:56.561589+00:00
[2025-01-23T20:10:56.652+0000] {processor.py:176} INFO - Processing /home/airflow/.local/lib/python3.7/site-packages/airflow/example_dags/example_latest_only.py took 0.473 seconds
[2025-01-23T20:11:27.482+0000] {processor.py:154} INFO - Started process (PID=47617) to work on /home/airflow/.local/lib/python3.7/site-packages/airflow/example_dags/example_latest_only.py
[2025-01-23T20:11:27.487+0000] {processor.py:756} INFO - Processing file /home/airflow/.local/lib/python3.7/site-packages/airflow/example_dags/example_latest_only.py for tasks to queue
[2025-01-23T20:11:27.492+0000] {logging_mixin.py:120} INFO - [2025-01-23T20:11:27.490+0000] {dagbag.py:537} INFO - Filling up the DagBag from /home/airflow/.local/lib/python3.7/site-packages/airflow/example_dags/example_latest_only.py
[2025-01-23T20:11:27.571+0000] {processor.py:766} INFO - DAG(s) dict_keys(['latest_only']) retrieved from /home/airflow/.local/lib/python3.7/site-packages/airflow/example_dags/example_latest_only.py
[2025-01-23T20:11:27.663+0000] {logging_mixin.py:120} INFO - [2025-01-23T20:11:27.663+0000] {dag.py:2585} INFO - Sync 1 DAGs
[2025-01-23T20:11:27.728+0000] {logging_mixin.py:120} INFO - [2025-01-23T20:11:27.728+0000] {dag.py:3340} INFO - Setting next_dagrun for latest_only to 2025-01-23T16:11:27.727938+00:00, run_after=2025-01-23T20:11:27.727938+00:00
[2025-01-23T20:11:27.768+0000] {processor.py:176} INFO - Processing /home/airflow/.local/lib/python3.7/site-packages/airflow/example_dags/example_latest_only.py took 0.305 seconds
[2025-01-23T20:11:58.165+0000] {processor.py:154} INFO - Started process (PID=47671) to work on /home/airflow/.local/lib/python3.7/site-packages/airflow/example_dags/example_latest_only.py
[2025-01-23T20:11:58.167+0000] {processor.py:756} INFO - Processing file /home/airflow/.local/lib/python3.7/site-packages/airflow/example_dags/example_latest_only.py for tasks to queue
[2025-01-23T20:11:58.170+0000] {logging_mixin.py:120} INFO - [2025-01-23T20:11:58.170+0000] {dagbag.py:537} INFO - Filling up the DagBag from /home/airflow/.local/lib/python3.7/site-packages/airflow/example_dags/example_latest_only.py
[2025-01-23T20:11:58.211+0000] {processor.py:766} INFO - DAG(s) dict_keys(['latest_only']) retrieved from /home/airflow/.local/lib/python3.7/site-packages/airflow/example_dags/example_latest_only.py
[2025-01-23T20:11:58.302+0000] {logging_mixin.py:120} INFO - [2025-01-23T20:11:58.302+0000] {dag.py:2585} INFO - Sync 1 DAGs
[2025-01-23T20:11:58.348+0000] {logging_mixin.py:120} INFO - [2025-01-23T20:11:58.348+0000] {dag.py:3340} INFO - Setting next_dagrun for latest_only to 2025-01-23T16:11:58.348226+00:00, run_after=2025-01-23T20:11:58.348226+00:00
[2025-01-23T20:11:58.390+0000] {processor.py:176} INFO - Processing /home/airflow/.local/lib/python3.7/site-packages/airflow/example_dags/example_latest_only.py took 0.235 seconds
[2025-01-23T20:12:28.778+0000] {processor.py:154} INFO - Started process (PID=47726) to work on /home/airflow/.local/lib/python3.7/site-packages/airflow/example_dags/example_latest_only.py
[2025-01-23T20:12:28.780+0000] {processor.py:756} INFO - Processing file /home/airflow/.local/lib/python3.7/site-packages/airflow/example_dags/example_latest_only.py for tasks to queue
[2025-01-23T20:12:28.782+0000] {logging_mixin.py:120} INFO - [2025-01-23T20:12:28.782+0000] {dagbag.py:537} INFO - Filling up the DagBag from /home/airflow/.local/lib/python3.7/site-packages/airflow/example_dags/example_latest_only.py
[2025-01-23T20:12:28.806+0000] {processor.py:766} INFO - DAG(s) dict_keys(['latest_only']) retrieved from /home/airflow/.local/lib/python3.7/site-packages/airflow/example_dags/example_latest_only.py
[2025-01-23T20:12:28.885+0000] {logging_mixin.py:120} INFO - [2025-01-23T20:12:28.885+0000] {dag.py:2585} INFO - Sync 1 DAGs
[2025-01-23T20:12:28.933+0000] {logging_mixin.py:120} INFO - [2025-01-23T20:12:28.932+0000] {dag.py:3340} INFO - Setting next_dagrun for latest_only to 2025-01-23T16:12:28.932526+00:00, run_after=2025-01-23T20:12:28.932526+00:00
[2025-01-23T20:12:28.968+0000] {processor.py:176} INFO - Processing /home/airflow/.local/lib/python3.7/site-packages/airflow/example_dags/example_latest_only.py took 0.200 seconds
