[2025-01-23T19:50:46.507+0000] {processor.py:154} INFO - Started process (PID=45329) to work on /home/airflow/.local/lib/python3.7/site-packages/airflow/example_dags/example_xcomargs.py
[2025-01-23T19:50:46.523+0000] {processor.py:756} INFO - Processing file /home/airflow/.local/lib/python3.7/site-packages/airflow/example_dags/example_xcomargs.py for tasks to queue
[2025-01-23T19:50:46.536+0000] {logging_mixin.py:120} INFO - [2025-01-23T19:50:46.536+0000] {dagbag.py:537} INFO - Filling up the DagBag from /home/airflow/.local/lib/python3.7/site-packages/airflow/example_dags/example_xcomargs.py
[2025-01-23T19:50:46.749+0000] {processor.py:766} INFO - DAG(s) dict_keys(['example_xcom_args_with_operators', 'example_xcom_args']) retrieved from /home/airflow/.local/lib/python3.7/site-packages/airflow/example_dags/example_xcomargs.py
[2025-01-23T19:50:47.071+0000] {logging_mixin.py:120} INFO - [2025-01-23T19:50:47.070+0000] {dag.py:2585} INFO - Sync 2 DAGs
[2025-01-23T19:50:47.319+0000] {logging_mixin.py:120} INFO - [2025-01-23T19:50:47.319+0000] {dag.py:3340} INFO - Setting next_dagrun for example_xcom_args to None, run_after=None
[2025-01-23T19:50:47.347+0000] {logging_mixin.py:120} INFO - [2025-01-23T19:50:47.347+0000] {dag.py:3340} INFO - Setting next_dagrun for example_xcom_args_with_operators to None, run_after=None
[2025-01-23T19:50:47.506+0000] {processor.py:176} INFO - Processing /home/airflow/.local/lib/python3.7/site-packages/airflow/example_dags/example_xcomargs.py took 1.064 seconds
[2025-01-23T19:51:20.072+0000] {processor.py:154} INFO - Started process (PID=45384) to work on /home/airflow/.local/lib/python3.7/site-packages/airflow/example_dags/example_xcomargs.py
[2025-01-23T19:51:20.074+0000] {processor.py:756} INFO - Processing file /home/airflow/.local/lib/python3.7/site-packages/airflow/example_dags/example_xcomargs.py for tasks to queue
[2025-01-23T19:51:20.087+0000] {logging_mixin.py:120} INFO - [2025-01-23T19:51:20.086+0000] {dagbag.py:537} INFO - Filling up the DagBag from /home/airflow/.local/lib/python3.7/site-packages/airflow/example_dags/example_xcomargs.py
[2025-01-23T19:51:20.250+0000] {processor.py:766} INFO - DAG(s) dict_keys(['example_xcom_args_with_operators', 'example_xcom_args']) retrieved from /home/airflow/.local/lib/python3.7/site-packages/airflow/example_dags/example_xcomargs.py
[2025-01-23T19:51:20.537+0000] {logging_mixin.py:120} INFO - [2025-01-23T19:51:20.537+0000] {dag.py:2585} INFO - Sync 2 DAGs
[2025-01-23T19:51:20.717+0000] {logging_mixin.py:120} INFO - [2025-01-23T19:51:20.717+0000] {dag.py:3340} INFO - Setting next_dagrun for example_xcom_args to None, run_after=None
[2025-01-23T19:51:20.745+0000] {logging_mixin.py:120} INFO - [2025-01-23T19:51:20.745+0000] {dag.py:3340} INFO - Setting next_dagrun for example_xcom_args_with_operators to None, run_after=None
[2025-01-23T19:51:20.839+0000] {processor.py:176} INFO - Processing /home/airflow/.local/lib/python3.7/site-packages/airflow/example_dags/example_xcomargs.py took 0.786 seconds
[2025-01-23T19:51:53.092+0000] {processor.py:154} INFO - Started process (PID=45438) to work on /home/airflow/.local/lib/python3.7/site-packages/airflow/example_dags/example_xcomargs.py
[2025-01-23T19:51:53.096+0000] {processor.py:756} INFO - Processing file /home/airflow/.local/lib/python3.7/site-packages/airflow/example_dags/example_xcomargs.py for tasks to queue
[2025-01-23T19:51:53.098+0000] {logging_mixin.py:120} INFO - [2025-01-23T19:51:53.097+0000] {dagbag.py:537} INFO - Filling up the DagBag from /home/airflow/.local/lib/python3.7/site-packages/airflow/example_dags/example_xcomargs.py
[2025-01-23T19:51:53.245+0000] {processor.py:766} INFO - DAG(s) dict_keys(['example_xcom_args', 'example_xcom_args_with_operators']) retrieved from /home/airflow/.local/lib/python3.7/site-packages/airflow/example_dags/example_xcomargs.py
[2025-01-23T19:51:53.461+0000] {logging_mixin.py:120} INFO - [2025-01-23T19:51:53.461+0000] {dag.py:2585} INFO - Sync 2 DAGs
[2025-01-23T19:51:53.653+0000] {logging_mixin.py:120} INFO - [2025-01-23T19:51:53.652+0000] {dag.py:3340} INFO - Setting next_dagrun for example_xcom_args to None, run_after=None
[2025-01-23T19:51:53.670+0000] {logging_mixin.py:120} INFO - [2025-01-23T19:51:53.670+0000] {dag.py:3340} INFO - Setting next_dagrun for example_xcom_args_with_operators to None, run_after=None
[2025-01-23T19:51:53.760+0000] {processor.py:176} INFO - Processing /home/airflow/.local/lib/python3.7/site-packages/airflow/example_dags/example_xcomargs.py took 0.693 seconds
[2025-01-23T19:52:24.613+0000] {processor.py:154} INFO - Started process (PID=45492) to work on /home/airflow/.local/lib/python3.7/site-packages/airflow/example_dags/example_xcomargs.py
[2025-01-23T19:52:24.615+0000] {processor.py:756} INFO - Processing file /home/airflow/.local/lib/python3.7/site-packages/airflow/example_dags/example_xcomargs.py for tasks to queue
[2025-01-23T19:52:24.617+0000] {logging_mixin.py:120} INFO - [2025-01-23T19:52:24.617+0000] {dagbag.py:537} INFO - Filling up the DagBag from /home/airflow/.local/lib/python3.7/site-packages/airflow/example_dags/example_xcomargs.py
[2025-01-23T19:52:24.828+0000] {processor.py:766} INFO - DAG(s) dict_keys(['example_xcom_args', 'example_xcom_args_with_operators']) retrieved from /home/airflow/.local/lib/python3.7/site-packages/airflow/example_dags/example_xcomargs.py
[2025-01-23T19:52:25.216+0000] {logging_mixin.py:120} INFO - [2025-01-23T19:52:25.216+0000] {dag.py:2585} INFO - Sync 2 DAGs
[2025-01-23T19:52:25.429+0000] {logging_mixin.py:120} INFO - [2025-01-23T19:52:25.428+0000] {dag.py:3340} INFO - Setting next_dagrun for example_xcom_args to None, run_after=None
[2025-01-23T19:52:25.461+0000] {logging_mixin.py:120} INFO - [2025-01-23T19:52:25.460+0000] {dag.py:3340} INFO - Setting next_dagrun for example_xcom_args_with_operators to None, run_after=None
[2025-01-23T19:52:25.591+0000] {processor.py:176} INFO - Processing /home/airflow/.local/lib/python3.7/site-packages/airflow/example_dags/example_xcomargs.py took 1.005 seconds
[2025-01-23T19:52:55.811+0000] {processor.py:154} INFO - Started process (PID=45546) to work on /home/airflow/.local/lib/python3.7/site-packages/airflow/example_dags/example_xcomargs.py
[2025-01-23T19:52:55.812+0000] {processor.py:756} INFO - Processing file /home/airflow/.local/lib/python3.7/site-packages/airflow/example_dags/example_xcomargs.py for tasks to queue
[2025-01-23T19:52:55.814+0000] {logging_mixin.py:120} INFO - [2025-01-23T19:52:55.814+0000] {dagbag.py:537} INFO - Filling up the DagBag from /home/airflow/.local/lib/python3.7/site-packages/airflow/example_dags/example_xcomargs.py
[2025-01-23T19:52:55.866+0000] {processor.py:766} INFO - DAG(s) dict_keys(['example_xcom_args_with_operators', 'example_xcom_args']) retrieved from /home/airflow/.local/lib/python3.7/site-packages/airflow/example_dags/example_xcomargs.py
[2025-01-23T19:52:55.966+0000] {logging_mixin.py:120} INFO - [2025-01-23T19:52:55.966+0000] {dag.py:2585} INFO - Sync 2 DAGs
[2025-01-23T19:52:56.027+0000] {logging_mixin.py:120} INFO - [2025-01-23T19:52:56.027+0000] {dag.py:3340} INFO - Setting next_dagrun for example_xcom_args to None, run_after=None
[2025-01-23T19:52:56.035+0000] {logging_mixin.py:120} INFO - [2025-01-23T19:52:56.035+0000] {dag.py:3340} INFO - Setting next_dagrun for example_xcom_args_with_operators to None, run_after=None
[2025-01-23T19:52:56.080+0000] {processor.py:176} INFO - Processing /home/airflow/.local/lib/python3.7/site-packages/airflow/example_dags/example_xcomargs.py took 0.276 seconds
[2025-01-23T19:53:26.665+0000] {processor.py:154} INFO - Started process (PID=45600) to work on /home/airflow/.local/lib/python3.7/site-packages/airflow/example_dags/example_xcomargs.py
[2025-01-23T19:53:26.667+0000] {processor.py:756} INFO - Processing file /home/airflow/.local/lib/python3.7/site-packages/airflow/example_dags/example_xcomargs.py for tasks to queue
[2025-01-23T19:53:26.669+0000] {logging_mixin.py:120} INFO - [2025-01-23T19:53:26.668+0000] {dagbag.py:537} INFO - Filling up the DagBag from /home/airflow/.local/lib/python3.7/site-packages/airflow/example_dags/example_xcomargs.py
[2025-01-23T19:53:26.725+0000] {processor.py:766} INFO - DAG(s) dict_keys(['example_xcom_args_with_operators', 'example_xcom_args']) retrieved from /home/airflow/.local/lib/python3.7/site-packages/airflow/example_dags/example_xcomargs.py
[2025-01-23T19:53:26.819+0000] {logging_mixin.py:120} INFO - [2025-01-23T19:53:26.819+0000] {dag.py:2585} INFO - Sync 2 DAGs
[2025-01-23T19:53:26.873+0000] {logging_mixin.py:120} INFO - [2025-01-23T19:53:26.872+0000] {dag.py:3340} INFO - Setting next_dagrun for example_xcom_args to None, run_after=None
[2025-01-23T19:53:26.881+0000] {logging_mixin.py:120} INFO - [2025-01-23T19:53:26.881+0000] {dag.py:3340} INFO - Setting next_dagrun for example_xcom_args_with_operators to None, run_after=None
[2025-01-23T19:53:26.915+0000] {processor.py:176} INFO - Processing /home/airflow/.local/lib/python3.7/site-packages/airflow/example_dags/example_xcomargs.py took 0.257 seconds
[2025-01-23T19:53:57.358+0000] {processor.py:154} INFO - Started process (PID=45661) to work on /home/airflow/.local/lib/python3.7/site-packages/airflow/example_dags/example_xcomargs.py
[2025-01-23T19:53:57.360+0000] {processor.py:756} INFO - Processing file /home/airflow/.local/lib/python3.7/site-packages/airflow/example_dags/example_xcomargs.py for tasks to queue
[2025-01-23T19:53:57.362+0000] {logging_mixin.py:120} INFO - [2025-01-23T19:53:57.362+0000] {dagbag.py:537} INFO - Filling up the DagBag from /home/airflow/.local/lib/python3.7/site-packages/airflow/example_dags/example_xcomargs.py
[2025-01-23T19:53:57.415+0000] {processor.py:766} INFO - DAG(s) dict_keys(['example_xcom_args_with_operators', 'example_xcom_args']) retrieved from /home/airflow/.local/lib/python3.7/site-packages/airflow/example_dags/example_xcomargs.py
[2025-01-23T19:53:57.508+0000] {logging_mixin.py:120} INFO - [2025-01-23T19:53:57.508+0000] {dag.py:2585} INFO - Sync 2 DAGs
[2025-01-23T19:53:57.561+0000] {logging_mixin.py:120} INFO - [2025-01-23T19:53:57.560+0000] {dag.py:3340} INFO - Setting next_dagrun for example_xcom_args to None, run_after=None
[2025-01-23T19:53:57.567+0000] {logging_mixin.py:120} INFO - [2025-01-23T19:53:57.567+0000] {dag.py:3340} INFO - Setting next_dagrun for example_xcom_args_with_operators to None, run_after=None
[2025-01-23T19:53:57.600+0000] {processor.py:176} INFO - Processing /home/airflow/.local/lib/python3.7/site-packages/airflow/example_dags/example_xcomargs.py took 0.249 seconds
[2025-01-23T19:54:27.760+0000] {processor.py:154} INFO - Started process (PID=45716) to work on /home/airflow/.local/lib/python3.7/site-packages/airflow/example_dags/example_xcomargs.py
[2025-01-23T19:54:27.762+0000] {processor.py:756} INFO - Processing file /home/airflow/.local/lib/python3.7/site-packages/airflow/example_dags/example_xcomargs.py for tasks to queue
[2025-01-23T19:54:27.766+0000] {logging_mixin.py:120} INFO - [2025-01-23T19:54:27.764+0000] {dagbag.py:537} INFO - Filling up the DagBag from /home/airflow/.local/lib/python3.7/site-packages/airflow/example_dags/example_xcomargs.py
[2025-01-23T19:54:27.864+0000] {processor.py:766} INFO - DAG(s) dict_keys(['example_xcom_args_with_operators', 'example_xcom_args']) retrieved from /home/airflow/.local/lib/python3.7/site-packages/airflow/example_dags/example_xcomargs.py
[2025-01-23T19:54:28.132+0000] {logging_mixin.py:120} INFO - [2025-01-23T19:54:28.132+0000] {dag.py:2585} INFO - Sync 2 DAGs
[2025-01-23T19:54:28.304+0000] {logging_mixin.py:120} INFO - [2025-01-23T19:54:28.304+0000] {dag.py:3340} INFO - Setting next_dagrun for example_xcom_args to None, run_after=None
[2025-01-23T19:54:28.325+0000] {logging_mixin.py:120} INFO - [2025-01-23T19:54:28.324+0000] {dag.py:3340} INFO - Setting next_dagrun for example_xcom_args_with_operators to None, run_after=None
[2025-01-23T19:54:28.416+0000] {processor.py:176} INFO - Processing /home/airflow/.local/lib/python3.7/site-packages/airflow/example_dags/example_xcomargs.py took 0.663 seconds
[2025-01-23T19:54:59.405+0000] {processor.py:154} INFO - Started process (PID=45770) to work on /home/airflow/.local/lib/python3.7/site-packages/airflow/example_dags/example_xcomargs.py
[2025-01-23T19:54:59.409+0000] {processor.py:756} INFO - Processing file /home/airflow/.local/lib/python3.7/site-packages/airflow/example_dags/example_xcomargs.py for tasks to queue
[2025-01-23T19:54:59.414+0000] {logging_mixin.py:120} INFO - [2025-01-23T19:54:59.413+0000] {dagbag.py:537} INFO - Filling up the DagBag from /home/airflow/.local/lib/python3.7/site-packages/airflow/example_dags/example_xcomargs.py
[2025-01-23T19:54:59.495+0000] {processor.py:766} INFO - DAG(s) dict_keys(['example_xcom_args', 'example_xcom_args_with_operators']) retrieved from /home/airflow/.local/lib/python3.7/site-packages/airflow/example_dags/example_xcomargs.py
[2025-01-23T19:54:59.570+0000] {logging_mixin.py:120} INFO - [2025-01-23T19:54:59.570+0000] {dag.py:2585} INFO - Sync 2 DAGs
[2025-01-23T19:54:59.627+0000] {logging_mixin.py:120} INFO - [2025-01-23T19:54:59.626+0000] {dag.py:3340} INFO - Setting next_dagrun for example_xcom_args to None, run_after=None
[2025-01-23T19:54:59.634+0000] {logging_mixin.py:120} INFO - [2025-01-23T19:54:59.634+0000] {dag.py:3340} INFO - Setting next_dagrun for example_xcom_args_with_operators to None, run_after=None
[2025-01-23T19:54:59.672+0000] {processor.py:176} INFO - Processing /home/airflow/.local/lib/python3.7/site-packages/airflow/example_dags/example_xcomargs.py took 0.284 seconds
[2025-01-23T19:55:30.207+0000] {processor.py:154} INFO - Started process (PID=45825) to work on /home/airflow/.local/lib/python3.7/site-packages/airflow/example_dags/example_xcomargs.py
[2025-01-23T19:55:30.211+0000] {processor.py:756} INFO - Processing file /home/airflow/.local/lib/python3.7/site-packages/airflow/example_dags/example_xcomargs.py for tasks to queue
[2025-01-23T19:55:30.215+0000] {logging_mixin.py:120} INFO - [2025-01-23T19:55:30.214+0000] {dagbag.py:537} INFO - Filling up the DagBag from /home/airflow/.local/lib/python3.7/site-packages/airflow/example_dags/example_xcomargs.py
[2025-01-23T19:55:30.335+0000] {processor.py:766} INFO - DAG(s) dict_keys(['example_xcom_args', 'example_xcom_args_with_operators']) retrieved from /home/airflow/.local/lib/python3.7/site-packages/airflow/example_dags/example_xcomargs.py
[2025-01-23T19:55:30.409+0000] {logging_mixin.py:120} INFO - [2025-01-23T19:55:30.408+0000] {dag.py:2585} INFO - Sync 2 DAGs
[2025-01-23T19:55:30.458+0000] {logging_mixin.py:120} INFO - [2025-01-23T19:55:30.458+0000] {dag.py:3340} INFO - Setting next_dagrun for example_xcom_args to None, run_after=None
[2025-01-23T19:55:30.468+0000] {logging_mixin.py:120} INFO - [2025-01-23T19:55:30.467+0000] {dag.py:3340} INFO - Setting next_dagrun for example_xcom_args_with_operators to None, run_after=None
[2025-01-23T19:55:30.507+0000] {processor.py:176} INFO - Processing /home/airflow/.local/lib/python3.7/site-packages/airflow/example_dags/example_xcomargs.py took 0.316 seconds
[2025-01-23T19:56:02.269+0000] {processor.py:154} INFO - Started process (PID=45888) to work on /home/airflow/.local/lib/python3.7/site-packages/airflow/example_dags/example_xcomargs.py
[2025-01-23T19:56:02.272+0000] {processor.py:756} INFO - Processing file /home/airflow/.local/lib/python3.7/site-packages/airflow/example_dags/example_xcomargs.py for tasks to queue
[2025-01-23T19:56:02.274+0000] {logging_mixin.py:120} INFO - [2025-01-23T19:56:02.273+0000] {dagbag.py:537} INFO - Filling up the DagBag from /home/airflow/.local/lib/python3.7/site-packages/airflow/example_dags/example_xcomargs.py
[2025-01-23T19:56:02.413+0000] {processor.py:766} INFO - DAG(s) dict_keys(['example_xcom_args_with_operators', 'example_xcom_args']) retrieved from /home/airflow/.local/lib/python3.7/site-packages/airflow/example_dags/example_xcomargs.py
[2025-01-23T19:56:02.731+0000] {logging_mixin.py:120} INFO - [2025-01-23T19:56:02.731+0000] {dag.py:2585} INFO - Sync 2 DAGs
[2025-01-23T19:56:02.896+0000] {logging_mixin.py:120} INFO - [2025-01-23T19:56:02.895+0000] {dag.py:3340} INFO - Setting next_dagrun for example_xcom_args to None, run_after=None
[2025-01-23T19:56:02.916+0000] {logging_mixin.py:120} INFO - [2025-01-23T19:56:02.915+0000] {dag.py:3340} INFO - Setting next_dagrun for example_xcom_args_with_operators to None, run_after=None
[2025-01-23T19:56:03.050+0000] {processor.py:176} INFO - Processing /home/airflow/.local/lib/python3.7/site-packages/airflow/example_dags/example_xcomargs.py took 0.817 seconds
[2025-01-23T19:56:33.161+0000] {processor.py:154} INFO - Started process (PID=45942) to work on /home/airflow/.local/lib/python3.7/site-packages/airflow/example_dags/example_xcomargs.py
[2025-01-23T19:56:33.163+0000] {processor.py:756} INFO - Processing file /home/airflow/.local/lib/python3.7/site-packages/airflow/example_dags/example_xcomargs.py for tasks to queue
[2025-01-23T19:56:33.165+0000] {logging_mixin.py:120} INFO - [2025-01-23T19:56:33.165+0000] {dagbag.py:537} INFO - Filling up the DagBag from /home/airflow/.local/lib/python3.7/site-packages/airflow/example_dags/example_xcomargs.py
[2025-01-23T19:56:33.237+0000] {processor.py:766} INFO - DAG(s) dict_keys(['example_xcom_args', 'example_xcom_args_with_operators']) retrieved from /home/airflow/.local/lib/python3.7/site-packages/airflow/example_dags/example_xcomargs.py
[2025-01-23T19:56:33.344+0000] {logging_mixin.py:120} INFO - [2025-01-23T19:56:33.344+0000] {dag.py:2585} INFO - Sync 2 DAGs
[2025-01-23T19:56:33.409+0000] {logging_mixin.py:120} INFO - [2025-01-23T19:56:33.409+0000] {dag.py:3340} INFO - Setting next_dagrun for example_xcom_args to None, run_after=None
[2025-01-23T19:56:33.419+0000] {logging_mixin.py:120} INFO - [2025-01-23T19:56:33.419+0000] {dag.py:3340} INFO - Setting next_dagrun for example_xcom_args_with_operators to None, run_after=None
[2025-01-23T19:56:33.460+0000] {processor.py:176} INFO - Processing /home/airflow/.local/lib/python3.7/site-packages/airflow/example_dags/example_xcomargs.py took 0.308 seconds
[2025-01-23T19:57:03.691+0000] {processor.py:154} INFO - Started process (PID=45996) to work on /home/airflow/.local/lib/python3.7/site-packages/airflow/example_dags/example_xcomargs.py
[2025-01-23T19:57:03.693+0000] {processor.py:756} INFO - Processing file /home/airflow/.local/lib/python3.7/site-packages/airflow/example_dags/example_xcomargs.py for tasks to queue
[2025-01-23T19:57:03.695+0000] {logging_mixin.py:120} INFO - [2025-01-23T19:57:03.694+0000] {dagbag.py:537} INFO - Filling up the DagBag from /home/airflow/.local/lib/python3.7/site-packages/airflow/example_dags/example_xcomargs.py
[2025-01-23T19:57:03.750+0000] {processor.py:766} INFO - DAG(s) dict_keys(['example_xcom_args', 'example_xcom_args_with_operators']) retrieved from /home/airflow/.local/lib/python3.7/site-packages/airflow/example_dags/example_xcomargs.py
[2025-01-23T19:57:03.832+0000] {logging_mixin.py:120} INFO - [2025-01-23T19:57:03.832+0000] {dag.py:2585} INFO - Sync 2 DAGs
[2025-01-23T19:57:03.882+0000] {logging_mixin.py:120} INFO - [2025-01-23T19:57:03.881+0000] {dag.py:3340} INFO - Setting next_dagrun for example_xcom_args to None, run_after=None
[2025-01-23T19:57:03.888+0000] {logging_mixin.py:120} INFO - [2025-01-23T19:57:03.888+0000] {dag.py:3340} INFO - Setting next_dagrun for example_xcom_args_with_operators to None, run_after=None
[2025-01-23T19:57:03.920+0000] {processor.py:176} INFO - Processing /home/airflow/.local/lib/python3.7/site-packages/airflow/example_dags/example_xcomargs.py took 0.235 seconds
[2025-01-23T19:57:34.266+0000] {processor.py:154} INFO - Started process (PID=46050) to work on /home/airflow/.local/lib/python3.7/site-packages/airflow/example_dags/example_xcomargs.py
[2025-01-23T19:57:34.268+0000] {processor.py:756} INFO - Processing file /home/airflow/.local/lib/python3.7/site-packages/airflow/example_dags/example_xcomargs.py for tasks to queue
[2025-01-23T19:57:34.269+0000] {logging_mixin.py:120} INFO - [2025-01-23T19:57:34.269+0000] {dagbag.py:537} INFO - Filling up the DagBag from /home/airflow/.local/lib/python3.7/site-packages/airflow/example_dags/example_xcomargs.py
[2025-01-23T19:57:34.325+0000] {processor.py:766} INFO - DAG(s) dict_keys(['example_xcom_args_with_operators', 'example_xcom_args']) retrieved from /home/airflow/.local/lib/python3.7/site-packages/airflow/example_dags/example_xcomargs.py
[2025-01-23T19:57:34.400+0000] {logging_mixin.py:120} INFO - [2025-01-23T19:57:34.400+0000] {dag.py:2585} INFO - Sync 2 DAGs
[2025-01-23T19:57:34.448+0000] {logging_mixin.py:120} INFO - [2025-01-23T19:57:34.447+0000] {dag.py:3340} INFO - Setting next_dagrun for example_xcom_args to None, run_after=None
[2025-01-23T19:57:34.454+0000] {logging_mixin.py:120} INFO - [2025-01-23T19:57:34.453+0000] {dag.py:3340} INFO - Setting next_dagrun for example_xcom_args_with_operators to None, run_after=None
[2025-01-23T19:57:34.487+0000] {processor.py:176} INFO - Processing /home/airflow/.local/lib/python3.7/site-packages/airflow/example_dags/example_xcomargs.py took 0.228 seconds
[2025-01-23T19:58:05.342+0000] {processor.py:154} INFO - Started process (PID=46113) to work on /home/airflow/.local/lib/python3.7/site-packages/airflow/example_dags/example_xcomargs.py
[2025-01-23T19:58:05.345+0000] {processor.py:756} INFO - Processing file /home/airflow/.local/lib/python3.7/site-packages/airflow/example_dags/example_xcomargs.py for tasks to queue
[2025-01-23T19:58:05.348+0000] {logging_mixin.py:120} INFO - [2025-01-23T19:58:05.347+0000] {dagbag.py:537} INFO - Filling up the DagBag from /home/airflow/.local/lib/python3.7/site-packages/airflow/example_dags/example_xcomargs.py
[2025-01-23T19:58:05.426+0000] {processor.py:766} INFO - DAG(s) dict_keys(['example_xcom_args_with_operators', 'example_xcom_args']) retrieved from /home/airflow/.local/lib/python3.7/site-packages/airflow/example_dags/example_xcomargs.py
[2025-01-23T19:58:05.608+0000] {logging_mixin.py:120} INFO - [2025-01-23T19:58:05.608+0000] {dag.py:2585} INFO - Sync 2 DAGs
[2025-01-23T19:58:05.713+0000] {logging_mixin.py:120} INFO - [2025-01-23T19:58:05.712+0000] {dag.py:3340} INFO - Setting next_dagrun for example_xcom_args to None, run_after=None
[2025-01-23T19:58:05.726+0000] {logging_mixin.py:120} INFO - [2025-01-23T19:58:05.726+0000] {dag.py:3340} INFO - Setting next_dagrun for example_xcom_args_with_operators to None, run_after=None
[2025-01-23T19:58:05.792+0000] {processor.py:176} INFO - Processing /home/airflow/.local/lib/python3.7/site-packages/airflow/example_dags/example_xcomargs.py took 0.461 seconds
[2025-01-23T19:58:36.680+0000] {processor.py:154} INFO - Started process (PID=46167) to work on /home/airflow/.local/lib/python3.7/site-packages/airflow/example_dags/example_xcomargs.py
[2025-01-23T19:58:36.684+0000] {processor.py:756} INFO - Processing file /home/airflow/.local/lib/python3.7/site-packages/airflow/example_dags/example_xcomargs.py for tasks to queue
[2025-01-23T19:58:36.688+0000] {logging_mixin.py:120} INFO - [2025-01-23T19:58:36.687+0000] {dagbag.py:537} INFO - Filling up the DagBag from /home/airflow/.local/lib/python3.7/site-packages/airflow/example_dags/example_xcomargs.py
[2025-01-23T19:58:36.804+0000] {processor.py:766} INFO - DAG(s) dict_keys(['example_xcom_args_with_operators', 'example_xcom_args']) retrieved from /home/airflow/.local/lib/python3.7/site-packages/airflow/example_dags/example_xcomargs.py
[2025-01-23T19:58:36.954+0000] {logging_mixin.py:120} INFO - [2025-01-23T19:58:36.953+0000] {dag.py:2585} INFO - Sync 2 DAGs
[2025-01-23T19:58:37.100+0000] {logging_mixin.py:120} INFO - [2025-01-23T19:58:37.099+0000] {dag.py:3340} INFO - Setting next_dagrun for example_xcom_args to None, run_after=None
[2025-01-23T19:58:37.117+0000] {logging_mixin.py:120} INFO - [2025-01-23T19:58:37.116+0000] {dag.py:3340} INFO - Setting next_dagrun for example_xcom_args_with_operators to None, run_after=None
[2025-01-23T19:58:37.175+0000] {processor.py:176} INFO - Processing /home/airflow/.local/lib/python3.7/site-packages/airflow/example_dags/example_xcomargs.py took 0.523 seconds
[2025-01-23T19:59:07.492+0000] {processor.py:154} INFO - Started process (PID=46221) to work on /home/airflow/.local/lib/python3.7/site-packages/airflow/example_dags/example_xcomargs.py
[2025-01-23T19:59:07.496+0000] {processor.py:756} INFO - Processing file /home/airflow/.local/lib/python3.7/site-packages/airflow/example_dags/example_xcomargs.py for tasks to queue
[2025-01-23T19:59:07.500+0000] {logging_mixin.py:120} INFO - [2025-01-23T19:59:07.500+0000] {dagbag.py:537} INFO - Filling up the DagBag from /home/airflow/.local/lib/python3.7/site-packages/airflow/example_dags/example_xcomargs.py
[2025-01-23T19:59:07.601+0000] {processor.py:766} INFO - DAG(s) dict_keys(['example_xcom_args', 'example_xcom_args_with_operators']) retrieved from /home/airflow/.local/lib/python3.7/site-packages/airflow/example_dags/example_xcomargs.py
[2025-01-23T19:59:07.675+0000] {logging_mixin.py:120} INFO - [2025-01-23T19:59:07.674+0000] {dag.py:2585} INFO - Sync 2 DAGs
[2025-01-23T19:59:07.725+0000] {logging_mixin.py:120} INFO - [2025-01-23T19:59:07.725+0000] {dag.py:3340} INFO - Setting next_dagrun for example_xcom_args to None, run_after=None
[2025-01-23T19:59:07.733+0000] {logging_mixin.py:120} INFO - [2025-01-23T19:59:07.733+0000] {dag.py:3340} INFO - Setting next_dagrun for example_xcom_args_with_operators to None, run_after=None
[2025-01-23T19:59:07.767+0000] {processor.py:176} INFO - Processing /home/airflow/.local/lib/python3.7/site-packages/airflow/example_dags/example_xcomargs.py took 0.290 seconds
[2025-01-23T19:59:38.144+0000] {processor.py:154} INFO - Started process (PID=46285) to work on /home/airflow/.local/lib/python3.7/site-packages/airflow/example_dags/example_xcomargs.py
[2025-01-23T19:59:38.146+0000] {processor.py:756} INFO - Processing file /home/airflow/.local/lib/python3.7/site-packages/airflow/example_dags/example_xcomargs.py for tasks to queue
[2025-01-23T19:59:38.148+0000] {logging_mixin.py:120} INFO - [2025-01-23T19:59:38.148+0000] {dagbag.py:537} INFO - Filling up the DagBag from /home/airflow/.local/lib/python3.7/site-packages/airflow/example_dags/example_xcomargs.py
[2025-01-23T19:59:38.210+0000] {processor.py:766} INFO - DAG(s) dict_keys(['example_xcom_args_with_operators', 'example_xcom_args']) retrieved from /home/airflow/.local/lib/python3.7/site-packages/airflow/example_dags/example_xcomargs.py
[2025-01-23T19:59:38.298+0000] {logging_mixin.py:120} INFO - [2025-01-23T19:59:38.297+0000] {dag.py:2585} INFO - Sync 2 DAGs
[2025-01-23T19:59:38.343+0000] {logging_mixin.py:120} INFO - [2025-01-23T19:59:38.343+0000] {dag.py:3340} INFO - Setting next_dagrun for example_xcom_args to None, run_after=None
[2025-01-23T19:59:38.349+0000] {logging_mixin.py:120} INFO - [2025-01-23T19:59:38.349+0000] {dag.py:3340} INFO - Setting next_dagrun for example_xcom_args_with_operators to None, run_after=None
[2025-01-23T19:59:38.382+0000] {processor.py:176} INFO - Processing /home/airflow/.local/lib/python3.7/site-packages/airflow/example_dags/example_xcomargs.py took 0.246 seconds
[2025-01-23T20:00:08.557+0000] {processor.py:154} INFO - Started process (PID=46340) to work on /home/airflow/.local/lib/python3.7/site-packages/airflow/example_dags/example_xcomargs.py
[2025-01-23T20:00:08.558+0000] {processor.py:756} INFO - Processing file /home/airflow/.local/lib/python3.7/site-packages/airflow/example_dags/example_xcomargs.py for tasks to queue
[2025-01-23T20:00:08.560+0000] {logging_mixin.py:120} INFO - [2025-01-23T20:00:08.559+0000] {dagbag.py:537} INFO - Filling up the DagBag from /home/airflow/.local/lib/python3.7/site-packages/airflow/example_dags/example_xcomargs.py
[2025-01-23T20:00:08.595+0000] {processor.py:766} INFO - DAG(s) dict_keys(['example_xcom_args_with_operators', 'example_xcom_args']) retrieved from /home/airflow/.local/lib/python3.7/site-packages/airflow/example_dags/example_xcomargs.py
[2025-01-23T20:00:08.669+0000] {logging_mixin.py:120} INFO - [2025-01-23T20:00:08.669+0000] {dag.py:2585} INFO - Sync 2 DAGs
[2025-01-23T20:00:08.716+0000] {logging_mixin.py:120} INFO - [2025-01-23T20:00:08.715+0000] {dag.py:3340} INFO - Setting next_dagrun for example_xcom_args to None, run_after=None
[2025-01-23T20:00:08.723+0000] {logging_mixin.py:120} INFO - [2025-01-23T20:00:08.723+0000] {dag.py:3340} INFO - Setting next_dagrun for example_xcom_args_with_operators to None, run_after=None
[2025-01-23T20:00:08.757+0000] {processor.py:176} INFO - Processing /home/airflow/.local/lib/python3.7/site-packages/airflow/example_dags/example_xcomargs.py took 0.205 seconds
[2025-01-23T20:00:39.146+0000] {processor.py:154} INFO - Started process (PID=46394) to work on /home/airflow/.local/lib/python3.7/site-packages/airflow/example_dags/example_xcomargs.py
[2025-01-23T20:00:39.149+0000] {processor.py:756} INFO - Processing file /home/airflow/.local/lib/python3.7/site-packages/airflow/example_dags/example_xcomargs.py for tasks to queue
[2025-01-23T20:00:39.150+0000] {logging_mixin.py:120} INFO - [2025-01-23T20:00:39.150+0000] {dagbag.py:537} INFO - Filling up the DagBag from /home/airflow/.local/lib/python3.7/site-packages/airflow/example_dags/example_xcomargs.py
[2025-01-23T20:00:39.221+0000] {processor.py:766} INFO - DAG(s) dict_keys(['example_xcom_args_with_operators', 'example_xcom_args']) retrieved from /home/airflow/.local/lib/python3.7/site-packages/airflow/example_dags/example_xcomargs.py
[2025-01-23T20:00:39.304+0000] {logging_mixin.py:120} INFO - [2025-01-23T20:00:39.304+0000] {dag.py:2585} INFO - Sync 2 DAGs
[2025-01-23T20:00:39.362+0000] {logging_mixin.py:120} INFO - [2025-01-23T20:00:39.362+0000] {dag.py:3340} INFO - Setting next_dagrun for example_xcom_args to None, run_after=None
[2025-01-23T20:00:39.373+0000] {logging_mixin.py:120} INFO - [2025-01-23T20:00:39.372+0000] {dag.py:3340} INFO - Setting next_dagrun for example_xcom_args_with_operators to None, run_after=None
[2025-01-23T20:00:39.426+0000] {processor.py:176} INFO - Processing /home/airflow/.local/lib/python3.7/site-packages/airflow/example_dags/example_xcomargs.py took 0.287 seconds
[2025-01-23T20:01:10.032+0000] {processor.py:154} INFO - Started process (PID=46458) to work on /home/airflow/.local/lib/python3.7/site-packages/airflow/example_dags/example_xcomargs.py
[2025-01-23T20:01:10.033+0000] {processor.py:756} INFO - Processing file /home/airflow/.local/lib/python3.7/site-packages/airflow/example_dags/example_xcomargs.py for tasks to queue
[2025-01-23T20:01:10.035+0000] {logging_mixin.py:120} INFO - [2025-01-23T20:01:10.035+0000] {dagbag.py:537} INFO - Filling up the DagBag from /home/airflow/.local/lib/python3.7/site-packages/airflow/example_dags/example_xcomargs.py
[2025-01-23T20:01:10.080+0000] {processor.py:766} INFO - DAG(s) dict_keys(['example_xcom_args_with_operators', 'example_xcom_args']) retrieved from /home/airflow/.local/lib/python3.7/site-packages/airflow/example_dags/example_xcomargs.py
[2025-01-23T20:01:10.177+0000] {logging_mixin.py:120} INFO - [2025-01-23T20:01:10.177+0000] {dag.py:2585} INFO - Sync 2 DAGs
[2025-01-23T20:01:10.241+0000] {logging_mixin.py:120} INFO - [2025-01-23T20:01:10.241+0000] {dag.py:3340} INFO - Setting next_dagrun for example_xcom_args to None, run_after=None
[2025-01-23T20:01:10.249+0000] {logging_mixin.py:120} INFO - [2025-01-23T20:01:10.248+0000] {dag.py:3340} INFO - Setting next_dagrun for example_xcom_args_with_operators to None, run_after=None
[2025-01-23T20:01:10.282+0000] {processor.py:176} INFO - Processing /home/airflow/.local/lib/python3.7/site-packages/airflow/example_dags/example_xcomargs.py took 0.256 seconds
[2025-01-23T20:01:41.065+0000] {processor.py:154} INFO - Started process (PID=46512) to work on /home/airflow/.local/lib/python3.7/site-packages/airflow/example_dags/example_xcomargs.py
[2025-01-23T20:01:41.069+0000] {processor.py:756} INFO - Processing file /home/airflow/.local/lib/python3.7/site-packages/airflow/example_dags/example_xcomargs.py for tasks to queue
[2025-01-23T20:01:41.075+0000] {logging_mixin.py:120} INFO - [2025-01-23T20:01:41.074+0000] {dagbag.py:537} INFO - Filling up the DagBag from /home/airflow/.local/lib/python3.7/site-packages/airflow/example_dags/example_xcomargs.py
[2025-01-23T20:01:41.158+0000] {processor.py:766} INFO - DAG(s) dict_keys(['example_xcom_args_with_operators', 'example_xcom_args']) retrieved from /home/airflow/.local/lib/python3.7/site-packages/airflow/example_dags/example_xcomargs.py
[2025-01-23T20:01:41.233+0000] {logging_mixin.py:120} INFO - [2025-01-23T20:01:41.233+0000] {dag.py:2585} INFO - Sync 2 DAGs
[2025-01-23T20:01:41.276+0000] {logging_mixin.py:120} INFO - [2025-01-23T20:01:41.276+0000] {dag.py:3340} INFO - Setting next_dagrun for example_xcom_args to None, run_after=None
[2025-01-23T20:01:41.286+0000] {logging_mixin.py:120} INFO - [2025-01-23T20:01:41.285+0000] {dag.py:3340} INFO - Setting next_dagrun for example_xcom_args_with_operators to None, run_after=None
[2025-01-23T20:01:41.320+0000] {processor.py:176} INFO - Processing /home/airflow/.local/lib/python3.7/site-packages/airflow/example_dags/example_xcomargs.py took 0.280 seconds
[2025-01-23T20:02:11.542+0000] {processor.py:154} INFO - Started process (PID=46575) to work on /home/airflow/.local/lib/python3.7/site-packages/airflow/example_dags/example_xcomargs.py
[2025-01-23T20:02:11.544+0000] {processor.py:756} INFO - Processing file /home/airflow/.local/lib/python3.7/site-packages/airflow/example_dags/example_xcomargs.py for tasks to queue
[2025-01-23T20:02:11.545+0000] {logging_mixin.py:120} INFO - [2025-01-23T20:02:11.545+0000] {dagbag.py:537} INFO - Filling up the DagBag from /home/airflow/.local/lib/python3.7/site-packages/airflow/example_dags/example_xcomargs.py
[2025-01-23T20:02:11.592+0000] {processor.py:766} INFO - DAG(s) dict_keys(['example_xcom_args_with_operators', 'example_xcom_args']) retrieved from /home/airflow/.local/lib/python3.7/site-packages/airflow/example_dags/example_xcomargs.py
[2025-01-23T20:02:11.693+0000] {logging_mixin.py:120} INFO - [2025-01-23T20:02:11.692+0000] {dag.py:2585} INFO - Sync 2 DAGs
[2025-01-23T20:02:11.765+0000] {logging_mixin.py:120} INFO - [2025-01-23T20:02:11.765+0000] {dag.py:3340} INFO - Setting next_dagrun for example_xcom_args to None, run_after=None
[2025-01-23T20:02:11.772+0000] {logging_mixin.py:120} INFO - [2025-01-23T20:02:11.772+0000] {dag.py:3340} INFO - Setting next_dagrun for example_xcom_args_with_operators to None, run_after=None
[2025-01-23T20:02:11.810+0000] {processor.py:176} INFO - Processing /home/airflow/.local/lib/python3.7/site-packages/airflow/example_dags/example_xcomargs.py took 0.273 seconds
[2025-01-23T20:02:42.389+0000] {processor.py:154} INFO - Started process (PID=46629) to work on /home/airflow/.local/lib/python3.7/site-packages/airflow/example_dags/example_xcomargs.py
[2025-01-23T20:02:42.390+0000] {processor.py:756} INFO - Processing file /home/airflow/.local/lib/python3.7/site-packages/airflow/example_dags/example_xcomargs.py for tasks to queue
[2025-01-23T20:02:42.392+0000] {logging_mixin.py:120} INFO - [2025-01-23T20:02:42.391+0000] {dagbag.py:537} INFO - Filling up the DagBag from /home/airflow/.local/lib/python3.7/site-packages/airflow/example_dags/example_xcomargs.py
[2025-01-23T20:02:42.435+0000] {processor.py:766} INFO - DAG(s) dict_keys(['example_xcom_args_with_operators', 'example_xcom_args']) retrieved from /home/airflow/.local/lib/python3.7/site-packages/airflow/example_dags/example_xcomargs.py
[2025-01-23T20:02:42.523+0000] {logging_mixin.py:120} INFO - [2025-01-23T20:02:42.523+0000] {dag.py:2585} INFO - Sync 2 DAGs
[2025-01-23T20:02:42.572+0000] {logging_mixin.py:120} INFO - [2025-01-23T20:02:42.572+0000] {dag.py:3340} INFO - Setting next_dagrun for example_xcom_args to None, run_after=None
[2025-01-23T20:02:42.580+0000] {logging_mixin.py:120} INFO - [2025-01-23T20:02:42.580+0000] {dag.py:3340} INFO - Setting next_dagrun for example_xcom_args_with_operators to None, run_after=None
[2025-01-23T20:02:42.614+0000] {processor.py:176} INFO - Processing /home/airflow/.local/lib/python3.7/site-packages/airflow/example_dags/example_xcomargs.py took 0.231 seconds
[2025-01-23T20:03:13.837+0000] {processor.py:154} INFO - Started process (PID=46683) to work on /home/airflow/.local/lib/python3.7/site-packages/airflow/example_dags/example_xcomargs.py
[2025-01-23T20:03:13.841+0000] {processor.py:756} INFO - Processing file /home/airflow/.local/lib/python3.7/site-packages/airflow/example_dags/example_xcomargs.py for tasks to queue
[2025-01-23T20:03:13.845+0000] {logging_mixin.py:120} INFO - [2025-01-23T20:03:13.844+0000] {dagbag.py:537} INFO - Filling up the DagBag from /home/airflow/.local/lib/python3.7/site-packages/airflow/example_dags/example_xcomargs.py
[2025-01-23T20:03:13.935+0000] {processor.py:766} INFO - DAG(s) dict_keys(['example_xcom_args', 'example_xcom_args_with_operators']) retrieved from /home/airflow/.local/lib/python3.7/site-packages/airflow/example_dags/example_xcomargs.py
[2025-01-23T20:03:14.017+0000] {logging_mixin.py:120} INFO - [2025-01-23T20:03:14.017+0000] {dag.py:2585} INFO - Sync 2 DAGs
[2025-01-23T20:03:14.060+0000] {logging_mixin.py:120} INFO - [2025-01-23T20:03:14.059+0000] {dag.py:3340} INFO - Setting next_dagrun for example_xcom_args to None, run_after=None
[2025-01-23T20:03:14.068+0000] {logging_mixin.py:120} INFO - [2025-01-23T20:03:14.067+0000] {dag.py:3340} INFO - Setting next_dagrun for example_xcom_args_with_operators to None, run_after=None
[2025-01-23T20:03:14.101+0000] {processor.py:176} INFO - Processing /home/airflow/.local/lib/python3.7/site-packages/airflow/example_dags/example_xcomargs.py took 0.279 seconds
[2025-01-23T20:03:44.311+0000] {processor.py:154} INFO - Started process (PID=46745) to work on /home/airflow/.local/lib/python3.7/site-packages/airflow/example_dags/example_xcomargs.py
[2025-01-23T20:03:44.312+0000] {processor.py:756} INFO - Processing file /home/airflow/.local/lib/python3.7/site-packages/airflow/example_dags/example_xcomargs.py for tasks to queue
[2025-01-23T20:03:44.314+0000] {logging_mixin.py:120} INFO - [2025-01-23T20:03:44.313+0000] {dagbag.py:537} INFO - Filling up the DagBag from /home/airflow/.local/lib/python3.7/site-packages/airflow/example_dags/example_xcomargs.py
[2025-01-23T20:03:44.359+0000] {processor.py:766} INFO - DAG(s) dict_keys(['example_xcom_args_with_operators', 'example_xcom_args']) retrieved from /home/airflow/.local/lib/python3.7/site-packages/airflow/example_dags/example_xcomargs.py
[2025-01-23T20:03:44.430+0000] {logging_mixin.py:120} INFO - [2025-01-23T20:03:44.429+0000] {dag.py:2585} INFO - Sync 2 DAGs
[2025-01-23T20:03:44.475+0000] {logging_mixin.py:120} INFO - [2025-01-23T20:03:44.475+0000] {dag.py:3340} INFO - Setting next_dagrun for example_xcom_args to None, run_after=None
[2025-01-23T20:03:44.481+0000] {logging_mixin.py:120} INFO - [2025-01-23T20:03:44.481+0000] {dag.py:3340} INFO - Setting next_dagrun for example_xcom_args_with_operators to None, run_after=None
[2025-01-23T20:03:44.516+0000] {processor.py:176} INFO - Processing /home/airflow/.local/lib/python3.7/site-packages/airflow/example_dags/example_xcomargs.py took 0.211 seconds
[2025-01-23T20:04:14.877+0000] {processor.py:154} INFO - Started process (PID=46799) to work on /home/airflow/.local/lib/python3.7/site-packages/airflow/example_dags/example_xcomargs.py
[2025-01-23T20:04:14.878+0000] {processor.py:756} INFO - Processing file /home/airflow/.local/lib/python3.7/site-packages/airflow/example_dags/example_xcomargs.py for tasks to queue
[2025-01-23T20:04:14.880+0000] {logging_mixin.py:120} INFO - [2025-01-23T20:04:14.880+0000] {dagbag.py:537} INFO - Filling up the DagBag from /home/airflow/.local/lib/python3.7/site-packages/airflow/example_dags/example_xcomargs.py
[2025-01-23T20:04:14.922+0000] {processor.py:766} INFO - DAG(s) dict_keys(['example_xcom_args', 'example_xcom_args_with_operators']) retrieved from /home/airflow/.local/lib/python3.7/site-packages/airflow/example_dags/example_xcomargs.py
[2025-01-23T20:04:15.002+0000] {logging_mixin.py:120} INFO - [2025-01-23T20:04:15.002+0000] {dag.py:2585} INFO - Sync 2 DAGs
[2025-01-23T20:04:15.045+0000] {logging_mixin.py:120} INFO - [2025-01-23T20:04:15.045+0000] {dag.py:3340} INFO - Setting next_dagrun for example_xcom_args to None, run_after=None
[2025-01-23T20:04:15.051+0000] {logging_mixin.py:120} INFO - [2025-01-23T20:04:15.051+0000] {dag.py:3340} INFO - Setting next_dagrun for example_xcom_args_with_operators to None, run_after=None
[2025-01-23T20:04:15.079+0000] {processor.py:176} INFO - Processing /home/airflow/.local/lib/python3.7/site-packages/airflow/example_dags/example_xcomargs.py took 0.208 seconds
[2025-01-23T20:04:45.535+0000] {processor.py:154} INFO - Started process (PID=46862) to work on /home/airflow/.local/lib/python3.7/site-packages/airflow/example_dags/example_xcomargs.py
[2025-01-23T20:04:45.538+0000] {processor.py:756} INFO - Processing file /home/airflow/.local/lib/python3.7/site-packages/airflow/example_dags/example_xcomargs.py for tasks to queue
[2025-01-23T20:04:45.540+0000] {logging_mixin.py:120} INFO - [2025-01-23T20:04:45.540+0000] {dagbag.py:537} INFO - Filling up the DagBag from /home/airflow/.local/lib/python3.7/site-packages/airflow/example_dags/example_xcomargs.py
[2025-01-23T20:04:45.609+0000] {processor.py:766} INFO - DAG(s) dict_keys(['example_xcom_args', 'example_xcom_args_with_operators']) retrieved from /home/airflow/.local/lib/python3.7/site-packages/airflow/example_dags/example_xcomargs.py
[2025-01-23T20:04:45.731+0000] {logging_mixin.py:120} INFO - [2025-01-23T20:04:45.730+0000] {dag.py:2585} INFO - Sync 2 DAGs
[2025-01-23T20:04:45.803+0000] {logging_mixin.py:120} INFO - [2025-01-23T20:04:45.802+0000] {dag.py:3340} INFO - Setting next_dagrun for example_xcom_args to None, run_after=None
[2025-01-23T20:04:45.812+0000] {logging_mixin.py:120} INFO - [2025-01-23T20:04:45.812+0000] {dag.py:3340} INFO - Setting next_dagrun for example_xcom_args_with_operators to None, run_after=None
[2025-01-23T20:04:45.858+0000] {processor.py:176} INFO - Processing /home/airflow/.local/lib/python3.7/site-packages/airflow/example_dags/example_xcomargs.py took 0.332 seconds
[2025-01-23T20:05:16.532+0000] {processor.py:154} INFO - Started process (PID=46916) to work on /home/airflow/.local/lib/python3.7/site-packages/airflow/example_dags/example_xcomargs.py
[2025-01-23T20:05:16.533+0000] {processor.py:756} INFO - Processing file /home/airflow/.local/lib/python3.7/site-packages/airflow/example_dags/example_xcomargs.py for tasks to queue
[2025-01-23T20:05:16.535+0000] {logging_mixin.py:120} INFO - [2025-01-23T20:05:16.535+0000] {dagbag.py:537} INFO - Filling up the DagBag from /home/airflow/.local/lib/python3.7/site-packages/airflow/example_dags/example_xcomargs.py
[2025-01-23T20:05:16.594+0000] {processor.py:766} INFO - DAG(s) dict_keys(['example_xcom_args_with_operators', 'example_xcom_args']) retrieved from /home/airflow/.local/lib/python3.7/site-packages/airflow/example_dags/example_xcomargs.py
[2025-01-23T20:05:16.702+0000] {logging_mixin.py:120} INFO - [2025-01-23T20:05:16.702+0000] {dag.py:2585} INFO - Sync 2 DAGs
[2025-01-23T20:05:16.746+0000] {logging_mixin.py:120} INFO - [2025-01-23T20:05:16.746+0000] {dag.py:3340} INFO - Setting next_dagrun for example_xcom_args to None, run_after=None
[2025-01-23T20:05:16.752+0000] {logging_mixin.py:120} INFO - [2025-01-23T20:05:16.752+0000] {dag.py:3340} INFO - Setting next_dagrun for example_xcom_args_with_operators to None, run_after=None
[2025-01-23T20:05:16.783+0000] {processor.py:176} INFO - Processing /home/airflow/.local/lib/python3.7/site-packages/airflow/example_dags/example_xcomargs.py took 0.257 seconds
[2025-01-23T20:05:47.260+0000] {processor.py:154} INFO - Started process (PID=46979) to work on /home/airflow/.local/lib/python3.7/site-packages/airflow/example_dags/example_xcomargs.py
[2025-01-23T20:05:47.262+0000] {processor.py:756} INFO - Processing file /home/airflow/.local/lib/python3.7/site-packages/airflow/example_dags/example_xcomargs.py for tasks to queue
[2025-01-23T20:05:47.267+0000] {logging_mixin.py:120} INFO - [2025-01-23T20:05:47.266+0000] {dagbag.py:537} INFO - Filling up the DagBag from /home/airflow/.local/lib/python3.7/site-packages/airflow/example_dags/example_xcomargs.py
[2025-01-23T20:05:47.332+0000] {processor.py:766} INFO - DAG(s) dict_keys(['example_xcom_args_with_operators', 'example_xcom_args']) retrieved from /home/airflow/.local/lib/python3.7/site-packages/airflow/example_dags/example_xcomargs.py
[2025-01-23T20:05:47.437+0000] {logging_mixin.py:120} INFO - [2025-01-23T20:05:47.437+0000] {dag.py:2585} INFO - Sync 2 DAGs
[2025-01-23T20:05:47.480+0000] {logging_mixin.py:120} INFO - [2025-01-23T20:05:47.480+0000] {dag.py:3340} INFO - Setting next_dagrun for example_xcom_args to None, run_after=None
[2025-01-23T20:05:47.486+0000] {logging_mixin.py:120} INFO - [2025-01-23T20:05:47.485+0000] {dag.py:3340} INFO - Setting next_dagrun for example_xcom_args_with_operators to None, run_after=None
[2025-01-23T20:05:47.528+0000] {processor.py:176} INFO - Processing /home/airflow/.local/lib/python3.7/site-packages/airflow/example_dags/example_xcomargs.py took 0.278 seconds
[2025-01-23T20:06:17.916+0000] {processor.py:154} INFO - Started process (PID=47033) to work on /home/airflow/.local/lib/python3.7/site-packages/airflow/example_dags/example_xcomargs.py
[2025-01-23T20:06:17.918+0000] {processor.py:756} INFO - Processing file /home/airflow/.local/lib/python3.7/site-packages/airflow/example_dags/example_xcomargs.py for tasks to queue
[2025-01-23T20:06:17.920+0000] {logging_mixin.py:120} INFO - [2025-01-23T20:06:17.919+0000] {dagbag.py:537} INFO - Filling up the DagBag from /home/airflow/.local/lib/python3.7/site-packages/airflow/example_dags/example_xcomargs.py
[2025-01-23T20:06:17.975+0000] {processor.py:766} INFO - DAG(s) dict_keys(['example_xcom_args', 'example_xcom_args_with_operators']) retrieved from /home/airflow/.local/lib/python3.7/site-packages/airflow/example_dags/example_xcomargs.py
[2025-01-23T20:06:18.083+0000] {logging_mixin.py:120} INFO - [2025-01-23T20:06:18.082+0000] {dag.py:2585} INFO - Sync 2 DAGs
[2025-01-23T20:06:18.146+0000] {logging_mixin.py:120} INFO - [2025-01-23T20:06:18.146+0000] {dag.py:3340} INFO - Setting next_dagrun for example_xcom_args to None, run_after=None
[2025-01-23T20:06:18.163+0000] {logging_mixin.py:120} INFO - [2025-01-23T20:06:18.163+0000] {dag.py:3340} INFO - Setting next_dagrun for example_xcom_args_with_operators to None, run_after=None
[2025-01-23T20:06:18.234+0000] {processor.py:176} INFO - Processing /home/airflow/.local/lib/python3.7/site-packages/airflow/example_dags/example_xcomargs.py took 0.325 seconds
[2025-01-23T20:06:48.882+0000] {processor.py:154} INFO - Started process (PID=47096) to work on /home/airflow/.local/lib/python3.7/site-packages/airflow/example_dags/example_xcomargs.py
[2025-01-23T20:06:48.884+0000] {processor.py:756} INFO - Processing file /home/airflow/.local/lib/python3.7/site-packages/airflow/example_dags/example_xcomargs.py for tasks to queue
[2025-01-23T20:06:48.886+0000] {logging_mixin.py:120} INFO - [2025-01-23T20:06:48.886+0000] {dagbag.py:537} INFO - Filling up the DagBag from /home/airflow/.local/lib/python3.7/site-packages/airflow/example_dags/example_xcomargs.py
[2025-01-23T20:06:48.926+0000] {processor.py:766} INFO - DAG(s) dict_keys(['example_xcom_args_with_operators', 'example_xcom_args']) retrieved from /home/airflow/.local/lib/python3.7/site-packages/airflow/example_dags/example_xcomargs.py
[2025-01-23T20:06:49.004+0000] {logging_mixin.py:120} INFO - [2025-01-23T20:06:49.004+0000] {dag.py:2585} INFO - Sync 2 DAGs
[2025-01-23T20:06:49.058+0000] {logging_mixin.py:120} INFO - [2025-01-23T20:06:49.058+0000] {dag.py:3340} INFO - Setting next_dagrun for example_xcom_args to None, run_after=None
[2025-01-23T20:06:49.065+0000] {logging_mixin.py:120} INFO - [2025-01-23T20:06:49.065+0000] {dag.py:3340} INFO - Setting next_dagrun for example_xcom_args_with_operators to None, run_after=None
[2025-01-23T20:06:49.103+0000] {processor.py:176} INFO - Processing /home/airflow/.local/lib/python3.7/site-packages/airflow/example_dags/example_xcomargs.py took 0.227 seconds
[2025-01-23T20:07:19.524+0000] {processor.py:154} INFO - Started process (PID=47150) to work on /home/airflow/.local/lib/python3.7/site-packages/airflow/example_dags/example_xcomargs.py
[2025-01-23T20:07:19.525+0000] {processor.py:756} INFO - Processing file /home/airflow/.local/lib/python3.7/site-packages/airflow/example_dags/example_xcomargs.py for tasks to queue
[2025-01-23T20:07:19.527+0000] {logging_mixin.py:120} INFO - [2025-01-23T20:07:19.527+0000] {dagbag.py:537} INFO - Filling up the DagBag from /home/airflow/.local/lib/python3.7/site-packages/airflow/example_dags/example_xcomargs.py
[2025-01-23T20:07:19.573+0000] {processor.py:766} INFO - DAG(s) dict_keys(['example_xcom_args_with_operators', 'example_xcom_args']) retrieved from /home/airflow/.local/lib/python3.7/site-packages/airflow/example_dags/example_xcomargs.py
[2025-01-23T20:07:19.647+0000] {logging_mixin.py:120} INFO - [2025-01-23T20:07:19.647+0000] {dag.py:2585} INFO - Sync 2 DAGs
[2025-01-23T20:07:19.701+0000] {logging_mixin.py:120} INFO - [2025-01-23T20:07:19.701+0000] {dag.py:3340} INFO - Setting next_dagrun for example_xcom_args to None, run_after=None
[2025-01-23T20:07:19.706+0000] {logging_mixin.py:120} INFO - [2025-01-23T20:07:19.706+0000] {dag.py:3340} INFO - Setting next_dagrun for example_xcom_args_with_operators to None, run_after=None
[2025-01-23T20:07:19.734+0000] {processor.py:176} INFO - Processing /home/airflow/.local/lib/python3.7/site-packages/airflow/example_dags/example_xcomargs.py took 0.216 seconds
[2025-01-23T20:07:50.058+0000] {processor.py:154} INFO - Started process (PID=47210) to work on /home/airflow/.local/lib/python3.7/site-packages/airflow/example_dags/example_xcomargs.py
[2025-01-23T20:07:50.060+0000] {processor.py:756} INFO - Processing file /home/airflow/.local/lib/python3.7/site-packages/airflow/example_dags/example_xcomargs.py for tasks to queue
[2025-01-23T20:07:50.061+0000] {logging_mixin.py:120} INFO - [2025-01-23T20:07:50.061+0000] {dagbag.py:537} INFO - Filling up the DagBag from /home/airflow/.local/lib/python3.7/site-packages/airflow/example_dags/example_xcomargs.py
[2025-01-23T20:07:50.114+0000] {processor.py:766} INFO - DAG(s) dict_keys(['example_xcom_args', 'example_xcom_args_with_operators']) retrieved from /home/airflow/.local/lib/python3.7/site-packages/airflow/example_dags/example_xcomargs.py
[2025-01-23T20:07:50.209+0000] {logging_mixin.py:120} INFO - [2025-01-23T20:07:50.209+0000] {dag.py:2585} INFO - Sync 2 DAGs
[2025-01-23T20:07:50.267+0000] {logging_mixin.py:120} INFO - [2025-01-23T20:07:50.267+0000] {dag.py:3340} INFO - Setting next_dagrun for example_xcom_args to None, run_after=None
[2025-01-23T20:07:50.274+0000] {logging_mixin.py:120} INFO - [2025-01-23T20:07:50.273+0000] {dag.py:3340} INFO - Setting next_dagrun for example_xcom_args_with_operators to None, run_after=None
[2025-01-23T20:07:50.303+0000] {processor.py:176} INFO - Processing /home/airflow/.local/lib/python3.7/site-packages/airflow/example_dags/example_xcomargs.py took 0.255 seconds
[2025-01-23T20:08:20.748+0000] {processor.py:154} INFO - Started process (PID=47266) to work on /home/airflow/.local/lib/python3.7/site-packages/airflow/example_dags/example_xcomargs.py
[2025-01-23T20:08:20.750+0000] {processor.py:756} INFO - Processing file /home/airflow/.local/lib/python3.7/site-packages/airflow/example_dags/example_xcomargs.py for tasks to queue
[2025-01-23T20:08:20.751+0000] {logging_mixin.py:120} INFO - [2025-01-23T20:08:20.751+0000] {dagbag.py:537} INFO - Filling up the DagBag from /home/airflow/.local/lib/python3.7/site-packages/airflow/example_dags/example_xcomargs.py
[2025-01-23T20:08:20.803+0000] {processor.py:766} INFO - DAG(s) dict_keys(['example_xcom_args', 'example_xcom_args_with_operators']) retrieved from /home/airflow/.local/lib/python3.7/site-packages/airflow/example_dags/example_xcomargs.py
[2025-01-23T20:08:20.877+0000] {logging_mixin.py:120} INFO - [2025-01-23T20:08:20.876+0000] {dag.py:2585} INFO - Sync 2 DAGs
[2025-01-23T20:08:20.918+0000] {logging_mixin.py:120} INFO - [2025-01-23T20:08:20.918+0000] {dag.py:3340} INFO - Setting next_dagrun for example_xcom_args to None, run_after=None
[2025-01-23T20:08:20.925+0000] {logging_mixin.py:120} INFO - [2025-01-23T20:08:20.925+0000] {dag.py:3340} INFO - Setting next_dagrun for example_xcom_args_with_operators to None, run_after=None
[2025-01-23T20:08:20.954+0000] {processor.py:176} INFO - Processing /home/airflow/.local/lib/python3.7/site-packages/airflow/example_dags/example_xcomargs.py took 0.212 seconds
[2025-01-23T20:08:51.851+0000] {processor.py:154} INFO - Started process (PID=47320) to work on /home/airflow/.local/lib/python3.7/site-packages/airflow/example_dags/example_xcomargs.py
[2025-01-23T20:08:51.854+0000] {processor.py:756} INFO - Processing file /home/airflow/.local/lib/python3.7/site-packages/airflow/example_dags/example_xcomargs.py for tasks to queue
[2025-01-23T20:08:51.857+0000] {logging_mixin.py:120} INFO - [2025-01-23T20:08:51.857+0000] {dagbag.py:537} INFO - Filling up the DagBag from /home/airflow/.local/lib/python3.7/site-packages/airflow/example_dags/example_xcomargs.py
[2025-01-23T20:08:51.934+0000] {processor.py:766} INFO - DAG(s) dict_keys(['example_xcom_args_with_operators', 'example_xcom_args']) retrieved from /home/airflow/.local/lib/python3.7/site-packages/airflow/example_dags/example_xcomargs.py
[2025-01-23T20:08:52.071+0000] {logging_mixin.py:120} INFO - [2025-01-23T20:08:52.071+0000] {dag.py:2585} INFO - Sync 2 DAGs
[2025-01-23T20:08:52.161+0000] {logging_mixin.py:120} INFO - [2025-01-23T20:08:52.161+0000] {dag.py:3340} INFO - Setting next_dagrun for example_xcom_args to None, run_after=None
[2025-01-23T20:08:52.172+0000] {logging_mixin.py:120} INFO - [2025-01-23T20:08:52.172+0000] {dag.py:3340} INFO - Setting next_dagrun for example_xcom_args_with_operators to None, run_after=None
[2025-01-23T20:08:52.224+0000] {processor.py:176} INFO - Processing /home/airflow/.local/lib/python3.7/site-packages/airflow/example_dags/example_xcomargs.py took 0.383 seconds
[2025-01-23T20:09:22.401+0000] {processor.py:154} INFO - Started process (PID=47383) to work on /home/airflow/.local/lib/python3.7/site-packages/airflow/example_dags/example_xcomargs.py
[2025-01-23T20:09:22.402+0000] {processor.py:756} INFO - Processing file /home/airflow/.local/lib/python3.7/site-packages/airflow/example_dags/example_xcomargs.py for tasks to queue
[2025-01-23T20:09:22.404+0000] {logging_mixin.py:120} INFO - [2025-01-23T20:09:22.404+0000] {dagbag.py:537} INFO - Filling up the DagBag from /home/airflow/.local/lib/python3.7/site-packages/airflow/example_dags/example_xcomargs.py
[2025-01-23T20:09:22.453+0000] {processor.py:766} INFO - DAG(s) dict_keys(['example_xcom_args_with_operators', 'example_xcom_args']) retrieved from /home/airflow/.local/lib/python3.7/site-packages/airflow/example_dags/example_xcomargs.py
[2025-01-23T20:09:22.526+0000] {logging_mixin.py:120} INFO - [2025-01-23T20:09:22.526+0000] {dag.py:2585} INFO - Sync 2 DAGs
[2025-01-23T20:09:22.568+0000] {logging_mixin.py:120} INFO - [2025-01-23T20:09:22.567+0000] {dag.py:3340} INFO - Setting next_dagrun for example_xcom_args to None, run_after=None
[2025-01-23T20:09:22.574+0000] {logging_mixin.py:120} INFO - [2025-01-23T20:09:22.573+0000] {dag.py:3340} INFO - Setting next_dagrun for example_xcom_args_with_operators to None, run_after=None
[2025-01-23T20:09:22.602+0000] {processor.py:176} INFO - Processing /home/airflow/.local/lib/python3.7/site-packages/airflow/example_dags/example_xcomargs.py took 0.207 seconds
[2025-01-23T20:09:53.070+0000] {processor.py:154} INFO - Started process (PID=47437) to work on /home/airflow/.local/lib/python3.7/site-packages/airflow/example_dags/example_xcomargs.py
[2025-01-23T20:09:53.072+0000] {processor.py:756} INFO - Processing file /home/airflow/.local/lib/python3.7/site-packages/airflow/example_dags/example_xcomargs.py for tasks to queue
[2025-01-23T20:09:53.073+0000] {logging_mixin.py:120} INFO - [2025-01-23T20:09:53.073+0000] {dagbag.py:537} INFO - Filling up the DagBag from /home/airflow/.local/lib/python3.7/site-packages/airflow/example_dags/example_xcomargs.py
[2025-01-23T20:09:53.113+0000] {processor.py:766} INFO - DAG(s) dict_keys(['example_xcom_args_with_operators', 'example_xcom_args']) retrieved from /home/airflow/.local/lib/python3.7/site-packages/airflow/example_dags/example_xcomargs.py
[2025-01-23T20:09:53.189+0000] {logging_mixin.py:120} INFO - [2025-01-23T20:09:53.188+0000] {dag.py:2585} INFO - Sync 2 DAGs
[2025-01-23T20:09:53.232+0000] {logging_mixin.py:120} INFO - [2025-01-23T20:09:53.232+0000] {dag.py:3340} INFO - Setting next_dagrun for example_xcom_args to None, run_after=None
[2025-01-23T20:09:53.238+0000] {logging_mixin.py:120} INFO - [2025-01-23T20:09:53.237+0000] {dag.py:3340} INFO - Setting next_dagrun for example_xcom_args_with_operators to None, run_after=None
[2025-01-23T20:09:53.265+0000] {processor.py:176} INFO - Processing /home/airflow/.local/lib/python3.7/site-packages/airflow/example_dags/example_xcomargs.py took 0.201 seconds
[2025-01-23T20:10:24.253+0000] {processor.py:154} INFO - Started process (PID=47500) to work on /home/airflow/.local/lib/python3.7/site-packages/airflow/example_dags/example_xcomargs.py
[2025-01-23T20:10:24.255+0000] {processor.py:756} INFO - Processing file /home/airflow/.local/lib/python3.7/site-packages/airflow/example_dags/example_xcomargs.py for tasks to queue
[2025-01-23T20:10:24.256+0000] {logging_mixin.py:120} INFO - [2025-01-23T20:10:24.256+0000] {dagbag.py:537} INFO - Filling up the DagBag from /home/airflow/.local/lib/python3.7/site-packages/airflow/example_dags/example_xcomargs.py
[2025-01-23T20:10:24.302+0000] {processor.py:766} INFO - DAG(s) dict_keys(['example_xcom_args_with_operators', 'example_xcom_args']) retrieved from /home/airflow/.local/lib/python3.7/site-packages/airflow/example_dags/example_xcomargs.py
[2025-01-23T20:10:24.372+0000] {logging_mixin.py:120} INFO - [2025-01-23T20:10:24.371+0000] {dag.py:2585} INFO - Sync 2 DAGs
[2025-01-23T20:10:24.413+0000] {logging_mixin.py:120} INFO - [2025-01-23T20:10:24.413+0000] {dag.py:3340} INFO - Setting next_dagrun for example_xcom_args to None, run_after=None
[2025-01-23T20:10:24.421+0000] {logging_mixin.py:120} INFO - [2025-01-23T20:10:24.421+0000] {dag.py:3340} INFO - Setting next_dagrun for example_xcom_args_with_operators to None, run_after=None
[2025-01-23T20:10:24.450+0000] {processor.py:176} INFO - Processing /home/airflow/.local/lib/python3.7/site-packages/airflow/example_dags/example_xcomargs.py took 0.202 seconds
[2025-01-23T20:10:55.057+0000] {processor.py:154} INFO - Started process (PID=47554) to work on /home/airflow/.local/lib/python3.7/site-packages/airflow/example_dags/example_xcomargs.py
[2025-01-23T20:10:55.058+0000] {processor.py:756} INFO - Processing file /home/airflow/.local/lib/python3.7/site-packages/airflow/example_dags/example_xcomargs.py for tasks to queue
[2025-01-23T20:10:55.060+0000] {logging_mixin.py:120} INFO - [2025-01-23T20:10:55.060+0000] {dagbag.py:537} INFO - Filling up the DagBag from /home/airflow/.local/lib/python3.7/site-packages/airflow/example_dags/example_xcomargs.py
[2025-01-23T20:10:55.102+0000] {processor.py:766} INFO - DAG(s) dict_keys(['example_xcom_args_with_operators', 'example_xcom_args']) retrieved from /home/airflow/.local/lib/python3.7/site-packages/airflow/example_dags/example_xcomargs.py
[2025-01-23T20:10:55.172+0000] {logging_mixin.py:120} INFO - [2025-01-23T20:10:55.172+0000] {dag.py:2585} INFO - Sync 2 DAGs
[2025-01-23T20:10:55.216+0000] {logging_mixin.py:120} INFO - [2025-01-23T20:10:55.215+0000] {dag.py:3340} INFO - Setting next_dagrun for example_xcom_args to None, run_after=None
[2025-01-23T20:10:55.221+0000] {logging_mixin.py:120} INFO - [2025-01-23T20:10:55.221+0000] {dag.py:3340} INFO - Setting next_dagrun for example_xcom_args_with_operators to None, run_after=None
[2025-01-23T20:10:55.251+0000] {processor.py:176} INFO - Processing /home/airflow/.local/lib/python3.7/site-packages/airflow/example_dags/example_xcomargs.py took 0.200 seconds
[2025-01-23T20:11:26.345+0000] {processor.py:154} INFO - Started process (PID=47616) to work on /home/airflow/.local/lib/python3.7/site-packages/airflow/example_dags/example_xcomargs.py
[2025-01-23T20:11:26.347+0000] {processor.py:756} INFO - Processing file /home/airflow/.local/lib/python3.7/site-packages/airflow/example_dags/example_xcomargs.py for tasks to queue
[2025-01-23T20:11:26.349+0000] {logging_mixin.py:120} INFO - [2025-01-23T20:11:26.348+0000] {dagbag.py:537} INFO - Filling up the DagBag from /home/airflow/.local/lib/python3.7/site-packages/airflow/example_dags/example_xcomargs.py
[2025-01-23T20:11:26.401+0000] {processor.py:766} INFO - DAG(s) dict_keys(['example_xcom_args_with_operators', 'example_xcom_args']) retrieved from /home/airflow/.local/lib/python3.7/site-packages/airflow/example_dags/example_xcomargs.py
[2025-01-23T20:11:26.494+0000] {logging_mixin.py:120} INFO - [2025-01-23T20:11:26.494+0000] {dag.py:2585} INFO - Sync 2 DAGs
[2025-01-23T20:11:26.541+0000] {logging_mixin.py:120} INFO - [2025-01-23T20:11:26.541+0000] {dag.py:3340} INFO - Setting next_dagrun for example_xcom_args to None, run_after=None
[2025-01-23T20:11:26.548+0000] {logging_mixin.py:120} INFO - [2025-01-23T20:11:26.547+0000] {dag.py:3340} INFO - Setting next_dagrun for example_xcom_args_with_operators to None, run_after=None
[2025-01-23T20:11:26.579+0000] {processor.py:176} INFO - Processing /home/airflow/.local/lib/python3.7/site-packages/airflow/example_dags/example_xcomargs.py took 0.241 seconds
[2025-01-23T20:11:57.061+0000] {processor.py:154} INFO - Started process (PID=47670) to work on /home/airflow/.local/lib/python3.7/site-packages/airflow/example_dags/example_xcomargs.py
[2025-01-23T20:11:57.063+0000] {processor.py:756} INFO - Processing file /home/airflow/.local/lib/python3.7/site-packages/airflow/example_dags/example_xcomargs.py for tasks to queue
[2025-01-23T20:11:57.065+0000] {logging_mixin.py:120} INFO - [2025-01-23T20:11:57.064+0000] {dagbag.py:537} INFO - Filling up the DagBag from /home/airflow/.local/lib/python3.7/site-packages/airflow/example_dags/example_xcomargs.py
[2025-01-23T20:11:57.123+0000] {processor.py:766} INFO - DAG(s) dict_keys(['example_xcom_args', 'example_xcom_args_with_operators']) retrieved from /home/airflow/.local/lib/python3.7/site-packages/airflow/example_dags/example_xcomargs.py
[2025-01-23T20:11:57.227+0000] {logging_mixin.py:120} INFO - [2025-01-23T20:11:57.226+0000] {dag.py:2585} INFO - Sync 2 DAGs
[2025-01-23T20:11:57.291+0000] {logging_mixin.py:120} INFO - [2025-01-23T20:11:57.290+0000] {dag.py:3340} INFO - Setting next_dagrun for example_xcom_args to None, run_after=None
[2025-01-23T20:11:57.302+0000] {logging_mixin.py:120} INFO - [2025-01-23T20:11:57.302+0000] {dag.py:3340} INFO - Setting next_dagrun for example_xcom_args_with_operators to None, run_after=None
[2025-01-23T20:11:57.343+0000] {processor.py:176} INFO - Processing /home/airflow/.local/lib/python3.7/site-packages/airflow/example_dags/example_xcomargs.py took 0.289 seconds
[2025-01-23T20:12:27.629+0000] {processor.py:154} INFO - Started process (PID=47725) to work on /home/airflow/.local/lib/python3.7/site-packages/airflow/example_dags/example_xcomargs.py
[2025-01-23T20:12:27.631+0000] {processor.py:756} INFO - Processing file /home/airflow/.local/lib/python3.7/site-packages/airflow/example_dags/example_xcomargs.py for tasks to queue
[2025-01-23T20:12:27.633+0000] {logging_mixin.py:120} INFO - [2025-01-23T20:12:27.632+0000] {dagbag.py:537} INFO - Filling up the DagBag from /home/airflow/.local/lib/python3.7/site-packages/airflow/example_dags/example_xcomargs.py
[2025-01-23T20:12:27.687+0000] {processor.py:766} INFO - DAG(s) dict_keys(['example_xcom_args', 'example_xcom_args_with_operators']) retrieved from /home/airflow/.local/lib/python3.7/site-packages/airflow/example_dags/example_xcomargs.py
[2025-01-23T20:12:27.758+0000] {logging_mixin.py:120} INFO - [2025-01-23T20:12:27.758+0000] {dag.py:2585} INFO - Sync 2 DAGs
[2025-01-23T20:12:27.799+0000] {logging_mixin.py:120} INFO - [2025-01-23T20:12:27.799+0000] {dag.py:3340} INFO - Setting next_dagrun for example_xcom_args to None, run_after=None
[2025-01-23T20:12:27.804+0000] {logging_mixin.py:120} INFO - [2025-01-23T20:12:27.804+0000] {dag.py:3340} INFO - Setting next_dagrun for example_xcom_args_with_operators to None, run_after=None
[2025-01-23T20:12:27.835+0000] {processor.py:176} INFO - Processing /home/airflow/.local/lib/python3.7/site-packages/airflow/example_dags/example_xcomargs.py took 0.211 seconds
