[2025-01-23T19:50:15.301+0000] {processor.py:154} INFO - Started process (PID=45294) to work on /home/airflow/.local/lib/python3.7/site-packages/airflow/example_dags/example_nested_branch_dag.py
[2025-01-23T19:50:15.720+0000] {processor.py:756} INFO - Processing file /home/airflow/.local/lib/python3.7/site-packages/airflow/example_dags/example_nested_branch_dag.py for tasks to queue
[2025-01-23T19:50:16.295+0000] {logging_mixin.py:120} INFO - [2025-01-23T19:50:16.294+0000] {dagbag.py:537} INFO - Filling up the DagBag from /home/airflow/.local/lib/python3.7/site-packages/airflow/example_dags/example_nested_branch_dag.py
[2025-01-23T19:50:21.177+0000] {processor.py:766} INFO - DAG(s) dict_keys(['example_nested_branch_dag']) retrieved from /home/airflow/.local/lib/python3.7/site-packages/airflow/example_dags/example_nested_branch_dag.py
[2025-01-23T19:50:24.023+0000] {logging_mixin.py:120} INFO - [2025-01-23T19:50:24.023+0000] {dag.py:2585} INFO - Sync 1 DAGs
[2025-01-23T19:50:24.464+0000] {logging_mixin.py:120} INFO - [2025-01-23T19:50:24.463+0000] {dag.py:3340} INFO - Setting next_dagrun for example_nested_branch_dag to 2025-01-22T00:00:00+00:00, run_after=2025-01-23T00:00:00+00:00
[2025-01-23T19:50:24.768+0000] {processor.py:176} INFO - Processing /home/airflow/.local/lib/python3.7/site-packages/airflow/example_dags/example_nested_branch_dag.py took 10.301 seconds
[2025-01-23T19:50:55.482+0000] {processor.py:154} INFO - Started process (PID=45350) to work on /home/airflow/.local/lib/python3.7/site-packages/airflow/example_dags/example_nested_branch_dag.py
[2025-01-23T19:50:55.484+0000] {processor.py:756} INFO - Processing file /home/airflow/.local/lib/python3.7/site-packages/airflow/example_dags/example_nested_branch_dag.py for tasks to queue
[2025-01-23T19:50:55.487+0000] {logging_mixin.py:120} INFO - [2025-01-23T19:50:55.486+0000] {dagbag.py:537} INFO - Filling up the DagBag from /home/airflow/.local/lib/python3.7/site-packages/airflow/example_dags/example_nested_branch_dag.py
[2025-01-23T19:50:55.550+0000] {processor.py:766} INFO - DAG(s) dict_keys(['example_nested_branch_dag']) retrieved from /home/airflow/.local/lib/python3.7/site-packages/airflow/example_dags/example_nested_branch_dag.py
[2025-01-23T19:50:55.719+0000] {logging_mixin.py:120} INFO - [2025-01-23T19:50:55.718+0000] {dag.py:2585} INFO - Sync 1 DAGs
[2025-01-23T19:50:55.854+0000] {logging_mixin.py:120} INFO - [2025-01-23T19:50:55.854+0000] {dag.py:3340} INFO - Setting next_dagrun for example_nested_branch_dag to 2025-01-22T00:00:00+00:00, run_after=2025-01-23T00:00:00+00:00
[2025-01-23T19:50:55.949+0000] {processor.py:176} INFO - Processing /home/airflow/.local/lib/python3.7/site-packages/airflow/example_dags/example_nested_branch_dag.py took 0.469 seconds
[2025-01-23T19:51:26.981+0000] {processor.py:154} INFO - Started process (PID=45405) to work on /home/airflow/.local/lib/python3.7/site-packages/airflow/example_dags/example_nested_branch_dag.py
[2025-01-23T19:51:26.983+0000] {processor.py:756} INFO - Processing file /home/airflow/.local/lib/python3.7/site-packages/airflow/example_dags/example_nested_branch_dag.py for tasks to queue
[2025-01-23T19:51:26.997+0000] {logging_mixin.py:120} INFO - [2025-01-23T19:51:26.996+0000] {dagbag.py:537} INFO - Filling up the DagBag from /home/airflow/.local/lib/python3.7/site-packages/airflow/example_dags/example_nested_branch_dag.py
[2025-01-23T19:51:27.204+0000] {processor.py:766} INFO - DAG(s) dict_keys(['example_nested_branch_dag']) retrieved from /home/airflow/.local/lib/python3.7/site-packages/airflow/example_dags/example_nested_branch_dag.py
[2025-01-23T19:51:27.637+0000] {logging_mixin.py:120} INFO - [2025-01-23T19:51:27.637+0000] {dag.py:2585} INFO - Sync 1 DAGs
[2025-01-23T19:51:27.850+0000] {logging_mixin.py:120} INFO - [2025-01-23T19:51:27.850+0000] {dag.py:3340} INFO - Setting next_dagrun for example_nested_branch_dag to 2025-01-22T00:00:00+00:00, run_after=2025-01-23T00:00:00+00:00
[2025-01-23T19:51:27.972+0000] {processor.py:176} INFO - Processing /home/airflow/.local/lib/python3.7/site-packages/airflow/example_dags/example_nested_branch_dag.py took 1.034 seconds
[2025-01-23T19:51:58.593+0000] {processor.py:154} INFO - Started process (PID=45450) to work on /home/airflow/.local/lib/python3.7/site-packages/airflow/example_dags/example_nested_branch_dag.py
[2025-01-23T19:51:58.595+0000] {processor.py:756} INFO - Processing file /home/airflow/.local/lib/python3.7/site-packages/airflow/example_dags/example_nested_branch_dag.py for tasks to queue
[2025-01-23T19:51:58.597+0000] {logging_mixin.py:120} INFO - [2025-01-23T19:51:58.596+0000] {dagbag.py:537} INFO - Filling up the DagBag from /home/airflow/.local/lib/python3.7/site-packages/airflow/example_dags/example_nested_branch_dag.py
[2025-01-23T19:51:58.763+0000] {processor.py:766} INFO - DAG(s) dict_keys(['example_nested_branch_dag']) retrieved from /home/airflow/.local/lib/python3.7/site-packages/airflow/example_dags/example_nested_branch_dag.py
[2025-01-23T19:51:59.023+0000] {logging_mixin.py:120} INFO - [2025-01-23T19:51:59.023+0000] {dag.py:2585} INFO - Sync 1 DAGs
[2025-01-23T19:51:59.219+0000] {logging_mixin.py:120} INFO - [2025-01-23T19:51:59.218+0000] {dag.py:3340} INFO - Setting next_dagrun for example_nested_branch_dag to 2025-01-22T00:00:00+00:00, run_after=2025-01-23T00:00:00+00:00
[2025-01-23T19:51:59.332+0000] {processor.py:176} INFO - Processing /home/airflow/.local/lib/python3.7/site-packages/airflow/example_dags/example_nested_branch_dag.py took 0.745 seconds
[2025-01-23T19:52:30.122+0000] {processor.py:154} INFO - Started process (PID=45504) to work on /home/airflow/.local/lib/python3.7/site-packages/airflow/example_dags/example_nested_branch_dag.py
[2025-01-23T19:52:30.133+0000] {processor.py:756} INFO - Processing file /home/airflow/.local/lib/python3.7/site-packages/airflow/example_dags/example_nested_branch_dag.py for tasks to queue
[2025-01-23T19:52:30.135+0000] {logging_mixin.py:120} INFO - [2025-01-23T19:52:30.135+0000] {dagbag.py:537} INFO - Filling up the DagBag from /home/airflow/.local/lib/python3.7/site-packages/airflow/example_dags/example_nested_branch_dag.py
[2025-01-23T19:52:30.298+0000] {processor.py:766} INFO - DAG(s) dict_keys(['example_nested_branch_dag']) retrieved from /home/airflow/.local/lib/python3.7/site-packages/airflow/example_dags/example_nested_branch_dag.py
[2025-01-23T19:52:30.522+0000] {logging_mixin.py:120} INFO - [2025-01-23T19:52:30.522+0000] {dag.py:2585} INFO - Sync 1 DAGs
[2025-01-23T19:52:30.676+0000] {logging_mixin.py:120} INFO - [2025-01-23T19:52:30.676+0000] {dag.py:3340} INFO - Setting next_dagrun for example_nested_branch_dag to 2025-01-22T00:00:00+00:00, run_after=2025-01-23T00:00:00+00:00
[2025-01-23T19:52:30.776+0000] {processor.py:176} INFO - Processing /home/airflow/.local/lib/python3.7/site-packages/airflow/example_dags/example_nested_branch_dag.py took 0.661 seconds
[2025-01-23T19:53:01.636+0000] {processor.py:154} INFO - Started process (PID=45558) to work on /home/airflow/.local/lib/python3.7/site-packages/airflow/example_dags/example_nested_branch_dag.py
[2025-01-23T19:53:01.639+0000] {processor.py:756} INFO - Processing file /home/airflow/.local/lib/python3.7/site-packages/airflow/example_dags/example_nested_branch_dag.py for tasks to queue
[2025-01-23T19:53:01.641+0000] {logging_mixin.py:120} INFO - [2025-01-23T19:53:01.641+0000] {dagbag.py:537} INFO - Filling up the DagBag from /home/airflow/.local/lib/python3.7/site-packages/airflow/example_dags/example_nested_branch_dag.py
[2025-01-23T19:53:01.699+0000] {processor.py:766} INFO - DAG(s) dict_keys(['example_nested_branch_dag']) retrieved from /home/airflow/.local/lib/python3.7/site-packages/airflow/example_dags/example_nested_branch_dag.py
[2025-01-23T19:53:01.774+0000] {logging_mixin.py:120} INFO - [2025-01-23T19:53:01.773+0000] {dag.py:2585} INFO - Sync 1 DAGs
[2025-01-23T19:53:01.828+0000] {logging_mixin.py:120} INFO - [2025-01-23T19:53:01.828+0000] {dag.py:3340} INFO - Setting next_dagrun for example_nested_branch_dag to 2025-01-22T00:00:00+00:00, run_after=2025-01-23T00:00:00+00:00
[2025-01-23T19:53:01.868+0000] {processor.py:176} INFO - Processing /home/airflow/.local/lib/python3.7/site-packages/airflow/example_dags/example_nested_branch_dag.py took 0.240 seconds
[2025-01-23T19:53:32.522+0000] {processor.py:154} INFO - Started process (PID=45621) to work on /home/airflow/.local/lib/python3.7/site-packages/airflow/example_dags/example_nested_branch_dag.py
[2025-01-23T19:53:32.524+0000] {processor.py:756} INFO - Processing file /home/airflow/.local/lib/python3.7/site-packages/airflow/example_dags/example_nested_branch_dag.py for tasks to queue
[2025-01-23T19:53:32.526+0000] {logging_mixin.py:120} INFO - [2025-01-23T19:53:32.525+0000] {dagbag.py:537} INFO - Filling up the DagBag from /home/airflow/.local/lib/python3.7/site-packages/airflow/example_dags/example_nested_branch_dag.py
[2025-01-23T19:53:32.591+0000] {processor.py:766} INFO - DAG(s) dict_keys(['example_nested_branch_dag']) retrieved from /home/airflow/.local/lib/python3.7/site-packages/airflow/example_dags/example_nested_branch_dag.py
[2025-01-23T19:53:32.681+0000] {logging_mixin.py:120} INFO - [2025-01-23T19:53:32.680+0000] {dag.py:2585} INFO - Sync 1 DAGs
[2025-01-23T19:53:32.741+0000] {logging_mixin.py:120} INFO - [2025-01-23T19:53:32.741+0000] {dag.py:3340} INFO - Setting next_dagrun for example_nested_branch_dag to 2025-01-22T00:00:00+00:00, run_after=2025-01-23T00:00:00+00:00
[2025-01-23T19:53:32.783+0000] {processor.py:176} INFO - Processing /home/airflow/.local/lib/python3.7/site-packages/airflow/example_dags/example_nested_branch_dag.py took 0.268 seconds
[2025-01-23T19:54:03.427+0000] {processor.py:154} INFO - Started process (PID=45675) to work on /home/airflow/.local/lib/python3.7/site-packages/airflow/example_dags/example_nested_branch_dag.py
[2025-01-23T19:54:03.431+0000] {processor.py:756} INFO - Processing file /home/airflow/.local/lib/python3.7/site-packages/airflow/example_dags/example_nested_branch_dag.py for tasks to queue
[2025-01-23T19:54:03.435+0000] {logging_mixin.py:120} INFO - [2025-01-23T19:54:03.435+0000] {dagbag.py:537} INFO - Filling up the DagBag from /home/airflow/.local/lib/python3.7/site-packages/airflow/example_dags/example_nested_branch_dag.py
[2025-01-23T19:54:03.511+0000] {processor.py:766} INFO - DAG(s) dict_keys(['example_nested_branch_dag']) retrieved from /home/airflow/.local/lib/python3.7/site-packages/airflow/example_dags/example_nested_branch_dag.py
[2025-01-23T19:54:03.617+0000] {logging_mixin.py:120} INFO - [2025-01-23T19:54:03.617+0000] {dag.py:2585} INFO - Sync 1 DAGs
[2025-01-23T19:54:03.684+0000] {logging_mixin.py:120} INFO - [2025-01-23T19:54:03.684+0000] {dag.py:3340} INFO - Setting next_dagrun for example_nested_branch_dag to 2025-01-22T00:00:00+00:00, run_after=2025-01-23T00:00:00+00:00
[2025-01-23T19:54:03.730+0000] {processor.py:176} INFO - Processing /home/airflow/.local/lib/python3.7/site-packages/airflow/example_dags/example_nested_branch_dag.py took 0.319 seconds
[2025-01-23T19:54:33.884+0000] {processor.py:154} INFO - Started process (PID=45729) to work on /home/airflow/.local/lib/python3.7/site-packages/airflow/example_dags/example_nested_branch_dag.py
[2025-01-23T19:54:33.886+0000] {processor.py:756} INFO - Processing file /home/airflow/.local/lib/python3.7/site-packages/airflow/example_dags/example_nested_branch_dag.py for tasks to queue
[2025-01-23T19:54:33.888+0000] {logging_mixin.py:120} INFO - [2025-01-23T19:54:33.888+0000] {dagbag.py:537} INFO - Filling up the DagBag from /home/airflow/.local/lib/python3.7/site-packages/airflow/example_dags/example_nested_branch_dag.py
[2025-01-23T19:54:33.945+0000] {processor.py:766} INFO - DAG(s) dict_keys(['example_nested_branch_dag']) retrieved from /home/airflow/.local/lib/python3.7/site-packages/airflow/example_dags/example_nested_branch_dag.py
[2025-01-23T19:54:34.040+0000] {logging_mixin.py:120} INFO - [2025-01-23T19:54:34.039+0000] {dag.py:2585} INFO - Sync 1 DAGs
[2025-01-23T19:54:34.105+0000] {logging_mixin.py:120} INFO - [2025-01-23T19:54:34.105+0000] {dag.py:3340} INFO - Setting next_dagrun for example_nested_branch_dag to 2025-01-22T00:00:00+00:00, run_after=2025-01-23T00:00:00+00:00
[2025-01-23T19:54:34.147+0000] {processor.py:176} INFO - Processing /home/airflow/.local/lib/python3.7/site-packages/airflow/example_dags/example_nested_branch_dag.py took 0.271 seconds
[2025-01-23T19:55:04.645+0000] {processor.py:154} INFO - Started process (PID=45783) to work on /home/airflow/.local/lib/python3.7/site-packages/airflow/example_dags/example_nested_branch_dag.py
[2025-01-23T19:55:04.647+0000] {processor.py:756} INFO - Processing file /home/airflow/.local/lib/python3.7/site-packages/airflow/example_dags/example_nested_branch_dag.py for tasks to queue
[2025-01-23T19:55:04.649+0000] {logging_mixin.py:120} INFO - [2025-01-23T19:55:04.649+0000] {dagbag.py:537} INFO - Filling up the DagBag from /home/airflow/.local/lib/python3.7/site-packages/airflow/example_dags/example_nested_branch_dag.py
[2025-01-23T19:55:04.707+0000] {processor.py:766} INFO - DAG(s) dict_keys(['example_nested_branch_dag']) retrieved from /home/airflow/.local/lib/python3.7/site-packages/airflow/example_dags/example_nested_branch_dag.py
[2025-01-23T19:55:04.803+0000] {logging_mixin.py:120} INFO - [2025-01-23T19:55:04.802+0000] {dag.py:2585} INFO - Sync 1 DAGs
[2025-01-23T19:55:04.854+0000] {logging_mixin.py:120} INFO - [2025-01-23T19:55:04.854+0000] {dag.py:3340} INFO - Setting next_dagrun for example_nested_branch_dag to 2025-01-22T00:00:00+00:00, run_after=2025-01-23T00:00:00+00:00
[2025-01-23T19:55:04.895+0000] {processor.py:176} INFO - Processing /home/airflow/.local/lib/python3.7/site-packages/airflow/example_dags/example_nested_branch_dag.py took 0.257 seconds
[2025-01-23T19:55:35.634+0000] {processor.py:154} INFO - Started process (PID=45847) to work on /home/airflow/.local/lib/python3.7/site-packages/airflow/example_dags/example_nested_branch_dag.py
[2025-01-23T19:55:35.639+0000] {processor.py:756} INFO - Processing file /home/airflow/.local/lib/python3.7/site-packages/airflow/example_dags/example_nested_branch_dag.py for tasks to queue
[2025-01-23T19:55:35.644+0000] {logging_mixin.py:120} INFO - [2025-01-23T19:55:35.643+0000] {dagbag.py:537} INFO - Filling up the DagBag from /home/airflow/.local/lib/python3.7/site-packages/airflow/example_dags/example_nested_branch_dag.py
[2025-01-23T19:55:35.815+0000] {processor.py:766} INFO - DAG(s) dict_keys(['example_nested_branch_dag']) retrieved from /home/airflow/.local/lib/python3.7/site-packages/airflow/example_dags/example_nested_branch_dag.py
[2025-01-23T19:55:35.888+0000] {logging_mixin.py:120} INFO - [2025-01-23T19:55:35.888+0000] {dag.py:2585} INFO - Sync 1 DAGs
[2025-01-23T19:55:35.938+0000] {logging_mixin.py:120} INFO - [2025-01-23T19:55:35.938+0000] {dag.py:3340} INFO - Setting next_dagrun for example_nested_branch_dag to 2025-01-22T00:00:00+00:00, run_after=2025-01-23T00:00:00+00:00
[2025-01-23T19:55:35.974+0000] {processor.py:176} INFO - Processing /home/airflow/.local/lib/python3.7/site-packages/airflow/example_dags/example_nested_branch_dag.py took 0.358 seconds
[2025-01-23T19:56:07.587+0000] {processor.py:154} INFO - Started process (PID=45898) to work on /home/airflow/.local/lib/python3.7/site-packages/airflow/example_dags/example_nested_branch_dag.py
[2025-01-23T19:56:07.592+0000] {processor.py:756} INFO - Processing file /home/airflow/.local/lib/python3.7/site-packages/airflow/example_dags/example_nested_branch_dag.py for tasks to queue
[2025-01-23T19:56:07.601+0000] {logging_mixin.py:120} INFO - [2025-01-23T19:56:07.601+0000] {dagbag.py:537} INFO - Filling up the DagBag from /home/airflow/.local/lib/python3.7/site-packages/airflow/example_dags/example_nested_branch_dag.py
[2025-01-23T19:56:07.709+0000] {processor.py:766} INFO - DAG(s) dict_keys(['example_nested_branch_dag']) retrieved from /home/airflow/.local/lib/python3.7/site-packages/airflow/example_dags/example_nested_branch_dag.py
[2025-01-23T19:56:07.927+0000] {logging_mixin.py:120} INFO - [2025-01-23T19:56:07.926+0000] {dag.py:2585} INFO - Sync 1 DAGs
[2025-01-23T19:56:08.081+0000] {logging_mixin.py:120} INFO - [2025-01-23T19:56:08.081+0000] {dag.py:3340} INFO - Setting next_dagrun for example_nested_branch_dag to 2025-01-22T00:00:00+00:00, run_after=2025-01-23T00:00:00+00:00
[2025-01-23T19:56:08.166+0000] {processor.py:176} INFO - Processing /home/airflow/.local/lib/python3.7/site-packages/airflow/example_dags/example_nested_branch_dag.py took 0.597 seconds
[2025-01-23T19:56:38.750+0000] {processor.py:154} INFO - Started process (PID=45952) to work on /home/airflow/.local/lib/python3.7/site-packages/airflow/example_dags/example_nested_branch_dag.py
[2025-01-23T19:56:38.752+0000] {processor.py:756} INFO - Processing file /home/airflow/.local/lib/python3.7/site-packages/airflow/example_dags/example_nested_branch_dag.py for tasks to queue
[2025-01-23T19:56:38.754+0000] {logging_mixin.py:120} INFO - [2025-01-23T19:56:38.754+0000] {dagbag.py:537} INFO - Filling up the DagBag from /home/airflow/.local/lib/python3.7/site-packages/airflow/example_dags/example_nested_branch_dag.py
[2025-01-23T19:56:38.818+0000] {processor.py:766} INFO - DAG(s) dict_keys(['example_nested_branch_dag']) retrieved from /home/airflow/.local/lib/python3.7/site-packages/airflow/example_dags/example_nested_branch_dag.py
[2025-01-23T19:56:38.923+0000] {logging_mixin.py:120} INFO - [2025-01-23T19:56:38.922+0000] {dag.py:2585} INFO - Sync 1 DAGs
[2025-01-23T19:56:38.971+0000] {logging_mixin.py:120} INFO - [2025-01-23T19:56:38.970+0000] {dag.py:3340} INFO - Setting next_dagrun for example_nested_branch_dag to 2025-01-22T00:00:00+00:00, run_after=2025-01-23T00:00:00+00:00
[2025-01-23T19:56:39.005+0000] {processor.py:176} INFO - Processing /home/airflow/.local/lib/python3.7/site-packages/airflow/example_dags/example_nested_branch_dag.py took 0.261 seconds
[2025-01-23T19:57:09.435+0000] {processor.py:154} INFO - Started process (PID=46006) to work on /home/airflow/.local/lib/python3.7/site-packages/airflow/example_dags/example_nested_branch_dag.py
[2025-01-23T19:57:09.437+0000] {processor.py:756} INFO - Processing file /home/airflow/.local/lib/python3.7/site-packages/airflow/example_dags/example_nested_branch_dag.py for tasks to queue
[2025-01-23T19:57:09.439+0000] {logging_mixin.py:120} INFO - [2025-01-23T19:57:09.439+0000] {dagbag.py:537} INFO - Filling up the DagBag from /home/airflow/.local/lib/python3.7/site-packages/airflow/example_dags/example_nested_branch_dag.py
[2025-01-23T19:57:09.485+0000] {processor.py:766} INFO - DAG(s) dict_keys(['example_nested_branch_dag']) retrieved from /home/airflow/.local/lib/python3.7/site-packages/airflow/example_dags/example_nested_branch_dag.py
[2025-01-23T19:57:09.599+0000] {logging_mixin.py:120} INFO - [2025-01-23T19:57:09.599+0000] {dag.py:2585} INFO - Sync 1 DAGs
[2025-01-23T19:57:09.657+0000] {logging_mixin.py:120} INFO - [2025-01-23T19:57:09.656+0000] {dag.py:3340} INFO - Setting next_dagrun for example_nested_branch_dag to 2025-01-22T00:00:00+00:00, run_after=2025-01-23T00:00:00+00:00
[2025-01-23T19:57:09.698+0000] {processor.py:176} INFO - Processing /home/airflow/.local/lib/python3.7/site-packages/airflow/example_dags/example_nested_branch_dag.py took 0.272 seconds
[2025-01-23T19:57:39.938+0000] {processor.py:154} INFO - Started process (PID=46069) to work on /home/airflow/.local/lib/python3.7/site-packages/airflow/example_dags/example_nested_branch_dag.py
[2025-01-23T19:57:39.939+0000] {processor.py:756} INFO - Processing file /home/airflow/.local/lib/python3.7/site-packages/airflow/example_dags/example_nested_branch_dag.py for tasks to queue
[2025-01-23T19:57:39.941+0000] {logging_mixin.py:120} INFO - [2025-01-23T19:57:39.941+0000] {dagbag.py:537} INFO - Filling up the DagBag from /home/airflow/.local/lib/python3.7/site-packages/airflow/example_dags/example_nested_branch_dag.py
[2025-01-23T19:57:39.998+0000] {processor.py:766} INFO - DAG(s) dict_keys(['example_nested_branch_dag']) retrieved from /home/airflow/.local/lib/python3.7/site-packages/airflow/example_dags/example_nested_branch_dag.py
[2025-01-23T19:57:40.082+0000] {logging_mixin.py:120} INFO - [2025-01-23T19:57:40.081+0000] {dag.py:2585} INFO - Sync 1 DAGs
[2025-01-23T19:57:40.150+0000] {logging_mixin.py:120} INFO - [2025-01-23T19:57:40.149+0000] {dag.py:3340} INFO - Setting next_dagrun for example_nested_branch_dag to 2025-01-22T00:00:00+00:00, run_after=2025-01-23T00:00:00+00:00
[2025-01-23T19:57:40.208+0000] {processor.py:176} INFO - Processing /home/airflow/.local/lib/python3.7/site-packages/airflow/example_dags/example_nested_branch_dag.py took 0.279 seconds
[2025-01-23T19:58:10.571+0000] {processor.py:154} INFO - Started process (PID=46123) to work on /home/airflow/.local/lib/python3.7/site-packages/airflow/example_dags/example_nested_branch_dag.py
[2025-01-23T19:58:10.573+0000] {processor.py:756} INFO - Processing file /home/airflow/.local/lib/python3.7/site-packages/airflow/example_dags/example_nested_branch_dag.py for tasks to queue
[2025-01-23T19:58:10.574+0000] {logging_mixin.py:120} INFO - [2025-01-23T19:58:10.574+0000] {dagbag.py:537} INFO - Filling up the DagBag from /home/airflow/.local/lib/python3.7/site-packages/airflow/example_dags/example_nested_branch_dag.py
[2025-01-23T19:58:10.627+0000] {processor.py:766} INFO - DAG(s) dict_keys(['example_nested_branch_dag']) retrieved from /home/airflow/.local/lib/python3.7/site-packages/airflow/example_dags/example_nested_branch_dag.py
[2025-01-23T19:58:10.726+0000] {logging_mixin.py:120} INFO - [2025-01-23T19:58:10.726+0000] {dag.py:2585} INFO - Sync 1 DAGs
[2025-01-23T19:58:10.810+0000] {logging_mixin.py:120} INFO - [2025-01-23T19:58:10.810+0000] {dag.py:3340} INFO - Setting next_dagrun for example_nested_branch_dag to 2025-01-22T00:00:00+00:00, run_after=2025-01-23T00:00:00+00:00
[2025-01-23T19:58:10.868+0000] {processor.py:176} INFO - Processing /home/airflow/.local/lib/python3.7/site-packages/airflow/example_dags/example_nested_branch_dag.py took 0.303 seconds
[2025-01-23T19:58:41.721+0000] {processor.py:154} INFO - Started process (PID=46179) to work on /home/airflow/.local/lib/python3.7/site-packages/airflow/example_dags/example_nested_branch_dag.py
[2025-01-23T19:58:41.723+0000] {processor.py:756} INFO - Processing file /home/airflow/.local/lib/python3.7/site-packages/airflow/example_dags/example_nested_branch_dag.py for tasks to queue
[2025-01-23T19:58:41.724+0000] {logging_mixin.py:120} INFO - [2025-01-23T19:58:41.724+0000] {dagbag.py:537} INFO - Filling up the DagBag from /home/airflow/.local/lib/python3.7/site-packages/airflow/example_dags/example_nested_branch_dag.py
[2025-01-23T19:58:41.778+0000] {processor.py:766} INFO - DAG(s) dict_keys(['example_nested_branch_dag']) retrieved from /home/airflow/.local/lib/python3.7/site-packages/airflow/example_dags/example_nested_branch_dag.py
[2025-01-23T19:58:41.891+0000] {logging_mixin.py:120} INFO - [2025-01-23T19:58:41.890+0000] {dag.py:2585} INFO - Sync 1 DAGs
[2025-01-23T19:58:41.949+0000] {logging_mixin.py:120} INFO - [2025-01-23T19:58:41.949+0000] {dag.py:3340} INFO - Setting next_dagrun for example_nested_branch_dag to 2025-01-22T00:00:00+00:00, run_after=2025-01-23T00:00:00+00:00
[2025-01-23T19:58:41.985+0000] {processor.py:176} INFO - Processing /home/airflow/.local/lib/python3.7/site-packages/airflow/example_dags/example_nested_branch_dag.py took 0.271 seconds
[2025-01-23T19:59:12.829+0000] {processor.py:154} INFO - Started process (PID=46242) to work on /home/airflow/.local/lib/python3.7/site-packages/airflow/example_dags/example_nested_branch_dag.py
[2025-01-23T19:59:12.832+0000] {processor.py:756} INFO - Processing file /home/airflow/.local/lib/python3.7/site-packages/airflow/example_dags/example_nested_branch_dag.py for tasks to queue
[2025-01-23T19:59:12.834+0000] {logging_mixin.py:120} INFO - [2025-01-23T19:59:12.833+0000] {dagbag.py:537} INFO - Filling up the DagBag from /home/airflow/.local/lib/python3.7/site-packages/airflow/example_dags/example_nested_branch_dag.py
[2025-01-23T19:59:12.920+0000] {processor.py:766} INFO - DAG(s) dict_keys(['example_nested_branch_dag']) retrieved from /home/airflow/.local/lib/python3.7/site-packages/airflow/example_dags/example_nested_branch_dag.py
[2025-01-23T19:59:13.019+0000] {logging_mixin.py:120} INFO - [2025-01-23T19:59:13.018+0000] {dag.py:2585} INFO - Sync 1 DAGs
[2025-01-23T19:59:13.116+0000] {logging_mixin.py:120} INFO - [2025-01-23T19:59:13.116+0000] {dag.py:3340} INFO - Setting next_dagrun for example_nested_branch_dag to 2025-01-22T00:00:00+00:00, run_after=2025-01-23T00:00:00+00:00
[2025-01-23T19:59:13.187+0000] {processor.py:176} INFO - Processing /home/airflow/.local/lib/python3.7/site-packages/airflow/example_dags/example_nested_branch_dag.py took 0.365 seconds
[2025-01-23T19:59:43.571+0000] {processor.py:154} INFO - Started process (PID=46297) to work on /home/airflow/.local/lib/python3.7/site-packages/airflow/example_dags/example_nested_branch_dag.py
[2025-01-23T19:59:43.573+0000] {processor.py:756} INFO - Processing file /home/airflow/.local/lib/python3.7/site-packages/airflow/example_dags/example_nested_branch_dag.py for tasks to queue
[2025-01-23T19:59:43.575+0000] {logging_mixin.py:120} INFO - [2025-01-23T19:59:43.574+0000] {dagbag.py:537} INFO - Filling up the DagBag from /home/airflow/.local/lib/python3.7/site-packages/airflow/example_dags/example_nested_branch_dag.py
[2025-01-23T19:59:43.623+0000] {processor.py:766} INFO - DAG(s) dict_keys(['example_nested_branch_dag']) retrieved from /home/airflow/.local/lib/python3.7/site-packages/airflow/example_dags/example_nested_branch_dag.py
[2025-01-23T19:59:43.711+0000] {logging_mixin.py:120} INFO - [2025-01-23T19:59:43.711+0000] {dag.py:2585} INFO - Sync 1 DAGs
[2025-01-23T19:59:43.771+0000] {logging_mixin.py:120} INFO - [2025-01-23T19:59:43.771+0000] {dag.py:3340} INFO - Setting next_dagrun for example_nested_branch_dag to 2025-01-22T00:00:00+00:00, run_after=2025-01-23T00:00:00+00:00
[2025-01-23T19:59:43.808+0000] {processor.py:176} INFO - Processing /home/airflow/.local/lib/python3.7/site-packages/airflow/example_dags/example_nested_branch_dag.py took 0.244 seconds
[2025-01-23T20:00:13.987+0000] {processor.py:154} INFO - Started process (PID=46351) to work on /home/airflow/.local/lib/python3.7/site-packages/airflow/example_dags/example_nested_branch_dag.py
[2025-01-23T20:00:13.989+0000] {processor.py:756} INFO - Processing file /home/airflow/.local/lib/python3.7/site-packages/airflow/example_dags/example_nested_branch_dag.py for tasks to queue
[2025-01-23T20:00:13.992+0000] {logging_mixin.py:120} INFO - [2025-01-23T20:00:13.991+0000] {dagbag.py:537} INFO - Filling up the DagBag from /home/airflow/.local/lib/python3.7/site-packages/airflow/example_dags/example_nested_branch_dag.py
[2025-01-23T20:00:14.058+0000] {processor.py:766} INFO - DAG(s) dict_keys(['example_nested_branch_dag']) retrieved from /home/airflow/.local/lib/python3.7/site-packages/airflow/example_dags/example_nested_branch_dag.py
[2025-01-23T20:00:14.122+0000] {logging_mixin.py:120} INFO - [2025-01-23T20:00:14.122+0000] {dag.py:2585} INFO - Sync 1 DAGs
[2025-01-23T20:00:14.169+0000] {logging_mixin.py:120} INFO - [2025-01-23T20:00:14.168+0000] {dag.py:3340} INFO - Setting next_dagrun for example_nested_branch_dag to 2025-01-22T00:00:00+00:00, run_after=2025-01-23T00:00:00+00:00
[2025-01-23T20:00:14.201+0000] {processor.py:176} INFO - Processing /home/airflow/.local/lib/python3.7/site-packages/airflow/example_dags/example_nested_branch_dag.py took 0.222 seconds
[2025-01-23T20:00:44.481+0000] {processor.py:154} INFO - Started process (PID=46414) to work on /home/airflow/.local/lib/python3.7/site-packages/airflow/example_dags/example_nested_branch_dag.py
[2025-01-23T20:00:44.482+0000] {processor.py:756} INFO - Processing file /home/airflow/.local/lib/python3.7/site-packages/airflow/example_dags/example_nested_branch_dag.py for tasks to queue
[2025-01-23T20:00:44.484+0000] {logging_mixin.py:120} INFO - [2025-01-23T20:00:44.484+0000] {dagbag.py:537} INFO - Filling up the DagBag from /home/airflow/.local/lib/python3.7/site-packages/airflow/example_dags/example_nested_branch_dag.py
[2025-01-23T20:00:44.532+0000] {processor.py:766} INFO - DAG(s) dict_keys(['example_nested_branch_dag']) retrieved from /home/airflow/.local/lib/python3.7/site-packages/airflow/example_dags/example_nested_branch_dag.py
[2025-01-23T20:00:44.622+0000] {logging_mixin.py:120} INFO - [2025-01-23T20:00:44.621+0000] {dag.py:2585} INFO - Sync 1 DAGs
[2025-01-23T20:00:44.678+0000] {logging_mixin.py:120} INFO - [2025-01-23T20:00:44.677+0000] {dag.py:3340} INFO - Setting next_dagrun for example_nested_branch_dag to 2025-01-22T00:00:00+00:00, run_after=2025-01-23T00:00:00+00:00
[2025-01-23T20:00:44.721+0000] {processor.py:176} INFO - Processing /home/airflow/.local/lib/python3.7/site-packages/airflow/example_dags/example_nested_branch_dag.py took 0.248 seconds
[2025-01-23T20:01:15.047+0000] {processor.py:154} INFO - Started process (PID=46469) to work on /home/airflow/.local/lib/python3.7/site-packages/airflow/example_dags/example_nested_branch_dag.py
[2025-01-23T20:01:15.049+0000] {processor.py:756} INFO - Processing file /home/airflow/.local/lib/python3.7/site-packages/airflow/example_dags/example_nested_branch_dag.py for tasks to queue
[2025-01-23T20:01:15.051+0000] {logging_mixin.py:120} INFO - [2025-01-23T20:01:15.050+0000] {dagbag.py:537} INFO - Filling up the DagBag from /home/airflow/.local/lib/python3.7/site-packages/airflow/example_dags/example_nested_branch_dag.py
[2025-01-23T20:01:15.100+0000] {processor.py:766} INFO - DAG(s) dict_keys(['example_nested_branch_dag']) retrieved from /home/airflow/.local/lib/python3.7/site-packages/airflow/example_dags/example_nested_branch_dag.py
[2025-01-23T20:01:15.191+0000] {logging_mixin.py:120} INFO - [2025-01-23T20:01:15.190+0000] {dag.py:2585} INFO - Sync 1 DAGs
[2025-01-23T20:01:15.325+0000] {logging_mixin.py:120} INFO - [2025-01-23T20:01:15.324+0000] {dag.py:3340} INFO - Setting next_dagrun for example_nested_branch_dag to 2025-01-22T00:00:00+00:00, run_after=2025-01-23T00:00:00+00:00
[2025-01-23T20:01:15.420+0000] {processor.py:176} INFO - Processing /home/airflow/.local/lib/python3.7/site-packages/airflow/example_dags/example_nested_branch_dag.py took 0.378 seconds
[2025-01-23T20:01:45.936+0000] {processor.py:154} INFO - Started process (PID=46532) to work on /home/airflow/.local/lib/python3.7/site-packages/airflow/example_dags/example_nested_branch_dag.py
[2025-01-23T20:01:45.938+0000] {processor.py:756} INFO - Processing file /home/airflow/.local/lib/python3.7/site-packages/airflow/example_dags/example_nested_branch_dag.py for tasks to queue
[2025-01-23T20:01:45.940+0000] {logging_mixin.py:120} INFO - [2025-01-23T20:01:45.940+0000] {dagbag.py:537} INFO - Filling up the DagBag from /home/airflow/.local/lib/python3.7/site-packages/airflow/example_dags/example_nested_branch_dag.py
[2025-01-23T20:01:46.000+0000] {processor.py:766} INFO - DAG(s) dict_keys(['example_nested_branch_dag']) retrieved from /home/airflow/.local/lib/python3.7/site-packages/airflow/example_dags/example_nested_branch_dag.py
[2025-01-23T20:01:46.079+0000] {logging_mixin.py:120} INFO - [2025-01-23T20:01:46.078+0000] {dag.py:2585} INFO - Sync 1 DAGs
[2025-01-23T20:01:46.141+0000] {logging_mixin.py:120} INFO - [2025-01-23T20:01:46.141+0000] {dag.py:3340} INFO - Setting next_dagrun for example_nested_branch_dag to 2025-01-22T00:00:00+00:00, run_after=2025-01-23T00:00:00+00:00
[2025-01-23T20:01:46.184+0000] {processor.py:176} INFO - Processing /home/airflow/.local/lib/python3.7/site-packages/airflow/example_dags/example_nested_branch_dag.py took 0.256 seconds
[2025-01-23T20:02:16.515+0000] {processor.py:154} INFO - Started process (PID=46586) to work on /home/airflow/.local/lib/python3.7/site-packages/airflow/example_dags/example_nested_branch_dag.py
[2025-01-23T20:02:16.517+0000] {processor.py:756} INFO - Processing file /home/airflow/.local/lib/python3.7/site-packages/airflow/example_dags/example_nested_branch_dag.py for tasks to queue
[2025-01-23T20:02:16.518+0000] {logging_mixin.py:120} INFO - [2025-01-23T20:02:16.518+0000] {dagbag.py:537} INFO - Filling up the DagBag from /home/airflow/.local/lib/python3.7/site-packages/airflow/example_dags/example_nested_branch_dag.py
[2025-01-23T20:02:16.564+0000] {processor.py:766} INFO - DAG(s) dict_keys(['example_nested_branch_dag']) retrieved from /home/airflow/.local/lib/python3.7/site-packages/airflow/example_dags/example_nested_branch_dag.py
[2025-01-23T20:02:16.639+0000] {logging_mixin.py:120} INFO - [2025-01-23T20:02:16.639+0000] {dag.py:2585} INFO - Sync 1 DAGs
[2025-01-23T20:02:16.690+0000] {logging_mixin.py:120} INFO - [2025-01-23T20:02:16.690+0000] {dag.py:3340} INFO - Setting next_dagrun for example_nested_branch_dag to 2025-01-22T00:00:00+00:00, run_after=2025-01-23T00:00:00+00:00
[2025-01-23T20:02:16.729+0000] {processor.py:176} INFO - Processing /home/airflow/.local/lib/python3.7/site-packages/airflow/example_dags/example_nested_branch_dag.py took 0.220 seconds
[2025-01-23T20:02:47.027+0000] {processor.py:154} INFO - Started process (PID=46638) to work on /home/airflow/.local/lib/python3.7/site-packages/airflow/example_dags/example_nested_branch_dag.py
[2025-01-23T20:02:47.029+0000] {processor.py:756} INFO - Processing file /home/airflow/.local/lib/python3.7/site-packages/airflow/example_dags/example_nested_branch_dag.py for tasks to queue
[2025-01-23T20:02:47.033+0000] {logging_mixin.py:120} INFO - [2025-01-23T20:02:47.032+0000] {dagbag.py:537} INFO - Filling up the DagBag from /home/airflow/.local/lib/python3.7/site-packages/airflow/example_dags/example_nested_branch_dag.py
[2025-01-23T20:02:47.117+0000] {processor.py:766} INFO - DAG(s) dict_keys(['example_nested_branch_dag']) retrieved from /home/airflow/.local/lib/python3.7/site-packages/airflow/example_dags/example_nested_branch_dag.py
[2025-01-23T20:02:47.232+0000] {logging_mixin.py:120} INFO - [2025-01-23T20:02:47.231+0000] {dag.py:2585} INFO - Sync 1 DAGs
[2025-01-23T20:02:47.290+0000] {logging_mixin.py:120} INFO - [2025-01-23T20:02:47.290+0000] {dag.py:3340} INFO - Setting next_dagrun for example_nested_branch_dag to 2025-01-22T00:00:00+00:00, run_after=2025-01-23T00:00:00+00:00
[2025-01-23T20:02:47.326+0000] {processor.py:176} INFO - Processing /home/airflow/.local/lib/python3.7/site-packages/airflow/example_dags/example_nested_branch_dag.py took 0.309 seconds
[2025-01-23T20:03:17.413+0000] {processor.py:154} INFO - Started process (PID=46700) to work on /home/airflow/.local/lib/python3.7/site-packages/airflow/example_dags/example_nested_branch_dag.py
[2025-01-23T20:03:17.414+0000] {processor.py:756} INFO - Processing file /home/airflow/.local/lib/python3.7/site-packages/airflow/example_dags/example_nested_branch_dag.py for tasks to queue
[2025-01-23T20:03:17.416+0000] {logging_mixin.py:120} INFO - [2025-01-23T20:03:17.416+0000] {dagbag.py:537} INFO - Filling up the DagBag from /home/airflow/.local/lib/python3.7/site-packages/airflow/example_dags/example_nested_branch_dag.py
[2025-01-23T20:03:17.460+0000] {processor.py:766} INFO - DAG(s) dict_keys(['example_nested_branch_dag']) retrieved from /home/airflow/.local/lib/python3.7/site-packages/airflow/example_dags/example_nested_branch_dag.py
[2025-01-23T20:03:17.530+0000] {logging_mixin.py:120} INFO - [2025-01-23T20:03:17.530+0000] {dag.py:2585} INFO - Sync 1 DAGs
[2025-01-23T20:03:17.574+0000] {logging_mixin.py:120} INFO - [2025-01-23T20:03:17.573+0000] {dag.py:3340} INFO - Setting next_dagrun for example_nested_branch_dag to 2025-01-22T00:00:00+00:00, run_after=2025-01-23T00:00:00+00:00
[2025-01-23T20:03:17.608+0000] {processor.py:176} INFO - Processing /home/airflow/.local/lib/python3.7/site-packages/airflow/example_dags/example_nested_branch_dag.py took 0.200 seconds
[2025-01-23T20:03:48.107+0000] {processor.py:154} INFO - Started process (PID=46753) to work on /home/airflow/.local/lib/python3.7/site-packages/airflow/example_dags/example_nested_branch_dag.py
[2025-01-23T20:03:48.109+0000] {processor.py:756} INFO - Processing file /home/airflow/.local/lib/python3.7/site-packages/airflow/example_dags/example_nested_branch_dag.py for tasks to queue
[2025-01-23T20:03:48.110+0000] {logging_mixin.py:120} INFO - [2025-01-23T20:03:48.110+0000] {dagbag.py:537} INFO - Filling up the DagBag from /home/airflow/.local/lib/python3.7/site-packages/airflow/example_dags/example_nested_branch_dag.py
[2025-01-23T20:03:48.165+0000] {processor.py:766} INFO - DAG(s) dict_keys(['example_nested_branch_dag']) retrieved from /home/airflow/.local/lib/python3.7/site-packages/airflow/example_dags/example_nested_branch_dag.py
[2025-01-23T20:03:48.251+0000] {logging_mixin.py:120} INFO - [2025-01-23T20:03:48.250+0000] {dag.py:2585} INFO - Sync 1 DAGs
[2025-01-23T20:03:48.316+0000] {logging_mixin.py:120} INFO - [2025-01-23T20:03:48.316+0000] {dag.py:3340} INFO - Setting next_dagrun for example_nested_branch_dag to 2025-01-22T00:00:00+00:00, run_after=2025-01-23T00:00:00+00:00
[2025-01-23T20:03:48.361+0000] {processor.py:176} INFO - Processing /home/airflow/.local/lib/python3.7/site-packages/airflow/example_dags/example_nested_branch_dag.py took 0.260 seconds
[2025-01-23T20:04:18.541+0000] {processor.py:154} INFO - Started process (PID=46816) to work on /home/airflow/.local/lib/python3.7/site-packages/airflow/example_dags/example_nested_branch_dag.py
[2025-01-23T20:04:18.542+0000] {processor.py:756} INFO - Processing file /home/airflow/.local/lib/python3.7/site-packages/airflow/example_dags/example_nested_branch_dag.py for tasks to queue
[2025-01-23T20:04:18.544+0000] {logging_mixin.py:120} INFO - [2025-01-23T20:04:18.543+0000] {dagbag.py:537} INFO - Filling up the DagBag from /home/airflow/.local/lib/python3.7/site-packages/airflow/example_dags/example_nested_branch_dag.py
[2025-01-23T20:04:18.589+0000] {processor.py:766} INFO - DAG(s) dict_keys(['example_nested_branch_dag']) retrieved from /home/airflow/.local/lib/python3.7/site-packages/airflow/example_dags/example_nested_branch_dag.py
[2025-01-23T20:04:18.671+0000] {logging_mixin.py:120} INFO - [2025-01-23T20:04:18.671+0000] {dag.py:2585} INFO - Sync 1 DAGs
[2025-01-23T20:04:18.722+0000] {logging_mixin.py:120} INFO - [2025-01-23T20:04:18.721+0000] {dag.py:3340} INFO - Setting next_dagrun for example_nested_branch_dag to 2025-01-22T00:00:00+00:00, run_after=2025-01-23T00:00:00+00:00
[2025-01-23T20:04:18.761+0000] {processor.py:176} INFO - Processing /home/airflow/.local/lib/python3.7/site-packages/airflow/example_dags/example_nested_branch_dag.py took 0.226 seconds
[2025-01-23T20:04:48.835+0000] {processor.py:154} INFO - Started process (PID=46869) to work on /home/airflow/.local/lib/python3.7/site-packages/airflow/example_dags/example_nested_branch_dag.py
[2025-01-23T20:04:48.839+0000] {processor.py:756} INFO - Processing file /home/airflow/.local/lib/python3.7/site-packages/airflow/example_dags/example_nested_branch_dag.py for tasks to queue
[2025-01-23T20:04:48.842+0000] {logging_mixin.py:120} INFO - [2025-01-23T20:04:48.841+0000] {dagbag.py:537} INFO - Filling up the DagBag from /home/airflow/.local/lib/python3.7/site-packages/airflow/example_dags/example_nested_branch_dag.py
[2025-01-23T20:04:48.969+0000] {processor.py:766} INFO - DAG(s) dict_keys(['example_nested_branch_dag']) retrieved from /home/airflow/.local/lib/python3.7/site-packages/airflow/example_dags/example_nested_branch_dag.py
[2025-01-23T20:04:49.155+0000] {logging_mixin.py:120} INFO - [2025-01-23T20:04:49.154+0000] {dag.py:2585} INFO - Sync 1 DAGs
[2025-01-23T20:04:49.281+0000] {logging_mixin.py:120} INFO - [2025-01-23T20:04:49.280+0000] {dag.py:3340} INFO - Setting next_dagrun for example_nested_branch_dag to 2025-01-22T00:00:00+00:00, run_after=2025-01-23T00:00:00+00:00
[2025-01-23T20:04:49.371+0000] {processor.py:176} INFO - Processing /home/airflow/.local/lib/python3.7/site-packages/airflow/example_dags/example_nested_branch_dag.py took 0.548 seconds
[2025-01-23T20:05:19.477+0000] {processor.py:154} INFO - Started process (PID=46923) to work on /home/airflow/.local/lib/python3.7/site-packages/airflow/example_dags/example_nested_branch_dag.py
[2025-01-23T20:05:19.478+0000] {processor.py:756} INFO - Processing file /home/airflow/.local/lib/python3.7/site-packages/airflow/example_dags/example_nested_branch_dag.py for tasks to queue
[2025-01-23T20:05:19.480+0000] {logging_mixin.py:120} INFO - [2025-01-23T20:05:19.480+0000] {dagbag.py:537} INFO - Filling up the DagBag from /home/airflow/.local/lib/python3.7/site-packages/airflow/example_dags/example_nested_branch_dag.py
[2025-01-23T20:05:19.528+0000] {processor.py:766} INFO - DAG(s) dict_keys(['example_nested_branch_dag']) retrieved from /home/airflow/.local/lib/python3.7/site-packages/airflow/example_dags/example_nested_branch_dag.py
[2025-01-23T20:05:19.612+0000] {logging_mixin.py:120} INFO - [2025-01-23T20:05:19.612+0000] {dag.py:2585} INFO - Sync 1 DAGs
[2025-01-23T20:05:19.658+0000] {logging_mixin.py:120} INFO - [2025-01-23T20:05:19.657+0000] {dag.py:3340} INFO - Setting next_dagrun for example_nested_branch_dag to 2025-01-22T00:00:00+00:00, run_after=2025-01-23T00:00:00+00:00
[2025-01-23T20:05:19.690+0000] {processor.py:176} INFO - Processing /home/airflow/.local/lib/python3.7/site-packages/airflow/example_dags/example_nested_branch_dag.py took 0.219 seconds
[2025-01-23T20:05:49.827+0000] {processor.py:154} INFO - Started process (PID=46984) to work on /home/airflow/.local/lib/python3.7/site-packages/airflow/example_dags/example_nested_branch_dag.py
[2025-01-23T20:05:49.829+0000] {processor.py:756} INFO - Processing file /home/airflow/.local/lib/python3.7/site-packages/airflow/example_dags/example_nested_branch_dag.py for tasks to queue
[2025-01-23T20:05:49.831+0000] {logging_mixin.py:120} INFO - [2025-01-23T20:05:49.831+0000] {dagbag.py:537} INFO - Filling up the DagBag from /home/airflow/.local/lib/python3.7/site-packages/airflow/example_dags/example_nested_branch_dag.py
[2025-01-23T20:05:49.879+0000] {processor.py:766} INFO - DAG(s) dict_keys(['example_nested_branch_dag']) retrieved from /home/airflow/.local/lib/python3.7/site-packages/airflow/example_dags/example_nested_branch_dag.py
[2025-01-23T20:05:49.959+0000] {logging_mixin.py:120} INFO - [2025-01-23T20:05:49.959+0000] {dag.py:2585} INFO - Sync 1 DAGs
[2025-01-23T20:05:50.012+0000] {logging_mixin.py:120} INFO - [2025-01-23T20:05:50.012+0000] {dag.py:3340} INFO - Setting next_dagrun for example_nested_branch_dag to 2025-01-22T00:00:00+00:00, run_after=2025-01-23T00:00:00+00:00
[2025-01-23T20:05:50.047+0000] {processor.py:176} INFO - Processing /home/airflow/.local/lib/python3.7/site-packages/airflow/example_dags/example_nested_branch_dag.py took 0.227 seconds
[2025-01-23T20:06:20.719+0000] {processor.py:154} INFO - Started process (PID=47038) to work on /home/airflow/.local/lib/python3.7/site-packages/airflow/example_dags/example_nested_branch_dag.py
[2025-01-23T20:06:20.724+0000] {processor.py:756} INFO - Processing file /home/airflow/.local/lib/python3.7/site-packages/airflow/example_dags/example_nested_branch_dag.py for tasks to queue
[2025-01-23T20:06:20.727+0000] {logging_mixin.py:120} INFO - [2025-01-23T20:06:20.727+0000] {dagbag.py:537} INFO - Filling up the DagBag from /home/airflow/.local/lib/python3.7/site-packages/airflow/example_dags/example_nested_branch_dag.py
[2025-01-23T20:06:20.897+0000] {processor.py:766} INFO - DAG(s) dict_keys(['example_nested_branch_dag']) retrieved from /home/airflow/.local/lib/python3.7/site-packages/airflow/example_dags/example_nested_branch_dag.py
[2025-01-23T20:06:21.014+0000] {logging_mixin.py:120} INFO - [2025-01-23T20:06:21.013+0000] {dag.py:2585} INFO - Sync 1 DAGs
[2025-01-23T20:06:21.056+0000] {logging_mixin.py:120} INFO - [2025-01-23T20:06:21.056+0000] {dag.py:3340} INFO - Setting next_dagrun for example_nested_branch_dag to 2025-01-22T00:00:00+00:00, run_after=2025-01-23T00:00:00+00:00
[2025-01-23T20:06:21.096+0000] {processor.py:176} INFO - Processing /home/airflow/.local/lib/python3.7/site-packages/airflow/example_dags/example_nested_branch_dag.py took 0.400 seconds
[2025-01-23T20:06:51.484+0000] {processor.py:154} INFO - Started process (PID=47100) to work on /home/airflow/.local/lib/python3.7/site-packages/airflow/example_dags/example_nested_branch_dag.py
[2025-01-23T20:06:51.488+0000] {processor.py:756} INFO - Processing file /home/airflow/.local/lib/python3.7/site-packages/airflow/example_dags/example_nested_branch_dag.py for tasks to queue
[2025-01-23T20:06:51.492+0000] {logging_mixin.py:120} INFO - [2025-01-23T20:06:51.491+0000] {dagbag.py:537} INFO - Filling up the DagBag from /home/airflow/.local/lib/python3.7/site-packages/airflow/example_dags/example_nested_branch_dag.py
[2025-01-23T20:06:51.618+0000] {processor.py:766} INFO - DAG(s) dict_keys(['example_nested_branch_dag']) retrieved from /home/airflow/.local/lib/python3.7/site-packages/airflow/example_dags/example_nested_branch_dag.py
[2025-01-23T20:06:51.811+0000] {logging_mixin.py:120} INFO - [2025-01-23T20:06:51.811+0000] {dag.py:2585} INFO - Sync 1 DAGs
[2025-01-23T20:06:51.863+0000] {logging_mixin.py:120} INFO - [2025-01-23T20:06:51.863+0000] {dag.py:3340} INFO - Setting next_dagrun for example_nested_branch_dag to 2025-01-22T00:00:00+00:00, run_after=2025-01-23T00:00:00+00:00
[2025-01-23T20:06:51.911+0000] {processor.py:176} INFO - Processing /home/airflow/.local/lib/python3.7/site-packages/airflow/example_dags/example_nested_branch_dag.py took 0.441 seconds
[2025-01-23T20:07:22.129+0000] {processor.py:154} INFO - Started process (PID=47154) to work on /home/airflow/.local/lib/python3.7/site-packages/airflow/example_dags/example_nested_branch_dag.py
[2025-01-23T20:07:22.133+0000] {processor.py:756} INFO - Processing file /home/airflow/.local/lib/python3.7/site-packages/airflow/example_dags/example_nested_branch_dag.py for tasks to queue
[2025-01-23T20:07:22.137+0000] {logging_mixin.py:120} INFO - [2025-01-23T20:07:22.137+0000] {dagbag.py:537} INFO - Filling up the DagBag from /home/airflow/.local/lib/python3.7/site-packages/airflow/example_dags/example_nested_branch_dag.py
[2025-01-23T20:07:22.238+0000] {processor.py:766} INFO - DAG(s) dict_keys(['example_nested_branch_dag']) retrieved from /home/airflow/.local/lib/python3.7/site-packages/airflow/example_dags/example_nested_branch_dag.py
[2025-01-23T20:07:22.311+0000] {logging_mixin.py:120} INFO - [2025-01-23T20:07:22.310+0000] {dag.py:2585} INFO - Sync 1 DAGs
[2025-01-23T20:07:22.350+0000] {logging_mixin.py:120} INFO - [2025-01-23T20:07:22.350+0000] {dag.py:3340} INFO - Setting next_dagrun for example_nested_branch_dag to 2025-01-22T00:00:00+00:00, run_after=2025-01-23T00:00:00+00:00
[2025-01-23T20:07:22.379+0000] {processor.py:176} INFO - Processing /home/airflow/.local/lib/python3.7/site-packages/airflow/example_dags/example_nested_branch_dag.py took 0.264 seconds
[2025-01-23T20:07:52.654+0000] {processor.py:154} INFO - Started process (PID=47216) to work on /home/airflow/.local/lib/python3.7/site-packages/airflow/example_dags/example_nested_branch_dag.py
[2025-01-23T20:07:52.659+0000] {processor.py:756} INFO - Processing file /home/airflow/.local/lib/python3.7/site-packages/airflow/example_dags/example_nested_branch_dag.py for tasks to queue
[2025-01-23T20:07:52.663+0000] {logging_mixin.py:120} INFO - [2025-01-23T20:07:52.662+0000] {dagbag.py:537} INFO - Filling up the DagBag from /home/airflow/.local/lib/python3.7/site-packages/airflow/example_dags/example_nested_branch_dag.py
[2025-01-23T20:07:52.792+0000] {processor.py:766} INFO - DAG(s) dict_keys(['example_nested_branch_dag']) retrieved from /home/airflow/.local/lib/python3.7/site-packages/airflow/example_dags/example_nested_branch_dag.py
[2025-01-23T20:07:52.868+0000] {logging_mixin.py:120} INFO - [2025-01-23T20:07:52.867+0000] {dag.py:2585} INFO - Sync 1 DAGs
[2025-01-23T20:07:52.911+0000] {logging_mixin.py:120} INFO - [2025-01-23T20:07:52.911+0000] {dag.py:3340} INFO - Setting next_dagrun for example_nested_branch_dag to 2025-01-22T00:00:00+00:00, run_after=2025-01-23T00:00:00+00:00
[2025-01-23T20:07:52.951+0000] {processor.py:176} INFO - Processing /home/airflow/.local/lib/python3.7/site-packages/airflow/example_dags/example_nested_branch_dag.py took 0.321 seconds
[2025-01-23T20:08:23.336+0000] {processor.py:154} INFO - Started process (PID=47270) to work on /home/airflow/.local/lib/python3.7/site-packages/airflow/example_dags/example_nested_branch_dag.py
[2025-01-23T20:08:23.338+0000] {processor.py:756} INFO - Processing file /home/airflow/.local/lib/python3.7/site-packages/airflow/example_dags/example_nested_branch_dag.py for tasks to queue
[2025-01-23T20:08:23.339+0000] {logging_mixin.py:120} INFO - [2025-01-23T20:08:23.339+0000] {dagbag.py:537} INFO - Filling up the DagBag from /home/airflow/.local/lib/python3.7/site-packages/airflow/example_dags/example_nested_branch_dag.py
[2025-01-23T20:08:23.387+0000] {processor.py:766} INFO - DAG(s) dict_keys(['example_nested_branch_dag']) retrieved from /home/airflow/.local/lib/python3.7/site-packages/airflow/example_dags/example_nested_branch_dag.py
[2025-01-23T20:08:23.458+0000] {logging_mixin.py:120} INFO - [2025-01-23T20:08:23.458+0000] {dag.py:2585} INFO - Sync 1 DAGs
[2025-01-23T20:08:23.502+0000] {logging_mixin.py:120} INFO - [2025-01-23T20:08:23.501+0000] {dag.py:3340} INFO - Setting next_dagrun for example_nested_branch_dag to 2025-01-22T00:00:00+00:00, run_after=2025-01-23T00:00:00+00:00
[2025-01-23T20:08:23.536+0000] {processor.py:176} INFO - Processing /home/airflow/.local/lib/python3.7/site-packages/airflow/example_dags/example_nested_branch_dag.py took 0.207 seconds
[2025-01-23T20:08:54.014+0000] {processor.py:154} INFO - Started process (PID=47333) to work on /home/airflow/.local/lib/python3.7/site-packages/airflow/example_dags/example_nested_branch_dag.py
[2025-01-23T20:08:54.016+0000] {processor.py:756} INFO - Processing file /home/airflow/.local/lib/python3.7/site-packages/airflow/example_dags/example_nested_branch_dag.py for tasks to queue
[2025-01-23T20:08:54.018+0000] {logging_mixin.py:120} INFO - [2025-01-23T20:08:54.017+0000] {dagbag.py:537} INFO - Filling up the DagBag from /home/airflow/.local/lib/python3.7/site-packages/airflow/example_dags/example_nested_branch_dag.py
[2025-01-23T20:08:54.069+0000] {processor.py:766} INFO - DAG(s) dict_keys(['example_nested_branch_dag']) retrieved from /home/airflow/.local/lib/python3.7/site-packages/airflow/example_dags/example_nested_branch_dag.py
[2025-01-23T20:08:54.150+0000] {logging_mixin.py:120} INFO - [2025-01-23T20:08:54.149+0000] {dag.py:2585} INFO - Sync 1 DAGs
[2025-01-23T20:08:54.207+0000] {logging_mixin.py:120} INFO - [2025-01-23T20:08:54.206+0000] {dag.py:3340} INFO - Setting next_dagrun for example_nested_branch_dag to 2025-01-22T00:00:00+00:00, run_after=2025-01-23T00:00:00+00:00
[2025-01-23T20:08:54.241+0000] {processor.py:176} INFO - Processing /home/airflow/.local/lib/python3.7/site-packages/airflow/example_dags/example_nested_branch_dag.py took 0.233 seconds
[2025-01-23T20:09:24.754+0000] {processor.py:154} INFO - Started process (PID=47387) to work on /home/airflow/.local/lib/python3.7/site-packages/airflow/example_dags/example_nested_branch_dag.py
[2025-01-23T20:09:24.758+0000] {processor.py:756} INFO - Processing file /home/airflow/.local/lib/python3.7/site-packages/airflow/example_dags/example_nested_branch_dag.py for tasks to queue
[2025-01-23T20:09:24.762+0000] {logging_mixin.py:120} INFO - [2025-01-23T20:09:24.761+0000] {dagbag.py:537} INFO - Filling up the DagBag from /home/airflow/.local/lib/python3.7/site-packages/airflow/example_dags/example_nested_branch_dag.py
[2025-01-23T20:09:24.856+0000] {processor.py:766} INFO - DAG(s) dict_keys(['example_nested_branch_dag']) retrieved from /home/airflow/.local/lib/python3.7/site-packages/airflow/example_dags/example_nested_branch_dag.py
[2025-01-23T20:09:24.928+0000] {logging_mixin.py:120} INFO - [2025-01-23T20:09:24.928+0000] {dag.py:2585} INFO - Sync 1 DAGs
[2025-01-23T20:09:24.972+0000] {logging_mixin.py:120} INFO - [2025-01-23T20:09:24.972+0000] {dag.py:3340} INFO - Setting next_dagrun for example_nested_branch_dag to 2025-01-22T00:00:00+00:00, run_after=2025-01-23T00:00:00+00:00
[2025-01-23T20:09:25.003+0000] {processor.py:176} INFO - Processing /home/airflow/.local/lib/python3.7/site-packages/airflow/example_dags/example_nested_branch_dag.py took 0.263 seconds
[2025-01-23T20:09:55.722+0000] {processor.py:154} INFO - Started process (PID=47450) to work on /home/airflow/.local/lib/python3.7/site-packages/airflow/example_dags/example_nested_branch_dag.py
[2025-01-23T20:09:55.723+0000] {processor.py:756} INFO - Processing file /home/airflow/.local/lib/python3.7/site-packages/airflow/example_dags/example_nested_branch_dag.py for tasks to queue
[2025-01-23T20:09:55.725+0000] {logging_mixin.py:120} INFO - [2025-01-23T20:09:55.725+0000] {dagbag.py:537} INFO - Filling up the DagBag from /home/airflow/.local/lib/python3.7/site-packages/airflow/example_dags/example_nested_branch_dag.py
[2025-01-23T20:09:55.805+0000] {processor.py:766} INFO - DAG(s) dict_keys(['example_nested_branch_dag']) retrieved from /home/airflow/.local/lib/python3.7/site-packages/airflow/example_dags/example_nested_branch_dag.py
[2025-01-23T20:09:55.888+0000] {logging_mixin.py:120} INFO - [2025-01-23T20:09:55.888+0000] {dag.py:2585} INFO - Sync 1 DAGs
[2025-01-23T20:09:55.948+0000] {logging_mixin.py:120} INFO - [2025-01-23T20:09:55.947+0000] {dag.py:3340} INFO - Setting next_dagrun for example_nested_branch_dag to 2025-01-22T00:00:00+00:00, run_after=2025-01-23T00:00:00+00:00
[2025-01-23T20:09:55.981+0000] {processor.py:176} INFO - Processing /home/airflow/.local/lib/python3.7/site-packages/airflow/example_dags/example_nested_branch_dag.py took 0.265 seconds
[2025-01-23T20:10:26.631+0000] {processor.py:154} INFO - Started process (PID=47504) to work on /home/airflow/.local/lib/python3.7/site-packages/airflow/example_dags/example_nested_branch_dag.py
[2025-01-23T20:10:26.633+0000] {processor.py:756} INFO - Processing file /home/airflow/.local/lib/python3.7/site-packages/airflow/example_dags/example_nested_branch_dag.py for tasks to queue
[2025-01-23T20:10:26.634+0000] {logging_mixin.py:120} INFO - [2025-01-23T20:10:26.634+0000] {dagbag.py:537} INFO - Filling up the DagBag from /home/airflow/.local/lib/python3.7/site-packages/airflow/example_dags/example_nested_branch_dag.py
[2025-01-23T20:10:26.678+0000] {processor.py:766} INFO - DAG(s) dict_keys(['example_nested_branch_dag']) retrieved from /home/airflow/.local/lib/python3.7/site-packages/airflow/example_dags/example_nested_branch_dag.py
[2025-01-23T20:10:26.754+0000] {logging_mixin.py:120} INFO - [2025-01-23T20:10:26.754+0000] {dag.py:2585} INFO - Sync 1 DAGs
[2025-01-23T20:10:26.815+0000] {logging_mixin.py:120} INFO - [2025-01-23T20:10:26.815+0000] {dag.py:3340} INFO - Setting next_dagrun for example_nested_branch_dag to 2025-01-22T00:00:00+00:00, run_after=2025-01-23T00:00:00+00:00
[2025-01-23T20:10:26.853+0000] {processor.py:176} INFO - Processing /home/airflow/.local/lib/python3.7/site-packages/airflow/example_dags/example_nested_branch_dag.py took 0.228 seconds
[2025-01-23T20:10:57.158+0000] {processor.py:154} INFO - Started process (PID=47558) to work on /home/airflow/.local/lib/python3.7/site-packages/airflow/example_dags/example_nested_branch_dag.py
[2025-01-23T20:10:57.161+0000] {processor.py:756} INFO - Processing file /home/airflow/.local/lib/python3.7/site-packages/airflow/example_dags/example_nested_branch_dag.py for tasks to queue
[2025-01-23T20:10:57.164+0000] {logging_mixin.py:120} INFO - [2025-01-23T20:10:57.164+0000] {dagbag.py:537} INFO - Filling up the DagBag from /home/airflow/.local/lib/python3.7/site-packages/airflow/example_dags/example_nested_branch_dag.py
[2025-01-23T20:10:57.227+0000] {processor.py:766} INFO - DAG(s) dict_keys(['example_nested_branch_dag']) retrieved from /home/airflow/.local/lib/python3.7/site-packages/airflow/example_dags/example_nested_branch_dag.py
[2025-01-23T20:10:57.303+0000] {logging_mixin.py:120} INFO - [2025-01-23T20:10:57.303+0000] {dag.py:2585} INFO - Sync 1 DAGs
[2025-01-23T20:10:57.368+0000] {logging_mixin.py:120} INFO - [2025-01-23T20:10:57.368+0000] {dag.py:3340} INFO - Setting next_dagrun for example_nested_branch_dag to 2025-01-22T00:00:00+00:00, run_after=2025-01-23T00:00:00+00:00
[2025-01-23T20:10:57.412+0000] {processor.py:176} INFO - Processing /home/airflow/.local/lib/python3.7/site-packages/airflow/example_dags/example_nested_branch_dag.py took 0.263 seconds
[2025-01-23T20:11:27.844+0000] {processor.py:154} INFO - Started process (PID=47620) to work on /home/airflow/.local/lib/python3.7/site-packages/airflow/example_dags/example_nested_branch_dag.py
[2025-01-23T20:11:27.845+0000] {processor.py:756} INFO - Processing file /home/airflow/.local/lib/python3.7/site-packages/airflow/example_dags/example_nested_branch_dag.py for tasks to queue
[2025-01-23T20:11:27.847+0000] {logging_mixin.py:120} INFO - [2025-01-23T20:11:27.847+0000] {dagbag.py:537} INFO - Filling up the DagBag from /home/airflow/.local/lib/python3.7/site-packages/airflow/example_dags/example_nested_branch_dag.py
[2025-01-23T20:11:27.893+0000] {processor.py:766} INFO - DAG(s) dict_keys(['example_nested_branch_dag']) retrieved from /home/airflow/.local/lib/python3.7/site-packages/airflow/example_dags/example_nested_branch_dag.py
[2025-01-23T20:11:28.001+0000] {logging_mixin.py:120} INFO - [2025-01-23T20:11:28.001+0000] {dag.py:2585} INFO - Sync 1 DAGs
[2025-01-23T20:11:28.080+0000] {logging_mixin.py:120} INFO - [2025-01-23T20:11:28.080+0000] {dag.py:3340} INFO - Setting next_dagrun for example_nested_branch_dag to 2025-01-22T00:00:00+00:00, run_after=2025-01-23T00:00:00+00:00
[2025-01-23T20:11:28.135+0000] {processor.py:176} INFO - Processing /home/airflow/.local/lib/python3.7/site-packages/airflow/example_dags/example_nested_branch_dag.py took 0.297 seconds
[2025-01-23T20:11:58.494+0000] {processor.py:154} INFO - Started process (PID=47674) to work on /home/airflow/.local/lib/python3.7/site-packages/airflow/example_dags/example_nested_branch_dag.py
[2025-01-23T20:11:58.496+0000] {processor.py:756} INFO - Processing file /home/airflow/.local/lib/python3.7/site-packages/airflow/example_dags/example_nested_branch_dag.py for tasks to queue
[2025-01-23T20:11:58.498+0000] {logging_mixin.py:120} INFO - [2025-01-23T20:11:58.497+0000] {dagbag.py:537} INFO - Filling up the DagBag from /home/airflow/.local/lib/python3.7/site-packages/airflow/example_dags/example_nested_branch_dag.py
[2025-01-23T20:11:58.548+0000] {processor.py:766} INFO - DAG(s) dict_keys(['example_nested_branch_dag']) retrieved from /home/airflow/.local/lib/python3.7/site-packages/airflow/example_dags/example_nested_branch_dag.py
[2025-01-23T20:11:58.644+0000] {logging_mixin.py:120} INFO - [2025-01-23T20:11:58.643+0000] {dag.py:2585} INFO - Sync 1 DAGs
[2025-01-23T20:11:58.698+0000] {logging_mixin.py:120} INFO - [2025-01-23T20:11:58.698+0000] {dag.py:3340} INFO - Setting next_dagrun for example_nested_branch_dag to 2025-01-22T00:00:00+00:00, run_after=2025-01-23T00:00:00+00:00
[2025-01-23T20:11:58.735+0000] {processor.py:176} INFO - Processing /home/airflow/.local/lib/python3.7/site-packages/airflow/example_dags/example_nested_branch_dag.py took 0.250 seconds
[2025-01-23T20:12:29.071+0000] {processor.py:154} INFO - Started process (PID=47736) to work on /home/airflow/.local/lib/python3.7/site-packages/airflow/example_dags/example_nested_branch_dag.py
[2025-01-23T20:12:29.072+0000] {processor.py:756} INFO - Processing file /home/airflow/.local/lib/python3.7/site-packages/airflow/example_dags/example_nested_branch_dag.py for tasks to queue
[2025-01-23T20:12:29.074+0000] {logging_mixin.py:120} INFO - [2025-01-23T20:12:29.074+0000] {dagbag.py:537} INFO - Filling up the DagBag from /home/airflow/.local/lib/python3.7/site-packages/airflow/example_dags/example_nested_branch_dag.py
[2025-01-23T20:12:29.125+0000] {processor.py:766} INFO - DAG(s) dict_keys(['example_nested_branch_dag']) retrieved from /home/airflow/.local/lib/python3.7/site-packages/airflow/example_dags/example_nested_branch_dag.py
[2025-01-23T20:12:29.211+0000] {logging_mixin.py:120} INFO - [2025-01-23T20:12:29.211+0000] {dag.py:2585} INFO - Sync 1 DAGs
[2025-01-23T20:12:29.264+0000] {logging_mixin.py:120} INFO - [2025-01-23T20:12:29.264+0000] {dag.py:3340} INFO - Setting next_dagrun for example_nested_branch_dag to 2025-01-22T00:00:00+00:00, run_after=2025-01-23T00:00:00+00:00
[2025-01-23T20:12:29.306+0000] {processor.py:176} INFO - Processing /home/airflow/.local/lib/python3.7/site-packages/airflow/example_dags/example_nested_branch_dag.py took 0.241 seconds
