[2025-01-23T19:50:47.182+0000] {processor.py:154} INFO - Started process (PID=45337) to work on /home/airflow/.local/lib/python3.7/site-packages/airflow/example_dags/example_task_group_decorator.py
[2025-01-23T19:50:47.199+0000] {processor.py:756} INFO - Processing file /home/airflow/.local/lib/python3.7/site-packages/airflow/example_dags/example_task_group_decorator.py for tasks to queue
[2025-01-23T19:50:47.203+0000] {logging_mixin.py:120} INFO - [2025-01-23T19:50:47.202+0000] {dagbag.py:537} INFO - Filling up the DagBag from /home/airflow/.local/lib/python3.7/site-packages/airflow/example_dags/example_task_group_decorator.py
[2025-01-23T19:50:47.382+0000] {processor.py:766} INFO - DAG(s) dict_keys(['example_task_group_decorator']) retrieved from /home/airflow/.local/lib/python3.7/site-packages/airflow/example_dags/example_task_group_decorator.py
[2025-01-23T19:50:47.689+0000] {logging_mixin.py:120} INFO - [2025-01-23T19:50:47.689+0000] {dag.py:2585} INFO - Sync 1 DAGs
[2025-01-23T19:50:47.892+0000] {logging_mixin.py:120} INFO - [2025-01-23T19:50:47.892+0000] {dag.py:3340} INFO - Setting next_dagrun for example_task_group_decorator to 2025-01-22T19:50:47.891967+00:00, run_after=2025-01-23T19:50:47.891967+00:00
[2025-01-23T19:50:48.057+0000] {processor.py:176} INFO - Processing /home/airflow/.local/lib/python3.7/site-packages/airflow/example_dags/example_task_group_decorator.py took 0.883 seconds
[2025-01-23T19:51:20.800+0000] {processor.py:154} INFO - Started process (PID=45385) to work on /home/airflow/.local/lib/python3.7/site-packages/airflow/example_dags/example_task_group_decorator.py
[2025-01-23T19:51:20.803+0000] {processor.py:756} INFO - Processing file /home/airflow/.local/lib/python3.7/site-packages/airflow/example_dags/example_task_group_decorator.py for tasks to queue
[2025-01-23T19:51:20.813+0000] {logging_mixin.py:120} INFO - [2025-01-23T19:51:20.805+0000] {dagbag.py:537} INFO - Filling up the DagBag from /home/airflow/.local/lib/python3.7/site-packages/airflow/example_dags/example_task_group_decorator.py
[2025-01-23T19:51:21.005+0000] {processor.py:766} INFO - DAG(s) dict_keys(['example_task_group_decorator']) retrieved from /home/airflow/.local/lib/python3.7/site-packages/airflow/example_dags/example_task_group_decorator.py
[2025-01-23T19:51:21.247+0000] {logging_mixin.py:120} INFO - [2025-01-23T19:51:21.247+0000] {dag.py:2585} INFO - Sync 1 DAGs
[2025-01-23T19:51:21.421+0000] {logging_mixin.py:120} INFO - [2025-01-23T19:51:21.421+0000] {dag.py:3340} INFO - Setting next_dagrun for example_task_group_decorator to 2025-01-22T19:51:21.420737+00:00, run_after=2025-01-23T19:51:21.420737+00:00
[2025-01-23T19:51:21.553+0000] {processor.py:176} INFO - Processing /home/airflow/.local/lib/python3.7/site-packages/airflow/example_dags/example_task_group_decorator.py took 0.760 seconds
[2025-01-23T19:51:53.907+0000] {processor.py:154} INFO - Started process (PID=45439) to work on /home/airflow/.local/lib/python3.7/site-packages/airflow/example_dags/example_task_group_decorator.py
[2025-01-23T19:51:53.910+0000] {processor.py:756} INFO - Processing file /home/airflow/.local/lib/python3.7/site-packages/airflow/example_dags/example_task_group_decorator.py for tasks to queue
[2025-01-23T19:51:53.911+0000] {logging_mixin.py:120} INFO - [2025-01-23T19:51:53.911+0000] {dagbag.py:537} INFO - Filling up the DagBag from /home/airflow/.local/lib/python3.7/site-packages/airflow/example_dags/example_task_group_decorator.py
[2025-01-23T19:51:54.090+0000] {processor.py:766} INFO - DAG(s) dict_keys(['example_task_group_decorator']) retrieved from /home/airflow/.local/lib/python3.7/site-packages/airflow/example_dags/example_task_group_decorator.py
[2025-01-23T19:51:54.355+0000] {logging_mixin.py:120} INFO - [2025-01-23T19:51:54.355+0000] {dag.py:2585} INFO - Sync 1 DAGs
[2025-01-23T19:51:54.531+0000] {logging_mixin.py:120} INFO - [2025-01-23T19:51:54.531+0000] {dag.py:3340} INFO - Setting next_dagrun for example_task_group_decorator to 2025-01-22T19:51:54.530853+00:00, run_after=2025-01-23T19:51:54.530853+00:00
[2025-01-23T19:51:54.642+0000] {processor.py:176} INFO - Processing /home/airflow/.local/lib/python3.7/site-packages/airflow/example_dags/example_task_group_decorator.py took 0.756 seconds
[2025-01-23T19:52:24.853+0000] {processor.py:154} INFO - Started process (PID=45493) to work on /home/airflow/.local/lib/python3.7/site-packages/airflow/example_dags/example_task_group_decorator.py
[2025-01-23T19:52:24.854+0000] {processor.py:756} INFO - Processing file /home/airflow/.local/lib/python3.7/site-packages/airflow/example_dags/example_task_group_decorator.py for tasks to queue
[2025-01-23T19:52:24.867+0000] {logging_mixin.py:120} INFO - [2025-01-23T19:52:24.867+0000] {dagbag.py:537} INFO - Filling up the DagBag from /home/airflow/.local/lib/python3.7/site-packages/airflow/example_dags/example_task_group_decorator.py
[2025-01-23T19:52:25.170+0000] {processor.py:766} INFO - DAG(s) dict_keys(['example_task_group_decorator']) retrieved from /home/airflow/.local/lib/python3.7/site-packages/airflow/example_dags/example_task_group_decorator.py
[2025-01-23T19:52:25.511+0000] {logging_mixin.py:120} INFO - [2025-01-23T19:52:25.510+0000] {dag.py:2585} INFO - Sync 1 DAGs
[2025-01-23T19:52:25.736+0000] {logging_mixin.py:120} INFO - [2025-01-23T19:52:25.736+0000] {dag.py:3340} INFO - Setting next_dagrun for example_task_group_decorator to 2025-01-22T19:52:25.735493+00:00, run_after=2025-01-23T19:52:25.735493+00:00
[2025-01-23T19:52:25.850+0000] {processor.py:176} INFO - Processing /home/airflow/.local/lib/python3.7/site-packages/airflow/example_dags/example_task_group_decorator.py took 1.016 seconds
[2025-01-23T19:52:56.127+0000] {processor.py:154} INFO - Started process (PID=45547) to work on /home/airflow/.local/lib/python3.7/site-packages/airflow/example_dags/example_task_group_decorator.py
[2025-01-23T19:52:56.129+0000] {processor.py:756} INFO - Processing file /home/airflow/.local/lib/python3.7/site-packages/airflow/example_dags/example_task_group_decorator.py for tasks to queue
[2025-01-23T19:52:56.131+0000] {logging_mixin.py:120} INFO - [2025-01-23T19:52:56.130+0000] {dagbag.py:537} INFO - Filling up the DagBag from /home/airflow/.local/lib/python3.7/site-packages/airflow/example_dags/example_task_group_decorator.py
[2025-01-23T19:52:56.190+0000] {processor.py:766} INFO - DAG(s) dict_keys(['example_task_group_decorator']) retrieved from /home/airflow/.local/lib/python3.7/site-packages/airflow/example_dags/example_task_group_decorator.py
[2025-01-23T19:52:56.264+0000] {logging_mixin.py:120} INFO - [2025-01-23T19:52:56.263+0000] {dag.py:2585} INFO - Sync 1 DAGs
[2025-01-23T19:52:56.373+0000] {logging_mixin.py:120} INFO - [2025-01-23T19:52:56.373+0000] {dag.py:3340} INFO - Setting next_dagrun for example_task_group_decorator to 2025-01-22T19:52:56.372611+00:00, run_after=2025-01-23T19:52:56.372611+00:00
[2025-01-23T19:52:56.469+0000] {processor.py:176} INFO - Processing /home/airflow/.local/lib/python3.7/site-packages/airflow/example_dags/example_task_group_decorator.py took 0.347 seconds
[2025-01-23T19:53:26.958+0000] {processor.py:154} INFO - Started process (PID=45601) to work on /home/airflow/.local/lib/python3.7/site-packages/airflow/example_dags/example_task_group_decorator.py
[2025-01-23T19:53:26.960+0000] {processor.py:756} INFO - Processing file /home/airflow/.local/lib/python3.7/site-packages/airflow/example_dags/example_task_group_decorator.py for tasks to queue
[2025-01-23T19:53:26.962+0000] {logging_mixin.py:120} INFO - [2025-01-23T19:53:26.962+0000] {dagbag.py:537} INFO - Filling up the DagBag from /home/airflow/.local/lib/python3.7/site-packages/airflow/example_dags/example_task_group_decorator.py
[2025-01-23T19:53:27.013+0000] {processor.py:766} INFO - DAG(s) dict_keys(['example_task_group_decorator']) retrieved from /home/airflow/.local/lib/python3.7/site-packages/airflow/example_dags/example_task_group_decorator.py
[2025-01-23T19:53:27.083+0000] {logging_mixin.py:120} INFO - [2025-01-23T19:53:27.083+0000] {dag.py:2585} INFO - Sync 1 DAGs
[2025-01-23T19:53:27.131+0000] {logging_mixin.py:120} INFO - [2025-01-23T19:53:27.131+0000] {dag.py:3340} INFO - Setting next_dagrun for example_task_group_decorator to 2025-01-22T19:53:27.130689+00:00, run_after=2025-01-23T19:53:27.130689+00:00
[2025-01-23T19:53:27.170+0000] {processor.py:176} INFO - Processing /home/airflow/.local/lib/python3.7/site-packages/airflow/example_dags/example_task_group_decorator.py took 0.217 seconds
[2025-01-23T19:53:57.645+0000] {processor.py:154} INFO - Started process (PID=45664) to work on /home/airflow/.local/lib/python3.7/site-packages/airflow/example_dags/example_task_group_decorator.py
[2025-01-23T19:53:57.647+0000] {processor.py:756} INFO - Processing file /home/airflow/.local/lib/python3.7/site-packages/airflow/example_dags/example_task_group_decorator.py for tasks to queue
[2025-01-23T19:53:57.648+0000] {logging_mixin.py:120} INFO - [2025-01-23T19:53:57.648+0000] {dagbag.py:537} INFO - Filling up the DagBag from /home/airflow/.local/lib/python3.7/site-packages/airflow/example_dags/example_task_group_decorator.py
[2025-01-23T19:53:57.702+0000] {processor.py:766} INFO - DAG(s) dict_keys(['example_task_group_decorator']) retrieved from /home/airflow/.local/lib/python3.7/site-packages/airflow/example_dags/example_task_group_decorator.py
[2025-01-23T19:53:57.785+0000] {logging_mixin.py:120} INFO - [2025-01-23T19:53:57.785+0000] {dag.py:2585} INFO - Sync 1 DAGs
[2025-01-23T19:53:57.827+0000] {logging_mixin.py:120} INFO - [2025-01-23T19:53:57.827+0000] {dag.py:3340} INFO - Setting next_dagrun for example_task_group_decorator to 2025-01-22T19:53:57.827295+00:00, run_after=2025-01-23T19:53:57.827295+00:00
[2025-01-23T19:53:57.871+0000] {processor.py:176} INFO - Processing /home/airflow/.local/lib/python3.7/site-packages/airflow/example_dags/example_task_group_decorator.py took 0.231 seconds
[2025-01-23T19:54:28.506+0000] {processor.py:154} INFO - Started process (PID=45718) to work on /home/airflow/.local/lib/python3.7/site-packages/airflow/example_dags/example_task_group_decorator.py
[2025-01-23T19:54:28.511+0000] {processor.py:756} INFO - Processing file /home/airflow/.local/lib/python3.7/site-packages/airflow/example_dags/example_task_group_decorator.py for tasks to queue
[2025-01-23T19:54:28.513+0000] {logging_mixin.py:120} INFO - [2025-01-23T19:54:28.513+0000] {dagbag.py:537} INFO - Filling up the DagBag from /home/airflow/.local/lib/python3.7/site-packages/airflow/example_dags/example_task_group_decorator.py
[2025-01-23T19:54:28.663+0000] {processor.py:766} INFO - DAG(s) dict_keys(['example_task_group_decorator']) retrieved from /home/airflow/.local/lib/python3.7/site-packages/airflow/example_dags/example_task_group_decorator.py
[2025-01-23T19:54:28.822+0000] {logging_mixin.py:120} INFO - [2025-01-23T19:54:28.822+0000] {dag.py:2585} INFO - Sync 1 DAGs
[2025-01-23T19:54:28.906+0000] {logging_mixin.py:120} INFO - [2025-01-23T19:54:28.906+0000] {dag.py:3340} INFO - Setting next_dagrun for example_task_group_decorator to 2025-01-22T19:54:28.905749+00:00, run_after=2025-01-23T19:54:28.905749+00:00
[2025-01-23T19:54:28.975+0000] {processor.py:176} INFO - Processing /home/airflow/.local/lib/python3.7/site-packages/airflow/example_dags/example_task_group_decorator.py took 0.481 seconds
[2025-01-23T19:54:59.406+0000] {processor.py:154} INFO - Started process (PID=45771) to work on /home/airflow/.local/lib/python3.7/site-packages/airflow/example_dags/example_task_group_decorator.py
[2025-01-23T19:54:59.410+0000] {processor.py:756} INFO - Processing file /home/airflow/.local/lib/python3.7/site-packages/airflow/example_dags/example_task_group_decorator.py for tasks to queue
[2025-01-23T19:54:59.415+0000] {logging_mixin.py:120} INFO - [2025-01-23T19:54:59.414+0000] {dagbag.py:537} INFO - Filling up the DagBag from /home/airflow/.local/lib/python3.7/site-packages/airflow/example_dags/example_task_group_decorator.py
[2025-01-23T19:54:59.495+0000] {processor.py:766} INFO - DAG(s) dict_keys(['example_task_group_decorator']) retrieved from /home/airflow/.local/lib/python3.7/site-packages/airflow/example_dags/example_task_group_decorator.py
[2025-01-23T19:54:59.573+0000] {logging_mixin.py:120} INFO - [2025-01-23T19:54:59.573+0000] {dag.py:2585} INFO - Sync 1 DAGs
[2025-01-23T19:54:59.627+0000] {logging_mixin.py:120} INFO - [2025-01-23T19:54:59.627+0000] {dag.py:3340} INFO - Setting next_dagrun for example_task_group_decorator to 2025-01-22T19:54:59.626646+00:00, run_after=2025-01-23T19:54:59.626646+00:00
[2025-01-23T19:54:59.671+0000] {processor.py:176} INFO - Processing /home/airflow/.local/lib/python3.7/site-packages/airflow/example_dags/example_task_group_decorator.py took 0.282 seconds
[2025-01-23T19:55:30.213+0000] {processor.py:154} INFO - Started process (PID=45826) to work on /home/airflow/.local/lib/python3.7/site-packages/airflow/example_dags/example_task_group_decorator.py
[2025-01-23T19:55:30.219+0000] {processor.py:756} INFO - Processing file /home/airflow/.local/lib/python3.7/site-packages/airflow/example_dags/example_task_group_decorator.py for tasks to queue
[2025-01-23T19:55:30.224+0000] {logging_mixin.py:120} INFO - [2025-01-23T19:55:30.223+0000] {dagbag.py:537} INFO - Filling up the DagBag from /home/airflow/.local/lib/python3.7/site-packages/airflow/example_dags/example_task_group_decorator.py
[2025-01-23T19:55:30.350+0000] {processor.py:766} INFO - DAG(s) dict_keys(['example_task_group_decorator']) retrieved from /home/airflow/.local/lib/python3.7/site-packages/airflow/example_dags/example_task_group_decorator.py
[2025-01-23T19:55:30.423+0000] {logging_mixin.py:120} INFO - [2025-01-23T19:55:30.423+0000] {dag.py:2585} INFO - Sync 1 DAGs
[2025-01-23T19:55:30.472+0000] {logging_mixin.py:120} INFO - [2025-01-23T19:55:30.472+0000] {dag.py:3340} INFO - Setting next_dagrun for example_task_group_decorator to 2025-01-22T19:55:30.471652+00:00, run_after=2025-01-23T19:55:30.471652+00:00
[2025-01-23T19:55:30.514+0000] {processor.py:176} INFO - Processing /home/airflow/.local/lib/python3.7/site-packages/airflow/example_dags/example_task_group_decorator.py took 0.323 seconds
[2025-01-23T19:56:03.104+0000] {processor.py:154} INFO - Started process (PID=45889) to work on /home/airflow/.local/lib/python3.7/site-packages/airflow/example_dags/example_task_group_decorator.py
[2025-01-23T19:56:03.122+0000] {processor.py:756} INFO - Processing file /home/airflow/.local/lib/python3.7/site-packages/airflow/example_dags/example_task_group_decorator.py for tasks to queue
[2025-01-23T19:56:03.124+0000] {logging_mixin.py:120} INFO - [2025-01-23T19:56:03.124+0000] {dagbag.py:537} INFO - Filling up the DagBag from /home/airflow/.local/lib/python3.7/site-packages/airflow/example_dags/example_task_group_decorator.py
[2025-01-23T19:56:03.355+0000] {processor.py:766} INFO - DAG(s) dict_keys(['example_task_group_decorator']) retrieved from /home/airflow/.local/lib/python3.7/site-packages/airflow/example_dags/example_task_group_decorator.py
[2025-01-23T19:56:03.805+0000] {logging_mixin.py:120} INFO - [2025-01-23T19:56:03.805+0000] {dag.py:2585} INFO - Sync 1 DAGs
[2025-01-23T19:56:03.988+0000] {logging_mixin.py:120} INFO - [2025-01-23T19:56:03.988+0000] {dag.py:3340} INFO - Setting next_dagrun for example_task_group_decorator to 2025-01-22T19:56:03.987709+00:00, run_after=2025-01-23T19:56:03.987709+00:00
[2025-01-23T19:56:04.213+0000] {processor.py:176} INFO - Processing /home/airflow/.local/lib/python3.7/site-packages/airflow/example_dags/example_task_group_decorator.py took 1.126 seconds
[2025-01-23T19:56:34.453+0000] {processor.py:154} INFO - Started process (PID=45943) to work on /home/airflow/.local/lib/python3.7/site-packages/airflow/example_dags/example_task_group_decorator.py
[2025-01-23T19:56:34.456+0000] {processor.py:756} INFO - Processing file /home/airflow/.local/lib/python3.7/site-packages/airflow/example_dags/example_task_group_decorator.py for tasks to queue
[2025-01-23T19:56:34.457+0000] {logging_mixin.py:120} INFO - [2025-01-23T19:56:34.457+0000] {dagbag.py:537} INFO - Filling up the DagBag from /home/airflow/.local/lib/python3.7/site-packages/airflow/example_dags/example_task_group_decorator.py
[2025-01-23T19:56:34.524+0000] {processor.py:766} INFO - DAG(s) dict_keys(['example_task_group_decorator']) retrieved from /home/airflow/.local/lib/python3.7/site-packages/airflow/example_dags/example_task_group_decorator.py
[2025-01-23T19:56:34.621+0000] {logging_mixin.py:120} INFO - [2025-01-23T19:56:34.620+0000] {dag.py:2585} INFO - Sync 1 DAGs
[2025-01-23T19:56:34.680+0000] {logging_mixin.py:120} INFO - [2025-01-23T19:56:34.680+0000] {dag.py:3340} INFO - Setting next_dagrun for example_task_group_decorator to 2025-01-22T19:56:34.680030+00:00, run_after=2025-01-23T19:56:34.680030+00:00
[2025-01-23T19:56:34.723+0000] {processor.py:176} INFO - Processing /home/airflow/.local/lib/python3.7/site-packages/airflow/example_dags/example_task_group_decorator.py took 0.275 seconds
[2025-01-23T19:57:04.907+0000] {processor.py:154} INFO - Started process (PID=45997) to work on /home/airflow/.local/lib/python3.7/site-packages/airflow/example_dags/example_task_group_decorator.py
[2025-01-23T19:57:04.909+0000] {processor.py:756} INFO - Processing file /home/airflow/.local/lib/python3.7/site-packages/airflow/example_dags/example_task_group_decorator.py for tasks to queue
[2025-01-23T19:57:04.910+0000] {logging_mixin.py:120} INFO - [2025-01-23T19:57:04.910+0000] {dagbag.py:537} INFO - Filling up the DagBag from /home/airflow/.local/lib/python3.7/site-packages/airflow/example_dags/example_task_group_decorator.py
[2025-01-23T19:57:04.964+0000] {processor.py:766} INFO - DAG(s) dict_keys(['example_task_group_decorator']) retrieved from /home/airflow/.local/lib/python3.7/site-packages/airflow/example_dags/example_task_group_decorator.py
[2025-01-23T19:57:05.035+0000] {logging_mixin.py:120} INFO - [2025-01-23T19:57:05.035+0000] {dag.py:2585} INFO - Sync 1 DAGs
[2025-01-23T19:57:05.082+0000] {logging_mixin.py:120} INFO - [2025-01-23T19:57:05.082+0000] {dag.py:3340} INFO - Setting next_dagrun for example_task_group_decorator to 2025-01-22T19:57:05.081860+00:00, run_after=2025-01-23T19:57:05.081860+00:00
[2025-01-23T19:57:05.120+0000] {processor.py:176} INFO - Processing /home/airflow/.local/lib/python3.7/site-packages/airflow/example_dags/example_task_group_decorator.py took 0.219 seconds
[2025-01-23T19:57:35.473+0000] {processor.py:154} INFO - Started process (PID=46051) to work on /home/airflow/.local/lib/python3.7/site-packages/airflow/example_dags/example_task_group_decorator.py
[2025-01-23T19:57:35.475+0000] {processor.py:756} INFO - Processing file /home/airflow/.local/lib/python3.7/site-packages/airflow/example_dags/example_task_group_decorator.py for tasks to queue
[2025-01-23T19:57:35.476+0000] {logging_mixin.py:120} INFO - [2025-01-23T19:57:35.476+0000] {dagbag.py:537} INFO - Filling up the DagBag from /home/airflow/.local/lib/python3.7/site-packages/airflow/example_dags/example_task_group_decorator.py
[2025-01-23T19:57:35.529+0000] {processor.py:766} INFO - DAG(s) dict_keys(['example_task_group_decorator']) retrieved from /home/airflow/.local/lib/python3.7/site-packages/airflow/example_dags/example_task_group_decorator.py
[2025-01-23T19:57:35.623+0000] {logging_mixin.py:120} INFO - [2025-01-23T19:57:35.623+0000] {dag.py:2585} INFO - Sync 1 DAGs
[2025-01-23T19:57:35.705+0000] {logging_mixin.py:120} INFO - [2025-01-23T19:57:35.704+0000] {dag.py:3340} INFO - Setting next_dagrun for example_task_group_decorator to 2025-01-22T19:57:35.704384+00:00, run_after=2025-01-23T19:57:35.704384+00:00
[2025-01-23T19:57:35.760+0000] {processor.py:176} INFO - Processing /home/airflow/.local/lib/python3.7/site-packages/airflow/example_dags/example_task_group_decorator.py took 0.293 seconds
[2025-01-23T19:58:05.881+0000] {processor.py:154} INFO - Started process (PID=46114) to work on /home/airflow/.local/lib/python3.7/site-packages/airflow/example_dags/example_task_group_decorator.py
[2025-01-23T19:58:05.885+0000] {processor.py:756} INFO - Processing file /home/airflow/.local/lib/python3.7/site-packages/airflow/example_dags/example_task_group_decorator.py for tasks to queue
[2025-01-23T19:58:05.888+0000] {logging_mixin.py:120} INFO - [2025-01-23T19:58:05.887+0000] {dagbag.py:537} INFO - Filling up the DagBag from /home/airflow/.local/lib/python3.7/site-packages/airflow/example_dags/example_task_group_decorator.py
[2025-01-23T19:58:05.973+0000] {processor.py:766} INFO - DAG(s) dict_keys(['example_task_group_decorator']) retrieved from /home/airflow/.local/lib/python3.7/site-packages/airflow/example_dags/example_task_group_decorator.py
[2025-01-23T19:58:06.069+0000] {logging_mixin.py:120} INFO - [2025-01-23T19:58:06.069+0000] {dag.py:2585} INFO - Sync 1 DAGs
[2025-01-23T19:58:06.134+0000] {logging_mixin.py:120} INFO - [2025-01-23T19:58:06.133+0000] {dag.py:3340} INFO - Setting next_dagrun for example_task_group_decorator to 2025-01-22T19:58:06.132947+00:00, run_after=2025-01-23T19:58:06.132947+00:00
[2025-01-23T19:58:06.184+0000] {processor.py:176} INFO - Processing /home/airflow/.local/lib/python3.7/site-packages/airflow/example_dags/example_task_group_decorator.py took 0.313 seconds
[2025-01-23T19:58:36.659+0000] {processor.py:154} INFO - Started process (PID=46168) to work on /home/airflow/.local/lib/python3.7/site-packages/airflow/example_dags/example_task_group_decorator.py
[2025-01-23T19:58:36.670+0000] {processor.py:756} INFO - Processing file /home/airflow/.local/lib/python3.7/site-packages/airflow/example_dags/example_task_group_decorator.py for tasks to queue
[2025-01-23T19:58:36.675+0000] {logging_mixin.py:120} INFO - [2025-01-23T19:58:36.674+0000] {dagbag.py:537} INFO - Filling up the DagBag from /home/airflow/.local/lib/python3.7/site-packages/airflow/example_dags/example_task_group_decorator.py
[2025-01-23T19:58:36.811+0000] {processor.py:766} INFO - DAG(s) dict_keys(['example_task_group_decorator']) retrieved from /home/airflow/.local/lib/python3.7/site-packages/airflow/example_dags/example_task_group_decorator.py
[2025-01-23T19:58:36.966+0000] {logging_mixin.py:120} INFO - [2025-01-23T19:58:36.966+0000] {dag.py:2585} INFO - Sync 1 DAGs
[2025-01-23T19:58:37.109+0000] {logging_mixin.py:120} INFO - [2025-01-23T19:58:37.109+0000] {dag.py:3340} INFO - Setting next_dagrun for example_task_group_decorator to 2025-01-22T19:58:37.109076+00:00, run_after=2025-01-23T19:58:37.109076+00:00
[2025-01-23T19:58:37.184+0000] {processor.py:176} INFO - Processing /home/airflow/.local/lib/python3.7/site-packages/airflow/example_dags/example_task_group_decorator.py took 0.544 seconds
[2025-01-23T19:59:07.835+0000] {processor.py:154} INFO - Started process (PID=46222) to work on /home/airflow/.local/lib/python3.7/site-packages/airflow/example_dags/example_task_group_decorator.py
[2025-01-23T19:59:07.837+0000] {processor.py:756} INFO - Processing file /home/airflow/.local/lib/python3.7/site-packages/airflow/example_dags/example_task_group_decorator.py for tasks to queue
[2025-01-23T19:59:07.839+0000] {logging_mixin.py:120} INFO - [2025-01-23T19:59:07.839+0000] {dagbag.py:537} INFO - Filling up the DagBag from /home/airflow/.local/lib/python3.7/site-packages/airflow/example_dags/example_task_group_decorator.py
[2025-01-23T19:59:07.891+0000] {processor.py:766} INFO - DAG(s) dict_keys(['example_task_group_decorator']) retrieved from /home/airflow/.local/lib/python3.7/site-packages/airflow/example_dags/example_task_group_decorator.py
[2025-01-23T19:59:07.981+0000] {logging_mixin.py:120} INFO - [2025-01-23T19:59:07.980+0000] {dag.py:2585} INFO - Sync 1 DAGs
[2025-01-23T19:59:08.045+0000] {logging_mixin.py:120} INFO - [2025-01-23T19:59:08.044+0000] {dag.py:3340} INFO - Setting next_dagrun for example_task_group_decorator to 2025-01-22T19:59:08.044478+00:00, run_after=2025-01-23T19:59:08.044478+00:00
[2025-01-23T19:59:08.084+0000] {processor.py:176} INFO - Processing /home/airflow/.local/lib/python3.7/site-packages/airflow/example_dags/example_task_group_decorator.py took 0.254 seconds
[2025-01-23T19:59:38.444+0000] {processor.py:154} INFO - Started process (PID=46286) to work on /home/airflow/.local/lib/python3.7/site-packages/airflow/example_dags/example_task_group_decorator.py
[2025-01-23T19:59:38.447+0000] {processor.py:756} INFO - Processing file /home/airflow/.local/lib/python3.7/site-packages/airflow/example_dags/example_task_group_decorator.py for tasks to queue
[2025-01-23T19:59:38.449+0000] {logging_mixin.py:120} INFO - [2025-01-23T19:59:38.448+0000] {dagbag.py:537} INFO - Filling up the DagBag from /home/airflow/.local/lib/python3.7/site-packages/airflow/example_dags/example_task_group_decorator.py
[2025-01-23T19:59:38.515+0000] {processor.py:766} INFO - DAG(s) dict_keys(['example_task_group_decorator']) retrieved from /home/airflow/.local/lib/python3.7/site-packages/airflow/example_dags/example_task_group_decorator.py
[2025-01-23T19:59:38.603+0000] {logging_mixin.py:120} INFO - [2025-01-23T19:59:38.603+0000] {dag.py:2585} INFO - Sync 1 DAGs
[2025-01-23T19:59:38.669+0000] {logging_mixin.py:120} INFO - [2025-01-23T19:59:38.669+0000] {dag.py:3340} INFO - Setting next_dagrun for example_task_group_decorator to 2025-01-22T19:59:38.668836+00:00, run_after=2025-01-23T19:59:38.668836+00:00
[2025-01-23T19:59:38.718+0000] {processor.py:176} INFO - Processing /home/airflow/.local/lib/python3.7/site-packages/airflow/example_dags/example_task_group_decorator.py took 0.280 seconds
[2025-01-23T20:00:08.784+0000] {processor.py:154} INFO - Started process (PID=46341) to work on /home/airflow/.local/lib/python3.7/site-packages/airflow/example_dags/example_task_group_decorator.py
[2025-01-23T20:00:08.786+0000] {processor.py:756} INFO - Processing file /home/airflow/.local/lib/python3.7/site-packages/airflow/example_dags/example_task_group_decorator.py for tasks to queue
[2025-01-23T20:00:08.788+0000] {logging_mixin.py:120} INFO - [2025-01-23T20:00:08.787+0000] {dagbag.py:537} INFO - Filling up the DagBag from /home/airflow/.local/lib/python3.7/site-packages/airflow/example_dags/example_task_group_decorator.py
[2025-01-23T20:00:08.843+0000] {processor.py:766} INFO - DAG(s) dict_keys(['example_task_group_decorator']) retrieved from /home/airflow/.local/lib/python3.7/site-packages/airflow/example_dags/example_task_group_decorator.py
[2025-01-23T20:00:08.914+0000] {logging_mixin.py:120} INFO - [2025-01-23T20:00:08.914+0000] {dag.py:2585} INFO - Sync 1 DAGs
[2025-01-23T20:00:08.960+0000] {logging_mixin.py:120} INFO - [2025-01-23T20:00:08.960+0000] {dag.py:3340} INFO - Setting next_dagrun for example_task_group_decorator to 2025-01-22T20:00:08.959710+00:00, run_after=2025-01-23T20:00:08.959710+00:00
[2025-01-23T20:00:08.998+0000] {processor.py:176} INFO - Processing /home/airflow/.local/lib/python3.7/site-packages/airflow/example_dags/example_task_group_decorator.py took 0.221 seconds
[2025-01-23T20:00:39.147+0000] {processor.py:154} INFO - Started process (PID=46395) to work on /home/airflow/.local/lib/python3.7/site-packages/airflow/example_dags/example_task_group_decorator.py
[2025-01-23T20:00:39.149+0000] {processor.py:756} INFO - Processing file /home/airflow/.local/lib/python3.7/site-packages/airflow/example_dags/example_task_group_decorator.py for tasks to queue
[2025-01-23T20:00:39.151+0000] {logging_mixin.py:120} INFO - [2025-01-23T20:00:39.150+0000] {dagbag.py:537} INFO - Filling up the DagBag from /home/airflow/.local/lib/python3.7/site-packages/airflow/example_dags/example_task_group_decorator.py
[2025-01-23T20:00:39.233+0000] {processor.py:766} INFO - DAG(s) dict_keys(['example_task_group_decorator']) retrieved from /home/airflow/.local/lib/python3.7/site-packages/airflow/example_dags/example_task_group_decorator.py
[2025-01-23T20:00:39.313+0000] {logging_mixin.py:120} INFO - [2025-01-23T20:00:39.313+0000] {dag.py:2585} INFO - Sync 1 DAGs
[2025-01-23T20:00:39.384+0000] {logging_mixin.py:120} INFO - [2025-01-23T20:00:39.384+0000] {dag.py:3340} INFO - Setting next_dagrun for example_task_group_decorator to 2025-01-22T20:00:39.383334+00:00, run_after=2025-01-23T20:00:39.383334+00:00
[2025-01-23T20:00:39.439+0000] {processor.py:176} INFO - Processing /home/airflow/.local/lib/python3.7/site-packages/airflow/example_dags/example_task_group_decorator.py took 0.300 seconds
[2025-01-23T20:01:10.233+0000] {processor.py:154} INFO - Started process (PID=46459) to work on /home/airflow/.local/lib/python3.7/site-packages/airflow/example_dags/example_task_group_decorator.py
[2025-01-23T20:01:10.235+0000] {processor.py:756} INFO - Processing file /home/airflow/.local/lib/python3.7/site-packages/airflow/example_dags/example_task_group_decorator.py for tasks to queue
[2025-01-23T20:01:10.238+0000] {logging_mixin.py:120} INFO - [2025-01-23T20:01:10.237+0000] {dagbag.py:537} INFO - Filling up the DagBag from /home/airflow/.local/lib/python3.7/site-packages/airflow/example_dags/example_task_group_decorator.py
[2025-01-23T20:01:10.294+0000] {processor.py:766} INFO - DAG(s) dict_keys(['example_task_group_decorator']) retrieved from /home/airflow/.local/lib/python3.7/site-packages/airflow/example_dags/example_task_group_decorator.py
[2025-01-23T20:01:10.372+0000] {logging_mixin.py:120} INFO - [2025-01-23T20:01:10.372+0000] {dag.py:2585} INFO - Sync 1 DAGs
[2025-01-23T20:01:10.443+0000] {logging_mixin.py:120} INFO - [2025-01-23T20:01:10.443+0000] {dag.py:3340} INFO - Setting next_dagrun for example_task_group_decorator to 2025-01-22T20:01:10.442795+00:00, run_after=2025-01-23T20:01:10.442795+00:00
[2025-01-23T20:01:10.488+0000] {processor.py:176} INFO - Processing /home/airflow/.local/lib/python3.7/site-packages/airflow/example_dags/example_task_group_decorator.py took 0.261 seconds
[2025-01-23T20:01:41.240+0000] {processor.py:154} INFO - Started process (PID=46513) to work on /home/airflow/.local/lib/python3.7/site-packages/airflow/example_dags/example_task_group_decorator.py
[2025-01-23T20:01:41.242+0000] {processor.py:756} INFO - Processing file /home/airflow/.local/lib/python3.7/site-packages/airflow/example_dags/example_task_group_decorator.py for tasks to queue
[2025-01-23T20:01:41.243+0000] {logging_mixin.py:120} INFO - [2025-01-23T20:01:41.243+0000] {dagbag.py:537} INFO - Filling up the DagBag from /home/airflow/.local/lib/python3.7/site-packages/airflow/example_dags/example_task_group_decorator.py
[2025-01-23T20:01:41.299+0000] {processor.py:766} INFO - DAG(s) dict_keys(['example_task_group_decorator']) retrieved from /home/airflow/.local/lib/python3.7/site-packages/airflow/example_dags/example_task_group_decorator.py
[2025-01-23T20:01:41.387+0000] {logging_mixin.py:120} INFO - [2025-01-23T20:01:41.386+0000] {dag.py:2585} INFO - Sync 1 DAGs
[2025-01-23T20:01:41.437+0000] {logging_mixin.py:120} INFO - [2025-01-23T20:01:41.436+0000] {dag.py:3340} INFO - Setting next_dagrun for example_task_group_decorator to 2025-01-22T20:01:41.436416+00:00, run_after=2025-01-23T20:01:41.436416+00:00
[2025-01-23T20:01:41.479+0000] {processor.py:176} INFO - Processing /home/airflow/.local/lib/python3.7/site-packages/airflow/example_dags/example_task_group_decorator.py took 0.246 seconds
[2025-01-23T20:02:11.851+0000] {processor.py:154} INFO - Started process (PID=46576) to work on /home/airflow/.local/lib/python3.7/site-packages/airflow/example_dags/example_task_group_decorator.py
[2025-01-23T20:02:11.852+0000] {processor.py:756} INFO - Processing file /home/airflow/.local/lib/python3.7/site-packages/airflow/example_dags/example_task_group_decorator.py for tasks to queue
[2025-01-23T20:02:11.853+0000] {logging_mixin.py:120} INFO - [2025-01-23T20:02:11.853+0000] {dagbag.py:537} INFO - Filling up the DagBag from /home/airflow/.local/lib/python3.7/site-packages/airflow/example_dags/example_task_group_decorator.py
[2025-01-23T20:02:11.907+0000] {processor.py:766} INFO - DAG(s) dict_keys(['example_task_group_decorator']) retrieved from /home/airflow/.local/lib/python3.7/site-packages/airflow/example_dags/example_task_group_decorator.py
[2025-01-23T20:02:11.993+0000] {logging_mixin.py:120} INFO - [2025-01-23T20:02:11.992+0000] {dag.py:2585} INFO - Sync 1 DAGs
[2025-01-23T20:02:12.060+0000] {logging_mixin.py:120} INFO - [2025-01-23T20:02:12.060+0000] {dag.py:3340} INFO - Setting next_dagrun for example_task_group_decorator to 2025-01-22T20:02:12.059592+00:00, run_after=2025-01-23T20:02:12.059592+00:00
[2025-01-23T20:02:12.103+0000] {processor.py:176} INFO - Processing /home/airflow/.local/lib/python3.7/site-packages/airflow/example_dags/example_task_group_decorator.py took 0.258 seconds
[2025-01-23T20:02:42.664+0000] {processor.py:154} INFO - Started process (PID=46630) to work on /home/airflow/.local/lib/python3.7/site-packages/airflow/example_dags/example_task_group_decorator.py
[2025-01-23T20:02:42.666+0000] {processor.py:756} INFO - Processing file /home/airflow/.local/lib/python3.7/site-packages/airflow/example_dags/example_task_group_decorator.py for tasks to queue
[2025-01-23T20:02:42.668+0000] {logging_mixin.py:120} INFO - [2025-01-23T20:02:42.667+0000] {dagbag.py:537} INFO - Filling up the DagBag from /home/airflow/.local/lib/python3.7/site-packages/airflow/example_dags/example_task_group_decorator.py
[2025-01-23T20:02:42.733+0000] {processor.py:766} INFO - DAG(s) dict_keys(['example_task_group_decorator']) retrieved from /home/airflow/.local/lib/python3.7/site-packages/airflow/example_dags/example_task_group_decorator.py
[2025-01-23T20:02:42.823+0000] {logging_mixin.py:120} INFO - [2025-01-23T20:02:42.823+0000] {dag.py:2585} INFO - Sync 1 DAGs
[2025-01-23T20:02:42.873+0000] {logging_mixin.py:120} INFO - [2025-01-23T20:02:42.872+0000] {dag.py:3340} INFO - Setting next_dagrun for example_task_group_decorator to 2025-01-22T20:02:42.872470+00:00, run_after=2025-01-23T20:02:42.872470+00:00
[2025-01-23T20:02:42.907+0000] {processor.py:176} INFO - Processing /home/airflow/.local/lib/python3.7/site-packages/airflow/example_dags/example_task_group_decorator.py took 0.250 seconds
[2025-01-23T20:03:14.143+0000] {processor.py:154} INFO - Started process (PID=46691) to work on /home/airflow/.local/lib/python3.7/site-packages/airflow/example_dags/example_task_group_decorator.py
[2025-01-23T20:03:14.145+0000] {processor.py:756} INFO - Processing file /home/airflow/.local/lib/python3.7/site-packages/airflow/example_dags/example_task_group_decorator.py for tasks to queue
[2025-01-23T20:03:14.146+0000] {logging_mixin.py:120} INFO - [2025-01-23T20:03:14.146+0000] {dagbag.py:537} INFO - Filling up the DagBag from /home/airflow/.local/lib/python3.7/site-packages/airflow/example_dags/example_task_group_decorator.py
[2025-01-23T20:03:14.206+0000] {processor.py:766} INFO - DAG(s) dict_keys(['example_task_group_decorator']) retrieved from /home/airflow/.local/lib/python3.7/site-packages/airflow/example_dags/example_task_group_decorator.py
[2025-01-23T20:03:14.294+0000] {logging_mixin.py:120} INFO - [2025-01-23T20:03:14.294+0000] {dag.py:2585} INFO - Sync 1 DAGs
[2025-01-23T20:03:14.354+0000] {logging_mixin.py:120} INFO - [2025-01-23T20:03:14.354+0000] {dag.py:3340} INFO - Setting next_dagrun for example_task_group_decorator to 2025-01-22T20:03:14.353917+00:00, run_after=2025-01-23T20:03:14.353917+00:00
[2025-01-23T20:03:14.393+0000] {processor.py:176} INFO - Processing /home/airflow/.local/lib/python3.7/site-packages/airflow/example_dags/example_task_group_decorator.py took 0.255 seconds
[2025-01-23T20:03:45.245+0000] {processor.py:154} INFO - Started process (PID=46747) to work on /home/airflow/.local/lib/python3.7/site-packages/airflow/example_dags/example_task_group_decorator.py
[2025-01-23T20:03:45.249+0000] {processor.py:756} INFO - Processing file /home/airflow/.local/lib/python3.7/site-packages/airflow/example_dags/example_task_group_decorator.py for tasks to queue
[2025-01-23T20:03:45.254+0000] {logging_mixin.py:120} INFO - [2025-01-23T20:03:45.254+0000] {dagbag.py:537} INFO - Filling up the DagBag from /home/airflow/.local/lib/python3.7/site-packages/airflow/example_dags/example_task_group_decorator.py
[2025-01-23T20:03:45.329+0000] {processor.py:766} INFO - DAG(s) dict_keys(['example_task_group_decorator']) retrieved from /home/airflow/.local/lib/python3.7/site-packages/airflow/example_dags/example_task_group_decorator.py
[2025-01-23T20:03:45.398+0000] {logging_mixin.py:120} INFO - [2025-01-23T20:03:45.398+0000] {dag.py:2585} INFO - Sync 1 DAGs
[2025-01-23T20:03:45.439+0000] {logging_mixin.py:120} INFO - [2025-01-23T20:03:45.439+0000] {dag.py:3340} INFO - Setting next_dagrun for example_task_group_decorator to 2025-01-22T20:03:45.439245+00:00, run_after=2025-01-23T20:03:45.439245+00:00
[2025-01-23T20:03:45.474+0000] {processor.py:176} INFO - Processing /home/airflow/.local/lib/python3.7/site-packages/airflow/example_dags/example_task_group_decorator.py took 0.241 seconds
[2025-01-23T20:04:16.127+0000] {processor.py:154} INFO - Started process (PID=46801) to work on /home/airflow/.local/lib/python3.7/site-packages/airflow/example_dags/example_task_group_decorator.py
[2025-01-23T20:04:16.132+0000] {processor.py:756} INFO - Processing file /home/airflow/.local/lib/python3.7/site-packages/airflow/example_dags/example_task_group_decorator.py for tasks to queue
[2025-01-23T20:04:16.136+0000] {logging_mixin.py:120} INFO - [2025-01-23T20:04:16.135+0000] {dagbag.py:537} INFO - Filling up the DagBag from /home/airflow/.local/lib/python3.7/site-packages/airflow/example_dags/example_task_group_decorator.py
[2025-01-23T20:04:16.292+0000] {processor.py:766} INFO - DAG(s) dict_keys(['example_task_group_decorator']) retrieved from /home/airflow/.local/lib/python3.7/site-packages/airflow/example_dags/example_task_group_decorator.py
[2025-01-23T20:04:16.502+0000] {logging_mixin.py:120} INFO - [2025-01-23T20:04:16.502+0000] {dag.py:2585} INFO - Sync 1 DAGs
[2025-01-23T20:04:16.572+0000] {logging_mixin.py:120} INFO - [2025-01-23T20:04:16.572+0000] {dag.py:3340} INFO - Setting next_dagrun for example_task_group_decorator to 2025-01-22T20:04:16.571978+00:00, run_after=2025-01-23T20:04:16.571978+00:00
[2025-01-23T20:04:16.613+0000] {processor.py:176} INFO - Processing /home/airflow/.local/lib/python3.7/site-packages/airflow/example_dags/example_task_group_decorator.py took 0.501 seconds
[2025-01-23T20:04:47.021+0000] {processor.py:154} INFO - Started process (PID=46863) to work on /home/airflow/.local/lib/python3.7/site-packages/airflow/example_dags/example_task_group_decorator.py
[2025-01-23T20:04:47.027+0000] {processor.py:756} INFO - Processing file /home/airflow/.local/lib/python3.7/site-packages/airflow/example_dags/example_task_group_decorator.py for tasks to queue
[2025-01-23T20:04:47.031+0000] {logging_mixin.py:120} INFO - [2025-01-23T20:04:47.031+0000] {dagbag.py:537} INFO - Filling up the DagBag from /home/airflow/.local/lib/python3.7/site-packages/airflow/example_dags/example_task_group_decorator.py
[2025-01-23T20:04:47.203+0000] {processor.py:766} INFO - DAG(s) dict_keys(['example_task_group_decorator']) retrieved from /home/airflow/.local/lib/python3.7/site-packages/airflow/example_dags/example_task_group_decorator.py
[2025-01-23T20:04:47.330+0000] {logging_mixin.py:120} INFO - [2025-01-23T20:04:47.330+0000] {dag.py:2585} INFO - Sync 1 DAGs
[2025-01-23T20:04:47.413+0000] {logging_mixin.py:120} INFO - [2025-01-23T20:04:47.412+0000] {dag.py:3340} INFO - Setting next_dagrun for example_task_group_decorator to 2025-01-22T20:04:47.412166+00:00, run_after=2025-01-23T20:04:47.412166+00:00
[2025-01-23T20:04:47.475+0000] {processor.py:176} INFO - Processing /home/airflow/.local/lib/python3.7/site-packages/airflow/example_dags/example_task_group_decorator.py took 0.477 seconds
[2025-01-23T20:05:17.791+0000] {processor.py:154} INFO - Started process (PID=46917) to work on /home/airflow/.local/lib/python3.7/site-packages/airflow/example_dags/example_task_group_decorator.py
[2025-01-23T20:05:17.793+0000] {processor.py:756} INFO - Processing file /home/airflow/.local/lib/python3.7/site-packages/airflow/example_dags/example_task_group_decorator.py for tasks to queue
[2025-01-23T20:05:17.794+0000] {logging_mixin.py:120} INFO - [2025-01-23T20:05:17.794+0000] {dagbag.py:537} INFO - Filling up the DagBag from /home/airflow/.local/lib/python3.7/site-packages/airflow/example_dags/example_task_group_decorator.py
[2025-01-23T20:05:17.871+0000] {processor.py:766} INFO - DAG(s) dict_keys(['example_task_group_decorator']) retrieved from /home/airflow/.local/lib/python3.7/site-packages/airflow/example_dags/example_task_group_decorator.py
[2025-01-23T20:05:17.969+0000] {logging_mixin.py:120} INFO - [2025-01-23T20:05:17.969+0000] {dag.py:2585} INFO - Sync 1 DAGs
[2025-01-23T20:05:18.024+0000] {logging_mixin.py:120} INFO - [2025-01-23T20:05:18.023+0000] {dag.py:3340} INFO - Setting next_dagrun for example_task_group_decorator to 2025-01-22T20:05:18.023532+00:00, run_after=2025-01-23T20:05:18.023532+00:00
[2025-01-23T20:05:18.058+0000] {processor.py:176} INFO - Processing /home/airflow/.local/lib/python3.7/site-packages/airflow/example_dags/example_task_group_decorator.py took 0.274 seconds
[2025-01-23T20:05:48.537+0000] {processor.py:154} INFO - Started process (PID=46981) to work on /home/airflow/.local/lib/python3.7/site-packages/airflow/example_dags/example_task_group_decorator.py
[2025-01-23T20:05:48.541+0000] {processor.py:756} INFO - Processing file /home/airflow/.local/lib/python3.7/site-packages/airflow/example_dags/example_task_group_decorator.py for tasks to queue
[2025-01-23T20:05:48.545+0000] {logging_mixin.py:120} INFO - [2025-01-23T20:05:48.545+0000] {dagbag.py:537} INFO - Filling up the DagBag from /home/airflow/.local/lib/python3.7/site-packages/airflow/example_dags/example_task_group_decorator.py
[2025-01-23T20:05:48.617+0000] {processor.py:766} INFO - DAG(s) dict_keys(['example_task_group_decorator']) retrieved from /home/airflow/.local/lib/python3.7/site-packages/airflow/example_dags/example_task_group_decorator.py
[2025-01-23T20:05:48.683+0000] {logging_mixin.py:120} INFO - [2025-01-23T20:05:48.682+0000] {dag.py:2585} INFO - Sync 1 DAGs
[2025-01-23T20:05:48.721+0000] {logging_mixin.py:120} INFO - [2025-01-23T20:05:48.721+0000] {dag.py:3340} INFO - Setting next_dagrun for example_task_group_decorator to 2025-01-22T20:05:48.721243+00:00, run_after=2025-01-23T20:05:48.721243+00:00
[2025-01-23T20:05:48.757+0000] {processor.py:176} INFO - Processing /home/airflow/.local/lib/python3.7/site-packages/airflow/example_dags/example_task_group_decorator.py took 0.242 seconds
[2025-01-23T20:06:19.248+0000] {processor.py:154} INFO - Started process (PID=47035) to work on /home/airflow/.local/lib/python3.7/site-packages/airflow/example_dags/example_task_group_decorator.py
[2025-01-23T20:06:19.252+0000] {processor.py:756} INFO - Processing file /home/airflow/.local/lib/python3.7/site-packages/airflow/example_dags/example_task_group_decorator.py for tasks to queue
[2025-01-23T20:06:19.256+0000] {logging_mixin.py:120} INFO - [2025-01-23T20:06:19.256+0000] {dagbag.py:537} INFO - Filling up the DagBag from /home/airflow/.local/lib/python3.7/site-packages/airflow/example_dags/example_task_group_decorator.py
[2025-01-23T20:06:19.375+0000] {processor.py:766} INFO - DAG(s) dict_keys(['example_task_group_decorator']) retrieved from /home/airflow/.local/lib/python3.7/site-packages/airflow/example_dags/example_task_group_decorator.py
[2025-01-23T20:06:19.478+0000] {logging_mixin.py:120} INFO - [2025-01-23T20:06:19.477+0000] {dag.py:2585} INFO - Sync 1 DAGs
[2025-01-23T20:06:19.537+0000] {logging_mixin.py:120} INFO - [2025-01-23T20:06:19.537+0000] {dag.py:3340} INFO - Setting next_dagrun for example_task_group_decorator to 2025-01-22T20:06:19.536931+00:00, run_after=2025-01-23T20:06:19.536931+00:00
[2025-01-23T20:06:19.576+0000] {processor.py:176} INFO - Processing /home/airflow/.local/lib/python3.7/site-packages/airflow/example_dags/example_task_group_decorator.py took 0.346 seconds
[2025-01-23T20:06:50.123+0000] {processor.py:154} INFO - Started process (PID=47098) to work on /home/airflow/.local/lib/python3.7/site-packages/airflow/example_dags/example_task_group_decorator.py
[2025-01-23T20:06:50.127+0000] {processor.py:756} INFO - Processing file /home/airflow/.local/lib/python3.7/site-packages/airflow/example_dags/example_task_group_decorator.py for tasks to queue
[2025-01-23T20:06:50.131+0000] {logging_mixin.py:120} INFO - [2025-01-23T20:06:50.130+0000] {dagbag.py:537} INFO - Filling up the DagBag from /home/airflow/.local/lib/python3.7/site-packages/airflow/example_dags/example_task_group_decorator.py
[2025-01-23T20:06:50.226+0000] {processor.py:766} INFO - DAG(s) dict_keys(['example_task_group_decorator']) retrieved from /home/airflow/.local/lib/python3.7/site-packages/airflow/example_dags/example_task_group_decorator.py
[2025-01-23T20:06:50.293+0000] {logging_mixin.py:120} INFO - [2025-01-23T20:06:50.292+0000] {dag.py:2585} INFO - Sync 1 DAGs
[2025-01-23T20:06:50.335+0000] {logging_mixin.py:120} INFO - [2025-01-23T20:06:50.335+0000] {dag.py:3340} INFO - Setting next_dagrun for example_task_group_decorator to 2025-01-22T20:06:50.335148+00:00, run_after=2025-01-23T20:06:50.335148+00:00
[2025-01-23T20:06:50.370+0000] {processor.py:176} INFO - Processing /home/airflow/.local/lib/python3.7/site-packages/airflow/example_dags/example_task_group_decorator.py took 0.261 seconds
[2025-01-23T20:07:20.774+0000] {processor.py:154} INFO - Started process (PID=47152) to work on /home/airflow/.local/lib/python3.7/site-packages/airflow/example_dags/example_task_group_decorator.py
[2025-01-23T20:07:20.780+0000] {processor.py:756} INFO - Processing file /home/airflow/.local/lib/python3.7/site-packages/airflow/example_dags/example_task_group_decorator.py for tasks to queue
[2025-01-23T20:07:20.784+0000] {logging_mixin.py:120} INFO - [2025-01-23T20:07:20.784+0000] {dagbag.py:537} INFO - Filling up the DagBag from /home/airflow/.local/lib/python3.7/site-packages/airflow/example_dags/example_task_group_decorator.py
[2025-01-23T20:07:20.872+0000] {processor.py:766} INFO - DAG(s) dict_keys(['example_task_group_decorator']) retrieved from /home/airflow/.local/lib/python3.7/site-packages/airflow/example_dags/example_task_group_decorator.py
[2025-01-23T20:07:20.947+0000] {logging_mixin.py:120} INFO - [2025-01-23T20:07:20.947+0000] {dag.py:2585} INFO - Sync 1 DAGs
[2025-01-23T20:07:20.986+0000] {logging_mixin.py:120} INFO - [2025-01-23T20:07:20.986+0000] {dag.py:3340} INFO - Setting next_dagrun for example_task_group_decorator to 2025-01-22T20:07:20.986275+00:00, run_after=2025-01-23T20:07:20.986275+00:00
[2025-01-23T20:07:21.019+0000] {processor.py:176} INFO - Processing /home/airflow/.local/lib/python3.7/site-packages/airflow/example_dags/example_task_group_decorator.py took 0.259 seconds
[2025-01-23T20:07:51.275+0000] {processor.py:154} INFO - Started process (PID=47214) to work on /home/airflow/.local/lib/python3.7/site-packages/airflow/example_dags/example_task_group_decorator.py
[2025-01-23T20:07:51.277+0000] {processor.py:756} INFO - Processing file /home/airflow/.local/lib/python3.7/site-packages/airflow/example_dags/example_task_group_decorator.py for tasks to queue
[2025-01-23T20:07:51.279+0000] {logging_mixin.py:120} INFO - [2025-01-23T20:07:51.278+0000] {dagbag.py:537} INFO - Filling up the DagBag from /home/airflow/.local/lib/python3.7/site-packages/airflow/example_dags/example_task_group_decorator.py
[2025-01-23T20:07:51.340+0000] {processor.py:766} INFO - DAG(s) dict_keys(['example_task_group_decorator']) retrieved from /home/airflow/.local/lib/python3.7/site-packages/airflow/example_dags/example_task_group_decorator.py
[2025-01-23T20:07:51.430+0000] {logging_mixin.py:120} INFO - [2025-01-23T20:07:51.430+0000] {dag.py:2585} INFO - Sync 1 DAGs
[2025-01-23T20:07:51.477+0000] {logging_mixin.py:120} INFO - [2025-01-23T20:07:51.477+0000] {dag.py:3340} INFO - Setting next_dagrun for example_task_group_decorator to 2025-01-22T20:07:51.476837+00:00, run_after=2025-01-23T20:07:51.476837+00:00
[2025-01-23T20:07:51.515+0000] {processor.py:176} INFO - Processing /home/airflow/.local/lib/python3.7/site-packages/airflow/example_dags/example_task_group_decorator.py took 0.247 seconds
[2025-01-23T20:08:21.998+0000] {processor.py:154} INFO - Started process (PID=47268) to work on /home/airflow/.local/lib/python3.7/site-packages/airflow/example_dags/example_task_group_decorator.py
[2025-01-23T20:08:22.001+0000] {processor.py:756} INFO - Processing file /home/airflow/.local/lib/python3.7/site-packages/airflow/example_dags/example_task_group_decorator.py for tasks to queue
[2025-01-23T20:08:22.005+0000] {logging_mixin.py:120} INFO - [2025-01-23T20:08:22.004+0000] {dagbag.py:537} INFO - Filling up the DagBag from /home/airflow/.local/lib/python3.7/site-packages/airflow/example_dags/example_task_group_decorator.py
[2025-01-23T20:08:22.090+0000] {processor.py:766} INFO - DAG(s) dict_keys(['example_task_group_decorator']) retrieved from /home/airflow/.local/lib/python3.7/site-packages/airflow/example_dags/example_task_group_decorator.py
[2025-01-23T20:08:22.161+0000] {logging_mixin.py:120} INFO - [2025-01-23T20:08:22.161+0000] {dag.py:2585} INFO - Sync 1 DAGs
[2025-01-23T20:08:22.204+0000] {logging_mixin.py:120} INFO - [2025-01-23T20:08:22.203+0000] {dag.py:3340} INFO - Setting next_dagrun for example_task_group_decorator to 2025-01-22T20:08:22.203296+00:00, run_after=2025-01-23T20:08:22.203296+00:00
[2025-01-23T20:08:22.243+0000] {processor.py:176} INFO - Processing /home/airflow/.local/lib/python3.7/site-packages/airflow/example_dags/example_task_group_decorator.py took 0.262 seconds
[2025-01-23T20:08:52.726+0000] {processor.py:154} INFO - Started process (PID=47329) to work on /home/airflow/.local/lib/python3.7/site-packages/airflow/example_dags/example_task_group_decorator.py
[2025-01-23T20:08:52.729+0000] {processor.py:756} INFO - Processing file /home/airflow/.local/lib/python3.7/site-packages/airflow/example_dags/example_task_group_decorator.py for tasks to queue
[2025-01-23T20:08:52.732+0000] {logging_mixin.py:120} INFO - [2025-01-23T20:08:52.731+0000] {dagbag.py:537} INFO - Filling up the DagBag from /home/airflow/.local/lib/python3.7/site-packages/airflow/example_dags/example_task_group_decorator.py
[2025-01-23T20:08:52.788+0000] {processor.py:766} INFO - DAG(s) dict_keys(['example_task_group_decorator']) retrieved from /home/airflow/.local/lib/python3.7/site-packages/airflow/example_dags/example_task_group_decorator.py
[2025-01-23T20:08:52.886+0000] {logging_mixin.py:120} INFO - [2025-01-23T20:08:52.885+0000] {dag.py:2585} INFO - Sync 1 DAGs
[2025-01-23T20:08:52.940+0000] {logging_mixin.py:120} INFO - [2025-01-23T20:08:52.940+0000] {dag.py:3340} INFO - Setting next_dagrun for example_task_group_decorator to 2025-01-22T20:08:52.939887+00:00, run_after=2025-01-23T20:08:52.939887+00:00
[2025-01-23T20:08:52.984+0000] {processor.py:176} INFO - Processing /home/airflow/.local/lib/python3.7/site-packages/airflow/example_dags/example_task_group_decorator.py took 0.266 seconds
[2025-01-23T20:09:23.412+0000] {processor.py:154} INFO - Started process (PID=47385) to work on /home/airflow/.local/lib/python3.7/site-packages/airflow/example_dags/example_task_group_decorator.py
[2025-01-23T20:09:23.414+0000] {processor.py:756} INFO - Processing file /home/airflow/.local/lib/python3.7/site-packages/airflow/example_dags/example_task_group_decorator.py for tasks to queue
[2025-01-23T20:09:23.415+0000] {logging_mixin.py:120} INFO - [2025-01-23T20:09:23.415+0000] {dagbag.py:537} INFO - Filling up the DagBag from /home/airflow/.local/lib/python3.7/site-packages/airflow/example_dags/example_task_group_decorator.py
[2025-01-23T20:09:23.466+0000] {processor.py:766} INFO - DAG(s) dict_keys(['example_task_group_decorator']) retrieved from /home/airflow/.local/lib/python3.7/site-packages/airflow/example_dags/example_task_group_decorator.py
[2025-01-23T20:09:23.547+0000] {logging_mixin.py:120} INFO - [2025-01-23T20:09:23.547+0000] {dag.py:2585} INFO - Sync 1 DAGs
[2025-01-23T20:09:23.592+0000] {logging_mixin.py:120} INFO - [2025-01-23T20:09:23.592+0000] {dag.py:3340} INFO - Setting next_dagrun for example_task_group_decorator to 2025-01-22T20:09:23.592189+00:00, run_after=2025-01-23T20:09:23.592189+00:00
[2025-01-23T20:09:23.635+0000] {processor.py:176} INFO - Processing /home/airflow/.local/lib/python3.7/site-packages/airflow/example_dags/example_task_group_decorator.py took 0.227 seconds
[2025-01-23T20:09:54.317+0000] {processor.py:154} INFO - Started process (PID=47439) to work on /home/airflow/.local/lib/python3.7/site-packages/airflow/example_dags/example_task_group_decorator.py
[2025-01-23T20:09:54.321+0000] {processor.py:756} INFO - Processing file /home/airflow/.local/lib/python3.7/site-packages/airflow/example_dags/example_task_group_decorator.py for tasks to queue
[2025-01-23T20:09:54.325+0000] {logging_mixin.py:120} INFO - [2025-01-23T20:09:54.324+0000] {dagbag.py:537} INFO - Filling up the DagBag from /home/airflow/.local/lib/python3.7/site-packages/airflow/example_dags/example_task_group_decorator.py
[2025-01-23T20:09:54.461+0000] {processor.py:766} INFO - DAG(s) dict_keys(['example_task_group_decorator']) retrieved from /home/airflow/.local/lib/python3.7/site-packages/airflow/example_dags/example_task_group_decorator.py
[2025-01-23T20:09:54.564+0000] {logging_mixin.py:120} INFO - [2025-01-23T20:09:54.564+0000] {dag.py:2585} INFO - Sync 1 DAGs
[2025-01-23T20:09:54.606+0000] {logging_mixin.py:120} INFO - [2025-01-23T20:09:54.606+0000] {dag.py:3340} INFO - Setting next_dagrun for example_task_group_decorator to 2025-01-22T20:09:54.606236+00:00, run_after=2025-01-23T20:09:54.606236+00:00
[2025-01-23T20:09:54.651+0000] {processor.py:176} INFO - Processing /home/airflow/.local/lib/python3.7/site-packages/airflow/example_dags/example_task_group_decorator.py took 0.346 seconds
[2025-01-23T20:10:25.338+0000] {processor.py:154} INFO - Started process (PID=47502) to work on /home/airflow/.local/lib/python3.7/site-packages/airflow/example_dags/example_task_group_decorator.py
[2025-01-23T20:10:25.341+0000] {processor.py:756} INFO - Processing file /home/airflow/.local/lib/python3.7/site-packages/airflow/example_dags/example_task_group_decorator.py for tasks to queue
[2025-01-23T20:10:25.343+0000] {logging_mixin.py:120} INFO - [2025-01-23T20:10:25.343+0000] {dagbag.py:537} INFO - Filling up the DagBag from /home/airflow/.local/lib/python3.7/site-packages/airflow/example_dags/example_task_group_decorator.py
[2025-01-23T20:10:25.412+0000] {processor.py:766} INFO - DAG(s) dict_keys(['example_task_group_decorator']) retrieved from /home/airflow/.local/lib/python3.7/site-packages/airflow/example_dags/example_task_group_decorator.py
[2025-01-23T20:10:25.487+0000] {logging_mixin.py:120} INFO - [2025-01-23T20:10:25.487+0000] {dag.py:2585} INFO - Sync 1 DAGs
[2025-01-23T20:10:25.530+0000] {logging_mixin.py:120} INFO - [2025-01-23T20:10:25.530+0000] {dag.py:3340} INFO - Setting next_dagrun for example_task_group_decorator to 2025-01-22T20:10:25.529795+00:00, run_after=2025-01-23T20:10:25.529795+00:00
[2025-01-23T20:10:25.569+0000] {processor.py:176} INFO - Processing /home/airflow/.local/lib/python3.7/site-packages/airflow/example_dags/example_task_group_decorator.py took 0.239 seconds
[2025-01-23T20:10:56.193+0000] {processor.py:154} INFO - Started process (PID=47556) to work on /home/airflow/.local/lib/python3.7/site-packages/airflow/example_dags/example_task_group_decorator.py
[2025-01-23T20:10:56.197+0000] {processor.py:756} INFO - Processing file /home/airflow/.local/lib/python3.7/site-packages/airflow/example_dags/example_task_group_decorator.py for tasks to queue
[2025-01-23T20:10:56.201+0000] {logging_mixin.py:120} INFO - [2025-01-23T20:10:56.200+0000] {dagbag.py:537} INFO - Filling up the DagBag from /home/airflow/.local/lib/python3.7/site-packages/airflow/example_dags/example_task_group_decorator.py
[2025-01-23T20:10:56.343+0000] {processor.py:766} INFO - DAG(s) dict_keys(['example_task_group_decorator']) retrieved from /home/airflow/.local/lib/python3.7/site-packages/airflow/example_dags/example_task_group_decorator.py
[2025-01-23T20:10:56.530+0000] {logging_mixin.py:120} INFO - [2025-01-23T20:10:56.529+0000] {dag.py:2585} INFO - Sync 1 DAGs
[2025-01-23T20:10:56.645+0000] {logging_mixin.py:120} INFO - [2025-01-23T20:10:56.645+0000] {dag.py:3340} INFO - Setting next_dagrun for example_task_group_decorator to 2025-01-22T20:10:56.643902+00:00, run_after=2025-01-23T20:10:56.643902+00:00
[2025-01-23T20:10:56.730+0000] {processor.py:176} INFO - Processing /home/airflow/.local/lib/python3.7/site-packages/airflow/example_dags/example_task_group_decorator.py took 0.550 seconds
[2025-01-23T20:11:27.482+0000] {processor.py:154} INFO - Started process (PID=47618) to work on /home/airflow/.local/lib/python3.7/site-packages/airflow/example_dags/example_task_group_decorator.py
[2025-01-23T20:11:27.486+0000] {processor.py:756} INFO - Processing file /home/airflow/.local/lib/python3.7/site-packages/airflow/example_dags/example_task_group_decorator.py for tasks to queue
[2025-01-23T20:11:27.491+0000] {logging_mixin.py:120} INFO - [2025-01-23T20:11:27.490+0000] {dagbag.py:537} INFO - Filling up the DagBag from /home/airflow/.local/lib/python3.7/site-packages/airflow/example_dags/example_task_group_decorator.py
[2025-01-23T20:11:27.607+0000] {processor.py:766} INFO - DAG(s) dict_keys(['example_task_group_decorator']) retrieved from /home/airflow/.local/lib/python3.7/site-packages/airflow/example_dags/example_task_group_decorator.py
[2025-01-23T20:11:27.703+0000] {logging_mixin.py:120} INFO - [2025-01-23T20:11:27.703+0000] {dag.py:2585} INFO - Sync 1 DAGs
[2025-01-23T20:11:27.755+0000] {logging_mixin.py:120} INFO - [2025-01-23T20:11:27.755+0000] {dag.py:3340} INFO - Setting next_dagrun for example_task_group_decorator to 2025-01-22T20:11:27.755404+00:00, run_after=2025-01-23T20:11:27.755404+00:00
[2025-01-23T20:11:27.798+0000] {processor.py:176} INFO - Processing /home/airflow/.local/lib/python3.7/site-packages/airflow/example_dags/example_task_group_decorator.py took 0.335 seconds
[2025-01-23T20:11:58.165+0000] {processor.py:154} INFO - Started process (PID=47672) to work on /home/airflow/.local/lib/python3.7/site-packages/airflow/example_dags/example_task_group_decorator.py
[2025-01-23T20:11:58.169+0000] {processor.py:756} INFO - Processing file /home/airflow/.local/lib/python3.7/site-packages/airflow/example_dags/example_task_group_decorator.py for tasks to queue
[2025-01-23T20:11:58.173+0000] {logging_mixin.py:120} INFO - [2025-01-23T20:11:58.172+0000] {dagbag.py:537} INFO - Filling up the DagBag from /home/airflow/.local/lib/python3.7/site-packages/airflow/example_dags/example_task_group_decorator.py
[2025-01-23T20:11:58.247+0000] {processor.py:766} INFO - DAG(s) dict_keys(['example_task_group_decorator']) retrieved from /home/airflow/.local/lib/python3.7/site-packages/airflow/example_dags/example_task_group_decorator.py
[2025-01-23T20:11:58.342+0000] {logging_mixin.py:120} INFO - [2025-01-23T20:11:58.341+0000] {dag.py:2585} INFO - Sync 1 DAGs
[2025-01-23T20:11:58.395+0000] {logging_mixin.py:120} INFO - [2025-01-23T20:11:58.395+0000] {dag.py:3340} INFO - Setting next_dagrun for example_task_group_decorator to 2025-01-22T20:11:58.394810+00:00, run_after=2025-01-23T20:11:58.394810+00:00
[2025-01-23T20:11:58.438+0000] {processor.py:176} INFO - Processing /home/airflow/.local/lib/python3.7/site-packages/airflow/example_dags/example_task_group_decorator.py took 0.283 seconds
[2025-01-23T20:12:28.779+0000] {processor.py:154} INFO - Started process (PID=47727) to work on /home/airflow/.local/lib/python3.7/site-packages/airflow/example_dags/example_task_group_decorator.py
[2025-01-23T20:12:28.781+0000] {processor.py:756} INFO - Processing file /home/airflow/.local/lib/python3.7/site-packages/airflow/example_dags/example_task_group_decorator.py for tasks to queue
[2025-01-23T20:12:28.782+0000] {logging_mixin.py:120} INFO - [2025-01-23T20:12:28.782+0000] {dagbag.py:537} INFO - Filling up the DagBag from /home/airflow/.local/lib/python3.7/site-packages/airflow/example_dags/example_task_group_decorator.py
[2025-01-23T20:12:28.839+0000] {processor.py:766} INFO - DAG(s) dict_keys(['example_task_group_decorator']) retrieved from /home/airflow/.local/lib/python3.7/site-packages/airflow/example_dags/example_task_group_decorator.py
[2025-01-23T20:12:28.919+0000] {logging_mixin.py:120} INFO - [2025-01-23T20:12:28.918+0000] {dag.py:2585} INFO - Sync 1 DAGs
[2025-01-23T20:12:28.981+0000] {logging_mixin.py:120} INFO - [2025-01-23T20:12:28.981+0000] {dag.py:3340} INFO - Setting next_dagrun for example_task_group_decorator to 2025-01-22T20:12:28.980666+00:00, run_after=2025-01-23T20:12:28.980666+00:00
[2025-01-23T20:12:29.023+0000] {processor.py:176} INFO - Processing /home/airflow/.local/lib/python3.7/site-packages/airflow/example_dags/example_task_group_decorator.py took 0.252 seconds
