[2025-01-23T19:50:50.589+0000] {processor.py:154} INFO - Started process (PID=45346) to work on /home/airflow/.local/lib/python3.7/site-packages/airflow/example_dags/example_branch_labels.py
[2025-01-23T19:50:50.593+0000] {processor.py:756} INFO - Processing file /home/airflow/.local/lib/python3.7/site-packages/airflow/example_dags/example_branch_labels.py for tasks to queue
[2025-01-23T19:50:50.595+0000] {logging_mixin.py:120} INFO - [2025-01-23T19:50:50.595+0000] {dagbag.py:537} INFO - Filling up the DagBag from /home/airflow/.local/lib/python3.7/site-packages/airflow/example_dags/example_branch_labels.py
[2025-01-23T19:50:50.770+0000] {processor.py:766} INFO - DAG(s) dict_keys(['example_branch_labels']) retrieved from /home/airflow/.local/lib/python3.7/site-packages/airflow/example_dags/example_branch_labels.py
[2025-01-23T19:50:51.036+0000] {logging_mixin.py:120} INFO - [2025-01-23T19:50:51.036+0000] {dag.py:2585} INFO - Sync 1 DAGs
[2025-01-23T19:50:51.151+0000] {logging_mixin.py:120} INFO - [2025-01-23T19:50:51.150+0000] {dag.py:3340} INFO - Setting next_dagrun for example_branch_labels to 2025-01-22T00:00:00+00:00, run_after=2025-01-23T00:00:00+00:00
[2025-01-23T19:50:51.281+0000] {processor.py:176} INFO - Processing /home/airflow/.local/lib/python3.7/site-packages/airflow/example_dags/example_branch_labels.py took 0.702 seconds
[2025-01-23T19:51:23.826+0000] {processor.py:154} INFO - Started process (PID=45399) to work on /home/airflow/.local/lib/python3.7/site-packages/airflow/example_dags/example_branch_labels.py
[2025-01-23T19:51:23.841+0000] {processor.py:756} INFO - Processing file /home/airflow/.local/lib/python3.7/site-packages/airflow/example_dags/example_branch_labels.py for tasks to queue
[2025-01-23T19:51:23.853+0000] {logging_mixin.py:120} INFO - [2025-01-23T19:51:23.853+0000] {dagbag.py:537} INFO - Filling up the DagBag from /home/airflow/.local/lib/python3.7/site-packages/airflow/example_dags/example_branch_labels.py
[2025-01-23T19:51:23.982+0000] {processor.py:766} INFO - DAG(s) dict_keys(['example_branch_labels']) retrieved from /home/airflow/.local/lib/python3.7/site-packages/airflow/example_dags/example_branch_labels.py
[2025-01-23T19:51:24.255+0000] {logging_mixin.py:120} INFO - [2025-01-23T19:51:24.254+0000] {dag.py:2585} INFO - Sync 1 DAGs
[2025-01-23T19:51:24.414+0000] {logging_mixin.py:120} INFO - [2025-01-23T19:51:24.414+0000] {dag.py:3340} INFO - Setting next_dagrun for example_branch_labels to 2025-01-22T00:00:00+00:00, run_after=2025-01-23T00:00:00+00:00
[2025-01-23T19:51:24.543+0000] {processor.py:176} INFO - Processing /home/airflow/.local/lib/python3.7/site-packages/airflow/example_dags/example_branch_labels.py took 0.735 seconds
[2025-01-23T19:51:56.719+0000] {processor.py:154} INFO - Started process (PID=45446) to work on /home/airflow/.local/lib/python3.7/site-packages/airflow/example_dags/example_branch_labels.py
[2025-01-23T19:51:56.732+0000] {processor.py:756} INFO - Processing file /home/airflow/.local/lib/python3.7/site-packages/airflow/example_dags/example_branch_labels.py for tasks to queue
[2025-01-23T19:51:56.734+0000] {logging_mixin.py:120} INFO - [2025-01-23T19:51:56.734+0000] {dagbag.py:537} INFO - Filling up the DagBag from /home/airflow/.local/lib/python3.7/site-packages/airflow/example_dags/example_branch_labels.py
[2025-01-23T19:51:56.863+0000] {processor.py:766} INFO - DAG(s) dict_keys(['example_branch_labels']) retrieved from /home/airflow/.local/lib/python3.7/site-packages/airflow/example_dags/example_branch_labels.py
[2025-01-23T19:51:57.153+0000] {logging_mixin.py:120} INFO - [2025-01-23T19:51:57.153+0000] {dag.py:2585} INFO - Sync 1 DAGs
[2025-01-23T19:51:57.342+0000] {logging_mixin.py:120} INFO - [2025-01-23T19:51:57.342+0000] {dag.py:3340} INFO - Setting next_dagrun for example_branch_labels to 2025-01-22T00:00:00+00:00, run_after=2025-01-23T00:00:00+00:00
[2025-01-23T19:51:57.457+0000] {processor.py:176} INFO - Processing /home/airflow/.local/lib/python3.7/site-packages/airflow/example_dags/example_branch_labels.py took 0.761 seconds
[2025-01-23T19:52:28.293+0000] {processor.py:154} INFO - Started process (PID=45500) to work on /home/airflow/.local/lib/python3.7/site-packages/airflow/example_dags/example_branch_labels.py
[2025-01-23T19:52:28.295+0000] {processor.py:756} INFO - Processing file /home/airflow/.local/lib/python3.7/site-packages/airflow/example_dags/example_branch_labels.py for tasks to queue
[2025-01-23T19:52:28.297+0000] {logging_mixin.py:120} INFO - [2025-01-23T19:52:28.297+0000] {dagbag.py:537} INFO - Filling up the DagBag from /home/airflow/.local/lib/python3.7/site-packages/airflow/example_dags/example_branch_labels.py
[2025-01-23T19:52:28.407+0000] {processor.py:766} INFO - DAG(s) dict_keys(['example_branch_labels']) retrieved from /home/airflow/.local/lib/python3.7/site-packages/airflow/example_dags/example_branch_labels.py
[2025-01-23T19:52:28.665+0000] {logging_mixin.py:120} INFO - [2025-01-23T19:52:28.665+0000] {dag.py:2585} INFO - Sync 1 DAGs
[2025-01-23T19:52:28.865+0000] {logging_mixin.py:120} INFO - [2025-01-23T19:52:28.864+0000] {dag.py:3340} INFO - Setting next_dagrun for example_branch_labels to 2025-01-22T00:00:00+00:00, run_after=2025-01-23T00:00:00+00:00
[2025-01-23T19:52:28.971+0000] {processor.py:176} INFO - Processing /home/airflow/.local/lib/python3.7/site-packages/airflow/example_dags/example_branch_labels.py took 0.694 seconds
[2025-01-23T19:52:59.303+0000] {processor.py:154} INFO - Started process (PID=45554) to work on /home/airflow/.local/lib/python3.7/site-packages/airflow/example_dags/example_branch_labels.py
[2025-01-23T19:52:59.307+0000] {processor.py:756} INFO - Processing file /home/airflow/.local/lib/python3.7/site-packages/airflow/example_dags/example_branch_labels.py for tasks to queue
[2025-01-23T19:52:59.310+0000] {logging_mixin.py:120} INFO - [2025-01-23T19:52:59.310+0000] {dagbag.py:537} INFO - Filling up the DagBag from /home/airflow/.local/lib/python3.7/site-packages/airflow/example_dags/example_branch_labels.py
[2025-01-23T19:52:59.354+0000] {processor.py:766} INFO - DAG(s) dict_keys(['example_branch_labels']) retrieved from /home/airflow/.local/lib/python3.7/site-packages/airflow/example_dags/example_branch_labels.py
[2025-01-23T19:52:59.453+0000] {logging_mixin.py:120} INFO - [2025-01-23T19:52:59.452+0000] {dag.py:2585} INFO - Sync 1 DAGs
[2025-01-23T19:52:59.511+0000] {logging_mixin.py:120} INFO - [2025-01-23T19:52:59.511+0000] {dag.py:3340} INFO - Setting next_dagrun for example_branch_labels to 2025-01-22T00:00:00+00:00, run_after=2025-01-23T00:00:00+00:00
[2025-01-23T19:52:59.555+0000] {processor.py:176} INFO - Processing /home/airflow/.local/lib/python3.7/site-packages/airflow/example_dags/example_branch_labels.py took 0.269 seconds
[2025-01-23T19:53:29.977+0000] {processor.py:154} INFO - Started process (PID=45608) to work on /home/airflow/.local/lib/python3.7/site-packages/airflow/example_dags/example_branch_labels.py
[2025-01-23T19:53:29.979+0000] {processor.py:756} INFO - Processing file /home/airflow/.local/lib/python3.7/site-packages/airflow/example_dags/example_branch_labels.py for tasks to queue
[2025-01-23T19:53:29.980+0000] {logging_mixin.py:120} INFO - [2025-01-23T19:53:29.980+0000] {dagbag.py:537} INFO - Filling up the DagBag from /home/airflow/.local/lib/python3.7/site-packages/airflow/example_dags/example_branch_labels.py
[2025-01-23T19:53:30.004+0000] {processor.py:766} INFO - DAG(s) dict_keys(['example_branch_labels']) retrieved from /home/airflow/.local/lib/python3.7/site-packages/airflow/example_dags/example_branch_labels.py
[2025-01-23T19:53:30.128+0000] {logging_mixin.py:120} INFO - [2025-01-23T19:53:30.127+0000] {dag.py:2585} INFO - Sync 1 DAGs
[2025-01-23T19:53:30.279+0000] {logging_mixin.py:120} INFO - [2025-01-23T19:53:30.278+0000] {dag.py:3340} INFO - Setting next_dagrun for example_branch_labels to 2025-01-22T00:00:00+00:00, run_after=2025-01-23T00:00:00+00:00
[2025-01-23T19:53:30.371+0000] {processor.py:176} INFO - Processing /home/airflow/.local/lib/python3.7/site-packages/airflow/example_dags/example_branch_labels.py took 0.398 seconds
[2025-01-23T19:54:00.728+0000] {processor.py:154} INFO - Started process (PID=45671) to work on /home/airflow/.local/lib/python3.7/site-packages/airflow/example_dags/example_branch_labels.py
[2025-01-23T19:54:00.732+0000] {processor.py:756} INFO - Processing file /home/airflow/.local/lib/python3.7/site-packages/airflow/example_dags/example_branch_labels.py for tasks to queue
[2025-01-23T19:54:00.736+0000] {logging_mixin.py:120} INFO - [2025-01-23T19:54:00.735+0000] {dagbag.py:537} INFO - Filling up the DagBag from /home/airflow/.local/lib/python3.7/site-packages/airflow/example_dags/example_branch_labels.py
[2025-01-23T19:54:00.822+0000] {processor.py:766} INFO - DAG(s) dict_keys(['example_branch_labels']) retrieved from /home/airflow/.local/lib/python3.7/site-packages/airflow/example_dags/example_branch_labels.py
[2025-01-23T19:54:01.007+0000] {logging_mixin.py:120} INFO - [2025-01-23T19:54:01.007+0000] {dag.py:2585} INFO - Sync 1 DAGs
[2025-01-23T19:54:01.136+0000] {logging_mixin.py:120} INFO - [2025-01-23T19:54:01.135+0000] {dag.py:3340} INFO - Setting next_dagrun for example_branch_labels to 2025-01-22T00:00:00+00:00, run_after=2025-01-23T00:00:00+00:00
[2025-01-23T19:54:01.221+0000] {processor.py:176} INFO - Processing /home/airflow/.local/lib/python3.7/site-packages/airflow/example_dags/example_branch_labels.py took 0.509 seconds
[2025-01-23T19:54:31.665+0000] {processor.py:154} INFO - Started process (PID=45725) to work on /home/airflow/.local/lib/python3.7/site-packages/airflow/example_dags/example_branch_labels.py
[2025-01-23T19:54:31.667+0000] {processor.py:756} INFO - Processing file /home/airflow/.local/lib/python3.7/site-packages/airflow/example_dags/example_branch_labels.py for tasks to queue
[2025-01-23T19:54:31.668+0000] {logging_mixin.py:120} INFO - [2025-01-23T19:54:31.668+0000] {dagbag.py:537} INFO - Filling up the DagBag from /home/airflow/.local/lib/python3.7/site-packages/airflow/example_dags/example_branch_labels.py
[2025-01-23T19:54:31.698+0000] {processor.py:766} INFO - DAG(s) dict_keys(['example_branch_labels']) retrieved from /home/airflow/.local/lib/python3.7/site-packages/airflow/example_dags/example_branch_labels.py
[2025-01-23T19:54:31.776+0000] {logging_mixin.py:120} INFO - [2025-01-23T19:54:31.776+0000] {dag.py:2585} INFO - Sync 1 DAGs
[2025-01-23T19:54:31.826+0000] {logging_mixin.py:120} INFO - [2025-01-23T19:54:31.826+0000] {dag.py:3340} INFO - Setting next_dagrun for example_branch_labels to 2025-01-22T00:00:00+00:00, run_after=2025-01-23T00:00:00+00:00
[2025-01-23T19:54:31.859+0000] {processor.py:176} INFO - Processing /home/airflow/.local/lib/python3.7/site-packages/airflow/example_dags/example_branch_labels.py took 0.198 seconds
[2025-01-23T19:55:02.226+0000] {processor.py:154} INFO - Started process (PID=45779) to work on /home/airflow/.local/lib/python3.7/site-packages/airflow/example_dags/example_branch_labels.py
[2025-01-23T19:55:02.228+0000] {processor.py:756} INFO - Processing file /home/airflow/.local/lib/python3.7/site-packages/airflow/example_dags/example_branch_labels.py for tasks to queue
[2025-01-23T19:55:02.230+0000] {logging_mixin.py:120} INFO - [2025-01-23T19:55:02.229+0000] {dagbag.py:537} INFO - Filling up the DagBag from /home/airflow/.local/lib/python3.7/site-packages/airflow/example_dags/example_branch_labels.py
[2025-01-23T19:55:02.266+0000] {processor.py:766} INFO - DAG(s) dict_keys(['example_branch_labels']) retrieved from /home/airflow/.local/lib/python3.7/site-packages/airflow/example_dags/example_branch_labels.py
[2025-01-23T19:55:02.360+0000] {logging_mixin.py:120} INFO - [2025-01-23T19:55:02.359+0000] {dag.py:2585} INFO - Sync 1 DAGs
[2025-01-23T19:55:02.417+0000] {logging_mixin.py:120} INFO - [2025-01-23T19:55:02.417+0000] {dag.py:3340} INFO - Setting next_dagrun for example_branch_labels to 2025-01-22T00:00:00+00:00, run_after=2025-01-23T00:00:00+00:00
[2025-01-23T19:55:02.456+0000] {processor.py:176} INFO - Processing /home/airflow/.local/lib/python3.7/site-packages/airflow/example_dags/example_branch_labels.py took 0.236 seconds
[2025-01-23T19:55:33.142+0000] {processor.py:154} INFO - Started process (PID=45843) to work on /home/airflow/.local/lib/python3.7/site-packages/airflow/example_dags/example_branch_labels.py
[2025-01-23T19:55:33.144+0000] {processor.py:756} INFO - Processing file /home/airflow/.local/lib/python3.7/site-packages/airflow/example_dags/example_branch_labels.py for tasks to queue
[2025-01-23T19:55:33.146+0000] {logging_mixin.py:120} INFO - [2025-01-23T19:55:33.146+0000] {dagbag.py:537} INFO - Filling up the DagBag from /home/airflow/.local/lib/python3.7/site-packages/airflow/example_dags/example_branch_labels.py
[2025-01-23T19:55:33.197+0000] {processor.py:766} INFO - DAG(s) dict_keys(['example_branch_labels']) retrieved from /home/airflow/.local/lib/python3.7/site-packages/airflow/example_dags/example_branch_labels.py
[2025-01-23T19:55:33.284+0000] {logging_mixin.py:120} INFO - [2025-01-23T19:55:33.284+0000] {dag.py:2585} INFO - Sync 1 DAGs
[2025-01-23T19:55:33.335+0000] {logging_mixin.py:120} INFO - [2025-01-23T19:55:33.334+0000] {dag.py:3340} INFO - Setting next_dagrun for example_branch_labels to 2025-01-22T00:00:00+00:00, run_after=2025-01-23T00:00:00+00:00
[2025-01-23T19:55:33.430+0000] {processor.py:176} INFO - Processing /home/airflow/.local/lib/python3.7/site-packages/airflow/example_dags/example_branch_labels.py took 0.296 seconds
[2025-01-23T19:56:07.998+0000] {processor.py:154} INFO - Started process (PID=45899) to work on /home/airflow/.local/lib/python3.7/site-packages/airflow/example_dags/example_branch_labels.py
[2025-01-23T19:56:08.000+0000] {processor.py:756} INFO - Processing file /home/airflow/.local/lib/python3.7/site-packages/airflow/example_dags/example_branch_labels.py for tasks to queue
[2025-01-23T19:56:08.002+0000] {logging_mixin.py:120} INFO - [2025-01-23T19:56:08.002+0000] {dagbag.py:537} INFO - Filling up the DagBag from /home/airflow/.local/lib/python3.7/site-packages/airflow/example_dags/example_branch_labels.py
[2025-01-23T19:56:08.081+0000] {processor.py:766} INFO - DAG(s) dict_keys(['example_branch_labels']) retrieved from /home/airflow/.local/lib/python3.7/site-packages/airflow/example_dags/example_branch_labels.py
[2025-01-23T19:56:08.299+0000] {logging_mixin.py:120} INFO - [2025-01-23T19:56:08.295+0000] {dag.py:2585} INFO - Sync 1 DAGs
[2025-01-23T19:56:08.497+0000] {logging_mixin.py:120} INFO - [2025-01-23T19:56:08.497+0000] {dag.py:3340} INFO - Setting next_dagrun for example_branch_labels to 2025-01-22T00:00:00+00:00, run_after=2025-01-23T00:00:00+00:00
[2025-01-23T19:56:08.605+0000] {processor.py:176} INFO - Processing /home/airflow/.local/lib/python3.7/site-packages/airflow/example_dags/example_branch_labels.py took 0.624 seconds
[2025-01-23T19:56:39.135+0000] {processor.py:154} INFO - Started process (PID=45955) to work on /home/airflow/.local/lib/python3.7/site-packages/airflow/example_dags/example_branch_labels.py
[2025-01-23T19:56:39.137+0000] {processor.py:756} INFO - Processing file /home/airflow/.local/lib/python3.7/site-packages/airflow/example_dags/example_branch_labels.py for tasks to queue
[2025-01-23T19:56:39.139+0000] {logging_mixin.py:120} INFO - [2025-01-23T19:56:39.139+0000] {dagbag.py:537} INFO - Filling up the DagBag from /home/airflow/.local/lib/python3.7/site-packages/airflow/example_dags/example_branch_labels.py
[2025-01-23T19:56:39.169+0000] {processor.py:766} INFO - DAG(s) dict_keys(['example_branch_labels']) retrieved from /home/airflow/.local/lib/python3.7/site-packages/airflow/example_dags/example_branch_labels.py
[2025-01-23T19:56:39.241+0000] {logging_mixin.py:120} INFO - [2025-01-23T19:56:39.240+0000] {dag.py:2585} INFO - Sync 1 DAGs
[2025-01-23T19:56:39.312+0000] {logging_mixin.py:120} INFO - [2025-01-23T19:56:39.311+0000] {dag.py:3340} INFO - Setting next_dagrun for example_branch_labels to 2025-01-22T00:00:00+00:00, run_after=2025-01-23T00:00:00+00:00
[2025-01-23T19:56:39.365+0000] {processor.py:176} INFO - Processing /home/airflow/.local/lib/python3.7/site-packages/airflow/example_dags/example_branch_labels.py took 0.236 seconds
[2025-01-23T19:57:09.754+0000] {processor.py:154} INFO - Started process (PID=46007) to work on /home/airflow/.local/lib/python3.7/site-packages/airflow/example_dags/example_branch_labels.py
[2025-01-23T19:57:09.756+0000] {processor.py:756} INFO - Processing file /home/airflow/.local/lib/python3.7/site-packages/airflow/example_dags/example_branch_labels.py for tasks to queue
[2025-01-23T19:57:09.758+0000] {logging_mixin.py:120} INFO - [2025-01-23T19:57:09.757+0000] {dagbag.py:537} INFO - Filling up the DagBag from /home/airflow/.local/lib/python3.7/site-packages/airflow/example_dags/example_branch_labels.py
[2025-01-23T19:57:09.794+0000] {processor.py:766} INFO - DAG(s) dict_keys(['example_branch_labels']) retrieved from /home/airflow/.local/lib/python3.7/site-packages/airflow/example_dags/example_branch_labels.py
[2025-01-23T19:57:09.893+0000] {logging_mixin.py:120} INFO - [2025-01-23T19:57:09.892+0000] {dag.py:2585} INFO - Sync 1 DAGs
[2025-01-23T19:57:09.952+0000] {logging_mixin.py:120} INFO - [2025-01-23T19:57:09.952+0000] {dag.py:3340} INFO - Setting next_dagrun for example_branch_labels to 2025-01-22T00:00:00+00:00, run_after=2025-01-23T00:00:00+00:00
[2025-01-23T19:57:10.002+0000] {processor.py:176} INFO - Processing /home/airflow/.local/lib/python3.7/site-packages/airflow/example_dags/example_branch_labels.py took 0.253 seconds
[2025-01-23T19:57:40.456+0000] {processor.py:154} INFO - Started process (PID=46072) to work on /home/airflow/.local/lib/python3.7/site-packages/airflow/example_dags/example_branch_labels.py
[2025-01-23T19:57:40.459+0000] {processor.py:756} INFO - Processing file /home/airflow/.local/lib/python3.7/site-packages/airflow/example_dags/example_branch_labels.py for tasks to queue
[2025-01-23T19:57:40.461+0000] {logging_mixin.py:120} INFO - [2025-01-23T19:57:40.461+0000] {dagbag.py:537} INFO - Filling up the DagBag from /home/airflow/.local/lib/python3.7/site-packages/airflow/example_dags/example_branch_labels.py
[2025-01-23T19:57:40.509+0000] {processor.py:766} INFO - DAG(s) dict_keys(['example_branch_labels']) retrieved from /home/airflow/.local/lib/python3.7/site-packages/airflow/example_dags/example_branch_labels.py
[2025-01-23T19:57:40.604+0000] {logging_mixin.py:120} INFO - [2025-01-23T19:57:40.604+0000] {dag.py:2585} INFO - Sync 1 DAGs
[2025-01-23T19:57:40.652+0000] {logging_mixin.py:120} INFO - [2025-01-23T19:57:40.651+0000] {dag.py:3340} INFO - Setting next_dagrun for example_branch_labels to 2025-01-22T00:00:00+00:00, run_after=2025-01-23T00:00:00+00:00
[2025-01-23T19:57:40.688+0000] {processor.py:176} INFO - Processing /home/airflow/.local/lib/python3.7/site-packages/airflow/example_dags/example_branch_labels.py took 0.241 seconds
[2025-01-23T19:58:10.921+0000] {processor.py:154} INFO - Started process (PID=46126) to work on /home/airflow/.local/lib/python3.7/site-packages/airflow/example_dags/example_branch_labels.py
[2025-01-23T19:58:10.923+0000] {processor.py:756} INFO - Processing file /home/airflow/.local/lib/python3.7/site-packages/airflow/example_dags/example_branch_labels.py for tasks to queue
[2025-01-23T19:58:10.924+0000] {logging_mixin.py:120} INFO - [2025-01-23T19:58:10.924+0000] {dagbag.py:537} INFO - Filling up the DagBag from /home/airflow/.local/lib/python3.7/site-packages/airflow/example_dags/example_branch_labels.py
[2025-01-23T19:58:10.953+0000] {processor.py:766} INFO - DAG(s) dict_keys(['example_branch_labels']) retrieved from /home/airflow/.local/lib/python3.7/site-packages/airflow/example_dags/example_branch_labels.py
[2025-01-23T19:58:11.033+0000] {logging_mixin.py:120} INFO - [2025-01-23T19:58:11.033+0000] {dag.py:2585} INFO - Sync 1 DAGs
[2025-01-23T19:58:11.133+0000] {logging_mixin.py:120} INFO - [2025-01-23T19:58:11.132+0000] {dag.py:3340} INFO - Setting next_dagrun for example_branch_labels to 2025-01-22T00:00:00+00:00, run_after=2025-01-23T00:00:00+00:00
[2025-01-23T19:58:11.167+0000] {processor.py:176} INFO - Processing /home/airflow/.local/lib/python3.7/site-packages/airflow/example_dags/example_branch_labels.py took 0.252 seconds
[2025-01-23T19:58:41.785+0000] {processor.py:154} INFO - Started process (PID=46180) to work on /home/airflow/.local/lib/python3.7/site-packages/airflow/example_dags/example_branch_labels.py
[2025-01-23T19:58:41.787+0000] {processor.py:756} INFO - Processing file /home/airflow/.local/lib/python3.7/site-packages/airflow/example_dags/example_branch_labels.py for tasks to queue
[2025-01-23T19:58:41.788+0000] {logging_mixin.py:120} INFO - [2025-01-23T19:58:41.788+0000] {dagbag.py:537} INFO - Filling up the DagBag from /home/airflow/.local/lib/python3.7/site-packages/airflow/example_dags/example_branch_labels.py
[2025-01-23T19:58:41.818+0000] {processor.py:766} INFO - DAG(s) dict_keys(['example_branch_labels']) retrieved from /home/airflow/.local/lib/python3.7/site-packages/airflow/example_dags/example_branch_labels.py
[2025-01-23T19:58:41.939+0000] {logging_mixin.py:120} INFO - [2025-01-23T19:58:41.938+0000] {dag.py:2585} INFO - Sync 1 DAGs
[2025-01-23T19:58:41.991+0000] {logging_mixin.py:120} INFO - [2025-01-23T19:58:41.990+0000] {dag.py:3340} INFO - Setting next_dagrun for example_branch_labels to 2025-01-22T00:00:00+00:00, run_after=2025-01-23T00:00:00+00:00
[2025-01-23T19:58:42.028+0000] {processor.py:176} INFO - Processing /home/airflow/.local/lib/python3.7/site-packages/airflow/example_dags/example_branch_labels.py took 0.249 seconds
[2025-01-23T19:59:13.035+0000] {processor.py:154} INFO - Started process (PID=46243) to work on /home/airflow/.local/lib/python3.7/site-packages/airflow/example_dags/example_branch_labels.py
[2025-01-23T19:59:13.037+0000] {processor.py:756} INFO - Processing file /home/airflow/.local/lib/python3.7/site-packages/airflow/example_dags/example_branch_labels.py for tasks to queue
[2025-01-23T19:59:13.041+0000] {logging_mixin.py:120} INFO - [2025-01-23T19:59:13.041+0000] {dagbag.py:537} INFO - Filling up the DagBag from /home/airflow/.local/lib/python3.7/site-packages/airflow/example_dags/example_branch_labels.py
[2025-01-23T19:59:13.091+0000] {processor.py:766} INFO - DAG(s) dict_keys(['example_branch_labels']) retrieved from /home/airflow/.local/lib/python3.7/site-packages/airflow/example_dags/example_branch_labels.py
[2025-01-23T19:59:13.242+0000] {logging_mixin.py:120} INFO - [2025-01-23T19:59:13.241+0000] {dag.py:2585} INFO - Sync 1 DAGs
[2025-01-23T19:59:13.328+0000] {logging_mixin.py:120} INFO - [2025-01-23T19:59:13.327+0000] {dag.py:3340} INFO - Setting next_dagrun for example_branch_labels to 2025-01-22T00:00:00+00:00, run_after=2025-01-23T00:00:00+00:00
[2025-01-23T19:59:13.388+0000] {processor.py:176} INFO - Processing /home/airflow/.local/lib/python3.7/site-packages/airflow/example_dags/example_branch_labels.py took 0.363 seconds
[2025-01-23T19:59:43.723+0000] {processor.py:154} INFO - Started process (PID=46298) to work on /home/airflow/.local/lib/python3.7/site-packages/airflow/example_dags/example_branch_labels.py
[2025-01-23T19:59:43.725+0000] {processor.py:756} INFO - Processing file /home/airflow/.local/lib/python3.7/site-packages/airflow/example_dags/example_branch_labels.py for tasks to queue
[2025-01-23T19:59:43.727+0000] {logging_mixin.py:120} INFO - [2025-01-23T19:59:43.726+0000] {dagbag.py:537} INFO - Filling up the DagBag from /home/airflow/.local/lib/python3.7/site-packages/airflow/example_dags/example_branch_labels.py
[2025-01-23T19:59:43.760+0000] {processor.py:766} INFO - DAG(s) dict_keys(['example_branch_labels']) retrieved from /home/airflow/.local/lib/python3.7/site-packages/airflow/example_dags/example_branch_labels.py
[2025-01-23T19:59:43.836+0000] {logging_mixin.py:120} INFO - [2025-01-23T19:59:43.835+0000] {dag.py:2585} INFO - Sync 1 DAGs
[2025-01-23T19:59:43.883+0000] {logging_mixin.py:120} INFO - [2025-01-23T19:59:43.883+0000] {dag.py:3340} INFO - Setting next_dagrun for example_branch_labels to 2025-01-22T00:00:00+00:00, run_after=2025-01-23T00:00:00+00:00
[2025-01-23T19:59:43.920+0000] {processor.py:176} INFO - Processing /home/airflow/.local/lib/python3.7/site-packages/airflow/example_dags/example_branch_labels.py took 0.204 seconds
[2025-01-23T20:00:14.241+0000] {processor.py:154} INFO - Started process (PID=46353) to work on /home/airflow/.local/lib/python3.7/site-packages/airflow/example_dags/example_branch_labels.py
[2025-01-23T20:00:14.243+0000] {processor.py:756} INFO - Processing file /home/airflow/.local/lib/python3.7/site-packages/airflow/example_dags/example_branch_labels.py for tasks to queue
[2025-01-23T20:00:14.244+0000] {logging_mixin.py:120} INFO - [2025-01-23T20:00:14.244+0000] {dagbag.py:537} INFO - Filling up the DagBag from /home/airflow/.local/lib/python3.7/site-packages/airflow/example_dags/example_branch_labels.py
[2025-01-23T20:00:14.274+0000] {processor.py:766} INFO - DAG(s) dict_keys(['example_branch_labels']) retrieved from /home/airflow/.local/lib/python3.7/site-packages/airflow/example_dags/example_branch_labels.py
[2025-01-23T20:00:14.391+0000] {logging_mixin.py:120} INFO - [2025-01-23T20:00:14.390+0000] {dag.py:2585} INFO - Sync 1 DAGs
[2025-01-23T20:00:14.440+0000] {logging_mixin.py:120} INFO - [2025-01-23T20:00:14.440+0000] {dag.py:3340} INFO - Setting next_dagrun for example_branch_labels to 2025-01-22T00:00:00+00:00, run_after=2025-01-23T00:00:00+00:00
[2025-01-23T20:00:14.482+0000] {processor.py:176} INFO - Processing /home/airflow/.local/lib/python3.7/site-packages/airflow/example_dags/example_branch_labels.py took 0.246 seconds
[2025-01-23T20:00:44.815+0000] {processor.py:154} INFO - Started process (PID=46417) to work on /home/airflow/.local/lib/python3.7/site-packages/airflow/example_dags/example_branch_labels.py
[2025-01-23T20:00:44.817+0000] {processor.py:756} INFO - Processing file /home/airflow/.local/lib/python3.7/site-packages/airflow/example_dags/example_branch_labels.py for tasks to queue
[2025-01-23T20:00:44.819+0000] {logging_mixin.py:120} INFO - [2025-01-23T20:00:44.819+0000] {dagbag.py:537} INFO - Filling up the DagBag from /home/airflow/.local/lib/python3.7/site-packages/airflow/example_dags/example_branch_labels.py
[2025-01-23T20:00:44.852+0000] {processor.py:766} INFO - DAG(s) dict_keys(['example_branch_labels']) retrieved from /home/airflow/.local/lib/python3.7/site-packages/airflow/example_dags/example_branch_labels.py
[2025-01-23T20:00:44.931+0000] {logging_mixin.py:120} INFO - [2025-01-23T20:00:44.931+0000] {dag.py:2585} INFO - Sync 1 DAGs
[2025-01-23T20:00:44.979+0000] {logging_mixin.py:120} INFO - [2025-01-23T20:00:44.979+0000] {dag.py:3340} INFO - Setting next_dagrun for example_branch_labels to 2025-01-22T00:00:00+00:00, run_after=2025-01-23T00:00:00+00:00
[2025-01-23T20:00:45.014+0000] {processor.py:176} INFO - Processing /home/airflow/.local/lib/python3.7/site-packages/airflow/example_dags/example_branch_labels.py took 0.204 seconds
[2025-01-23T20:01:15.848+0000] {processor.py:154} INFO - Started process (PID=46472) to work on /home/airflow/.local/lib/python3.7/site-packages/airflow/example_dags/example_branch_labels.py
[2025-01-23T20:01:15.853+0000] {processor.py:756} INFO - Processing file /home/airflow/.local/lib/python3.7/site-packages/airflow/example_dags/example_branch_labels.py for tasks to queue
[2025-01-23T20:01:15.858+0000] {logging_mixin.py:120} INFO - [2025-01-23T20:01:15.857+0000] {dagbag.py:537} INFO - Filling up the DagBag from /home/airflow/.local/lib/python3.7/site-packages/airflow/example_dags/example_branch_labels.py
[2025-01-23T20:01:15.932+0000] {processor.py:766} INFO - DAG(s) dict_keys(['example_branch_labels']) retrieved from /home/airflow/.local/lib/python3.7/site-packages/airflow/example_dags/example_branch_labels.py
[2025-01-23T20:01:16.097+0000] {logging_mixin.py:120} INFO - [2025-01-23T20:01:16.097+0000] {dag.py:2585} INFO - Sync 1 DAGs
[2025-01-23T20:01:16.199+0000] {logging_mixin.py:120} INFO - [2025-01-23T20:01:16.198+0000] {dag.py:3340} INFO - Setting next_dagrun for example_branch_labels to 2025-01-22T00:00:00+00:00, run_after=2025-01-23T00:00:00+00:00
[2025-01-23T20:01:16.272+0000] {processor.py:176} INFO - Processing /home/airflow/.local/lib/python3.7/site-packages/airflow/example_dags/example_branch_labels.py took 0.438 seconds
[2025-01-23T20:01:47.330+0000] {processor.py:154} INFO - Started process (PID=46535) to work on /home/airflow/.local/lib/python3.7/site-packages/airflow/example_dags/example_branch_labels.py
[2025-01-23T20:01:47.331+0000] {processor.py:756} INFO - Processing file /home/airflow/.local/lib/python3.7/site-packages/airflow/example_dags/example_branch_labels.py for tasks to queue
[2025-01-23T20:01:47.333+0000] {logging_mixin.py:120} INFO - [2025-01-23T20:01:47.332+0000] {dagbag.py:537} INFO - Filling up the DagBag from /home/airflow/.local/lib/python3.7/site-packages/airflow/example_dags/example_branch_labels.py
[2025-01-23T20:01:47.365+0000] {processor.py:766} INFO - DAG(s) dict_keys(['example_branch_labels']) retrieved from /home/airflow/.local/lib/python3.7/site-packages/airflow/example_dags/example_branch_labels.py
[2025-01-23T20:01:47.438+0000] {logging_mixin.py:120} INFO - [2025-01-23T20:01:47.438+0000] {dag.py:2585} INFO - Sync 1 DAGs
[2025-01-23T20:01:47.482+0000] {logging_mixin.py:120} INFO - [2025-01-23T20:01:47.482+0000] {dag.py:3340} INFO - Setting next_dagrun for example_branch_labels to 2025-01-22T00:00:00+00:00, run_after=2025-01-23T00:00:00+00:00
[2025-01-23T20:01:47.516+0000] {processor.py:176} INFO - Processing /home/airflow/.local/lib/python3.7/site-packages/airflow/example_dags/example_branch_labels.py took 0.191 seconds
[2025-01-23T20:02:17.993+0000] {processor.py:154} INFO - Started process (PID=46589) to work on /home/airflow/.local/lib/python3.7/site-packages/airflow/example_dags/example_branch_labels.py
[2025-01-23T20:02:17.995+0000] {processor.py:756} INFO - Processing file /home/airflow/.local/lib/python3.7/site-packages/airflow/example_dags/example_branch_labels.py for tasks to queue
[2025-01-23T20:02:17.997+0000] {logging_mixin.py:120} INFO - [2025-01-23T20:02:17.997+0000] {dagbag.py:537} INFO - Filling up the DagBag from /home/airflow/.local/lib/python3.7/site-packages/airflow/example_dags/example_branch_labels.py
[2025-01-23T20:02:18.025+0000] {processor.py:766} INFO - DAG(s) dict_keys(['example_branch_labels']) retrieved from /home/airflow/.local/lib/python3.7/site-packages/airflow/example_dags/example_branch_labels.py
[2025-01-23T20:02:18.096+0000] {logging_mixin.py:120} INFO - [2025-01-23T20:02:18.096+0000] {dag.py:2585} INFO - Sync 1 DAGs
[2025-01-23T20:02:18.160+0000] {logging_mixin.py:120} INFO - [2025-01-23T20:02:18.159+0000] {dag.py:3340} INFO - Setting next_dagrun for example_branch_labels to 2025-01-22T00:00:00+00:00, run_after=2025-01-23T00:00:00+00:00
[2025-01-23T20:02:18.194+0000] {processor.py:176} INFO - Processing /home/airflow/.local/lib/python3.7/site-packages/airflow/example_dags/example_branch_labels.py took 0.206 seconds
[2025-01-23T20:02:48.718+0000] {processor.py:154} INFO - Started process (PID=46652) to work on /home/airflow/.local/lib/python3.7/site-packages/airflow/example_dags/example_branch_labels.py
[2025-01-23T20:02:48.719+0000] {processor.py:756} INFO - Processing file /home/airflow/.local/lib/python3.7/site-packages/airflow/example_dags/example_branch_labels.py for tasks to queue
[2025-01-23T20:02:48.721+0000] {logging_mixin.py:120} INFO - [2025-01-23T20:02:48.721+0000] {dagbag.py:537} INFO - Filling up the DagBag from /home/airflow/.local/lib/python3.7/site-packages/airflow/example_dags/example_branch_labels.py
[2025-01-23T20:02:48.750+0000] {processor.py:766} INFO - DAG(s) dict_keys(['example_branch_labels']) retrieved from /home/airflow/.local/lib/python3.7/site-packages/airflow/example_dags/example_branch_labels.py
[2025-01-23T20:02:48.821+0000] {logging_mixin.py:120} INFO - [2025-01-23T20:02:48.821+0000] {dag.py:2585} INFO - Sync 1 DAGs
[2025-01-23T20:02:48.877+0000] {logging_mixin.py:120} INFO - [2025-01-23T20:02:48.877+0000] {dag.py:3340} INFO - Setting next_dagrun for example_branch_labels to 2025-01-22T00:00:00+00:00, run_after=2025-01-23T00:00:00+00:00
[2025-01-23T20:02:48.909+0000] {processor.py:176} INFO - Processing /home/airflow/.local/lib/python3.7/site-packages/airflow/example_dags/example_branch_labels.py took 0.197 seconds
[2025-01-23T20:03:19.534+0000] {processor.py:154} INFO - Started process (PID=46706) to work on /home/airflow/.local/lib/python3.7/site-packages/airflow/example_dags/example_branch_labels.py
[2025-01-23T20:03:19.538+0000] {processor.py:756} INFO - Processing file /home/airflow/.local/lib/python3.7/site-packages/airflow/example_dags/example_branch_labels.py for tasks to queue
[2025-01-23T20:03:19.542+0000] {logging_mixin.py:120} INFO - [2025-01-23T20:03:19.542+0000] {dagbag.py:537} INFO - Filling up the DagBag from /home/airflow/.local/lib/python3.7/site-packages/airflow/example_dags/example_branch_labels.py
[2025-01-23T20:03:19.611+0000] {processor.py:766} INFO - DAG(s) dict_keys(['example_branch_labels']) retrieved from /home/airflow/.local/lib/python3.7/site-packages/airflow/example_dags/example_branch_labels.py
[2025-01-23T20:03:19.722+0000] {logging_mixin.py:120} INFO - [2025-01-23T20:03:19.722+0000] {dag.py:2585} INFO - Sync 1 DAGs
[2025-01-23T20:03:19.769+0000] {logging_mixin.py:120} INFO - [2025-01-23T20:03:19.768+0000] {dag.py:3340} INFO - Setting next_dagrun for example_branch_labels to 2025-01-22T00:00:00+00:00, run_after=2025-01-23T00:00:00+00:00
[2025-01-23T20:03:19.800+0000] {processor.py:176} INFO - Processing /home/airflow/.local/lib/python3.7/site-packages/airflow/example_dags/example_branch_labels.py took 0.281 seconds
[2025-01-23T20:03:49.969+0000] {processor.py:154} INFO - Started process (PID=46760) to work on /home/airflow/.local/lib/python3.7/site-packages/airflow/example_dags/example_branch_labels.py
[2025-01-23T20:03:49.973+0000] {processor.py:756} INFO - Processing file /home/airflow/.local/lib/python3.7/site-packages/airflow/example_dags/example_branch_labels.py for tasks to queue
[2025-01-23T20:03:49.975+0000] {logging_mixin.py:120} INFO - [2025-01-23T20:03:49.975+0000] {dagbag.py:537} INFO - Filling up the DagBag from /home/airflow/.local/lib/python3.7/site-packages/airflow/example_dags/example_branch_labels.py
[2025-01-23T20:03:50.027+0000] {processor.py:766} INFO - DAG(s) dict_keys(['example_branch_labels']) retrieved from /home/airflow/.local/lib/python3.7/site-packages/airflow/example_dags/example_branch_labels.py
[2025-01-23T20:03:50.109+0000] {logging_mixin.py:120} INFO - [2025-01-23T20:03:50.109+0000] {dag.py:2585} INFO - Sync 1 DAGs
[2025-01-23T20:03:50.154+0000] {logging_mixin.py:120} INFO - [2025-01-23T20:03:50.154+0000] {dag.py:3340} INFO - Setting next_dagrun for example_branch_labels to 2025-01-22T00:00:00+00:00, run_after=2025-01-23T00:00:00+00:00
[2025-01-23T20:03:50.186+0000] {processor.py:176} INFO - Processing /home/airflow/.local/lib/python3.7/site-packages/airflow/example_dags/example_branch_labels.py took 0.225 seconds
[2025-01-23T20:04:20.550+0000] {processor.py:154} INFO - Started process (PID=46823) to work on /home/airflow/.local/lib/python3.7/site-packages/airflow/example_dags/example_branch_labels.py
[2025-01-23T20:04:20.551+0000] {processor.py:756} INFO - Processing file /home/airflow/.local/lib/python3.7/site-packages/airflow/example_dags/example_branch_labels.py for tasks to queue
[2025-01-23T20:04:20.553+0000] {logging_mixin.py:120} INFO - [2025-01-23T20:04:20.553+0000] {dagbag.py:537} INFO - Filling up the DagBag from /home/airflow/.local/lib/python3.7/site-packages/airflow/example_dags/example_branch_labels.py
[2025-01-23T20:04:20.581+0000] {processor.py:766} INFO - DAG(s) dict_keys(['example_branch_labels']) retrieved from /home/airflow/.local/lib/python3.7/site-packages/airflow/example_dags/example_branch_labels.py
[2025-01-23T20:04:20.655+0000] {logging_mixin.py:120} INFO - [2025-01-23T20:04:20.654+0000] {dag.py:2585} INFO - Sync 1 DAGs
[2025-01-23T20:04:20.698+0000] {logging_mixin.py:120} INFO - [2025-01-23T20:04:20.697+0000] {dag.py:3340} INFO - Setting next_dagrun for example_branch_labels to 2025-01-22T00:00:00+00:00, run_after=2025-01-23T00:00:00+00:00
[2025-01-23T20:04:20.731+0000] {processor.py:176} INFO - Processing /home/airflow/.local/lib/python3.7/site-packages/airflow/example_dags/example_branch_labels.py took 0.186 seconds
[2025-01-23T20:04:51.183+0000] {processor.py:154} INFO - Started process (PID=46876) to work on /home/airflow/.local/lib/python3.7/site-packages/airflow/example_dags/example_branch_labels.py
[2025-01-23T20:04:51.185+0000] {processor.py:756} INFO - Processing file /home/airflow/.local/lib/python3.7/site-packages/airflow/example_dags/example_branch_labels.py for tasks to queue
[2025-01-23T20:04:51.187+0000] {logging_mixin.py:120} INFO - [2025-01-23T20:04:51.187+0000] {dagbag.py:537} INFO - Filling up the DagBag from /home/airflow/.local/lib/python3.7/site-packages/airflow/example_dags/example_branch_labels.py
[2025-01-23T20:04:51.224+0000] {processor.py:766} INFO - DAG(s) dict_keys(['example_branch_labels']) retrieved from /home/airflow/.local/lib/python3.7/site-packages/airflow/example_dags/example_branch_labels.py
[2025-01-23T20:04:51.325+0000] {logging_mixin.py:120} INFO - [2025-01-23T20:04:51.325+0000] {dag.py:2585} INFO - Sync 1 DAGs
[2025-01-23T20:04:51.423+0000] {logging_mixin.py:120} INFO - [2025-01-23T20:04:51.423+0000] {dag.py:3340} INFO - Setting next_dagrun for example_branch_labels to 2025-01-22T00:00:00+00:00, run_after=2025-01-23T00:00:00+00:00
[2025-01-23T20:04:51.476+0000] {processor.py:176} INFO - Processing /home/airflow/.local/lib/python3.7/site-packages/airflow/example_dags/example_branch_labels.py took 0.300 seconds
[2025-01-23T20:05:22.545+0000] {processor.py:154} INFO - Started process (PID=46940) to work on /home/airflow/.local/lib/python3.7/site-packages/airflow/example_dags/example_branch_labels.py
[2025-01-23T20:05:22.549+0000] {processor.py:756} INFO - Processing file /home/airflow/.local/lib/python3.7/site-packages/airflow/example_dags/example_branch_labels.py for tasks to queue
[2025-01-23T20:05:22.553+0000] {logging_mixin.py:120} INFO - [2025-01-23T20:05:22.552+0000] {dagbag.py:537} INFO - Filling up the DagBag from /home/airflow/.local/lib/python3.7/site-packages/airflow/example_dags/example_branch_labels.py
[2025-01-23T20:05:22.626+0000] {processor.py:766} INFO - DAG(s) dict_keys(['example_branch_labels']) retrieved from /home/airflow/.local/lib/python3.7/site-packages/airflow/example_dags/example_branch_labels.py
[2025-01-23T20:05:22.774+0000] {logging_mixin.py:120} INFO - [2025-01-23T20:05:22.774+0000] {dag.py:2585} INFO - Sync 1 DAGs
[2025-01-23T20:05:22.824+0000] {logging_mixin.py:120} INFO - [2025-01-23T20:05:22.824+0000] {dag.py:3340} INFO - Setting next_dagrun for example_branch_labels to 2025-01-22T00:00:00+00:00, run_after=2025-01-23T00:00:00+00:00
[2025-01-23T20:05:22.861+0000] {processor.py:176} INFO - Processing /home/airflow/.local/lib/python3.7/site-packages/airflow/example_dags/example_branch_labels.py took 0.329 seconds
[2025-01-23T20:05:53.261+0000] {processor.py:154} INFO - Started process (PID=46993) to work on /home/airflow/.local/lib/python3.7/site-packages/airflow/example_dags/example_branch_labels.py
[2025-01-23T20:05:53.263+0000] {processor.py:756} INFO - Processing file /home/airflow/.local/lib/python3.7/site-packages/airflow/example_dags/example_branch_labels.py for tasks to queue
[2025-01-23T20:05:53.266+0000] {logging_mixin.py:120} INFO - [2025-01-23T20:05:53.265+0000] {dagbag.py:537} INFO - Filling up the DagBag from /home/airflow/.local/lib/python3.7/site-packages/airflow/example_dags/example_branch_labels.py
[2025-01-23T20:05:53.312+0000] {processor.py:766} INFO - DAG(s) dict_keys(['example_branch_labels']) retrieved from /home/airflow/.local/lib/python3.7/site-packages/airflow/example_dags/example_branch_labels.py
[2025-01-23T20:05:53.395+0000] {logging_mixin.py:120} INFO - [2025-01-23T20:05:53.395+0000] {dag.py:2585} INFO - Sync 1 DAGs
[2025-01-23T20:05:53.438+0000] {logging_mixin.py:120} INFO - [2025-01-23T20:05:53.438+0000] {dag.py:3340} INFO - Setting next_dagrun for example_branch_labels to 2025-01-22T00:00:00+00:00, run_after=2025-01-23T00:00:00+00:00
[2025-01-23T20:05:53.477+0000] {processor.py:176} INFO - Processing /home/airflow/.local/lib/python3.7/site-packages/airflow/example_dags/example_branch_labels.py took 0.224 seconds
[2025-01-23T20:06:24.494+0000] {processor.py:154} INFO - Started process (PID=47057) to work on /home/airflow/.local/lib/python3.7/site-packages/airflow/example_dags/example_branch_labels.py
[2025-01-23T20:06:24.498+0000] {processor.py:756} INFO - Processing file /home/airflow/.local/lib/python3.7/site-packages/airflow/example_dags/example_branch_labels.py for tasks to queue
[2025-01-23T20:06:24.502+0000] {logging_mixin.py:120} INFO - [2025-01-23T20:06:24.502+0000] {dagbag.py:537} INFO - Filling up the DagBag from /home/airflow/.local/lib/python3.7/site-packages/airflow/example_dags/example_branch_labels.py
[2025-01-23T20:06:24.587+0000] {processor.py:766} INFO - DAG(s) dict_keys(['example_branch_labels']) retrieved from /home/airflow/.local/lib/python3.7/site-packages/airflow/example_dags/example_branch_labels.py
[2025-01-23T20:06:24.773+0000] {logging_mixin.py:120} INFO - [2025-01-23T20:06:24.772+0000] {dag.py:2585} INFO - Sync 1 DAGs
[2025-01-23T20:06:24.841+0000] {logging_mixin.py:120} INFO - [2025-01-23T20:06:24.841+0000] {dag.py:3340} INFO - Setting next_dagrun for example_branch_labels to 2025-01-22T00:00:00+00:00, run_after=2025-01-23T00:00:00+00:00
[2025-01-23T20:06:24.876+0000] {processor.py:176} INFO - Processing /home/airflow/.local/lib/python3.7/site-packages/airflow/example_dags/example_branch_labels.py took 0.396 seconds
[2025-01-23T20:06:55.228+0000] {processor.py:154} INFO - Started process (PID=47110) to work on /home/airflow/.local/lib/python3.7/site-packages/airflow/example_dags/example_branch_labels.py
[2025-01-23T20:06:55.233+0000] {processor.py:756} INFO - Processing file /home/airflow/.local/lib/python3.7/site-packages/airflow/example_dags/example_branch_labels.py for tasks to queue
[2025-01-23T20:06:55.236+0000] {logging_mixin.py:120} INFO - [2025-01-23T20:06:55.236+0000] {dagbag.py:537} INFO - Filling up the DagBag from /home/airflow/.local/lib/python3.7/site-packages/airflow/example_dags/example_branch_labels.py
[2025-01-23T20:06:55.305+0000] {processor.py:766} INFO - DAG(s) dict_keys(['example_branch_labels']) retrieved from /home/airflow/.local/lib/python3.7/site-packages/airflow/example_dags/example_branch_labels.py
[2025-01-23T20:06:55.492+0000] {logging_mixin.py:120} INFO - [2025-01-23T20:06:55.491+0000] {dag.py:2585} INFO - Sync 1 DAGs
[2025-01-23T20:06:55.583+0000] {logging_mixin.py:120} INFO - [2025-01-23T20:06:55.583+0000] {dag.py:3340} INFO - Setting next_dagrun for example_branch_labels to 2025-01-22T00:00:00+00:00, run_after=2025-01-23T00:00:00+00:00
[2025-01-23T20:06:55.638+0000] {processor.py:176} INFO - Processing /home/airflow/.local/lib/python3.7/site-packages/airflow/example_dags/example_branch_labels.py took 0.424 seconds
[2025-01-23T20:07:26.382+0000] {processor.py:154} INFO - Started process (PID=47174) to work on /home/airflow/.local/lib/python3.7/site-packages/airflow/example_dags/example_branch_labels.py
[2025-01-23T20:07:26.384+0000] {processor.py:756} INFO - Processing file /home/airflow/.local/lib/python3.7/site-packages/airflow/example_dags/example_branch_labels.py for tasks to queue
[2025-01-23T20:07:26.386+0000] {logging_mixin.py:120} INFO - [2025-01-23T20:07:26.386+0000] {dagbag.py:537} INFO - Filling up the DagBag from /home/airflow/.local/lib/python3.7/site-packages/airflow/example_dags/example_branch_labels.py
[2025-01-23T20:07:26.415+0000] {processor.py:766} INFO - DAG(s) dict_keys(['example_branch_labels']) retrieved from /home/airflow/.local/lib/python3.7/site-packages/airflow/example_dags/example_branch_labels.py
[2025-01-23T20:07:26.497+0000] {logging_mixin.py:120} INFO - [2025-01-23T20:07:26.497+0000] {dag.py:2585} INFO - Sync 1 DAGs
[2025-01-23T20:07:26.556+0000] {logging_mixin.py:120} INFO - [2025-01-23T20:07:26.556+0000] {dag.py:3340} INFO - Setting next_dagrun for example_branch_labels to 2025-01-22T00:00:00+00:00, run_after=2025-01-23T00:00:00+00:00
[2025-01-23T20:07:26.607+0000] {processor.py:176} INFO - Processing /home/airflow/.local/lib/python3.7/site-packages/airflow/example_dags/example_branch_labels.py took 0.233 seconds
[2025-01-23T20:07:57.252+0000] {processor.py:154} INFO - Started process (PID=47227) to work on /home/airflow/.local/lib/python3.7/site-packages/airflow/example_dags/example_branch_labels.py
[2025-01-23T20:07:57.257+0000] {processor.py:756} INFO - Processing file /home/airflow/.local/lib/python3.7/site-packages/airflow/example_dags/example_branch_labels.py for tasks to queue
[2025-01-23T20:07:57.262+0000] {logging_mixin.py:120} INFO - [2025-01-23T20:07:57.261+0000] {dagbag.py:537} INFO - Filling up the DagBag from /home/airflow/.local/lib/python3.7/site-packages/airflow/example_dags/example_branch_labels.py
[2025-01-23T20:07:57.330+0000] {processor.py:766} INFO - DAG(s) dict_keys(['example_branch_labels']) retrieved from /home/airflow/.local/lib/python3.7/site-packages/airflow/example_dags/example_branch_labels.py
[2025-01-23T20:07:57.431+0000] {logging_mixin.py:120} INFO - [2025-01-23T20:07:57.430+0000] {dag.py:2585} INFO - Sync 1 DAGs
[2025-01-23T20:07:57.496+0000] {logging_mixin.py:120} INFO - [2025-01-23T20:07:57.496+0000] {dag.py:3340} INFO - Setting next_dagrun for example_branch_labels to 2025-01-22T00:00:00+00:00, run_after=2025-01-23T00:00:00+00:00
[2025-01-23T20:07:57.536+0000] {processor.py:176} INFO - Processing /home/airflow/.local/lib/python3.7/site-packages/airflow/example_dags/example_branch_labels.py took 0.307 seconds
[2025-01-23T20:08:28.260+0000] {processor.py:154} INFO - Started process (PID=47290) to work on /home/airflow/.local/lib/python3.7/site-packages/airflow/example_dags/example_branch_labels.py
[2025-01-23T20:08:28.261+0000] {processor.py:756} INFO - Processing file /home/airflow/.local/lib/python3.7/site-packages/airflow/example_dags/example_branch_labels.py for tasks to queue
[2025-01-23T20:08:28.263+0000] {logging_mixin.py:120} INFO - [2025-01-23T20:08:28.263+0000] {dagbag.py:537} INFO - Filling up the DagBag from /home/airflow/.local/lib/python3.7/site-packages/airflow/example_dags/example_branch_labels.py
[2025-01-23T20:08:28.293+0000] {processor.py:766} INFO - DAG(s) dict_keys(['example_branch_labels']) retrieved from /home/airflow/.local/lib/python3.7/site-packages/airflow/example_dags/example_branch_labels.py
[2025-01-23T20:08:28.377+0000] {logging_mixin.py:120} INFO - [2025-01-23T20:08:28.376+0000] {dag.py:2585} INFO - Sync 1 DAGs
[2025-01-23T20:08:28.441+0000] {logging_mixin.py:120} INFO - [2025-01-23T20:08:28.441+0000] {dag.py:3340} INFO - Setting next_dagrun for example_branch_labels to 2025-01-22T00:00:00+00:00, run_after=2025-01-23T00:00:00+00:00
[2025-01-23T20:08:28.483+0000] {processor.py:176} INFO - Processing /home/airflow/.local/lib/python3.7/site-packages/airflow/example_dags/example_branch_labels.py took 0.230 seconds
[2025-01-23T20:08:58.791+0000] {processor.py:154} INFO - Started process (PID=47343) to work on /home/airflow/.local/lib/python3.7/site-packages/airflow/example_dags/example_branch_labels.py
[2025-01-23T20:08:58.796+0000] {processor.py:756} INFO - Processing file /home/airflow/.local/lib/python3.7/site-packages/airflow/example_dags/example_branch_labels.py for tasks to queue
[2025-01-23T20:08:58.801+0000] {logging_mixin.py:120} INFO - [2025-01-23T20:08:58.801+0000] {dagbag.py:537} INFO - Filling up the DagBag from /home/airflow/.local/lib/python3.7/site-packages/airflow/example_dags/example_branch_labels.py
[2025-01-23T20:08:58.904+0000] {processor.py:766} INFO - DAG(s) dict_keys(['example_branch_labels']) retrieved from /home/airflow/.local/lib/python3.7/site-packages/airflow/example_dags/example_branch_labels.py
[2025-01-23T20:08:59.002+0000] {logging_mixin.py:120} INFO - [2025-01-23T20:08:59.002+0000] {dag.py:2585} INFO - Sync 1 DAGs
[2025-01-23T20:08:59.050+0000] {logging_mixin.py:120} INFO - [2025-01-23T20:08:59.050+0000] {dag.py:3340} INFO - Setting next_dagrun for example_branch_labels to 2025-01-22T00:00:00+00:00, run_after=2025-01-23T00:00:00+00:00
[2025-01-23T20:08:59.089+0000] {processor.py:176} INFO - Processing /home/airflow/.local/lib/python3.7/site-packages/airflow/example_dags/example_branch_labels.py took 0.314 seconds
[2025-01-23T20:09:29.708+0000] {processor.py:154} INFO - Started process (PID=47397) to work on /home/airflow/.local/lib/python3.7/site-packages/airflow/example_dags/example_branch_labels.py
[2025-01-23T20:09:29.712+0000] {processor.py:756} INFO - Processing file /home/airflow/.local/lib/python3.7/site-packages/airflow/example_dags/example_branch_labels.py for tasks to queue
[2025-01-23T20:09:29.716+0000] {logging_mixin.py:120} INFO - [2025-01-23T20:09:29.715+0000] {dagbag.py:537} INFO - Filling up the DagBag from /home/airflow/.local/lib/python3.7/site-packages/airflow/example_dags/example_branch_labels.py
[2025-01-23T20:09:29.781+0000] {processor.py:766} INFO - DAG(s) dict_keys(['example_branch_labels']) retrieved from /home/airflow/.local/lib/python3.7/site-packages/airflow/example_dags/example_branch_labels.py
[2025-01-23T20:09:29.967+0000] {logging_mixin.py:120} INFO - [2025-01-23T20:09:29.967+0000] {dag.py:2585} INFO - Sync 1 DAGs
[2025-01-23T20:09:30.031+0000] {logging_mixin.py:120} INFO - [2025-01-23T20:09:30.031+0000] {dag.py:3340} INFO - Setting next_dagrun for example_branch_labels to 2025-01-22T00:00:00+00:00, run_after=2025-01-23T00:00:00+00:00
[2025-01-23T20:09:30.066+0000] {processor.py:176} INFO - Processing /home/airflow/.local/lib/python3.7/site-packages/airflow/example_dags/example_branch_labels.py took 0.369 seconds
[2025-01-23T20:10:00.156+0000] {processor.py:154} INFO - Started process (PID=47460) to work on /home/airflow/.local/lib/python3.7/site-packages/airflow/example_dags/example_branch_labels.py
[2025-01-23T20:10:00.157+0000] {processor.py:756} INFO - Processing file /home/airflow/.local/lib/python3.7/site-packages/airflow/example_dags/example_branch_labels.py for tasks to queue
[2025-01-23T20:10:00.159+0000] {logging_mixin.py:120} INFO - [2025-01-23T20:10:00.158+0000] {dagbag.py:537} INFO - Filling up the DagBag from /home/airflow/.local/lib/python3.7/site-packages/airflow/example_dags/example_branch_labels.py
[2025-01-23T20:10:00.183+0000] {processor.py:766} INFO - DAG(s) dict_keys(['example_branch_labels']) retrieved from /home/airflow/.local/lib/python3.7/site-packages/airflow/example_dags/example_branch_labels.py
[2025-01-23T20:10:00.251+0000] {logging_mixin.py:120} INFO - [2025-01-23T20:10:00.251+0000] {dag.py:2585} INFO - Sync 1 DAGs
[2025-01-23T20:10:00.297+0000] {logging_mixin.py:120} INFO - [2025-01-23T20:10:00.296+0000] {dag.py:3340} INFO - Setting next_dagrun for example_branch_labels to 2025-01-22T00:00:00+00:00, run_after=2025-01-23T00:00:00+00:00
[2025-01-23T20:10:00.327+0000] {processor.py:176} INFO - Processing /home/airflow/.local/lib/python3.7/site-packages/airflow/example_dags/example_branch_labels.py took 0.177 seconds
[2025-01-23T20:10:31.384+0000] {processor.py:154} INFO - Started process (PID=47514) to work on /home/airflow/.local/lib/python3.7/site-packages/airflow/example_dags/example_branch_labels.py
[2025-01-23T20:10:31.388+0000] {processor.py:756} INFO - Processing file /home/airflow/.local/lib/python3.7/site-packages/airflow/example_dags/example_branch_labels.py for tasks to queue
[2025-01-23T20:10:31.392+0000] {logging_mixin.py:120} INFO - [2025-01-23T20:10:31.391+0000] {dagbag.py:537} INFO - Filling up the DagBag from /home/airflow/.local/lib/python3.7/site-packages/airflow/example_dags/example_branch_labels.py
[2025-01-23T20:10:31.458+0000] {processor.py:766} INFO - DAG(s) dict_keys(['example_branch_labels']) retrieved from /home/airflow/.local/lib/python3.7/site-packages/airflow/example_dags/example_branch_labels.py
[2025-01-23T20:10:31.553+0000] {logging_mixin.py:120} INFO - [2025-01-23T20:10:31.553+0000] {dag.py:2585} INFO - Sync 1 DAGs
[2025-01-23T20:10:31.613+0000] {logging_mixin.py:120} INFO - [2025-01-23T20:10:31.613+0000] {dag.py:3340} INFO - Setting next_dagrun for example_branch_labels to 2025-01-22T00:00:00+00:00, run_after=2025-01-23T00:00:00+00:00
[2025-01-23T20:10:31.655+0000] {processor.py:176} INFO - Processing /home/airflow/.local/lib/python3.7/site-packages/airflow/example_dags/example_branch_labels.py took 0.282 seconds
[2025-01-23T20:11:02.271+0000] {processor.py:154} INFO - Started process (PID=47578) to work on /home/airflow/.local/lib/python3.7/site-packages/airflow/example_dags/example_branch_labels.py
[2025-01-23T20:11:02.275+0000] {processor.py:756} INFO - Processing file /home/airflow/.local/lib/python3.7/site-packages/airflow/example_dags/example_branch_labels.py for tasks to queue
[2025-01-23T20:11:02.279+0000] {logging_mixin.py:120} INFO - [2025-01-23T20:11:02.279+0000] {dagbag.py:537} INFO - Filling up the DagBag from /home/airflow/.local/lib/python3.7/site-packages/airflow/example_dags/example_branch_labels.py
[2025-01-23T20:11:02.349+0000] {processor.py:766} INFO - DAG(s) dict_keys(['example_branch_labels']) retrieved from /home/airflow/.local/lib/python3.7/site-packages/airflow/example_dags/example_branch_labels.py
[2025-01-23T20:11:02.473+0000] {logging_mixin.py:120} INFO - [2025-01-23T20:11:02.473+0000] {dag.py:2585} INFO - Sync 1 DAGs
[2025-01-23T20:11:02.517+0000] {logging_mixin.py:120} INFO - [2025-01-23T20:11:02.517+0000] {dag.py:3340} INFO - Setting next_dagrun for example_branch_labels to 2025-01-22T00:00:00+00:00, run_after=2025-01-23T00:00:00+00:00
[2025-01-23T20:11:02.557+0000] {processor.py:176} INFO - Processing /home/airflow/.local/lib/python3.7/site-packages/airflow/example_dags/example_branch_labels.py took 0.306 seconds
[2025-01-23T20:11:32.760+0000] {processor.py:154} INFO - Started process (PID=47631) to work on /home/airflow/.local/lib/python3.7/site-packages/airflow/example_dags/example_branch_labels.py
[2025-01-23T20:11:32.764+0000] {processor.py:756} INFO - Processing file /home/airflow/.local/lib/python3.7/site-packages/airflow/example_dags/example_branch_labels.py for tasks to queue
[2025-01-23T20:11:32.767+0000] {logging_mixin.py:120} INFO - [2025-01-23T20:11:32.767+0000] {dagbag.py:537} INFO - Filling up the DagBag from /home/airflow/.local/lib/python3.7/site-packages/airflow/example_dags/example_branch_labels.py
[2025-01-23T20:11:32.844+0000] {processor.py:766} INFO - DAG(s) dict_keys(['example_branch_labels']) retrieved from /home/airflow/.local/lib/python3.7/site-packages/airflow/example_dags/example_branch_labels.py
[2025-01-23T20:11:32.929+0000] {logging_mixin.py:120} INFO - [2025-01-23T20:11:32.928+0000] {dag.py:2585} INFO - Sync 1 DAGs
[2025-01-23T20:11:32.976+0000] {logging_mixin.py:120} INFO - [2025-01-23T20:11:32.976+0000] {dag.py:3340} INFO - Setting next_dagrun for example_branch_labels to 2025-01-22T00:00:00+00:00, run_after=2025-01-23T00:00:00+00:00
[2025-01-23T20:11:33.011+0000] {processor.py:176} INFO - Processing /home/airflow/.local/lib/python3.7/site-packages/airflow/example_dags/example_branch_labels.py took 0.265 seconds
[2025-01-23T20:12:03.144+0000] {processor.py:154} INFO - Started process (PID=47695) to work on /home/airflow/.local/lib/python3.7/site-packages/airflow/example_dags/example_branch_labels.py
[2025-01-23T20:12:03.146+0000] {processor.py:756} INFO - Processing file /home/airflow/.local/lib/python3.7/site-packages/airflow/example_dags/example_branch_labels.py for tasks to queue
[2025-01-23T20:12:03.158+0000] {logging_mixin.py:120} INFO - [2025-01-23T20:12:03.157+0000] {dagbag.py:537} INFO - Filling up the DagBag from /home/airflow/.local/lib/python3.7/site-packages/airflow/example_dags/example_branch_labels.py
[2025-01-23T20:12:03.266+0000] {processor.py:766} INFO - DAG(s) dict_keys(['example_branch_labels']) retrieved from /home/airflow/.local/lib/python3.7/site-packages/airflow/example_dags/example_branch_labels.py
[2025-01-23T20:12:03.530+0000] {logging_mixin.py:120} INFO - [2025-01-23T20:12:03.529+0000] {dag.py:2585} INFO - Sync 1 DAGs
[2025-01-23T20:12:03.674+0000] {logging_mixin.py:120} INFO - [2025-01-23T20:12:03.674+0000] {dag.py:3340} INFO - Setting next_dagrun for example_branch_labels to 2025-01-22T00:00:00+00:00, run_after=2025-01-23T00:00:00+00:00
[2025-01-23T20:12:03.759+0000] {processor.py:176} INFO - Processing /home/airflow/.local/lib/python3.7/site-packages/airflow/example_dags/example_branch_labels.py took 0.624 seconds
[2025-01-23T20:12:34.160+0000] {processor.py:154} INFO - Started process (PID=47749) to work on /home/airflow/.local/lib/python3.7/site-packages/airflow/example_dags/example_branch_labels.py
[2025-01-23T20:12:34.162+0000] {processor.py:756} INFO - Processing file /home/airflow/.local/lib/python3.7/site-packages/airflow/example_dags/example_branch_labels.py for tasks to queue
[2025-01-23T20:12:34.165+0000] {logging_mixin.py:120} INFO - [2025-01-23T20:12:34.164+0000] {dagbag.py:537} INFO - Filling up the DagBag from /home/airflow/.local/lib/python3.7/site-packages/airflow/example_dags/example_branch_labels.py
[2025-01-23T20:12:34.216+0000] {processor.py:766} INFO - DAG(s) dict_keys(['example_branch_labels']) retrieved from /home/airflow/.local/lib/python3.7/site-packages/airflow/example_dags/example_branch_labels.py
[2025-01-23T20:12:34.341+0000] {logging_mixin.py:120} INFO - [2025-01-23T20:12:34.341+0000] {dag.py:2585} INFO - Sync 1 DAGs
[2025-01-23T20:12:34.451+0000] {logging_mixin.py:120} INFO - [2025-01-23T20:12:34.451+0000] {dag.py:3340} INFO - Setting next_dagrun for example_branch_labels to 2025-01-22T00:00:00+00:00, run_after=2025-01-23T00:00:00+00:00
[2025-01-23T20:12:34.522+0000] {processor.py:176} INFO - Processing /home/airflow/.local/lib/python3.7/site-packages/airflow/example_dags/example_branch_labels.py took 0.378 seconds
