[2025-01-23T19:50:44.919+0000] {processor.py:154} INFO - Started process (PID=45327) to work on /home/airflow/.local/lib/python3.7/site-packages/airflow/example_dags/example_short_circuit_operator.py
[2025-01-23T19:50:44.921+0000] {processor.py:756} INFO - Processing file /home/airflow/.local/lib/python3.7/site-packages/airflow/example_dags/example_short_circuit_operator.py for tasks to queue
[2025-01-23T19:50:44.924+0000] {logging_mixin.py:120} INFO - [2025-01-23T19:50:44.923+0000] {dagbag.py:537} INFO - Filling up the DagBag from /home/airflow/.local/lib/python3.7/site-packages/airflow/example_dags/example_short_circuit_operator.py
[2025-01-23T19:50:44.997+0000] {processor.py:766} INFO - DAG(s) dict_keys(['example_short_circuit_operator']) retrieved from /home/airflow/.local/lib/python3.7/site-packages/airflow/example_dags/example_short_circuit_operator.py
[2025-01-23T19:50:45.241+0000] {logging_mixin.py:120} INFO - [2025-01-23T19:50:45.241+0000] {dag.py:2585} INFO - Sync 1 DAGs
[2025-01-23T19:50:45.415+0000] {logging_mixin.py:120} INFO - [2025-01-23T19:50:45.414+0000] {dag.py:3340} INFO - Setting next_dagrun for example_short_circuit_operator to 2025-01-22T19:50:45.414266+00:00, run_after=2025-01-23T19:50:45.414266+00:00
[2025-01-23T19:50:45.540+0000] {processor.py:176} INFO - Processing /home/airflow/.local/lib/python3.7/site-packages/airflow/example_dags/example_short_circuit_operator.py took 0.631 seconds
[2025-01-23T19:51:19.267+0000] {processor.py:154} INFO - Started process (PID=45382) to work on /home/airflow/.local/lib/python3.7/site-packages/airflow/example_dags/example_short_circuit_operator.py
[2025-01-23T19:51:19.280+0000] {processor.py:756} INFO - Processing file /home/airflow/.local/lib/python3.7/site-packages/airflow/example_dags/example_short_circuit_operator.py for tasks to queue
[2025-01-23T19:51:19.282+0000] {logging_mixin.py:120} INFO - [2025-01-23T19:51:19.281+0000] {dagbag.py:537} INFO - Filling up the DagBag from /home/airflow/.local/lib/python3.7/site-packages/airflow/example_dags/example_short_circuit_operator.py
[2025-01-23T19:51:19.397+0000] {processor.py:766} INFO - DAG(s) dict_keys(['example_short_circuit_operator']) retrieved from /home/airflow/.local/lib/python3.7/site-packages/airflow/example_dags/example_short_circuit_operator.py
[2025-01-23T19:51:19.667+0000] {logging_mixin.py:120} INFO - [2025-01-23T19:51:19.667+0000] {dag.py:2585} INFO - Sync 1 DAGs
[2025-01-23T19:51:19.825+0000] {logging_mixin.py:120} INFO - [2025-01-23T19:51:19.825+0000] {dag.py:3340} INFO - Setting next_dagrun for example_short_circuit_operator to 2025-01-22T19:51:19.824556+00:00, run_after=2025-01-23T19:51:19.824556+00:00
[2025-01-23T19:51:19.946+0000] {processor.py:176} INFO - Processing /home/airflow/.local/lib/python3.7/site-packages/airflow/example_dags/example_short_circuit_operator.py took 0.692 seconds
[2025-01-23T19:51:52.303+0000] {processor.py:154} INFO - Started process (PID=45436) to work on /home/airflow/.local/lib/python3.7/site-packages/airflow/example_dags/example_short_circuit_operator.py
[2025-01-23T19:51:52.305+0000] {processor.py:756} INFO - Processing file /home/airflow/.local/lib/python3.7/site-packages/airflow/example_dags/example_short_circuit_operator.py for tasks to queue
[2025-01-23T19:51:52.317+0000] {logging_mixin.py:120} INFO - [2025-01-23T19:51:52.307+0000] {dagbag.py:537} INFO - Filling up the DagBag from /home/airflow/.local/lib/python3.7/site-packages/airflow/example_dags/example_short_circuit_operator.py
[2025-01-23T19:51:52.433+0000] {processor.py:766} INFO - DAG(s) dict_keys(['example_short_circuit_operator']) retrieved from /home/airflow/.local/lib/python3.7/site-packages/airflow/example_dags/example_short_circuit_operator.py
[2025-01-23T19:51:52.696+0000] {logging_mixin.py:120} INFO - [2025-01-23T19:51:52.696+0000] {dag.py:2585} INFO - Sync 1 DAGs
[2025-01-23T19:51:52.858+0000] {logging_mixin.py:120} INFO - [2025-01-23T19:51:52.858+0000] {dag.py:3340} INFO - Setting next_dagrun for example_short_circuit_operator to 2025-01-22T19:51:52.857473+00:00, run_after=2025-01-23T19:51:52.857473+00:00
[2025-01-23T19:51:52.929+0000] {processor.py:176} INFO - Processing /home/airflow/.local/lib/python3.7/site-packages/airflow/example_dags/example_short_circuit_operator.py took 0.638 seconds
[2025-01-23T19:52:23.359+0000] {processor.py:154} INFO - Started process (PID=45490) to work on /home/airflow/.local/lib/python3.7/site-packages/airflow/example_dags/example_short_circuit_operator.py
[2025-01-23T19:52:23.365+0000] {processor.py:756} INFO - Processing file /home/airflow/.local/lib/python3.7/site-packages/airflow/example_dags/example_short_circuit_operator.py for tasks to queue
[2025-01-23T19:52:23.367+0000] {logging_mixin.py:120} INFO - [2025-01-23T19:52:23.367+0000] {dagbag.py:537} INFO - Filling up the DagBag from /home/airflow/.local/lib/python3.7/site-packages/airflow/example_dags/example_short_circuit_operator.py
[2025-01-23T19:52:23.427+0000] {processor.py:766} INFO - DAG(s) dict_keys(['example_short_circuit_operator']) retrieved from /home/airflow/.local/lib/python3.7/site-packages/airflow/example_dags/example_short_circuit_operator.py
[2025-01-23T19:52:23.580+0000] {logging_mixin.py:120} INFO - [2025-01-23T19:52:23.580+0000] {dag.py:2585} INFO - Sync 1 DAGs
[2025-01-23T19:52:23.688+0000] {logging_mixin.py:120} INFO - [2025-01-23T19:52:23.688+0000] {dag.py:3340} INFO - Setting next_dagrun for example_short_circuit_operator to 2025-01-22T19:52:23.687807+00:00, run_after=2025-01-23T19:52:23.687807+00:00
[2025-01-23T19:52:23.773+0000] {processor.py:176} INFO - Processing /home/airflow/.local/lib/python3.7/site-packages/airflow/example_dags/example_short_circuit_operator.py took 0.429 seconds
[2025-01-23T19:52:53.905+0000] {processor.py:154} INFO - Started process (PID=45543) to work on /home/airflow/.local/lib/python3.7/site-packages/airflow/example_dags/example_short_circuit_operator.py
[2025-01-23T19:52:53.908+0000] {processor.py:756} INFO - Processing file /home/airflow/.local/lib/python3.7/site-packages/airflow/example_dags/example_short_circuit_operator.py for tasks to queue
[2025-01-23T19:52:53.910+0000] {logging_mixin.py:120} INFO - [2025-01-23T19:52:53.910+0000] {dagbag.py:537} INFO - Filling up the DagBag from /home/airflow/.local/lib/python3.7/site-packages/airflow/example_dags/example_short_circuit_operator.py
[2025-01-23T19:52:53.999+0000] {processor.py:766} INFO - DAG(s) dict_keys(['example_short_circuit_operator']) retrieved from /home/airflow/.local/lib/python3.7/site-packages/airflow/example_dags/example_short_circuit_operator.py
[2025-01-23T19:52:54.187+0000] {logging_mixin.py:120} INFO - [2025-01-23T19:52:54.174+0000] {dag.py:2585} INFO - Sync 1 DAGs
[2025-01-23T19:52:54.289+0000] {logging_mixin.py:120} INFO - [2025-01-23T19:52:54.289+0000] {dag.py:3340} INFO - Setting next_dagrun for example_short_circuit_operator to 2025-01-22T19:52:54.288871+00:00, run_after=2025-01-23T19:52:54.288871+00:00
[2025-01-23T19:52:54.365+0000] {processor.py:176} INFO - Processing /home/airflow/.local/lib/python3.7/site-packages/airflow/example_dags/example_short_circuit_operator.py took 0.489 seconds
[2025-01-23T19:53:24.903+0000] {processor.py:154} INFO - Started process (PID=45597) to work on /home/airflow/.local/lib/python3.7/site-packages/airflow/example_dags/example_short_circuit_operator.py
[2025-01-23T19:53:24.907+0000] {processor.py:756} INFO - Processing file /home/airflow/.local/lib/python3.7/site-packages/airflow/example_dags/example_short_circuit_operator.py for tasks to queue
[2025-01-23T19:53:24.915+0000] {logging_mixin.py:120} INFO - [2025-01-23T19:53:24.913+0000] {dagbag.py:537} INFO - Filling up the DagBag from /home/airflow/.local/lib/python3.7/site-packages/airflow/example_dags/example_short_circuit_operator.py
[2025-01-23T19:53:25.024+0000] {processor.py:766} INFO - DAG(s) dict_keys(['example_short_circuit_operator']) retrieved from /home/airflow/.local/lib/python3.7/site-packages/airflow/example_dags/example_short_circuit_operator.py
[2025-01-23T19:53:25.108+0000] {logging_mixin.py:120} INFO - [2025-01-23T19:53:25.107+0000] {dag.py:2585} INFO - Sync 1 DAGs
[2025-01-23T19:53:25.183+0000] {logging_mixin.py:120} INFO - [2025-01-23T19:53:25.182+0000] {dag.py:3340} INFO - Setting next_dagrun for example_short_circuit_operator to 2025-01-22T19:53:25.182193+00:00, run_after=2025-01-23T19:53:25.182193+00:00
[2025-01-23T19:53:25.231+0000] {processor.py:176} INFO - Processing /home/airflow/.local/lib/python3.7/site-packages/airflow/example_dags/example_short_circuit_operator.py took 0.344 seconds
[2025-01-23T19:53:55.573+0000] {processor.py:154} INFO - Started process (PID=45651) to work on /home/airflow/.local/lib/python3.7/site-packages/airflow/example_dags/example_short_circuit_operator.py
[2025-01-23T19:53:55.577+0000] {processor.py:756} INFO - Processing file /home/airflow/.local/lib/python3.7/site-packages/airflow/example_dags/example_short_circuit_operator.py for tasks to queue
[2025-01-23T19:53:55.580+0000] {logging_mixin.py:120} INFO - [2025-01-23T19:53:55.580+0000] {dagbag.py:537} INFO - Filling up the DagBag from /home/airflow/.local/lib/python3.7/site-packages/airflow/example_dags/example_short_circuit_operator.py
[2025-01-23T19:53:55.682+0000] {processor.py:766} INFO - DAG(s) dict_keys(['example_short_circuit_operator']) retrieved from /home/airflow/.local/lib/python3.7/site-packages/airflow/example_dags/example_short_circuit_operator.py
[2025-01-23T19:53:55.906+0000] {logging_mixin.py:120} INFO - [2025-01-23T19:53:55.906+0000] {dag.py:2585} INFO - Sync 1 DAGs
[2025-01-23T19:53:55.974+0000] {logging_mixin.py:120} INFO - [2025-01-23T19:53:55.974+0000] {dag.py:3340} INFO - Setting next_dagrun for example_short_circuit_operator to 2025-01-22T19:53:55.973973+00:00, run_after=2025-01-23T19:53:55.973973+00:00
[2025-01-23T19:53:56.024+0000] {processor.py:176} INFO - Processing /home/airflow/.local/lib/python3.7/site-packages/airflow/example_dags/example_short_circuit_operator.py took 0.463 seconds
[2025-01-23T19:54:27.245+0000] {processor.py:154} INFO - Started process (PID=45714) to work on /home/airflow/.local/lib/python3.7/site-packages/airflow/example_dags/example_short_circuit_operator.py
[2025-01-23T19:54:27.247+0000] {processor.py:756} INFO - Processing file /home/airflow/.local/lib/python3.7/site-packages/airflow/example_dags/example_short_circuit_operator.py for tasks to queue
[2025-01-23T19:54:27.250+0000] {logging_mixin.py:120} INFO - [2025-01-23T19:54:27.250+0000] {dagbag.py:537} INFO - Filling up the DagBag from /home/airflow/.local/lib/python3.7/site-packages/airflow/example_dags/example_short_circuit_operator.py
[2025-01-23T19:54:27.333+0000] {processor.py:766} INFO - DAG(s) dict_keys(['example_short_circuit_operator']) retrieved from /home/airflow/.local/lib/python3.7/site-packages/airflow/example_dags/example_short_circuit_operator.py
[2025-01-23T19:54:27.468+0000] {logging_mixin.py:120} INFO - [2025-01-23T19:54:27.468+0000] {dag.py:2585} INFO - Sync 1 DAGs
[2025-01-23T19:54:27.566+0000] {logging_mixin.py:120} INFO - [2025-01-23T19:54:27.565+0000] {dag.py:3340} INFO - Setting next_dagrun for example_short_circuit_operator to 2025-01-22T19:54:27.565331+00:00, run_after=2025-01-23T19:54:27.565331+00:00
[2025-01-23T19:54:27.684+0000] {processor.py:176} INFO - Processing /home/airflow/.local/lib/python3.7/site-packages/airflow/example_dags/example_short_circuit_operator.py took 0.452 seconds
[2025-01-23T19:54:58.084+0000] {processor.py:154} INFO - Started process (PID=45768) to work on /home/airflow/.local/lib/python3.7/site-packages/airflow/example_dags/example_short_circuit_operator.py
[2025-01-23T19:54:58.086+0000] {processor.py:756} INFO - Processing file /home/airflow/.local/lib/python3.7/site-packages/airflow/example_dags/example_short_circuit_operator.py for tasks to queue
[2025-01-23T19:54:58.087+0000] {logging_mixin.py:120} INFO - [2025-01-23T19:54:58.087+0000] {dagbag.py:537} INFO - Filling up the DagBag from /home/airflow/.local/lib/python3.7/site-packages/airflow/example_dags/example_short_circuit_operator.py
[2025-01-23T19:54:58.117+0000] {processor.py:766} INFO - DAG(s) dict_keys(['example_short_circuit_operator']) retrieved from /home/airflow/.local/lib/python3.7/site-packages/airflow/example_dags/example_short_circuit_operator.py
[2025-01-23T19:54:58.192+0000] {logging_mixin.py:120} INFO - [2025-01-23T19:54:58.192+0000] {dag.py:2585} INFO - Sync 1 DAGs
[2025-01-23T19:54:58.238+0000] {logging_mixin.py:120} INFO - [2025-01-23T19:54:58.237+0000] {dag.py:3340} INFO - Setting next_dagrun for example_short_circuit_operator to 2025-01-22T19:54:58.237547+00:00, run_after=2025-01-23T19:54:58.237547+00:00
[2025-01-23T19:54:58.275+0000] {processor.py:176} INFO - Processing /home/airflow/.local/lib/python3.7/site-packages/airflow/example_dags/example_short_circuit_operator.py took 0.196 seconds
[2025-01-23T19:55:28.828+0000] {processor.py:154} INFO - Started process (PID=45823) to work on /home/airflow/.local/lib/python3.7/site-packages/airflow/example_dags/example_short_circuit_operator.py
[2025-01-23T19:55:28.830+0000] {processor.py:756} INFO - Processing file /home/airflow/.local/lib/python3.7/site-packages/airflow/example_dags/example_short_circuit_operator.py for tasks to queue
[2025-01-23T19:55:28.831+0000] {logging_mixin.py:120} INFO - [2025-01-23T19:55:28.831+0000] {dagbag.py:537} INFO - Filling up the DagBag from /home/airflow/.local/lib/python3.7/site-packages/airflow/example_dags/example_short_circuit_operator.py
[2025-01-23T19:55:28.872+0000] {processor.py:766} INFO - DAG(s) dict_keys(['example_short_circuit_operator']) retrieved from /home/airflow/.local/lib/python3.7/site-packages/airflow/example_dags/example_short_circuit_operator.py
[2025-01-23T19:55:28.976+0000] {logging_mixin.py:120} INFO - [2025-01-23T19:55:28.975+0000] {dag.py:2585} INFO - Sync 1 DAGs
[2025-01-23T19:55:29.035+0000] {logging_mixin.py:120} INFO - [2025-01-23T19:55:29.034+0000] {dag.py:3340} INFO - Setting next_dagrun for example_short_circuit_operator to 2025-01-22T19:55:29.034168+00:00, run_after=2025-01-23T19:55:29.034168+00:00
[2025-01-23T19:55:29.073+0000] {processor.py:176} INFO - Processing /home/airflow/.local/lib/python3.7/site-packages/airflow/example_dags/example_short_circuit_operator.py took 0.251 seconds
[2025-01-23T19:56:01.402+0000] {processor.py:154} INFO - Started process (PID=45886) to work on /home/airflow/.local/lib/python3.7/site-packages/airflow/example_dags/example_short_circuit_operator.py
[2025-01-23T19:56:01.405+0000] {processor.py:756} INFO - Processing file /home/airflow/.local/lib/python3.7/site-packages/airflow/example_dags/example_short_circuit_operator.py for tasks to queue
[2025-01-23T19:56:01.413+0000] {logging_mixin.py:120} INFO - [2025-01-23T19:56:01.413+0000] {dagbag.py:537} INFO - Filling up the DagBag from /home/airflow/.local/lib/python3.7/site-packages/airflow/example_dags/example_short_circuit_operator.py
[2025-01-23T19:56:01.489+0000] {processor.py:766} INFO - DAG(s) dict_keys(['example_short_circuit_operator']) retrieved from /home/airflow/.local/lib/python3.7/site-packages/airflow/example_dags/example_short_circuit_operator.py
[2025-01-23T19:56:01.754+0000] {logging_mixin.py:120} INFO - [2025-01-23T19:56:01.754+0000] {dag.py:2585} INFO - Sync 1 DAGs
[2025-01-23T19:56:01.953+0000] {logging_mixin.py:120} INFO - [2025-01-23T19:56:01.944+0000] {dag.py:3340} INFO - Setting next_dagrun for example_short_circuit_operator to 2025-01-22T19:56:01.944307+00:00, run_after=2025-01-23T19:56:01.944307+00:00
[2025-01-23T19:56:02.060+0000] {processor.py:176} INFO - Processing /home/airflow/.local/lib/python3.7/site-packages/airflow/example_dags/example_short_circuit_operator.py took 0.677 seconds
[2025-01-23T19:56:32.675+0000] {processor.py:154} INFO - Started process (PID=45940) to work on /home/airflow/.local/lib/python3.7/site-packages/airflow/example_dags/example_short_circuit_operator.py
[2025-01-23T19:56:32.677+0000] {processor.py:756} INFO - Processing file /home/airflow/.local/lib/python3.7/site-packages/airflow/example_dags/example_short_circuit_operator.py for tasks to queue
[2025-01-23T19:56:32.679+0000] {logging_mixin.py:120} INFO - [2025-01-23T19:56:32.678+0000] {dagbag.py:537} INFO - Filling up the DagBag from /home/airflow/.local/lib/python3.7/site-packages/airflow/example_dags/example_short_circuit_operator.py
[2025-01-23T19:56:32.722+0000] {processor.py:766} INFO - DAG(s) dict_keys(['example_short_circuit_operator']) retrieved from /home/airflow/.local/lib/python3.7/site-packages/airflow/example_dags/example_short_circuit_operator.py
[2025-01-23T19:56:32.854+0000] {logging_mixin.py:120} INFO - [2025-01-23T19:56:32.853+0000] {dag.py:2585} INFO - Sync 1 DAGs
[2025-01-23T19:56:32.946+0000] {logging_mixin.py:120} INFO - [2025-01-23T19:56:32.946+0000] {dag.py:3340} INFO - Setting next_dagrun for example_short_circuit_operator to 2025-01-22T19:56:32.945897+00:00, run_after=2025-01-23T19:56:32.945897+00:00
[2025-01-23T19:56:32.999+0000] {processor.py:176} INFO - Processing /home/airflow/.local/lib/python3.7/site-packages/airflow/example_dags/example_short_circuit_operator.py took 0.331 seconds
[2025-01-23T19:57:03.350+0000] {processor.py:154} INFO - Started process (PID=45994) to work on /home/airflow/.local/lib/python3.7/site-packages/airflow/example_dags/example_short_circuit_operator.py
[2025-01-23T19:57:03.352+0000] {processor.py:756} INFO - Processing file /home/airflow/.local/lib/python3.7/site-packages/airflow/example_dags/example_short_circuit_operator.py for tasks to queue
[2025-01-23T19:57:03.353+0000] {logging_mixin.py:120} INFO - [2025-01-23T19:57:03.353+0000] {dagbag.py:537} INFO - Filling up the DagBag from /home/airflow/.local/lib/python3.7/site-packages/airflow/example_dags/example_short_circuit_operator.py
[2025-01-23T19:57:03.388+0000] {processor.py:766} INFO - DAG(s) dict_keys(['example_short_circuit_operator']) retrieved from /home/airflow/.local/lib/python3.7/site-packages/airflow/example_dags/example_short_circuit_operator.py
[2025-01-23T19:57:03.468+0000] {logging_mixin.py:120} INFO - [2025-01-23T19:57:03.467+0000] {dag.py:2585} INFO - Sync 1 DAGs
[2025-01-23T19:57:03.514+0000] {logging_mixin.py:120} INFO - [2025-01-23T19:57:03.513+0000] {dag.py:3340} INFO - Setting next_dagrun for example_short_circuit_operator to 2025-01-22T19:57:03.513544+00:00, run_after=2025-01-23T19:57:03.513544+00:00
[2025-01-23T19:57:03.552+0000] {processor.py:176} INFO - Processing /home/airflow/.local/lib/python3.7/site-packages/airflow/example_dags/example_short_circuit_operator.py took 0.208 seconds
[2025-01-23T19:57:33.832+0000] {processor.py:154} INFO - Started process (PID=46048) to work on /home/airflow/.local/lib/python3.7/site-packages/airflow/example_dags/example_short_circuit_operator.py
[2025-01-23T19:57:33.834+0000] {processor.py:756} INFO - Processing file /home/airflow/.local/lib/python3.7/site-packages/airflow/example_dags/example_short_circuit_operator.py for tasks to queue
[2025-01-23T19:57:33.836+0000] {logging_mixin.py:120} INFO - [2025-01-23T19:57:33.836+0000] {dagbag.py:537} INFO - Filling up the DagBag from /home/airflow/.local/lib/python3.7/site-packages/airflow/example_dags/example_short_circuit_operator.py
[2025-01-23T19:57:33.870+0000] {processor.py:766} INFO - DAG(s) dict_keys(['example_short_circuit_operator']) retrieved from /home/airflow/.local/lib/python3.7/site-packages/airflow/example_dags/example_short_circuit_operator.py
[2025-01-23T19:57:33.951+0000] {logging_mixin.py:120} INFO - [2025-01-23T19:57:33.951+0000] {dag.py:2585} INFO - Sync 1 DAGs
[2025-01-23T19:57:34.005+0000] {logging_mixin.py:120} INFO - [2025-01-23T19:57:34.004+0000] {dag.py:3340} INFO - Setting next_dagrun for example_short_circuit_operator to 2025-01-22T19:57:34.004275+00:00, run_after=2025-01-23T19:57:34.004275+00:00
[2025-01-23T19:57:34.065+0000] {processor.py:176} INFO - Processing /home/airflow/.local/lib/python3.7/site-packages/airflow/example_dags/example_short_circuit_operator.py took 0.239 seconds
[2025-01-23T19:58:04.768+0000] {processor.py:154} INFO - Started process (PID=46111) to work on /home/airflow/.local/lib/python3.7/site-packages/airflow/example_dags/example_short_circuit_operator.py
[2025-01-23T19:58:04.774+0000] {processor.py:756} INFO - Processing file /home/airflow/.local/lib/python3.7/site-packages/airflow/example_dags/example_short_circuit_operator.py for tasks to queue
[2025-01-23T19:58:04.776+0000] {logging_mixin.py:120} INFO - [2025-01-23T19:58:04.776+0000] {dagbag.py:537} INFO - Filling up the DagBag from /home/airflow/.local/lib/python3.7/site-packages/airflow/example_dags/example_short_circuit_operator.py
[2025-01-23T19:58:04.818+0000] {processor.py:766} INFO - DAG(s) dict_keys(['example_short_circuit_operator']) retrieved from /home/airflow/.local/lib/python3.7/site-packages/airflow/example_dags/example_short_circuit_operator.py
[2025-01-23T19:58:04.940+0000] {logging_mixin.py:120} INFO - [2025-01-23T19:58:04.940+0000] {dag.py:2585} INFO - Sync 1 DAGs
[2025-01-23T19:58:05.015+0000] {logging_mixin.py:120} INFO - [2025-01-23T19:58:05.014+0000] {dag.py:3340} INFO - Setting next_dagrun for example_short_circuit_operator to 2025-01-22T19:58:05.013789+00:00, run_after=2025-01-23T19:58:05.013789+00:00
[2025-01-23T19:58:05.074+0000] {processor.py:176} INFO - Processing /home/airflow/.local/lib/python3.7/site-packages/airflow/example_dags/example_short_circuit_operator.py took 0.315 seconds
[2025-01-23T19:58:35.406+0000] {processor.py:154} INFO - Started process (PID=46165) to work on /home/airflow/.local/lib/python3.7/site-packages/airflow/example_dags/example_short_circuit_operator.py
[2025-01-23T19:58:35.407+0000] {processor.py:756} INFO - Processing file /home/airflow/.local/lib/python3.7/site-packages/airflow/example_dags/example_short_circuit_operator.py for tasks to queue
[2025-01-23T19:58:35.409+0000] {logging_mixin.py:120} INFO - [2025-01-23T19:58:35.409+0000] {dagbag.py:537} INFO - Filling up the DagBag from /home/airflow/.local/lib/python3.7/site-packages/airflow/example_dags/example_short_circuit_operator.py
[2025-01-23T19:58:35.445+0000] {processor.py:766} INFO - DAG(s) dict_keys(['example_short_circuit_operator']) retrieved from /home/airflow/.local/lib/python3.7/site-packages/airflow/example_dags/example_short_circuit_operator.py
[2025-01-23T19:58:35.532+0000] {logging_mixin.py:120} INFO - [2025-01-23T19:58:35.532+0000] {dag.py:2585} INFO - Sync 1 DAGs
[2025-01-23T19:58:35.583+0000] {logging_mixin.py:120} INFO - [2025-01-23T19:58:35.582+0000] {dag.py:3340} INFO - Setting next_dagrun for example_short_circuit_operator to 2025-01-22T19:58:35.582368+00:00, run_after=2025-01-23T19:58:35.582368+00:00
[2025-01-23T19:58:35.627+0000] {processor.py:176} INFO - Processing /home/airflow/.local/lib/python3.7/site-packages/airflow/example_dags/example_short_circuit_operator.py took 0.227 seconds
[2025-01-23T19:59:06.159+0000] {processor.py:154} INFO - Started process (PID=46219) to work on /home/airflow/.local/lib/python3.7/site-packages/airflow/example_dags/example_short_circuit_operator.py
[2025-01-23T19:59:06.162+0000] {processor.py:756} INFO - Processing file /home/airflow/.local/lib/python3.7/site-packages/airflow/example_dags/example_short_circuit_operator.py for tasks to queue
[2025-01-23T19:59:06.164+0000] {logging_mixin.py:120} INFO - [2025-01-23T19:59:06.164+0000] {dagbag.py:537} INFO - Filling up the DagBag from /home/airflow/.local/lib/python3.7/site-packages/airflow/example_dags/example_short_circuit_operator.py
[2025-01-23T19:59:06.196+0000] {processor.py:766} INFO - DAG(s) dict_keys(['example_short_circuit_operator']) retrieved from /home/airflow/.local/lib/python3.7/site-packages/airflow/example_dags/example_short_circuit_operator.py
[2025-01-23T19:59:06.271+0000] {logging_mixin.py:120} INFO - [2025-01-23T19:59:06.271+0000] {dag.py:2585} INFO - Sync 1 DAGs
[2025-01-23T19:59:06.317+0000] {logging_mixin.py:120} INFO - [2025-01-23T19:59:06.317+0000] {dag.py:3340} INFO - Setting next_dagrun for example_short_circuit_operator to 2025-01-22T19:59:06.316647+00:00, run_after=2025-01-23T19:59:06.316647+00:00
[2025-01-23T19:59:06.356+0000] {processor.py:176} INFO - Processing /home/airflow/.local/lib/python3.7/site-packages/airflow/example_dags/example_short_circuit_operator.py took 0.212 seconds
[2025-01-23T19:59:36.772+0000] {processor.py:154} INFO - Started process (PID=46283) to work on /home/airflow/.local/lib/python3.7/site-packages/airflow/example_dags/example_short_circuit_operator.py
[2025-01-23T19:59:36.775+0000] {processor.py:756} INFO - Processing file /home/airflow/.local/lib/python3.7/site-packages/airflow/example_dags/example_short_circuit_operator.py for tasks to queue
[2025-01-23T19:59:36.777+0000] {logging_mixin.py:120} INFO - [2025-01-23T19:59:36.777+0000] {dagbag.py:537} INFO - Filling up the DagBag from /home/airflow/.local/lib/python3.7/site-packages/airflow/example_dags/example_short_circuit_operator.py
[2025-01-23T19:59:36.836+0000] {processor.py:766} INFO - DAG(s) dict_keys(['example_short_circuit_operator']) retrieved from /home/airflow/.local/lib/python3.7/site-packages/airflow/example_dags/example_short_circuit_operator.py
[2025-01-23T19:59:36.955+0000] {logging_mixin.py:120} INFO - [2025-01-23T19:59:36.955+0000] {dag.py:2585} INFO - Sync 1 DAGs
[2025-01-23T19:59:37.017+0000] {logging_mixin.py:120} INFO - [2025-01-23T19:59:37.017+0000] {dag.py:3340} INFO - Setting next_dagrun for example_short_circuit_operator to 2025-01-22T19:59:37.017030+00:00, run_after=2025-01-23T19:59:37.017030+00:00
[2025-01-23T19:59:37.070+0000] {processor.py:176} INFO - Processing /home/airflow/.local/lib/python3.7/site-packages/airflow/example_dags/example_short_circuit_operator.py took 0.307 seconds
[2025-01-23T20:00:07.486+0000] {processor.py:154} INFO - Started process (PID=46338) to work on /home/airflow/.local/lib/python3.7/site-packages/airflow/example_dags/example_short_circuit_operator.py
[2025-01-23T20:00:07.488+0000] {processor.py:756} INFO - Processing file /home/airflow/.local/lib/python3.7/site-packages/airflow/example_dags/example_short_circuit_operator.py for tasks to queue
[2025-01-23T20:00:07.489+0000] {logging_mixin.py:120} INFO - [2025-01-23T20:00:07.489+0000] {dagbag.py:537} INFO - Filling up the DagBag from /home/airflow/.local/lib/python3.7/site-packages/airflow/example_dags/example_short_circuit_operator.py
[2025-01-23T20:00:07.522+0000] {processor.py:766} INFO - DAG(s) dict_keys(['example_short_circuit_operator']) retrieved from /home/airflow/.local/lib/python3.7/site-packages/airflow/example_dags/example_short_circuit_operator.py
[2025-01-23T20:00:07.597+0000] {logging_mixin.py:120} INFO - [2025-01-23T20:00:07.597+0000] {dag.py:2585} INFO - Sync 1 DAGs
[2025-01-23T20:00:07.644+0000] {logging_mixin.py:120} INFO - [2025-01-23T20:00:07.644+0000] {dag.py:3340} INFO - Setting next_dagrun for example_short_circuit_operator to 2025-01-22T20:00:07.644291+00:00, run_after=2025-01-23T20:00:07.644291+00:00
[2025-01-23T20:00:07.676+0000] {processor.py:176} INFO - Processing /home/airflow/.local/lib/python3.7/site-packages/airflow/example_dags/example_short_circuit_operator.py took 0.195 seconds
[2025-01-23T20:00:38.530+0000] {processor.py:154} INFO - Started process (PID=46392) to work on /home/airflow/.local/lib/python3.7/site-packages/airflow/example_dags/example_short_circuit_operator.py
[2025-01-23T20:00:38.532+0000] {processor.py:756} INFO - Processing file /home/airflow/.local/lib/python3.7/site-packages/airflow/example_dags/example_short_circuit_operator.py for tasks to queue
[2025-01-23T20:00:38.534+0000] {logging_mixin.py:120} INFO - [2025-01-23T20:00:38.533+0000] {dagbag.py:537} INFO - Filling up the DagBag from /home/airflow/.local/lib/python3.7/site-packages/airflow/example_dags/example_short_circuit_operator.py
[2025-01-23T20:00:38.574+0000] {processor.py:766} INFO - DAG(s) dict_keys(['example_short_circuit_operator']) retrieved from /home/airflow/.local/lib/python3.7/site-packages/airflow/example_dags/example_short_circuit_operator.py
[2025-01-23T20:00:38.663+0000] {logging_mixin.py:120} INFO - [2025-01-23T20:00:38.663+0000] {dag.py:2585} INFO - Sync 1 DAGs
[2025-01-23T20:00:38.712+0000] {logging_mixin.py:120} INFO - [2025-01-23T20:00:38.712+0000] {dag.py:3340} INFO - Setting next_dagrun for example_short_circuit_operator to 2025-01-22T20:00:38.711896+00:00, run_after=2025-01-23T20:00:38.711896+00:00
[2025-01-23T20:00:38.753+0000] {processor.py:176} INFO - Processing /home/airflow/.local/lib/python3.7/site-packages/airflow/example_dags/example_short_circuit_operator.py took 0.229 seconds
[2025-01-23T20:01:09.630+0000] {processor.py:154} INFO - Started process (PID=46456) to work on /home/airflow/.local/lib/python3.7/site-packages/airflow/example_dags/example_short_circuit_operator.py
[2025-01-23T20:01:09.632+0000] {processor.py:756} INFO - Processing file /home/airflow/.local/lib/python3.7/site-packages/airflow/example_dags/example_short_circuit_operator.py for tasks to queue
[2025-01-23T20:01:09.634+0000] {logging_mixin.py:120} INFO - [2025-01-23T20:01:09.633+0000] {dagbag.py:537} INFO - Filling up the DagBag from /home/airflow/.local/lib/python3.7/site-packages/airflow/example_dags/example_short_circuit_operator.py
[2025-01-23T20:01:09.688+0000] {processor.py:766} INFO - DAG(s) dict_keys(['example_short_circuit_operator']) retrieved from /home/airflow/.local/lib/python3.7/site-packages/airflow/example_dags/example_short_circuit_operator.py
[2025-01-23T20:01:09.792+0000] {logging_mixin.py:120} INFO - [2025-01-23T20:01:09.792+0000] {dag.py:2585} INFO - Sync 1 DAGs
[2025-01-23T20:01:09.843+0000] {logging_mixin.py:120} INFO - [2025-01-23T20:01:09.842+0000] {dag.py:3340} INFO - Setting next_dagrun for example_short_circuit_operator to 2025-01-22T20:01:09.842419+00:00, run_after=2025-01-23T20:01:09.842419+00:00
[2025-01-23T20:01:09.887+0000] {processor.py:176} INFO - Processing /home/airflow/.local/lib/python3.7/site-packages/airflow/example_dags/example_short_circuit_operator.py took 0.265 seconds
[2025-01-23T20:01:40.359+0000] {processor.py:154} INFO - Started process (PID=46510) to work on /home/airflow/.local/lib/python3.7/site-packages/airflow/example_dags/example_short_circuit_operator.py
[2025-01-23T20:01:40.361+0000] {processor.py:756} INFO - Processing file /home/airflow/.local/lib/python3.7/site-packages/airflow/example_dags/example_short_circuit_operator.py for tasks to queue
[2025-01-23T20:01:40.363+0000] {logging_mixin.py:120} INFO - [2025-01-23T20:01:40.362+0000] {dagbag.py:537} INFO - Filling up the DagBag from /home/airflow/.local/lib/python3.7/site-packages/airflow/example_dags/example_short_circuit_operator.py
[2025-01-23T20:01:40.403+0000] {processor.py:766} INFO - DAG(s) dict_keys(['example_short_circuit_operator']) retrieved from /home/airflow/.local/lib/python3.7/site-packages/airflow/example_dags/example_short_circuit_operator.py
[2025-01-23T20:01:40.485+0000] {logging_mixin.py:120} INFO - [2025-01-23T20:01:40.485+0000] {dag.py:2585} INFO - Sync 1 DAGs
[2025-01-23T20:01:40.542+0000] {logging_mixin.py:120} INFO - [2025-01-23T20:01:40.541+0000] {dag.py:3340} INFO - Setting next_dagrun for example_short_circuit_operator to 2025-01-22T20:01:40.540853+00:00, run_after=2025-01-23T20:01:40.540853+00:00
[2025-01-23T20:01:40.586+0000] {processor.py:176} INFO - Processing /home/airflow/.local/lib/python3.7/site-packages/airflow/example_dags/example_short_circuit_operator.py took 0.235 seconds
[2025-01-23T20:02:10.985+0000] {processor.py:154} INFO - Started process (PID=46572) to work on /home/airflow/.local/lib/python3.7/site-packages/airflow/example_dags/example_short_circuit_operator.py
[2025-01-23T20:02:10.987+0000] {processor.py:756} INFO - Processing file /home/airflow/.local/lib/python3.7/site-packages/airflow/example_dags/example_short_circuit_operator.py for tasks to queue
[2025-01-23T20:02:10.988+0000] {logging_mixin.py:120} INFO - [2025-01-23T20:02:10.988+0000] {dagbag.py:537} INFO - Filling up the DagBag from /home/airflow/.local/lib/python3.7/site-packages/airflow/example_dags/example_short_circuit_operator.py
[2025-01-23T20:02:11.020+0000] {processor.py:766} INFO - DAG(s) dict_keys(['example_short_circuit_operator']) retrieved from /home/airflow/.local/lib/python3.7/site-packages/airflow/example_dags/example_short_circuit_operator.py
[2025-01-23T20:02:11.109+0000] {logging_mixin.py:120} INFO - [2025-01-23T20:02:11.109+0000] {dag.py:2585} INFO - Sync 1 DAGs
[2025-01-23T20:02:11.163+0000] {logging_mixin.py:120} INFO - [2025-01-23T20:02:11.163+0000] {dag.py:3340} INFO - Setting next_dagrun for example_short_circuit_operator to 2025-01-22T20:02:11.162434+00:00, run_after=2025-01-23T20:02:11.162434+00:00
[2025-01-23T20:02:11.208+0000] {processor.py:176} INFO - Processing /home/airflow/.local/lib/python3.7/site-packages/airflow/example_dags/example_short_circuit_operator.py took 0.228 seconds
[2025-01-23T20:02:41.777+0000] {processor.py:154} INFO - Started process (PID=46626) to work on /home/airflow/.local/lib/python3.7/site-packages/airflow/example_dags/example_short_circuit_operator.py
[2025-01-23T20:02:41.779+0000] {processor.py:756} INFO - Processing file /home/airflow/.local/lib/python3.7/site-packages/airflow/example_dags/example_short_circuit_operator.py for tasks to queue
[2025-01-23T20:02:41.780+0000] {logging_mixin.py:120} INFO - [2025-01-23T20:02:41.780+0000] {dagbag.py:537} INFO - Filling up the DagBag from /home/airflow/.local/lib/python3.7/site-packages/airflow/example_dags/example_short_circuit_operator.py
[2025-01-23T20:02:41.813+0000] {processor.py:766} INFO - DAG(s) dict_keys(['example_short_circuit_operator']) retrieved from /home/airflow/.local/lib/python3.7/site-packages/airflow/example_dags/example_short_circuit_operator.py
[2025-01-23T20:02:41.895+0000] {logging_mixin.py:120} INFO - [2025-01-23T20:02:41.894+0000] {dag.py:2585} INFO - Sync 1 DAGs
[2025-01-23T20:02:41.952+0000] {logging_mixin.py:120} INFO - [2025-01-23T20:02:41.952+0000] {dag.py:3340} INFO - Setting next_dagrun for example_short_circuit_operator to 2025-01-22T20:02:41.951879+00:00, run_after=2025-01-23T20:02:41.951879+00:00
[2025-01-23T20:02:41.994+0000] {processor.py:176} INFO - Processing /home/airflow/.local/lib/python3.7/site-packages/airflow/example_dags/example_short_circuit_operator.py took 0.222 seconds
[2025-01-23T20:03:12.723+0000] {processor.py:154} INFO - Started process (PID=46680) to work on /home/airflow/.local/lib/python3.7/site-packages/airflow/example_dags/example_short_circuit_operator.py
[2025-01-23T20:03:12.728+0000] {processor.py:756} INFO - Processing file /home/airflow/.local/lib/python3.7/site-packages/airflow/example_dags/example_short_circuit_operator.py for tasks to queue
[2025-01-23T20:03:12.733+0000] {logging_mixin.py:120} INFO - [2025-01-23T20:03:12.732+0000] {dagbag.py:537} INFO - Filling up the DagBag from /home/airflow/.local/lib/python3.7/site-packages/airflow/example_dags/example_short_circuit_operator.py
[2025-01-23T20:03:12.829+0000] {processor.py:766} INFO - DAG(s) dict_keys(['example_short_circuit_operator']) retrieved from /home/airflow/.local/lib/python3.7/site-packages/airflow/example_dags/example_short_circuit_operator.py
[2025-01-23T20:03:13.036+0000] {logging_mixin.py:120} INFO - [2025-01-23T20:03:13.035+0000] {dag.py:2585} INFO - Sync 1 DAGs
[2025-01-23T20:03:13.118+0000] {logging_mixin.py:120} INFO - [2025-01-23T20:03:13.118+0000] {dag.py:3340} INFO - Setting next_dagrun for example_short_circuit_operator to 2025-01-22T20:03:13.117912+00:00, run_after=2025-01-23T20:03:13.117912+00:00
[2025-01-23T20:03:13.203+0000] {processor.py:176} INFO - Processing /home/airflow/.local/lib/python3.7/site-packages/airflow/example_dags/example_short_circuit_operator.py took 0.496 seconds
[2025-01-23T20:03:43.373+0000] {processor.py:154} INFO - Started process (PID=46742) to work on /home/airflow/.local/lib/python3.7/site-packages/airflow/example_dags/example_short_circuit_operator.py
[2025-01-23T20:03:43.376+0000] {processor.py:756} INFO - Processing file /home/airflow/.local/lib/python3.7/site-packages/airflow/example_dags/example_short_circuit_operator.py for tasks to queue
[2025-01-23T20:03:43.379+0000] {logging_mixin.py:120} INFO - [2025-01-23T20:03:43.379+0000] {dagbag.py:537} INFO - Filling up the DagBag from /home/airflow/.local/lib/python3.7/site-packages/airflow/example_dags/example_short_circuit_operator.py
[2025-01-23T20:03:43.434+0000] {processor.py:766} INFO - DAG(s) dict_keys(['example_short_circuit_operator']) retrieved from /home/airflow/.local/lib/python3.7/site-packages/airflow/example_dags/example_short_circuit_operator.py
[2025-01-23T20:03:43.566+0000] {logging_mixin.py:120} INFO - [2025-01-23T20:03:43.566+0000] {dag.py:2585} INFO - Sync 1 DAGs
[2025-01-23T20:03:43.643+0000] {logging_mixin.py:120} INFO - [2025-01-23T20:03:43.643+0000] {dag.py:3340} INFO - Setting next_dagrun for example_short_circuit_operator to 2025-01-22T20:03:43.642472+00:00, run_after=2025-01-23T20:03:43.642472+00:00
[2025-01-23T20:03:43.707+0000] {processor.py:176} INFO - Processing /home/airflow/.local/lib/python3.7/site-packages/airflow/example_dags/example_short_circuit_operator.py took 0.343 seconds
[2025-01-23T20:04:14.524+0000] {processor.py:154} INFO - Started process (PID=46797) to work on /home/airflow/.local/lib/python3.7/site-packages/airflow/example_dags/example_short_circuit_operator.py
[2025-01-23T20:04:14.528+0000] {processor.py:756} INFO - Processing file /home/airflow/.local/lib/python3.7/site-packages/airflow/example_dags/example_short_circuit_operator.py for tasks to queue
[2025-01-23T20:04:14.531+0000] {logging_mixin.py:120} INFO - [2025-01-23T20:04:14.531+0000] {dagbag.py:537} INFO - Filling up the DagBag from /home/airflow/.local/lib/python3.7/site-packages/airflow/example_dags/example_short_circuit_operator.py
[2025-01-23T20:04:14.616+0000] {processor.py:766} INFO - DAG(s) dict_keys(['example_short_circuit_operator']) retrieved from /home/airflow/.local/lib/python3.7/site-packages/airflow/example_dags/example_short_circuit_operator.py
[2025-01-23T20:04:14.687+0000] {logging_mixin.py:120} INFO - [2025-01-23T20:04:14.687+0000] {dag.py:2585} INFO - Sync 1 DAGs
[2025-01-23T20:04:14.731+0000] {logging_mixin.py:120} INFO - [2025-01-23T20:04:14.731+0000] {dag.py:3340} INFO - Setting next_dagrun for example_short_circuit_operator to 2025-01-22T20:04:14.730706+00:00, run_after=2025-01-23T20:04:14.730706+00:00
[2025-01-23T20:04:14.765+0000] {processor.py:176} INFO - Processing /home/airflow/.local/lib/python3.7/site-packages/airflow/example_dags/example_short_circuit_operator.py took 0.257 seconds
[2025-01-23T20:04:44.907+0000] {processor.py:154} INFO - Started process (PID=46859) to work on /home/airflow/.local/lib/python3.7/site-packages/airflow/example_dags/example_short_circuit_operator.py
[2025-01-23T20:04:44.911+0000] {processor.py:756} INFO - Processing file /home/airflow/.local/lib/python3.7/site-packages/airflow/example_dags/example_short_circuit_operator.py for tasks to queue
[2025-01-23T20:04:44.916+0000] {logging_mixin.py:120} INFO - [2025-01-23T20:04:44.915+0000] {dagbag.py:537} INFO - Filling up the DagBag from /home/airflow/.local/lib/python3.7/site-packages/airflow/example_dags/example_short_circuit_operator.py
[2025-01-23T20:04:44.992+0000] {processor.py:766} INFO - DAG(s) dict_keys(['example_short_circuit_operator']) retrieved from /home/airflow/.local/lib/python3.7/site-packages/airflow/example_dags/example_short_circuit_operator.py
[2025-01-23T20:04:45.127+0000] {logging_mixin.py:120} INFO - [2025-01-23T20:04:45.126+0000] {dag.py:2585} INFO - Sync 1 DAGs
[2025-01-23T20:04:45.216+0000] {logging_mixin.py:120} INFO - [2025-01-23T20:04:45.216+0000] {dag.py:3340} INFO - Setting next_dagrun for example_short_circuit_operator to 2025-01-22T20:04:45.215657+00:00, run_after=2025-01-23T20:04:45.215657+00:00
[2025-01-23T20:04:45.260+0000] {processor.py:176} INFO - Processing /home/airflow/.local/lib/python3.7/site-packages/airflow/example_dags/example_short_circuit_operator.py took 0.367 seconds
[2025-01-23T20:05:16.173+0000] {processor.py:154} INFO - Started process (PID=46914) to work on /home/airflow/.local/lib/python3.7/site-packages/airflow/example_dags/example_short_circuit_operator.py
[2025-01-23T20:05:16.175+0000] {processor.py:756} INFO - Processing file /home/airflow/.local/lib/python3.7/site-packages/airflow/example_dags/example_short_circuit_operator.py for tasks to queue
[2025-01-23T20:05:16.177+0000] {logging_mixin.py:120} INFO - [2025-01-23T20:05:16.177+0000] {dagbag.py:537} INFO - Filling up the DagBag from /home/airflow/.local/lib/python3.7/site-packages/airflow/example_dags/example_short_circuit_operator.py
[2025-01-23T20:05:16.211+0000] {processor.py:766} INFO - DAG(s) dict_keys(['example_short_circuit_operator']) retrieved from /home/airflow/.local/lib/python3.7/site-packages/airflow/example_dags/example_short_circuit_operator.py
[2025-01-23T20:05:16.286+0000] {logging_mixin.py:120} INFO - [2025-01-23T20:05:16.286+0000] {dag.py:2585} INFO - Sync 1 DAGs
[2025-01-23T20:05:16.350+0000] {logging_mixin.py:120} INFO - [2025-01-23T20:05:16.350+0000] {dag.py:3340} INFO - Setting next_dagrun for example_short_circuit_operator to 2025-01-22T20:05:16.349692+00:00, run_after=2025-01-23T20:05:16.349692+00:00
[2025-01-23T20:05:16.408+0000] {processor.py:176} INFO - Processing /home/airflow/.local/lib/python3.7/site-packages/airflow/example_dags/example_short_circuit_operator.py took 0.241 seconds
[2025-01-23T20:05:46.779+0000] {processor.py:154} INFO - Started process (PID=46977) to work on /home/airflow/.local/lib/python3.7/site-packages/airflow/example_dags/example_short_circuit_operator.py
[2025-01-23T20:05:46.780+0000] {processor.py:756} INFO - Processing file /home/airflow/.local/lib/python3.7/site-packages/airflow/example_dags/example_short_circuit_operator.py for tasks to queue
[2025-01-23T20:05:46.782+0000] {logging_mixin.py:120} INFO - [2025-01-23T20:05:46.782+0000] {dagbag.py:537} INFO - Filling up the DagBag from /home/airflow/.local/lib/python3.7/site-packages/airflow/example_dags/example_short_circuit_operator.py
[2025-01-23T20:05:46.822+0000] {processor.py:766} INFO - DAG(s) dict_keys(['example_short_circuit_operator']) retrieved from /home/airflow/.local/lib/python3.7/site-packages/airflow/example_dags/example_short_circuit_operator.py
[2025-01-23T20:05:46.916+0000] {logging_mixin.py:120} INFO - [2025-01-23T20:05:46.916+0000] {dag.py:2585} INFO - Sync 1 DAGs
[2025-01-23T20:05:46.997+0000] {logging_mixin.py:120} INFO - [2025-01-23T20:05:46.997+0000] {dag.py:3340} INFO - Setting next_dagrun for example_short_circuit_operator to 2025-01-22T20:05:46.996993+00:00, run_after=2025-01-23T20:05:46.996993+00:00
[2025-01-23T20:05:47.047+0000] {processor.py:176} INFO - Processing /home/airflow/.local/lib/python3.7/site-packages/airflow/example_dags/example_short_circuit_operator.py took 0.277 seconds
[2025-01-23T20:06:17.534+0000] {processor.py:154} INFO - Started process (PID=47031) to work on /home/airflow/.local/lib/python3.7/site-packages/airflow/example_dags/example_short_circuit_operator.py
[2025-01-23T20:06:17.540+0000] {processor.py:756} INFO - Processing file /home/airflow/.local/lib/python3.7/site-packages/airflow/example_dags/example_short_circuit_operator.py for tasks to queue
[2025-01-23T20:06:17.546+0000] {logging_mixin.py:120} INFO - [2025-01-23T20:06:17.545+0000] {dagbag.py:537} INFO - Filling up the DagBag from /home/airflow/.local/lib/python3.7/site-packages/airflow/example_dags/example_short_circuit_operator.py
[2025-01-23T20:06:17.595+0000] {processor.py:766} INFO - DAG(s) dict_keys(['example_short_circuit_operator']) retrieved from /home/airflow/.local/lib/python3.7/site-packages/airflow/example_dags/example_short_circuit_operator.py
[2025-01-23T20:06:17.678+0000] {logging_mixin.py:120} INFO - [2025-01-23T20:06:17.678+0000] {dag.py:2585} INFO - Sync 1 DAGs
[2025-01-23T20:06:17.723+0000] {logging_mixin.py:120} INFO - [2025-01-23T20:06:17.723+0000] {dag.py:3340} INFO - Setting next_dagrun for example_short_circuit_operator to 2025-01-22T20:06:17.723380+00:00, run_after=2025-01-23T20:06:17.723380+00:00
[2025-01-23T20:06:17.756+0000] {processor.py:176} INFO - Processing /home/airflow/.local/lib/python3.7/site-packages/airflow/example_dags/example_short_circuit_operator.py took 0.240 seconds
[2025-01-23T20:06:48.466+0000] {processor.py:154} INFO - Started process (PID=47094) to work on /home/airflow/.local/lib/python3.7/site-packages/airflow/example_dags/example_short_circuit_operator.py
[2025-01-23T20:06:48.468+0000] {processor.py:756} INFO - Processing file /home/airflow/.local/lib/python3.7/site-packages/airflow/example_dags/example_short_circuit_operator.py for tasks to queue
[2025-01-23T20:06:48.470+0000] {logging_mixin.py:120} INFO - [2025-01-23T20:06:48.470+0000] {dagbag.py:537} INFO - Filling up the DagBag from /home/airflow/.local/lib/python3.7/site-packages/airflow/example_dags/example_short_circuit_operator.py
[2025-01-23T20:06:48.520+0000] {processor.py:766} INFO - DAG(s) dict_keys(['example_short_circuit_operator']) retrieved from /home/airflow/.local/lib/python3.7/site-packages/airflow/example_dags/example_short_circuit_operator.py
[2025-01-23T20:06:48.619+0000] {logging_mixin.py:120} INFO - [2025-01-23T20:06:48.619+0000] {dag.py:2585} INFO - Sync 1 DAGs
[2025-01-23T20:06:48.682+0000] {logging_mixin.py:120} INFO - [2025-01-23T20:06:48.682+0000] {dag.py:3340} INFO - Setting next_dagrun for example_short_circuit_operator to 2025-01-22T20:06:48.681991+00:00, run_after=2025-01-23T20:06:48.681991+00:00
[2025-01-23T20:06:48.720+0000] {processor.py:176} INFO - Processing /home/airflow/.local/lib/python3.7/site-packages/airflow/example_dags/example_short_circuit_operator.py took 0.262 seconds
[2025-01-23T20:07:19.210+0000] {processor.py:154} INFO - Started process (PID=47148) to work on /home/airflow/.local/lib/python3.7/site-packages/airflow/example_dags/example_short_circuit_operator.py
[2025-01-23T20:07:19.213+0000] {processor.py:756} INFO - Processing file /home/airflow/.local/lib/python3.7/site-packages/airflow/example_dags/example_short_circuit_operator.py for tasks to queue
[2025-01-23T20:07:19.217+0000] {logging_mixin.py:120} INFO - [2025-01-23T20:07:19.217+0000] {dagbag.py:537} INFO - Filling up the DagBag from /home/airflow/.local/lib/python3.7/site-packages/airflow/example_dags/example_short_circuit_operator.py
[2025-01-23T20:07:19.271+0000] {processor.py:766} INFO - DAG(s) dict_keys(['example_short_circuit_operator']) retrieved from /home/airflow/.local/lib/python3.7/site-packages/airflow/example_dags/example_short_circuit_operator.py
[2025-01-23T20:07:19.346+0000] {logging_mixin.py:120} INFO - [2025-01-23T20:07:19.345+0000] {dag.py:2585} INFO - Sync 1 DAGs
[2025-01-23T20:07:19.387+0000] {logging_mixin.py:120} INFO - [2025-01-23T20:07:19.386+0000] {dag.py:3340} INFO - Setting next_dagrun for example_short_circuit_operator to 2025-01-22T20:07:19.386478+00:00, run_after=2025-01-23T20:07:19.386478+00:00
[2025-01-23T20:07:19.419+0000] {processor.py:176} INFO - Processing /home/airflow/.local/lib/python3.7/site-packages/airflow/example_dags/example_short_circuit_operator.py took 0.222 seconds
[2025-01-23T20:07:49.691+0000] {processor.py:154} INFO - Started process (PID=47202) to work on /home/airflow/.local/lib/python3.7/site-packages/airflow/example_dags/example_short_circuit_operator.py
[2025-01-23T20:07:49.695+0000] {processor.py:756} INFO - Processing file /home/airflow/.local/lib/python3.7/site-packages/airflow/example_dags/example_short_circuit_operator.py for tasks to queue
[2025-01-23T20:07:49.706+0000] {logging_mixin.py:120} INFO - [2025-01-23T20:07:49.705+0000] {dagbag.py:537} INFO - Filling up the DagBag from /home/airflow/.local/lib/python3.7/site-packages/airflow/example_dags/example_short_circuit_operator.py
[2025-01-23T20:07:49.754+0000] {processor.py:766} INFO - DAG(s) dict_keys(['example_short_circuit_operator']) retrieved from /home/airflow/.local/lib/python3.7/site-packages/airflow/example_dags/example_short_circuit_operator.py
[2025-01-23T20:07:49.852+0000] {logging_mixin.py:120} INFO - [2025-01-23T20:07:49.852+0000] {dag.py:2585} INFO - Sync 1 DAGs
[2025-01-23T20:07:49.909+0000] {logging_mixin.py:120} INFO - [2025-01-23T20:07:49.908+0000] {dag.py:3340} INFO - Setting next_dagrun for example_short_circuit_operator to 2025-01-22T20:07:49.908462+00:00, run_after=2025-01-23T20:07:49.908462+00:00
[2025-01-23T20:07:49.942+0000] {processor.py:176} INFO - Processing /home/airflow/.local/lib/python3.7/site-packages/airflow/example_dags/example_short_circuit_operator.py took 0.271 seconds
[2025-01-23T20:08:20.405+0000] {processor.py:154} INFO - Started process (PID=47264) to work on /home/airflow/.local/lib/python3.7/site-packages/airflow/example_dags/example_short_circuit_operator.py
[2025-01-23T20:08:20.409+0000] {processor.py:756} INFO - Processing file /home/airflow/.local/lib/python3.7/site-packages/airflow/example_dags/example_short_circuit_operator.py for tasks to queue
[2025-01-23T20:08:20.413+0000] {logging_mixin.py:120} INFO - [2025-01-23T20:08:20.412+0000] {dagbag.py:537} INFO - Filling up the DagBag from /home/airflow/.local/lib/python3.7/site-packages/airflow/example_dags/example_short_circuit_operator.py
[2025-01-23T20:08:20.485+0000] {processor.py:766} INFO - DAG(s) dict_keys(['example_short_circuit_operator']) retrieved from /home/airflow/.local/lib/python3.7/site-packages/airflow/example_dags/example_short_circuit_operator.py
[2025-01-23T20:08:20.562+0000] {logging_mixin.py:120} INFO - [2025-01-23T20:08:20.562+0000] {dag.py:2585} INFO - Sync 1 DAGs
[2025-01-23T20:08:20.609+0000] {logging_mixin.py:120} INFO - [2025-01-23T20:08:20.609+0000] {dag.py:3340} INFO - Setting next_dagrun for example_short_circuit_operator to 2025-01-22T20:08:20.608841+00:00, run_after=2025-01-23T20:08:20.608841+00:00
[2025-01-23T20:08:20.641+0000] {processor.py:176} INFO - Processing /home/airflow/.local/lib/python3.7/site-packages/airflow/example_dags/example_short_circuit_operator.py took 0.251 seconds
[2025-01-23T20:08:51.113+0000] {processor.py:154} INFO - Started process (PID=47318) to work on /home/airflow/.local/lib/python3.7/site-packages/airflow/example_dags/example_short_circuit_operator.py
[2025-01-23T20:08:51.117+0000] {processor.py:756} INFO - Processing file /home/airflow/.local/lib/python3.7/site-packages/airflow/example_dags/example_short_circuit_operator.py for tasks to queue
[2025-01-23T20:08:51.121+0000] {logging_mixin.py:120} INFO - [2025-01-23T20:08:51.120+0000] {dagbag.py:537} INFO - Filling up the DagBag from /home/airflow/.local/lib/python3.7/site-packages/airflow/example_dags/example_short_circuit_operator.py
[2025-01-23T20:08:51.201+0000] {processor.py:766} INFO - DAG(s) dict_keys(['example_short_circuit_operator']) retrieved from /home/airflow/.local/lib/python3.7/site-packages/airflow/example_dags/example_short_circuit_operator.py
[2025-01-23T20:08:51.384+0000] {logging_mixin.py:120} INFO - [2025-01-23T20:08:51.384+0000] {dag.py:2585} INFO - Sync 1 DAGs
[2025-01-23T20:08:51.501+0000] {logging_mixin.py:120} INFO - [2025-01-23T20:08:51.501+0000] {dag.py:3340} INFO - Setting next_dagrun for example_short_circuit_operator to 2025-01-22T20:08:51.500314+00:00, run_after=2025-01-23T20:08:51.500314+00:00
[2025-01-23T20:08:51.583+0000] {processor.py:176} INFO - Processing /home/airflow/.local/lib/python3.7/site-packages/airflow/example_dags/example_short_circuit_operator.py took 0.484 seconds
[2025-01-23T20:09:21.846+0000] {processor.py:154} INFO - Started process (PID=47381) to work on /home/airflow/.local/lib/python3.7/site-packages/airflow/example_dags/example_short_circuit_operator.py
[2025-01-23T20:09:21.848+0000] {processor.py:756} INFO - Processing file /home/airflow/.local/lib/python3.7/site-packages/airflow/example_dags/example_short_circuit_operator.py for tasks to queue
[2025-01-23T20:09:21.850+0000] {logging_mixin.py:120} INFO - [2025-01-23T20:09:21.850+0000] {dagbag.py:537} INFO - Filling up the DagBag from /home/airflow/.local/lib/python3.7/site-packages/airflow/example_dags/example_short_circuit_operator.py
[2025-01-23T20:09:21.879+0000] {processor.py:766} INFO - DAG(s) dict_keys(['example_short_circuit_operator']) retrieved from /home/airflow/.local/lib/python3.7/site-packages/airflow/example_dags/example_short_circuit_operator.py
[2025-01-23T20:09:21.950+0000] {logging_mixin.py:120} INFO - [2025-01-23T20:09:21.950+0000] {dag.py:2585} INFO - Sync 1 DAGs
[2025-01-23T20:09:21.996+0000] {logging_mixin.py:120} INFO - [2025-01-23T20:09:21.996+0000] {dag.py:3340} INFO - Setting next_dagrun for example_short_circuit_operator to 2025-01-22T20:09:21.996288+00:00, run_after=2025-01-23T20:09:21.996288+00:00
[2025-01-23T20:09:22.030+0000] {processor.py:176} INFO - Processing /home/airflow/.local/lib/python3.7/site-packages/airflow/example_dags/example_short_circuit_operator.py took 0.189 seconds
[2025-01-23T20:09:52.785+0000] {processor.py:154} INFO - Started process (PID=47435) to work on /home/airflow/.local/lib/python3.7/site-packages/airflow/example_dags/example_short_circuit_operator.py
[2025-01-23T20:09:52.787+0000] {processor.py:756} INFO - Processing file /home/airflow/.local/lib/python3.7/site-packages/airflow/example_dags/example_short_circuit_operator.py for tasks to queue
[2025-01-23T20:09:52.788+0000] {logging_mixin.py:120} INFO - [2025-01-23T20:09:52.788+0000] {dagbag.py:537} INFO - Filling up the DagBag from /home/airflow/.local/lib/python3.7/site-packages/airflow/example_dags/example_short_circuit_operator.py
[2025-01-23T20:09:52.820+0000] {processor.py:766} INFO - DAG(s) dict_keys(['example_short_circuit_operator']) retrieved from /home/airflow/.local/lib/python3.7/site-packages/airflow/example_dags/example_short_circuit_operator.py
[2025-01-23T20:09:52.889+0000] {logging_mixin.py:120} INFO - [2025-01-23T20:09:52.889+0000] {dag.py:2585} INFO - Sync 1 DAGs
[2025-01-23T20:09:52.930+0000] {logging_mixin.py:120} INFO - [2025-01-23T20:09:52.930+0000] {dag.py:3340} INFO - Setting next_dagrun for example_short_circuit_operator to 2025-01-22T20:09:52.930333+00:00, run_after=2025-01-23T20:09:52.930333+00:00
[2025-01-23T20:09:52.969+0000] {processor.py:176} INFO - Processing /home/airflow/.local/lib/python3.7/site-packages/airflow/example_dags/example_short_circuit_operator.py took 0.189 seconds
[2025-01-23T20:10:23.097+0000] {processor.py:154} INFO - Started process (PID=47497) to work on /home/airflow/.local/lib/python3.7/site-packages/airflow/example_dags/example_short_circuit_operator.py
[2025-01-23T20:10:23.103+0000] {processor.py:756} INFO - Processing file /home/airflow/.local/lib/python3.7/site-packages/airflow/example_dags/example_short_circuit_operator.py for tasks to queue
[2025-01-23T20:10:23.111+0000] {logging_mixin.py:120} INFO - [2025-01-23T20:10:23.111+0000] {dagbag.py:537} INFO - Filling up the DagBag from /home/airflow/.local/lib/python3.7/site-packages/airflow/example_dags/example_short_circuit_operator.py
[2025-01-23T20:10:23.195+0000] {processor.py:766} INFO - DAG(s) dict_keys(['example_short_circuit_operator']) retrieved from /home/airflow/.local/lib/python3.7/site-packages/airflow/example_dags/example_short_circuit_operator.py
[2025-01-23T20:10:23.373+0000] {logging_mixin.py:120} INFO - [2025-01-23T20:10:23.372+0000] {dag.py:2585} INFO - Sync 1 DAGs
[2025-01-23T20:10:23.475+0000] {logging_mixin.py:120} INFO - [2025-01-23T20:10:23.474+0000] {dag.py:3340} INFO - Setting next_dagrun for example_short_circuit_operator to 2025-01-22T20:10:23.473751+00:00, run_after=2025-01-23T20:10:23.473751+00:00
[2025-01-23T20:10:23.556+0000] {processor.py:176} INFO - Processing /home/airflow/.local/lib/python3.7/site-packages/airflow/example_dags/example_short_circuit_operator.py took 0.472 seconds
[2025-01-23T20:10:53.709+0000] {processor.py:154} INFO - Started process (PID=47551) to work on /home/airflow/.local/lib/python3.7/site-packages/airflow/example_dags/example_short_circuit_operator.py
[2025-01-23T20:10:53.713+0000] {processor.py:756} INFO - Processing file /home/airflow/.local/lib/python3.7/site-packages/airflow/example_dags/example_short_circuit_operator.py for tasks to queue
[2025-01-23T20:10:53.716+0000] {logging_mixin.py:120} INFO - [2025-01-23T20:10:53.716+0000] {dagbag.py:537} INFO - Filling up the DagBag from /home/airflow/.local/lib/python3.7/site-packages/airflow/example_dags/example_short_circuit_operator.py
[2025-01-23T20:10:53.807+0000] {processor.py:766} INFO - DAG(s) dict_keys(['example_short_circuit_operator']) retrieved from /home/airflow/.local/lib/python3.7/site-packages/airflow/example_dags/example_short_circuit_operator.py
[2025-01-23T20:10:53.975+0000] {logging_mixin.py:120} INFO - [2025-01-23T20:10:53.975+0000] {dag.py:2585} INFO - Sync 1 DAGs
[2025-01-23T20:10:54.084+0000] {logging_mixin.py:120} INFO - [2025-01-23T20:10:54.084+0000] {dag.py:3340} INFO - Setting next_dagrun for example_short_circuit_operator to 2025-01-22T20:10:54.083338+00:00, run_after=2025-01-23T20:10:54.083338+00:00
[2025-01-23T20:10:54.161+0000] {processor.py:176} INFO - Processing /home/airflow/.local/lib/python3.7/site-packages/airflow/example_dags/example_short_circuit_operator.py took 0.465 seconds
[2025-01-23T20:11:24.709+0000] {processor.py:154} INFO - Started process (PID=47613) to work on /home/airflow/.local/lib/python3.7/site-packages/airflow/example_dags/example_short_circuit_operator.py
[2025-01-23T20:11:24.711+0000] {processor.py:756} INFO - Processing file /home/airflow/.local/lib/python3.7/site-packages/airflow/example_dags/example_short_circuit_operator.py for tasks to queue
[2025-01-23T20:11:24.713+0000] {logging_mixin.py:120} INFO - [2025-01-23T20:11:24.712+0000] {dagbag.py:537} INFO - Filling up the DagBag from /home/airflow/.local/lib/python3.7/site-packages/airflow/example_dags/example_short_circuit_operator.py
[2025-01-23T20:11:24.765+0000] {processor.py:766} INFO - DAG(s) dict_keys(['example_short_circuit_operator']) retrieved from /home/airflow/.local/lib/python3.7/site-packages/airflow/example_dags/example_short_circuit_operator.py
[2025-01-23T20:11:24.877+0000] {logging_mixin.py:120} INFO - [2025-01-23T20:11:24.877+0000] {dag.py:2585} INFO - Sync 1 DAGs
[2025-01-23T20:11:24.937+0000] {logging_mixin.py:120} INFO - [2025-01-23T20:11:24.937+0000] {dag.py:3340} INFO - Setting next_dagrun for example_short_circuit_operator to 2025-01-22T20:11:24.936982+00:00, run_after=2025-01-23T20:11:24.936982+00:00
[2025-01-23T20:11:24.998+0000] {processor.py:176} INFO - Processing /home/airflow/.local/lib/python3.7/site-packages/airflow/example_dags/example_short_circuit_operator.py took 0.300 seconds
[2025-01-23T20:11:55.728+0000] {processor.py:154} INFO - Started process (PID=47667) to work on /home/airflow/.local/lib/python3.7/site-packages/airflow/example_dags/example_short_circuit_operator.py
[2025-01-23T20:11:55.732+0000] {processor.py:756} INFO - Processing file /home/airflow/.local/lib/python3.7/site-packages/airflow/example_dags/example_short_circuit_operator.py for tasks to queue
[2025-01-23T20:11:55.734+0000] {logging_mixin.py:120} INFO - [2025-01-23T20:11:55.733+0000] {dagbag.py:537} INFO - Filling up the DagBag from /home/airflow/.local/lib/python3.7/site-packages/airflow/example_dags/example_short_circuit_operator.py
[2025-01-23T20:11:55.817+0000] {processor.py:766} INFO - DAG(s) dict_keys(['example_short_circuit_operator']) retrieved from /home/airflow/.local/lib/python3.7/site-packages/airflow/example_dags/example_short_circuit_operator.py
[2025-01-23T20:11:56.006+0000] {logging_mixin.py:120} INFO - [2025-01-23T20:11:56.006+0000] {dag.py:2585} INFO - Sync 1 DAGs
[2025-01-23T20:11:56.170+0000] {logging_mixin.py:120} INFO - [2025-01-23T20:11:56.169+0000] {dag.py:3340} INFO - Setting next_dagrun for example_short_circuit_operator to 2025-01-22T20:11:56.169427+00:00, run_after=2025-01-23T20:11:56.169427+00:00
[2025-01-23T20:11:56.230+0000] {processor.py:176} INFO - Processing /home/airflow/.local/lib/python3.7/site-packages/airflow/example_dags/example_short_circuit_operator.py took 0.521 seconds
[2025-01-23T20:12:27.035+0000] {processor.py:154} INFO - Started process (PID=47722) to work on /home/airflow/.local/lib/python3.7/site-packages/airflow/example_dags/example_short_circuit_operator.py
[2025-01-23T20:12:27.038+0000] {processor.py:756} INFO - Processing file /home/airflow/.local/lib/python3.7/site-packages/airflow/example_dags/example_short_circuit_operator.py for tasks to queue
[2025-01-23T20:12:27.042+0000] {logging_mixin.py:120} INFO - [2025-01-23T20:12:27.042+0000] {dagbag.py:537} INFO - Filling up the DagBag from /home/airflow/.local/lib/python3.7/site-packages/airflow/example_dags/example_short_circuit_operator.py
[2025-01-23T20:12:27.090+0000] {processor.py:766} INFO - DAG(s) dict_keys(['example_short_circuit_operator']) retrieved from /home/airflow/.local/lib/python3.7/site-packages/airflow/example_dags/example_short_circuit_operator.py
[2025-01-23T20:12:27.158+0000] {logging_mixin.py:120} INFO - [2025-01-23T20:12:27.158+0000] {dag.py:2585} INFO - Sync 1 DAGs
[2025-01-23T20:12:27.199+0000] {logging_mixin.py:120} INFO - [2025-01-23T20:12:27.199+0000] {dag.py:3340} INFO - Setting next_dagrun for example_short_circuit_operator to 2025-01-22T20:12:27.199003+00:00, run_after=2025-01-23T20:12:27.199003+00:00
[2025-01-23T20:12:27.232+0000] {processor.py:176} INFO - Processing /home/airflow/.local/lib/python3.7/site-packages/airflow/example_dags/example_short_circuit_operator.py took 0.210 seconds
