[2025-01-23T19:50:49.582+0000] {processor.py:154} INFO - Started process (PID=45344) to work on /home/airflow/.local/lib/python3.7/site-packages/airflow/example_dags/example_latest_only_with_trigger.py
[2025-01-23T19:50:49.584+0000] {processor.py:756} INFO - Processing file /home/airflow/.local/lib/python3.7/site-packages/airflow/example_dags/example_latest_only_with_trigger.py for tasks to queue
[2025-01-23T19:50:49.599+0000] {logging_mixin.py:120} INFO - [2025-01-23T19:50:49.599+0000] {dagbag.py:537} INFO - Filling up the DagBag from /home/airflow/.local/lib/python3.7/site-packages/airflow/example_dags/example_latest_only_with_trigger.py
[2025-01-23T19:50:49.656+0000] {processor.py:766} INFO - DAG(s) dict_keys(['latest_only_with_trigger']) retrieved from /home/airflow/.local/lib/python3.7/site-packages/airflow/example_dags/example_latest_only_with_trigger.py
[2025-01-23T19:50:49.848+0000] {logging_mixin.py:120} INFO - [2025-01-23T19:50:49.848+0000] {dag.py:2585} INFO - Sync 1 DAGs
[2025-01-23T19:50:50.115+0000] {logging_mixin.py:120} INFO - [2025-01-23T19:50:50.115+0000] {dag.py:3340} INFO - Setting next_dagrun for latest_only_with_trigger to 2025-01-23T15:50:50.114378+00:00, run_after=2025-01-23T19:50:50.114378+00:00
[2025-01-23T19:50:50.317+0000] {processor.py:176} INFO - Processing /home/airflow/.local/lib/python3.7/site-packages/airflow/example_dags/example_latest_only_with_trigger.py took 0.770 seconds
[2025-01-23T19:51:22.883+0000] {processor.py:154} INFO - Started process (PID=45396) to work on /home/airflow/.local/lib/python3.7/site-packages/airflow/example_dags/example_latest_only_with_trigger.py
[2025-01-23T19:51:22.886+0000] {processor.py:756} INFO - Processing file /home/airflow/.local/lib/python3.7/site-packages/airflow/example_dags/example_latest_only_with_trigger.py for tasks to queue
[2025-01-23T19:51:22.897+0000] {logging_mixin.py:120} INFO - [2025-01-23T19:51:22.897+0000] {dagbag.py:537} INFO - Filling up the DagBag from /home/airflow/.local/lib/python3.7/site-packages/airflow/example_dags/example_latest_only_with_trigger.py
[2025-01-23T19:51:23.017+0000] {processor.py:766} INFO - DAG(s) dict_keys(['latest_only_with_trigger']) retrieved from /home/airflow/.local/lib/python3.7/site-packages/airflow/example_dags/example_latest_only_with_trigger.py
[2025-01-23T19:51:23.315+0000] {logging_mixin.py:120} INFO - [2025-01-23T19:51:23.315+0000] {dag.py:2585} INFO - Sync 1 DAGs
[2025-01-23T19:51:23.525+0000] {logging_mixin.py:120} INFO - [2025-01-23T19:51:23.525+0000] {dag.py:3340} INFO - Setting next_dagrun for latest_only_with_trigger to 2025-01-23T15:51:23.525204+00:00, run_after=2025-01-23T19:51:23.525204+00:00
[2025-01-23T19:51:23.672+0000] {processor.py:176} INFO - Processing /home/airflow/.local/lib/python3.7/site-packages/airflow/example_dags/example_latest_only_with_trigger.py took 0.806 seconds
[2025-01-23T19:51:55.918+0000] {processor.py:154} INFO - Started process (PID=45444) to work on /home/airflow/.local/lib/python3.7/site-packages/airflow/example_dags/example_latest_only_with_trigger.py
[2025-01-23T19:51:55.920+0000] {processor.py:756} INFO - Processing file /home/airflow/.local/lib/python3.7/site-packages/airflow/example_dags/example_latest_only_with_trigger.py for tasks to queue
[2025-01-23T19:51:55.932+0000] {logging_mixin.py:120} INFO - [2025-01-23T19:51:55.931+0000] {dagbag.py:537} INFO - Filling up the DagBag from /home/airflow/.local/lib/python3.7/site-packages/airflow/example_dags/example_latest_only_with_trigger.py
[2025-01-23T19:51:56.016+0000] {processor.py:766} INFO - DAG(s) dict_keys(['latest_only_with_trigger']) retrieved from /home/airflow/.local/lib/python3.7/site-packages/airflow/example_dags/example_latest_only_with_trigger.py
[2025-01-23T19:51:56.269+0000] {logging_mixin.py:120} INFO - [2025-01-23T19:51:56.269+0000] {dag.py:2585} INFO - Sync 1 DAGs
[2025-01-23T19:51:56.460+0000] {logging_mixin.py:120} INFO - [2025-01-23T19:51:56.459+0000] {dag.py:3340} INFO - Setting next_dagrun for latest_only_with_trigger to 2025-01-23T15:51:56.448824+00:00, run_after=2025-01-23T19:51:56.448824+00:00
[2025-01-23T19:51:56.575+0000] {processor.py:176} INFO - Processing /home/airflow/.local/lib/python3.7/site-packages/airflow/example_dags/example_latest_only_with_trigger.py took 0.688 seconds
[2025-01-23T19:52:27.486+0000] {processor.py:154} INFO - Started process (PID=45498) to work on /home/airflow/.local/lib/python3.7/site-packages/airflow/example_dags/example_latest_only_with_trigger.py
[2025-01-23T19:52:27.490+0000] {processor.py:756} INFO - Processing file /home/airflow/.local/lib/python3.7/site-packages/airflow/example_dags/example_latest_only_with_trigger.py for tasks to queue
[2025-01-23T19:52:27.506+0000] {logging_mixin.py:120} INFO - [2025-01-23T19:52:27.506+0000] {dagbag.py:537} INFO - Filling up the DagBag from /home/airflow/.local/lib/python3.7/site-packages/airflow/example_dags/example_latest_only_with_trigger.py
[2025-01-23T19:52:27.587+0000] {processor.py:766} INFO - DAG(s) dict_keys(['latest_only_with_trigger']) retrieved from /home/airflow/.local/lib/python3.7/site-packages/airflow/example_dags/example_latest_only_with_trigger.py
[2025-01-23T19:52:27.809+0000] {logging_mixin.py:120} INFO - [2025-01-23T19:52:27.808+0000] {dag.py:2585} INFO - Sync 1 DAGs
[2025-01-23T19:52:28.034+0000] {logging_mixin.py:120} INFO - [2025-01-23T19:52:28.034+0000] {dag.py:3340} INFO - Setting next_dagrun for latest_only_with_trigger to 2025-01-23T15:52:28.033618+00:00, run_after=2025-01-23T19:52:28.033618+00:00
[2025-01-23T19:52:28.165+0000] {processor.py:176} INFO - Processing /home/airflow/.local/lib/python3.7/site-packages/airflow/example_dags/example_latest_only_with_trigger.py took 0.687 seconds
[2025-01-23T19:52:58.854+0000] {processor.py:154} INFO - Started process (PID=45552) to work on /home/airflow/.local/lib/python3.7/site-packages/airflow/example_dags/example_latest_only_with_trigger.py
[2025-01-23T19:52:58.859+0000] {processor.py:756} INFO - Processing file /home/airflow/.local/lib/python3.7/site-packages/airflow/example_dags/example_latest_only_with_trigger.py for tasks to queue
[2025-01-23T19:52:58.864+0000] {logging_mixin.py:120} INFO - [2025-01-23T19:52:58.864+0000] {dagbag.py:537} INFO - Filling up the DagBag from /home/airflow/.local/lib/python3.7/site-packages/airflow/example_dags/example_latest_only_with_trigger.py
[2025-01-23T19:52:58.965+0000] {processor.py:766} INFO - DAG(s) dict_keys(['latest_only_with_trigger']) retrieved from /home/airflow/.local/lib/python3.7/site-packages/airflow/example_dags/example_latest_only_with_trigger.py
[2025-01-23T19:52:59.109+0000] {logging_mixin.py:120} INFO - [2025-01-23T19:52:59.109+0000] {dag.py:2585} INFO - Sync 1 DAGs
[2025-01-23T19:52:59.178+0000] {logging_mixin.py:120} INFO - [2025-01-23T19:52:59.178+0000] {dag.py:3340} INFO - Setting next_dagrun for latest_only_with_trigger to 2025-01-23T15:52:59.178315+00:00, run_after=2025-01-23T19:52:59.178315+00:00
[2025-01-23T19:52:59.230+0000] {processor.py:176} INFO - Processing /home/airflow/.local/lib/python3.7/site-packages/airflow/example_dags/example_latest_only_with_trigger.py took 0.394 seconds
[2025-01-23T19:53:29.640+0000] {processor.py:154} INFO - Started process (PID=45606) to work on /home/airflow/.local/lib/python3.7/site-packages/airflow/example_dags/example_latest_only_with_trigger.py
[2025-01-23T19:53:29.644+0000] {processor.py:756} INFO - Processing file /home/airflow/.local/lib/python3.7/site-packages/airflow/example_dags/example_latest_only_with_trigger.py for tasks to queue
[2025-01-23T19:53:29.650+0000] {logging_mixin.py:120} INFO - [2025-01-23T19:53:29.649+0000] {dagbag.py:537} INFO - Filling up the DagBag from /home/airflow/.local/lib/python3.7/site-packages/airflow/example_dags/example_latest_only_with_trigger.py
[2025-01-23T19:53:29.715+0000] {processor.py:766} INFO - DAG(s) dict_keys(['latest_only_with_trigger']) retrieved from /home/airflow/.local/lib/python3.7/site-packages/airflow/example_dags/example_latest_only_with_trigger.py
[2025-01-23T19:53:29.793+0000] {logging_mixin.py:120} INFO - [2025-01-23T19:53:29.793+0000] {dag.py:2585} INFO - Sync 1 DAGs
[2025-01-23T19:53:29.854+0000] {logging_mixin.py:120} INFO - [2025-01-23T19:53:29.853+0000] {dag.py:3340} INFO - Setting next_dagrun for latest_only_with_trigger to 2025-01-23T15:53:29.853311+00:00, run_after=2025-01-23T19:53:29.853311+00:00
[2025-01-23T19:53:29.903+0000] {processor.py:176} INFO - Processing /home/airflow/.local/lib/python3.7/site-packages/airflow/example_dags/example_latest_only_with_trigger.py took 0.289 seconds
[2025-01-23T19:54:00.422+0000] {processor.py:154} INFO - Started process (PID=45669) to work on /home/airflow/.local/lib/python3.7/site-packages/airflow/example_dags/example_latest_only_with_trigger.py
[2025-01-23T19:54:00.424+0000] {processor.py:756} INFO - Processing file /home/airflow/.local/lib/python3.7/site-packages/airflow/example_dags/example_latest_only_with_trigger.py for tasks to queue
[2025-01-23T19:54:00.426+0000] {logging_mixin.py:120} INFO - [2025-01-23T19:54:00.426+0000] {dagbag.py:537} INFO - Filling up the DagBag from /home/airflow/.local/lib/python3.7/site-packages/airflow/example_dags/example_latest_only_with_trigger.py
[2025-01-23T19:54:00.457+0000] {processor.py:766} INFO - DAG(s) dict_keys(['latest_only_with_trigger']) retrieved from /home/airflow/.local/lib/python3.7/site-packages/airflow/example_dags/example_latest_only_with_trigger.py
[2025-01-23T19:54:00.530+0000] {logging_mixin.py:120} INFO - [2025-01-23T19:54:00.530+0000] {dag.py:2585} INFO - Sync 1 DAGs
[2025-01-23T19:54:00.573+0000] {logging_mixin.py:120} INFO - [2025-01-23T19:54:00.573+0000] {dag.py:3340} INFO - Setting next_dagrun for latest_only_with_trigger to 2025-01-23T15:54:00.573044+00:00, run_after=2025-01-23T19:54:00.573044+00:00
[2025-01-23T19:54:00.610+0000] {processor.py:176} INFO - Processing /home/airflow/.local/lib/python3.7/site-packages/airflow/example_dags/example_latest_only_with_trigger.py took 0.194 seconds
[2025-01-23T19:54:31.369+0000] {processor.py:154} INFO - Started process (PID=45723) to work on /home/airflow/.local/lib/python3.7/site-packages/airflow/example_dags/example_latest_only_with_trigger.py
[2025-01-23T19:54:31.371+0000] {processor.py:756} INFO - Processing file /home/airflow/.local/lib/python3.7/site-packages/airflow/example_dags/example_latest_only_with_trigger.py for tasks to queue
[2025-01-23T19:54:31.375+0000] {logging_mixin.py:120} INFO - [2025-01-23T19:54:31.374+0000] {dagbag.py:537} INFO - Filling up the DagBag from /home/airflow/.local/lib/python3.7/site-packages/airflow/example_dags/example_latest_only_with_trigger.py
[2025-01-23T19:54:31.447+0000] {processor.py:766} INFO - DAG(s) dict_keys(['latest_only_with_trigger']) retrieved from /home/airflow/.local/lib/python3.7/site-packages/airflow/example_dags/example_latest_only_with_trigger.py
[2025-01-23T19:54:31.553+0000] {logging_mixin.py:120} INFO - [2025-01-23T19:54:31.552+0000] {dag.py:2585} INFO - Sync 1 DAGs
[2025-01-23T19:54:31.607+0000] {logging_mixin.py:120} INFO - [2025-01-23T19:54:31.606+0000] {dag.py:3340} INFO - Setting next_dagrun for latest_only_with_trigger to 2025-01-23T15:54:31.606628+00:00, run_after=2025-01-23T19:54:31.606628+00:00
[2025-01-23T19:54:31.643+0000] {processor.py:176} INFO - Processing /home/airflow/.local/lib/python3.7/site-packages/airflow/example_dags/example_latest_only_with_trigger.py took 0.285 seconds
[2025-01-23T19:55:01.955+0000] {processor.py:154} INFO - Started process (PID=45777) to work on /home/airflow/.local/lib/python3.7/site-packages/airflow/example_dags/example_latest_only_with_trigger.py
[2025-01-23T19:55:01.957+0000] {processor.py:756} INFO - Processing file /home/airflow/.local/lib/python3.7/site-packages/airflow/example_dags/example_latest_only_with_trigger.py for tasks to queue
[2025-01-23T19:55:01.958+0000] {logging_mixin.py:120} INFO - [2025-01-23T19:55:01.958+0000] {dagbag.py:537} INFO - Filling up the DagBag from /home/airflow/.local/lib/python3.7/site-packages/airflow/example_dags/example_latest_only_with_trigger.py
[2025-01-23T19:55:01.998+0000] {processor.py:766} INFO - DAG(s) dict_keys(['latest_only_with_trigger']) retrieved from /home/airflow/.local/lib/python3.7/site-packages/airflow/example_dags/example_latest_only_with_trigger.py
[2025-01-23T19:55:02.081+0000] {logging_mixin.py:120} INFO - [2025-01-23T19:55:02.081+0000] {dag.py:2585} INFO - Sync 1 DAGs
[2025-01-23T19:55:02.125+0000] {logging_mixin.py:120} INFO - [2025-01-23T19:55:02.125+0000] {dag.py:3340} INFO - Setting next_dagrun for latest_only_with_trigger to 2025-01-23T15:55:02.124854+00:00, run_after=2025-01-23T19:55:02.124854+00:00
[2025-01-23T19:55:02.173+0000] {processor.py:176} INFO - Processing /home/airflow/.local/lib/python3.7/site-packages/airflow/example_dags/example_latest_only_with_trigger.py took 0.224 seconds
[2025-01-23T19:55:32.815+0000] {processor.py:154} INFO - Started process (PID=45841) to work on /home/airflow/.local/lib/python3.7/site-packages/airflow/example_dags/example_latest_only_with_trigger.py
[2025-01-23T19:55:32.816+0000] {processor.py:756} INFO - Processing file /home/airflow/.local/lib/python3.7/site-packages/airflow/example_dags/example_latest_only_with_trigger.py for tasks to queue
[2025-01-23T19:55:32.818+0000] {logging_mixin.py:120} INFO - [2025-01-23T19:55:32.818+0000] {dagbag.py:537} INFO - Filling up the DagBag from /home/airflow/.local/lib/python3.7/site-packages/airflow/example_dags/example_latest_only_with_trigger.py
[2025-01-23T19:55:32.845+0000] {processor.py:766} INFO - DAG(s) dict_keys(['latest_only_with_trigger']) retrieved from /home/airflow/.local/lib/python3.7/site-packages/airflow/example_dags/example_latest_only_with_trigger.py
[2025-01-23T19:55:32.945+0000] {logging_mixin.py:120} INFO - [2025-01-23T19:55:32.945+0000] {dag.py:2585} INFO - Sync 1 DAGs
[2025-01-23T19:55:33.015+0000] {logging_mixin.py:120} INFO - [2025-01-23T19:55:33.015+0000] {dag.py:3340} INFO - Setting next_dagrun for latest_only_with_trigger to 2025-01-23T15:55:33.014565+00:00, run_after=2025-01-23T19:55:33.014565+00:00
[2025-01-23T19:55:33.061+0000] {processor.py:176} INFO - Processing /home/airflow/.local/lib/python3.7/site-packages/airflow/example_dags/example_latest_only_with_trigger.py took 0.251 seconds
[2025-01-23T19:56:06.104+0000] {processor.py:154} INFO - Started process (PID=45895) to work on /home/airflow/.local/lib/python3.7/site-packages/airflow/example_dags/example_latest_only_with_trigger.py
[2025-01-23T19:56:06.124+0000] {processor.py:756} INFO - Processing file /home/airflow/.local/lib/python3.7/site-packages/airflow/example_dags/example_latest_only_with_trigger.py for tasks to queue
[2025-01-23T19:56:06.126+0000] {logging_mixin.py:120} INFO - [2025-01-23T19:56:06.126+0000] {dagbag.py:537} INFO - Filling up the DagBag from /home/airflow/.local/lib/python3.7/site-packages/airflow/example_dags/example_latest_only_with_trigger.py
[2025-01-23T19:56:06.189+0000] {processor.py:766} INFO - DAG(s) dict_keys(['latest_only_with_trigger']) retrieved from /home/airflow/.local/lib/python3.7/site-packages/airflow/example_dags/example_latest_only_with_trigger.py
[2025-01-23T19:56:06.397+0000] {logging_mixin.py:120} INFO - [2025-01-23T19:56:06.397+0000] {dag.py:2585} INFO - Sync 1 DAGs
[2025-01-23T19:56:06.547+0000] {logging_mixin.py:120} INFO - [2025-01-23T19:56:06.546+0000] {dag.py:3340} INFO - Setting next_dagrun for latest_only_with_trigger to 2025-01-23T15:56:06.546226+00:00, run_after=2025-01-23T19:56:06.546226+00:00
[2025-01-23T19:56:06.636+0000] {processor.py:176} INFO - Processing /home/airflow/.local/lib/python3.7/site-packages/airflow/example_dags/example_latest_only_with_trigger.py took 0.540 seconds
[2025-01-23T19:56:37.423+0000] {processor.py:154} INFO - Started process (PID=45949) to work on /home/airflow/.local/lib/python3.7/site-packages/airflow/example_dags/example_latest_only_with_trigger.py
[2025-01-23T19:56:37.424+0000] {processor.py:756} INFO - Processing file /home/airflow/.local/lib/python3.7/site-packages/airflow/example_dags/example_latest_only_with_trigger.py for tasks to queue
[2025-01-23T19:56:37.426+0000] {logging_mixin.py:120} INFO - [2025-01-23T19:56:37.426+0000] {dagbag.py:537} INFO - Filling up the DagBag from /home/airflow/.local/lib/python3.7/site-packages/airflow/example_dags/example_latest_only_with_trigger.py
[2025-01-23T19:56:37.453+0000] {processor.py:766} INFO - DAG(s) dict_keys(['latest_only_with_trigger']) retrieved from /home/airflow/.local/lib/python3.7/site-packages/airflow/example_dags/example_latest_only_with_trigger.py
[2025-01-23T19:56:37.524+0000] {logging_mixin.py:120} INFO - [2025-01-23T19:56:37.524+0000] {dag.py:2585} INFO - Sync 1 DAGs
[2025-01-23T19:56:37.580+0000] {logging_mixin.py:120} INFO - [2025-01-23T19:56:37.579+0000] {dag.py:3340} INFO - Setting next_dagrun for latest_only_with_trigger to 2025-01-23T15:56:37.579484+00:00, run_after=2025-01-23T19:56:37.579484+00:00
[2025-01-23T19:56:37.614+0000] {processor.py:176} INFO - Processing /home/airflow/.local/lib/python3.7/site-packages/airflow/example_dags/example_latest_only_with_trigger.py took 0.199 seconds
[2025-01-23T19:57:08.126+0000] {processor.py:154} INFO - Started process (PID=46003) to work on /home/airflow/.local/lib/python3.7/site-packages/airflow/example_dags/example_latest_only_with_trigger.py
[2025-01-23T19:57:08.127+0000] {processor.py:756} INFO - Processing file /home/airflow/.local/lib/python3.7/site-packages/airflow/example_dags/example_latest_only_with_trigger.py for tasks to queue
[2025-01-23T19:57:08.129+0000] {logging_mixin.py:120} INFO - [2025-01-23T19:57:08.129+0000] {dagbag.py:537} INFO - Filling up the DagBag from /home/airflow/.local/lib/python3.7/site-packages/airflow/example_dags/example_latest_only_with_trigger.py
[2025-01-23T19:57:08.160+0000] {processor.py:766} INFO - DAG(s) dict_keys(['latest_only_with_trigger']) retrieved from /home/airflow/.local/lib/python3.7/site-packages/airflow/example_dags/example_latest_only_with_trigger.py
[2025-01-23T19:57:08.244+0000] {logging_mixin.py:120} INFO - [2025-01-23T19:57:08.244+0000] {dag.py:2585} INFO - Sync 1 DAGs
[2025-01-23T19:57:08.288+0000] {logging_mixin.py:120} INFO - [2025-01-23T19:57:08.288+0000] {dag.py:3340} INFO - Setting next_dagrun for latest_only_with_trigger to 2025-01-23T15:57:08.287942+00:00, run_after=2025-01-23T19:57:08.287942+00:00
[2025-01-23T19:57:08.325+0000] {processor.py:176} INFO - Processing /home/airflow/.local/lib/python3.7/site-packages/airflow/example_dags/example_latest_only_with_trigger.py took 0.207 seconds
[2025-01-23T19:57:39.168+0000] {processor.py:154} INFO - Started process (PID=46066) to work on /home/airflow/.local/lib/python3.7/site-packages/airflow/example_dags/example_latest_only_with_trigger.py
[2025-01-23T19:57:39.170+0000] {processor.py:756} INFO - Processing file /home/airflow/.local/lib/python3.7/site-packages/airflow/example_dags/example_latest_only_with_trigger.py for tasks to queue
[2025-01-23T19:57:39.175+0000] {logging_mixin.py:120} INFO - [2025-01-23T19:57:39.175+0000] {dagbag.py:537} INFO - Filling up the DagBag from /home/airflow/.local/lib/python3.7/site-packages/airflow/example_dags/example_latest_only_with_trigger.py
[2025-01-23T19:57:39.264+0000] {processor.py:766} INFO - DAG(s) dict_keys(['latest_only_with_trigger']) retrieved from /home/airflow/.local/lib/python3.7/site-packages/airflow/example_dags/example_latest_only_with_trigger.py
[2025-01-23T19:57:39.456+0000] {logging_mixin.py:120} INFO - [2025-01-23T19:57:39.456+0000] {dag.py:2585} INFO - Sync 1 DAGs
[2025-01-23T19:57:39.532+0000] {logging_mixin.py:120} INFO - [2025-01-23T19:57:39.531+0000] {dag.py:3340} INFO - Setting next_dagrun for latest_only_with_trigger to 2025-01-23T15:57:39.531415+00:00, run_after=2025-01-23T19:57:39.531415+00:00
[2025-01-23T19:57:39.587+0000] {processor.py:176} INFO - Processing /home/airflow/.local/lib/python3.7/site-packages/airflow/example_dags/example_latest_only_with_trigger.py took 0.426 seconds
[2025-01-23T19:58:09.986+0000] {processor.py:154} INFO - Started process (PID=46120) to work on /home/airflow/.local/lib/python3.7/site-packages/airflow/example_dags/example_latest_only_with_trigger.py
[2025-01-23T19:58:09.990+0000] {processor.py:756} INFO - Processing file /home/airflow/.local/lib/python3.7/site-packages/airflow/example_dags/example_latest_only_with_trigger.py for tasks to queue
[2025-01-23T19:58:09.997+0000] {logging_mixin.py:120} INFO - [2025-01-23T19:58:09.996+0000] {dagbag.py:537} INFO - Filling up the DagBag from /home/airflow/.local/lib/python3.7/site-packages/airflow/example_dags/example_latest_only_with_trigger.py
[2025-01-23T19:58:10.090+0000] {processor.py:766} INFO - DAG(s) dict_keys(['latest_only_with_trigger']) retrieved from /home/airflow/.local/lib/python3.7/site-packages/airflow/example_dags/example_latest_only_with_trigger.py
[2025-01-23T19:58:10.174+0000] {logging_mixin.py:120} INFO - [2025-01-23T19:58:10.174+0000] {dag.py:2585} INFO - Sync 1 DAGs
[2025-01-23T19:58:10.220+0000] {logging_mixin.py:120} INFO - [2025-01-23T19:58:10.220+0000] {dag.py:3340} INFO - Setting next_dagrun for latest_only_with_trigger to 2025-01-23T15:58:10.220274+00:00, run_after=2025-01-23T19:58:10.220274+00:00
[2025-01-23T19:58:10.261+0000] {processor.py:176} INFO - Processing /home/airflow/.local/lib/python3.7/site-packages/airflow/example_dags/example_latest_only_with_trigger.py took 0.296 seconds
[2025-01-23T19:58:41.175+0000] {processor.py:154} INFO - Started process (PID=46175) to work on /home/airflow/.local/lib/python3.7/site-packages/airflow/example_dags/example_latest_only_with_trigger.py
[2025-01-23T19:58:41.176+0000] {processor.py:756} INFO - Processing file /home/airflow/.local/lib/python3.7/site-packages/airflow/example_dags/example_latest_only_with_trigger.py for tasks to queue
[2025-01-23T19:58:41.178+0000] {logging_mixin.py:120} INFO - [2025-01-23T19:58:41.177+0000] {dagbag.py:537} INFO - Filling up the DagBag from /home/airflow/.local/lib/python3.7/site-packages/airflow/example_dags/example_latest_only_with_trigger.py
[2025-01-23T19:58:41.203+0000] {processor.py:766} INFO - DAG(s) dict_keys(['latest_only_with_trigger']) retrieved from /home/airflow/.local/lib/python3.7/site-packages/airflow/example_dags/example_latest_only_with_trigger.py
[2025-01-23T19:58:41.283+0000] {logging_mixin.py:120} INFO - [2025-01-23T19:58:41.282+0000] {dag.py:2585} INFO - Sync 1 DAGs
[2025-01-23T19:58:41.327+0000] {logging_mixin.py:120} INFO - [2025-01-23T19:58:41.327+0000] {dag.py:3340} INFO - Setting next_dagrun for latest_only_with_trigger to 2025-01-23T15:58:41.327002+00:00, run_after=2025-01-23T19:58:41.327002+00:00
[2025-01-23T19:58:41.364+0000] {processor.py:176} INFO - Processing /home/airflow/.local/lib/python3.7/site-packages/airflow/example_dags/example_latest_only_with_trigger.py took 0.195 seconds
[2025-01-23T19:59:12.337+0000] {processor.py:154} INFO - Started process (PID=46239) to work on /home/airflow/.local/lib/python3.7/site-packages/airflow/example_dags/example_latest_only_with_trigger.py
[2025-01-23T19:59:12.339+0000] {processor.py:756} INFO - Processing file /home/airflow/.local/lib/python3.7/site-packages/airflow/example_dags/example_latest_only_with_trigger.py for tasks to queue
[2025-01-23T19:59:12.343+0000] {logging_mixin.py:120} INFO - [2025-01-23T19:59:12.342+0000] {dagbag.py:537} INFO - Filling up the DagBag from /home/airflow/.local/lib/python3.7/site-packages/airflow/example_dags/example_latest_only_with_trigger.py
[2025-01-23T19:59:12.391+0000] {processor.py:766} INFO - DAG(s) dict_keys(['latest_only_with_trigger']) retrieved from /home/airflow/.local/lib/python3.7/site-packages/airflow/example_dags/example_latest_only_with_trigger.py
[2025-01-23T19:59:12.484+0000] {logging_mixin.py:120} INFO - [2025-01-23T19:59:12.484+0000] {dag.py:2585} INFO - Sync 1 DAGs
[2025-01-23T19:59:12.549+0000] {logging_mixin.py:120} INFO - [2025-01-23T19:59:12.548+0000] {dag.py:3340} INFO - Setting next_dagrun for latest_only_with_trigger to 2025-01-23T15:59:12.548297+00:00, run_after=2025-01-23T19:59:12.548297+00:00
[2025-01-23T19:59:12.600+0000] {processor.py:176} INFO - Processing /home/airflow/.local/lib/python3.7/site-packages/airflow/example_dags/example_latest_only_with_trigger.py took 0.275 seconds
[2025-01-23T19:59:43.206+0000] {processor.py:154} INFO - Started process (PID=46294) to work on /home/airflow/.local/lib/python3.7/site-packages/airflow/example_dags/example_latest_only_with_trigger.py
[2025-01-23T19:59:43.210+0000] {processor.py:756} INFO - Processing file /home/airflow/.local/lib/python3.7/site-packages/airflow/example_dags/example_latest_only_with_trigger.py for tasks to queue
[2025-01-23T19:59:43.214+0000] {logging_mixin.py:120} INFO - [2025-01-23T19:59:43.213+0000] {dagbag.py:537} INFO - Filling up the DagBag from /home/airflow/.local/lib/python3.7/site-packages/airflow/example_dags/example_latest_only_with_trigger.py
[2025-01-23T19:59:43.261+0000] {processor.py:766} INFO - DAG(s) dict_keys(['latest_only_with_trigger']) retrieved from /home/airflow/.local/lib/python3.7/site-packages/airflow/example_dags/example_latest_only_with_trigger.py
[2025-01-23T19:59:43.340+0000] {logging_mixin.py:120} INFO - [2025-01-23T19:59:43.340+0000] {dag.py:2585} INFO - Sync 1 DAGs
[2025-01-23T19:59:43.386+0000] {logging_mixin.py:120} INFO - [2025-01-23T19:59:43.386+0000] {dag.py:3340} INFO - Setting next_dagrun for latest_only_with_trigger to 2025-01-23T15:59:43.386127+00:00, run_after=2025-01-23T19:59:43.386127+00:00
[2025-01-23T19:59:43.427+0000] {processor.py:176} INFO - Processing /home/airflow/.local/lib/python3.7/site-packages/airflow/example_dags/example_latest_only_with_trigger.py took 0.232 seconds
[2025-01-23T20:00:13.713+0000] {processor.py:154} INFO - Started process (PID=46349) to work on /home/airflow/.local/lib/python3.7/site-packages/airflow/example_dags/example_latest_only_with_trigger.py
[2025-01-23T20:00:13.715+0000] {processor.py:756} INFO - Processing file /home/airflow/.local/lib/python3.7/site-packages/airflow/example_dags/example_latest_only_with_trigger.py for tasks to queue
[2025-01-23T20:00:13.717+0000] {logging_mixin.py:120} INFO - [2025-01-23T20:00:13.716+0000] {dagbag.py:537} INFO - Filling up the DagBag from /home/airflow/.local/lib/python3.7/site-packages/airflow/example_dags/example_latest_only_with_trigger.py
[2025-01-23T20:00:13.741+0000] {processor.py:766} INFO - DAG(s) dict_keys(['latest_only_with_trigger']) retrieved from /home/airflow/.local/lib/python3.7/site-packages/airflow/example_dags/example_latest_only_with_trigger.py
[2025-01-23T20:00:13.821+0000] {logging_mixin.py:120} INFO - [2025-01-23T20:00:13.820+0000] {dag.py:2585} INFO - Sync 1 DAGs
[2025-01-23T20:00:13.866+0000] {logging_mixin.py:120} INFO - [2025-01-23T20:00:13.866+0000] {dag.py:3340} INFO - Setting next_dagrun for latest_only_with_trigger to 2025-01-23T16:00:13.865535+00:00, run_after=2025-01-23T20:00:13.865535+00:00
[2025-01-23T20:00:13.900+0000] {processor.py:176} INFO - Processing /home/airflow/.local/lib/python3.7/site-packages/airflow/example_dags/example_latest_only_with_trigger.py took 0.192 seconds
[2025-01-23T20:00:44.174+0000] {processor.py:154} INFO - Started process (PID=46412) to work on /home/airflow/.local/lib/python3.7/site-packages/airflow/example_dags/example_latest_only_with_trigger.py
[2025-01-23T20:00:44.177+0000] {processor.py:756} INFO - Processing file /home/airflow/.local/lib/python3.7/site-packages/airflow/example_dags/example_latest_only_with_trigger.py for tasks to queue
[2025-01-23T20:00:44.181+0000] {logging_mixin.py:120} INFO - [2025-01-23T20:00:44.181+0000] {dagbag.py:537} INFO - Filling up the DagBag from /home/airflow/.local/lib/python3.7/site-packages/airflow/example_dags/example_latest_only_with_trigger.py
[2025-01-23T20:00:44.214+0000] {processor.py:766} INFO - DAG(s) dict_keys(['latest_only_with_trigger']) retrieved from /home/airflow/.local/lib/python3.7/site-packages/airflow/example_dags/example_latest_only_with_trigger.py
[2025-01-23T20:00:44.296+0000] {logging_mixin.py:120} INFO - [2025-01-23T20:00:44.296+0000] {dag.py:2585} INFO - Sync 1 DAGs
[2025-01-23T20:00:44.347+0000] {logging_mixin.py:120} INFO - [2025-01-23T20:00:44.346+0000] {dag.py:3340} INFO - Setting next_dagrun for latest_only_with_trigger to 2025-01-23T16:00:44.346665+00:00, run_after=2025-01-23T20:00:44.346665+00:00
[2025-01-23T20:00:44.384+0000] {processor.py:176} INFO - Processing /home/airflow/.local/lib/python3.7/site-packages/airflow/example_dags/example_latest_only_with_trigger.py took 0.217 seconds
[2025-01-23T20:01:14.666+0000] {processor.py:154} INFO - Started process (PID=46466) to work on /home/airflow/.local/lib/python3.7/site-packages/airflow/example_dags/example_latest_only_with_trigger.py
[2025-01-23T20:01:14.668+0000] {processor.py:756} INFO - Processing file /home/airflow/.local/lib/python3.7/site-packages/airflow/example_dags/example_latest_only_with_trigger.py for tasks to queue
[2025-01-23T20:01:14.669+0000] {logging_mixin.py:120} INFO - [2025-01-23T20:01:14.669+0000] {dagbag.py:537} INFO - Filling up the DagBag from /home/airflow/.local/lib/python3.7/site-packages/airflow/example_dags/example_latest_only_with_trigger.py
[2025-01-23T20:01:14.698+0000] {processor.py:766} INFO - DAG(s) dict_keys(['latest_only_with_trigger']) retrieved from /home/airflow/.local/lib/python3.7/site-packages/airflow/example_dags/example_latest_only_with_trigger.py
[2025-01-23T20:01:14.789+0000] {logging_mixin.py:120} INFO - [2025-01-23T20:01:14.788+0000] {dag.py:2585} INFO - Sync 1 DAGs
[2025-01-23T20:01:14.863+0000] {logging_mixin.py:120} INFO - [2025-01-23T20:01:14.863+0000] {dag.py:3340} INFO - Setting next_dagrun for latest_only_with_trigger to 2025-01-23T16:01:14.860640+00:00, run_after=2025-01-23T20:01:14.860640+00:00
[2025-01-23T20:01:14.921+0000] {processor.py:176} INFO - Processing /home/airflow/.local/lib/python3.7/site-packages/airflow/example_dags/example_latest_only_with_trigger.py took 0.260 seconds
[2025-01-23T20:01:45.483+0000] {processor.py:154} INFO - Started process (PID=46530) to work on /home/airflow/.local/lib/python3.7/site-packages/airflow/example_dags/example_latest_only_with_trigger.py
[2025-01-23T20:01:45.486+0000] {processor.py:756} INFO - Processing file /home/airflow/.local/lib/python3.7/site-packages/airflow/example_dags/example_latest_only_with_trigger.py for tasks to queue
[2025-01-23T20:01:45.489+0000] {logging_mixin.py:120} INFO - [2025-01-23T20:01:45.488+0000] {dagbag.py:537} INFO - Filling up the DagBag from /home/airflow/.local/lib/python3.7/site-packages/airflow/example_dags/example_latest_only_with_trigger.py
[2025-01-23T20:01:45.530+0000] {processor.py:766} INFO - DAG(s) dict_keys(['latest_only_with_trigger']) retrieved from /home/airflow/.local/lib/python3.7/site-packages/airflow/example_dags/example_latest_only_with_trigger.py
[2025-01-23T20:01:45.646+0000] {logging_mixin.py:120} INFO - [2025-01-23T20:01:45.646+0000] {dag.py:2585} INFO - Sync 1 DAGs
[2025-01-23T20:01:45.709+0000] {logging_mixin.py:120} INFO - [2025-01-23T20:01:45.708+0000] {dag.py:3340} INFO - Setting next_dagrun for latest_only_with_trigger to 2025-01-23T16:01:45.708264+00:00, run_after=2025-01-23T20:01:45.708264+00:00
[2025-01-23T20:01:45.778+0000] {processor.py:176} INFO - Processing /home/airflow/.local/lib/python3.7/site-packages/airflow/example_dags/example_latest_only_with_trigger.py took 0.303 seconds
[2025-01-23T20:02:16.160+0000] {processor.py:154} INFO - Started process (PID=46584) to work on /home/airflow/.local/lib/python3.7/site-packages/airflow/example_dags/example_latest_only_with_trigger.py
[2025-01-23T20:02:16.162+0000] {processor.py:756} INFO - Processing file /home/airflow/.local/lib/python3.7/site-packages/airflow/example_dags/example_latest_only_with_trigger.py for tasks to queue
[2025-01-23T20:02:16.164+0000] {logging_mixin.py:120} INFO - [2025-01-23T20:02:16.163+0000] {dagbag.py:537} INFO - Filling up the DagBag from /home/airflow/.local/lib/python3.7/site-packages/airflow/example_dags/example_latest_only_with_trigger.py
[2025-01-23T20:02:16.195+0000] {processor.py:766} INFO - DAG(s) dict_keys(['latest_only_with_trigger']) retrieved from /home/airflow/.local/lib/python3.7/site-packages/airflow/example_dags/example_latest_only_with_trigger.py
[2025-01-23T20:02:16.274+0000] {logging_mixin.py:120} INFO - [2025-01-23T20:02:16.274+0000] {dag.py:2585} INFO - Sync 1 DAGs
[2025-01-23T20:02:16.326+0000] {logging_mixin.py:120} INFO - [2025-01-23T20:02:16.326+0000] {dag.py:3340} INFO - Setting next_dagrun for latest_only_with_trigger to 2025-01-23T16:02:16.325888+00:00, run_after=2025-01-23T20:02:16.325888+00:00
[2025-01-23T20:02:16.372+0000] {processor.py:176} INFO - Processing /home/airflow/.local/lib/python3.7/site-packages/airflow/example_dags/example_latest_only_with_trigger.py took 0.217 seconds
[2025-01-23T20:02:46.714+0000] {processor.py:154} INFO - Started process (PID=46637) to work on /home/airflow/.local/lib/python3.7/site-packages/airflow/example_dags/example_latest_only_with_trigger.py
[2025-01-23T20:02:46.716+0000] {processor.py:756} INFO - Processing file /home/airflow/.local/lib/python3.7/site-packages/airflow/example_dags/example_latest_only_with_trigger.py for tasks to queue
[2025-01-23T20:02:46.717+0000] {logging_mixin.py:120} INFO - [2025-01-23T20:02:46.717+0000] {dagbag.py:537} INFO - Filling up the DagBag from /home/airflow/.local/lib/python3.7/site-packages/airflow/example_dags/example_latest_only_with_trigger.py
[2025-01-23T20:02:46.745+0000] {processor.py:766} INFO - DAG(s) dict_keys(['latest_only_with_trigger']) retrieved from /home/airflow/.local/lib/python3.7/site-packages/airflow/example_dags/example_latest_only_with_trigger.py
[2025-01-23T20:02:46.828+0000] {logging_mixin.py:120} INFO - [2025-01-23T20:02:46.828+0000] {dag.py:2585} INFO - Sync 1 DAGs
[2025-01-23T20:02:46.890+0000] {logging_mixin.py:120} INFO - [2025-01-23T20:02:46.890+0000] {dag.py:3340} INFO - Setting next_dagrun for latest_only_with_trigger to 2025-01-23T16:02:46.889679+00:00, run_after=2025-01-23T20:02:46.889679+00:00
[2025-01-23T20:02:46.945+0000] {processor.py:176} INFO - Processing /home/airflow/.local/lib/python3.7/site-packages/airflow/example_dags/example_latest_only_with_trigger.py took 0.236 seconds
[2025-01-23T20:03:17.413+0000] {processor.py:154} INFO - Started process (PID=46701) to work on /home/airflow/.local/lib/python3.7/site-packages/airflow/example_dags/example_latest_only_with_trigger.py
[2025-01-23T20:03:17.414+0000] {processor.py:756} INFO - Processing file /home/airflow/.local/lib/python3.7/site-packages/airflow/example_dags/example_latest_only_with_trigger.py for tasks to queue
[2025-01-23T20:03:17.416+0000] {logging_mixin.py:120} INFO - [2025-01-23T20:03:17.416+0000] {dagbag.py:537} INFO - Filling up the DagBag from /home/airflow/.local/lib/python3.7/site-packages/airflow/example_dags/example_latest_only_with_trigger.py
[2025-01-23T20:03:17.441+0000] {processor.py:766} INFO - DAG(s) dict_keys(['latest_only_with_trigger']) retrieved from /home/airflow/.local/lib/python3.7/site-packages/airflow/example_dags/example_latest_only_with_trigger.py
[2025-01-23T20:03:17.512+0000] {logging_mixin.py:120} INFO - [2025-01-23T20:03:17.512+0000] {dag.py:2585} INFO - Sync 1 DAGs
[2025-01-23T20:03:17.555+0000] {logging_mixin.py:120} INFO - [2025-01-23T20:03:17.554+0000] {dag.py:3340} INFO - Setting next_dagrun for latest_only_with_trigger to 2025-01-23T16:03:17.554551+00:00, run_after=2025-01-23T20:03:17.554551+00:00
[2025-01-23T20:03:17.587+0000] {processor.py:176} INFO - Processing /home/airflow/.local/lib/python3.7/site-packages/airflow/example_dags/example_latest_only_with_trigger.py took 0.180 seconds
[2025-01-23T20:03:48.799+0000] {processor.py:154} INFO - Started process (PID=46755) to work on /home/airflow/.local/lib/python3.7/site-packages/airflow/example_dags/example_latest_only_with_trigger.py
[2025-01-23T20:03:48.804+0000] {processor.py:756} INFO - Processing file /home/airflow/.local/lib/python3.7/site-packages/airflow/example_dags/example_latest_only_with_trigger.py for tasks to queue
[2025-01-23T20:03:48.807+0000] {logging_mixin.py:120} INFO - [2025-01-23T20:03:48.806+0000] {dagbag.py:537} INFO - Filling up the DagBag from /home/airflow/.local/lib/python3.7/site-packages/airflow/example_dags/example_latest_only_with_trigger.py
[2025-01-23T20:03:48.874+0000] {processor.py:766} INFO - DAG(s) dict_keys(['latest_only_with_trigger']) retrieved from /home/airflow/.local/lib/python3.7/site-packages/airflow/example_dags/example_latest_only_with_trigger.py
[2025-01-23T20:03:49.060+0000] {logging_mixin.py:120} INFO - [2025-01-23T20:03:49.059+0000] {dag.py:2585} INFO - Sync 1 DAGs
[2025-01-23T20:03:49.218+0000] {logging_mixin.py:120} INFO - [2025-01-23T20:03:49.217+0000] {dag.py:3340} INFO - Setting next_dagrun for latest_only_with_trigger to 2025-01-23T16:03:49.216126+00:00, run_after=2025-01-23T20:03:49.216126+00:00
[2025-01-23T20:03:49.305+0000] {processor.py:176} INFO - Processing /home/airflow/.local/lib/python3.7/site-packages/airflow/example_dags/example_latest_only_with_trigger.py took 0.520 seconds
[2025-01-23T20:04:20.272+0000] {processor.py:154} INFO - Started process (PID=46820) to work on /home/airflow/.local/lib/python3.7/site-packages/airflow/example_dags/example_latest_only_with_trigger.py
[2025-01-23T20:04:20.276+0000] {processor.py:756} INFO - Processing file /home/airflow/.local/lib/python3.7/site-packages/airflow/example_dags/example_latest_only_with_trigger.py for tasks to queue
[2025-01-23T20:04:20.280+0000] {logging_mixin.py:120} INFO - [2025-01-23T20:04:20.280+0000] {dagbag.py:537} INFO - Filling up the DagBag from /home/airflow/.local/lib/python3.7/site-packages/airflow/example_dags/example_latest_only_with_trigger.py
[2025-01-23T20:04:20.336+0000] {processor.py:766} INFO - DAG(s) dict_keys(['latest_only_with_trigger']) retrieved from /home/airflow/.local/lib/python3.7/site-packages/airflow/example_dags/example_latest_only_with_trigger.py
[2025-01-23T20:04:20.407+0000] {logging_mixin.py:120} INFO - [2025-01-23T20:04:20.407+0000] {dag.py:2585} INFO - Sync 1 DAGs
[2025-01-23T20:04:20.456+0000] {logging_mixin.py:120} INFO - [2025-01-23T20:04:20.456+0000] {dag.py:3340} INFO - Setting next_dagrun for latest_only_with_trigger to 2025-01-23T16:04:20.456054+00:00, run_after=2025-01-23T20:04:20.456054+00:00
[2025-01-23T20:04:20.491+0000] {processor.py:176} INFO - Processing /home/airflow/.local/lib/python3.7/site-packages/airflow/example_dags/example_latest_only_with_trigger.py took 0.232 seconds
[2025-01-23T20:04:50.858+0000] {processor.py:154} INFO - Started process (PID=46874) to work on /home/airflow/.local/lib/python3.7/site-packages/airflow/example_dags/example_latest_only_with_trigger.py
[2025-01-23T20:04:50.860+0000] {processor.py:756} INFO - Processing file /home/airflow/.local/lib/python3.7/site-packages/airflow/example_dags/example_latest_only_with_trigger.py for tasks to queue
[2025-01-23T20:04:50.862+0000] {logging_mixin.py:120} INFO - [2025-01-23T20:04:50.862+0000] {dagbag.py:537} INFO - Filling up the DagBag from /home/airflow/.local/lib/python3.7/site-packages/airflow/example_dags/example_latest_only_with_trigger.py
[2025-01-23T20:04:50.899+0000] {processor.py:766} INFO - DAG(s) dict_keys(['latest_only_with_trigger']) retrieved from /home/airflow/.local/lib/python3.7/site-packages/airflow/example_dags/example_latest_only_with_trigger.py
[2025-01-23T20:04:50.996+0000] {logging_mixin.py:120} INFO - [2025-01-23T20:04:50.995+0000] {dag.py:2585} INFO - Sync 1 DAGs
[2025-01-23T20:04:51.056+0000] {logging_mixin.py:120} INFO - [2025-01-23T20:04:51.056+0000] {dag.py:3340} INFO - Setting next_dagrun for latest_only_with_trigger to 2025-01-23T16:04:51.055873+00:00, run_after=2025-01-23T20:04:51.055873+00:00
[2025-01-23T20:04:51.102+0000] {processor.py:176} INFO - Processing /home/airflow/.local/lib/python3.7/site-packages/airflow/example_dags/example_latest_only_with_trigger.py took 0.252 seconds
[2025-01-23T20:05:21.224+0000] {processor.py:154} INFO - Started process (PID=46937) to work on /home/airflow/.local/lib/python3.7/site-packages/airflow/example_dags/example_latest_only_with_trigger.py
[2025-01-23T20:05:21.226+0000] {processor.py:756} INFO - Processing file /home/airflow/.local/lib/python3.7/site-packages/airflow/example_dags/example_latest_only_with_trigger.py for tasks to queue
[2025-01-23T20:05:21.227+0000] {logging_mixin.py:120} INFO - [2025-01-23T20:05:21.227+0000] {dagbag.py:537} INFO - Filling up the DagBag from /home/airflow/.local/lib/python3.7/site-packages/airflow/example_dags/example_latest_only_with_trigger.py
[2025-01-23T20:05:21.253+0000] {processor.py:766} INFO - DAG(s) dict_keys(['latest_only_with_trigger']) retrieved from /home/airflow/.local/lib/python3.7/site-packages/airflow/example_dags/example_latest_only_with_trigger.py
[2025-01-23T20:05:21.338+0000] {logging_mixin.py:120} INFO - [2025-01-23T20:05:21.337+0000] {dag.py:2585} INFO - Sync 1 DAGs
[2025-01-23T20:05:21.385+0000] {logging_mixin.py:120} INFO - [2025-01-23T20:05:21.385+0000] {dag.py:3340} INFO - Setting next_dagrun for latest_only_with_trigger to 2025-01-23T16:05:21.384531+00:00, run_after=2025-01-23T20:05:21.384531+00:00
[2025-01-23T20:05:21.425+0000] {processor.py:176} INFO - Processing /home/airflow/.local/lib/python3.7/site-packages/airflow/example_dags/example_latest_only_with_trigger.py took 0.206 seconds
[2025-01-23T20:05:51.961+0000] {processor.py:154} INFO - Started process (PID=46991) to work on /home/airflow/.local/lib/python3.7/site-packages/airflow/example_dags/example_latest_only_with_trigger.py
[2025-01-23T20:05:51.965+0000] {processor.py:756} INFO - Processing file /home/airflow/.local/lib/python3.7/site-packages/airflow/example_dags/example_latest_only_with_trigger.py for tasks to queue
[2025-01-23T20:05:51.969+0000] {logging_mixin.py:120} INFO - [2025-01-23T20:05:51.968+0000] {dagbag.py:537} INFO - Filling up the DagBag from /home/airflow/.local/lib/python3.7/site-packages/airflow/example_dags/example_latest_only_with_trigger.py
[2025-01-23T20:05:52.037+0000] {processor.py:766} INFO - DAG(s) dict_keys(['latest_only_with_trigger']) retrieved from /home/airflow/.local/lib/python3.7/site-packages/airflow/example_dags/example_latest_only_with_trigger.py
[2025-01-23T20:05:52.105+0000] {logging_mixin.py:120} INFO - [2025-01-23T20:05:52.104+0000] {dag.py:2585} INFO - Sync 1 DAGs
[2025-01-23T20:05:52.144+0000] {logging_mixin.py:120} INFO - [2025-01-23T20:05:52.144+0000] {dag.py:3340} INFO - Setting next_dagrun for latest_only_with_trigger to 2025-01-23T16:05:52.144376+00:00, run_after=2025-01-23T20:05:52.144376+00:00
[2025-01-23T20:05:52.176+0000] {processor.py:176} INFO - Processing /home/airflow/.local/lib/python3.7/site-packages/airflow/example_dags/example_latest_only_with_trigger.py took 0.228 seconds
[2025-01-23T20:06:23.070+0000] {processor.py:154} INFO - Started process (PID=47054) to work on /home/airflow/.local/lib/python3.7/site-packages/airflow/example_dags/example_latest_only_with_trigger.py
[2025-01-23T20:06:23.072+0000] {processor.py:756} INFO - Processing file /home/airflow/.local/lib/python3.7/site-packages/airflow/example_dags/example_latest_only_with_trigger.py for tasks to queue
[2025-01-23T20:06:23.073+0000] {logging_mixin.py:120} INFO - [2025-01-23T20:06:23.073+0000] {dagbag.py:537} INFO - Filling up the DagBag from /home/airflow/.local/lib/python3.7/site-packages/airflow/example_dags/example_latest_only_with_trigger.py
[2025-01-23T20:06:23.121+0000] {processor.py:766} INFO - DAG(s) dict_keys(['latest_only_with_trigger']) retrieved from /home/airflow/.local/lib/python3.7/site-packages/airflow/example_dags/example_latest_only_with_trigger.py
[2025-01-23T20:06:23.242+0000] {logging_mixin.py:120} INFO - [2025-01-23T20:06:23.241+0000] {dag.py:2585} INFO - Sync 1 DAGs
[2025-01-23T20:06:23.295+0000] {logging_mixin.py:120} INFO - [2025-01-23T20:06:23.295+0000] {dag.py:3340} INFO - Setting next_dagrun for latest_only_with_trigger to 2025-01-23T16:06:23.294520+00:00, run_after=2025-01-23T20:06:23.294520+00:00
[2025-01-23T20:06:23.353+0000] {processor.py:176} INFO - Processing /home/airflow/.local/lib/python3.7/site-packages/airflow/example_dags/example_latest_only_with_trigger.py took 0.288 seconds
[2025-01-23T20:06:54.074+0000] {processor.py:154} INFO - Started process (PID=47108) to work on /home/airflow/.local/lib/python3.7/site-packages/airflow/example_dags/example_latest_only_with_trigger.py
[2025-01-23T20:06:54.076+0000] {processor.py:756} INFO - Processing file /home/airflow/.local/lib/python3.7/site-packages/airflow/example_dags/example_latest_only_with_trigger.py for tasks to queue
[2025-01-23T20:06:54.078+0000] {logging_mixin.py:120} INFO - [2025-01-23T20:06:54.078+0000] {dagbag.py:537} INFO - Filling up the DagBag from /home/airflow/.local/lib/python3.7/site-packages/airflow/example_dags/example_latest_only_with_trigger.py
[2025-01-23T20:06:54.110+0000] {processor.py:766} INFO - DAG(s) dict_keys(['latest_only_with_trigger']) retrieved from /home/airflow/.local/lib/python3.7/site-packages/airflow/example_dags/example_latest_only_with_trigger.py
[2025-01-23T20:06:54.187+0000] {logging_mixin.py:120} INFO - [2025-01-23T20:06:54.186+0000] {dag.py:2585} INFO - Sync 1 DAGs
[2025-01-23T20:06:54.236+0000] {logging_mixin.py:120} INFO - [2025-01-23T20:06:54.236+0000] {dag.py:3340} INFO - Setting next_dagrun for latest_only_with_trigger to 2025-01-23T16:06:54.235751+00:00, run_after=2025-01-23T20:06:54.235751+00:00
[2025-01-23T20:06:54.269+0000] {processor.py:176} INFO - Processing /home/airflow/.local/lib/python3.7/site-packages/airflow/example_dags/example_latest_only_with_trigger.py took 0.201 seconds
[2025-01-23T20:07:25.085+0000] {processor.py:154} INFO - Started process (PID=47171) to work on /home/airflow/.local/lib/python3.7/site-packages/airflow/example_dags/example_latest_only_with_trigger.py
[2025-01-23T20:07:25.087+0000] {processor.py:756} INFO - Processing file /home/airflow/.local/lib/python3.7/site-packages/airflow/example_dags/example_latest_only_with_trigger.py for tasks to queue
[2025-01-23T20:07:25.090+0000] {logging_mixin.py:120} INFO - [2025-01-23T20:07:25.089+0000] {dagbag.py:537} INFO - Filling up the DagBag from /home/airflow/.local/lib/python3.7/site-packages/airflow/example_dags/example_latest_only_with_trigger.py
[2025-01-23T20:07:25.116+0000] {processor.py:766} INFO - DAG(s) dict_keys(['latest_only_with_trigger']) retrieved from /home/airflow/.local/lib/python3.7/site-packages/airflow/example_dags/example_latest_only_with_trigger.py
[2025-01-23T20:07:25.201+0000] {logging_mixin.py:120} INFO - [2025-01-23T20:07:25.200+0000] {dag.py:2585} INFO - Sync 1 DAGs
[2025-01-23T20:07:25.269+0000] {logging_mixin.py:120} INFO - [2025-01-23T20:07:25.269+0000] {dag.py:3340} INFO - Setting next_dagrun for latest_only_with_trigger to 2025-01-23T16:07:25.268607+00:00, run_after=2025-01-23T20:07:25.268607+00:00
[2025-01-23T20:07:25.316+0000] {processor.py:176} INFO - Processing /home/airflow/.local/lib/python3.7/site-packages/airflow/example_dags/example_latest_only_with_trigger.py took 0.239 seconds
[2025-01-23T20:07:55.888+0000] {processor.py:154} INFO - Started process (PID=47224) to work on /home/airflow/.local/lib/python3.7/site-packages/airflow/example_dags/example_latest_only_with_trigger.py
[2025-01-23T20:07:55.893+0000] {processor.py:756} INFO - Processing file /home/airflow/.local/lib/python3.7/site-packages/airflow/example_dags/example_latest_only_with_trigger.py for tasks to queue
[2025-01-23T20:07:55.897+0000] {logging_mixin.py:120} INFO - [2025-01-23T20:07:55.896+0000] {dagbag.py:537} INFO - Filling up the DagBag from /home/airflow/.local/lib/python3.7/site-packages/airflow/example_dags/example_latest_only_with_trigger.py
[2025-01-23T20:07:55.969+0000] {processor.py:766} INFO - DAG(s) dict_keys(['latest_only_with_trigger']) retrieved from /home/airflow/.local/lib/python3.7/site-packages/airflow/example_dags/example_latest_only_with_trigger.py
[2025-01-23T20:07:56.043+0000] {logging_mixin.py:120} INFO - [2025-01-23T20:07:56.043+0000] {dag.py:2585} INFO - Sync 1 DAGs
[2025-01-23T20:07:56.085+0000] {logging_mixin.py:120} INFO - [2025-01-23T20:07:56.085+0000] {dag.py:3340} INFO - Setting next_dagrun for latest_only_with_trigger to 2025-01-23T16:07:56.084897+00:00, run_after=2025-01-23T20:07:56.084897+00:00
[2025-01-23T20:07:56.124+0000] {processor.py:176} INFO - Processing /home/airflow/.local/lib/python3.7/site-packages/airflow/example_dags/example_latest_only_with_trigger.py took 0.254 seconds
[2025-01-23T20:08:26.886+0000] {processor.py:154} INFO - Started process (PID=47278) to work on /home/airflow/.local/lib/python3.7/site-packages/airflow/example_dags/example_latest_only_with_trigger.py
[2025-01-23T20:08:26.890+0000] {processor.py:756} INFO - Processing file /home/airflow/.local/lib/python3.7/site-packages/airflow/example_dags/example_latest_only_with_trigger.py for tasks to queue
[2025-01-23T20:08:26.894+0000] {logging_mixin.py:120} INFO - [2025-01-23T20:08:26.893+0000] {dagbag.py:537} INFO - Filling up the DagBag from /home/airflow/.local/lib/python3.7/site-packages/airflow/example_dags/example_latest_only_with_trigger.py
[2025-01-23T20:08:26.959+0000] {processor.py:766} INFO - DAG(s) dict_keys(['latest_only_with_trigger']) retrieved from /home/airflow/.local/lib/python3.7/site-packages/airflow/example_dags/example_latest_only_with_trigger.py
[2025-01-23T20:08:27.087+0000] {logging_mixin.py:120} INFO - [2025-01-23T20:08:27.087+0000] {dag.py:2585} INFO - Sync 1 DAGs
[2025-01-23T20:08:27.133+0000] {logging_mixin.py:120} INFO - [2025-01-23T20:08:27.133+0000] {dag.py:3340} INFO - Setting next_dagrun for latest_only_with_trigger to 2025-01-23T16:08:27.133193+00:00, run_after=2025-01-23T20:08:27.133193+00:00
[2025-01-23T20:08:27.183+0000] {processor.py:176} INFO - Processing /home/airflow/.local/lib/python3.7/site-packages/airflow/example_dags/example_latest_only_with_trigger.py took 0.311 seconds
[2025-01-23T20:08:57.464+0000] {processor.py:154} INFO - Started process (PID=47341) to work on /home/airflow/.local/lib/python3.7/site-packages/airflow/example_dags/example_latest_only_with_trigger.py
[2025-01-23T20:08:57.465+0000] {processor.py:756} INFO - Processing file /home/airflow/.local/lib/python3.7/site-packages/airflow/example_dags/example_latest_only_with_trigger.py for tasks to queue
[2025-01-23T20:08:57.467+0000] {logging_mixin.py:120} INFO - [2025-01-23T20:08:57.467+0000] {dagbag.py:537} INFO - Filling up the DagBag from /home/airflow/.local/lib/python3.7/site-packages/airflow/example_dags/example_latest_only_with_trigger.py
[2025-01-23T20:08:57.492+0000] {processor.py:766} INFO - DAG(s) dict_keys(['latest_only_with_trigger']) retrieved from /home/airflow/.local/lib/python3.7/site-packages/airflow/example_dags/example_latest_only_with_trigger.py
[2025-01-23T20:08:57.565+0000] {logging_mixin.py:120} INFO - [2025-01-23T20:08:57.565+0000] {dag.py:2585} INFO - Sync 1 DAGs
[2025-01-23T20:08:57.612+0000] {logging_mixin.py:120} INFO - [2025-01-23T20:08:57.612+0000] {dag.py:3340} INFO - Setting next_dagrun for latest_only_with_trigger to 2025-01-23T16:08:57.611903+00:00, run_after=2025-01-23T20:08:57.611903+00:00
[2025-01-23T20:08:57.647+0000] {processor.py:176} INFO - Processing /home/airflow/.local/lib/python3.7/site-packages/airflow/example_dags/example_latest_only_with_trigger.py took 0.189 seconds
[2025-01-23T20:09:28.081+0000] {processor.py:154} INFO - Started process (PID=47395) to work on /home/airflow/.local/lib/python3.7/site-packages/airflow/example_dags/example_latest_only_with_trigger.py
[2025-01-23T20:09:28.086+0000] {processor.py:756} INFO - Processing file /home/airflow/.local/lib/python3.7/site-packages/airflow/example_dags/example_latest_only_with_trigger.py for tasks to queue
[2025-01-23T20:09:28.091+0000] {logging_mixin.py:120} INFO - [2025-01-23T20:09:28.091+0000] {dagbag.py:537} INFO - Filling up the DagBag from /home/airflow/.local/lib/python3.7/site-packages/airflow/example_dags/example_latest_only_with_trigger.py
[2025-01-23T20:09:28.163+0000] {processor.py:766} INFO - DAG(s) dict_keys(['latest_only_with_trigger']) retrieved from /home/airflow/.local/lib/python3.7/site-packages/airflow/example_dags/example_latest_only_with_trigger.py
[2025-01-23T20:09:28.341+0000] {logging_mixin.py:120} INFO - [2025-01-23T20:09:28.341+0000] {dag.py:2585} INFO - Sync 1 DAGs
[2025-01-23T20:09:28.455+0000] {logging_mixin.py:120} INFO - [2025-01-23T20:09:28.455+0000] {dag.py:3340} INFO - Setting next_dagrun for latest_only_with_trigger to 2025-01-23T16:09:28.454187+00:00, run_after=2025-01-23T20:09:28.454187+00:00
[2025-01-23T20:09:28.548+0000] {processor.py:176} INFO - Processing /home/airflow/.local/lib/python3.7/site-packages/airflow/example_dags/example_latest_only_with_trigger.py took 0.484 seconds
[2025-01-23T20:09:58.862+0000] {processor.py:154} INFO - Started process (PID=47458) to work on /home/airflow/.local/lib/python3.7/site-packages/airflow/example_dags/example_latest_only_with_trigger.py
[2025-01-23T20:09:58.867+0000] {processor.py:756} INFO - Processing file /home/airflow/.local/lib/python3.7/site-packages/airflow/example_dags/example_latest_only_with_trigger.py for tasks to queue
[2025-01-23T20:09:58.876+0000] {logging_mixin.py:120} INFO - [2025-01-23T20:09:58.871+0000] {dagbag.py:537} INFO - Filling up the DagBag from /home/airflow/.local/lib/python3.7/site-packages/airflow/example_dags/example_latest_only_with_trigger.py
[2025-01-23T20:09:58.931+0000] {processor.py:766} INFO - DAG(s) dict_keys(['latest_only_with_trigger']) retrieved from /home/airflow/.local/lib/python3.7/site-packages/airflow/example_dags/example_latest_only_with_trigger.py
[2025-01-23T20:09:59.006+0000] {logging_mixin.py:120} INFO - [2025-01-23T20:09:59.006+0000] {dag.py:2585} INFO - Sync 1 DAGs
[2025-01-23T20:09:59.053+0000] {logging_mixin.py:120} INFO - [2025-01-23T20:09:59.053+0000] {dag.py:3340} INFO - Setting next_dagrun for latest_only_with_trigger to 2025-01-23T16:09:59.053206+00:00, run_after=2025-01-23T20:09:59.053206+00:00
[2025-01-23T20:09:59.087+0000] {processor.py:176} INFO - Processing /home/airflow/.local/lib/python3.7/site-packages/airflow/example_dags/example_latest_only_with_trigger.py took 0.241 seconds
[2025-01-23T20:10:29.733+0000] {processor.py:154} INFO - Started process (PID=47512) to work on /home/airflow/.local/lib/python3.7/site-packages/airflow/example_dags/example_latest_only_with_trigger.py
[2025-01-23T20:10:29.737+0000] {processor.py:756} INFO - Processing file /home/airflow/.local/lib/python3.7/site-packages/airflow/example_dags/example_latest_only_with_trigger.py for tasks to queue
[2025-01-23T20:10:29.741+0000] {logging_mixin.py:120} INFO - [2025-01-23T20:10:29.740+0000] {dagbag.py:537} INFO - Filling up the DagBag from /home/airflow/.local/lib/python3.7/site-packages/airflow/example_dags/example_latest_only_with_trigger.py
[2025-01-23T20:10:29.852+0000] {processor.py:766} INFO - DAG(s) dict_keys(['latest_only_with_trigger']) retrieved from /home/airflow/.local/lib/python3.7/site-packages/airflow/example_dags/example_latest_only_with_trigger.py
[2025-01-23T20:10:30.032+0000] {logging_mixin.py:120} INFO - [2025-01-23T20:10:30.031+0000] {dag.py:2585} INFO - Sync 1 DAGs
[2025-01-23T20:10:30.144+0000] {logging_mixin.py:120} INFO - [2025-01-23T20:10:30.144+0000] {dag.py:3340} INFO - Setting next_dagrun for latest_only_with_trigger to 2025-01-23T16:10:30.142795+00:00, run_after=2025-01-23T20:10:30.142795+00:00
[2025-01-23T20:10:30.232+0000] {processor.py:176} INFO - Processing /home/airflow/.local/lib/python3.7/site-packages/airflow/example_dags/example_latest_only_with_trigger.py took 0.512 seconds
[2025-01-23T20:11:00.599+0000] {processor.py:154} INFO - Started process (PID=47575) to work on /home/airflow/.local/lib/python3.7/site-packages/airflow/example_dags/example_latest_only_with_trigger.py
[2025-01-23T20:11:00.603+0000] {processor.py:756} INFO - Processing file /home/airflow/.local/lib/python3.7/site-packages/airflow/example_dags/example_latest_only_with_trigger.py for tasks to queue
[2025-01-23T20:11:00.606+0000] {logging_mixin.py:120} INFO - [2025-01-23T20:11:00.606+0000] {dagbag.py:537} INFO - Filling up the DagBag from /home/airflow/.local/lib/python3.7/site-packages/airflow/example_dags/example_latest_only_with_trigger.py
[2025-01-23T20:11:00.674+0000] {processor.py:766} INFO - DAG(s) dict_keys(['latest_only_with_trigger']) retrieved from /home/airflow/.local/lib/python3.7/site-packages/airflow/example_dags/example_latest_only_with_trigger.py
[2025-01-23T20:11:00.860+0000] {logging_mixin.py:120} INFO - [2025-01-23T20:11:00.860+0000] {dag.py:2585} INFO - Sync 1 DAGs
[2025-01-23T20:11:01.027+0000] {logging_mixin.py:120} INFO - [2025-01-23T20:11:01.026+0000] {dag.py:3340} INFO - Setting next_dagrun for latest_only_with_trigger to 2025-01-23T16:11:01.025467+00:00, run_after=2025-01-23T20:11:01.025467+00:00
[2025-01-23T20:11:01.121+0000] {processor.py:176} INFO - Processing /home/airflow/.local/lib/python3.7/site-packages/airflow/example_dags/example_latest_only_with_trigger.py took 0.541 seconds
[2025-01-23T20:11:31.315+0000] {processor.py:154} INFO - Started process (PID=47628) to work on /home/airflow/.local/lib/python3.7/site-packages/airflow/example_dags/example_latest_only_with_trigger.py
[2025-01-23T20:11:31.319+0000] {processor.py:756} INFO - Processing file /home/airflow/.local/lib/python3.7/site-packages/airflow/example_dags/example_latest_only_with_trigger.py for tasks to queue
[2025-01-23T20:11:31.323+0000] {logging_mixin.py:120} INFO - [2025-01-23T20:11:31.322+0000] {dagbag.py:537} INFO - Filling up the DagBag from /home/airflow/.local/lib/python3.7/site-packages/airflow/example_dags/example_latest_only_with_trigger.py
[2025-01-23T20:11:31.398+0000] {processor.py:766} INFO - DAG(s) dict_keys(['latest_only_with_trigger']) retrieved from /home/airflow/.local/lib/python3.7/site-packages/airflow/example_dags/example_latest_only_with_trigger.py
[2025-01-23T20:11:31.518+0000] {logging_mixin.py:120} INFO - [2025-01-23T20:11:31.518+0000] {dag.py:2585} INFO - Sync 1 DAGs
[2025-01-23T20:11:31.598+0000] {logging_mixin.py:120} INFO - [2025-01-23T20:11:31.598+0000] {dag.py:3340} INFO - Setting next_dagrun for latest_only_with_trigger to 2025-01-23T16:11:31.597648+00:00, run_after=2025-01-23T20:11:31.597648+00:00
[2025-01-23T20:11:31.640+0000] {processor.py:176} INFO - Processing /home/airflow/.local/lib/python3.7/site-packages/airflow/example_dags/example_latest_only_with_trigger.py took 0.338 seconds
[2025-01-23T20:12:01.714+0000] {processor.py:154} INFO - Started process (PID=47690) to work on /home/airflow/.local/lib/python3.7/site-packages/airflow/example_dags/example_latest_only_with_trigger.py
[2025-01-23T20:12:01.716+0000] {processor.py:756} INFO - Processing file /home/airflow/.local/lib/python3.7/site-packages/airflow/example_dags/example_latest_only_with_trigger.py for tasks to queue
[2025-01-23T20:12:01.718+0000] {logging_mixin.py:120} INFO - [2025-01-23T20:12:01.718+0000] {dagbag.py:537} INFO - Filling up the DagBag from /home/airflow/.local/lib/python3.7/site-packages/airflow/example_dags/example_latest_only_with_trigger.py
[2025-01-23T20:12:01.776+0000] {processor.py:766} INFO - DAG(s) dict_keys(['latest_only_with_trigger']) retrieved from /home/airflow/.local/lib/python3.7/site-packages/airflow/example_dags/example_latest_only_with_trigger.py
[2025-01-23T20:12:01.894+0000] {logging_mixin.py:120} INFO - [2025-01-23T20:12:01.894+0000] {dag.py:2585} INFO - Sync 1 DAGs
[2025-01-23T20:12:01.974+0000] {logging_mixin.py:120} INFO - [2025-01-23T20:12:01.974+0000] {dag.py:3340} INFO - Setting next_dagrun for latest_only_with_trigger to 2025-01-23T16:12:01.973626+00:00, run_after=2025-01-23T20:12:01.973626+00:00
[2025-01-23T20:12:02.028+0000] {processor.py:176} INFO - Processing /home/airflow/.local/lib/python3.7/site-packages/airflow/example_dags/example_latest_only_with_trigger.py took 0.321 seconds
[2025-01-23T20:12:32.895+0000] {processor.py:154} INFO - Started process (PID=47746) to work on /home/airflow/.local/lib/python3.7/site-packages/airflow/example_dags/example_latest_only_with_trigger.py
[2025-01-23T20:12:32.897+0000] {processor.py:756} INFO - Processing file /home/airflow/.local/lib/python3.7/site-packages/airflow/example_dags/example_latest_only_with_trigger.py for tasks to queue
[2025-01-23T20:12:32.899+0000] {logging_mixin.py:120} INFO - [2025-01-23T20:12:32.899+0000] {dagbag.py:537} INFO - Filling up the DagBag from /home/airflow/.local/lib/python3.7/site-packages/airflow/example_dags/example_latest_only_with_trigger.py
[2025-01-23T20:12:32.926+0000] {processor.py:766} INFO - DAG(s) dict_keys(['latest_only_with_trigger']) retrieved from /home/airflow/.local/lib/python3.7/site-packages/airflow/example_dags/example_latest_only_with_trigger.py
[2025-01-23T20:12:33.004+0000] {logging_mixin.py:120} INFO - [2025-01-23T20:12:33.003+0000] {dag.py:2585} INFO - Sync 1 DAGs
[2025-01-23T20:12:33.051+0000] {logging_mixin.py:120} INFO - [2025-01-23T20:12:33.051+0000] {dag.py:3340} INFO - Setting next_dagrun for latest_only_with_trigger to 2025-01-23T16:12:33.050492+00:00, run_after=2025-01-23T20:12:33.050492+00:00
[2025-01-23T20:12:33.088+0000] {processor.py:176} INFO - Processing /home/airflow/.local/lib/python3.7/site-packages/airflow/example_dags/example_latest_only_with_trigger.py took 0.198 seconds
