[2025-01-23T19:50:42.028+0000] {processor.py:154} INFO - Started process (PID=45319) to work on /home/airflow/.local/lib/python3.7/site-packages/airflow/example_dags/example_branch_datetime_operator.py
[2025-01-23T19:50:42.031+0000] {processor.py:756} INFO - Processing file /home/airflow/.local/lib/python3.7/site-packages/airflow/example_dags/example_branch_datetime_operator.py for tasks to queue
[2025-01-23T19:50:42.034+0000] {logging_mixin.py:120} INFO - [2025-01-23T19:50:42.033+0000] {dagbag.py:537} INFO - Filling up the DagBag from /home/airflow/.local/lib/python3.7/site-packages/airflow/example_dags/example_branch_datetime_operator.py
[2025-01-23T19:50:42.117+0000] {processor.py:766} INFO - DAG(s) dict_keys(['example_branch_datetime_operator_2', 'example_branch_datetime_operator_3', 'example_branch_datetime_operator']) retrieved from /home/airflow/.local/lib/python3.7/site-packages/airflow/example_dags/example_branch_datetime_operator.py
[2025-01-23T19:50:42.326+0000] {logging_mixin.py:120} INFO - [2025-01-23T19:50:42.325+0000] {dag.py:2585} INFO - Sync 3 DAGs
[2025-01-23T19:50:42.480+0000] {logging_mixin.py:120} INFO - [2025-01-23T19:50:42.480+0000] {dag.py:3340} INFO - Setting next_dagrun for example_branch_datetime_operator to 2025-01-22T00:00:00+00:00, run_after=2025-01-23T00:00:00+00:00
[2025-01-23T19:50:42.503+0000] {logging_mixin.py:120} INFO - [2025-01-23T19:50:42.503+0000] {dag.py:3340} INFO - Setting next_dagrun for example_branch_datetime_operator_2 to 2025-01-22T00:00:00+00:00, run_after=2025-01-23T00:00:00+00:00
[2025-01-23T19:50:42.522+0000] {logging_mixin.py:120} INFO - [2025-01-23T19:50:42.522+0000] {dag.py:3340} INFO - Setting next_dagrun for example_branch_datetime_operator_3 to 2025-01-22T00:00:00+00:00, run_after=2025-01-23T00:00:00+00:00
[2025-01-23T19:50:42.605+0000] {processor.py:176} INFO - Processing /home/airflow/.local/lib/python3.7/site-packages/airflow/example_dags/example_branch_datetime_operator.py took 0.591 seconds
[2025-01-23T19:51:14.361+0000] {processor.py:154} INFO - Started process (PID=45374) to work on /home/airflow/.local/lib/python3.7/site-packages/airflow/example_dags/example_branch_datetime_operator.py
[2025-01-23T19:51:14.376+0000] {processor.py:756} INFO - Processing file /home/airflow/.local/lib/python3.7/site-packages/airflow/example_dags/example_branch_datetime_operator.py for tasks to queue
[2025-01-23T19:51:14.391+0000] {logging_mixin.py:120} INFO - [2025-01-23T19:51:14.390+0000] {dagbag.py:537} INFO - Filling up the DagBag from /home/airflow/.local/lib/python3.7/site-packages/airflow/example_dags/example_branch_datetime_operator.py
[2025-01-23T19:51:14.510+0000] {processor.py:766} INFO - DAG(s) dict_keys(['example_branch_datetime_operator_3', 'example_branch_datetime_operator_2', 'example_branch_datetime_operator']) retrieved from /home/airflow/.local/lib/python3.7/site-packages/airflow/example_dags/example_branch_datetime_operator.py
[2025-01-23T19:51:14.764+0000] {logging_mixin.py:120} INFO - [2025-01-23T19:51:14.764+0000] {dag.py:2585} INFO - Sync 3 DAGs
[2025-01-23T19:51:14.892+0000] {logging_mixin.py:120} INFO - [2025-01-23T19:51:14.891+0000] {dag.py:3340} INFO - Setting next_dagrun for example_branch_datetime_operator to 2025-01-22T00:00:00+00:00, run_after=2025-01-23T00:00:00+00:00
[2025-01-23T19:51:14.922+0000] {logging_mixin.py:120} INFO - [2025-01-23T19:51:14.922+0000] {dag.py:3340} INFO - Setting next_dagrun for example_branch_datetime_operator_2 to 2025-01-22T00:00:00+00:00, run_after=2025-01-23T00:00:00+00:00
[2025-01-23T19:51:14.929+0000] {logging_mixin.py:120} INFO - [2025-01-23T19:51:14.929+0000] {dag.py:3340} INFO - Setting next_dagrun for example_branch_datetime_operator_3 to 2025-01-22T00:00:00+00:00, run_after=2025-01-23T00:00:00+00:00
[2025-01-23T19:51:15.333+0000] {processor.py:176} INFO - Processing /home/airflow/.local/lib/python3.7/site-packages/airflow/example_dags/example_branch_datetime_operator.py took 0.988 seconds
[2025-01-23T19:51:47.158+0000] {processor.py:154} INFO - Started process (PID=45428) to work on /home/airflow/.local/lib/python3.7/site-packages/airflow/example_dags/example_branch_datetime_operator.py
[2025-01-23T19:51:47.165+0000] {processor.py:756} INFO - Processing file /home/airflow/.local/lib/python3.7/site-packages/airflow/example_dags/example_branch_datetime_operator.py for tasks to queue
[2025-01-23T19:51:47.167+0000] {logging_mixin.py:120} INFO - [2025-01-23T19:51:47.167+0000] {dagbag.py:537} INFO - Filling up the DagBag from /home/airflow/.local/lib/python3.7/site-packages/airflow/example_dags/example_branch_datetime_operator.py
[2025-01-23T19:51:47.306+0000] {processor.py:766} INFO - DAG(s) dict_keys(['example_branch_datetime_operator_3', 'example_branch_datetime_operator_2', 'example_branch_datetime_operator']) retrieved from /home/airflow/.local/lib/python3.7/site-packages/airflow/example_dags/example_branch_datetime_operator.py
[2025-01-23T19:51:47.635+0000] {logging_mixin.py:120} INFO - [2025-01-23T19:51:47.635+0000] {dag.py:2585} INFO - Sync 3 DAGs
[2025-01-23T19:51:47.824+0000] {logging_mixin.py:120} INFO - [2025-01-23T19:51:47.824+0000] {dag.py:3340} INFO - Setting next_dagrun for example_branch_datetime_operator to 2025-01-22T00:00:00+00:00, run_after=2025-01-23T00:00:00+00:00
[2025-01-23T19:51:47.872+0000] {logging_mixin.py:120} INFO - [2025-01-23T19:51:47.871+0000] {dag.py:3340} INFO - Setting next_dagrun for example_branch_datetime_operator_2 to 2025-01-22T00:00:00+00:00, run_after=2025-01-23T00:00:00+00:00
[2025-01-23T19:51:47.889+0000] {logging_mixin.py:120} INFO - [2025-01-23T19:51:47.889+0000] {dag.py:3340} INFO - Setting next_dagrun for example_branch_datetime_operator_3 to 2025-01-22T00:00:00+00:00, run_after=2025-01-23T00:00:00+00:00
[2025-01-23T19:51:48.033+0000] {processor.py:176} INFO - Processing /home/airflow/.local/lib/python3.7/site-packages/airflow/example_dags/example_branch_datetime_operator.py took 0.895 seconds
[2025-01-23T19:52:18.765+0000] {processor.py:154} INFO - Started process (PID=45473) to work on /home/airflow/.local/lib/python3.7/site-packages/airflow/example_dags/example_branch_datetime_operator.py
[2025-01-23T19:52:18.767+0000] {processor.py:756} INFO - Processing file /home/airflow/.local/lib/python3.7/site-packages/airflow/example_dags/example_branch_datetime_operator.py for tasks to queue
[2025-01-23T19:52:18.773+0000] {logging_mixin.py:120} INFO - [2025-01-23T19:52:18.773+0000] {dagbag.py:537} INFO - Filling up the DagBag from /home/airflow/.local/lib/python3.7/site-packages/airflow/example_dags/example_branch_datetime_operator.py
[2025-01-23T19:52:18.854+0000] {processor.py:766} INFO - DAG(s) dict_keys(['example_branch_datetime_operator_2', 'example_branch_datetime_operator', 'example_branch_datetime_operator_3']) retrieved from /home/airflow/.local/lib/python3.7/site-packages/airflow/example_dags/example_branch_datetime_operator.py
[2025-01-23T19:52:19.133+0000] {logging_mixin.py:120} INFO - [2025-01-23T19:52:19.132+0000] {dag.py:2585} INFO - Sync 3 DAGs
[2025-01-23T19:52:19.309+0000] {logging_mixin.py:120} INFO - [2025-01-23T19:52:19.309+0000] {dag.py:3340} INFO - Setting next_dagrun for example_branch_datetime_operator to 2025-01-22T00:00:00+00:00, run_after=2025-01-23T00:00:00+00:00
[2025-01-23T19:52:19.329+0000] {logging_mixin.py:120} INFO - [2025-01-23T19:52:19.329+0000] {dag.py:3340} INFO - Setting next_dagrun for example_branch_datetime_operator_2 to 2025-01-22T00:00:00+00:00, run_after=2025-01-23T00:00:00+00:00
[2025-01-23T19:52:19.348+0000] {logging_mixin.py:120} INFO - [2025-01-23T19:52:19.348+0000] {dag.py:3340} INFO - Setting next_dagrun for example_branch_datetime_operator_3 to 2025-01-22T00:00:00+00:00, run_after=2025-01-23T00:00:00+00:00
[2025-01-23T19:52:19.448+0000] {processor.py:176} INFO - Processing /home/airflow/.local/lib/python3.7/site-packages/airflow/example_dags/example_branch_datetime_operator.py took 0.693 seconds
[2025-01-23T19:52:50.203+0000] {processor.py:154} INFO - Started process (PID=45527) to work on /home/airflow/.local/lib/python3.7/site-packages/airflow/example_dags/example_branch_datetime_operator.py
[2025-01-23T19:52:50.207+0000] {processor.py:756} INFO - Processing file /home/airflow/.local/lib/python3.7/site-packages/airflow/example_dags/example_branch_datetime_operator.py for tasks to queue
[2025-01-23T19:52:50.210+0000] {logging_mixin.py:120} INFO - [2025-01-23T19:52:50.210+0000] {dagbag.py:537} INFO - Filling up the DagBag from /home/airflow/.local/lib/python3.7/site-packages/airflow/example_dags/example_branch_datetime_operator.py
[2025-01-23T19:52:50.298+0000] {processor.py:766} INFO - DAG(s) dict_keys(['example_branch_datetime_operator_3', 'example_branch_datetime_operator', 'example_branch_datetime_operator_2']) retrieved from /home/airflow/.local/lib/python3.7/site-packages/airflow/example_dags/example_branch_datetime_operator.py
[2025-01-23T19:52:50.629+0000] {logging_mixin.py:120} INFO - [2025-01-23T19:52:50.628+0000] {dag.py:2585} INFO - Sync 3 DAGs
[2025-01-23T19:52:50.876+0000] {logging_mixin.py:120} INFO - [2025-01-23T19:52:50.876+0000] {dag.py:3340} INFO - Setting next_dagrun for example_branch_datetime_operator to 2025-01-22T00:00:00+00:00, run_after=2025-01-23T00:00:00+00:00
[2025-01-23T19:52:50.916+0000] {logging_mixin.py:120} INFO - [2025-01-23T19:52:50.916+0000] {dag.py:3340} INFO - Setting next_dagrun for example_branch_datetime_operator_2 to 2025-01-22T00:00:00+00:00, run_after=2025-01-23T00:00:00+00:00
[2025-01-23T19:52:50.934+0000] {logging_mixin.py:120} INFO - [2025-01-23T19:52:50.934+0000] {dag.py:3340} INFO - Setting next_dagrun for example_branch_datetime_operator_3 to 2025-01-22T00:00:00+00:00, run_after=2025-01-23T00:00:00+00:00
[2025-01-23T19:52:51.110+0000] {processor.py:176} INFO - Processing /home/airflow/.local/lib/python3.7/site-packages/airflow/example_dags/example_branch_datetime_operator.py took 0.920 seconds
[2025-01-23T19:53:21.524+0000] {processor.py:154} INFO - Started process (PID=45590) to work on /home/airflow/.local/lib/python3.7/site-packages/airflow/example_dags/example_branch_datetime_operator.py
[2025-01-23T19:53:21.532+0000] {processor.py:756} INFO - Processing file /home/airflow/.local/lib/python3.7/site-packages/airflow/example_dags/example_branch_datetime_operator.py for tasks to queue
[2025-01-23T19:53:21.536+0000] {logging_mixin.py:120} INFO - [2025-01-23T19:53:21.536+0000] {dagbag.py:537} INFO - Filling up the DagBag from /home/airflow/.local/lib/python3.7/site-packages/airflow/example_dags/example_branch_datetime_operator.py
[2025-01-23T19:53:21.586+0000] {processor.py:766} INFO - DAG(s) dict_keys(['example_branch_datetime_operator_2', 'example_branch_datetime_operator', 'example_branch_datetime_operator_3']) retrieved from /home/airflow/.local/lib/python3.7/site-packages/airflow/example_dags/example_branch_datetime_operator.py
[2025-01-23T19:53:21.694+0000] {logging_mixin.py:120} INFO - [2025-01-23T19:53:21.694+0000] {dag.py:2585} INFO - Sync 3 DAGs
[2025-01-23T19:53:21.752+0000] {logging_mixin.py:120} INFO - [2025-01-23T19:53:21.752+0000] {dag.py:3340} INFO - Setting next_dagrun for example_branch_datetime_operator to 2025-01-22T00:00:00+00:00, run_after=2025-01-23T00:00:00+00:00
[2025-01-23T19:53:21.762+0000] {logging_mixin.py:120} INFO - [2025-01-23T19:53:21.761+0000] {dag.py:3340} INFO - Setting next_dagrun for example_branch_datetime_operator_2 to 2025-01-22T00:00:00+00:00, run_after=2025-01-23T00:00:00+00:00
[2025-01-23T19:53:21.767+0000] {logging_mixin.py:120} INFO - [2025-01-23T19:53:21.767+0000] {dag.py:3340} INFO - Setting next_dagrun for example_branch_datetime_operator_3 to 2025-01-22T00:00:00+00:00, run_after=2025-01-23T00:00:00+00:00
[2025-01-23T19:53:21.803+0000] {processor.py:176} INFO - Processing /home/airflow/.local/lib/python3.7/site-packages/airflow/example_dags/example_branch_datetime_operator.py took 0.294 seconds
[2025-01-23T19:53:52.038+0000] {processor.py:154} INFO - Started process (PID=45644) to work on /home/airflow/.local/lib/python3.7/site-packages/airflow/example_dags/example_branch_datetime_operator.py
[2025-01-23T19:53:52.040+0000] {processor.py:756} INFO - Processing file /home/airflow/.local/lib/python3.7/site-packages/airflow/example_dags/example_branch_datetime_operator.py for tasks to queue
[2025-01-23T19:53:52.042+0000] {logging_mixin.py:120} INFO - [2025-01-23T19:53:52.042+0000] {dagbag.py:537} INFO - Filling up the DagBag from /home/airflow/.local/lib/python3.7/site-packages/airflow/example_dags/example_branch_datetime_operator.py
[2025-01-23T19:53:52.088+0000] {processor.py:766} INFO - DAG(s) dict_keys(['example_branch_datetime_operator_2', 'example_branch_datetime_operator', 'example_branch_datetime_operator_3']) retrieved from /home/airflow/.local/lib/python3.7/site-packages/airflow/example_dags/example_branch_datetime_operator.py
[2025-01-23T19:53:52.190+0000] {logging_mixin.py:120} INFO - [2025-01-23T19:53:52.190+0000] {dag.py:2585} INFO - Sync 3 DAGs
[2025-01-23T19:53:52.248+0000] {logging_mixin.py:120} INFO - [2025-01-23T19:53:52.248+0000] {dag.py:3340} INFO - Setting next_dagrun for example_branch_datetime_operator to 2025-01-22T00:00:00+00:00, run_after=2025-01-23T00:00:00+00:00
[2025-01-23T19:53:52.259+0000] {logging_mixin.py:120} INFO - [2025-01-23T19:53:52.259+0000] {dag.py:3340} INFO - Setting next_dagrun for example_branch_datetime_operator_2 to 2025-01-22T00:00:00+00:00, run_after=2025-01-23T00:00:00+00:00
[2025-01-23T19:53:52.265+0000] {logging_mixin.py:120} INFO - [2025-01-23T19:53:52.265+0000] {dag.py:3340} INFO - Setting next_dagrun for example_branch_datetime_operator_3 to 2025-01-22T00:00:00+00:00, run_after=2025-01-23T00:00:00+00:00
[2025-01-23T19:53:52.310+0000] {processor.py:176} INFO - Processing /home/airflow/.local/lib/python3.7/site-packages/airflow/example_dags/example_branch_datetime_operator.py took 0.279 seconds
[2025-01-23T19:54:24.690+0000] {processor.py:154} INFO - Started process (PID=45705) to work on /home/airflow/.local/lib/python3.7/site-packages/airflow/example_dags/example_branch_datetime_operator.py
[2025-01-23T19:54:24.693+0000] {processor.py:756} INFO - Processing file /home/airflow/.local/lib/python3.7/site-packages/airflow/example_dags/example_branch_datetime_operator.py for tasks to queue
[2025-01-23T19:54:24.705+0000] {logging_mixin.py:120} INFO - [2025-01-23T19:54:24.705+0000] {dagbag.py:537} INFO - Filling up the DagBag from /home/airflow/.local/lib/python3.7/site-packages/airflow/example_dags/example_branch_datetime_operator.py
[2025-01-23T19:54:24.836+0000] {processor.py:766} INFO - DAG(s) dict_keys(['example_branch_datetime_operator_3', 'example_branch_datetime_operator_2', 'example_branch_datetime_operator']) retrieved from /home/airflow/.local/lib/python3.7/site-packages/airflow/example_dags/example_branch_datetime_operator.py
[2025-01-23T19:54:25.151+0000] {logging_mixin.py:120} INFO - [2025-01-23T19:54:25.150+0000] {dag.py:2585} INFO - Sync 3 DAGs
[2025-01-23T19:54:25.291+0000] {logging_mixin.py:120} INFO - [2025-01-23T19:54:25.290+0000] {dag.py:3340} INFO - Setting next_dagrun for example_branch_datetime_operator to 2025-01-22T00:00:00+00:00, run_after=2025-01-23T00:00:00+00:00
[2025-01-23T19:54:25.324+0000] {logging_mixin.py:120} INFO - [2025-01-23T19:54:25.324+0000] {dag.py:3340} INFO - Setting next_dagrun for example_branch_datetime_operator_2 to 2025-01-22T00:00:00+00:00, run_after=2025-01-23T00:00:00+00:00
[2025-01-23T19:54:25.355+0000] {logging_mixin.py:120} INFO - [2025-01-23T19:54:25.354+0000] {dag.py:3340} INFO - Setting next_dagrun for example_branch_datetime_operator_3 to 2025-01-22T00:00:00+00:00, run_after=2025-01-23T00:00:00+00:00
[2025-01-23T19:54:25.453+0000] {processor.py:176} INFO - Processing /home/airflow/.local/lib/python3.7/site-packages/airflow/example_dags/example_branch_datetime_operator.py took 0.779 seconds
[2025-01-23T19:54:55.874+0000] {processor.py:154} INFO - Started process (PID=45761) to work on /home/airflow/.local/lib/python3.7/site-packages/airflow/example_dags/example_branch_datetime_operator.py
[2025-01-23T19:54:55.876+0000] {processor.py:756} INFO - Processing file /home/airflow/.local/lib/python3.7/site-packages/airflow/example_dags/example_branch_datetime_operator.py for tasks to queue
[2025-01-23T19:54:55.877+0000] {logging_mixin.py:120} INFO - [2025-01-23T19:54:55.877+0000] {dagbag.py:537} INFO - Filling up the DagBag from /home/airflow/.local/lib/python3.7/site-packages/airflow/example_dags/example_branch_datetime_operator.py
[2025-01-23T19:54:55.908+0000] {processor.py:766} INFO - DAG(s) dict_keys(['example_branch_datetime_operator_3', 'example_branch_datetime_operator', 'example_branch_datetime_operator_2']) retrieved from /home/airflow/.local/lib/python3.7/site-packages/airflow/example_dags/example_branch_datetime_operator.py
[2025-01-23T19:54:55.987+0000] {logging_mixin.py:120} INFO - [2025-01-23T19:54:55.987+0000] {dag.py:2585} INFO - Sync 3 DAGs
[2025-01-23T19:54:56.032+0000] {logging_mixin.py:120} INFO - [2025-01-23T19:54:56.032+0000] {dag.py:3340} INFO - Setting next_dagrun for example_branch_datetime_operator to 2025-01-22T00:00:00+00:00, run_after=2025-01-23T00:00:00+00:00
[2025-01-23T19:54:56.041+0000] {logging_mixin.py:120} INFO - [2025-01-23T19:54:56.041+0000] {dag.py:3340} INFO - Setting next_dagrun for example_branch_datetime_operator_2 to 2025-01-22T00:00:00+00:00, run_after=2025-01-23T00:00:00+00:00
[2025-01-23T19:54:56.046+0000] {logging_mixin.py:120} INFO - [2025-01-23T19:54:56.046+0000] {dag.py:3340} INFO - Setting next_dagrun for example_branch_datetime_operator_3 to 2025-01-22T00:00:00+00:00, run_after=2025-01-23T00:00:00+00:00
[2025-01-23T19:54:56.076+0000] {processor.py:176} INFO - Processing /home/airflow/.local/lib/python3.7/site-packages/airflow/example_dags/example_branch_datetime_operator.py took 0.211 seconds
[2025-01-23T19:55:26.214+0000] {processor.py:154} INFO - Started process (PID=45815) to work on /home/airflow/.local/lib/python3.7/site-packages/airflow/example_dags/example_branch_datetime_operator.py
[2025-01-23T19:55:26.217+0000] {processor.py:756} INFO - Processing file /home/airflow/.local/lib/python3.7/site-packages/airflow/example_dags/example_branch_datetime_operator.py for tasks to queue
[2025-01-23T19:55:26.221+0000] {logging_mixin.py:120} INFO - [2025-01-23T19:55:26.219+0000] {dagbag.py:537} INFO - Filling up the DagBag from /home/airflow/.local/lib/python3.7/site-packages/airflow/example_dags/example_branch_datetime_operator.py
[2025-01-23T19:55:26.277+0000] {processor.py:766} INFO - DAG(s) dict_keys(['example_branch_datetime_operator_2', 'example_branch_datetime_operator_3', 'example_branch_datetime_operator']) retrieved from /home/airflow/.local/lib/python3.7/site-packages/airflow/example_dags/example_branch_datetime_operator.py
[2025-01-23T19:55:26.374+0000] {logging_mixin.py:120} INFO - [2025-01-23T19:55:26.374+0000] {dag.py:2585} INFO - Sync 3 DAGs
[2025-01-23T19:55:26.425+0000] {logging_mixin.py:120} INFO - [2025-01-23T19:55:26.425+0000] {dag.py:3340} INFO - Setting next_dagrun for example_branch_datetime_operator to 2025-01-22T00:00:00+00:00, run_after=2025-01-23T00:00:00+00:00
[2025-01-23T19:55:26.437+0000] {logging_mixin.py:120} INFO - [2025-01-23T19:55:26.437+0000] {dag.py:3340} INFO - Setting next_dagrun for example_branch_datetime_operator_2 to 2025-01-22T00:00:00+00:00, run_after=2025-01-23T00:00:00+00:00
[2025-01-23T19:55:26.445+0000] {logging_mixin.py:120} INFO - [2025-01-23T19:55:26.445+0000] {dag.py:3340} INFO - Setting next_dagrun for example_branch_datetime_operator_3 to 2025-01-22T00:00:00+00:00, run_after=2025-01-23T00:00:00+00:00
[2025-01-23T19:55:26.490+0000] {processor.py:176} INFO - Processing /home/airflow/.local/lib/python3.7/site-packages/airflow/example_dags/example_branch_datetime_operator.py took 0.283 seconds
[2025-01-23T19:55:56.918+0000] {processor.py:154} INFO - Started process (PID=45876) to work on /home/airflow/.local/lib/python3.7/site-packages/airflow/example_dags/example_branch_datetime_operator.py
[2025-01-23T19:55:56.934+0000] {processor.py:756} INFO - Processing file /home/airflow/.local/lib/python3.7/site-packages/airflow/example_dags/example_branch_datetime_operator.py for tasks to queue
[2025-01-23T19:55:56.939+0000] {logging_mixin.py:120} INFO - [2025-01-23T19:55:56.938+0000] {dagbag.py:537} INFO - Filling up the DagBag from /home/airflow/.local/lib/python3.7/site-packages/airflow/example_dags/example_branch_datetime_operator.py
[2025-01-23T19:55:57.051+0000] {processor.py:766} INFO - DAG(s) dict_keys(['example_branch_datetime_operator_2', 'example_branch_datetime_operator', 'example_branch_datetime_operator_3']) retrieved from /home/airflow/.local/lib/python3.7/site-packages/airflow/example_dags/example_branch_datetime_operator.py
[2025-01-23T19:55:57.385+0000] {logging_mixin.py:120} INFO - [2025-01-23T19:55:57.374+0000] {dag.py:2585} INFO - Sync 3 DAGs
[2025-01-23T19:55:57.587+0000] {logging_mixin.py:120} INFO - [2025-01-23T19:55:57.586+0000] {dag.py:3340} INFO - Setting next_dagrun for example_branch_datetime_operator to 2025-01-22T00:00:00+00:00, run_after=2025-01-23T00:00:00+00:00
[2025-01-23T19:55:57.633+0000] {logging_mixin.py:120} INFO - [2025-01-23T19:55:57.632+0000] {dag.py:3340} INFO - Setting next_dagrun for example_branch_datetime_operator_2 to 2025-01-22T00:00:00+00:00, run_after=2025-01-23T00:00:00+00:00
[2025-01-23T19:55:57.652+0000] {logging_mixin.py:120} INFO - [2025-01-23T19:55:57.652+0000] {dag.py:3340} INFO - Setting next_dagrun for example_branch_datetime_operator_3 to 2025-01-22T00:00:00+00:00, run_after=2025-01-23T00:00:00+00:00
[2025-01-23T19:55:57.756+0000] {processor.py:176} INFO - Processing /home/airflow/.local/lib/python3.7/site-packages/airflow/example_dags/example_branch_datetime_operator.py took 0.869 seconds
[2025-01-23T19:56:27.896+0000] {processor.py:154} INFO - Started process (PID=45923) to work on /home/airflow/.local/lib/python3.7/site-packages/airflow/example_dags/example_branch_datetime_operator.py
[2025-01-23T19:56:27.899+0000] {processor.py:756} INFO - Processing file /home/airflow/.local/lib/python3.7/site-packages/airflow/example_dags/example_branch_datetime_operator.py for tasks to queue
[2025-01-23T19:56:27.900+0000] {logging_mixin.py:120} INFO - [2025-01-23T19:56:27.900+0000] {dagbag.py:537} INFO - Filling up the DagBag from /home/airflow/.local/lib/python3.7/site-packages/airflow/example_dags/example_branch_datetime_operator.py
[2025-01-23T19:56:27.960+0000] {processor.py:766} INFO - DAG(s) dict_keys(['example_branch_datetime_operator_2', 'example_branch_datetime_operator_3', 'example_branch_datetime_operator']) retrieved from /home/airflow/.local/lib/python3.7/site-packages/airflow/example_dags/example_branch_datetime_operator.py
[2025-01-23T19:56:28.198+0000] {logging_mixin.py:120} INFO - [2025-01-23T19:56:28.197+0000] {dag.py:2585} INFO - Sync 3 DAGs
[2025-01-23T19:56:28.316+0000] {logging_mixin.py:120} INFO - [2025-01-23T19:56:28.316+0000] {dag.py:3340} INFO - Setting next_dagrun for example_branch_datetime_operator to 2025-01-22T00:00:00+00:00, run_after=2025-01-23T00:00:00+00:00
[2025-01-23T19:56:28.358+0000] {logging_mixin.py:120} INFO - [2025-01-23T19:56:28.356+0000] {dag.py:3340} INFO - Setting next_dagrun for example_branch_datetime_operator_2 to 2025-01-22T00:00:00+00:00, run_after=2025-01-23T00:00:00+00:00
[2025-01-23T19:56:28.373+0000] {logging_mixin.py:120} INFO - [2025-01-23T19:56:28.372+0000] {dag.py:3340} INFO - Setting next_dagrun for example_branch_datetime_operator_3 to 2025-01-22T00:00:00+00:00, run_after=2025-01-23T00:00:00+00:00
[2025-01-23T19:56:28.448+0000] {processor.py:176} INFO - Processing /home/airflow/.local/lib/python3.7/site-packages/airflow/example_dags/example_branch_datetime_operator.py took 0.565 seconds
[2025-01-23T19:56:58.550+0000] {processor.py:154} INFO - Started process (PID=45986) to work on /home/airflow/.local/lib/python3.7/site-packages/airflow/example_dags/example_branch_datetime_operator.py
[2025-01-23T19:56:58.552+0000] {processor.py:756} INFO - Processing file /home/airflow/.local/lib/python3.7/site-packages/airflow/example_dags/example_branch_datetime_operator.py for tasks to queue
[2025-01-23T19:56:58.554+0000] {logging_mixin.py:120} INFO - [2025-01-23T19:56:58.553+0000] {dagbag.py:537} INFO - Filling up the DagBag from /home/airflow/.local/lib/python3.7/site-packages/airflow/example_dags/example_branch_datetime_operator.py
[2025-01-23T19:56:58.605+0000] {processor.py:766} INFO - DAG(s) dict_keys(['example_branch_datetime_operator', 'example_branch_datetime_operator_3', 'example_branch_datetime_operator_2']) retrieved from /home/airflow/.local/lib/python3.7/site-packages/airflow/example_dags/example_branch_datetime_operator.py
[2025-01-23T19:56:58.726+0000] {logging_mixin.py:120} INFO - [2025-01-23T19:56:58.725+0000] {dag.py:2585} INFO - Sync 3 DAGs
[2025-01-23T19:56:58.806+0000] {logging_mixin.py:120} INFO - [2025-01-23T19:56:58.806+0000] {dag.py:3340} INFO - Setting next_dagrun for example_branch_datetime_operator to 2025-01-22T00:00:00+00:00, run_after=2025-01-23T00:00:00+00:00
[2025-01-23T19:56:58.820+0000] {logging_mixin.py:120} INFO - [2025-01-23T19:56:58.819+0000] {dag.py:3340} INFO - Setting next_dagrun for example_branch_datetime_operator_2 to 2025-01-22T00:00:00+00:00, run_after=2025-01-23T00:00:00+00:00
[2025-01-23T19:56:58.829+0000] {logging_mixin.py:120} INFO - [2025-01-23T19:56:58.829+0000] {dag.py:3340} INFO - Setting next_dagrun for example_branch_datetime_operator_3 to 2025-01-22T00:00:00+00:00, run_after=2025-01-23T00:00:00+00:00
[2025-01-23T19:56:58.924+0000] {processor.py:176} INFO - Processing /home/airflow/.local/lib/python3.7/site-packages/airflow/example_dags/example_branch_datetime_operator.py took 0.386 seconds
[2025-01-23T19:57:29.446+0000] {processor.py:154} INFO - Started process (PID=46040) to work on /home/airflow/.local/lib/python3.7/site-packages/airflow/example_dags/example_branch_datetime_operator.py
[2025-01-23T19:57:29.447+0000] {processor.py:756} INFO - Processing file /home/airflow/.local/lib/python3.7/site-packages/airflow/example_dags/example_branch_datetime_operator.py for tasks to queue
[2025-01-23T19:57:29.449+0000] {logging_mixin.py:120} INFO - [2025-01-23T19:57:29.449+0000] {dagbag.py:537} INFO - Filling up the DagBag from /home/airflow/.local/lib/python3.7/site-packages/airflow/example_dags/example_branch_datetime_operator.py
[2025-01-23T19:57:29.492+0000] {processor.py:766} INFO - DAG(s) dict_keys(['example_branch_datetime_operator_2', 'example_branch_datetime_operator', 'example_branch_datetime_operator_3']) retrieved from /home/airflow/.local/lib/python3.7/site-packages/airflow/example_dags/example_branch_datetime_operator.py
[2025-01-23T19:57:29.612+0000] {logging_mixin.py:120} INFO - [2025-01-23T19:57:29.612+0000] {dag.py:2585} INFO - Sync 3 DAGs
[2025-01-23T19:57:29.667+0000] {logging_mixin.py:120} INFO - [2025-01-23T19:57:29.667+0000] {dag.py:3340} INFO - Setting next_dagrun for example_branch_datetime_operator to 2025-01-22T00:00:00+00:00, run_after=2025-01-23T00:00:00+00:00
[2025-01-23T19:57:29.679+0000] {logging_mixin.py:120} INFO - [2025-01-23T19:57:29.678+0000] {dag.py:3340} INFO - Setting next_dagrun for example_branch_datetime_operator_2 to 2025-01-22T00:00:00+00:00, run_after=2025-01-23T00:00:00+00:00
[2025-01-23T19:57:29.689+0000] {logging_mixin.py:120} INFO - [2025-01-23T19:57:29.688+0000] {dag.py:3340} INFO - Setting next_dagrun for example_branch_datetime_operator_3 to 2025-01-22T00:00:00+00:00, run_after=2025-01-23T00:00:00+00:00
[2025-01-23T19:57:29.746+0000] {processor.py:176} INFO - Processing /home/airflow/.local/lib/python3.7/site-packages/airflow/example_dags/example_branch_datetime_operator.py took 0.307 seconds
[2025-01-23T19:58:00.121+0000] {processor.py:154} INFO - Started process (PID=46094) to work on /home/airflow/.local/lib/python3.7/site-packages/airflow/example_dags/example_branch_datetime_operator.py
[2025-01-23T19:58:00.124+0000] {processor.py:756} INFO - Processing file /home/airflow/.local/lib/python3.7/site-packages/airflow/example_dags/example_branch_datetime_operator.py for tasks to queue
[2025-01-23T19:58:00.126+0000] {logging_mixin.py:120} INFO - [2025-01-23T19:58:00.125+0000] {dagbag.py:537} INFO - Filling up the DagBag from /home/airflow/.local/lib/python3.7/site-packages/airflow/example_dags/example_branch_datetime_operator.py
[2025-01-23T19:58:00.177+0000] {processor.py:766} INFO - DAG(s) dict_keys(['example_branch_datetime_operator_3', 'example_branch_datetime_operator', 'example_branch_datetime_operator_2']) retrieved from /home/airflow/.local/lib/python3.7/site-packages/airflow/example_dags/example_branch_datetime_operator.py
[2025-01-23T19:58:00.270+0000] {logging_mixin.py:120} INFO - [2025-01-23T19:58:00.270+0000] {dag.py:2585} INFO - Sync 3 DAGs
[2025-01-23T19:58:00.326+0000] {logging_mixin.py:120} INFO - [2025-01-23T19:58:00.325+0000] {dag.py:3340} INFO - Setting next_dagrun for example_branch_datetime_operator to 2025-01-22T00:00:00+00:00, run_after=2025-01-23T00:00:00+00:00
[2025-01-23T19:58:00.336+0000] {logging_mixin.py:120} INFO - [2025-01-23T19:58:00.336+0000] {dag.py:3340} INFO - Setting next_dagrun for example_branch_datetime_operator_2 to 2025-01-22T00:00:00+00:00, run_after=2025-01-23T00:00:00+00:00
[2025-01-23T19:58:00.342+0000] {logging_mixin.py:120} INFO - [2025-01-23T19:58:00.342+0000] {dag.py:3340} INFO - Setting next_dagrun for example_branch_datetime_operator_3 to 2025-01-22T00:00:00+00:00, run_after=2025-01-23T00:00:00+00:00
[2025-01-23T19:58:00.380+0000] {processor.py:176} INFO - Processing /home/airflow/.local/lib/python3.7/site-packages/airflow/example_dags/example_branch_datetime_operator.py took 0.267 seconds
[2025-01-23T19:58:30.861+0000] {processor.py:154} INFO - Started process (PID=46157) to work on /home/airflow/.local/lib/python3.7/site-packages/airflow/example_dags/example_branch_datetime_operator.py
[2025-01-23T19:58:30.863+0000] {processor.py:756} INFO - Processing file /home/airflow/.local/lib/python3.7/site-packages/airflow/example_dags/example_branch_datetime_operator.py for tasks to queue
[2025-01-23T19:58:30.865+0000] {logging_mixin.py:120} INFO - [2025-01-23T19:58:30.864+0000] {dagbag.py:537} INFO - Filling up the DagBag from /home/airflow/.local/lib/python3.7/site-packages/airflow/example_dags/example_branch_datetime_operator.py
[2025-01-23T19:58:30.955+0000] {processor.py:766} INFO - DAG(s) dict_keys(['example_branch_datetime_operator', 'example_branch_datetime_operator_2', 'example_branch_datetime_operator_3']) retrieved from /home/airflow/.local/lib/python3.7/site-packages/airflow/example_dags/example_branch_datetime_operator.py
[2025-01-23T19:58:31.074+0000] {logging_mixin.py:120} INFO - [2025-01-23T19:58:31.074+0000] {dag.py:2585} INFO - Sync 3 DAGs
[2025-01-23T19:58:31.157+0000] {logging_mixin.py:120} INFO - [2025-01-23T19:58:31.157+0000] {dag.py:3340} INFO - Setting next_dagrun for example_branch_datetime_operator to 2025-01-22T00:00:00+00:00, run_after=2025-01-23T00:00:00+00:00
[2025-01-23T19:58:31.181+0000] {logging_mixin.py:120} INFO - [2025-01-23T19:58:31.178+0000] {dag.py:3340} INFO - Setting next_dagrun for example_branch_datetime_operator_2 to 2025-01-22T00:00:00+00:00, run_after=2025-01-23T00:00:00+00:00
[2025-01-23T19:58:31.200+0000] {logging_mixin.py:120} INFO - [2025-01-23T19:58:31.199+0000] {dag.py:3340} INFO - Setting next_dagrun for example_branch_datetime_operator_3 to 2025-01-22T00:00:00+00:00, run_after=2025-01-23T00:00:00+00:00
[2025-01-23T19:58:31.259+0000] {processor.py:176} INFO - Processing /home/airflow/.local/lib/python3.7/site-packages/airflow/example_dags/example_branch_datetime_operator.py took 0.409 seconds
[2025-01-23T19:59:01.389+0000] {processor.py:154} INFO - Started process (PID=46211) to work on /home/airflow/.local/lib/python3.7/site-packages/airflow/example_dags/example_branch_datetime_operator.py
[2025-01-23T19:59:01.394+0000] {processor.py:756} INFO - Processing file /home/airflow/.local/lib/python3.7/site-packages/airflow/example_dags/example_branch_datetime_operator.py for tasks to queue
[2025-01-23T19:59:01.399+0000] {logging_mixin.py:120} INFO - [2025-01-23T19:59:01.398+0000] {dagbag.py:537} INFO - Filling up the DagBag from /home/airflow/.local/lib/python3.7/site-packages/airflow/example_dags/example_branch_datetime_operator.py
[2025-01-23T19:59:01.470+0000] {processor.py:766} INFO - DAG(s) dict_keys(['example_branch_datetime_operator_2', 'example_branch_datetime_operator_3', 'example_branch_datetime_operator']) retrieved from /home/airflow/.local/lib/python3.7/site-packages/airflow/example_dags/example_branch_datetime_operator.py
[2025-01-23T19:59:01.573+0000] {logging_mixin.py:120} INFO - [2025-01-23T19:59:01.573+0000] {dag.py:2585} INFO - Sync 3 DAGs
[2025-01-23T19:59:01.620+0000] {logging_mixin.py:120} INFO - [2025-01-23T19:59:01.620+0000] {dag.py:3340} INFO - Setting next_dagrun for example_branch_datetime_operator to 2025-01-22T00:00:00+00:00, run_after=2025-01-23T00:00:00+00:00
[2025-01-23T19:59:01.628+0000] {logging_mixin.py:120} INFO - [2025-01-23T19:59:01.628+0000] {dag.py:3340} INFO - Setting next_dagrun for example_branch_datetime_operator_2 to 2025-01-22T00:00:00+00:00, run_after=2025-01-23T00:00:00+00:00
[2025-01-23T19:59:01.634+0000] {logging_mixin.py:120} INFO - [2025-01-23T19:59:01.634+0000] {dag.py:3340} INFO - Setting next_dagrun for example_branch_datetime_operator_3 to 2025-01-22T00:00:00+00:00, run_after=2025-01-23T00:00:00+00:00
[2025-01-23T19:59:01.670+0000] {processor.py:176} INFO - Processing /home/airflow/.local/lib/python3.7/site-packages/airflow/example_dags/example_branch_datetime_operator.py took 0.302 seconds
[2025-01-23T19:59:32.009+0000] {processor.py:154} INFO - Started process (PID=46265) to work on /home/airflow/.local/lib/python3.7/site-packages/airflow/example_dags/example_branch_datetime_operator.py
[2025-01-23T19:59:32.013+0000] {processor.py:756} INFO - Processing file /home/airflow/.local/lib/python3.7/site-packages/airflow/example_dags/example_branch_datetime_operator.py for tasks to queue
[2025-01-23T19:59:32.018+0000] {logging_mixin.py:120} INFO - [2025-01-23T19:59:32.017+0000] {dagbag.py:537} INFO - Filling up the DagBag from /home/airflow/.local/lib/python3.7/site-packages/airflow/example_dags/example_branch_datetime_operator.py
[2025-01-23T19:59:32.116+0000] {processor.py:766} INFO - DAG(s) dict_keys(['example_branch_datetime_operator_2', 'example_branch_datetime_operator', 'example_branch_datetime_operator_3']) retrieved from /home/airflow/.local/lib/python3.7/site-packages/airflow/example_dags/example_branch_datetime_operator.py
[2025-01-23T19:59:32.209+0000] {logging_mixin.py:120} INFO - [2025-01-23T19:59:32.209+0000] {dag.py:2585} INFO - Sync 3 DAGs
[2025-01-23T19:59:32.253+0000] {logging_mixin.py:120} INFO - [2025-01-23T19:59:32.253+0000] {dag.py:3340} INFO - Setting next_dagrun for example_branch_datetime_operator to 2025-01-22T00:00:00+00:00, run_after=2025-01-23T00:00:00+00:00
[2025-01-23T19:59:32.262+0000] {logging_mixin.py:120} INFO - [2025-01-23T19:59:32.261+0000] {dag.py:3340} INFO - Setting next_dagrun for example_branch_datetime_operator_2 to 2025-01-22T00:00:00+00:00, run_after=2025-01-23T00:00:00+00:00
[2025-01-23T19:59:32.267+0000] {logging_mixin.py:120} INFO - [2025-01-23T19:59:32.266+0000] {dag.py:3340} INFO - Setting next_dagrun for example_branch_datetime_operator_3 to 2025-01-22T00:00:00+00:00, run_after=2025-01-23T00:00:00+00:00
[2025-01-23T19:59:32.299+0000] {processor.py:176} INFO - Processing /home/airflow/.local/lib/python3.7/site-packages/airflow/example_dags/example_branch_datetime_operator.py took 0.305 seconds
[2025-01-23T20:00:02.916+0000] {processor.py:154} INFO - Started process (PID=46330) to work on /home/airflow/.local/lib/python3.7/site-packages/airflow/example_dags/example_branch_datetime_operator.py
[2025-01-23T20:00:02.918+0000] {processor.py:756} INFO - Processing file /home/airflow/.local/lib/python3.7/site-packages/airflow/example_dags/example_branch_datetime_operator.py for tasks to queue
[2025-01-23T20:00:02.920+0000] {logging_mixin.py:120} INFO - [2025-01-23T20:00:02.920+0000] {dagbag.py:537} INFO - Filling up the DagBag from /home/airflow/.local/lib/python3.7/site-packages/airflow/example_dags/example_branch_datetime_operator.py
[2025-01-23T20:00:02.965+0000] {processor.py:766} INFO - DAG(s) dict_keys(['example_branch_datetime_operator', 'example_branch_datetime_operator_2', 'example_branch_datetime_operator_3']) retrieved from /home/airflow/.local/lib/python3.7/site-packages/airflow/example_dags/example_branch_datetime_operator.py
[2025-01-23T20:00:03.069+0000] {logging_mixin.py:120} INFO - [2025-01-23T20:00:03.068+0000] {dag.py:2585} INFO - Sync 3 DAGs
[2025-01-23T20:00:03.148+0000] {logging_mixin.py:120} INFO - [2025-01-23T20:00:03.148+0000] {dag.py:3340} INFO - Setting next_dagrun for example_branch_datetime_operator to 2025-01-22T00:00:00+00:00, run_after=2025-01-23T00:00:00+00:00
[2025-01-23T20:00:03.164+0000] {logging_mixin.py:120} INFO - [2025-01-23T20:00:03.163+0000] {dag.py:3340} INFO - Setting next_dagrun for example_branch_datetime_operator_2 to 2025-01-22T00:00:00+00:00, run_after=2025-01-23T00:00:00+00:00
[2025-01-23T20:00:03.173+0000] {logging_mixin.py:120} INFO - [2025-01-23T20:00:03.173+0000] {dag.py:3340} INFO - Setting next_dagrun for example_branch_datetime_operator_3 to 2025-01-22T00:00:00+00:00, run_after=2025-01-23T00:00:00+00:00
[2025-01-23T20:00:03.216+0000] {processor.py:176} INFO - Processing /home/airflow/.local/lib/python3.7/site-packages/airflow/example_dags/example_branch_datetime_operator.py took 0.307 seconds
[2025-01-23T20:00:33.324+0000] {processor.py:154} INFO - Started process (PID=46384) to work on /home/airflow/.local/lib/python3.7/site-packages/airflow/example_dags/example_branch_datetime_operator.py
[2025-01-23T20:00:33.327+0000] {processor.py:756} INFO - Processing file /home/airflow/.local/lib/python3.7/site-packages/airflow/example_dags/example_branch_datetime_operator.py for tasks to queue
[2025-01-23T20:00:33.329+0000] {logging_mixin.py:120} INFO - [2025-01-23T20:00:33.329+0000] {dagbag.py:537} INFO - Filling up the DagBag from /home/airflow/.local/lib/python3.7/site-packages/airflow/example_dags/example_branch_datetime_operator.py
[2025-01-23T20:00:33.386+0000] {processor.py:766} INFO - DAG(s) dict_keys(['example_branch_datetime_operator_2', 'example_branch_datetime_operator_3', 'example_branch_datetime_operator']) retrieved from /home/airflow/.local/lib/python3.7/site-packages/airflow/example_dags/example_branch_datetime_operator.py
[2025-01-23T20:00:33.517+0000] {logging_mixin.py:120} INFO - [2025-01-23T20:00:33.516+0000] {dag.py:2585} INFO - Sync 3 DAGs
[2025-01-23T20:00:33.586+0000] {logging_mixin.py:120} INFO - [2025-01-23T20:00:33.586+0000] {dag.py:3340} INFO - Setting next_dagrun for example_branch_datetime_operator to 2025-01-22T00:00:00+00:00, run_after=2025-01-23T00:00:00+00:00
[2025-01-23T20:00:33.598+0000] {logging_mixin.py:120} INFO - [2025-01-23T20:00:33.598+0000] {dag.py:3340} INFO - Setting next_dagrun for example_branch_datetime_operator_2 to 2025-01-22T00:00:00+00:00, run_after=2025-01-23T00:00:00+00:00
[2025-01-23T20:00:33.605+0000] {logging_mixin.py:120} INFO - [2025-01-23T20:00:33.605+0000] {dag.py:3340} INFO - Setting next_dagrun for example_branch_datetime_operator_3 to 2025-01-22T00:00:00+00:00, run_after=2025-01-23T00:00:00+00:00
[2025-01-23T20:00:33.652+0000] {processor.py:176} INFO - Processing /home/airflow/.local/lib/python3.7/site-packages/airflow/example_dags/example_branch_datetime_operator.py took 0.339 seconds
[2025-01-23T20:01:04.022+0000] {processor.py:154} INFO - Started process (PID=46439) to work on /home/airflow/.local/lib/python3.7/site-packages/airflow/example_dags/example_branch_datetime_operator.py
[2025-01-23T20:01:04.027+0000] {processor.py:756} INFO - Processing file /home/airflow/.local/lib/python3.7/site-packages/airflow/example_dags/example_branch_datetime_operator.py for tasks to queue
[2025-01-23T20:01:04.032+0000] {logging_mixin.py:120} INFO - [2025-01-23T20:01:04.031+0000] {dagbag.py:537} INFO - Filling up the DagBag from /home/airflow/.local/lib/python3.7/site-packages/airflow/example_dags/example_branch_datetime_operator.py
[2025-01-23T20:01:04.151+0000] {processor.py:766} INFO - DAG(s) dict_keys(['example_branch_datetime_operator_3', 'example_branch_datetime_operator', 'example_branch_datetime_operator_2']) retrieved from /home/airflow/.local/lib/python3.7/site-packages/airflow/example_dags/example_branch_datetime_operator.py
[2025-01-23T20:01:04.244+0000] {logging_mixin.py:120} INFO - [2025-01-23T20:01:04.244+0000] {dag.py:2585} INFO - Sync 3 DAGs
[2025-01-23T20:01:04.291+0000] {logging_mixin.py:120} INFO - [2025-01-23T20:01:04.291+0000] {dag.py:3340} INFO - Setting next_dagrun for example_branch_datetime_operator to 2025-01-22T00:00:00+00:00, run_after=2025-01-23T00:00:00+00:00
[2025-01-23T20:01:04.301+0000] {logging_mixin.py:120} INFO - [2025-01-23T20:01:04.301+0000] {dag.py:3340} INFO - Setting next_dagrun for example_branch_datetime_operator_2 to 2025-01-22T00:00:00+00:00, run_after=2025-01-23T00:00:00+00:00
[2025-01-23T20:01:04.306+0000] {logging_mixin.py:120} INFO - [2025-01-23T20:01:04.306+0000] {dag.py:3340} INFO - Setting next_dagrun for example_branch_datetime_operator_3 to 2025-01-22T00:00:00+00:00, run_after=2025-01-23T00:00:00+00:00
[2025-01-23T20:01:04.340+0000] {processor.py:176} INFO - Processing /home/airflow/.local/lib/python3.7/site-packages/airflow/example_dags/example_branch_datetime_operator.py took 0.341 seconds
[2025-01-23T20:01:34.502+0000] {processor.py:154} INFO - Started process (PID=46502) to work on /home/airflow/.local/lib/python3.7/site-packages/airflow/example_dags/example_branch_datetime_operator.py
[2025-01-23T20:01:34.506+0000] {processor.py:756} INFO - Processing file /home/airflow/.local/lib/python3.7/site-packages/airflow/example_dags/example_branch_datetime_operator.py for tasks to queue
[2025-01-23T20:01:34.510+0000] {logging_mixin.py:120} INFO - [2025-01-23T20:01:34.509+0000] {dagbag.py:537} INFO - Filling up the DagBag from /home/airflow/.local/lib/python3.7/site-packages/airflow/example_dags/example_branch_datetime_operator.py
[2025-01-23T20:01:34.614+0000] {processor.py:766} INFO - DAG(s) dict_keys(['example_branch_datetime_operator', 'example_branch_datetime_operator_2', 'example_branch_datetime_operator_3']) retrieved from /home/airflow/.local/lib/python3.7/site-packages/airflow/example_dags/example_branch_datetime_operator.py
[2025-01-23T20:01:34.701+0000] {logging_mixin.py:120} INFO - [2025-01-23T20:01:34.701+0000] {dag.py:2585} INFO - Sync 3 DAGs
[2025-01-23T20:01:34.744+0000] {logging_mixin.py:120} INFO - [2025-01-23T20:01:34.744+0000] {dag.py:3340} INFO - Setting next_dagrun for example_branch_datetime_operator to 2025-01-22T00:00:00+00:00, run_after=2025-01-23T00:00:00+00:00
[2025-01-23T20:01:34.753+0000] {logging_mixin.py:120} INFO - [2025-01-23T20:01:34.753+0000] {dag.py:3340} INFO - Setting next_dagrun for example_branch_datetime_operator_2 to 2025-01-22T00:00:00+00:00, run_after=2025-01-23T00:00:00+00:00
[2025-01-23T20:01:34.758+0000] {logging_mixin.py:120} INFO - [2025-01-23T20:01:34.758+0000] {dag.py:3340} INFO - Setting next_dagrun for example_branch_datetime_operator_3 to 2025-01-22T00:00:00+00:00, run_after=2025-01-23T00:00:00+00:00
[2025-01-23T20:01:34.792+0000] {processor.py:176} INFO - Processing /home/airflow/.local/lib/python3.7/site-packages/airflow/example_dags/example_branch_datetime_operator.py took 0.305 seconds
[2025-01-23T20:02:05.092+0000] {processor.py:154} INFO - Started process (PID=46556) to work on /home/airflow/.local/lib/python3.7/site-packages/airflow/example_dags/example_branch_datetime_operator.py
[2025-01-23T20:02:05.094+0000] {processor.py:756} INFO - Processing file /home/airflow/.local/lib/python3.7/site-packages/airflow/example_dags/example_branch_datetime_operator.py for tasks to queue
[2025-01-23T20:02:05.096+0000] {logging_mixin.py:120} INFO - [2025-01-23T20:02:05.096+0000] {dagbag.py:537} INFO - Filling up the DagBag from /home/airflow/.local/lib/python3.7/site-packages/airflow/example_dags/example_branch_datetime_operator.py
[2025-01-23T20:02:05.144+0000] {processor.py:766} INFO - DAG(s) dict_keys(['example_branch_datetime_operator_2', 'example_branch_datetime_operator', 'example_branch_datetime_operator_3']) retrieved from /home/airflow/.local/lib/python3.7/site-packages/airflow/example_dags/example_branch_datetime_operator.py
[2025-01-23T20:02:05.233+0000] {logging_mixin.py:120} INFO - [2025-01-23T20:02:05.232+0000] {dag.py:2585} INFO - Sync 3 DAGs
[2025-01-23T20:02:05.280+0000] {logging_mixin.py:120} INFO - [2025-01-23T20:02:05.280+0000] {dag.py:3340} INFO - Setting next_dagrun for example_branch_datetime_operator to 2025-01-22T00:00:00+00:00, run_after=2025-01-23T00:00:00+00:00
[2025-01-23T20:02:05.291+0000] {logging_mixin.py:120} INFO - [2025-01-23T20:02:05.290+0000] {dag.py:3340} INFO - Setting next_dagrun for example_branch_datetime_operator_2 to 2025-01-22T00:00:00+00:00, run_after=2025-01-23T00:00:00+00:00
[2025-01-23T20:02:05.296+0000] {logging_mixin.py:120} INFO - [2025-01-23T20:02:05.296+0000] {dag.py:3340} INFO - Setting next_dagrun for example_branch_datetime_operator_3 to 2025-01-22T00:00:00+00:00, run_after=2025-01-23T00:00:00+00:00
[2025-01-23T20:02:05.333+0000] {processor.py:176} INFO - Processing /home/airflow/.local/lib/python3.7/site-packages/airflow/example_dags/example_branch_datetime_operator.py took 0.248 seconds
[2025-01-23T20:02:35.581+0000] {processor.py:154} INFO - Started process (PID=46617) to work on /home/airflow/.local/lib/python3.7/site-packages/airflow/example_dags/example_branch_datetime_operator.py
[2025-01-23T20:02:35.583+0000] {processor.py:756} INFO - Processing file /home/airflow/.local/lib/python3.7/site-packages/airflow/example_dags/example_branch_datetime_operator.py for tasks to queue
[2025-01-23T20:02:35.585+0000] {logging_mixin.py:120} INFO - [2025-01-23T20:02:35.585+0000] {dagbag.py:537} INFO - Filling up the DagBag from /home/airflow/.local/lib/python3.7/site-packages/airflow/example_dags/example_branch_datetime_operator.py
[2025-01-23T20:02:35.687+0000] {processor.py:766} INFO - DAG(s) dict_keys(['example_branch_datetime_operator', 'example_branch_datetime_operator_3', 'example_branch_datetime_operator_2']) retrieved from /home/airflow/.local/lib/python3.7/site-packages/airflow/example_dags/example_branch_datetime_operator.py
[2025-01-23T20:02:35.835+0000] {logging_mixin.py:120} INFO - [2025-01-23T20:02:35.835+0000] {dag.py:2585} INFO - Sync 3 DAGs
[2025-01-23T20:02:35.913+0000] {logging_mixin.py:120} INFO - [2025-01-23T20:02:35.913+0000] {dag.py:3340} INFO - Setting next_dagrun for example_branch_datetime_operator to 2025-01-22T00:00:00+00:00, run_after=2025-01-23T00:00:00+00:00
[2025-01-23T20:02:35.932+0000] {logging_mixin.py:120} INFO - [2025-01-23T20:02:35.932+0000] {dag.py:3340} INFO - Setting next_dagrun for example_branch_datetime_operator_2 to 2025-01-22T00:00:00+00:00, run_after=2025-01-23T00:00:00+00:00
[2025-01-23T20:02:35.941+0000] {logging_mixin.py:120} INFO - [2025-01-23T20:02:35.941+0000] {dag.py:3340} INFO - Setting next_dagrun for example_branch_datetime_operator_3 to 2025-01-22T00:00:00+00:00, run_after=2025-01-23T00:00:00+00:00
[2025-01-23T20:02:35.988+0000] {processor.py:176} INFO - Processing /home/airflow/.local/lib/python3.7/site-packages/airflow/example_dags/example_branch_datetime_operator.py took 0.419 seconds
[2025-01-23T20:03:06.556+0000] {processor.py:154} INFO - Started process (PID=46673) to work on /home/airflow/.local/lib/python3.7/site-packages/airflow/example_dags/example_branch_datetime_operator.py
[2025-01-23T20:03:06.560+0000] {processor.py:756} INFO - Processing file /home/airflow/.local/lib/python3.7/site-packages/airflow/example_dags/example_branch_datetime_operator.py for tasks to queue
[2025-01-23T20:03:06.564+0000] {logging_mixin.py:120} INFO - [2025-01-23T20:03:06.563+0000] {dagbag.py:537} INFO - Filling up the DagBag from /home/airflow/.local/lib/python3.7/site-packages/airflow/example_dags/example_branch_datetime_operator.py
[2025-01-23T20:03:06.684+0000] {processor.py:766} INFO - DAG(s) dict_keys(['example_branch_datetime_operator', 'example_branch_datetime_operator_2', 'example_branch_datetime_operator_3']) retrieved from /home/airflow/.local/lib/python3.7/site-packages/airflow/example_dags/example_branch_datetime_operator.py
[2025-01-23T20:03:06.873+0000] {logging_mixin.py:120} INFO - [2025-01-23T20:03:06.873+0000] {dag.py:2585} INFO - Sync 3 DAGs
[2025-01-23T20:03:06.948+0000] {logging_mixin.py:120} INFO - [2025-01-23T20:03:06.948+0000] {dag.py:3340} INFO - Setting next_dagrun for example_branch_datetime_operator to 2025-01-22T00:00:00+00:00, run_after=2025-01-23T00:00:00+00:00
[2025-01-23T20:03:06.962+0000] {logging_mixin.py:120} INFO - [2025-01-23T20:03:06.962+0000] {dag.py:3340} INFO - Setting next_dagrun for example_branch_datetime_operator_2 to 2025-01-22T00:00:00+00:00, run_after=2025-01-23T00:00:00+00:00
[2025-01-23T20:03:06.972+0000] {logging_mixin.py:120} INFO - [2025-01-23T20:03:06.971+0000] {dag.py:3340} INFO - Setting next_dagrun for example_branch_datetime_operator_3 to 2025-01-22T00:00:00+00:00, run_after=2025-01-23T00:00:00+00:00
[2025-01-23T20:03:07.019+0000] {processor.py:176} INFO - Processing /home/airflow/.local/lib/python3.7/site-packages/airflow/example_dags/example_branch_datetime_operator.py took 0.478 seconds
[2025-01-23T20:03:37.207+0000] {processor.py:154} INFO - Started process (PID=46727) to work on /home/airflow/.local/lib/python3.7/site-packages/airflow/example_dags/example_branch_datetime_operator.py
[2025-01-23T20:03:37.212+0000] {processor.py:756} INFO - Processing file /home/airflow/.local/lib/python3.7/site-packages/airflow/example_dags/example_branch_datetime_operator.py for tasks to queue
[2025-01-23T20:03:37.217+0000] {logging_mixin.py:120} INFO - [2025-01-23T20:03:37.217+0000] {dagbag.py:537} INFO - Filling up the DagBag from /home/airflow/.local/lib/python3.7/site-packages/airflow/example_dags/example_branch_datetime_operator.py
[2025-01-23T20:03:37.274+0000] {processor.py:766} INFO - DAG(s) dict_keys(['example_branch_datetime_operator', 'example_branch_datetime_operator_3', 'example_branch_datetime_operator_2']) retrieved from /home/airflow/.local/lib/python3.7/site-packages/airflow/example_dags/example_branch_datetime_operator.py
[2025-01-23T20:03:37.384+0000] {logging_mixin.py:120} INFO - [2025-01-23T20:03:37.383+0000] {dag.py:2585} INFO - Sync 3 DAGs
[2025-01-23T20:03:37.435+0000] {logging_mixin.py:120} INFO - [2025-01-23T20:03:37.434+0000] {dag.py:3340} INFO - Setting next_dagrun for example_branch_datetime_operator to 2025-01-22T00:00:00+00:00, run_after=2025-01-23T00:00:00+00:00
[2025-01-23T20:03:37.444+0000] {logging_mixin.py:120} INFO - [2025-01-23T20:03:37.444+0000] {dag.py:3340} INFO - Setting next_dagrun for example_branch_datetime_operator_2 to 2025-01-22T00:00:00+00:00, run_after=2025-01-23T00:00:00+00:00
[2025-01-23T20:03:37.449+0000] {logging_mixin.py:120} INFO - [2025-01-23T20:03:37.449+0000] {dag.py:3340} INFO - Setting next_dagrun for example_branch_datetime_operator_3 to 2025-01-22T00:00:00+00:00, run_after=2025-01-23T00:00:00+00:00
[2025-01-23T20:03:37.478+0000] {processor.py:176} INFO - Processing /home/airflow/.local/lib/python3.7/site-packages/airflow/example_dags/example_branch_datetime_operator.py took 0.293 seconds
[2025-01-23T20:04:07.658+0000] {processor.py:154} INFO - Started process (PID=46790) to work on /home/airflow/.local/lib/python3.7/site-packages/airflow/example_dags/example_branch_datetime_operator.py
[2025-01-23T20:04:07.663+0000] {processor.py:756} INFO - Processing file /home/airflow/.local/lib/python3.7/site-packages/airflow/example_dags/example_branch_datetime_operator.py for tasks to queue
[2025-01-23T20:04:07.667+0000] {logging_mixin.py:120} INFO - [2025-01-23T20:04:07.667+0000] {dagbag.py:537} INFO - Filling up the DagBag from /home/airflow/.local/lib/python3.7/site-packages/airflow/example_dags/example_branch_datetime_operator.py
[2025-01-23T20:04:07.771+0000] {processor.py:766} INFO - DAG(s) dict_keys(['example_branch_datetime_operator', 'example_branch_datetime_operator_3', 'example_branch_datetime_operator_2']) retrieved from /home/airflow/.local/lib/python3.7/site-packages/airflow/example_dags/example_branch_datetime_operator.py
[2025-01-23T20:04:08.027+0000] {logging_mixin.py:120} INFO - [2025-01-23T20:04:08.026+0000] {dag.py:2585} INFO - Sync 3 DAGs
[2025-01-23T20:04:08.165+0000] {logging_mixin.py:120} INFO - [2025-01-23T20:04:08.164+0000] {dag.py:3340} INFO - Setting next_dagrun for example_branch_datetime_operator to 2025-01-22T00:00:00+00:00, run_after=2025-01-23T00:00:00+00:00
[2025-01-23T20:04:08.194+0000] {logging_mixin.py:120} INFO - [2025-01-23T20:04:08.193+0000] {dag.py:3340} INFO - Setting next_dagrun for example_branch_datetime_operator_2 to 2025-01-22T00:00:00+00:00, run_after=2025-01-23T00:00:00+00:00
[2025-01-23T20:04:08.212+0000] {logging_mixin.py:120} INFO - [2025-01-23T20:04:08.211+0000] {dag.py:3340} INFO - Setting next_dagrun for example_branch_datetime_operator_3 to 2025-01-22T00:00:00+00:00, run_after=2025-01-23T00:00:00+00:00
[2025-01-23T20:04:08.324+0000] {processor.py:176} INFO - Processing /home/airflow/.local/lib/python3.7/site-packages/airflow/example_dags/example_branch_datetime_operator.py took 0.683 seconds
[2025-01-23T20:04:38.787+0000] {processor.py:154} INFO - Started process (PID=46844) to work on /home/airflow/.local/lib/python3.7/site-packages/airflow/example_dags/example_branch_datetime_operator.py
[2025-01-23T20:04:38.788+0000] {processor.py:756} INFO - Processing file /home/airflow/.local/lib/python3.7/site-packages/airflow/example_dags/example_branch_datetime_operator.py for tasks to queue
[2025-01-23T20:04:38.790+0000] {logging_mixin.py:120} INFO - [2025-01-23T20:04:38.789+0000] {dagbag.py:537} INFO - Filling up the DagBag from /home/airflow/.local/lib/python3.7/site-packages/airflow/example_dags/example_branch_datetime_operator.py
[2025-01-23T20:04:38.828+0000] {processor.py:766} INFO - DAG(s) dict_keys(['example_branch_datetime_operator_3', 'example_branch_datetime_operator', 'example_branch_datetime_operator_2']) retrieved from /home/airflow/.local/lib/python3.7/site-packages/airflow/example_dags/example_branch_datetime_operator.py
[2025-01-23T20:04:38.909+0000] {logging_mixin.py:120} INFO - [2025-01-23T20:04:38.908+0000] {dag.py:2585} INFO - Sync 3 DAGs
[2025-01-23T20:04:38.964+0000] {logging_mixin.py:120} INFO - [2025-01-23T20:04:38.964+0000] {dag.py:3340} INFO - Setting next_dagrun for example_branch_datetime_operator to 2025-01-22T00:00:00+00:00, run_after=2025-01-23T00:00:00+00:00
[2025-01-23T20:04:38.973+0000] {logging_mixin.py:120} INFO - [2025-01-23T20:04:38.973+0000] {dag.py:3340} INFO - Setting next_dagrun for example_branch_datetime_operator_2 to 2025-01-22T00:00:00+00:00, run_after=2025-01-23T00:00:00+00:00
[2025-01-23T20:04:38.978+0000] {logging_mixin.py:120} INFO - [2025-01-23T20:04:38.978+0000] {dag.py:3340} INFO - Setting next_dagrun for example_branch_datetime_operator_3 to 2025-01-22T00:00:00+00:00, run_after=2025-01-23T00:00:00+00:00
[2025-01-23T20:04:39.010+0000] {processor.py:176} INFO - Processing /home/airflow/.local/lib/python3.7/site-packages/airflow/example_dags/example_branch_datetime_operator.py took 0.229 seconds
[2025-01-23T20:05:10.046+0000] {processor.py:154} INFO - Started process (PID=46907) to work on /home/airflow/.local/lib/python3.7/site-packages/airflow/example_dags/example_branch_datetime_operator.py
[2025-01-23T20:05:10.047+0000] {processor.py:756} INFO - Processing file /home/airflow/.local/lib/python3.7/site-packages/airflow/example_dags/example_branch_datetime_operator.py for tasks to queue
[2025-01-23T20:05:10.049+0000] {logging_mixin.py:120} INFO - [2025-01-23T20:05:10.048+0000] {dagbag.py:537} INFO - Filling up the DagBag from /home/airflow/.local/lib/python3.7/site-packages/airflow/example_dags/example_branch_datetime_operator.py
[2025-01-23T20:05:10.080+0000] {processor.py:766} INFO - DAG(s) dict_keys(['example_branch_datetime_operator_3', 'example_branch_datetime_operator_2', 'example_branch_datetime_operator']) retrieved from /home/airflow/.local/lib/python3.7/site-packages/airflow/example_dags/example_branch_datetime_operator.py
[2025-01-23T20:05:10.161+0000] {logging_mixin.py:120} INFO - [2025-01-23T20:05:10.161+0000] {dag.py:2585} INFO - Sync 3 DAGs
[2025-01-23T20:05:10.209+0000] {logging_mixin.py:120} INFO - [2025-01-23T20:05:10.209+0000] {dag.py:3340} INFO - Setting next_dagrun for example_branch_datetime_operator to 2025-01-22T00:00:00+00:00, run_after=2025-01-23T00:00:00+00:00
[2025-01-23T20:05:10.218+0000] {logging_mixin.py:120} INFO - [2025-01-23T20:05:10.218+0000] {dag.py:3340} INFO - Setting next_dagrun for example_branch_datetime_operator_2 to 2025-01-22T00:00:00+00:00, run_after=2025-01-23T00:00:00+00:00
[2025-01-23T20:05:10.223+0000] {logging_mixin.py:120} INFO - [2025-01-23T20:05:10.223+0000] {dag.py:3340} INFO - Setting next_dagrun for example_branch_datetime_operator_3 to 2025-01-22T00:00:00+00:00, run_after=2025-01-23T00:00:00+00:00
[2025-01-23T20:05:10.255+0000] {processor.py:176} INFO - Processing /home/airflow/.local/lib/python3.7/site-packages/airflow/example_dags/example_branch_datetime_operator.py took 0.214 seconds
[2025-01-23T20:05:40.950+0000] {processor.py:154} INFO - Started process (PID=46961) to work on /home/airflow/.local/lib/python3.7/site-packages/airflow/example_dags/example_branch_datetime_operator.py
[2025-01-23T20:05:40.952+0000] {processor.py:756} INFO - Processing file /home/airflow/.local/lib/python3.7/site-packages/airflow/example_dags/example_branch_datetime_operator.py for tasks to queue
[2025-01-23T20:05:40.953+0000] {logging_mixin.py:120} INFO - [2025-01-23T20:05:40.953+0000] {dagbag.py:537} INFO - Filling up the DagBag from /home/airflow/.local/lib/python3.7/site-packages/airflow/example_dags/example_branch_datetime_operator.py
[2025-01-23T20:05:40.986+0000] {processor.py:766} INFO - DAG(s) dict_keys(['example_branch_datetime_operator_3', 'example_branch_datetime_operator', 'example_branch_datetime_operator_2']) retrieved from /home/airflow/.local/lib/python3.7/site-packages/airflow/example_dags/example_branch_datetime_operator.py
[2025-01-23T20:05:41.070+0000] {logging_mixin.py:120} INFO - [2025-01-23T20:05:41.070+0000] {dag.py:2585} INFO - Sync 3 DAGs
[2025-01-23T20:05:41.120+0000] {logging_mixin.py:120} INFO - [2025-01-23T20:05:41.120+0000] {dag.py:3340} INFO - Setting next_dagrun for example_branch_datetime_operator to 2025-01-22T00:00:00+00:00, run_after=2025-01-23T00:00:00+00:00
[2025-01-23T20:05:41.129+0000] {logging_mixin.py:120} INFO - [2025-01-23T20:05:41.129+0000] {dag.py:3340} INFO - Setting next_dagrun for example_branch_datetime_operator_2 to 2025-01-22T00:00:00+00:00, run_after=2025-01-23T00:00:00+00:00
[2025-01-23T20:05:41.134+0000] {logging_mixin.py:120} INFO - [2025-01-23T20:05:41.134+0000] {dag.py:3340} INFO - Setting next_dagrun for example_branch_datetime_operator_3 to 2025-01-22T00:00:00+00:00, run_after=2025-01-23T00:00:00+00:00
[2025-01-23T20:05:41.165+0000] {processor.py:176} INFO - Processing /home/airflow/.local/lib/python3.7/site-packages/airflow/example_dags/example_branch_datetime_operator.py took 0.220 seconds
[2025-01-23T20:06:11.451+0000] {processor.py:154} INFO - Started process (PID=47024) to work on /home/airflow/.local/lib/python3.7/site-packages/airflow/example_dags/example_branch_datetime_operator.py
[2025-01-23T20:06:11.453+0000] {processor.py:756} INFO - Processing file /home/airflow/.local/lib/python3.7/site-packages/airflow/example_dags/example_branch_datetime_operator.py for tasks to queue
[2025-01-23T20:06:11.456+0000] {logging_mixin.py:120} INFO - [2025-01-23T20:06:11.455+0000] {dagbag.py:537} INFO - Filling up the DagBag from /home/airflow/.local/lib/python3.7/site-packages/airflow/example_dags/example_branch_datetime_operator.py
[2025-01-23T20:06:11.513+0000] {processor.py:766} INFO - DAG(s) dict_keys(['example_branch_datetime_operator_2', 'example_branch_datetime_operator', 'example_branch_datetime_operator_3']) retrieved from /home/airflow/.local/lib/python3.7/site-packages/airflow/example_dags/example_branch_datetime_operator.py
[2025-01-23T20:06:11.606+0000] {logging_mixin.py:120} INFO - [2025-01-23T20:06:11.605+0000] {dag.py:2585} INFO - Sync 3 DAGs
[2025-01-23T20:06:11.659+0000] {logging_mixin.py:120} INFO - [2025-01-23T20:06:11.659+0000] {dag.py:3340} INFO - Setting next_dagrun for example_branch_datetime_operator to 2025-01-22T00:00:00+00:00, run_after=2025-01-23T00:00:00+00:00
[2025-01-23T20:06:11.670+0000] {logging_mixin.py:120} INFO - [2025-01-23T20:06:11.670+0000] {dag.py:3340} INFO - Setting next_dagrun for example_branch_datetime_operator_2 to 2025-01-22T00:00:00+00:00, run_after=2025-01-23T00:00:00+00:00
[2025-01-23T20:06:11.675+0000] {logging_mixin.py:120} INFO - [2025-01-23T20:06:11.675+0000] {dag.py:3340} INFO - Setting next_dagrun for example_branch_datetime_operator_3 to 2025-01-22T00:00:00+00:00, run_after=2025-01-23T00:00:00+00:00
[2025-01-23T20:06:11.713+0000] {processor.py:176} INFO - Processing /home/airflow/.local/lib/python3.7/site-packages/airflow/example_dags/example_branch_datetime_operator.py took 0.269 seconds
[2025-01-23T20:06:42.574+0000] {processor.py:154} INFO - Started process (PID=47078) to work on /home/airflow/.local/lib/python3.7/site-packages/airflow/example_dags/example_branch_datetime_operator.py
[2025-01-23T20:06:42.576+0000] {processor.py:756} INFO - Processing file /home/airflow/.local/lib/python3.7/site-packages/airflow/example_dags/example_branch_datetime_operator.py for tasks to queue
[2025-01-23T20:06:42.577+0000] {logging_mixin.py:120} INFO - [2025-01-23T20:06:42.577+0000] {dagbag.py:537} INFO - Filling up the DagBag from /home/airflow/.local/lib/python3.7/site-packages/airflow/example_dags/example_branch_datetime_operator.py
[2025-01-23T20:06:42.608+0000] {processor.py:766} INFO - DAG(s) dict_keys(['example_branch_datetime_operator', 'example_branch_datetime_operator_3', 'example_branch_datetime_operator_2']) retrieved from /home/airflow/.local/lib/python3.7/site-packages/airflow/example_dags/example_branch_datetime_operator.py
[2025-01-23T20:06:42.683+0000] {logging_mixin.py:120} INFO - [2025-01-23T20:06:42.683+0000] {dag.py:2585} INFO - Sync 3 DAGs
[2025-01-23T20:06:42.721+0000] {logging_mixin.py:120} INFO - [2025-01-23T20:06:42.721+0000] {dag.py:3340} INFO - Setting next_dagrun for example_branch_datetime_operator to 2025-01-22T00:00:00+00:00, run_after=2025-01-23T00:00:00+00:00
[2025-01-23T20:06:42.730+0000] {logging_mixin.py:120} INFO - [2025-01-23T20:06:42.729+0000] {dag.py:3340} INFO - Setting next_dagrun for example_branch_datetime_operator_2 to 2025-01-22T00:00:00+00:00, run_after=2025-01-23T00:00:00+00:00
[2025-01-23T20:06:42.734+0000] {logging_mixin.py:120} INFO - [2025-01-23T20:06:42.734+0000] {dag.py:3340} INFO - Setting next_dagrun for example_branch_datetime_operator_3 to 2025-01-22T00:00:00+00:00, run_after=2025-01-23T00:00:00+00:00
[2025-01-23T20:06:42.766+0000] {processor.py:176} INFO - Processing /home/airflow/.local/lib/python3.7/site-packages/airflow/example_dags/example_branch_datetime_operator.py took 0.197 seconds
[2025-01-23T20:07:12.863+0000] {processor.py:154} INFO - Started process (PID=47140) to work on /home/airflow/.local/lib/python3.7/site-packages/airflow/example_dags/example_branch_datetime_operator.py
[2025-01-23T20:07:12.865+0000] {processor.py:756} INFO - Processing file /home/airflow/.local/lib/python3.7/site-packages/airflow/example_dags/example_branch_datetime_operator.py for tasks to queue
[2025-01-23T20:07:12.866+0000] {logging_mixin.py:120} INFO - [2025-01-23T20:07:12.866+0000] {dagbag.py:537} INFO - Filling up the DagBag from /home/airflow/.local/lib/python3.7/site-packages/airflow/example_dags/example_branch_datetime_operator.py
[2025-01-23T20:07:12.913+0000] {processor.py:766} INFO - DAG(s) dict_keys(['example_branch_datetime_operator', 'example_branch_datetime_operator_3', 'example_branch_datetime_operator_2']) retrieved from /home/airflow/.local/lib/python3.7/site-packages/airflow/example_dags/example_branch_datetime_operator.py
[2025-01-23T20:07:13.006+0000] {logging_mixin.py:120} INFO - [2025-01-23T20:07:13.006+0000] {dag.py:2585} INFO - Sync 3 DAGs
[2025-01-23T20:07:13.071+0000] {logging_mixin.py:120} INFO - [2025-01-23T20:07:13.070+0000] {dag.py:3340} INFO - Setting next_dagrun for example_branch_datetime_operator to 2025-01-22T00:00:00+00:00, run_after=2025-01-23T00:00:00+00:00
[2025-01-23T20:07:13.082+0000] {logging_mixin.py:120} INFO - [2025-01-23T20:07:13.082+0000] {dag.py:3340} INFO - Setting next_dagrun for example_branch_datetime_operator_2 to 2025-01-22T00:00:00+00:00, run_after=2025-01-23T00:00:00+00:00
[2025-01-23T20:07:13.087+0000] {logging_mixin.py:120} INFO - [2025-01-23T20:07:13.087+0000] {dag.py:3340} INFO - Setting next_dagrun for example_branch_datetime_operator_3 to 2025-01-22T00:00:00+00:00, run_after=2025-01-23T00:00:00+00:00
[2025-01-23T20:07:13.119+0000] {processor.py:176} INFO - Processing /home/airflow/.local/lib/python3.7/site-packages/airflow/example_dags/example_branch_datetime_operator.py took 0.262 seconds
[2025-01-23T20:07:43.793+0000] {processor.py:154} INFO - Started process (PID=47194) to work on /home/airflow/.local/lib/python3.7/site-packages/airflow/example_dags/example_branch_datetime_operator.py
[2025-01-23T20:07:43.796+0000] {processor.py:756} INFO - Processing file /home/airflow/.local/lib/python3.7/site-packages/airflow/example_dags/example_branch_datetime_operator.py for tasks to queue
[2025-01-23T20:07:43.800+0000] {logging_mixin.py:120} INFO - [2025-01-23T20:07:43.799+0000] {dagbag.py:537} INFO - Filling up the DagBag from /home/airflow/.local/lib/python3.7/site-packages/airflow/example_dags/example_branch_datetime_operator.py
[2025-01-23T20:07:43.883+0000] {processor.py:766} INFO - DAG(s) dict_keys(['example_branch_datetime_operator_3', 'example_branch_datetime_operator_2', 'example_branch_datetime_operator']) retrieved from /home/airflow/.local/lib/python3.7/site-packages/airflow/example_dags/example_branch_datetime_operator.py
[2025-01-23T20:07:44.012+0000] {logging_mixin.py:120} INFO - [2025-01-23T20:07:44.012+0000] {dag.py:2585} INFO - Sync 3 DAGs
[2025-01-23T20:07:44.061+0000] {logging_mixin.py:120} INFO - [2025-01-23T20:07:44.061+0000] {dag.py:3340} INFO - Setting next_dagrun for example_branch_datetime_operator to 2025-01-22T00:00:00+00:00, run_after=2025-01-23T00:00:00+00:00
[2025-01-23T20:07:44.073+0000] {logging_mixin.py:120} INFO - [2025-01-23T20:07:44.072+0000] {dag.py:3340} INFO - Setting next_dagrun for example_branch_datetime_operator_2 to 2025-01-22T00:00:00+00:00, run_after=2025-01-23T00:00:00+00:00
[2025-01-23T20:07:44.078+0000] {logging_mixin.py:120} INFO - [2025-01-23T20:07:44.078+0000] {dag.py:3340} INFO - Setting next_dagrun for example_branch_datetime_operator_3 to 2025-01-22T00:00:00+00:00, run_after=2025-01-23T00:00:00+00:00
[2025-01-23T20:07:44.113+0000] {processor.py:176} INFO - Processing /home/airflow/.local/lib/python3.7/site-packages/airflow/example_dags/example_branch_datetime_operator.py took 0.336 seconds
[2025-01-23T20:08:15.355+0000] {processor.py:154} INFO - Started process (PID=47255) to work on /home/airflow/.local/lib/python3.7/site-packages/airflow/example_dags/example_branch_datetime_operator.py
[2025-01-23T20:08:15.356+0000] {processor.py:756} INFO - Processing file /home/airflow/.local/lib/python3.7/site-packages/airflow/example_dags/example_branch_datetime_operator.py for tasks to queue
[2025-01-23T20:08:15.358+0000] {logging_mixin.py:120} INFO - [2025-01-23T20:08:15.358+0000] {dagbag.py:537} INFO - Filling up the DagBag from /home/airflow/.local/lib/python3.7/site-packages/airflow/example_dags/example_branch_datetime_operator.py
[2025-01-23T20:08:15.391+0000] {processor.py:766} INFO - DAG(s) dict_keys(['example_branch_datetime_operator', 'example_branch_datetime_operator_3', 'example_branch_datetime_operator_2']) retrieved from /home/airflow/.local/lib/python3.7/site-packages/airflow/example_dags/example_branch_datetime_operator.py
[2025-01-23T20:08:15.501+0000] {logging_mixin.py:120} INFO - [2025-01-23T20:08:15.501+0000] {dag.py:2585} INFO - Sync 3 DAGs
[2025-01-23T20:08:15.562+0000] {logging_mixin.py:120} INFO - [2025-01-23T20:08:15.562+0000] {dag.py:3340} INFO - Setting next_dagrun for example_branch_datetime_operator to 2025-01-22T00:00:00+00:00, run_after=2025-01-23T00:00:00+00:00
[2025-01-23T20:08:15.571+0000] {logging_mixin.py:120} INFO - [2025-01-23T20:08:15.571+0000] {dag.py:3340} INFO - Setting next_dagrun for example_branch_datetime_operator_2 to 2025-01-22T00:00:00+00:00, run_after=2025-01-23T00:00:00+00:00
[2025-01-23T20:08:15.576+0000] {logging_mixin.py:120} INFO - [2025-01-23T20:08:15.575+0000] {dag.py:3340} INFO - Setting next_dagrun for example_branch_datetime_operator_3 to 2025-01-22T00:00:00+00:00, run_after=2025-01-23T00:00:00+00:00
[2025-01-23T20:08:15.604+0000] {processor.py:176} INFO - Processing /home/airflow/.local/lib/python3.7/site-packages/airflow/example_dags/example_branch_datetime_operator.py took 0.254 seconds
[2025-01-23T20:08:46.589+0000] {processor.py:154} INFO - Started process (PID=47311) to work on /home/airflow/.local/lib/python3.7/site-packages/airflow/example_dags/example_branch_datetime_operator.py
[2025-01-23T20:08:46.591+0000] {processor.py:756} INFO - Processing file /home/airflow/.local/lib/python3.7/site-packages/airflow/example_dags/example_branch_datetime_operator.py for tasks to queue
[2025-01-23T20:08:46.593+0000] {logging_mixin.py:120} INFO - [2025-01-23T20:08:46.593+0000] {dagbag.py:537} INFO - Filling up the DagBag from /home/airflow/.local/lib/python3.7/site-packages/airflow/example_dags/example_branch_datetime_operator.py
[2025-01-23T20:08:46.643+0000] {processor.py:766} INFO - DAG(s) dict_keys(['example_branch_datetime_operator_3', 'example_branch_datetime_operator_2', 'example_branch_datetime_operator']) retrieved from /home/airflow/.local/lib/python3.7/site-packages/airflow/example_dags/example_branch_datetime_operator.py
[2025-01-23T20:08:46.727+0000] {logging_mixin.py:120} INFO - [2025-01-23T20:08:46.727+0000] {dag.py:2585} INFO - Sync 3 DAGs
[2025-01-23T20:08:46.771+0000] {logging_mixin.py:120} INFO - [2025-01-23T20:08:46.771+0000] {dag.py:3340} INFO - Setting next_dagrun for example_branch_datetime_operator to 2025-01-22T00:00:00+00:00, run_after=2025-01-23T00:00:00+00:00
[2025-01-23T20:08:46.781+0000] {logging_mixin.py:120} INFO - [2025-01-23T20:08:46.781+0000] {dag.py:3340} INFO - Setting next_dagrun for example_branch_datetime_operator_2 to 2025-01-22T00:00:00+00:00, run_after=2025-01-23T00:00:00+00:00
[2025-01-23T20:08:46.786+0000] {logging_mixin.py:120} INFO - [2025-01-23T20:08:46.786+0000] {dag.py:3340} INFO - Setting next_dagrun for example_branch_datetime_operator_3 to 2025-01-22T00:00:00+00:00, run_after=2025-01-23T00:00:00+00:00
[2025-01-23T20:08:46.822+0000] {processor.py:176} INFO - Processing /home/airflow/.local/lib/python3.7/site-packages/airflow/example_dags/example_branch_datetime_operator.py took 0.240 seconds
[2025-01-23T20:09:17.830+0000] {processor.py:154} INFO - Started process (PID=47372) to work on /home/airflow/.local/lib/python3.7/site-packages/airflow/example_dags/example_branch_datetime_operator.py
[2025-01-23T20:09:17.832+0000] {processor.py:756} INFO - Processing file /home/airflow/.local/lib/python3.7/site-packages/airflow/example_dags/example_branch_datetime_operator.py for tasks to queue
[2025-01-23T20:09:17.833+0000] {logging_mixin.py:120} INFO - [2025-01-23T20:09:17.833+0000] {dagbag.py:537} INFO - Filling up the DagBag from /home/airflow/.local/lib/python3.7/site-packages/airflow/example_dags/example_branch_datetime_operator.py
[2025-01-23T20:09:17.870+0000] {processor.py:766} INFO - DAG(s) dict_keys(['example_branch_datetime_operator', 'example_branch_datetime_operator_3', 'example_branch_datetime_operator_2']) retrieved from /home/airflow/.local/lib/python3.7/site-packages/airflow/example_dags/example_branch_datetime_operator.py
[2025-01-23T20:09:17.968+0000] {logging_mixin.py:120} INFO - [2025-01-23T20:09:17.968+0000] {dag.py:2585} INFO - Sync 3 DAGs
[2025-01-23T20:09:18.032+0000] {logging_mixin.py:120} INFO - [2025-01-23T20:09:18.032+0000] {dag.py:3340} INFO - Setting next_dagrun for example_branch_datetime_operator to 2025-01-22T00:00:00+00:00, run_after=2025-01-23T00:00:00+00:00
[2025-01-23T20:09:18.041+0000] {logging_mixin.py:120} INFO - [2025-01-23T20:09:18.041+0000] {dag.py:3340} INFO - Setting next_dagrun for example_branch_datetime_operator_2 to 2025-01-22T00:00:00+00:00, run_after=2025-01-23T00:00:00+00:00
[2025-01-23T20:09:18.049+0000] {logging_mixin.py:120} INFO - [2025-01-23T20:09:18.048+0000] {dag.py:3340} INFO - Setting next_dagrun for example_branch_datetime_operator_3 to 2025-01-22T00:00:00+00:00, run_after=2025-01-23T00:00:00+00:00
[2025-01-23T20:09:18.084+0000] {processor.py:176} INFO - Processing /home/airflow/.local/lib/python3.7/site-packages/airflow/example_dags/example_branch_datetime_operator.py took 0.261 seconds
[2025-01-23T20:09:48.837+0000] {processor.py:154} INFO - Started process (PID=47428) to work on /home/airflow/.local/lib/python3.7/site-packages/airflow/example_dags/example_branch_datetime_operator.py
[2025-01-23T20:09:48.838+0000] {processor.py:756} INFO - Processing file /home/airflow/.local/lib/python3.7/site-packages/airflow/example_dags/example_branch_datetime_operator.py for tasks to queue
[2025-01-23T20:09:48.840+0000] {logging_mixin.py:120} INFO - [2025-01-23T20:09:48.840+0000] {dagbag.py:537} INFO - Filling up the DagBag from /home/airflow/.local/lib/python3.7/site-packages/airflow/example_dags/example_branch_datetime_operator.py
[2025-01-23T20:09:48.880+0000] {processor.py:766} INFO - DAG(s) dict_keys(['example_branch_datetime_operator_2', 'example_branch_datetime_operator_3', 'example_branch_datetime_operator']) retrieved from /home/airflow/.local/lib/python3.7/site-packages/airflow/example_dags/example_branch_datetime_operator.py
[2025-01-23T20:09:48.963+0000] {logging_mixin.py:120} INFO - [2025-01-23T20:09:48.962+0000] {dag.py:2585} INFO - Sync 3 DAGs
[2025-01-23T20:09:49.006+0000] {logging_mixin.py:120} INFO - [2025-01-23T20:09:49.006+0000] {dag.py:3340} INFO - Setting next_dagrun for example_branch_datetime_operator to 2025-01-22T00:00:00+00:00, run_after=2025-01-23T00:00:00+00:00
[2025-01-23T20:09:49.014+0000] {logging_mixin.py:120} INFO - [2025-01-23T20:09:49.014+0000] {dag.py:3340} INFO - Setting next_dagrun for example_branch_datetime_operator_2 to 2025-01-22T00:00:00+00:00, run_after=2025-01-23T00:00:00+00:00
[2025-01-23T20:09:49.021+0000] {logging_mixin.py:120} INFO - [2025-01-23T20:09:49.021+0000] {dag.py:3340} INFO - Setting next_dagrun for example_branch_datetime_operator_3 to 2025-01-22T00:00:00+00:00, run_after=2025-01-23T00:00:00+00:00
[2025-01-23T20:09:49.057+0000] {processor.py:176} INFO - Processing /home/airflow/.local/lib/python3.7/site-packages/airflow/example_dags/example_branch_datetime_operator.py took 0.227 seconds
[2025-01-23T20:10:19.944+0000] {processor.py:154} INFO - Started process (PID=47489) to work on /home/airflow/.local/lib/python3.7/site-packages/airflow/example_dags/example_branch_datetime_operator.py
[2025-01-23T20:10:19.946+0000] {processor.py:756} INFO - Processing file /home/airflow/.local/lib/python3.7/site-packages/airflow/example_dags/example_branch_datetime_operator.py for tasks to queue
[2025-01-23T20:10:19.948+0000] {logging_mixin.py:120} INFO - [2025-01-23T20:10:19.948+0000] {dagbag.py:537} INFO - Filling up the DagBag from /home/airflow/.local/lib/python3.7/site-packages/airflow/example_dags/example_branch_datetime_operator.py
[2025-01-23T20:10:19.981+0000] {processor.py:766} INFO - DAG(s) dict_keys(['example_branch_datetime_operator_3', 'example_branch_datetime_operator_2', 'example_branch_datetime_operator']) retrieved from /home/airflow/.local/lib/python3.7/site-packages/airflow/example_dags/example_branch_datetime_operator.py
[2025-01-23T20:10:20.070+0000] {logging_mixin.py:120} INFO - [2025-01-23T20:10:20.070+0000] {dag.py:2585} INFO - Sync 3 DAGs
[2025-01-23T20:10:20.123+0000] {logging_mixin.py:120} INFO - [2025-01-23T20:10:20.123+0000] {dag.py:3340} INFO - Setting next_dagrun for example_branch_datetime_operator to 2025-01-22T00:00:00+00:00, run_after=2025-01-23T00:00:00+00:00
[2025-01-23T20:10:20.134+0000] {logging_mixin.py:120} INFO - [2025-01-23T20:10:20.133+0000] {dag.py:3340} INFO - Setting next_dagrun for example_branch_datetime_operator_2 to 2025-01-22T00:00:00+00:00, run_after=2025-01-23T00:00:00+00:00
[2025-01-23T20:10:20.141+0000] {logging_mixin.py:120} INFO - [2025-01-23T20:10:20.141+0000] {dag.py:3340} INFO - Setting next_dagrun for example_branch_datetime_operator_3 to 2025-01-22T00:00:00+00:00, run_after=2025-01-23T00:00:00+00:00
[2025-01-23T20:10:20.181+0000] {processor.py:176} INFO - Processing /home/airflow/.local/lib/python3.7/site-packages/airflow/example_dags/example_branch_datetime_operator.py took 0.244 seconds
[2025-01-23T20:10:50.469+0000] {processor.py:154} INFO - Started process (PID=47545) to work on /home/airflow/.local/lib/python3.7/site-packages/airflow/example_dags/example_branch_datetime_operator.py
[2025-01-23T20:10:50.471+0000] {processor.py:756} INFO - Processing file /home/airflow/.local/lib/python3.7/site-packages/airflow/example_dags/example_branch_datetime_operator.py for tasks to queue
[2025-01-23T20:10:50.473+0000] {logging_mixin.py:120} INFO - [2025-01-23T20:10:50.473+0000] {dagbag.py:537} INFO - Filling up the DagBag from /home/airflow/.local/lib/python3.7/site-packages/airflow/example_dags/example_branch_datetime_operator.py
[2025-01-23T20:10:50.545+0000] {processor.py:766} INFO - DAG(s) dict_keys(['example_branch_datetime_operator_3', 'example_branch_datetime_operator_2', 'example_branch_datetime_operator']) retrieved from /home/airflow/.local/lib/python3.7/site-packages/airflow/example_dags/example_branch_datetime_operator.py
[2025-01-23T20:10:50.672+0000] {logging_mixin.py:120} INFO - [2025-01-23T20:10:50.672+0000] {dag.py:2585} INFO - Sync 3 DAGs
[2025-01-23T20:10:50.748+0000] {logging_mixin.py:120} INFO - [2025-01-23T20:10:50.747+0000] {dag.py:3340} INFO - Setting next_dagrun for example_branch_datetime_operator to 2025-01-22T00:00:00+00:00, run_after=2025-01-23T00:00:00+00:00
[2025-01-23T20:10:50.765+0000] {logging_mixin.py:120} INFO - [2025-01-23T20:10:50.764+0000] {dag.py:3340} INFO - Setting next_dagrun for example_branch_datetime_operator_2 to 2025-01-22T00:00:00+00:00, run_after=2025-01-23T00:00:00+00:00
[2025-01-23T20:10:50.772+0000] {logging_mixin.py:120} INFO - [2025-01-23T20:10:50.772+0000] {dag.py:3340} INFO - Setting next_dagrun for example_branch_datetime_operator_3 to 2025-01-22T00:00:00+00:00, run_after=2025-01-23T00:00:00+00:00
[2025-01-23T20:10:50.814+0000] {processor.py:176} INFO - Processing /home/airflow/.local/lib/python3.7/site-packages/airflow/example_dags/example_branch_datetime_operator.py took 0.354 seconds
[2025-01-23T20:11:21.545+0000] {processor.py:154} INFO - Started process (PID=47598) to work on /home/airflow/.local/lib/python3.7/site-packages/airflow/example_dags/example_branch_datetime_operator.py
[2025-01-23T20:11:21.549+0000] {processor.py:756} INFO - Processing file /home/airflow/.local/lib/python3.7/site-packages/airflow/example_dags/example_branch_datetime_operator.py for tasks to queue
[2025-01-23T20:11:21.553+0000] {logging_mixin.py:120} INFO - [2025-01-23T20:11:21.553+0000] {dagbag.py:537} INFO - Filling up the DagBag from /home/airflow/.local/lib/python3.7/site-packages/airflow/example_dags/example_branch_datetime_operator.py
[2025-01-23T20:11:21.630+0000] {processor.py:766} INFO - DAG(s) dict_keys(['example_branch_datetime_operator', 'example_branch_datetime_operator_3', 'example_branch_datetime_operator_2']) retrieved from /home/airflow/.local/lib/python3.7/site-packages/airflow/example_dags/example_branch_datetime_operator.py
[2025-01-23T20:11:21.778+0000] {logging_mixin.py:120} INFO - [2025-01-23T20:11:21.777+0000] {dag.py:2585} INFO - Sync 3 DAGs
[2025-01-23T20:11:21.852+0000] {logging_mixin.py:120} INFO - [2025-01-23T20:11:21.852+0000] {dag.py:3340} INFO - Setting next_dagrun for example_branch_datetime_operator to 2025-01-22T00:00:00+00:00, run_after=2025-01-23T00:00:00+00:00
[2025-01-23T20:11:21.861+0000] {logging_mixin.py:120} INFO - [2025-01-23T20:11:21.860+0000] {dag.py:3340} INFO - Setting next_dagrun for example_branch_datetime_operator_2 to 2025-01-22T00:00:00+00:00, run_after=2025-01-23T00:00:00+00:00
[2025-01-23T20:11:21.866+0000] {logging_mixin.py:120} INFO - [2025-01-23T20:11:21.865+0000] {dag.py:3340} INFO - Setting next_dagrun for example_branch_datetime_operator_3 to 2025-01-22T00:00:00+00:00, run_after=2025-01-23T00:00:00+00:00
[2025-01-23T20:11:21.900+0000] {processor.py:176} INFO - Processing /home/airflow/.local/lib/python3.7/site-packages/airflow/example_dags/example_branch_datetime_operator.py took 0.370 seconds
[2025-01-23T20:11:52.097+0000] {processor.py:154} INFO - Started process (PID=47660) to work on /home/airflow/.local/lib/python3.7/site-packages/airflow/example_dags/example_branch_datetime_operator.py
[2025-01-23T20:11:52.099+0000] {processor.py:756} INFO - Processing file /home/airflow/.local/lib/python3.7/site-packages/airflow/example_dags/example_branch_datetime_operator.py for tasks to queue
[2025-01-23T20:11:52.101+0000] {logging_mixin.py:120} INFO - [2025-01-23T20:11:52.100+0000] {dagbag.py:537} INFO - Filling up the DagBag from /home/airflow/.local/lib/python3.7/site-packages/airflow/example_dags/example_branch_datetime_operator.py
[2025-01-23T20:11:52.139+0000] {processor.py:766} INFO - DAG(s) dict_keys(['example_branch_datetime_operator_2', 'example_branch_datetime_operator_3', 'example_branch_datetime_operator']) retrieved from /home/airflow/.local/lib/python3.7/site-packages/airflow/example_dags/example_branch_datetime_operator.py
[2025-01-23T20:11:52.247+0000] {logging_mixin.py:120} INFO - [2025-01-23T20:11:52.247+0000] {dag.py:2585} INFO - Sync 3 DAGs
[2025-01-23T20:11:52.304+0000] {logging_mixin.py:120} INFO - [2025-01-23T20:11:52.304+0000] {dag.py:3340} INFO - Setting next_dagrun for example_branch_datetime_operator to 2025-01-22T00:00:00+00:00, run_after=2025-01-23T00:00:00+00:00
[2025-01-23T20:11:52.317+0000] {logging_mixin.py:120} INFO - [2025-01-23T20:11:52.316+0000] {dag.py:3340} INFO - Setting next_dagrun for example_branch_datetime_operator_2 to 2025-01-22T00:00:00+00:00, run_after=2025-01-23T00:00:00+00:00
[2025-01-23T20:11:52.326+0000] {logging_mixin.py:120} INFO - [2025-01-23T20:11:52.325+0000] {dag.py:3340} INFO - Setting next_dagrun for example_branch_datetime_operator_3 to 2025-01-22T00:00:00+00:00, run_after=2025-01-23T00:00:00+00:00
[2025-01-23T20:11:52.371+0000] {processor.py:176} INFO - Processing /home/airflow/.local/lib/python3.7/site-packages/airflow/example_dags/example_branch_datetime_operator.py took 0.281 seconds
[2025-01-23T20:12:22.435+0000] {processor.py:154} INFO - Started process (PID=47715) to work on /home/airflow/.local/lib/python3.7/site-packages/airflow/example_dags/example_branch_datetime_operator.py
[2025-01-23T20:12:22.436+0000] {processor.py:756} INFO - Processing file /home/airflow/.local/lib/python3.7/site-packages/airflow/example_dags/example_branch_datetime_operator.py for tasks to queue
[2025-01-23T20:12:22.438+0000] {logging_mixin.py:120} INFO - [2025-01-23T20:12:22.438+0000] {dagbag.py:537} INFO - Filling up the DagBag from /home/airflow/.local/lib/python3.7/site-packages/airflow/example_dags/example_branch_datetime_operator.py
[2025-01-23T20:12:22.477+0000] {processor.py:766} INFO - DAG(s) dict_keys(['example_branch_datetime_operator_2', 'example_branch_datetime_operator_3', 'example_branch_datetime_operator']) retrieved from /home/airflow/.local/lib/python3.7/site-packages/airflow/example_dags/example_branch_datetime_operator.py
[2025-01-23T20:12:22.565+0000] {logging_mixin.py:120} INFO - [2025-01-23T20:12:22.565+0000] {dag.py:2585} INFO - Sync 3 DAGs
[2025-01-23T20:12:22.616+0000] {logging_mixin.py:120} INFO - [2025-01-23T20:12:22.616+0000] {dag.py:3340} INFO - Setting next_dagrun for example_branch_datetime_operator to 2025-01-22T00:00:00+00:00, run_after=2025-01-23T00:00:00+00:00
[2025-01-23T20:12:22.625+0000] {logging_mixin.py:120} INFO - [2025-01-23T20:12:22.625+0000] {dag.py:3340} INFO - Setting next_dagrun for example_branch_datetime_operator_2 to 2025-01-22T00:00:00+00:00, run_after=2025-01-23T00:00:00+00:00
[2025-01-23T20:12:22.631+0000] {logging_mixin.py:120} INFO - [2025-01-23T20:12:22.630+0000] {dag.py:3340} INFO - Setting next_dagrun for example_branch_datetime_operator_3 to 2025-01-22T00:00:00+00:00, run_after=2025-01-23T00:00:00+00:00
[2025-01-23T20:12:22.666+0000] {processor.py:176} INFO - Processing /home/airflow/.local/lib/python3.7/site-packages/airflow/example_dags/example_branch_datetime_operator.py took 0.240 seconds
