[2025-01-23T19:50:50.301+0000] {processor.py:154} INFO - Started process (PID=45345) to work on /home/airflow/.local/lib/python3.7/site-packages/airflow/example_dags/example_trigger_target_dag.py
[2025-01-23T19:50:50.303+0000] {processor.py:756} INFO - Processing file /home/airflow/.local/lib/python3.7/site-packages/airflow/example_dags/example_trigger_target_dag.py for tasks to queue
[2025-01-23T19:50:50.306+0000] {logging_mixin.py:120} INFO - [2025-01-23T19:50:50.306+0000] {dagbag.py:537} INFO - Filling up the DagBag from /home/airflow/.local/lib/python3.7/site-packages/airflow/example_dags/example_trigger_target_dag.py
[2025-01-23T19:50:50.475+0000] {processor.py:766} INFO - DAG(s) dict_keys(['example_trigger_target_dag']) retrieved from /home/airflow/.local/lib/python3.7/site-packages/airflow/example_dags/example_trigger_target_dag.py
[2025-01-23T19:50:50.675+0000] {logging_mixin.py:120} INFO - [2025-01-23T19:50:50.675+0000] {dag.py:2585} INFO - Sync 1 DAGs
[2025-01-23T19:50:50.829+0000] {logging_mixin.py:120} INFO - [2025-01-23T19:50:50.828+0000] {dag.py:3340} INFO - Setting next_dagrun for example_trigger_target_dag to None, run_after=None
[2025-01-23T19:50:50.929+0000] {processor.py:176} INFO - Processing /home/airflow/.local/lib/python3.7/site-packages/airflow/example_dags/example_trigger_target_dag.py took 0.658 seconds
[2025-01-23T19:51:23.539+0000] {processor.py:154} INFO - Started process (PID=45398) to work on /home/airflow/.local/lib/python3.7/site-packages/airflow/example_dags/example_trigger_target_dag.py
[2025-01-23T19:51:23.553+0000] {processor.py:756} INFO - Processing file /home/airflow/.local/lib/python3.7/site-packages/airflow/example_dags/example_trigger_target_dag.py for tasks to queue
[2025-01-23T19:51:23.556+0000] {logging_mixin.py:120} INFO - [2025-01-23T19:51:23.556+0000] {dagbag.py:537} INFO - Filling up the DagBag from /home/airflow/.local/lib/python3.7/site-packages/airflow/example_dags/example_trigger_target_dag.py
[2025-01-23T19:51:23.731+0000] {processor.py:766} INFO - DAG(s) dict_keys(['example_trigger_target_dag']) retrieved from /home/airflow/.local/lib/python3.7/site-packages/airflow/example_dags/example_trigger_target_dag.py
[2025-01-23T19:51:24.008+0000] {logging_mixin.py:120} INFO - [2025-01-23T19:51:24.007+0000] {dag.py:2585} INFO - Sync 1 DAGs
[2025-01-23T19:51:24.210+0000] {logging_mixin.py:120} INFO - [2025-01-23T19:51:24.210+0000] {dag.py:3340} INFO - Setting next_dagrun for example_trigger_target_dag to None, run_after=None
[2025-01-23T19:51:24.336+0000] {processor.py:176} INFO - Processing /home/airflow/.local/lib/python3.7/site-packages/airflow/example_dags/example_trigger_target_dag.py took 0.810 seconds
[2025-01-23T19:51:56.567+0000] {processor.py:154} INFO - Started process (PID=45445) to work on /home/airflow/.local/lib/python3.7/site-packages/airflow/example_dags/example_trigger_target_dag.py
[2025-01-23T19:51:56.570+0000] {processor.py:756} INFO - Processing file /home/airflow/.local/lib/python3.7/site-packages/airflow/example_dags/example_trigger_target_dag.py for tasks to queue
[2025-01-23T19:51:56.571+0000] {logging_mixin.py:120} INFO - [2025-01-23T19:51:56.571+0000] {dagbag.py:537} INFO - Filling up the DagBag from /home/airflow/.local/lib/python3.7/site-packages/airflow/example_dags/example_trigger_target_dag.py
[2025-01-23T19:51:56.730+0000] {processor.py:766} INFO - DAG(s) dict_keys(['example_trigger_target_dag']) retrieved from /home/airflow/.local/lib/python3.7/site-packages/airflow/example_dags/example_trigger_target_dag.py
[2025-01-23T19:51:56.992+0000] {logging_mixin.py:120} INFO - [2025-01-23T19:51:56.992+0000] {dag.py:2585} INFO - Sync 1 DAGs
[2025-01-23T19:51:57.061+0000] {logging_mixin.py:120} INFO - [2025-01-23T19:51:57.061+0000] {dag.py:3340} INFO - Setting next_dagrun for example_trigger_target_dag to None, run_after=None
[2025-01-23T19:51:57.169+0000] {processor.py:176} INFO - Processing /home/airflow/.local/lib/python3.7/site-packages/airflow/example_dags/example_trigger_target_dag.py took 0.633 seconds
[2025-01-23T19:52:27.908+0000] {processor.py:154} INFO - Started process (PID=45499) to work on /home/airflow/.local/lib/python3.7/site-packages/airflow/example_dags/example_trigger_target_dag.py
[2025-01-23T19:52:27.910+0000] {processor.py:756} INFO - Processing file /home/airflow/.local/lib/python3.7/site-packages/airflow/example_dags/example_trigger_target_dag.py for tasks to queue
[2025-01-23T19:52:27.922+0000] {logging_mixin.py:120} INFO - [2025-01-23T19:52:27.921+0000] {dagbag.py:537} INFO - Filling up the DagBag from /home/airflow/.local/lib/python3.7/site-packages/airflow/example_dags/example_trigger_target_dag.py
[2025-01-23T19:52:28.051+0000] {processor.py:766} INFO - DAG(s) dict_keys(['example_trigger_target_dag']) retrieved from /home/airflow/.local/lib/python3.7/site-packages/airflow/example_dags/example_trigger_target_dag.py
[2025-01-23T19:52:28.373+0000] {logging_mixin.py:120} INFO - [2025-01-23T19:52:28.373+0000] {dag.py:2585} INFO - Sync 1 DAGs
[2025-01-23T19:52:28.566+0000] {logging_mixin.py:120} INFO - [2025-01-23T19:52:28.566+0000] {dag.py:3340} INFO - Setting next_dagrun for example_trigger_target_dag to None, run_after=None
[2025-01-23T19:52:28.707+0000] {processor.py:176} INFO - Processing /home/airflow/.local/lib/python3.7/site-packages/airflow/example_dags/example_trigger_target_dag.py took 0.812 seconds
[2025-01-23T19:52:59.165+0000] {processor.py:154} INFO - Started process (PID=45553) to work on /home/airflow/.local/lib/python3.7/site-packages/airflow/example_dags/example_trigger_target_dag.py
[2025-01-23T19:52:59.167+0000] {processor.py:756} INFO - Processing file /home/airflow/.local/lib/python3.7/site-packages/airflow/example_dags/example_trigger_target_dag.py for tasks to queue
[2025-01-23T19:52:59.170+0000] {logging_mixin.py:120} INFO - [2025-01-23T19:52:59.169+0000] {dagbag.py:537} INFO - Filling up the DagBag from /home/airflow/.local/lib/python3.7/site-packages/airflow/example_dags/example_trigger_target_dag.py
[2025-01-23T19:52:59.220+0000] {processor.py:766} INFO - DAG(s) dict_keys(['example_trigger_target_dag']) retrieved from /home/airflow/.local/lib/python3.7/site-packages/airflow/example_dags/example_trigger_target_dag.py
[2025-01-23T19:52:59.339+0000] {logging_mixin.py:120} INFO - [2025-01-23T19:52:59.338+0000] {dag.py:2585} INFO - Sync 1 DAGs
[2025-01-23T19:52:59.407+0000] {logging_mixin.py:120} INFO - [2025-01-23T19:52:59.407+0000] {dag.py:3340} INFO - Setting next_dagrun for example_trigger_target_dag to None, run_after=None
[2025-01-23T19:52:59.458+0000] {processor.py:176} INFO - Processing /home/airflow/.local/lib/python3.7/site-packages/airflow/example_dags/example_trigger_target_dag.py took 0.299 seconds
[2025-01-23T19:53:29.639+0000] {processor.py:154} INFO - Started process (PID=45607) to work on /home/airflow/.local/lib/python3.7/site-packages/airflow/example_dags/example_trigger_target_dag.py
[2025-01-23T19:53:29.643+0000] {processor.py:756} INFO - Processing file /home/airflow/.local/lib/python3.7/site-packages/airflow/example_dags/example_trigger_target_dag.py for tasks to queue
[2025-01-23T19:53:29.650+0000] {logging_mixin.py:120} INFO - [2025-01-23T19:53:29.649+0000] {dagbag.py:537} INFO - Filling up the DagBag from /home/airflow/.local/lib/python3.7/site-packages/airflow/example_dags/example_trigger_target_dag.py
[2025-01-23T19:53:29.726+0000] {processor.py:766} INFO - DAG(s) dict_keys(['example_trigger_target_dag']) retrieved from /home/airflow/.local/lib/python3.7/site-packages/airflow/example_dags/example_trigger_target_dag.py
[2025-01-23T19:53:29.803+0000] {logging_mixin.py:120} INFO - [2025-01-23T19:53:29.802+0000] {dag.py:2585} INFO - Sync 1 DAGs
[2025-01-23T19:53:29.862+0000] {logging_mixin.py:120} INFO - [2025-01-23T19:53:29.862+0000] {dag.py:3340} INFO - Setting next_dagrun for example_trigger_target_dag to None, run_after=None
[2025-01-23T19:53:29.907+0000] {processor.py:176} INFO - Processing /home/airflow/.local/lib/python3.7/site-packages/airflow/example_dags/example_trigger_target_dag.py took 0.295 seconds
[2025-01-23T19:54:00.421+0000] {processor.py:154} INFO - Started process (PID=45670) to work on /home/airflow/.local/lib/python3.7/site-packages/airflow/example_dags/example_trigger_target_dag.py
[2025-01-23T19:54:00.423+0000] {processor.py:756} INFO - Processing file /home/airflow/.local/lib/python3.7/site-packages/airflow/example_dags/example_trigger_target_dag.py for tasks to queue
[2025-01-23T19:54:00.425+0000] {logging_mixin.py:120} INFO - [2025-01-23T19:54:00.424+0000] {dagbag.py:537} INFO - Filling up the DagBag from /home/airflow/.local/lib/python3.7/site-packages/airflow/example_dags/example_trigger_target_dag.py
[2025-01-23T19:54:00.471+0000] {processor.py:766} INFO - DAG(s) dict_keys(['example_trigger_target_dag']) retrieved from /home/airflow/.local/lib/python3.7/site-packages/airflow/example_dags/example_trigger_target_dag.py
[2025-01-23T19:54:00.545+0000] {logging_mixin.py:120} INFO - [2025-01-23T19:54:00.544+0000] {dag.py:2585} INFO - Sync 1 DAGs
[2025-01-23T19:54:00.585+0000] {logging_mixin.py:120} INFO - [2025-01-23T19:54:00.585+0000] {dag.py:3340} INFO - Setting next_dagrun for example_trigger_target_dag to None, run_after=None
[2025-01-23T19:54:00.625+0000] {processor.py:176} INFO - Processing /home/airflow/.local/lib/python3.7/site-packages/airflow/example_dags/example_trigger_target_dag.py took 0.212 seconds
[2025-01-23T19:54:31.373+0000] {processor.py:154} INFO - Started process (PID=45724) to work on /home/airflow/.local/lib/python3.7/site-packages/airflow/example_dags/example_trigger_target_dag.py
[2025-01-23T19:54:31.377+0000] {processor.py:756} INFO - Processing file /home/airflow/.local/lib/python3.7/site-packages/airflow/example_dags/example_trigger_target_dag.py for tasks to queue
[2025-01-23T19:54:31.379+0000] {logging_mixin.py:120} INFO - [2025-01-23T19:54:31.379+0000] {dagbag.py:537} INFO - Filling up the DagBag from /home/airflow/.local/lib/python3.7/site-packages/airflow/example_dags/example_trigger_target_dag.py
[2025-01-23T19:54:31.445+0000] {processor.py:766} INFO - DAG(s) dict_keys(['example_trigger_target_dag']) retrieved from /home/airflow/.local/lib/python3.7/site-packages/airflow/example_dags/example_trigger_target_dag.py
[2025-01-23T19:54:31.543+0000] {logging_mixin.py:120} INFO - [2025-01-23T19:54:31.543+0000] {dag.py:2585} INFO - Sync 1 DAGs
[2025-01-23T19:54:31.588+0000] {logging_mixin.py:120} INFO - [2025-01-23T19:54:31.587+0000] {dag.py:3340} INFO - Setting next_dagrun for example_trigger_target_dag to None, run_after=None
[2025-01-23T19:54:31.623+0000] {processor.py:176} INFO - Processing /home/airflow/.local/lib/python3.7/site-packages/airflow/example_dags/example_trigger_target_dag.py took 0.260 seconds
[2025-01-23T19:55:01.960+0000] {processor.py:154} INFO - Started process (PID=45778) to work on /home/airflow/.local/lib/python3.7/site-packages/airflow/example_dags/example_trigger_target_dag.py
[2025-01-23T19:55:01.962+0000] {processor.py:756} INFO - Processing file /home/airflow/.local/lib/python3.7/site-packages/airflow/example_dags/example_trigger_target_dag.py for tasks to queue
[2025-01-23T19:55:01.964+0000] {logging_mixin.py:120} INFO - [2025-01-23T19:55:01.964+0000] {dagbag.py:537} INFO - Filling up the DagBag from /home/airflow/.local/lib/python3.7/site-packages/airflow/example_dags/example_trigger_target_dag.py
[2025-01-23T19:55:02.027+0000] {processor.py:766} INFO - DAG(s) dict_keys(['example_trigger_target_dag']) retrieved from /home/airflow/.local/lib/python3.7/site-packages/airflow/example_dags/example_trigger_target_dag.py
[2025-01-23T19:55:02.098+0000] {logging_mixin.py:120} INFO - [2025-01-23T19:55:02.098+0000] {dag.py:2585} INFO - Sync 1 DAGs
[2025-01-23T19:55:02.148+0000] {logging_mixin.py:120} INFO - [2025-01-23T19:55:02.148+0000] {dag.py:3340} INFO - Setting next_dagrun for example_trigger_target_dag to None, run_after=None
[2025-01-23T19:55:02.195+0000] {processor.py:176} INFO - Processing /home/airflow/.local/lib/python3.7/site-packages/airflow/example_dags/example_trigger_target_dag.py took 0.245 seconds
[2025-01-23T19:55:32.816+0000] {processor.py:154} INFO - Started process (PID=45842) to work on /home/airflow/.local/lib/python3.7/site-packages/airflow/example_dags/example_trigger_target_dag.py
[2025-01-23T19:55:32.818+0000] {processor.py:756} INFO - Processing file /home/airflow/.local/lib/python3.7/site-packages/airflow/example_dags/example_trigger_target_dag.py for tasks to queue
[2025-01-23T19:55:32.820+0000] {logging_mixin.py:120} INFO - [2025-01-23T19:55:32.819+0000] {dagbag.py:537} INFO - Filling up the DagBag from /home/airflow/.local/lib/python3.7/site-packages/airflow/example_dags/example_trigger_target_dag.py
[2025-01-23T19:55:32.871+0000] {processor.py:766} INFO - DAG(s) dict_keys(['example_trigger_target_dag']) retrieved from /home/airflow/.local/lib/python3.7/site-packages/airflow/example_dags/example_trigger_target_dag.py
[2025-01-23T19:55:32.975+0000] {logging_mixin.py:120} INFO - [2025-01-23T19:55:32.975+0000] {dag.py:2585} INFO - Sync 1 DAGs
[2025-01-23T19:55:33.035+0000] {logging_mixin.py:120} INFO - [2025-01-23T19:55:33.034+0000] {dag.py:3340} INFO - Setting next_dagrun for example_trigger_target_dag to None, run_after=None
[2025-01-23T19:55:33.074+0000] {processor.py:176} INFO - Processing /home/airflow/.local/lib/python3.7/site-packages/airflow/example_dags/example_trigger_target_dag.py took 0.265 seconds
[2025-01-23T19:56:06.842+0000] {processor.py:154} INFO - Started process (PID=45896) to work on /home/airflow/.local/lib/python3.7/site-packages/airflow/example_dags/example_trigger_target_dag.py
[2025-01-23T19:56:06.844+0000] {processor.py:756} INFO - Processing file /home/airflow/.local/lib/python3.7/site-packages/airflow/example_dags/example_trigger_target_dag.py for tasks to queue
[2025-01-23T19:56:06.857+0000] {logging_mixin.py:120} INFO - [2025-01-23T19:56:06.846+0000] {dagbag.py:537} INFO - Filling up the DagBag from /home/airflow/.local/lib/python3.7/site-packages/airflow/example_dags/example_trigger_target_dag.py
[2025-01-23T19:56:07.002+0000] {processor.py:766} INFO - DAG(s) dict_keys(['example_trigger_target_dag']) retrieved from /home/airflow/.local/lib/python3.7/site-packages/airflow/example_dags/example_trigger_target_dag.py
[2025-01-23T19:56:07.228+0000] {logging_mixin.py:120} INFO - [2025-01-23T19:56:07.227+0000] {dag.py:2585} INFO - Sync 1 DAGs
[2025-01-23T19:56:07.351+0000] {logging_mixin.py:120} INFO - [2025-01-23T19:56:07.351+0000] {dag.py:3340} INFO - Setting next_dagrun for example_trigger_target_dag to None, run_after=None
[2025-01-23T19:56:07.468+0000] {processor.py:176} INFO - Processing /home/airflow/.local/lib/python3.7/site-packages/airflow/example_dags/example_trigger_target_dag.py took 0.650 seconds
[2025-01-23T19:56:37.662+0000] {processor.py:154} INFO - Started process (PID=45950) to work on /home/airflow/.local/lib/python3.7/site-packages/airflow/example_dags/example_trigger_target_dag.py
[2025-01-23T19:56:37.664+0000] {processor.py:756} INFO - Processing file /home/airflow/.local/lib/python3.7/site-packages/airflow/example_dags/example_trigger_target_dag.py for tasks to queue
[2025-01-23T19:56:37.665+0000] {logging_mixin.py:120} INFO - [2025-01-23T19:56:37.665+0000] {dagbag.py:537} INFO - Filling up the DagBag from /home/airflow/.local/lib/python3.7/site-packages/airflow/example_dags/example_trigger_target_dag.py
[2025-01-23T19:56:37.701+0000] {processor.py:766} INFO - DAG(s) dict_keys(['example_trigger_target_dag']) retrieved from /home/airflow/.local/lib/python3.7/site-packages/airflow/example_dags/example_trigger_target_dag.py
[2025-01-23T19:56:37.767+0000] {logging_mixin.py:120} INFO - [2025-01-23T19:56:37.767+0000] {dag.py:2585} INFO - Sync 1 DAGs
[2025-01-23T19:56:37.808+0000] {logging_mixin.py:120} INFO - [2025-01-23T19:56:37.808+0000] {dag.py:3340} INFO - Setting next_dagrun for example_trigger_target_dag to None, run_after=None
[2025-01-23T19:56:37.841+0000] {processor.py:176} INFO - Processing /home/airflow/.local/lib/python3.7/site-packages/airflow/example_dags/example_trigger_target_dag.py took 0.184 seconds
[2025-01-23T19:57:08.370+0000] {processor.py:154} INFO - Started process (PID=46004) to work on /home/airflow/.local/lib/python3.7/site-packages/airflow/example_dags/example_trigger_target_dag.py
[2025-01-23T19:57:08.372+0000] {processor.py:756} INFO - Processing file /home/airflow/.local/lib/python3.7/site-packages/airflow/example_dags/example_trigger_target_dag.py for tasks to queue
[2025-01-23T19:57:08.373+0000] {logging_mixin.py:120} INFO - [2025-01-23T19:57:08.373+0000] {dagbag.py:537} INFO - Filling up the DagBag from /home/airflow/.local/lib/python3.7/site-packages/airflow/example_dags/example_trigger_target_dag.py
[2025-01-23T19:57:08.412+0000] {processor.py:766} INFO - DAG(s) dict_keys(['example_trigger_target_dag']) retrieved from /home/airflow/.local/lib/python3.7/site-packages/airflow/example_dags/example_trigger_target_dag.py
[2025-01-23T19:57:08.484+0000] {logging_mixin.py:120} INFO - [2025-01-23T19:57:08.484+0000] {dag.py:2585} INFO - Sync 1 DAGs
[2025-01-23T19:57:08.526+0000] {logging_mixin.py:120} INFO - [2025-01-23T19:57:08.525+0000] {dag.py:3340} INFO - Setting next_dagrun for example_trigger_target_dag to None, run_after=None
[2025-01-23T19:57:08.563+0000] {processor.py:176} INFO - Processing /home/airflow/.local/lib/python3.7/site-packages/airflow/example_dags/example_trigger_target_dag.py took 0.200 seconds
[2025-01-23T19:57:39.635+0000] {processor.py:154} INFO - Started process (PID=46067) to work on /home/airflow/.local/lib/python3.7/site-packages/airflow/example_dags/example_trigger_target_dag.py
[2025-01-23T19:57:39.637+0000] {processor.py:756} INFO - Processing file /home/airflow/.local/lib/python3.7/site-packages/airflow/example_dags/example_trigger_target_dag.py for tasks to queue
[2025-01-23T19:57:39.640+0000] {logging_mixin.py:120} INFO - [2025-01-23T19:57:39.639+0000] {dagbag.py:537} INFO - Filling up the DagBag from /home/airflow/.local/lib/python3.7/site-packages/airflow/example_dags/example_trigger_target_dag.py
[2025-01-23T19:57:39.691+0000] {processor.py:766} INFO - DAG(s) dict_keys(['example_trigger_target_dag']) retrieved from /home/airflow/.local/lib/python3.7/site-packages/airflow/example_dags/example_trigger_target_dag.py
[2025-01-23T19:57:39.772+0000] {logging_mixin.py:120} INFO - [2025-01-23T19:57:39.772+0000] {dag.py:2585} INFO - Sync 1 DAGs
[2025-01-23T19:57:39.830+0000] {logging_mixin.py:120} INFO - [2025-01-23T19:57:39.829+0000] {dag.py:3340} INFO - Setting next_dagrun for example_trigger_target_dag to None, run_after=None
[2025-01-23T19:57:39.875+0000] {processor.py:176} INFO - Processing /home/airflow/.local/lib/python3.7/site-packages/airflow/example_dags/example_trigger_target_dag.py took 0.247 seconds
[2025-01-23T19:58:10.306+0000] {processor.py:154} INFO - Started process (PID=46121) to work on /home/airflow/.local/lib/python3.7/site-packages/airflow/example_dags/example_trigger_target_dag.py
[2025-01-23T19:58:10.308+0000] {processor.py:756} INFO - Processing file /home/airflow/.local/lib/python3.7/site-packages/airflow/example_dags/example_trigger_target_dag.py for tasks to queue
[2025-01-23T19:58:10.310+0000] {logging_mixin.py:120} INFO - [2025-01-23T19:58:10.309+0000] {dagbag.py:537} INFO - Filling up the DagBag from /home/airflow/.local/lib/python3.7/site-packages/airflow/example_dags/example_trigger_target_dag.py
[2025-01-23T19:58:10.357+0000] {processor.py:766} INFO - DAG(s) dict_keys(['example_trigger_target_dag']) retrieved from /home/airflow/.local/lib/python3.7/site-packages/airflow/example_dags/example_trigger_target_dag.py
[2025-01-23T19:58:10.428+0000] {logging_mixin.py:120} INFO - [2025-01-23T19:58:10.428+0000] {dag.py:2585} INFO - Sync 1 DAGs
[2025-01-23T19:58:10.478+0000] {logging_mixin.py:120} INFO - [2025-01-23T19:58:10.478+0000] {dag.py:3340} INFO - Setting next_dagrun for example_trigger_target_dag to None, run_after=None
[2025-01-23T19:58:10.523+0000] {processor.py:176} INFO - Processing /home/airflow/.local/lib/python3.7/site-packages/airflow/example_dags/example_trigger_target_dag.py took 0.222 seconds
[2025-01-23T19:58:41.419+0000] {processor.py:154} INFO - Started process (PID=46176) to work on /home/airflow/.local/lib/python3.7/site-packages/airflow/example_dags/example_trigger_target_dag.py
[2025-01-23T19:58:41.421+0000] {processor.py:756} INFO - Processing file /home/airflow/.local/lib/python3.7/site-packages/airflow/example_dags/example_trigger_target_dag.py for tasks to queue
[2025-01-23T19:58:41.423+0000] {logging_mixin.py:120} INFO - [2025-01-23T19:58:41.423+0000] {dagbag.py:537} INFO - Filling up the DagBag from /home/airflow/.local/lib/python3.7/site-packages/airflow/example_dags/example_trigger_target_dag.py
[2025-01-23T19:58:41.484+0000] {processor.py:766} INFO - DAG(s) dict_keys(['example_trigger_target_dag']) retrieved from /home/airflow/.local/lib/python3.7/site-packages/airflow/example_dags/example_trigger_target_dag.py
[2025-01-23T19:58:41.587+0000] {logging_mixin.py:120} INFO - [2025-01-23T19:58:41.587+0000] {dag.py:2585} INFO - Sync 1 DAGs
[2025-01-23T19:58:41.636+0000] {logging_mixin.py:120} INFO - [2025-01-23T19:58:41.636+0000] {dag.py:3340} INFO - Setting next_dagrun for example_trigger_target_dag to None, run_after=None
[2025-01-23T19:58:41.674+0000] {processor.py:176} INFO - Processing /home/airflow/.local/lib/python3.7/site-packages/airflow/example_dags/example_trigger_target_dag.py took 0.261 seconds
[2025-01-23T19:59:12.654+0000] {processor.py:154} INFO - Started process (PID=46240) to work on /home/airflow/.local/lib/python3.7/site-packages/airflow/example_dags/example_trigger_target_dag.py
[2025-01-23T19:59:12.658+0000] {processor.py:756} INFO - Processing file /home/airflow/.local/lib/python3.7/site-packages/airflow/example_dags/example_trigger_target_dag.py for tasks to queue
[2025-01-23T19:59:12.660+0000] {logging_mixin.py:120} INFO - [2025-01-23T19:59:12.660+0000] {dagbag.py:537} INFO - Filling up the DagBag from /home/airflow/.local/lib/python3.7/site-packages/airflow/example_dags/example_trigger_target_dag.py
[2025-01-23T19:59:12.720+0000] {processor.py:766} INFO - DAG(s) dict_keys(['example_trigger_target_dag']) retrieved from /home/airflow/.local/lib/python3.7/site-packages/airflow/example_dags/example_trigger_target_dag.py
[2025-01-23T19:59:12.840+0000] {logging_mixin.py:120} INFO - [2025-01-23T19:59:12.840+0000] {dag.py:2585} INFO - Sync 1 DAGs
[2025-01-23T19:59:12.927+0000] {logging_mixin.py:120} INFO - [2025-01-23T19:59:12.927+0000] {dag.py:3340} INFO - Setting next_dagrun for example_trigger_target_dag to None, run_after=None
[2025-01-23T19:59:12.968+0000] {processor.py:176} INFO - Processing /home/airflow/.local/lib/python3.7/site-packages/airflow/example_dags/example_trigger_target_dag.py took 0.321 seconds
[2025-01-23T19:59:43.454+0000] {processor.py:154} INFO - Started process (PID=46295) to work on /home/airflow/.local/lib/python3.7/site-packages/airflow/example_dags/example_trigger_target_dag.py
[2025-01-23T19:59:43.456+0000] {processor.py:756} INFO - Processing file /home/airflow/.local/lib/python3.7/site-packages/airflow/example_dags/example_trigger_target_dag.py for tasks to queue
[2025-01-23T19:59:43.458+0000] {logging_mixin.py:120} INFO - [2025-01-23T19:59:43.457+0000] {dagbag.py:537} INFO - Filling up the DagBag from /home/airflow/.local/lib/python3.7/site-packages/airflow/example_dags/example_trigger_target_dag.py
[2025-01-23T19:59:43.496+0000] {processor.py:766} INFO - DAG(s) dict_keys(['example_trigger_target_dag']) retrieved from /home/airflow/.local/lib/python3.7/site-packages/airflow/example_dags/example_trigger_target_dag.py
[2025-01-23T19:59:43.576+0000] {logging_mixin.py:120} INFO - [2025-01-23T19:59:43.576+0000] {dag.py:2585} INFO - Sync 1 DAGs
[2025-01-23T19:59:43.629+0000] {logging_mixin.py:120} INFO - [2025-01-23T19:59:43.628+0000] {dag.py:3340} INFO - Setting next_dagrun for example_trigger_target_dag to None, run_after=None
[2025-01-23T19:59:43.668+0000] {processor.py:176} INFO - Processing /home/airflow/.local/lib/python3.7/site-packages/airflow/example_dags/example_trigger_target_dag.py took 0.219 seconds
[2025-01-23T20:00:14.041+0000] {processor.py:154} INFO - Started process (PID=46352) to work on /home/airflow/.local/lib/python3.7/site-packages/airflow/example_dags/example_trigger_target_dag.py
[2025-01-23T20:00:14.043+0000] {processor.py:756} INFO - Processing file /home/airflow/.local/lib/python3.7/site-packages/airflow/example_dags/example_trigger_target_dag.py for tasks to queue
[2025-01-23T20:00:14.045+0000] {logging_mixin.py:120} INFO - [2025-01-23T20:00:14.045+0000] {dagbag.py:537} INFO - Filling up the DagBag from /home/airflow/.local/lib/python3.7/site-packages/airflow/example_dags/example_trigger_target_dag.py
[2025-01-23T20:00:14.083+0000] {processor.py:766} INFO - DAG(s) dict_keys(['example_trigger_target_dag']) retrieved from /home/airflow/.local/lib/python3.7/site-packages/airflow/example_dags/example_trigger_target_dag.py
[2025-01-23T20:00:14.147+0000] {logging_mixin.py:120} INFO - [2025-01-23T20:00:14.147+0000] {dag.py:2585} INFO - Sync 1 DAGs
[2025-01-23T20:00:14.194+0000] {logging_mixin.py:120} INFO - [2025-01-23T20:00:14.193+0000] {dag.py:3340} INFO - Setting next_dagrun for example_trigger_target_dag to None, run_after=None
[2025-01-23T20:00:14.231+0000] {processor.py:176} INFO - Processing /home/airflow/.local/lib/python3.7/site-packages/airflow/example_dags/example_trigger_target_dag.py took 0.197 seconds
[2025-01-23T20:00:44.517+0000] {processor.py:154} INFO - Started process (PID=46415) to work on /home/airflow/.local/lib/python3.7/site-packages/airflow/example_dags/example_trigger_target_dag.py
[2025-01-23T20:00:44.518+0000] {processor.py:756} INFO - Processing file /home/airflow/.local/lib/python3.7/site-packages/airflow/example_dags/example_trigger_target_dag.py for tasks to queue
[2025-01-23T20:00:44.520+0000] {logging_mixin.py:120} INFO - [2025-01-23T20:00:44.519+0000] {dagbag.py:537} INFO - Filling up the DagBag from /home/airflow/.local/lib/python3.7/site-packages/airflow/example_dags/example_trigger_target_dag.py
[2025-01-23T20:00:44.561+0000] {processor.py:766} INFO - DAG(s) dict_keys(['example_trigger_target_dag']) retrieved from /home/airflow/.local/lib/python3.7/site-packages/airflow/example_dags/example_trigger_target_dag.py
[2025-01-23T20:00:44.641+0000] {logging_mixin.py:120} INFO - [2025-01-23T20:00:44.641+0000] {dag.py:2585} INFO - Sync 1 DAGs
[2025-01-23T20:00:44.694+0000] {logging_mixin.py:120} INFO - [2025-01-23T20:00:44.694+0000] {dag.py:3340} INFO - Setting next_dagrun for example_trigger_target_dag to None, run_after=None
[2025-01-23T20:00:44.747+0000] {processor.py:176} INFO - Processing /home/airflow/.local/lib/python3.7/site-packages/airflow/example_dags/example_trigger_target_dag.py took 0.237 seconds
[2025-01-23T20:01:15.082+0000] {processor.py:154} INFO - Started process (PID=46470) to work on /home/airflow/.local/lib/python3.7/site-packages/airflow/example_dags/example_trigger_target_dag.py
[2025-01-23T20:01:15.083+0000] {processor.py:756} INFO - Processing file /home/airflow/.local/lib/python3.7/site-packages/airflow/example_dags/example_trigger_target_dag.py for tasks to queue
[2025-01-23T20:01:15.085+0000] {logging_mixin.py:120} INFO - [2025-01-23T20:01:15.085+0000] {dagbag.py:537} INFO - Filling up the DagBag from /home/airflow/.local/lib/python3.7/site-packages/airflow/example_dags/example_trigger_target_dag.py
[2025-01-23T20:01:15.122+0000] {processor.py:766} INFO - DAG(s) dict_keys(['example_trigger_target_dag']) retrieved from /home/airflow/.local/lib/python3.7/site-packages/airflow/example_dags/example_trigger_target_dag.py
[2025-01-23T20:01:15.227+0000] {logging_mixin.py:120} INFO - [2025-01-23T20:01:15.227+0000] {dag.py:2585} INFO - Sync 1 DAGs
[2025-01-23T20:01:15.358+0000] {logging_mixin.py:120} INFO - [2025-01-23T20:01:15.357+0000] {dag.py:3340} INFO - Setting next_dagrun for example_trigger_target_dag to None, run_after=None
[2025-01-23T20:01:15.460+0000] {processor.py:176} INFO - Processing /home/airflow/.local/lib/python3.7/site-packages/airflow/example_dags/example_trigger_target_dag.py took 0.384 seconds
[2025-01-23T20:01:45.962+0000] {processor.py:154} INFO - Started process (PID=46533) to work on /home/airflow/.local/lib/python3.7/site-packages/airflow/example_dags/example_trigger_target_dag.py
[2025-01-23T20:01:45.965+0000] {processor.py:756} INFO - Processing file /home/airflow/.local/lib/python3.7/site-packages/airflow/example_dags/example_trigger_target_dag.py for tasks to queue
[2025-01-23T20:01:45.967+0000] {logging_mixin.py:120} INFO - [2025-01-23T20:01:45.966+0000] {dagbag.py:537} INFO - Filling up the DagBag from /home/airflow/.local/lib/python3.7/site-packages/airflow/example_dags/example_trigger_target_dag.py
[2025-01-23T20:01:46.014+0000] {processor.py:766} INFO - DAG(s) dict_keys(['example_trigger_target_dag']) retrieved from /home/airflow/.local/lib/python3.7/site-packages/airflow/example_dags/example_trigger_target_dag.py
[2025-01-23T20:01:46.103+0000] {logging_mixin.py:120} INFO - [2025-01-23T20:01:46.103+0000] {dag.py:2585} INFO - Sync 1 DAGs
[2025-01-23T20:01:46.164+0000] {logging_mixin.py:120} INFO - [2025-01-23T20:01:46.164+0000] {dag.py:3340} INFO - Setting next_dagrun for example_trigger_target_dag to None, run_after=None
[2025-01-23T20:01:46.214+0000] {processor.py:176} INFO - Processing /home/airflow/.local/lib/python3.7/site-packages/airflow/example_dags/example_trigger_target_dag.py took 0.259 seconds
[2025-01-23T20:02:16.794+0000] {processor.py:154} INFO - Started process (PID=46587) to work on /home/airflow/.local/lib/python3.7/site-packages/airflow/example_dags/example_trigger_target_dag.py
[2025-01-23T20:02:16.797+0000] {processor.py:756} INFO - Processing file /home/airflow/.local/lib/python3.7/site-packages/airflow/example_dags/example_trigger_target_dag.py for tasks to queue
[2025-01-23T20:02:16.799+0000] {logging_mixin.py:120} INFO - [2025-01-23T20:02:16.799+0000] {dagbag.py:537} INFO - Filling up the DagBag from /home/airflow/.local/lib/python3.7/site-packages/airflow/example_dags/example_trigger_target_dag.py
[2025-01-23T20:02:16.851+0000] {processor.py:766} INFO - DAG(s) dict_keys(['example_trigger_target_dag']) retrieved from /home/airflow/.local/lib/python3.7/site-packages/airflow/example_dags/example_trigger_target_dag.py
[2025-01-23T20:02:16.975+0000] {logging_mixin.py:120} INFO - [2025-01-23T20:02:16.975+0000] {dag.py:2585} INFO - Sync 1 DAGs
[2025-01-23T20:02:17.053+0000] {logging_mixin.py:120} INFO - [2025-01-23T20:02:17.052+0000] {dag.py:3340} INFO - Setting next_dagrun for example_trigger_target_dag to None, run_after=None
[2025-01-23T20:02:17.102+0000] {processor.py:176} INFO - Processing /home/airflow/.local/lib/python3.7/site-packages/airflow/example_dags/example_trigger_target_dag.py took 0.315 seconds
[2025-01-23T20:02:47.529+0000] {processor.py:154} INFO - Started process (PID=46642) to work on /home/airflow/.local/lib/python3.7/site-packages/airflow/example_dags/example_trigger_target_dag.py
[2025-01-23T20:02:47.531+0000] {processor.py:756} INFO - Processing file /home/airflow/.local/lib/python3.7/site-packages/airflow/example_dags/example_trigger_target_dag.py for tasks to queue
[2025-01-23T20:02:47.532+0000] {logging_mixin.py:120} INFO - [2025-01-23T20:02:47.532+0000] {dagbag.py:537} INFO - Filling up the DagBag from /home/airflow/.local/lib/python3.7/site-packages/airflow/example_dags/example_trigger_target_dag.py
[2025-01-23T20:02:47.569+0000] {processor.py:766} INFO - DAG(s) dict_keys(['example_trigger_target_dag']) retrieved from /home/airflow/.local/lib/python3.7/site-packages/airflow/example_dags/example_trigger_target_dag.py
[2025-01-23T20:02:47.645+0000] {logging_mixin.py:120} INFO - [2025-01-23T20:02:47.645+0000] {dag.py:2585} INFO - Sync 1 DAGs
[2025-01-23T20:02:47.692+0000] {logging_mixin.py:120} INFO - [2025-01-23T20:02:47.692+0000] {dag.py:3340} INFO - Setting next_dagrun for example_trigger_target_dag to None, run_after=None
[2025-01-23T20:02:47.726+0000] {processor.py:176} INFO - Processing /home/airflow/.local/lib/python3.7/site-packages/airflow/example_dags/example_trigger_target_dag.py took 0.204 seconds
[2025-01-23T20:03:18.437+0000] {processor.py:154} INFO - Started process (PID=46705) to work on /home/airflow/.local/lib/python3.7/site-packages/airflow/example_dags/example_trigger_target_dag.py
[2025-01-23T20:03:18.439+0000] {processor.py:756} INFO - Processing file /home/airflow/.local/lib/python3.7/site-packages/airflow/example_dags/example_trigger_target_dag.py for tasks to queue
[2025-01-23T20:03:18.441+0000] {logging_mixin.py:120} INFO - [2025-01-23T20:03:18.440+0000] {dagbag.py:537} INFO - Filling up the DagBag from /home/airflow/.local/lib/python3.7/site-packages/airflow/example_dags/example_trigger_target_dag.py
[2025-01-23T20:03:18.478+0000] {processor.py:766} INFO - DAG(s) dict_keys(['example_trigger_target_dag']) retrieved from /home/airflow/.local/lib/python3.7/site-packages/airflow/example_dags/example_trigger_target_dag.py
[2025-01-23T20:03:18.545+0000] {logging_mixin.py:120} INFO - [2025-01-23T20:03:18.545+0000] {dag.py:2585} INFO - Sync 1 DAGs
[2025-01-23T20:03:18.586+0000] {logging_mixin.py:120} INFO - [2025-01-23T20:03:18.586+0000] {dag.py:3340} INFO - Setting next_dagrun for example_trigger_target_dag to None, run_after=None
[2025-01-23T20:03:18.618+0000] {processor.py:176} INFO - Processing /home/airflow/.local/lib/python3.7/site-packages/airflow/example_dags/example_trigger_target_dag.py took 0.186 seconds
[2025-01-23T20:03:49.419+0000] {processor.py:154} INFO - Started process (PID=46759) to work on /home/airflow/.local/lib/python3.7/site-packages/airflow/example_dags/example_trigger_target_dag.py
[2025-01-23T20:03:49.423+0000] {processor.py:756} INFO - Processing file /home/airflow/.local/lib/python3.7/site-packages/airflow/example_dags/example_trigger_target_dag.py for tasks to queue
[2025-01-23T20:03:49.427+0000] {logging_mixin.py:120} INFO - [2025-01-23T20:03:49.426+0000] {dagbag.py:537} INFO - Filling up the DagBag from /home/airflow/.local/lib/python3.7/site-packages/airflow/example_dags/example_trigger_target_dag.py
[2025-01-23T20:03:49.531+0000] {processor.py:766} INFO - DAG(s) dict_keys(['example_trigger_target_dag']) retrieved from /home/airflow/.local/lib/python3.7/site-packages/airflow/example_dags/example_trigger_target_dag.py
[2025-01-23T20:03:49.709+0000] {logging_mixin.py:120} INFO - [2025-01-23T20:03:49.708+0000] {dag.py:2585} INFO - Sync 1 DAGs
[2025-01-23T20:03:49.836+0000] {logging_mixin.py:120} INFO - [2025-01-23T20:03:49.836+0000] {dag.py:3340} INFO - Setting next_dagrun for example_trigger_target_dag to None, run_after=None
[2025-01-23T20:03:49.895+0000] {processor.py:176} INFO - Processing /home/airflow/.local/lib/python3.7/site-packages/airflow/example_dags/example_trigger_target_dag.py took 0.491 seconds
[2025-01-23T20:04:20.279+0000] {processor.py:154} INFO - Started process (PID=46821) to work on /home/airflow/.local/lib/python3.7/site-packages/airflow/example_dags/example_trigger_target_dag.py
[2025-01-23T20:04:20.283+0000] {processor.py:756} INFO - Processing file /home/airflow/.local/lib/python3.7/site-packages/airflow/example_dags/example_trigger_target_dag.py for tasks to queue
[2025-01-23T20:04:20.286+0000] {logging_mixin.py:120} INFO - [2025-01-23T20:04:20.286+0000] {dagbag.py:537} INFO - Filling up the DagBag from /home/airflow/.local/lib/python3.7/site-packages/airflow/example_dags/example_trigger_target_dag.py
[2025-01-23T20:04:20.352+0000] {processor.py:766} INFO - DAG(s) dict_keys(['example_trigger_target_dag']) retrieved from /home/airflow/.local/lib/python3.7/site-packages/airflow/example_dags/example_trigger_target_dag.py
[2025-01-23T20:04:20.418+0000] {logging_mixin.py:120} INFO - [2025-01-23T20:04:20.417+0000] {dag.py:2585} INFO - Sync 1 DAGs
[2025-01-23T20:04:20.467+0000] {logging_mixin.py:120} INFO - [2025-01-23T20:04:20.467+0000] {dag.py:3340} INFO - Setting next_dagrun for example_trigger_target_dag to None, run_after=None
[2025-01-23T20:04:20.499+0000] {processor.py:176} INFO - Processing /home/airflow/.local/lib/python3.7/site-packages/airflow/example_dags/example_trigger_target_dag.py took 0.234 seconds
[2025-01-23T20:04:50.858+0000] {processor.py:154} INFO - Started process (PID=46875) to work on /home/airflow/.local/lib/python3.7/site-packages/airflow/example_dags/example_trigger_target_dag.py
[2025-01-23T20:04:50.860+0000] {processor.py:756} INFO - Processing file /home/airflow/.local/lib/python3.7/site-packages/airflow/example_dags/example_trigger_target_dag.py for tasks to queue
[2025-01-23T20:04:50.862+0000] {logging_mixin.py:120} INFO - [2025-01-23T20:04:50.862+0000] {dagbag.py:537} INFO - Filling up the DagBag from /home/airflow/.local/lib/python3.7/site-packages/airflow/example_dags/example_trigger_target_dag.py
[2025-01-23T20:04:50.912+0000] {processor.py:766} INFO - DAG(s) dict_keys(['example_trigger_target_dag']) retrieved from /home/airflow/.local/lib/python3.7/site-packages/airflow/example_dags/example_trigger_target_dag.py
[2025-01-23T20:04:51.007+0000] {logging_mixin.py:120} INFO - [2025-01-23T20:04:51.006+0000] {dag.py:2585} INFO - Sync 1 DAGs
[2025-01-23T20:04:51.067+0000] {logging_mixin.py:120} INFO - [2025-01-23T20:04:51.066+0000] {dag.py:3340} INFO - Setting next_dagrun for example_trigger_target_dag to None, run_after=None
[2025-01-23T20:04:51.114+0000] {processor.py:176} INFO - Processing /home/airflow/.local/lib/python3.7/site-packages/airflow/example_dags/example_trigger_target_dag.py took 0.263 seconds
[2025-01-23T20:05:21.227+0000] {processor.py:154} INFO - Started process (PID=46938) to work on /home/airflow/.local/lib/python3.7/site-packages/airflow/example_dags/example_trigger_target_dag.py
[2025-01-23T20:05:21.228+0000] {processor.py:756} INFO - Processing file /home/airflow/.local/lib/python3.7/site-packages/airflow/example_dags/example_trigger_target_dag.py for tasks to queue
[2025-01-23T20:05:21.230+0000] {logging_mixin.py:120} INFO - [2025-01-23T20:05:21.229+0000] {dagbag.py:537} INFO - Filling up the DagBag from /home/airflow/.local/lib/python3.7/site-packages/airflow/example_dags/example_trigger_target_dag.py
[2025-01-23T20:05:21.277+0000] {processor.py:766} INFO - DAG(s) dict_keys(['example_trigger_target_dag']) retrieved from /home/airflow/.local/lib/python3.7/site-packages/airflow/example_dags/example_trigger_target_dag.py
[2025-01-23T20:05:21.359+0000] {logging_mixin.py:120} INFO - [2025-01-23T20:05:21.358+0000] {dag.py:2585} INFO - Sync 1 DAGs
[2025-01-23T20:05:21.410+0000] {logging_mixin.py:120} INFO - [2025-01-23T20:05:21.410+0000] {dag.py:3340} INFO - Setting next_dagrun for example_trigger_target_dag to None, run_after=None
[2025-01-23T20:05:21.449+0000] {processor.py:176} INFO - Processing /home/airflow/.local/lib/python3.7/site-packages/airflow/example_dags/example_trigger_target_dag.py took 0.229 seconds
[2025-01-23T20:05:51.961+0000] {processor.py:154} INFO - Started process (PID=46992) to work on /home/airflow/.local/lib/python3.7/site-packages/airflow/example_dags/example_trigger_target_dag.py
[2025-01-23T20:05:51.965+0000] {processor.py:756} INFO - Processing file /home/airflow/.local/lib/python3.7/site-packages/airflow/example_dags/example_trigger_target_dag.py for tasks to queue
[2025-01-23T20:05:51.968+0000] {logging_mixin.py:120} INFO - [2025-01-23T20:05:51.968+0000] {dagbag.py:537} INFO - Filling up the DagBag from /home/airflow/.local/lib/python3.7/site-packages/airflow/example_dags/example_trigger_target_dag.py
[2025-01-23T20:05:52.049+0000] {processor.py:766} INFO - DAG(s) dict_keys(['example_trigger_target_dag']) retrieved from /home/airflow/.local/lib/python3.7/site-packages/airflow/example_dags/example_trigger_target_dag.py
[2025-01-23T20:05:52.120+0000] {logging_mixin.py:120} INFO - [2025-01-23T20:05:52.120+0000] {dag.py:2585} INFO - Sync 1 DAGs
[2025-01-23T20:05:52.158+0000] {logging_mixin.py:120} INFO - [2025-01-23T20:05:52.158+0000] {dag.py:3340} INFO - Setting next_dagrun for example_trigger_target_dag to None, run_after=None
[2025-01-23T20:05:52.189+0000] {processor.py:176} INFO - Processing /home/airflow/.local/lib/python3.7/site-packages/airflow/example_dags/example_trigger_target_dag.py took 0.242 seconds
[2025-01-23T20:06:23.072+0000] {processor.py:154} INFO - Started process (PID=47055) to work on /home/airflow/.local/lib/python3.7/site-packages/airflow/example_dags/example_trigger_target_dag.py
[2025-01-23T20:06:23.074+0000] {processor.py:756} INFO - Processing file /home/airflow/.local/lib/python3.7/site-packages/airflow/example_dags/example_trigger_target_dag.py for tasks to queue
[2025-01-23T20:06:23.077+0000] {logging_mixin.py:120} INFO - [2025-01-23T20:06:23.076+0000] {dagbag.py:537} INFO - Filling up the DagBag from /home/airflow/.local/lib/python3.7/site-packages/airflow/example_dags/example_trigger_target_dag.py
[2025-01-23T20:06:23.144+0000] {processor.py:766} INFO - DAG(s) dict_keys(['example_trigger_target_dag']) retrieved from /home/airflow/.local/lib/python3.7/site-packages/airflow/example_dags/example_trigger_target_dag.py
[2025-01-23T20:06:23.262+0000] {logging_mixin.py:120} INFO - [2025-01-23T20:06:23.261+0000] {dag.py:2585} INFO - Sync 1 DAGs
[2025-01-23T20:06:23.325+0000] {logging_mixin.py:120} INFO - [2025-01-23T20:06:23.324+0000] {dag.py:3340} INFO - Setting next_dagrun for example_trigger_target_dag to None, run_after=None
[2025-01-23T20:06:23.390+0000] {processor.py:176} INFO - Processing /home/airflow/.local/lib/python3.7/site-packages/airflow/example_dags/example_trigger_target_dag.py took 0.324 seconds
[2025-01-23T20:06:54.075+0000] {processor.py:154} INFO - Started process (PID=47109) to work on /home/airflow/.local/lib/python3.7/site-packages/airflow/example_dags/example_trigger_target_dag.py
[2025-01-23T20:06:54.077+0000] {processor.py:756} INFO - Processing file /home/airflow/.local/lib/python3.7/site-packages/airflow/example_dags/example_trigger_target_dag.py for tasks to queue
[2025-01-23T20:06:54.079+0000] {logging_mixin.py:120} INFO - [2025-01-23T20:06:54.079+0000] {dagbag.py:537} INFO - Filling up the DagBag from /home/airflow/.local/lib/python3.7/site-packages/airflow/example_dags/example_trigger_target_dag.py
[2025-01-23T20:06:54.125+0000] {processor.py:766} INFO - DAG(s) dict_keys(['example_trigger_target_dag']) retrieved from /home/airflow/.local/lib/python3.7/site-packages/airflow/example_dags/example_trigger_target_dag.py
[2025-01-23T20:06:54.196+0000] {logging_mixin.py:120} INFO - [2025-01-23T20:06:54.196+0000] {dag.py:2585} INFO - Sync 1 DAGs
[2025-01-23T20:06:54.237+0000] {logging_mixin.py:120} INFO - [2025-01-23T20:06:54.237+0000] {dag.py:3340} INFO - Setting next_dagrun for example_trigger_target_dag to None, run_after=None
[2025-01-23T20:06:54.269+0000] {processor.py:176} INFO - Processing /home/airflow/.local/lib/python3.7/site-packages/airflow/example_dags/example_trigger_target_dag.py took 0.201 seconds
[2025-01-23T20:07:25.087+0000] {processor.py:154} INFO - Started process (PID=47172) to work on /home/airflow/.local/lib/python3.7/site-packages/airflow/example_dags/example_trigger_target_dag.py
[2025-01-23T20:07:25.089+0000] {processor.py:756} INFO - Processing file /home/airflow/.local/lib/python3.7/site-packages/airflow/example_dags/example_trigger_target_dag.py for tasks to queue
[2025-01-23T20:07:25.093+0000] {logging_mixin.py:120} INFO - [2025-01-23T20:07:25.093+0000] {dagbag.py:537} INFO - Filling up the DagBag from /home/airflow/.local/lib/python3.7/site-packages/airflow/example_dags/example_trigger_target_dag.py
[2025-01-23T20:07:25.136+0000] {processor.py:766} INFO - DAG(s) dict_keys(['example_trigger_target_dag']) retrieved from /home/airflow/.local/lib/python3.7/site-packages/airflow/example_dags/example_trigger_target_dag.py
[2025-01-23T20:07:25.221+0000] {logging_mixin.py:120} INFO - [2025-01-23T20:07:25.221+0000] {dag.py:2585} INFO - Sync 1 DAGs
[2025-01-23T20:07:25.287+0000] {logging_mixin.py:120} INFO - [2025-01-23T20:07:25.286+0000] {dag.py:3340} INFO - Setting next_dagrun for example_trigger_target_dag to None, run_after=None
[2025-01-23T20:07:25.334+0000] {processor.py:176} INFO - Processing /home/airflow/.local/lib/python3.7/site-packages/airflow/example_dags/example_trigger_target_dag.py took 0.254 seconds
[2025-01-23T20:07:55.888+0000] {processor.py:154} INFO - Started process (PID=47225) to work on /home/airflow/.local/lib/python3.7/site-packages/airflow/example_dags/example_trigger_target_dag.py
[2025-01-23T20:07:55.893+0000] {processor.py:756} INFO - Processing file /home/airflow/.local/lib/python3.7/site-packages/airflow/example_dags/example_trigger_target_dag.py for tasks to queue
[2025-01-23T20:07:55.898+0000] {logging_mixin.py:120} INFO - [2025-01-23T20:07:55.897+0000] {dagbag.py:537} INFO - Filling up the DagBag from /home/airflow/.local/lib/python3.7/site-packages/airflow/example_dags/example_trigger_target_dag.py
[2025-01-23T20:07:55.986+0000] {processor.py:766} INFO - DAG(s) dict_keys(['example_trigger_target_dag']) retrieved from /home/airflow/.local/lib/python3.7/site-packages/airflow/example_dags/example_trigger_target_dag.py
[2025-01-23T20:07:56.054+0000] {logging_mixin.py:120} INFO - [2025-01-23T20:07:56.054+0000] {dag.py:2585} INFO - Sync 1 DAGs
[2025-01-23T20:07:56.097+0000] {logging_mixin.py:120} INFO - [2025-01-23T20:07:56.097+0000] {dag.py:3340} INFO - Setting next_dagrun for example_trigger_target_dag to None, run_after=None
[2025-01-23T20:07:56.129+0000] {processor.py:176} INFO - Processing /home/airflow/.local/lib/python3.7/site-packages/airflow/example_dags/example_trigger_target_dag.py took 0.258 seconds
[2025-01-23T20:08:26.886+0000] {processor.py:154} INFO - Started process (PID=47279) to work on /home/airflow/.local/lib/python3.7/site-packages/airflow/example_dags/example_trigger_target_dag.py
[2025-01-23T20:08:26.890+0000] {processor.py:756} INFO - Processing file /home/airflow/.local/lib/python3.7/site-packages/airflow/example_dags/example_trigger_target_dag.py for tasks to queue
[2025-01-23T20:08:26.894+0000] {logging_mixin.py:120} INFO - [2025-01-23T20:08:26.893+0000] {dagbag.py:537} INFO - Filling up the DagBag from /home/airflow/.local/lib/python3.7/site-packages/airflow/example_dags/example_trigger_target_dag.py
[2025-01-23T20:08:26.991+0000] {processor.py:766} INFO - DAG(s) dict_keys(['example_trigger_target_dag']) retrieved from /home/airflow/.local/lib/python3.7/site-packages/airflow/example_dags/example_trigger_target_dag.py
[2025-01-23T20:08:27.100+0000] {logging_mixin.py:120} INFO - [2025-01-23T20:08:27.100+0000] {dag.py:2585} INFO - Sync 1 DAGs
[2025-01-23T20:08:27.149+0000] {logging_mixin.py:120} INFO - [2025-01-23T20:08:27.149+0000] {dag.py:3340} INFO - Setting next_dagrun for example_trigger_target_dag to None, run_after=None
[2025-01-23T20:08:27.197+0000] {processor.py:176} INFO - Processing /home/airflow/.local/lib/python3.7/site-packages/airflow/example_dags/example_trigger_target_dag.py took 0.324 seconds
[2025-01-23T20:08:57.464+0000] {processor.py:154} INFO - Started process (PID=47342) to work on /home/airflow/.local/lib/python3.7/site-packages/airflow/example_dags/example_trigger_target_dag.py
[2025-01-23T20:08:57.465+0000] {processor.py:756} INFO - Processing file /home/airflow/.local/lib/python3.7/site-packages/airflow/example_dags/example_trigger_target_dag.py for tasks to queue
[2025-01-23T20:08:57.467+0000] {logging_mixin.py:120} INFO - [2025-01-23T20:08:57.467+0000] {dagbag.py:537} INFO - Filling up the DagBag from /home/airflow/.local/lib/python3.7/site-packages/airflow/example_dags/example_trigger_target_dag.py
[2025-01-23T20:08:57.505+0000] {processor.py:766} INFO - DAG(s) dict_keys(['example_trigger_target_dag']) retrieved from /home/airflow/.local/lib/python3.7/site-packages/airflow/example_dags/example_trigger_target_dag.py
[2025-01-23T20:08:57.576+0000] {logging_mixin.py:120} INFO - [2025-01-23T20:08:57.576+0000] {dag.py:2585} INFO - Sync 1 DAGs
[2025-01-23T20:08:57.621+0000] {logging_mixin.py:120} INFO - [2025-01-23T20:08:57.621+0000] {dag.py:3340} INFO - Setting next_dagrun for example_trigger_target_dag to None, run_after=None
[2025-01-23T20:08:57.655+0000] {processor.py:176} INFO - Processing /home/airflow/.local/lib/python3.7/site-packages/airflow/example_dags/example_trigger_target_dag.py took 0.197 seconds
[2025-01-23T20:09:28.081+0000] {processor.py:154} INFO - Started process (PID=47396) to work on /home/airflow/.local/lib/python3.7/site-packages/airflow/example_dags/example_trigger_target_dag.py
[2025-01-23T20:09:28.086+0000] {processor.py:756} INFO - Processing file /home/airflow/.local/lib/python3.7/site-packages/airflow/example_dags/example_trigger_target_dag.py for tasks to queue
[2025-01-23T20:09:28.091+0000] {logging_mixin.py:120} INFO - [2025-01-23T20:09:28.091+0000] {dagbag.py:537} INFO - Filling up the DagBag from /home/airflow/.local/lib/python3.7/site-packages/airflow/example_dags/example_trigger_target_dag.py
[2025-01-23T20:09:28.193+0000] {processor.py:766} INFO - DAG(s) dict_keys(['example_trigger_target_dag']) retrieved from /home/airflow/.local/lib/python3.7/site-packages/airflow/example_dags/example_trigger_target_dag.py
[2025-01-23T20:09:28.384+0000] {logging_mixin.py:120} INFO - [2025-01-23T20:09:28.383+0000] {dag.py:2585} INFO - Sync 1 DAGs
[2025-01-23T20:09:28.500+0000] {logging_mixin.py:120} INFO - [2025-01-23T20:09:28.499+0000] {dag.py:3340} INFO - Setting next_dagrun for example_trigger_target_dag to None, run_after=None
[2025-01-23T20:09:28.590+0000] {processor.py:176} INFO - Processing /home/airflow/.local/lib/python3.7/site-packages/airflow/example_dags/example_trigger_target_dag.py took 0.526 seconds
[2025-01-23T20:09:58.867+0000] {processor.py:154} INFO - Started process (PID=47459) to work on /home/airflow/.local/lib/python3.7/site-packages/airflow/example_dags/example_trigger_target_dag.py
[2025-01-23T20:09:58.871+0000] {processor.py:756} INFO - Processing file /home/airflow/.local/lib/python3.7/site-packages/airflow/example_dags/example_trigger_target_dag.py for tasks to queue
[2025-01-23T20:09:58.875+0000] {logging_mixin.py:120} INFO - [2025-01-23T20:09:58.874+0000] {dagbag.py:537} INFO - Filling up the DagBag from /home/airflow/.local/lib/python3.7/site-packages/airflow/example_dags/example_trigger_target_dag.py
[2025-01-23T20:09:58.944+0000] {processor.py:766} INFO - DAG(s) dict_keys(['example_trigger_target_dag']) retrieved from /home/airflow/.local/lib/python3.7/site-packages/airflow/example_dags/example_trigger_target_dag.py
[2025-01-23T20:09:59.020+0000] {logging_mixin.py:120} INFO - [2025-01-23T20:09:59.020+0000] {dag.py:2585} INFO - Sync 1 DAGs
[2025-01-23T20:09:59.062+0000] {logging_mixin.py:120} INFO - [2025-01-23T20:09:59.062+0000] {dag.py:3340} INFO - Setting next_dagrun for example_trigger_target_dag to None, run_after=None
[2025-01-23T20:09:59.098+0000] {processor.py:176} INFO - Processing /home/airflow/.local/lib/python3.7/site-packages/airflow/example_dags/example_trigger_target_dag.py took 0.252 seconds
[2025-01-23T20:10:29.735+0000] {processor.py:154} INFO - Started process (PID=47513) to work on /home/airflow/.local/lib/python3.7/site-packages/airflow/example_dags/example_trigger_target_dag.py
[2025-01-23T20:10:29.739+0000] {processor.py:756} INFO - Processing file /home/airflow/.local/lib/python3.7/site-packages/airflow/example_dags/example_trigger_target_dag.py for tasks to queue
[2025-01-23T20:10:29.743+0000] {logging_mixin.py:120} INFO - [2025-01-23T20:10:29.742+0000] {dagbag.py:537} INFO - Filling up the DagBag from /home/airflow/.local/lib/python3.7/site-packages/airflow/example_dags/example_trigger_target_dag.py
[2025-01-23T20:10:29.883+0000] {processor.py:766} INFO - DAG(s) dict_keys(['example_trigger_target_dag']) retrieved from /home/airflow/.local/lib/python3.7/site-packages/airflow/example_dags/example_trigger_target_dag.py
[2025-01-23T20:10:30.062+0000] {logging_mixin.py:120} INFO - [2025-01-23T20:10:30.061+0000] {dag.py:2585} INFO - Sync 1 DAGs
[2025-01-23T20:10:30.177+0000] {logging_mixin.py:120} INFO - [2025-01-23T20:10:30.177+0000] {dag.py:3340} INFO - Setting next_dagrun for example_trigger_target_dag to None, run_after=None
[2025-01-23T20:10:30.259+0000] {processor.py:176} INFO - Processing /home/airflow/.local/lib/python3.7/site-packages/airflow/example_dags/example_trigger_target_dag.py took 0.538 seconds
[2025-01-23T20:11:00.600+0000] {processor.py:154} INFO - Started process (PID=47576) to work on /home/airflow/.local/lib/python3.7/site-packages/airflow/example_dags/example_trigger_target_dag.py
[2025-01-23T20:11:00.604+0000] {processor.py:756} INFO - Processing file /home/airflow/.local/lib/python3.7/site-packages/airflow/example_dags/example_trigger_target_dag.py for tasks to queue
[2025-01-23T20:11:00.608+0000] {logging_mixin.py:120} INFO - [2025-01-23T20:11:00.608+0000] {dagbag.py:537} INFO - Filling up the DagBag from /home/airflow/.local/lib/python3.7/site-packages/airflow/example_dags/example_trigger_target_dag.py
[2025-01-23T20:11:00.707+0000] {processor.py:766} INFO - DAG(s) dict_keys(['example_trigger_target_dag']) retrieved from /home/airflow/.local/lib/python3.7/site-packages/airflow/example_dags/example_trigger_target_dag.py
[2025-01-23T20:11:00.897+0000] {logging_mixin.py:120} INFO - [2025-01-23T20:11:00.896+0000] {dag.py:2585} INFO - Sync 1 DAGs
[2025-01-23T20:11:01.055+0000] {logging_mixin.py:120} INFO - [2025-01-23T20:11:01.054+0000] {dag.py:3340} INFO - Setting next_dagrun for example_trigger_target_dag to None, run_after=None
[2025-01-23T20:11:01.166+0000] {processor.py:176} INFO - Processing /home/airflow/.local/lib/python3.7/site-packages/airflow/example_dags/example_trigger_target_dag.py took 0.579 seconds
[2025-01-23T20:11:31.313+0000] {processor.py:154} INFO - Started process (PID=47629) to work on /home/airflow/.local/lib/python3.7/site-packages/airflow/example_dags/example_trigger_target_dag.py
[2025-01-23T20:11:31.317+0000] {processor.py:756} INFO - Processing file /home/airflow/.local/lib/python3.7/site-packages/airflow/example_dags/example_trigger_target_dag.py for tasks to queue
[2025-01-23T20:11:31.321+0000] {logging_mixin.py:120} INFO - [2025-01-23T20:11:31.321+0000] {dagbag.py:537} INFO - Filling up the DagBag from /home/airflow/.local/lib/python3.7/site-packages/airflow/example_dags/example_trigger_target_dag.py
[2025-01-23T20:11:31.414+0000] {processor.py:766} INFO - DAG(s) dict_keys(['example_trigger_target_dag']) retrieved from /home/airflow/.local/lib/python3.7/site-packages/airflow/example_dags/example_trigger_target_dag.py
[2025-01-23T20:11:31.535+0000] {logging_mixin.py:120} INFO - [2025-01-23T20:11:31.535+0000] {dag.py:2585} INFO - Sync 1 DAGs
[2025-01-23T20:11:31.602+0000] {logging_mixin.py:120} INFO - [2025-01-23T20:11:31.602+0000] {dag.py:3340} INFO - Setting next_dagrun for example_trigger_target_dag to None, run_after=None
[2025-01-23T20:11:31.643+0000] {processor.py:176} INFO - Processing /home/airflow/.local/lib/python3.7/site-packages/airflow/example_dags/example_trigger_target_dag.py took 0.343 seconds
[2025-01-23T20:12:01.715+0000] {processor.py:154} INFO - Started process (PID=47691) to work on /home/airflow/.local/lib/python3.7/site-packages/airflow/example_dags/example_trigger_target_dag.py
[2025-01-23T20:12:01.717+0000] {processor.py:756} INFO - Processing file /home/airflow/.local/lib/python3.7/site-packages/airflow/example_dags/example_trigger_target_dag.py for tasks to queue
[2025-01-23T20:12:01.719+0000] {logging_mixin.py:120} INFO - [2025-01-23T20:12:01.718+0000] {dagbag.py:537} INFO - Filling up the DagBag from /home/airflow/.local/lib/python3.7/site-packages/airflow/example_dags/example_trigger_target_dag.py
[2025-01-23T20:12:01.807+0000] {processor.py:766} INFO - DAG(s) dict_keys(['example_trigger_target_dag']) retrieved from /home/airflow/.local/lib/python3.7/site-packages/airflow/example_dags/example_trigger_target_dag.py
[2025-01-23T20:12:01.925+0000] {logging_mixin.py:120} INFO - [2025-01-23T20:12:01.923+0000] {dag.py:2585} INFO - Sync 1 DAGs
[2025-01-23T20:12:02.008+0000] {logging_mixin.py:120} INFO - [2025-01-23T20:12:02.008+0000] {dag.py:3340} INFO - Setting next_dagrun for example_trigger_target_dag to None, run_after=None
[2025-01-23T20:12:02.062+0000] {processor.py:176} INFO - Processing /home/airflow/.local/lib/python3.7/site-packages/airflow/example_dags/example_trigger_target_dag.py took 0.354 seconds
[2025-01-23T20:12:32.955+0000] {processor.py:154} INFO - Started process (PID=47747) to work on /home/airflow/.local/lib/python3.7/site-packages/airflow/example_dags/example_trigger_target_dag.py
[2025-01-23T20:12:32.957+0000] {processor.py:756} INFO - Processing file /home/airflow/.local/lib/python3.7/site-packages/airflow/example_dags/example_trigger_target_dag.py for tasks to queue
[2025-01-23T20:12:32.958+0000] {logging_mixin.py:120} INFO - [2025-01-23T20:12:32.958+0000] {dagbag.py:537} INFO - Filling up the DagBag from /home/airflow/.local/lib/python3.7/site-packages/airflow/example_dags/example_trigger_target_dag.py
[2025-01-23T20:12:33.001+0000] {processor.py:766} INFO - DAG(s) dict_keys(['example_trigger_target_dag']) retrieved from /home/airflow/.local/lib/python3.7/site-packages/airflow/example_dags/example_trigger_target_dag.py
[2025-01-23T20:12:33.076+0000] {logging_mixin.py:120} INFO - [2025-01-23T20:12:33.076+0000] {dag.py:2585} INFO - Sync 1 DAGs
[2025-01-23T20:12:33.121+0000] {logging_mixin.py:120} INFO - [2025-01-23T20:12:33.121+0000] {dag.py:3340} INFO - Setting next_dagrun for example_trigger_target_dag to None, run_after=None
[2025-01-23T20:12:33.157+0000] {processor.py:176} INFO - Processing /home/airflow/.local/lib/python3.7/site-packages/airflow/example_dags/example_trigger_target_dag.py took 0.207 seconds
