[2025-01-23T19:50:43.319+0000] {processor.py:154} INFO - Started process (PID=45323) to work on /home/airflow/.local/lib/python3.7/site-packages/airflow/example_dags/example_time_delta_sensor_async.py
[2025-01-23T19:50:43.321+0000] {processor.py:756} INFO - Processing file /home/airflow/.local/lib/python3.7/site-packages/airflow/example_dags/example_time_delta_sensor_async.py for tasks to queue
[2025-01-23T19:50:43.323+0000] {logging_mixin.py:120} INFO - [2025-01-23T19:50:43.323+0000] {dagbag.py:537} INFO - Filling up the DagBag from /home/airflow/.local/lib/python3.7/site-packages/airflow/example_dags/example_time_delta_sensor_async.py
[2025-01-23T19:50:43.421+0000] {processor.py:766} INFO - DAG(s) dict_keys(['example_time_delta_sensor_async']) retrieved from /home/airflow/.local/lib/python3.7/site-packages/airflow/example_dags/example_time_delta_sensor_async.py
[2025-01-23T19:50:44.516+0000] {logging_mixin.py:120} INFO - [2025-01-23T19:50:44.516+0000] {dag.py:2585} INFO - Sync 1 DAGs
[2025-01-23T19:50:44.644+0000] {logging_mixin.py:120} INFO - [2025-01-23T19:50:44.644+0000] {dag.py:3340} INFO - Setting next_dagrun for example_time_delta_sensor_async to None, run_after=None
[2025-01-23T19:50:44.726+0000] {processor.py:176} INFO - Processing /home/airflow/.local/lib/python3.7/site-packages/airflow/example_dags/example_time_delta_sensor_async.py took 1.425 seconds
[2025-01-23T19:51:17.221+0000] {processor.py:154} INFO - Started process (PID=45378) to work on /home/airflow/.local/lib/python3.7/site-packages/airflow/example_dags/example_time_delta_sensor_async.py
[2025-01-23T19:51:17.223+0000] {processor.py:756} INFO - Processing file /home/airflow/.local/lib/python3.7/site-packages/airflow/example_dags/example_time_delta_sensor_async.py for tasks to queue
[2025-01-23T19:51:17.233+0000] {logging_mixin.py:120} INFO - [2025-01-23T19:51:17.233+0000] {dagbag.py:537} INFO - Filling up the DagBag from /home/airflow/.local/lib/python3.7/site-packages/airflow/example_dags/example_time_delta_sensor_async.py
[2025-01-23T19:51:17.332+0000] {processor.py:766} INFO - DAG(s) dict_keys(['example_time_delta_sensor_async']) retrieved from /home/airflow/.local/lib/python3.7/site-packages/airflow/example_dags/example_time_delta_sensor_async.py
[2025-01-23T19:51:18.811+0000] {logging_mixin.py:120} INFO - [2025-01-23T19:51:18.811+0000] {dag.py:2585} INFO - Sync 1 DAGs
[2025-01-23T19:51:18.968+0000] {logging_mixin.py:120} INFO - [2025-01-23T19:51:18.967+0000] {dag.py:3340} INFO - Setting next_dagrun for example_time_delta_sensor_async to None, run_after=None
[2025-01-23T19:51:19.119+0000] {processor.py:176} INFO - Processing /home/airflow/.local/lib/python3.7/site-packages/airflow/example_dags/example_time_delta_sensor_async.py took 1.912 seconds
[2025-01-23T19:51:50.382+0000] {processor.py:154} INFO - Started process (PID=45434) to work on /home/airflow/.local/lib/python3.7/site-packages/airflow/example_dags/example_time_delta_sensor_async.py
[2025-01-23T19:51:50.384+0000] {processor.py:756} INFO - Processing file /home/airflow/.local/lib/python3.7/site-packages/airflow/example_dags/example_time_delta_sensor_async.py for tasks to queue
[2025-01-23T19:51:50.386+0000] {logging_mixin.py:120} INFO - [2025-01-23T19:51:50.386+0000] {dagbag.py:537} INFO - Filling up the DagBag from /home/airflow/.local/lib/python3.7/site-packages/airflow/example_dags/example_time_delta_sensor_async.py
[2025-01-23T19:51:50.545+0000] {processor.py:766} INFO - DAG(s) dict_keys(['example_time_delta_sensor_async']) retrieved from /home/airflow/.local/lib/python3.7/site-packages/airflow/example_dags/example_time_delta_sensor_async.py
[2025-01-23T19:51:52.644+0000] {logging_mixin.py:120} INFO - [2025-01-23T19:51:52.634+0000] {dag.py:2585} INFO - Sync 1 DAGs
[2025-01-23T19:51:52.825+0000] {logging_mixin.py:120} INFO - [2025-01-23T19:51:52.825+0000] {dag.py:3340} INFO - Setting next_dagrun for example_time_delta_sensor_async to None, run_after=None
[2025-01-23T19:51:52.958+0000] {processor.py:176} INFO - Processing /home/airflow/.local/lib/python3.7/site-packages/airflow/example_dags/example_time_delta_sensor_async.py took 2.596 seconds
[2025-01-23T19:52:23.342+0000] {processor.py:154} INFO - Started process (PID=45489) to work on /home/airflow/.local/lib/python3.7/site-packages/airflow/example_dags/example_time_delta_sensor_async.py
[2025-01-23T19:52:23.344+0000] {processor.py:756} INFO - Processing file /home/airflow/.local/lib/python3.7/site-packages/airflow/example_dags/example_time_delta_sensor_async.py for tasks to queue
[2025-01-23T19:52:23.346+0000] {logging_mixin.py:120} INFO - [2025-01-23T19:52:23.346+0000] {dagbag.py:537} INFO - Filling up the DagBag from /home/airflow/.local/lib/python3.7/site-packages/airflow/example_dags/example_time_delta_sensor_async.py
[2025-01-23T19:52:23.413+0000] {processor.py:766} INFO - DAG(s) dict_keys(['example_time_delta_sensor_async']) retrieved from /home/airflow/.local/lib/python3.7/site-packages/airflow/example_dags/example_time_delta_sensor_async.py
[2025-01-23T19:52:24.408+0000] {logging_mixin.py:120} INFO - [2025-01-23T19:52:24.408+0000] {dag.py:2585} INFO - Sync 1 DAGs
[2025-01-23T19:52:24.571+0000] {logging_mixin.py:120} INFO - [2025-01-23T19:52:24.561+0000] {dag.py:3340} INFO - Setting next_dagrun for example_time_delta_sensor_async to None, run_after=None
[2025-01-23T19:52:24.689+0000] {processor.py:176} INFO - Processing /home/airflow/.local/lib/python3.7/site-packages/airflow/example_dags/example_time_delta_sensor_async.py took 1.356 seconds
[2025-01-23T19:52:55.460+0000] {processor.py:154} INFO - Started process (PID=45544) to work on /home/airflow/.local/lib/python3.7/site-packages/airflow/example_dags/example_time_delta_sensor_async.py
[2025-01-23T19:52:55.462+0000] {processor.py:756} INFO - Processing file /home/airflow/.local/lib/python3.7/site-packages/airflow/example_dags/example_time_delta_sensor_async.py for tasks to queue
[2025-01-23T19:52:55.464+0000] {logging_mixin.py:120} INFO - [2025-01-23T19:52:55.463+0000] {dagbag.py:537} INFO - Filling up the DagBag from /home/airflow/.local/lib/python3.7/site-packages/airflow/example_dags/example_time_delta_sensor_async.py
[2025-01-23T19:52:55.500+0000] {processor.py:766} INFO - DAG(s) dict_keys(['example_time_delta_sensor_async']) retrieved from /home/airflow/.local/lib/python3.7/site-packages/airflow/example_dags/example_time_delta_sensor_async.py
[2025-01-23T19:52:56.067+0000] {logging_mixin.py:120} INFO - [2025-01-23T19:52:56.067+0000] {dag.py:2585} INFO - Sync 1 DAGs
[2025-01-23T19:52:56.125+0000] {logging_mixin.py:120} INFO - [2025-01-23T19:52:56.124+0000] {dag.py:3340} INFO - Setting next_dagrun for example_time_delta_sensor_async to None, run_after=None
[2025-01-23T19:52:56.162+0000] {processor.py:176} INFO - Processing /home/airflow/.local/lib/python3.7/site-packages/airflow/example_dags/example_time_delta_sensor_async.py took 0.707 seconds
[2025-01-23T19:53:26.294+0000] {processor.py:154} INFO - Started process (PID=45598) to work on /home/airflow/.local/lib/python3.7/site-packages/airflow/example_dags/example_time_delta_sensor_async.py
[2025-01-23T19:53:26.296+0000] {processor.py:756} INFO - Processing file /home/airflow/.local/lib/python3.7/site-packages/airflow/example_dags/example_time_delta_sensor_async.py for tasks to queue
[2025-01-23T19:53:26.298+0000] {logging_mixin.py:120} INFO - [2025-01-23T19:53:26.298+0000] {dagbag.py:537} INFO - Filling up the DagBag from /home/airflow/.local/lib/python3.7/site-packages/airflow/example_dags/example_time_delta_sensor_async.py
[2025-01-23T19:53:26.337+0000] {processor.py:766} INFO - DAG(s) dict_keys(['example_time_delta_sensor_async']) retrieved from /home/airflow/.local/lib/python3.7/site-packages/airflow/example_dags/example_time_delta_sensor_async.py
[2025-01-23T19:53:26.901+0000] {logging_mixin.py:120} INFO - [2025-01-23T19:53:26.901+0000] {dag.py:2585} INFO - Sync 1 DAGs
[2025-01-23T19:53:26.950+0000] {logging_mixin.py:120} INFO - [2025-01-23T19:53:26.949+0000] {dag.py:3340} INFO - Setting next_dagrun for example_time_delta_sensor_async to None, run_after=None
[2025-01-23T19:53:26.986+0000] {processor.py:176} INFO - Processing /home/airflow/.local/lib/python3.7/site-packages/airflow/example_dags/example_time_delta_sensor_async.py took 0.697 seconds
[2025-01-23T19:53:57.109+0000] {processor.py:154} INFO - Started process (PID=45659) to work on /home/airflow/.local/lib/python3.7/site-packages/airflow/example_dags/example_time_delta_sensor_async.py
[2025-01-23T19:53:57.115+0000] {processor.py:756} INFO - Processing file /home/airflow/.local/lib/python3.7/site-packages/airflow/example_dags/example_time_delta_sensor_async.py for tasks to queue
[2025-01-23T19:53:57.119+0000] {logging_mixin.py:120} INFO - [2025-01-23T19:53:57.119+0000] {dagbag.py:537} INFO - Filling up the DagBag from /home/airflow/.local/lib/python3.7/site-packages/airflow/example_dags/example_time_delta_sensor_async.py
[2025-01-23T19:53:57.154+0000] {processor.py:766} INFO - DAG(s) dict_keys(['example_time_delta_sensor_async']) retrieved from /home/airflow/.local/lib/python3.7/site-packages/airflow/example_dags/example_time_delta_sensor_async.py
[2025-01-23T19:53:57.646+0000] {logging_mixin.py:120} INFO - [2025-01-23T19:53:57.646+0000] {dag.py:2585} INFO - Sync 1 DAGs
[2025-01-23T19:53:57.690+0000] {logging_mixin.py:120} INFO - [2025-01-23T19:53:57.689+0000] {dag.py:3340} INFO - Setting next_dagrun for example_time_delta_sensor_async to None, run_after=None
[2025-01-23T19:53:57.732+0000] {processor.py:176} INFO - Processing /home/airflow/.local/lib/python3.7/site-packages/airflow/example_dags/example_time_delta_sensor_async.py took 0.640 seconds
[2025-01-23T19:54:28.289+0000] {processor.py:154} INFO - Started process (PID=45717) to work on /home/airflow/.local/lib/python3.7/site-packages/airflow/example_dags/example_time_delta_sensor_async.py
[2025-01-23T19:54:28.317+0000] {processor.py:756} INFO - Processing file /home/airflow/.local/lib/python3.7/site-packages/airflow/example_dags/example_time_delta_sensor_async.py for tasks to queue
[2025-01-23T19:54:28.329+0000] {logging_mixin.py:120} INFO - [2025-01-23T19:54:28.329+0000] {dagbag.py:537} INFO - Filling up the DagBag from /home/airflow/.local/lib/python3.7/site-packages/airflow/example_dags/example_time_delta_sensor_async.py
[2025-01-23T19:54:28.437+0000] {processor.py:766} INFO - DAG(s) dict_keys(['example_time_delta_sensor_async']) retrieved from /home/airflow/.local/lib/python3.7/site-packages/airflow/example_dags/example_time_delta_sensor_async.py
[2025-01-23T19:54:29.258+0000] {logging_mixin.py:120} INFO - [2025-01-23T19:54:29.257+0000] {dag.py:2585} INFO - Sync 1 DAGs
[2025-01-23T19:54:29.345+0000] {logging_mixin.py:120} INFO - [2025-01-23T19:54:29.344+0000] {dag.py:3340} INFO - Setting next_dagrun for example_time_delta_sensor_async to None, run_after=None
[2025-01-23T19:54:29.399+0000] {processor.py:176} INFO - Processing /home/airflow/.local/lib/python3.7/site-packages/airflow/example_dags/example_time_delta_sensor_async.py took 1.128 seconds
[2025-01-23T19:54:59.738+0000] {processor.py:154} INFO - Started process (PID=45772) to work on /home/airflow/.local/lib/python3.7/site-packages/airflow/example_dags/example_time_delta_sensor_async.py
[2025-01-23T19:54:59.740+0000] {processor.py:756} INFO - Processing file /home/airflow/.local/lib/python3.7/site-packages/airflow/example_dags/example_time_delta_sensor_async.py for tasks to queue
[2025-01-23T19:54:59.742+0000] {logging_mixin.py:120} INFO - [2025-01-23T19:54:59.742+0000] {dagbag.py:537} INFO - Filling up the DagBag from /home/airflow/.local/lib/python3.7/site-packages/airflow/example_dags/example_time_delta_sensor_async.py
[2025-01-23T19:54:59.771+0000] {processor.py:766} INFO - DAG(s) dict_keys(['example_time_delta_sensor_async']) retrieved from /home/airflow/.local/lib/python3.7/site-packages/airflow/example_dags/example_time_delta_sensor_async.py
[2025-01-23T19:55:00.193+0000] {logging_mixin.py:120} INFO - [2025-01-23T19:55:00.193+0000] {dag.py:2585} INFO - Sync 1 DAGs
[2025-01-23T19:55:00.237+0000] {logging_mixin.py:120} INFO - [2025-01-23T19:55:00.237+0000] {dag.py:3340} INFO - Setting next_dagrun for example_time_delta_sensor_async to None, run_after=None
[2025-01-23T19:55:00.278+0000] {processor.py:176} INFO - Processing /home/airflow/.local/lib/python3.7/site-packages/airflow/example_dags/example_time_delta_sensor_async.py took 0.547 seconds
[2025-01-23T19:55:30.592+0000] {processor.py:154} INFO - Started process (PID=45827) to work on /home/airflow/.local/lib/python3.7/site-packages/airflow/example_dags/example_time_delta_sensor_async.py
[2025-01-23T19:55:30.594+0000] {processor.py:756} INFO - Processing file /home/airflow/.local/lib/python3.7/site-packages/airflow/example_dags/example_time_delta_sensor_async.py for tasks to queue
[2025-01-23T19:55:30.596+0000] {logging_mixin.py:120} INFO - [2025-01-23T19:55:30.596+0000] {dagbag.py:537} INFO - Filling up the DagBag from /home/airflow/.local/lib/python3.7/site-packages/airflow/example_dags/example_time_delta_sensor_async.py
[2025-01-23T19:55:30.628+0000] {processor.py:766} INFO - DAG(s) dict_keys(['example_time_delta_sensor_async']) retrieved from /home/airflow/.local/lib/python3.7/site-packages/airflow/example_dags/example_time_delta_sensor_async.py
[2025-01-23T19:55:31.064+0000] {logging_mixin.py:120} INFO - [2025-01-23T19:55:31.063+0000] {dag.py:2585} INFO - Sync 1 DAGs
[2025-01-23T19:55:31.109+0000] {logging_mixin.py:120} INFO - [2025-01-23T19:55:31.108+0000] {dag.py:3340} INFO - Setting next_dagrun for example_time_delta_sensor_async to None, run_after=None
[2025-01-23T19:55:31.142+0000] {processor.py:176} INFO - Processing /home/airflow/.local/lib/python3.7/site-packages/airflow/example_dags/example_time_delta_sensor_async.py took 0.556 seconds
[2025-01-23T19:56:03.193+0000] {processor.py:154} INFO - Started process (PID=45890) to work on /home/airflow/.local/lib/python3.7/site-packages/airflow/example_dags/example_time_delta_sensor_async.py
[2025-01-23T19:56:03.210+0000] {processor.py:756} INFO - Processing file /home/airflow/.local/lib/python3.7/site-packages/airflow/example_dags/example_time_delta_sensor_async.py for tasks to queue
[2025-01-23T19:56:03.213+0000] {logging_mixin.py:120} INFO - [2025-01-23T19:56:03.213+0000] {dagbag.py:537} INFO - Filling up the DagBag from /home/airflow/.local/lib/python3.7/site-packages/airflow/example_dags/example_time_delta_sensor_async.py
[2025-01-23T19:56:03.312+0000] {processor.py:766} INFO - DAG(s) dict_keys(['example_time_delta_sensor_async']) retrieved from /home/airflow/.local/lib/python3.7/site-packages/airflow/example_dags/example_time_delta_sensor_async.py
[2025-01-23T19:56:04.929+0000] {logging_mixin.py:120} INFO - [2025-01-23T19:56:04.929+0000] {dag.py:2585} INFO - Sync 1 DAGs
[2025-01-23T19:56:05.059+0000] {logging_mixin.py:120} INFO - [2025-01-23T19:56:05.059+0000] {dag.py:3340} INFO - Setting next_dagrun for example_time_delta_sensor_async to None, run_after=None
[2025-01-23T19:56:05.158+0000] {processor.py:176} INFO - Processing /home/airflow/.local/lib/python3.7/site-packages/airflow/example_dags/example_time_delta_sensor_async.py took 1.982 seconds
[2025-01-23T19:56:35.540+0000] {processor.py:154} INFO - Started process (PID=45944) to work on /home/airflow/.local/lib/python3.7/site-packages/airflow/example_dags/example_time_delta_sensor_async.py
[2025-01-23T19:56:35.541+0000] {processor.py:756} INFO - Processing file /home/airflow/.local/lib/python3.7/site-packages/airflow/example_dags/example_time_delta_sensor_async.py for tasks to queue
[2025-01-23T19:56:35.543+0000] {logging_mixin.py:120} INFO - [2025-01-23T19:56:35.543+0000] {dagbag.py:537} INFO - Filling up the DagBag from /home/airflow/.local/lib/python3.7/site-packages/airflow/example_dags/example_time_delta_sensor_async.py
[2025-01-23T19:56:35.566+0000] {processor.py:766} INFO - DAG(s) dict_keys(['example_time_delta_sensor_async']) retrieved from /home/airflow/.local/lib/python3.7/site-packages/airflow/example_dags/example_time_delta_sensor_async.py
[2025-01-23T19:56:36.013+0000] {logging_mixin.py:120} INFO - [2025-01-23T19:56:36.012+0000] {dag.py:2585} INFO - Sync 1 DAGs
[2025-01-23T19:56:36.055+0000] {logging_mixin.py:120} INFO - [2025-01-23T19:56:36.055+0000] {dag.py:3340} INFO - Setting next_dagrun for example_time_delta_sensor_async to None, run_after=None
[2025-01-23T19:56:36.088+0000] {processor.py:176} INFO - Processing /home/airflow/.local/lib/python3.7/site-packages/airflow/example_dags/example_time_delta_sensor_async.py took 0.554 seconds
[2025-01-23T19:57:06.181+0000] {processor.py:154} INFO - Started process (PID=45999) to work on /home/airflow/.local/lib/python3.7/site-packages/airflow/example_dags/example_time_delta_sensor_async.py
[2025-01-23T19:57:06.183+0000] {processor.py:756} INFO - Processing file /home/airflow/.local/lib/python3.7/site-packages/airflow/example_dags/example_time_delta_sensor_async.py for tasks to queue
[2025-01-23T19:57:06.184+0000] {logging_mixin.py:120} INFO - [2025-01-23T19:57:06.184+0000] {dagbag.py:537} INFO - Filling up the DagBag from /home/airflow/.local/lib/python3.7/site-packages/airflow/example_dags/example_time_delta_sensor_async.py
[2025-01-23T19:57:06.206+0000] {processor.py:766} INFO - DAG(s) dict_keys(['example_time_delta_sensor_async']) retrieved from /home/airflow/.local/lib/python3.7/site-packages/airflow/example_dags/example_time_delta_sensor_async.py
[2025-01-23T19:57:06.651+0000] {logging_mixin.py:120} INFO - [2025-01-23T19:57:06.650+0000] {dag.py:2585} INFO - Sync 1 DAGs
[2025-01-23T19:57:06.716+0000] {logging_mixin.py:120} INFO - [2025-01-23T19:57:06.716+0000] {dag.py:3340} INFO - Setting next_dagrun for example_time_delta_sensor_async to None, run_after=None
[2025-01-23T19:57:06.764+0000] {processor.py:176} INFO - Processing /home/airflow/.local/lib/python3.7/site-packages/airflow/example_dags/example_time_delta_sensor_async.py took 0.589 seconds
[2025-01-23T19:57:36.849+0000] {processor.py:154} INFO - Started process (PID=46060) to work on /home/airflow/.local/lib/python3.7/site-packages/airflow/example_dags/example_time_delta_sensor_async.py
[2025-01-23T19:57:36.851+0000] {processor.py:756} INFO - Processing file /home/airflow/.local/lib/python3.7/site-packages/airflow/example_dags/example_time_delta_sensor_async.py for tasks to queue
[2025-01-23T19:57:36.854+0000] {logging_mixin.py:120} INFO - [2025-01-23T19:57:36.853+0000] {dagbag.py:537} INFO - Filling up the DagBag from /home/airflow/.local/lib/python3.7/site-packages/airflow/example_dags/example_time_delta_sensor_async.py
[2025-01-23T19:57:36.904+0000] {processor.py:766} INFO - DAG(s) dict_keys(['example_time_delta_sensor_async']) retrieved from /home/airflow/.local/lib/python3.7/site-packages/airflow/example_dags/example_time_delta_sensor_async.py
[2025-01-23T19:57:37.565+0000] {logging_mixin.py:120} INFO - [2025-01-23T19:57:37.565+0000] {dag.py:2585} INFO - Sync 1 DAGs
[2025-01-23T19:57:37.641+0000] {logging_mixin.py:120} INFO - [2025-01-23T19:57:37.641+0000] {dag.py:3340} INFO - Setting next_dagrun for example_time_delta_sensor_async to None, run_after=None
[2025-01-23T19:57:37.687+0000] {processor.py:176} INFO - Processing /home/airflow/.local/lib/python3.7/site-packages/airflow/example_dags/example_time_delta_sensor_async.py took 0.852 seconds
[2025-01-23T19:58:08.286+0000] {processor.py:154} INFO - Started process (PID=46116) to work on /home/airflow/.local/lib/python3.7/site-packages/airflow/example_dags/example_time_delta_sensor_async.py
[2025-01-23T19:58:08.289+0000] {processor.py:756} INFO - Processing file /home/airflow/.local/lib/python3.7/site-packages/airflow/example_dags/example_time_delta_sensor_async.py for tasks to queue
[2025-01-23T19:58:08.291+0000] {logging_mixin.py:120} INFO - [2025-01-23T19:58:08.290+0000] {dagbag.py:537} INFO - Filling up the DagBag from /home/airflow/.local/lib/python3.7/site-packages/airflow/example_dags/example_time_delta_sensor_async.py
[2025-01-23T19:58:08.331+0000] {processor.py:766} INFO - DAG(s) dict_keys(['example_time_delta_sensor_async']) retrieved from /home/airflow/.local/lib/python3.7/site-packages/airflow/example_dags/example_time_delta_sensor_async.py
[2025-01-23T19:58:08.871+0000] {logging_mixin.py:120} INFO - [2025-01-23T19:58:08.871+0000] {dag.py:2585} INFO - Sync 1 DAGs
[2025-01-23T19:58:08.922+0000] {logging_mixin.py:120} INFO - [2025-01-23T19:58:08.922+0000] {dag.py:3340} INFO - Setting next_dagrun for example_time_delta_sensor_async to None, run_after=None
[2025-01-23T19:58:08.970+0000] {processor.py:176} INFO - Processing /home/airflow/.local/lib/python3.7/site-packages/airflow/example_dags/example_time_delta_sensor_async.py took 0.692 seconds
[2025-01-23T19:58:39.315+0000] {processor.py:154} INFO - Started process (PID=46170) to work on /home/airflow/.local/lib/python3.7/site-packages/airflow/example_dags/example_time_delta_sensor_async.py
[2025-01-23T19:58:39.317+0000] {processor.py:756} INFO - Processing file /home/airflow/.local/lib/python3.7/site-packages/airflow/example_dags/example_time_delta_sensor_async.py for tasks to queue
[2025-01-23T19:58:39.320+0000] {logging_mixin.py:120} INFO - [2025-01-23T19:58:39.319+0000] {dagbag.py:537} INFO - Filling up the DagBag from /home/airflow/.local/lib/python3.7/site-packages/airflow/example_dags/example_time_delta_sensor_async.py
[2025-01-23T19:58:39.356+0000] {processor.py:766} INFO - DAG(s) dict_keys(['example_time_delta_sensor_async']) retrieved from /home/airflow/.local/lib/python3.7/site-packages/airflow/example_dags/example_time_delta_sensor_async.py
[2025-01-23T19:58:39.825+0000] {logging_mixin.py:120} INFO - [2025-01-23T19:58:39.825+0000] {dag.py:2585} INFO - Sync 1 DAGs
[2025-01-23T19:58:39.870+0000] {logging_mixin.py:120} INFO - [2025-01-23T19:58:39.870+0000] {dag.py:3340} INFO - Setting next_dagrun for example_time_delta_sensor_async to None, run_after=None
[2025-01-23T19:58:39.907+0000] {processor.py:176} INFO - Processing /home/airflow/.local/lib/python3.7/site-packages/airflow/example_dags/example_time_delta_sensor_async.py took 0.599 seconds
[2025-01-23T19:59:10.179+0000] {processor.py:154} INFO - Started process (PID=46224) to work on /home/airflow/.local/lib/python3.7/site-packages/airflow/example_dags/example_time_delta_sensor_async.py
[2025-01-23T19:59:10.181+0000] {processor.py:756} INFO - Processing file /home/airflow/.local/lib/python3.7/site-packages/airflow/example_dags/example_time_delta_sensor_async.py for tasks to queue
[2025-01-23T19:59:10.183+0000] {logging_mixin.py:120} INFO - [2025-01-23T19:59:10.183+0000] {dagbag.py:537} INFO - Filling up the DagBag from /home/airflow/.local/lib/python3.7/site-packages/airflow/example_dags/example_time_delta_sensor_async.py
[2025-01-23T19:59:10.214+0000] {processor.py:766} INFO - DAG(s) dict_keys(['example_time_delta_sensor_async']) retrieved from /home/airflow/.local/lib/python3.7/site-packages/airflow/example_dags/example_time_delta_sensor_async.py
[2025-01-23T19:59:10.782+0000] {logging_mixin.py:120} INFO - [2025-01-23T19:59:10.782+0000] {dag.py:2585} INFO - Sync 1 DAGs
[2025-01-23T19:59:10.834+0000] {logging_mixin.py:120} INFO - [2025-01-23T19:59:10.834+0000] {dag.py:3340} INFO - Setting next_dagrun for example_time_delta_sensor_async to None, run_after=None
[2025-01-23T19:59:10.874+0000] {processor.py:176} INFO - Processing /home/airflow/.local/lib/python3.7/site-packages/airflow/example_dags/example_time_delta_sensor_async.py took 0.702 seconds
[2025-01-23T19:59:41.007+0000] {processor.py:154} INFO - Started process (PID=46289) to work on /home/airflow/.local/lib/python3.7/site-packages/airflow/example_dags/example_time_delta_sensor_async.py
[2025-01-23T19:59:41.008+0000] {processor.py:756} INFO - Processing file /home/airflow/.local/lib/python3.7/site-packages/airflow/example_dags/example_time_delta_sensor_async.py for tasks to queue
[2025-01-23T19:59:41.010+0000] {logging_mixin.py:120} INFO - [2025-01-23T19:59:41.010+0000] {dagbag.py:537} INFO - Filling up the DagBag from /home/airflow/.local/lib/python3.7/site-packages/airflow/example_dags/example_time_delta_sensor_async.py
[2025-01-23T19:59:41.031+0000] {processor.py:766} INFO - DAG(s) dict_keys(['example_time_delta_sensor_async']) retrieved from /home/airflow/.local/lib/python3.7/site-packages/airflow/example_dags/example_time_delta_sensor_async.py
[2025-01-23T19:59:41.482+0000] {logging_mixin.py:120} INFO - [2025-01-23T19:59:41.481+0000] {dag.py:2585} INFO - Sync 1 DAGs
[2025-01-23T19:59:41.528+0000] {logging_mixin.py:120} INFO - [2025-01-23T19:59:41.527+0000] {dag.py:3340} INFO - Setting next_dagrun for example_time_delta_sensor_async to None, run_after=None
[2025-01-23T19:59:41.567+0000] {processor.py:176} INFO - Processing /home/airflow/.local/lib/python3.7/site-packages/airflow/example_dags/example_time_delta_sensor_async.py took 0.565 seconds
[2025-01-23T20:00:11.660+0000] {processor.py:154} INFO - Started process (PID=46345) to work on /home/airflow/.local/lib/python3.7/site-packages/airflow/example_dags/example_time_delta_sensor_async.py
[2025-01-23T20:00:11.662+0000] {processor.py:756} INFO - Processing file /home/airflow/.local/lib/python3.7/site-packages/airflow/example_dags/example_time_delta_sensor_async.py for tasks to queue
[2025-01-23T20:00:11.663+0000] {logging_mixin.py:120} INFO - [2025-01-23T20:00:11.663+0000] {dagbag.py:537} INFO - Filling up the DagBag from /home/airflow/.local/lib/python3.7/site-packages/airflow/example_dags/example_time_delta_sensor_async.py
[2025-01-23T20:00:11.687+0000] {processor.py:766} INFO - DAG(s) dict_keys(['example_time_delta_sensor_async']) retrieved from /home/airflow/.local/lib/python3.7/site-packages/airflow/example_dags/example_time_delta_sensor_async.py
[2025-01-23T20:00:12.043+0000] {logging_mixin.py:120} INFO - [2025-01-23T20:00:12.042+0000] {dag.py:2585} INFO - Sync 1 DAGs
[2025-01-23T20:00:12.080+0000] {logging_mixin.py:120} INFO - [2025-01-23T20:00:12.080+0000] {dag.py:3340} INFO - Setting next_dagrun for example_time_delta_sensor_async to None, run_after=None
[2025-01-23T20:00:12.112+0000] {processor.py:176} INFO - Processing /home/airflow/.local/lib/python3.7/site-packages/airflow/example_dags/example_time_delta_sensor_async.py took 0.460 seconds
[2025-01-23T20:00:42.901+0000] {processor.py:154} INFO - Started process (PID=46408) to work on /home/airflow/.local/lib/python3.7/site-packages/airflow/example_dags/example_time_delta_sensor_async.py
[2025-01-23T20:00:42.903+0000] {processor.py:756} INFO - Processing file /home/airflow/.local/lib/python3.7/site-packages/airflow/example_dags/example_time_delta_sensor_async.py for tasks to queue
[2025-01-23T20:00:42.906+0000] {logging_mixin.py:120} INFO - [2025-01-23T20:00:42.905+0000] {dagbag.py:537} INFO - Filling up the DagBag from /home/airflow/.local/lib/python3.7/site-packages/airflow/example_dags/example_time_delta_sensor_async.py
[2025-01-23T20:00:42.937+0000] {processor.py:766} INFO - DAG(s) dict_keys(['example_time_delta_sensor_async']) retrieved from /home/airflow/.local/lib/python3.7/site-packages/airflow/example_dags/example_time_delta_sensor_async.py
[2025-01-23T20:00:43.478+0000] {logging_mixin.py:120} INFO - [2025-01-23T20:00:43.478+0000] {dag.py:2585} INFO - Sync 1 DAGs
[2025-01-23T20:00:43.521+0000] {logging_mixin.py:120} INFO - [2025-01-23T20:00:43.521+0000] {dag.py:3340} INFO - Setting next_dagrun for example_time_delta_sensor_async to None, run_after=None
[2025-01-23T20:00:43.558+0000] {processor.py:176} INFO - Processing /home/airflow/.local/lib/python3.7/site-packages/airflow/example_dags/example_time_delta_sensor_async.py took 0.665 seconds
[2025-01-23T20:01:13.961+0000] {processor.py:154} INFO - Started process (PID=46464) to work on /home/airflow/.local/lib/python3.7/site-packages/airflow/example_dags/example_time_delta_sensor_async.py
[2025-01-23T20:01:13.965+0000] {processor.py:756} INFO - Processing file /home/airflow/.local/lib/python3.7/site-packages/airflow/example_dags/example_time_delta_sensor_async.py for tasks to queue
[2025-01-23T20:01:13.969+0000] {logging_mixin.py:120} INFO - [2025-01-23T20:01:13.969+0000] {dagbag.py:537} INFO - Filling up the DagBag from /home/airflow/.local/lib/python3.7/site-packages/airflow/example_dags/example_time_delta_sensor_async.py
[2025-01-23T20:01:14.040+0000] {processor.py:766} INFO - DAG(s) dict_keys(['example_time_delta_sensor_async']) retrieved from /home/airflow/.local/lib/python3.7/site-packages/airflow/example_dags/example_time_delta_sensor_async.py
[2025-01-23T20:01:14.628+0000] {logging_mixin.py:120} INFO - [2025-01-23T20:01:14.628+0000] {dag.py:2585} INFO - Sync 1 DAGs
[2025-01-23T20:01:14.672+0000] {logging_mixin.py:120} INFO - [2025-01-23T20:01:14.672+0000] {dag.py:3340} INFO - Setting next_dagrun for example_time_delta_sensor_async to None, run_after=None
[2025-01-23T20:01:14.712+0000] {processor.py:176} INFO - Processing /home/airflow/.local/lib/python3.7/site-packages/airflow/example_dags/example_time_delta_sensor_async.py took 0.766 seconds
[2025-01-23T20:01:45.114+0000] {processor.py:154} INFO - Started process (PID=46528) to work on /home/airflow/.local/lib/python3.7/site-packages/airflow/example_dags/example_time_delta_sensor_async.py
[2025-01-23T20:01:45.116+0000] {processor.py:756} INFO - Processing file /home/airflow/.local/lib/python3.7/site-packages/airflow/example_dags/example_time_delta_sensor_async.py for tasks to queue
[2025-01-23T20:01:45.119+0000] {logging_mixin.py:120} INFO - [2025-01-23T20:01:45.119+0000] {dagbag.py:537} INFO - Filling up the DagBag from /home/airflow/.local/lib/python3.7/site-packages/airflow/example_dags/example_time_delta_sensor_async.py
[2025-01-23T20:01:45.150+0000] {processor.py:766} INFO - DAG(s) dict_keys(['example_time_delta_sensor_async']) retrieved from /home/airflow/.local/lib/python3.7/site-packages/airflow/example_dags/example_time_delta_sensor_async.py
[2025-01-23T20:01:45.782+0000] {logging_mixin.py:120} INFO - [2025-01-23T20:01:45.782+0000] {dag.py:2585} INFO - Sync 1 DAGs
[2025-01-23T20:01:45.861+0000] {logging_mixin.py:120} INFO - [2025-01-23T20:01:45.861+0000] {dag.py:3340} INFO - Setting next_dagrun for example_time_delta_sensor_async to None, run_after=None
[2025-01-23T20:01:45.905+0000] {processor.py:176} INFO - Processing /home/airflow/.local/lib/python3.7/site-packages/airflow/example_dags/example_time_delta_sensor_async.py took 0.797 seconds
[2025-01-23T20:02:16.160+0000] {processor.py:154} INFO - Started process (PID=46583) to work on /home/airflow/.local/lib/python3.7/site-packages/airflow/example_dags/example_time_delta_sensor_async.py
[2025-01-23T20:02:16.162+0000] {processor.py:756} INFO - Processing file /home/airflow/.local/lib/python3.7/site-packages/airflow/example_dags/example_time_delta_sensor_async.py for tasks to queue
[2025-01-23T20:02:16.164+0000] {logging_mixin.py:120} INFO - [2025-01-23T20:02:16.163+0000] {dagbag.py:537} INFO - Filling up the DagBag from /home/airflow/.local/lib/python3.7/site-packages/airflow/example_dags/example_time_delta_sensor_async.py
[2025-01-23T20:02:16.191+0000] {processor.py:766} INFO - DAG(s) dict_keys(['example_time_delta_sensor_async']) retrieved from /home/airflow/.local/lib/python3.7/site-packages/airflow/example_dags/example_time_delta_sensor_async.py
[2025-01-23T20:02:16.682+0000] {logging_mixin.py:120} INFO - [2025-01-23T20:02:16.682+0000] {dag.py:2585} INFO - Sync 1 DAGs
[2025-01-23T20:02:16.732+0000] {logging_mixin.py:120} INFO - [2025-01-23T20:02:16.732+0000] {dag.py:3340} INFO - Setting next_dagrun for example_time_delta_sensor_async to None, run_after=None
[2025-01-23T20:02:16.793+0000] {processor.py:176} INFO - Processing /home/airflow/.local/lib/python3.7/site-packages/airflow/example_dags/example_time_delta_sensor_async.py took 0.639 seconds
[2025-01-23T20:02:47.033+0000] {processor.py:154} INFO - Started process (PID=46639) to work on /home/airflow/.local/lib/python3.7/site-packages/airflow/example_dags/example_time_delta_sensor_async.py
[2025-01-23T20:02:47.035+0000] {processor.py:756} INFO - Processing file /home/airflow/.local/lib/python3.7/site-packages/airflow/example_dags/example_time_delta_sensor_async.py for tasks to queue
[2025-01-23T20:02:47.037+0000] {logging_mixin.py:120} INFO - [2025-01-23T20:02:47.037+0000] {dagbag.py:537} INFO - Filling up the DagBag from /home/airflow/.local/lib/python3.7/site-packages/airflow/example_dags/example_time_delta_sensor_async.py
[2025-01-23T20:02:47.072+0000] {processor.py:766} INFO - DAG(s) dict_keys(['example_time_delta_sensor_async']) retrieved from /home/airflow/.local/lib/python3.7/site-packages/airflow/example_dags/example_time_delta_sensor_async.py
[2025-01-23T20:02:47.568+0000] {logging_mixin.py:120} INFO - [2025-01-23T20:02:47.568+0000] {dag.py:2585} INFO - Sync 1 DAGs
[2025-01-23T20:02:47.615+0000] {logging_mixin.py:120} INFO - [2025-01-23T20:02:47.614+0000] {dag.py:3340} INFO - Setting next_dagrun for example_time_delta_sensor_async to None, run_after=None
[2025-01-23T20:02:47.651+0000] {processor.py:176} INFO - Processing /home/airflow/.local/lib/python3.7/site-packages/airflow/example_dags/example_time_delta_sensor_async.py took 0.630 seconds
[2025-01-23T20:03:17.746+0000] {processor.py:154} INFO - Started process (PID=46704) to work on /home/airflow/.local/lib/python3.7/site-packages/airflow/example_dags/example_time_delta_sensor_async.py
[2025-01-23T20:03:17.748+0000] {processor.py:756} INFO - Processing file /home/airflow/.local/lib/python3.7/site-packages/airflow/example_dags/example_time_delta_sensor_async.py for tasks to queue
[2025-01-23T20:03:17.750+0000] {logging_mixin.py:120} INFO - [2025-01-23T20:03:17.750+0000] {dagbag.py:537} INFO - Filling up the DagBag from /home/airflow/.local/lib/python3.7/site-packages/airflow/example_dags/example_time_delta_sensor_async.py
[2025-01-23T20:03:17.798+0000] {processor.py:766} INFO - DAG(s) dict_keys(['example_time_delta_sensor_async']) retrieved from /home/airflow/.local/lib/python3.7/site-packages/airflow/example_dags/example_time_delta_sensor_async.py
[2025-01-23T20:03:18.298+0000] {logging_mixin.py:120} INFO - [2025-01-23T20:03:18.297+0000] {dag.py:2585} INFO - Sync 1 DAGs
[2025-01-23T20:03:18.339+0000] {logging_mixin.py:120} INFO - [2025-01-23T20:03:18.338+0000] {dag.py:3340} INFO - Setting next_dagrun for example_time_delta_sensor_async to None, run_after=None
[2025-01-23T20:03:18.374+0000] {processor.py:176} INFO - Processing /home/airflow/.local/lib/python3.7/site-packages/airflow/example_dags/example_time_delta_sensor_async.py took 0.635 seconds
[2025-01-23T20:03:49.210+0000] {processor.py:154} INFO - Started process (PID=46758) to work on /home/airflow/.local/lib/python3.7/site-packages/airflow/example_dags/example_time_delta_sensor_async.py
[2025-01-23T20:03:49.214+0000] {processor.py:756} INFO - Processing file /home/airflow/.local/lib/python3.7/site-packages/airflow/example_dags/example_time_delta_sensor_async.py for tasks to queue
[2025-01-23T20:03:49.219+0000] {logging_mixin.py:120} INFO - [2025-01-23T20:03:49.218+0000] {dagbag.py:537} INFO - Filling up the DagBag from /home/airflow/.local/lib/python3.7/site-packages/airflow/example_dags/example_time_delta_sensor_async.py
[2025-01-23T20:03:49.279+0000] {processor.py:766} INFO - DAG(s) dict_keys(['example_time_delta_sensor_async']) retrieved from /home/airflow/.local/lib/python3.7/site-packages/airflow/example_dags/example_time_delta_sensor_async.py
[2025-01-23T20:03:50.138+0000] {logging_mixin.py:120} INFO - [2025-01-23T20:03:50.137+0000] {dag.py:2585} INFO - Sync 1 DAGs
[2025-01-23T20:03:50.179+0000] {logging_mixin.py:120} INFO - [2025-01-23T20:03:50.179+0000] {dag.py:3340} INFO - Setting next_dagrun for example_time_delta_sensor_async to None, run_after=None
[2025-01-23T20:03:50.214+0000] {processor.py:176} INFO - Processing /home/airflow/.local/lib/python3.7/site-packages/airflow/example_dags/example_time_delta_sensor_async.py took 1.029 seconds
[2025-01-23T20:04:20.547+0000] {processor.py:154} INFO - Started process (PID=46822) to work on /home/airflow/.local/lib/python3.7/site-packages/airflow/example_dags/example_time_delta_sensor_async.py
[2025-01-23T20:04:20.549+0000] {processor.py:756} INFO - Processing file /home/airflow/.local/lib/python3.7/site-packages/airflow/example_dags/example_time_delta_sensor_async.py for tasks to queue
[2025-01-23T20:04:20.550+0000] {logging_mixin.py:120} INFO - [2025-01-23T20:04:20.550+0000] {dagbag.py:537} INFO - Filling up the DagBag from /home/airflow/.local/lib/python3.7/site-packages/airflow/example_dags/example_time_delta_sensor_async.py
[2025-01-23T20:04:20.572+0000] {processor.py:766} INFO - DAG(s) dict_keys(['example_time_delta_sensor_async']) retrieved from /home/airflow/.local/lib/python3.7/site-packages/airflow/example_dags/example_time_delta_sensor_async.py
[2025-01-23T20:04:20.963+0000] {logging_mixin.py:120} INFO - [2025-01-23T20:04:20.963+0000] {dag.py:2585} INFO - Sync 1 DAGs
[2025-01-23T20:04:21.010+0000] {logging_mixin.py:120} INFO - [2025-01-23T20:04:21.010+0000] {dag.py:3340} INFO - Setting next_dagrun for example_time_delta_sensor_async to None, run_after=None
[2025-01-23T20:04:21.052+0000] {processor.py:176} INFO - Processing /home/airflow/.local/lib/python3.7/site-packages/airflow/example_dags/example_time_delta_sensor_async.py took 0.510 seconds
[2025-01-23T20:04:51.570+0000] {processor.py:154} INFO - Started process (PID=46877) to work on /home/airflow/.local/lib/python3.7/site-packages/airflow/example_dags/example_time_delta_sensor_async.py
[2025-01-23T20:04:51.572+0000] {processor.py:756} INFO - Processing file /home/airflow/.local/lib/python3.7/site-packages/airflow/example_dags/example_time_delta_sensor_async.py for tasks to queue
[2025-01-23T20:04:51.574+0000] {logging_mixin.py:120} INFO - [2025-01-23T20:04:51.574+0000] {dagbag.py:537} INFO - Filling up the DagBag from /home/airflow/.local/lib/python3.7/site-packages/airflow/example_dags/example_time_delta_sensor_async.py
[2025-01-23T20:04:51.607+0000] {processor.py:766} INFO - DAG(s) dict_keys(['example_time_delta_sensor_async']) retrieved from /home/airflow/.local/lib/python3.7/site-packages/airflow/example_dags/example_time_delta_sensor_async.py
[2025-01-23T20:04:52.093+0000] {logging_mixin.py:120} INFO - [2025-01-23T20:04:52.093+0000] {dag.py:2585} INFO - Sync 1 DAGs
[2025-01-23T20:04:52.138+0000] {logging_mixin.py:120} INFO - [2025-01-23T20:04:52.138+0000] {dag.py:3340} INFO - Setting next_dagrun for example_time_delta_sensor_async to None, run_after=None
[2025-01-23T20:04:52.172+0000] {processor.py:176} INFO - Processing /home/airflow/.local/lib/python3.7/site-packages/airflow/example_dags/example_time_delta_sensor_async.py took 0.610 seconds
[2025-01-23T20:05:22.545+0000] {processor.py:154} INFO - Started process (PID=46939) to work on /home/airflow/.local/lib/python3.7/site-packages/airflow/example_dags/example_time_delta_sensor_async.py
[2025-01-23T20:05:22.549+0000] {processor.py:756} INFO - Processing file /home/airflow/.local/lib/python3.7/site-packages/airflow/example_dags/example_time_delta_sensor_async.py for tasks to queue
[2025-01-23T20:05:22.553+0000] {logging_mixin.py:120} INFO - [2025-01-23T20:05:22.552+0000] {dagbag.py:537} INFO - Filling up the DagBag from /home/airflow/.local/lib/python3.7/site-packages/airflow/example_dags/example_time_delta_sensor_async.py
[2025-01-23T20:05:22.610+0000] {processor.py:766} INFO - DAG(s) dict_keys(['example_time_delta_sensor_async']) retrieved from /home/airflow/.local/lib/python3.7/site-packages/airflow/example_dags/example_time_delta_sensor_async.py
[2025-01-23T20:05:23.122+0000] {logging_mixin.py:120} INFO - [2025-01-23T20:05:23.122+0000] {dag.py:2585} INFO - Sync 1 DAGs
[2025-01-23T20:05:23.163+0000] {logging_mixin.py:120} INFO - [2025-01-23T20:05:23.163+0000] {dag.py:3340} INFO - Setting next_dagrun for example_time_delta_sensor_async to None, run_after=None
[2025-01-23T20:05:23.195+0000] {processor.py:176} INFO - Processing /home/airflow/.local/lib/python3.7/site-packages/airflow/example_dags/example_time_delta_sensor_async.py took 0.665 seconds
[2025-01-23T20:05:53.266+0000] {processor.py:154} INFO - Started process (PID=46994) to work on /home/airflow/.local/lib/python3.7/site-packages/airflow/example_dags/example_time_delta_sensor_async.py
[2025-01-23T20:05:53.268+0000] {processor.py:756} INFO - Processing file /home/airflow/.local/lib/python3.7/site-packages/airflow/example_dags/example_time_delta_sensor_async.py for tasks to queue
[2025-01-23T20:05:53.271+0000] {logging_mixin.py:120} INFO - [2025-01-23T20:05:53.271+0000] {dagbag.py:537} INFO - Filling up the DagBag from /home/airflow/.local/lib/python3.7/site-packages/airflow/example_dags/example_time_delta_sensor_async.py
[2025-01-23T20:05:53.313+0000] {processor.py:766} INFO - DAG(s) dict_keys(['example_time_delta_sensor_async']) retrieved from /home/airflow/.local/lib/python3.7/site-packages/airflow/example_dags/example_time_delta_sensor_async.py
[2025-01-23T20:05:53.693+0000] {logging_mixin.py:120} INFO - [2025-01-23T20:05:53.693+0000] {dag.py:2585} INFO - Sync 1 DAGs
[2025-01-23T20:05:53.727+0000] {logging_mixin.py:120} INFO - [2025-01-23T20:05:53.727+0000] {dag.py:3340} INFO - Setting next_dagrun for example_time_delta_sensor_async to None, run_after=None
[2025-01-23T20:05:53.755+0000] {processor.py:176} INFO - Processing /home/airflow/.local/lib/python3.7/site-packages/airflow/example_dags/example_time_delta_sensor_async.py took 0.499 seconds
[2025-01-23T20:06:24.496+0000] {processor.py:154} INFO - Started process (PID=47056) to work on /home/airflow/.local/lib/python3.7/site-packages/airflow/example_dags/example_time_delta_sensor_async.py
[2025-01-23T20:06:24.500+0000] {processor.py:756} INFO - Processing file /home/airflow/.local/lib/python3.7/site-packages/airflow/example_dags/example_time_delta_sensor_async.py for tasks to queue
[2025-01-23T20:06:24.503+0000] {logging_mixin.py:120} INFO - [2025-01-23T20:06:24.502+0000] {dagbag.py:537} INFO - Filling up the DagBag from /home/airflow/.local/lib/python3.7/site-packages/airflow/example_dags/example_time_delta_sensor_async.py
[2025-01-23T20:06:24.565+0000] {processor.py:766} INFO - DAG(s) dict_keys(['example_time_delta_sensor_async']) retrieved from /home/airflow/.local/lib/python3.7/site-packages/airflow/example_dags/example_time_delta_sensor_async.py
[2025-01-23T20:06:25.062+0000] {logging_mixin.py:120} INFO - [2025-01-23T20:06:25.062+0000] {dag.py:2585} INFO - Sync 1 DAGs
[2025-01-23T20:06:25.095+0000] {logging_mixin.py:120} INFO - [2025-01-23T20:06:25.095+0000] {dag.py:3340} INFO - Setting next_dagrun for example_time_delta_sensor_async to None, run_after=None
[2025-01-23T20:06:25.124+0000] {processor.py:176} INFO - Processing /home/airflow/.local/lib/python3.7/site-packages/airflow/example_dags/example_time_delta_sensor_async.py took 0.640 seconds
[2025-01-23T20:06:55.371+0000] {processor.py:154} INFO - Started process (PID=47111) to work on /home/airflow/.local/lib/python3.7/site-packages/airflow/example_dags/example_time_delta_sensor_async.py
[2025-01-23T20:06:55.375+0000] {processor.py:756} INFO - Processing file /home/airflow/.local/lib/python3.7/site-packages/airflow/example_dags/example_time_delta_sensor_async.py for tasks to queue
[2025-01-23T20:06:55.379+0000] {logging_mixin.py:120} INFO - [2025-01-23T20:06:55.379+0000] {dagbag.py:537} INFO - Filling up the DagBag from /home/airflow/.local/lib/python3.7/site-packages/airflow/example_dags/example_time_delta_sensor_async.py
[2025-01-23T20:06:55.440+0000] {processor.py:766} INFO - DAG(s) dict_keys(['example_time_delta_sensor_async']) retrieved from /home/airflow/.local/lib/python3.7/site-packages/airflow/example_dags/example_time_delta_sensor_async.py
[2025-01-23T20:06:55.950+0000] {logging_mixin.py:120} INFO - [2025-01-23T20:06:55.950+0000] {dag.py:2585} INFO - Sync 1 DAGs
[2025-01-23T20:06:55.985+0000] {logging_mixin.py:120} INFO - [2025-01-23T20:06:55.985+0000] {dag.py:3340} INFO - Setting next_dagrun for example_time_delta_sensor_async to None, run_after=None
[2025-01-23T20:06:56.017+0000] {processor.py:176} INFO - Processing /home/airflow/.local/lib/python3.7/site-packages/airflow/example_dags/example_time_delta_sensor_async.py took 0.660 seconds
[2025-01-23T20:07:26.383+0000] {processor.py:154} INFO - Started process (PID=47173) to work on /home/airflow/.local/lib/python3.7/site-packages/airflow/example_dags/example_time_delta_sensor_async.py
[2025-01-23T20:07:26.385+0000] {processor.py:756} INFO - Processing file /home/airflow/.local/lib/python3.7/site-packages/airflow/example_dags/example_time_delta_sensor_async.py for tasks to queue
[2025-01-23T20:07:26.387+0000] {logging_mixin.py:120} INFO - [2025-01-23T20:07:26.386+0000] {dagbag.py:537} INFO - Filling up the DagBag from /home/airflow/.local/lib/python3.7/site-packages/airflow/example_dags/example_time_delta_sensor_async.py
[2025-01-23T20:07:26.411+0000] {processor.py:766} INFO - DAG(s) dict_keys(['example_time_delta_sensor_async']) retrieved from /home/airflow/.local/lib/python3.7/site-packages/airflow/example_dags/example_time_delta_sensor_async.py
[2025-01-23T20:07:26.987+0000] {logging_mixin.py:120} INFO - [2025-01-23T20:07:26.986+0000] {dag.py:2585} INFO - Sync 1 DAGs
[2025-01-23T20:07:27.048+0000] {logging_mixin.py:120} INFO - [2025-01-23T20:07:27.048+0000] {dag.py:3340} INFO - Setting next_dagrun for example_time_delta_sensor_async to None, run_after=None
[2025-01-23T20:07:27.097+0000] {processor.py:176} INFO - Processing /home/airflow/.local/lib/python3.7/site-packages/airflow/example_dags/example_time_delta_sensor_async.py took 0.723 seconds
[2025-01-23T20:07:57.252+0000] {processor.py:154} INFO - Started process (PID=47226) to work on /home/airflow/.local/lib/python3.7/site-packages/airflow/example_dags/example_time_delta_sensor_async.py
[2025-01-23T20:07:57.256+0000] {processor.py:756} INFO - Processing file /home/airflow/.local/lib/python3.7/site-packages/airflow/example_dags/example_time_delta_sensor_async.py for tasks to queue
[2025-01-23T20:07:57.262+0000] {logging_mixin.py:120} INFO - [2025-01-23T20:07:57.261+0000] {dagbag.py:537} INFO - Filling up the DagBag from /home/airflow/.local/lib/python3.7/site-packages/airflow/example_dags/example_time_delta_sensor_async.py
[2025-01-23T20:07:57.324+0000] {processor.py:766} INFO - DAG(s) dict_keys(['example_time_delta_sensor_async']) retrieved from /home/airflow/.local/lib/python3.7/site-packages/airflow/example_dags/example_time_delta_sensor_async.py
[2025-01-23T20:07:57.787+0000] {logging_mixin.py:120} INFO - [2025-01-23T20:07:57.787+0000] {dag.py:2585} INFO - Sync 1 DAGs
[2025-01-23T20:07:57.833+0000] {logging_mixin.py:120} INFO - [2025-01-23T20:07:57.833+0000] {dag.py:3340} INFO - Setting next_dagrun for example_time_delta_sensor_async to None, run_after=None
[2025-01-23T20:07:57.864+0000] {processor.py:176} INFO - Processing /home/airflow/.local/lib/python3.7/site-packages/airflow/example_dags/example_time_delta_sensor_async.py took 0.635 seconds
[2025-01-23T20:08:28.258+0000] {processor.py:154} INFO - Started process (PID=47289) to work on /home/airflow/.local/lib/python3.7/site-packages/airflow/example_dags/example_time_delta_sensor_async.py
[2025-01-23T20:08:28.260+0000] {processor.py:756} INFO - Processing file /home/airflow/.local/lib/python3.7/site-packages/airflow/example_dags/example_time_delta_sensor_async.py for tasks to queue
[2025-01-23T20:08:28.262+0000] {logging_mixin.py:120} INFO - [2025-01-23T20:08:28.262+0000] {dagbag.py:537} INFO - Filling up the DagBag from /home/airflow/.local/lib/python3.7/site-packages/airflow/example_dags/example_time_delta_sensor_async.py
[2025-01-23T20:08:28.293+0000] {processor.py:766} INFO - DAG(s) dict_keys(['example_time_delta_sensor_async']) retrieved from /home/airflow/.local/lib/python3.7/site-packages/airflow/example_dags/example_time_delta_sensor_async.py
[2025-01-23T20:08:28.745+0000] {logging_mixin.py:120} INFO - [2025-01-23T20:08:28.745+0000] {dag.py:2585} INFO - Sync 1 DAGs
[2025-01-23T20:08:28.790+0000] {logging_mixin.py:120} INFO - [2025-01-23T20:08:28.790+0000] {dag.py:3340} INFO - Setting next_dagrun for example_time_delta_sensor_async to None, run_after=None
[2025-01-23T20:08:28.823+0000] {processor.py:176} INFO - Processing /home/airflow/.local/lib/python3.7/site-packages/airflow/example_dags/example_time_delta_sensor_async.py took 0.573 seconds
[2025-01-23T20:08:59.152+0000] {processor.py:154} INFO - Started process (PID=47344) to work on /home/airflow/.local/lib/python3.7/site-packages/airflow/example_dags/example_time_delta_sensor_async.py
[2025-01-23T20:08:59.154+0000] {processor.py:756} INFO - Processing file /home/airflow/.local/lib/python3.7/site-packages/airflow/example_dags/example_time_delta_sensor_async.py for tasks to queue
[2025-01-23T20:08:59.155+0000] {logging_mixin.py:120} INFO - [2025-01-23T20:08:59.155+0000] {dagbag.py:537} INFO - Filling up the DagBag from /home/airflow/.local/lib/python3.7/site-packages/airflow/example_dags/example_time_delta_sensor_async.py
[2025-01-23T20:08:59.183+0000] {processor.py:766} INFO - DAG(s) dict_keys(['example_time_delta_sensor_async']) retrieved from /home/airflow/.local/lib/python3.7/site-packages/airflow/example_dags/example_time_delta_sensor_async.py
[2025-01-23T20:08:59.759+0000] {logging_mixin.py:120} INFO - [2025-01-23T20:08:59.759+0000] {dag.py:2585} INFO - Sync 1 DAGs
[2025-01-23T20:08:59.800+0000] {logging_mixin.py:120} INFO - [2025-01-23T20:08:59.800+0000] {dag.py:3340} INFO - Setting next_dagrun for example_time_delta_sensor_async to None, run_after=None
[2025-01-23T20:08:59.832+0000] {processor.py:176} INFO - Processing /home/airflow/.local/lib/python3.7/site-packages/airflow/example_dags/example_time_delta_sensor_async.py took 0.684 seconds
[2025-01-23T20:09:30.124+0000] {processor.py:154} INFO - Started process (PID=47406) to work on /home/airflow/.local/lib/python3.7/site-packages/airflow/example_dags/example_time_delta_sensor_async.py
[2025-01-23T20:09:30.125+0000] {processor.py:756} INFO - Processing file /home/airflow/.local/lib/python3.7/site-packages/airflow/example_dags/example_time_delta_sensor_async.py for tasks to queue
[2025-01-23T20:09:30.127+0000] {logging_mixin.py:120} INFO - [2025-01-23T20:09:30.126+0000] {dagbag.py:537} INFO - Filling up the DagBag from /home/airflow/.local/lib/python3.7/site-packages/airflow/example_dags/example_time_delta_sensor_async.py
[2025-01-23T20:09:30.149+0000] {processor.py:766} INFO - DAG(s) dict_keys(['example_time_delta_sensor_async']) retrieved from /home/airflow/.local/lib/python3.7/site-packages/airflow/example_dags/example_time_delta_sensor_async.py
[2025-01-23T20:09:30.581+0000] {logging_mixin.py:120} INFO - [2025-01-23T20:09:30.580+0000] {dag.py:2585} INFO - Sync 1 DAGs
[2025-01-23T20:09:30.624+0000] {logging_mixin.py:120} INFO - [2025-01-23T20:09:30.624+0000] {dag.py:3340} INFO - Setting next_dagrun for example_time_delta_sensor_async to None, run_after=None
[2025-01-23T20:09:30.667+0000] {processor.py:176} INFO - Processing /home/airflow/.local/lib/python3.7/site-packages/airflow/example_dags/example_time_delta_sensor_async.py took 0.549 seconds
[2025-01-23T20:10:01.165+0000] {processor.py:154} INFO - Started process (PID=47462) to work on /home/airflow/.local/lib/python3.7/site-packages/airflow/example_dags/example_time_delta_sensor_async.py
[2025-01-23T20:10:01.167+0000] {processor.py:756} INFO - Processing file /home/airflow/.local/lib/python3.7/site-packages/airflow/example_dags/example_time_delta_sensor_async.py for tasks to queue
[2025-01-23T20:10:01.168+0000] {logging_mixin.py:120} INFO - [2025-01-23T20:10:01.168+0000] {dagbag.py:537} INFO - Filling up the DagBag from /home/airflow/.local/lib/python3.7/site-packages/airflow/example_dags/example_time_delta_sensor_async.py
[2025-01-23T20:10:01.189+0000] {processor.py:766} INFO - DAG(s) dict_keys(['example_time_delta_sensor_async']) retrieved from /home/airflow/.local/lib/python3.7/site-packages/airflow/example_dags/example_time_delta_sensor_async.py
[2025-01-23T20:10:01.601+0000] {logging_mixin.py:120} INFO - [2025-01-23T20:10:01.601+0000] {dag.py:2585} INFO - Sync 1 DAGs
[2025-01-23T20:10:01.641+0000] {logging_mixin.py:120} INFO - [2025-01-23T20:10:01.641+0000] {dag.py:3340} INFO - Setting next_dagrun for example_time_delta_sensor_async to None, run_after=None
[2025-01-23T20:10:01.676+0000] {processor.py:176} INFO - Processing /home/airflow/.local/lib/python3.7/site-packages/airflow/example_dags/example_time_delta_sensor_async.py took 0.516 seconds
[2025-01-23T20:10:32.024+0000] {processor.py:154} INFO - Started process (PID=47516) to work on /home/airflow/.local/lib/python3.7/site-packages/airflow/example_dags/example_time_delta_sensor_async.py
[2025-01-23T20:10:32.026+0000] {processor.py:756} INFO - Processing file /home/airflow/.local/lib/python3.7/site-packages/airflow/example_dags/example_time_delta_sensor_async.py for tasks to queue
[2025-01-23T20:10:32.027+0000] {logging_mixin.py:120} INFO - [2025-01-23T20:10:32.027+0000] {dagbag.py:537} INFO - Filling up the DagBag from /home/airflow/.local/lib/python3.7/site-packages/airflow/example_dags/example_time_delta_sensor_async.py
[2025-01-23T20:10:32.051+0000] {processor.py:766} INFO - DAG(s) dict_keys(['example_time_delta_sensor_async']) retrieved from /home/airflow/.local/lib/python3.7/site-packages/airflow/example_dags/example_time_delta_sensor_async.py
[2025-01-23T20:10:32.545+0000] {logging_mixin.py:120} INFO - [2025-01-23T20:10:32.545+0000] {dag.py:2585} INFO - Sync 1 DAGs
[2025-01-23T20:10:32.589+0000] {logging_mixin.py:120} INFO - [2025-01-23T20:10:32.589+0000] {dag.py:3340} INFO - Setting next_dagrun for example_time_delta_sensor_async to None, run_after=None
[2025-01-23T20:10:32.630+0000] {processor.py:176} INFO - Processing /home/airflow/.local/lib/python3.7/site-packages/airflow/example_dags/example_time_delta_sensor_async.py took 0.611 seconds
[2025-01-23T20:11:03.335+0000] {processor.py:154} INFO - Started process (PID=47579) to work on /home/airflow/.local/lib/python3.7/site-packages/airflow/example_dags/example_time_delta_sensor_async.py
[2025-01-23T20:11:03.337+0000] {processor.py:756} INFO - Processing file /home/airflow/.local/lib/python3.7/site-packages/airflow/example_dags/example_time_delta_sensor_async.py for tasks to queue
[2025-01-23T20:11:03.339+0000] {logging_mixin.py:120} INFO - [2025-01-23T20:11:03.339+0000] {dagbag.py:537} INFO - Filling up the DagBag from /home/airflow/.local/lib/python3.7/site-packages/airflow/example_dags/example_time_delta_sensor_async.py
[2025-01-23T20:11:03.367+0000] {processor.py:766} INFO - DAG(s) dict_keys(['example_time_delta_sensor_async']) retrieved from /home/airflow/.local/lib/python3.7/site-packages/airflow/example_dags/example_time_delta_sensor_async.py
[2025-01-23T20:11:03.768+0000] {logging_mixin.py:120} INFO - [2025-01-23T20:11:03.768+0000] {dag.py:2585} INFO - Sync 1 DAGs
[2025-01-23T20:11:03.810+0000] {logging_mixin.py:120} INFO - [2025-01-23T20:11:03.810+0000] {dag.py:3340} INFO - Setting next_dagrun for example_time_delta_sensor_async to None, run_after=None
[2025-01-23T20:11:03.841+0000] {processor.py:176} INFO - Processing /home/airflow/.local/lib/python3.7/site-packages/airflow/example_dags/example_time_delta_sensor_async.py took 0.516 seconds
[2025-01-23T20:11:34.110+0000] {processor.py:154} INFO - Started process (PID=47632) to work on /home/airflow/.local/lib/python3.7/site-packages/airflow/example_dags/example_time_delta_sensor_async.py
[2025-01-23T20:11:34.112+0000] {processor.py:756} INFO - Processing file /home/airflow/.local/lib/python3.7/site-packages/airflow/example_dags/example_time_delta_sensor_async.py for tasks to queue
[2025-01-23T20:11:34.115+0000] {logging_mixin.py:120} INFO - [2025-01-23T20:11:34.114+0000] {dagbag.py:537} INFO - Filling up the DagBag from /home/airflow/.local/lib/python3.7/site-packages/airflow/example_dags/example_time_delta_sensor_async.py
[2025-01-23T20:11:34.143+0000] {processor.py:766} INFO - DAG(s) dict_keys(['example_time_delta_sensor_async']) retrieved from /home/airflow/.local/lib/python3.7/site-packages/airflow/example_dags/example_time_delta_sensor_async.py
[2025-01-23T20:11:34.791+0000] {logging_mixin.py:120} INFO - [2025-01-23T20:11:34.791+0000] {dag.py:2585} INFO - Sync 1 DAGs
[2025-01-23T20:11:34.890+0000] {logging_mixin.py:120} INFO - [2025-01-23T20:11:34.890+0000] {dag.py:3340} INFO - Setting next_dagrun for example_time_delta_sensor_async to None, run_after=None
[2025-01-23T20:11:34.982+0000] {processor.py:176} INFO - Processing /home/airflow/.local/lib/python3.7/site-packages/airflow/example_dags/example_time_delta_sensor_async.py took 0.882 seconds
[2025-01-23T20:12:05.867+0000] {processor.py:154} INFO - Started process (PID=47696) to work on /home/airflow/.local/lib/python3.7/site-packages/airflow/example_dags/example_time_delta_sensor_async.py
[2025-01-23T20:12:05.869+0000] {processor.py:756} INFO - Processing file /home/airflow/.local/lib/python3.7/site-packages/airflow/example_dags/example_time_delta_sensor_async.py for tasks to queue
[2025-01-23T20:12:05.879+0000] {logging_mixin.py:120} INFO - [2025-01-23T20:12:05.878+0000] {dagbag.py:537} INFO - Filling up the DagBag from /home/airflow/.local/lib/python3.7/site-packages/airflow/example_dags/example_time_delta_sensor_async.py
[2025-01-23T20:12:05.936+0000] {processor.py:766} INFO - DAG(s) dict_keys(['example_time_delta_sensor_async']) retrieved from /home/airflow/.local/lib/python3.7/site-packages/airflow/example_dags/example_time_delta_sensor_async.py
[2025-01-23T20:12:06.784+0000] {logging_mixin.py:120} INFO - [2025-01-23T20:12:06.784+0000] {dag.py:2585} INFO - Sync 1 DAGs
[2025-01-23T20:12:06.857+0000] {logging_mixin.py:120} INFO - [2025-01-23T20:12:06.857+0000] {dag.py:3340} INFO - Setting next_dagrun for example_time_delta_sensor_async to None, run_after=None
[2025-01-23T20:12:06.910+0000] {processor.py:176} INFO - Processing /home/airflow/.local/lib/python3.7/site-packages/airflow/example_dags/example_time_delta_sensor_async.py took 1.050 seconds
[2025-01-23T20:12:37.264+0000] {processor.py:154} INFO - Started process (PID=47750) to work on /home/airflow/.local/lib/python3.7/site-packages/airflow/example_dags/example_time_delta_sensor_async.py
[2025-01-23T20:12:37.279+0000] {processor.py:756} INFO - Processing file /home/airflow/.local/lib/python3.7/site-packages/airflow/example_dags/example_time_delta_sensor_async.py for tasks to queue
[2025-01-23T20:12:37.282+0000] {logging_mixin.py:120} INFO - [2025-01-23T20:12:37.282+0000] {dagbag.py:537} INFO - Filling up the DagBag from /home/airflow/.local/lib/python3.7/site-packages/airflow/example_dags/example_time_delta_sensor_async.py
[2025-01-23T20:12:37.333+0000] {processor.py:766} INFO - DAG(s) dict_keys(['example_time_delta_sensor_async']) retrieved from /home/airflow/.local/lib/python3.7/site-packages/airflow/example_dags/example_time_delta_sensor_async.py
[2025-01-23T20:12:38.170+0000] {logging_mixin.py:120} INFO - [2025-01-23T20:12:38.170+0000] {dag.py:2585} INFO - Sync 1 DAGs
[2025-01-23T20:12:38.224+0000] {logging_mixin.py:120} INFO - [2025-01-23T20:12:38.224+0000] {dag.py:3340} INFO - Setting next_dagrun for example_time_delta_sensor_async to None, run_after=None
[2025-01-23T20:12:38.270+0000] {processor.py:176} INFO - Processing /home/airflow/.local/lib/python3.7/site-packages/airflow/example_dags/example_time_delta_sensor_async.py took 1.018 seconds
