[2025-01-23T19:50:45.738+0000] {processor.py:154} INFO - Started process (PID=45328) to work on /home/airflow/.local/lib/python3.7/site-packages/airflow/example_dags/example_sla_dag.py
[2025-01-23T19:50:45.752+0000] {processor.py:756} INFO - Processing file /home/airflow/.local/lib/python3.7/site-packages/airflow/example_dags/example_sla_dag.py for tasks to queue
[2025-01-23T19:50:45.761+0000] {logging_mixin.py:120} INFO - [2025-01-23T19:50:45.760+0000] {dagbag.py:537} INFO - Filling up the DagBag from /home/airflow/.local/lib/python3.7/site-packages/airflow/example_dags/example_sla_dag.py
[2025-01-23T19:50:45.969+0000] {processor.py:766} INFO - DAG(s) dict_keys(['example_sla_dag']) retrieved from /home/airflow/.local/lib/python3.7/site-packages/airflow/example_dags/example_sla_dag.py
[2025-01-23T19:50:46.352+0000] {logging_mixin.py:120} INFO - [2025-01-23T19:50:46.352+0000] {dag.py:2585} INFO - Sync 1 DAGs
[2025-01-23T19:50:46.800+0000] {logging_mixin.py:120} INFO - [2025-01-23T19:50:46.799+0000] {dag.py:3340} INFO - Setting next_dagrun for example_sla_dag to 2025-01-23T19:48:00+00:00, run_after=2025-01-23T19:50:00+00:00
[2025-01-23T19:50:46.912+0000] {processor.py:176} INFO - Processing /home/airflow/.local/lib/python3.7/site-packages/airflow/example_dags/example_sla_dag.py took 1.189 seconds
[2025-01-23T19:51:20.027+0000] {processor.py:154} INFO - Started process (PID=45383) to work on /home/airflow/.local/lib/python3.7/site-packages/airflow/example_dags/example_sla_dag.py
[2025-01-23T19:51:20.039+0000] {processor.py:756} INFO - Processing file /home/airflow/.local/lib/python3.7/site-packages/airflow/example_dags/example_sla_dag.py for tasks to queue
[2025-01-23T19:51:20.042+0000] {logging_mixin.py:120} INFO - [2025-01-23T19:51:20.042+0000] {dagbag.py:537} INFO - Filling up the DagBag from /home/airflow/.local/lib/python3.7/site-packages/airflow/example_dags/example_sla_dag.py
[2025-01-23T19:51:20.217+0000] {processor.py:766} INFO - DAG(s) dict_keys(['example_sla_dag']) retrieved from /home/airflow/.local/lib/python3.7/site-packages/airflow/example_dags/example_sla_dag.py
[2025-01-23T19:51:20.415+0000] {logging_mixin.py:120} INFO - [2025-01-23T19:51:20.415+0000] {dag.py:2585} INFO - Sync 1 DAGs
[2025-01-23T19:51:20.636+0000] {logging_mixin.py:120} INFO - [2025-01-23T19:51:20.636+0000] {dag.py:3340} INFO - Setting next_dagrun for example_sla_dag to 2025-01-23T19:48:00+00:00, run_after=2025-01-23T19:50:00+00:00
[2025-01-23T19:51:20.717+0000] {processor.py:176} INFO - Processing /home/airflow/.local/lib/python3.7/site-packages/airflow/example_dags/example_sla_dag.py took 0.697 seconds
[2025-01-23T19:51:53.018+0000] {processor.py:154} INFO - Started process (PID=45437) to work on /home/airflow/.local/lib/python3.7/site-packages/airflow/example_dags/example_sla_dag.py
[2025-01-23T19:51:53.022+0000] {processor.py:756} INFO - Processing file /home/airflow/.local/lib/python3.7/site-packages/airflow/example_dags/example_sla_dag.py for tasks to queue
[2025-01-23T19:51:53.032+0000] {logging_mixin.py:120} INFO - [2025-01-23T19:51:53.032+0000] {dagbag.py:537} INFO - Filling up the DagBag from /home/airflow/.local/lib/python3.7/site-packages/airflow/example_dags/example_sla_dag.py
[2025-01-23T19:51:53.193+0000] {processor.py:766} INFO - DAG(s) dict_keys(['example_sla_dag']) retrieved from /home/airflow/.local/lib/python3.7/site-packages/airflow/example_dags/example_sla_dag.py
[2025-01-23T19:51:53.439+0000] {logging_mixin.py:120} INFO - [2025-01-23T19:51:53.438+0000] {dag.py:2585} INFO - Sync 1 DAGs
[2025-01-23T19:51:53.676+0000] {logging_mixin.py:120} INFO - [2025-01-23T19:51:53.676+0000] {dag.py:3340} INFO - Setting next_dagrun for example_sla_dag to 2025-01-23T19:48:00+00:00, run_after=2025-01-23T19:50:00+00:00
[2025-01-23T19:51:53.757+0000] {processor.py:176} INFO - Processing /home/airflow/.local/lib/python3.7/site-packages/airflow/example_dags/example_sla_dag.py took 0.758 seconds
[2025-01-23T19:52:23.865+0000] {processor.py:154} INFO - Started process (PID=45491) to work on /home/airflow/.local/lib/python3.7/site-packages/airflow/example_dags/example_sla_dag.py
[2025-01-23T19:52:23.867+0000] {processor.py:756} INFO - Processing file /home/airflow/.local/lib/python3.7/site-packages/airflow/example_dags/example_sla_dag.py for tasks to queue
[2025-01-23T19:52:23.869+0000] {logging_mixin.py:120} INFO - [2025-01-23T19:52:23.868+0000] {dagbag.py:537} INFO - Filling up the DagBag from /home/airflow/.local/lib/python3.7/site-packages/airflow/example_dags/example_sla_dag.py
[2025-01-23T19:52:23.969+0000] {processor.py:766} INFO - DAG(s) dict_keys(['example_sla_dag']) retrieved from /home/airflow/.local/lib/python3.7/site-packages/airflow/example_dags/example_sla_dag.py
[2025-01-23T19:52:24.197+0000] {logging_mixin.py:120} INFO - [2025-01-23T19:52:24.197+0000] {dag.py:2585} INFO - Sync 1 DAGs
[2025-01-23T19:52:24.394+0000] {logging_mixin.py:120} INFO - [2025-01-23T19:52:24.394+0000] {dag.py:3340} INFO - Setting next_dagrun for example_sla_dag to 2025-01-23T19:50:00+00:00, run_after=2025-01-23T19:52:00+00:00
[2025-01-23T19:52:24.496+0000] {processor.py:176} INFO - Processing /home/airflow/.local/lib/python3.7/site-packages/airflow/example_dags/example_sla_dag.py took 0.645 seconds
[2025-01-23T19:52:55.460+0000] {processor.py:154} INFO - Started process (PID=45545) to work on /home/airflow/.local/lib/python3.7/site-packages/airflow/example_dags/example_sla_dag.py
[2025-01-23T19:52:55.462+0000] {processor.py:756} INFO - Processing file /home/airflow/.local/lib/python3.7/site-packages/airflow/example_dags/example_sla_dag.py for tasks to queue
[2025-01-23T19:52:55.463+0000] {logging_mixin.py:120} INFO - [2025-01-23T19:52:55.463+0000] {dagbag.py:537} INFO - Filling up the DagBag from /home/airflow/.local/lib/python3.7/site-packages/airflow/example_dags/example_sla_dag.py
[2025-01-23T19:52:55.524+0000] {processor.py:766} INFO - DAG(s) dict_keys(['example_sla_dag']) retrieved from /home/airflow/.local/lib/python3.7/site-packages/airflow/example_dags/example_sla_dag.py
[2025-01-23T19:52:55.646+0000] {logging_mixin.py:120} INFO - [2025-01-23T19:52:55.646+0000] {dag.py:2585} INFO - Sync 1 DAGs
[2025-01-23T19:52:55.722+0000] {logging_mixin.py:120} INFO - [2025-01-23T19:52:55.721+0000] {dag.py:3340} INFO - Setting next_dagrun for example_sla_dag to 2025-01-23T19:50:00+00:00, run_after=2025-01-23T19:52:00+00:00
[2025-01-23T19:52:55.763+0000] {processor.py:176} INFO - Processing /home/airflow/.local/lib/python3.7/site-packages/airflow/example_dags/example_sla_dag.py took 0.310 seconds
[2025-01-23T19:53:26.295+0000] {processor.py:154} INFO - Started process (PID=45599) to work on /home/airflow/.local/lib/python3.7/site-packages/airflow/example_dags/example_sla_dag.py
[2025-01-23T19:53:26.297+0000] {processor.py:756} INFO - Processing file /home/airflow/.local/lib/python3.7/site-packages/airflow/example_dags/example_sla_dag.py for tasks to queue
[2025-01-23T19:53:26.300+0000] {logging_mixin.py:120} INFO - [2025-01-23T19:53:26.299+0000] {dagbag.py:537} INFO - Filling up the DagBag from /home/airflow/.local/lib/python3.7/site-packages/airflow/example_dags/example_sla_dag.py
[2025-01-23T19:53:26.378+0000] {processor.py:766} INFO - DAG(s) dict_keys(['example_sla_dag']) retrieved from /home/airflow/.local/lib/python3.7/site-packages/airflow/example_dags/example_sla_dag.py
[2025-01-23T19:53:26.481+0000] {logging_mixin.py:120} INFO - [2025-01-23T19:53:26.481+0000] {dag.py:2585} INFO - Sync 1 DAGs
[2025-01-23T19:53:26.563+0000] {logging_mixin.py:120} INFO - [2025-01-23T19:53:26.563+0000] {dag.py:3340} INFO - Setting next_dagrun for example_sla_dag to 2025-01-23T19:50:00+00:00, run_after=2025-01-23T19:52:00+00:00
[2025-01-23T19:53:26.611+0000] {processor.py:176} INFO - Processing /home/airflow/.local/lib/python3.7/site-packages/airflow/example_dags/example_sla_dag.py took 0.322 seconds
[2025-01-23T19:53:57.095+0000] {processor.py:154} INFO - Started process (PID=45660) to work on /home/airflow/.local/lib/python3.7/site-packages/airflow/example_dags/example_sla_dag.py
[2025-01-23T19:53:57.097+0000] {processor.py:756} INFO - Processing file /home/airflow/.local/lib/python3.7/site-packages/airflow/example_dags/example_sla_dag.py for tasks to queue
[2025-01-23T19:53:57.099+0000] {logging_mixin.py:120} INFO - [2025-01-23T19:53:57.098+0000] {dagbag.py:537} INFO - Filling up the DagBag from /home/airflow/.local/lib/python3.7/site-packages/airflow/example_dags/example_sla_dag.py
[2025-01-23T19:53:57.138+0000] {processor.py:766} INFO - DAG(s) dict_keys(['example_sla_dag']) retrieved from /home/airflow/.local/lib/python3.7/site-packages/airflow/example_dags/example_sla_dag.py
[2025-01-23T19:53:57.217+0000] {logging_mixin.py:120} INFO - [2025-01-23T19:53:57.217+0000] {dag.py:2585} INFO - Sync 1 DAGs
[2025-01-23T19:53:57.277+0000] {logging_mixin.py:120} INFO - [2025-01-23T19:53:57.276+0000] {dag.py:3340} INFO - Setting next_dagrun for example_sla_dag to 2025-01-23T19:50:00+00:00, run_after=2025-01-23T19:52:00+00:00
[2025-01-23T19:53:57.313+0000] {processor.py:176} INFO - Processing /home/airflow/.local/lib/python3.7/site-packages/airflow/example_dags/example_sla_dag.py took 0.224 seconds
[2025-01-23T19:54:27.608+0000] {processor.py:154} INFO - Started process (PID=45715) to work on /home/airflow/.local/lib/python3.7/site-packages/airflow/example_dags/example_sla_dag.py
[2025-01-23T19:54:27.610+0000] {processor.py:756} INFO - Processing file /home/airflow/.local/lib/python3.7/site-packages/airflow/example_dags/example_sla_dag.py for tasks to queue
[2025-01-23T19:54:27.613+0000] {logging_mixin.py:120} INFO - [2025-01-23T19:54:27.612+0000] {dagbag.py:537} INFO - Filling up the DagBag from /home/airflow/.local/lib/python3.7/site-packages/airflow/example_dags/example_sla_dag.py
[2025-01-23T19:54:27.706+0000] {processor.py:766} INFO - DAG(s) dict_keys(['example_sla_dag']) retrieved from /home/airflow/.local/lib/python3.7/site-packages/airflow/example_dags/example_sla_dag.py
[2025-01-23T19:54:27.836+0000] {logging_mixin.py:120} INFO - [2025-01-23T19:54:27.836+0000] {dag.py:2585} INFO - Sync 1 DAGs
[2025-01-23T19:54:27.964+0000] {logging_mixin.py:120} INFO - [2025-01-23T19:54:27.964+0000] {dag.py:3340} INFO - Setting next_dagrun for example_sla_dag to 2025-01-23T19:52:00+00:00, run_after=2025-01-23T19:54:00+00:00
[2025-01-23T19:54:28.044+0000] {processor.py:176} INFO - Processing /home/airflow/.local/lib/python3.7/site-packages/airflow/example_dags/example_sla_dag.py took 0.453 seconds
[2025-01-23T19:54:58.195+0000] {processor.py:154} INFO - Started process (PID=45769) to work on /home/airflow/.local/lib/python3.7/site-packages/airflow/example_dags/example_sla_dag.py
[2025-01-23T19:54:58.197+0000] {processor.py:756} INFO - Processing file /home/airflow/.local/lib/python3.7/site-packages/airflow/example_dags/example_sla_dag.py for tasks to queue
[2025-01-23T19:54:58.198+0000] {logging_mixin.py:120} INFO - [2025-01-23T19:54:58.198+0000] {dagbag.py:537} INFO - Filling up the DagBag from /home/airflow/.local/lib/python3.7/site-packages/airflow/example_dags/example_sla_dag.py
[2025-01-23T19:54:58.239+0000] {processor.py:766} INFO - DAG(s) dict_keys(['example_sla_dag']) retrieved from /home/airflow/.local/lib/python3.7/site-packages/airflow/example_dags/example_sla_dag.py
[2025-01-23T19:54:58.312+0000] {logging_mixin.py:120} INFO - [2025-01-23T19:54:58.312+0000] {dag.py:2585} INFO - Sync 1 DAGs
[2025-01-23T19:54:58.358+0000] {logging_mixin.py:120} INFO - [2025-01-23T19:54:58.358+0000] {dag.py:3340} INFO - Setting next_dagrun for example_sla_dag to 2025-01-23T19:52:00+00:00, run_after=2025-01-23T19:54:00+00:00
[2025-01-23T19:54:58.392+0000] {processor.py:176} INFO - Processing /home/airflow/.local/lib/python3.7/site-packages/airflow/example_dags/example_sla_dag.py took 0.202 seconds
[2025-01-23T19:55:28.960+0000] {processor.py:154} INFO - Started process (PID=45824) to work on /home/airflow/.local/lib/python3.7/site-packages/airflow/example_dags/example_sla_dag.py
[2025-01-23T19:55:28.962+0000] {processor.py:756} INFO - Processing file /home/airflow/.local/lib/python3.7/site-packages/airflow/example_dags/example_sla_dag.py for tasks to queue
[2025-01-23T19:55:28.965+0000] {logging_mixin.py:120} INFO - [2025-01-23T19:55:28.964+0000] {dagbag.py:537} INFO - Filling up the DagBag from /home/airflow/.local/lib/python3.7/site-packages/airflow/example_dags/example_sla_dag.py
[2025-01-23T19:55:29.022+0000] {processor.py:766} INFO - DAG(s) dict_keys(['example_sla_dag']) retrieved from /home/airflow/.local/lib/python3.7/site-packages/airflow/example_dags/example_sla_dag.py
[2025-01-23T19:55:29.107+0000] {logging_mixin.py:120} INFO - [2025-01-23T19:55:29.106+0000] {dag.py:2585} INFO - Sync 1 DAGs
[2025-01-23T19:55:29.172+0000] {logging_mixin.py:120} INFO - [2025-01-23T19:55:29.172+0000] {dag.py:3340} INFO - Setting next_dagrun for example_sla_dag to 2025-01-23T19:52:00+00:00, run_after=2025-01-23T19:54:00+00:00
[2025-01-23T19:55:29.241+0000] {processor.py:176} INFO - Processing /home/airflow/.local/lib/python3.7/site-packages/airflow/example_dags/example_sla_dag.py took 0.288 seconds
[2025-01-23T19:56:02.206+0000] {processor.py:154} INFO - Started process (PID=45887) to work on /home/airflow/.local/lib/python3.7/site-packages/airflow/example_dags/example_sla_dag.py
[2025-01-23T19:56:02.209+0000] {processor.py:756} INFO - Processing file /home/airflow/.local/lib/python3.7/site-packages/airflow/example_dags/example_sla_dag.py for tasks to queue
[2025-01-23T19:56:02.221+0000] {logging_mixin.py:120} INFO - [2025-01-23T19:56:02.220+0000] {dagbag.py:537} INFO - Filling up the DagBag from /home/airflow/.local/lib/python3.7/site-packages/airflow/example_dags/example_sla_dag.py
[2025-01-23T19:56:02.345+0000] {processor.py:766} INFO - DAG(s) dict_keys(['example_sla_dag']) retrieved from /home/airflow/.local/lib/python3.7/site-packages/airflow/example_dags/example_sla_dag.py
[2025-01-23T19:56:02.625+0000] {logging_mixin.py:120} INFO - [2025-01-23T19:56:02.624+0000] {dag.py:2585} INFO - Sync 1 DAGs
[2025-01-23T19:56:02.846+0000] {logging_mixin.py:120} INFO - [2025-01-23T19:56:02.845+0000] {dag.py:3340} INFO - Setting next_dagrun for example_sla_dag to 2025-01-23T19:54:00+00:00, run_after=2025-01-23T19:56:00+00:00
[2025-01-23T19:56:02.968+0000] {processor.py:176} INFO - Processing /home/airflow/.local/lib/python3.7/site-packages/airflow/example_dags/example_sla_dag.py took 0.781 seconds
[2025-01-23T19:56:33.051+0000] {processor.py:154} INFO - Started process (PID=45941) to work on /home/airflow/.local/lib/python3.7/site-packages/airflow/example_dags/example_sla_dag.py
[2025-01-23T19:56:33.053+0000] {processor.py:756} INFO - Processing file /home/airflow/.local/lib/python3.7/site-packages/airflow/example_dags/example_sla_dag.py for tasks to queue
[2025-01-23T19:56:33.055+0000] {logging_mixin.py:120} INFO - [2025-01-23T19:56:33.055+0000] {dagbag.py:537} INFO - Filling up the DagBag from /home/airflow/.local/lib/python3.7/site-packages/airflow/example_dags/example_sla_dag.py
[2025-01-23T19:56:33.122+0000] {processor.py:766} INFO - DAG(s) dict_keys(['example_sla_dag']) retrieved from /home/airflow/.local/lib/python3.7/site-packages/airflow/example_dags/example_sla_dag.py
[2025-01-23T19:56:33.242+0000] {logging_mixin.py:120} INFO - [2025-01-23T19:56:33.241+0000] {dag.py:2585} INFO - Sync 1 DAGs
[2025-01-23T19:56:33.327+0000] {logging_mixin.py:120} INFO - [2025-01-23T19:56:33.327+0000] {dag.py:3340} INFO - Setting next_dagrun for example_sla_dag to 2025-01-23T19:54:00+00:00, run_after=2025-01-23T19:56:00+00:00
[2025-01-23T19:56:33.371+0000] {processor.py:176} INFO - Processing /home/airflow/.local/lib/python3.7/site-packages/airflow/example_dags/example_sla_dag.py took 0.326 seconds
[2025-01-23T19:57:03.591+0000] {processor.py:154} INFO - Started process (PID=45995) to work on /home/airflow/.local/lib/python3.7/site-packages/airflow/example_dags/example_sla_dag.py
[2025-01-23T19:57:03.593+0000] {processor.py:756} INFO - Processing file /home/airflow/.local/lib/python3.7/site-packages/airflow/example_dags/example_sla_dag.py for tasks to queue
[2025-01-23T19:57:03.595+0000] {logging_mixin.py:120} INFO - [2025-01-23T19:57:03.595+0000] {dagbag.py:537} INFO - Filling up the DagBag from /home/airflow/.local/lib/python3.7/site-packages/airflow/example_dags/example_sla_dag.py
[2025-01-23T19:57:03.644+0000] {processor.py:766} INFO - DAG(s) dict_keys(['example_sla_dag']) retrieved from /home/airflow/.local/lib/python3.7/site-packages/airflow/example_dags/example_sla_dag.py
[2025-01-23T19:57:03.742+0000] {logging_mixin.py:120} INFO - [2025-01-23T19:57:03.742+0000] {dag.py:2585} INFO - Sync 1 DAGs
[2025-01-23T19:57:03.799+0000] {logging_mixin.py:120} INFO - [2025-01-23T19:57:03.799+0000] {dag.py:3340} INFO - Setting next_dagrun for example_sla_dag to 2025-01-23T19:54:00+00:00, run_after=2025-01-23T19:56:00+00:00
[2025-01-23T19:57:03.832+0000] {processor.py:176} INFO - Processing /home/airflow/.local/lib/python3.7/site-packages/airflow/example_dags/example_sla_dag.py took 0.249 seconds
[2025-01-23T19:57:34.135+0000] {processor.py:154} INFO - Started process (PID=46049) to work on /home/airflow/.local/lib/python3.7/site-packages/airflow/example_dags/example_sla_dag.py
[2025-01-23T19:57:34.137+0000] {processor.py:756} INFO - Processing file /home/airflow/.local/lib/python3.7/site-packages/airflow/example_dags/example_sla_dag.py for tasks to queue
[2025-01-23T19:57:34.142+0000] {logging_mixin.py:120} INFO - [2025-01-23T19:57:34.141+0000] {dagbag.py:537} INFO - Filling up the DagBag from /home/airflow/.local/lib/python3.7/site-packages/airflow/example_dags/example_sla_dag.py
[2025-01-23T19:57:34.216+0000] {processor.py:766} INFO - DAG(s) dict_keys(['example_sla_dag']) retrieved from /home/airflow/.local/lib/python3.7/site-packages/airflow/example_dags/example_sla_dag.py
[2025-01-23T19:57:34.303+0000] {logging_mixin.py:120} INFO - [2025-01-23T19:57:34.303+0000] {dag.py:2585} INFO - Sync 1 DAGs
[2025-01-23T19:57:34.353+0000] {logging_mixin.py:120} INFO - [2025-01-23T19:57:34.353+0000] {dag.py:3340} INFO - Setting next_dagrun for example_sla_dag to 2025-01-23T19:54:00+00:00, run_after=2025-01-23T19:56:00+00:00
[2025-01-23T19:57:34.391+0000] {processor.py:176} INFO - Processing /home/airflow/.local/lib/python3.7/site-packages/airflow/example_dags/example_sla_dag.py took 0.265 seconds
[2025-01-23T19:58:05.153+0000] {processor.py:154} INFO - Started process (PID=46112) to work on /home/airflow/.local/lib/python3.7/site-packages/airflow/example_dags/example_sla_dag.py
[2025-01-23T19:58:05.157+0000] {processor.py:756} INFO - Processing file /home/airflow/.local/lib/python3.7/site-packages/airflow/example_dags/example_sla_dag.py for tasks to queue
[2025-01-23T19:58:05.164+0000] {logging_mixin.py:120} INFO - [2025-01-23T19:58:05.163+0000] {dagbag.py:537} INFO - Filling up the DagBag from /home/airflow/.local/lib/python3.7/site-packages/airflow/example_dags/example_sla_dag.py
[2025-01-23T19:58:05.245+0000] {processor.py:766} INFO - DAG(s) dict_keys(['example_sla_dag']) retrieved from /home/airflow/.local/lib/python3.7/site-packages/airflow/example_dags/example_sla_dag.py
[2025-01-23T19:58:05.391+0000] {logging_mixin.py:120} INFO - [2025-01-23T19:58:05.390+0000] {dag.py:2585} INFO - Sync 1 DAGs
[2025-01-23T19:58:05.491+0000] {logging_mixin.py:120} INFO - [2025-01-23T19:58:05.491+0000] {dag.py:3340} INFO - Setting next_dagrun for example_sla_dag to 2025-01-23T19:56:00+00:00, run_after=2025-01-23T19:58:00+00:00
[2025-01-23T19:58:05.578+0000] {processor.py:176} INFO - Processing /home/airflow/.local/lib/python3.7/site-packages/airflow/example_dags/example_sla_dag.py took 0.444 seconds
[2025-01-23T19:58:35.681+0000] {processor.py:154} INFO - Started process (PID=46166) to work on /home/airflow/.local/lib/python3.7/site-packages/airflow/example_dags/example_sla_dag.py
[2025-01-23T19:58:35.683+0000] {processor.py:756} INFO - Processing file /home/airflow/.local/lib/python3.7/site-packages/airflow/example_dags/example_sla_dag.py for tasks to queue
[2025-01-23T19:58:35.686+0000] {logging_mixin.py:120} INFO - [2025-01-23T19:58:35.685+0000] {dagbag.py:537} INFO - Filling up the DagBag from /home/airflow/.local/lib/python3.7/site-packages/airflow/example_dags/example_sla_dag.py
[2025-01-23T19:58:35.745+0000] {processor.py:766} INFO - DAG(s) dict_keys(['example_sla_dag']) retrieved from /home/airflow/.local/lib/python3.7/site-packages/airflow/example_dags/example_sla_dag.py
[2025-01-23T19:58:35.818+0000] {logging_mixin.py:120} INFO - [2025-01-23T19:58:35.818+0000] {dag.py:2585} INFO - Sync 1 DAGs
[2025-01-23T19:58:35.868+0000] {logging_mixin.py:120} INFO - [2025-01-23T19:58:35.868+0000] {dag.py:3340} INFO - Setting next_dagrun for example_sla_dag to 2025-01-23T19:56:00+00:00, run_after=2025-01-23T19:58:00+00:00
[2025-01-23T19:58:36.461+0000] {processor.py:176} INFO - Processing /home/airflow/.local/lib/python3.7/site-packages/airflow/example_dags/example_sla_dag.py took 0.787 seconds
[2025-01-23T19:59:07.492+0000] {processor.py:154} INFO - Started process (PID=46220) to work on /home/airflow/.local/lib/python3.7/site-packages/airflow/example_dags/example_sla_dag.py
[2025-01-23T19:59:07.496+0000] {processor.py:756} INFO - Processing file /home/airflow/.local/lib/python3.7/site-packages/airflow/example_dags/example_sla_dag.py for tasks to queue
[2025-01-23T19:59:07.500+0000] {logging_mixin.py:120} INFO - [2025-01-23T19:59:07.500+0000] {dagbag.py:537} INFO - Filling up the DagBag from /home/airflow/.local/lib/python3.7/site-packages/airflow/example_dags/example_sla_dag.py
[2025-01-23T19:59:07.601+0000] {processor.py:766} INFO - DAG(s) dict_keys(['example_sla_dag']) retrieved from /home/airflow/.local/lib/python3.7/site-packages/airflow/example_dags/example_sla_dag.py
[2025-01-23T19:59:07.670+0000] {logging_mixin.py:120} INFO - [2025-01-23T19:59:07.670+0000] {dag.py:2585} INFO - Sync 1 DAGs
[2025-01-23T19:59:07.728+0000] {logging_mixin.py:120} INFO - [2025-01-23T19:59:07.727+0000] {dag.py:3340} INFO - Setting next_dagrun for example_sla_dag to 2025-01-23T19:56:00+00:00, run_after=2025-01-23T19:58:00+00:00
[2025-01-23T19:59:07.764+0000] {processor.py:176} INFO - Processing /home/airflow/.local/lib/python3.7/site-packages/airflow/example_dags/example_sla_dag.py took 0.288 seconds
[2025-01-23T19:59:38.144+0000] {processor.py:154} INFO - Started process (PID=46284) to work on /home/airflow/.local/lib/python3.7/site-packages/airflow/example_dags/example_sla_dag.py
[2025-01-23T19:59:38.146+0000] {processor.py:756} INFO - Processing file /home/airflow/.local/lib/python3.7/site-packages/airflow/example_dags/example_sla_dag.py for tasks to queue
[2025-01-23T19:59:38.148+0000] {logging_mixin.py:120} INFO - [2025-01-23T19:59:38.148+0000] {dagbag.py:537} INFO - Filling up the DagBag from /home/airflow/.local/lib/python3.7/site-packages/airflow/example_dags/example_sla_dag.py
[2025-01-23T19:59:38.210+0000] {processor.py:766} INFO - DAG(s) dict_keys(['example_sla_dag']) retrieved from /home/airflow/.local/lib/python3.7/site-packages/airflow/example_dags/example_sla_dag.py
[2025-01-23T19:59:38.289+0000] {logging_mixin.py:120} INFO - [2025-01-23T19:59:38.289+0000] {dag.py:2585} INFO - Sync 1 DAGs
[2025-01-23T19:59:38.344+0000] {logging_mixin.py:120} INFO - [2025-01-23T19:59:38.343+0000] {dag.py:3340} INFO - Setting next_dagrun for example_sla_dag to 2025-01-23T19:56:00+00:00, run_after=2025-01-23T19:58:00+00:00
[2025-01-23T19:59:38.384+0000] {processor.py:176} INFO - Processing /home/airflow/.local/lib/python3.7/site-packages/airflow/example_dags/example_sla_dag.py took 0.248 seconds
[2025-01-23T20:00:08.557+0000] {processor.py:154} INFO - Started process (PID=46339) to work on /home/airflow/.local/lib/python3.7/site-packages/airflow/example_dags/example_sla_dag.py
[2025-01-23T20:00:08.558+0000] {processor.py:756} INFO - Processing file /home/airflow/.local/lib/python3.7/site-packages/airflow/example_dags/example_sla_dag.py for tasks to queue
[2025-01-23T20:00:08.560+0000] {logging_mixin.py:120} INFO - [2025-01-23T20:00:08.559+0000] {dagbag.py:537} INFO - Filling up the DagBag from /home/airflow/.local/lib/python3.7/site-packages/airflow/example_dags/example_sla_dag.py
[2025-01-23T20:00:08.594+0000] {processor.py:766} INFO - DAG(s) dict_keys(['example_sla_dag']) retrieved from /home/airflow/.local/lib/python3.7/site-packages/airflow/example_dags/example_sla_dag.py
[2025-01-23T20:00:08.654+0000] {logging_mixin.py:120} INFO - [2025-01-23T20:00:08.654+0000] {dag.py:2585} INFO - Sync 1 DAGs
[2025-01-23T20:00:08.705+0000] {logging_mixin.py:120} INFO - [2025-01-23T20:00:08.705+0000] {dag.py:3340} INFO - Setting next_dagrun for example_sla_dag to 2025-01-23T19:58:00+00:00, run_after=2025-01-23T20:00:00+00:00
[2025-01-23T20:00:08.739+0000] {processor.py:176} INFO - Processing /home/airflow/.local/lib/python3.7/site-packages/airflow/example_dags/example_sla_dag.py took 0.186 seconds
[2025-01-23T20:00:38.812+0000] {processor.py:154} INFO - Started process (PID=46393) to work on /home/airflow/.local/lib/python3.7/site-packages/airflow/example_dags/example_sla_dag.py
[2025-01-23T20:00:38.813+0000] {processor.py:756} INFO - Processing file /home/airflow/.local/lib/python3.7/site-packages/airflow/example_dags/example_sla_dag.py for tasks to queue
[2025-01-23T20:00:38.815+0000] {logging_mixin.py:120} INFO - [2025-01-23T20:00:38.815+0000] {dagbag.py:537} INFO - Filling up the DagBag from /home/airflow/.local/lib/python3.7/site-packages/airflow/example_dags/example_sla_dag.py
[2025-01-23T20:00:38.859+0000] {processor.py:766} INFO - DAG(s) dict_keys(['example_sla_dag']) retrieved from /home/airflow/.local/lib/python3.7/site-packages/airflow/example_dags/example_sla_dag.py
[2025-01-23T20:00:38.948+0000] {logging_mixin.py:120} INFO - [2025-01-23T20:00:38.948+0000] {dag.py:2585} INFO - Sync 1 DAGs
[2025-01-23T20:00:39.029+0000] {logging_mixin.py:120} INFO - [2025-01-23T20:00:39.029+0000] {dag.py:3340} INFO - Setting next_dagrun for example_sla_dag to 2025-01-23T19:58:00+00:00, run_after=2025-01-23T20:00:00+00:00
[2025-01-23T20:00:39.075+0000] {processor.py:176} INFO - Processing /home/airflow/.local/lib/python3.7/site-packages/airflow/example_dags/example_sla_dag.py took 0.269 seconds
[2025-01-23T20:01:09.938+0000] {processor.py:154} INFO - Started process (PID=46457) to work on /home/airflow/.local/lib/python3.7/site-packages/airflow/example_dags/example_sla_dag.py
[2025-01-23T20:01:09.941+0000] {processor.py:756} INFO - Processing file /home/airflow/.local/lib/python3.7/site-packages/airflow/example_dags/example_sla_dag.py for tasks to queue
[2025-01-23T20:01:09.943+0000] {logging_mixin.py:120} INFO - [2025-01-23T20:01:09.943+0000] {dagbag.py:537} INFO - Filling up the DagBag from /home/airflow/.local/lib/python3.7/site-packages/airflow/example_dags/example_sla_dag.py
[2025-01-23T20:01:10.003+0000] {processor.py:766} INFO - DAG(s) dict_keys(['example_sla_dag']) retrieved from /home/airflow/.local/lib/python3.7/site-packages/airflow/example_dags/example_sla_dag.py
[2025-01-23T20:01:10.078+0000] {logging_mixin.py:120} INFO - [2025-01-23T20:01:10.077+0000] {dag.py:2585} INFO - Sync 1 DAGs
[2025-01-23T20:01:10.140+0000] {logging_mixin.py:120} INFO - [2025-01-23T20:01:10.140+0000] {dag.py:3340} INFO - Setting next_dagrun for example_sla_dag to 2025-01-23T19:58:00+00:00, run_after=2025-01-23T20:00:00+00:00
[2025-01-23T20:01:10.182+0000] {processor.py:176} INFO - Processing /home/airflow/.local/lib/python3.7/site-packages/airflow/example_dags/example_sla_dag.py took 0.252 seconds
[2025-01-23T20:01:40.634+0000] {processor.py:154} INFO - Started process (PID=46511) to work on /home/airflow/.local/lib/python3.7/site-packages/airflow/example_dags/example_sla_dag.py
[2025-01-23T20:01:40.636+0000] {processor.py:756} INFO - Processing file /home/airflow/.local/lib/python3.7/site-packages/airflow/example_dags/example_sla_dag.py for tasks to queue
[2025-01-23T20:01:40.638+0000] {logging_mixin.py:120} INFO - [2025-01-23T20:01:40.637+0000] {dagbag.py:537} INFO - Filling up the DagBag from /home/airflow/.local/lib/python3.7/site-packages/airflow/example_dags/example_sla_dag.py
[2025-01-23T20:01:40.681+0000] {processor.py:766} INFO - DAG(s) dict_keys(['example_sla_dag']) retrieved from /home/airflow/.local/lib/python3.7/site-packages/airflow/example_dags/example_sla_dag.py
[2025-01-23T20:01:40.761+0000] {logging_mixin.py:120} INFO - [2025-01-23T20:01:40.760+0000] {dag.py:2585} INFO - Sync 1 DAGs
[2025-01-23T20:01:40.834+0000] {logging_mixin.py:120} INFO - [2025-01-23T20:01:40.834+0000] {dag.py:3340} INFO - Setting next_dagrun for example_sla_dag to 2025-01-23T19:58:00+00:00, run_after=2025-01-23T20:00:00+00:00
[2025-01-23T20:01:40.926+0000] {processor.py:176} INFO - Processing /home/airflow/.local/lib/python3.7/site-packages/airflow/example_dags/example_sla_dag.py took 0.298 seconds
[2025-01-23T20:02:11.253+0000] {processor.py:154} INFO - Started process (PID=46573) to work on /home/airflow/.local/lib/python3.7/site-packages/airflow/example_dags/example_sla_dag.py
[2025-01-23T20:02:11.254+0000] {processor.py:756} INFO - Processing file /home/airflow/.local/lib/python3.7/site-packages/airflow/example_dags/example_sla_dag.py for tasks to queue
[2025-01-23T20:02:11.256+0000] {logging_mixin.py:120} INFO - [2025-01-23T20:02:11.256+0000] {dagbag.py:537} INFO - Filling up the DagBag from /home/airflow/.local/lib/python3.7/site-packages/airflow/example_dags/example_sla_dag.py
[2025-01-23T20:02:11.300+0000] {processor.py:766} INFO - DAG(s) dict_keys(['example_sla_dag']) retrieved from /home/airflow/.local/lib/python3.7/site-packages/airflow/example_dags/example_sla_dag.py
[2025-01-23T20:02:11.383+0000] {logging_mixin.py:120} INFO - [2025-01-23T20:02:11.383+0000] {dag.py:2585} INFO - Sync 1 DAGs
[2025-01-23T20:02:11.457+0000] {logging_mixin.py:120} INFO - [2025-01-23T20:02:11.457+0000] {dag.py:3340} INFO - Setting next_dagrun for example_sla_dag to 2025-01-23T20:00:00+00:00, run_after=2025-01-23T20:02:00+00:00
[2025-01-23T20:02:11.496+0000] {processor.py:176} INFO - Processing /home/airflow/.local/lib/python3.7/site-packages/airflow/example_dags/example_sla_dag.py took 0.248 seconds
[2025-01-23T20:02:42.041+0000] {processor.py:154} INFO - Started process (PID=46627) to work on /home/airflow/.local/lib/python3.7/site-packages/airflow/example_dags/example_sla_dag.py
[2025-01-23T20:02:42.043+0000] {processor.py:756} INFO - Processing file /home/airflow/.local/lib/python3.7/site-packages/airflow/example_dags/example_sla_dag.py for tasks to queue
[2025-01-23T20:02:42.045+0000] {logging_mixin.py:120} INFO - [2025-01-23T20:02:42.045+0000] {dagbag.py:537} INFO - Filling up the DagBag from /home/airflow/.local/lib/python3.7/site-packages/airflow/example_dags/example_sla_dag.py
[2025-01-23T20:02:42.096+0000] {processor.py:766} INFO - DAG(s) dict_keys(['example_sla_dag']) retrieved from /home/airflow/.local/lib/python3.7/site-packages/airflow/example_dags/example_sla_dag.py
[2025-01-23T20:02:42.196+0000] {logging_mixin.py:120} INFO - [2025-01-23T20:02:42.196+0000] {dag.py:2585} INFO - Sync 1 DAGs
[2025-01-23T20:02:42.299+0000] {logging_mixin.py:120} INFO - [2025-01-23T20:02:42.299+0000] {dag.py:3340} INFO - Setting next_dagrun for example_sla_dag to 2025-01-23T20:00:00+00:00, run_after=2025-01-23T20:02:00+00:00
[2025-01-23T20:02:42.343+0000] {processor.py:176} INFO - Processing /home/airflow/.local/lib/python3.7/site-packages/airflow/example_dags/example_sla_dag.py took 0.310 seconds
[2025-01-23T20:03:13.310+0000] {processor.py:154} INFO - Started process (PID=46681) to work on /home/airflow/.local/lib/python3.7/site-packages/airflow/example_dags/example_sla_dag.py
[2025-01-23T20:03:13.315+0000] {processor.py:756} INFO - Processing file /home/airflow/.local/lib/python3.7/site-packages/airflow/example_dags/example_sla_dag.py for tasks to queue
[2025-01-23T20:03:13.318+0000] {logging_mixin.py:120} INFO - [2025-01-23T20:03:13.318+0000] {dagbag.py:537} INFO - Filling up the DagBag from /home/airflow/.local/lib/python3.7/site-packages/airflow/example_dags/example_sla_dag.py
[2025-01-23T20:03:13.429+0000] {processor.py:766} INFO - DAG(s) dict_keys(['example_sla_dag']) retrieved from /home/airflow/.local/lib/python3.7/site-packages/airflow/example_dags/example_sla_dag.py
[2025-01-23T20:03:13.592+0000] {logging_mixin.py:120} INFO - [2025-01-23T20:03:13.591+0000] {dag.py:2585} INFO - Sync 1 DAGs
[2025-01-23T20:03:13.683+0000] {logging_mixin.py:120} INFO - [2025-01-23T20:03:13.682+0000] {dag.py:3340} INFO - Setting next_dagrun for example_sla_dag to 2025-01-23T20:00:00+00:00, run_after=2025-01-23T20:02:00+00:00
[2025-01-23T20:03:13.740+0000] {processor.py:176} INFO - Processing /home/airflow/.local/lib/python3.7/site-packages/airflow/example_dags/example_sla_dag.py took 0.445 seconds
[2025-01-23T20:03:44.311+0000] {processor.py:154} INFO - Started process (PID=46744) to work on /home/airflow/.local/lib/python3.7/site-packages/airflow/example_dags/example_sla_dag.py
[2025-01-23T20:03:44.312+0000] {processor.py:756} INFO - Processing file /home/airflow/.local/lib/python3.7/site-packages/airflow/example_dags/example_sla_dag.py for tasks to queue
[2025-01-23T20:03:44.314+0000] {logging_mixin.py:120} INFO - [2025-01-23T20:03:44.313+0000] {dagbag.py:537} INFO - Filling up the DagBag from /home/airflow/.local/lib/python3.7/site-packages/airflow/example_dags/example_sla_dag.py
[2025-01-23T20:03:44.357+0000] {processor.py:766} INFO - DAG(s) dict_keys(['example_sla_dag']) retrieved from /home/airflow/.local/lib/python3.7/site-packages/airflow/example_dags/example_sla_dag.py
[2025-01-23T20:03:44.424+0000] {logging_mixin.py:120} INFO - [2025-01-23T20:03:44.424+0000] {dag.py:2585} INFO - Sync 1 DAGs
[2025-01-23T20:03:44.477+0000] {logging_mixin.py:120} INFO - [2025-01-23T20:03:44.477+0000] {dag.py:3340} INFO - Setting next_dagrun for example_sla_dag to 2025-01-23T20:00:00+00:00, run_after=2025-01-23T20:02:00+00:00
[2025-01-23T20:03:44.509+0000] {processor.py:176} INFO - Processing /home/airflow/.local/lib/python3.7/site-packages/airflow/example_dags/example_sla_dag.py took 0.204 seconds
[2025-01-23T20:04:14.808+0000] {processor.py:154} INFO - Started process (PID=46798) to work on /home/airflow/.local/lib/python3.7/site-packages/airflow/example_dags/example_sla_dag.py
[2025-01-23T20:04:14.810+0000] {processor.py:756} INFO - Processing file /home/airflow/.local/lib/python3.7/site-packages/airflow/example_dags/example_sla_dag.py for tasks to queue
[2025-01-23T20:04:14.811+0000] {logging_mixin.py:120} INFO - [2025-01-23T20:04:14.811+0000] {dagbag.py:537} INFO - Filling up the DagBag from /home/airflow/.local/lib/python3.7/site-packages/airflow/example_dags/example_sla_dag.py
[2025-01-23T20:04:14.855+0000] {processor.py:766} INFO - DAG(s) dict_keys(['example_sla_dag']) retrieved from /home/airflow/.local/lib/python3.7/site-packages/airflow/example_dags/example_sla_dag.py
[2025-01-23T20:04:14.920+0000] {logging_mixin.py:120} INFO - [2025-01-23T20:04:14.920+0000] {dag.py:2585} INFO - Sync 1 DAGs
[2025-01-23T20:04:14.982+0000] {logging_mixin.py:120} INFO - [2025-01-23T20:04:14.981+0000] {dag.py:3340} INFO - Setting next_dagrun for example_sla_dag to 2025-01-23T20:02:00+00:00, run_after=2025-01-23T20:04:00+00:00
[2025-01-23T20:04:15.012+0000] {processor.py:176} INFO - Processing /home/airflow/.local/lib/python3.7/site-packages/airflow/example_dags/example_sla_dag.py took 0.210 seconds
[2025-01-23T20:04:45.313+0000] {processor.py:154} INFO - Started process (PID=46861) to work on /home/airflow/.local/lib/python3.7/site-packages/airflow/example_dags/example_sla_dag.py
[2025-01-23T20:04:45.315+0000] {processor.py:756} INFO - Processing file /home/airflow/.local/lib/python3.7/site-packages/airflow/example_dags/example_sla_dag.py for tasks to queue
[2025-01-23T20:04:45.317+0000] {logging_mixin.py:120} INFO - [2025-01-23T20:04:45.316+0000] {dagbag.py:537} INFO - Filling up the DagBag from /home/airflow/.local/lib/python3.7/site-packages/airflow/example_dags/example_sla_dag.py
[2025-01-23T20:04:45.364+0000] {processor.py:766} INFO - DAG(s) dict_keys(['example_sla_dag']) retrieved from /home/airflow/.local/lib/python3.7/site-packages/airflow/example_dags/example_sla_dag.py
[2025-01-23T20:04:45.441+0000] {logging_mixin.py:120} INFO - [2025-01-23T20:04:45.441+0000] {dag.py:2585} INFO - Sync 1 DAGs
[2025-01-23T20:04:45.518+0000] {logging_mixin.py:120} INFO - [2025-01-23T20:04:45.518+0000] {dag.py:3340} INFO - Setting next_dagrun for example_sla_dag to 2025-01-23T20:02:00+00:00, run_after=2025-01-23T20:04:00+00:00
[2025-01-23T20:04:45.570+0000] {processor.py:176} INFO - Processing /home/airflow/.local/lib/python3.7/site-packages/airflow/example_dags/example_sla_dag.py took 0.266 seconds
[2025-01-23T20:05:16.456+0000] {processor.py:154} INFO - Started process (PID=46915) to work on /home/airflow/.local/lib/python3.7/site-packages/airflow/example_dags/example_sla_dag.py
[2025-01-23T20:05:16.458+0000] {processor.py:756} INFO - Processing file /home/airflow/.local/lib/python3.7/site-packages/airflow/example_dags/example_sla_dag.py for tasks to queue
[2025-01-23T20:05:16.459+0000] {logging_mixin.py:120} INFO - [2025-01-23T20:05:16.459+0000] {dagbag.py:537} INFO - Filling up the DagBag from /home/airflow/.local/lib/python3.7/site-packages/airflow/example_dags/example_sla_dag.py
[2025-01-23T20:05:16.507+0000] {processor.py:766} INFO - DAG(s) dict_keys(['example_sla_dag']) retrieved from /home/airflow/.local/lib/python3.7/site-packages/airflow/example_dags/example_sla_dag.py
[2025-01-23T20:05:16.594+0000] {logging_mixin.py:120} INFO - [2025-01-23T20:05:16.593+0000] {dag.py:2585} INFO - Sync 1 DAGs
[2025-01-23T20:05:16.674+0000] {logging_mixin.py:120} INFO - [2025-01-23T20:05:16.674+0000] {dag.py:3340} INFO - Setting next_dagrun for example_sla_dag to 2025-01-23T20:02:00+00:00, run_after=2025-01-23T20:04:00+00:00
[2025-01-23T20:05:16.712+0000] {processor.py:176} INFO - Processing /home/airflow/.local/lib/python3.7/site-packages/airflow/example_dags/example_sla_dag.py took 0.261 seconds
[2025-01-23T20:05:47.109+0000] {processor.py:154} INFO - Started process (PID=46978) to work on /home/airflow/.local/lib/python3.7/site-packages/airflow/example_dags/example_sla_dag.py
[2025-01-23T20:05:47.112+0000] {processor.py:756} INFO - Processing file /home/airflow/.local/lib/python3.7/site-packages/airflow/example_dags/example_sla_dag.py for tasks to queue
[2025-01-23T20:05:47.114+0000] {logging_mixin.py:120} INFO - [2025-01-23T20:05:47.114+0000] {dagbag.py:537} INFO - Filling up the DagBag from /home/airflow/.local/lib/python3.7/site-packages/airflow/example_dags/example_sla_dag.py
[2025-01-23T20:05:47.180+0000] {processor.py:766} INFO - DAG(s) dict_keys(['example_sla_dag']) retrieved from /home/airflow/.local/lib/python3.7/site-packages/airflow/example_dags/example_sla_dag.py
[2025-01-23T20:05:47.295+0000] {logging_mixin.py:120} INFO - [2025-01-23T20:05:47.295+0000] {dag.py:2585} INFO - Sync 1 DAGs
[2025-01-23T20:05:47.372+0000] {logging_mixin.py:120} INFO - [2025-01-23T20:05:47.371+0000] {dag.py:3340} INFO - Setting next_dagrun for example_sla_dag to 2025-01-23T20:02:00+00:00, run_after=2025-01-23T20:04:00+00:00
[2025-01-23T20:05:47.411+0000] {processor.py:176} INFO - Processing /home/airflow/.local/lib/python3.7/site-packages/airflow/example_dags/example_sla_dag.py took 0.310 seconds
[2025-01-23T20:06:17.806+0000] {processor.py:154} INFO - Started process (PID=47032) to work on /home/airflow/.local/lib/python3.7/site-packages/airflow/example_dags/example_sla_dag.py
[2025-01-23T20:06:17.808+0000] {processor.py:756} INFO - Processing file /home/airflow/.local/lib/python3.7/site-packages/airflow/example_dags/example_sla_dag.py for tasks to queue
[2025-01-23T20:06:17.810+0000] {logging_mixin.py:120} INFO - [2025-01-23T20:06:17.810+0000] {dagbag.py:537} INFO - Filling up the DagBag from /home/airflow/.local/lib/python3.7/site-packages/airflow/example_dags/example_sla_dag.py
[2025-01-23T20:06:17.893+0000] {processor.py:766} INFO - DAG(s) dict_keys(['example_sla_dag']) retrieved from /home/airflow/.local/lib/python3.7/site-packages/airflow/example_dags/example_sla_dag.py
[2025-01-23T20:06:17.987+0000] {logging_mixin.py:120} INFO - [2025-01-23T20:06:17.987+0000] {dag.py:2585} INFO - Sync 1 DAGs
[2025-01-23T20:06:18.067+0000] {logging_mixin.py:120} INFO - [2025-01-23T20:06:18.067+0000] {dag.py:3340} INFO - Setting next_dagrun for example_sla_dag to 2025-01-23T20:04:00+00:00, run_after=2025-01-23T20:06:00+00:00
[2025-01-23T20:06:18.116+0000] {processor.py:176} INFO - Processing /home/airflow/.local/lib/python3.7/site-packages/airflow/example_dags/example_sla_dag.py took 0.317 seconds
[2025-01-23T20:06:48.775+0000] {processor.py:154} INFO - Started process (PID=47095) to work on /home/airflow/.local/lib/python3.7/site-packages/airflow/example_dags/example_sla_dag.py
[2025-01-23T20:06:48.777+0000] {processor.py:756} INFO - Processing file /home/airflow/.local/lib/python3.7/site-packages/airflow/example_dags/example_sla_dag.py for tasks to queue
[2025-01-23T20:06:48.779+0000] {logging_mixin.py:120} INFO - [2025-01-23T20:06:48.779+0000] {dagbag.py:537} INFO - Filling up the DagBag from /home/airflow/.local/lib/python3.7/site-packages/airflow/example_dags/example_sla_dag.py
[2025-01-23T20:06:48.837+0000] {processor.py:766} INFO - DAG(s) dict_keys(['example_sla_dag']) retrieved from /home/airflow/.local/lib/python3.7/site-packages/airflow/example_dags/example_sla_dag.py
[2025-01-23T20:06:48.911+0000] {logging_mixin.py:120} INFO - [2025-01-23T20:06:48.911+0000] {dag.py:2585} INFO - Sync 1 DAGs
[2025-01-23T20:06:48.960+0000] {logging_mixin.py:120} INFO - [2025-01-23T20:06:48.960+0000] {dag.py:3340} INFO - Setting next_dagrun for example_sla_dag to 2025-01-23T20:04:00+00:00, run_after=2025-01-23T20:06:00+00:00
[2025-01-23T20:06:48.997+0000] {processor.py:176} INFO - Processing /home/airflow/.local/lib/python3.7/site-packages/airflow/example_dags/example_sla_dag.py took 0.229 seconds
[2025-01-23T20:07:19.458+0000] {processor.py:154} INFO - Started process (PID=47149) to work on /home/airflow/.local/lib/python3.7/site-packages/airflow/example_dags/example_sla_dag.py
[2025-01-23T20:07:19.460+0000] {processor.py:756} INFO - Processing file /home/airflow/.local/lib/python3.7/site-packages/airflow/example_dags/example_sla_dag.py for tasks to queue
[2025-01-23T20:07:19.461+0000] {logging_mixin.py:120} INFO - [2025-01-23T20:07:19.461+0000] {dagbag.py:537} INFO - Filling up the DagBag from /home/airflow/.local/lib/python3.7/site-packages/airflow/example_dags/example_sla_dag.py
[2025-01-23T20:07:19.501+0000] {processor.py:766} INFO - DAG(s) dict_keys(['example_sla_dag']) retrieved from /home/airflow/.local/lib/python3.7/site-packages/airflow/example_dags/example_sla_dag.py
[2025-01-23T20:07:19.567+0000] {logging_mixin.py:120} INFO - [2025-01-23T20:07:19.566+0000] {dag.py:2585} INFO - Sync 1 DAGs
[2025-01-23T20:07:19.614+0000] {logging_mixin.py:120} INFO - [2025-01-23T20:07:19.614+0000] {dag.py:3340} INFO - Setting next_dagrun for example_sla_dag to 2025-01-23T20:04:00+00:00, run_after=2025-01-23T20:06:00+00:00
[2025-01-23T20:07:19.652+0000] {processor.py:176} INFO - Processing /home/airflow/.local/lib/python3.7/site-packages/airflow/example_dags/example_sla_dag.py took 0.199 seconds
[2025-01-23T20:07:49.984+0000] {processor.py:154} INFO - Started process (PID=47209) to work on /home/airflow/.local/lib/python3.7/site-packages/airflow/example_dags/example_sla_dag.py
[2025-01-23T20:07:49.985+0000] {processor.py:756} INFO - Processing file /home/airflow/.local/lib/python3.7/site-packages/airflow/example_dags/example_sla_dag.py for tasks to queue
[2025-01-23T20:07:49.987+0000] {logging_mixin.py:120} INFO - [2025-01-23T20:07:49.986+0000] {dagbag.py:537} INFO - Filling up the DagBag from /home/airflow/.local/lib/python3.7/site-packages/airflow/example_dags/example_sla_dag.py
[2025-01-23T20:07:50.040+0000] {processor.py:766} INFO - DAG(s) dict_keys(['example_sla_dag']) retrieved from /home/airflow/.local/lib/python3.7/site-packages/airflow/example_dags/example_sla_dag.py
[2025-01-23T20:07:50.116+0000] {logging_mixin.py:120} INFO - [2025-01-23T20:07:50.116+0000] {dag.py:2585} INFO - Sync 1 DAGs
[2025-01-23T20:07:50.180+0000] {logging_mixin.py:120} INFO - [2025-01-23T20:07:50.179+0000] {dag.py:3340} INFO - Setting next_dagrun for example_sla_dag to 2025-01-23T20:04:00+00:00, run_after=2025-01-23T20:06:00+00:00
[2025-01-23T20:07:50.212+0000] {processor.py:176} INFO - Processing /home/airflow/.local/lib/python3.7/site-packages/airflow/example_dags/example_sla_dag.py took 0.236 seconds
[2025-01-23T20:08:20.682+0000] {processor.py:154} INFO - Started process (PID=47265) to work on /home/airflow/.local/lib/python3.7/site-packages/airflow/example_dags/example_sla_dag.py
[2025-01-23T20:08:20.684+0000] {processor.py:756} INFO - Processing file /home/airflow/.local/lib/python3.7/site-packages/airflow/example_dags/example_sla_dag.py for tasks to queue
[2025-01-23T20:08:20.685+0000] {logging_mixin.py:120} INFO - [2025-01-23T20:08:20.685+0000] {dagbag.py:537} INFO - Filling up the DagBag from /home/airflow/.local/lib/python3.7/site-packages/airflow/example_dags/example_sla_dag.py
[2025-01-23T20:08:20.726+0000] {processor.py:766} INFO - DAG(s) dict_keys(['example_sla_dag']) retrieved from /home/airflow/.local/lib/python3.7/site-packages/airflow/example_dags/example_sla_dag.py
[2025-01-23T20:08:20.800+0000] {logging_mixin.py:120} INFO - [2025-01-23T20:08:20.800+0000] {dag.py:2585} INFO - Sync 1 DAGs
[2025-01-23T20:08:20.848+0000] {logging_mixin.py:120} INFO - [2025-01-23T20:08:20.847+0000] {dag.py:3340} INFO - Setting next_dagrun for example_sla_dag to 2025-01-23T20:06:00+00:00, run_after=2025-01-23T20:08:00+00:00
[2025-01-23T20:08:20.881+0000] {processor.py:176} INFO - Processing /home/airflow/.local/lib/python3.7/site-packages/airflow/example_dags/example_sla_dag.py took 0.204 seconds
[2025-01-23T20:08:51.684+0000] {processor.py:154} INFO - Started process (PID=47319) to work on /home/airflow/.local/lib/python3.7/site-packages/airflow/example_dags/example_sla_dag.py
[2025-01-23T20:08:51.688+0000] {processor.py:756} INFO - Processing file /home/airflow/.local/lib/python3.7/site-packages/airflow/example_dags/example_sla_dag.py for tasks to queue
[2025-01-23T20:08:51.691+0000] {logging_mixin.py:120} INFO - [2025-01-23T20:08:51.691+0000] {dagbag.py:537} INFO - Filling up the DagBag from /home/airflow/.local/lib/python3.7/site-packages/airflow/example_dags/example_sla_dag.py
[2025-01-23T20:08:51.795+0000] {processor.py:766} INFO - DAG(s) dict_keys(['example_sla_dag']) retrieved from /home/airflow/.local/lib/python3.7/site-packages/airflow/example_dags/example_sla_dag.py
[2025-01-23T20:08:51.920+0000] {logging_mixin.py:120} INFO - [2025-01-23T20:08:51.919+0000] {dag.py:2585} INFO - Sync 1 DAGs
[2025-01-23T20:08:52.018+0000] {logging_mixin.py:120} INFO - [2025-01-23T20:08:52.017+0000] {dag.py:3340} INFO - Setting next_dagrun for example_sla_dag to 2025-01-23T20:06:00+00:00, run_after=2025-01-23T20:08:00+00:00
[2025-01-23T20:08:52.079+0000] {processor.py:176} INFO - Processing /home/airflow/.local/lib/python3.7/site-packages/airflow/example_dags/example_sla_dag.py took 0.411 seconds
[2025-01-23T20:09:22.150+0000] {processor.py:154} INFO - Started process (PID=47382) to work on /home/airflow/.local/lib/python3.7/site-packages/airflow/example_dags/example_sla_dag.py
[2025-01-23T20:09:22.152+0000] {processor.py:756} INFO - Processing file /home/airflow/.local/lib/python3.7/site-packages/airflow/example_dags/example_sla_dag.py for tasks to queue
[2025-01-23T20:09:22.153+0000] {logging_mixin.py:120} INFO - [2025-01-23T20:09:22.153+0000] {dagbag.py:537} INFO - Filling up the DagBag from /home/airflow/.local/lib/python3.7/site-packages/airflow/example_dags/example_sla_dag.py
[2025-01-23T20:09:22.192+0000] {processor.py:766} INFO - DAG(s) dict_keys(['example_sla_dag']) retrieved from /home/airflow/.local/lib/python3.7/site-packages/airflow/example_dags/example_sla_dag.py
[2025-01-23T20:09:22.259+0000] {logging_mixin.py:120} INFO - [2025-01-23T20:09:22.259+0000] {dag.py:2585} INFO - Sync 1 DAGs
[2025-01-23T20:09:22.308+0000] {logging_mixin.py:120} INFO - [2025-01-23T20:09:22.308+0000] {dag.py:3340} INFO - Setting next_dagrun for example_sla_dag to 2025-01-23T20:06:00+00:00, run_after=2025-01-23T20:08:00+00:00
[2025-01-23T20:09:22.345+0000] {processor.py:176} INFO - Processing /home/airflow/.local/lib/python3.7/site-packages/airflow/example_dags/example_sla_dag.py took 0.199 seconds
[2025-01-23T20:09:53.008+0000] {processor.py:154} INFO - Started process (PID=47436) to work on /home/airflow/.local/lib/python3.7/site-packages/airflow/example_dags/example_sla_dag.py
[2025-01-23T20:09:53.010+0000] {processor.py:756} INFO - Processing file /home/airflow/.local/lib/python3.7/site-packages/airflow/example_dags/example_sla_dag.py for tasks to queue
[2025-01-23T20:09:53.011+0000] {logging_mixin.py:120} INFO - [2025-01-23T20:09:53.011+0000] {dagbag.py:537} INFO - Filling up the DagBag from /home/airflow/.local/lib/python3.7/site-packages/airflow/example_dags/example_sla_dag.py
[2025-01-23T20:09:53.053+0000] {processor.py:766} INFO - DAG(s) dict_keys(['example_sla_dag']) retrieved from /home/airflow/.local/lib/python3.7/site-packages/airflow/example_dags/example_sla_dag.py
[2025-01-23T20:09:53.119+0000] {logging_mixin.py:120} INFO - [2025-01-23T20:09:53.119+0000] {dag.py:2585} INFO - Sync 1 DAGs
[2025-01-23T20:09:53.166+0000] {logging_mixin.py:120} INFO - [2025-01-23T20:09:53.166+0000] {dag.py:3340} INFO - Setting next_dagrun for example_sla_dag to 2025-01-23T20:06:00+00:00, run_after=2025-01-23T20:08:00+00:00
[2025-01-23T20:09:53.197+0000] {processor.py:176} INFO - Processing /home/airflow/.local/lib/python3.7/site-packages/airflow/example_dags/example_sla_dag.py took 0.194 seconds
[2025-01-23T20:10:23.687+0000] {processor.py:154} INFO - Started process (PID=47499) to work on /home/airflow/.local/lib/python3.7/site-packages/airflow/example_dags/example_sla_dag.py
[2025-01-23T20:10:23.692+0000] {processor.py:756} INFO - Processing file /home/airflow/.local/lib/python3.7/site-packages/airflow/example_dags/example_sla_dag.py for tasks to queue
[2025-01-23T20:10:23.695+0000] {logging_mixin.py:120} INFO - [2025-01-23T20:10:23.695+0000] {dagbag.py:537} INFO - Filling up the DagBag from /home/airflow/.local/lib/python3.7/site-packages/airflow/example_dags/example_sla_dag.py
[2025-01-23T20:10:23.791+0000] {processor.py:766} INFO - DAG(s) dict_keys(['example_sla_dag']) retrieved from /home/airflow/.local/lib/python3.7/site-packages/airflow/example_dags/example_sla_dag.py
[2025-01-23T20:10:23.963+0000] {logging_mixin.py:120} INFO - [2025-01-23T20:10:23.962+0000] {dag.py:2585} INFO - Sync 1 DAGs
[2025-01-23T20:10:24.086+0000] {logging_mixin.py:120} INFO - [2025-01-23T20:10:24.085+0000] {dag.py:3340} INFO - Setting next_dagrun for example_sla_dag to 2025-01-23T20:08:00+00:00, run_after=2025-01-23T20:10:00+00:00
[2025-01-23T20:10:24.197+0000] {processor.py:176} INFO - Processing /home/airflow/.local/lib/python3.7/site-packages/airflow/example_dags/example_sla_dag.py took 0.524 seconds
[2025-01-23T20:10:54.793+0000] {processor.py:154} INFO - Started process (PID=47553) to work on /home/airflow/.local/lib/python3.7/site-packages/airflow/example_dags/example_sla_dag.py
[2025-01-23T20:10:54.797+0000] {processor.py:756} INFO - Processing file /home/airflow/.local/lib/python3.7/site-packages/airflow/example_dags/example_sla_dag.py for tasks to queue
[2025-01-23T20:10:54.800+0000] {logging_mixin.py:120} INFO - [2025-01-23T20:10:54.800+0000] {dagbag.py:537} INFO - Filling up the DagBag from /home/airflow/.local/lib/python3.7/site-packages/airflow/example_dags/example_sla_dag.py
[2025-01-23T20:10:54.867+0000] {processor.py:766} INFO - DAG(s) dict_keys(['example_sla_dag']) retrieved from /home/airflow/.local/lib/python3.7/site-packages/airflow/example_dags/example_sla_dag.py
[2025-01-23T20:10:54.935+0000] {logging_mixin.py:120} INFO - [2025-01-23T20:10:54.935+0000] {dag.py:2585} INFO - Sync 1 DAGs
[2025-01-23T20:10:54.985+0000] {logging_mixin.py:120} INFO - [2025-01-23T20:10:54.985+0000] {dag.py:3340} INFO - Setting next_dagrun for example_sla_dag to 2025-01-23T20:08:00+00:00, run_after=2025-01-23T20:10:00+00:00
[2025-01-23T20:10:55.016+0000] {processor.py:176} INFO - Processing /home/airflow/.local/lib/python3.7/site-packages/airflow/example_dags/example_sla_dag.py took 0.238 seconds
[2025-01-23T20:11:25.879+0000] {processor.py:154} INFO - Started process (PID=47615) to work on /home/airflow/.local/lib/python3.7/site-packages/airflow/example_dags/example_sla_dag.py
[2025-01-23T20:11:25.883+0000] {processor.py:756} INFO - Processing file /home/airflow/.local/lib/python3.7/site-packages/airflow/example_dags/example_sla_dag.py for tasks to queue
[2025-01-23T20:11:25.887+0000] {logging_mixin.py:120} INFO - [2025-01-23T20:11:25.886+0000] {dagbag.py:537} INFO - Filling up the DagBag from /home/airflow/.local/lib/python3.7/site-packages/airflow/example_dags/example_sla_dag.py
[2025-01-23T20:11:25.991+0000] {processor.py:766} INFO - DAG(s) dict_keys(['example_sla_dag']) retrieved from /home/airflow/.local/lib/python3.7/site-packages/airflow/example_dags/example_sla_dag.py
[2025-01-23T20:11:26.174+0000] {logging_mixin.py:120} INFO - [2025-01-23T20:11:26.174+0000] {dag.py:2585} INFO - Sync 1 DAGs
[2025-01-23T20:11:26.256+0000] {logging_mixin.py:120} INFO - [2025-01-23T20:11:26.255+0000] {dag.py:3340} INFO - Setting next_dagrun for example_sla_dag to 2025-01-23T20:08:00+00:00, run_after=2025-01-23T20:10:00+00:00
[2025-01-23T20:11:26.299+0000] {processor.py:176} INFO - Processing /home/airflow/.local/lib/python3.7/site-packages/airflow/example_dags/example_sla_dag.py took 0.441 seconds
[2025-01-23T20:11:56.694+0000] {processor.py:154} INFO - Started process (PID=47669) to work on /home/airflow/.local/lib/python3.7/site-packages/airflow/example_dags/example_sla_dag.py
[2025-01-23T20:11:56.695+0000] {processor.py:756} INFO - Processing file /home/airflow/.local/lib/python3.7/site-packages/airflow/example_dags/example_sla_dag.py for tasks to queue
[2025-01-23T20:11:56.697+0000] {logging_mixin.py:120} INFO - [2025-01-23T20:11:56.697+0000] {dagbag.py:537} INFO - Filling up the DagBag from /home/airflow/.local/lib/python3.7/site-packages/airflow/example_dags/example_sla_dag.py
[2025-01-23T20:11:56.762+0000] {processor.py:766} INFO - DAG(s) dict_keys(['example_sla_dag']) retrieved from /home/airflow/.local/lib/python3.7/site-packages/airflow/example_dags/example_sla_dag.py
[2025-01-23T20:11:56.876+0000] {logging_mixin.py:120} INFO - [2025-01-23T20:11:56.876+0000] {dag.py:2585} INFO - Sync 1 DAGs
[2025-01-23T20:11:56.963+0000] {logging_mixin.py:120} INFO - [2025-01-23T20:11:56.963+0000] {dag.py:3340} INFO - Setting next_dagrun for example_sla_dag to 2025-01-23T20:08:00+00:00, run_after=2025-01-23T20:10:00+00:00
[2025-01-23T20:11:57.009+0000] {processor.py:176} INFO - Processing /home/airflow/.local/lib/python3.7/site-packages/airflow/example_dags/example_sla_dag.py took 0.324 seconds
[2025-01-23T20:12:27.284+0000] {processor.py:154} INFO - Started process (PID=47724) to work on /home/airflow/.local/lib/python3.7/site-packages/airflow/example_dags/example_sla_dag.py
[2025-01-23T20:12:27.286+0000] {processor.py:756} INFO - Processing file /home/airflow/.local/lib/python3.7/site-packages/airflow/example_dags/example_sla_dag.py for tasks to queue
[2025-01-23T20:12:27.288+0000] {logging_mixin.py:120} INFO - [2025-01-23T20:12:27.288+0000] {dagbag.py:537} INFO - Filling up the DagBag from /home/airflow/.local/lib/python3.7/site-packages/airflow/example_dags/example_sla_dag.py
[2025-01-23T20:12:27.351+0000] {processor.py:766} INFO - DAG(s) dict_keys(['example_sla_dag']) retrieved from /home/airflow/.local/lib/python3.7/site-packages/airflow/example_dags/example_sla_dag.py
[2025-01-23T20:12:27.452+0000] {logging_mixin.py:120} INFO - [2025-01-23T20:12:27.452+0000] {dag.py:2585} INFO - Sync 1 DAGs
[2025-01-23T20:12:27.529+0000] {logging_mixin.py:120} INFO - [2025-01-23T20:12:27.528+0000] {dag.py:3340} INFO - Setting next_dagrun for example_sla_dag to 2025-01-23T20:10:00+00:00, run_after=2025-01-23T20:12:00+00:00
[2025-01-23T20:12:27.577+0000] {processor.py:176} INFO - Processing /home/airflow/.local/lib/python3.7/site-packages/airflow/example_dags/example_sla_dag.py took 0.301 seconds
