[2025-01-23T19:50:37.152+0000] {processor.py:154} INFO - Started process (PID=45312) to work on /home/airflow/.local/lib/python3.7/site-packages/airflow/example_dags/example_branch_operator_decorator.py
[2025-01-23T19:50:37.189+0000] {processor.py:756} INFO - Processing file /home/airflow/.local/lib/python3.7/site-packages/airflow/example_dags/example_branch_operator_decorator.py for tasks to queue
[2025-01-23T19:50:37.196+0000] {logging_mixin.py:120} INFO - [2025-01-23T19:50:37.196+0000] {dagbag.py:537} INFO - Filling up the DagBag from /home/airflow/.local/lib/python3.7/site-packages/airflow/example_dags/example_branch_operator_decorator.py
[2025-01-23T19:50:37.478+0000] {processor.py:766} INFO - DAG(s) dict_keys(['example_branch_python_operator_decorator']) retrieved from /home/airflow/.local/lib/python3.7/site-packages/airflow/example_dags/example_branch_operator_decorator.py
[2025-01-23T19:50:38.043+0000] {logging_mixin.py:120} INFO - [2025-01-23T19:50:38.042+0000] {dag.py:2585} INFO - Sync 1 DAGs
[2025-01-23T19:50:38.397+0000] {logging_mixin.py:120} INFO - [2025-01-23T19:50:38.395+0000] {dag.py:3340} INFO - Setting next_dagrun for example_branch_python_operator_decorator to 2025-01-22T00:00:00+00:00, run_after=2025-01-23T00:00:00+00:00
[2025-01-23T19:50:38.607+0000] {processor.py:176} INFO - Processing /home/airflow/.local/lib/python3.7/site-packages/airflow/example_dags/example_branch_operator_decorator.py took 1.479 seconds
[2025-01-23T19:51:09.657+0000] {processor.py:154} INFO - Started process (PID=45366) to work on /home/airflow/.local/lib/python3.7/site-packages/airflow/example_dags/example_branch_operator_decorator.py
[2025-01-23T19:51:09.663+0000] {processor.py:756} INFO - Processing file /home/airflow/.local/lib/python3.7/site-packages/airflow/example_dags/example_branch_operator_decorator.py for tasks to queue
[2025-01-23T19:51:09.674+0000] {logging_mixin.py:120} INFO - [2025-01-23T19:51:09.674+0000] {dagbag.py:537} INFO - Filling up the DagBag from /home/airflow/.local/lib/python3.7/site-packages/airflow/example_dags/example_branch_operator_decorator.py
[2025-01-23T19:51:09.957+0000] {processor.py:766} INFO - DAG(s) dict_keys(['example_branch_python_operator_decorator']) retrieved from /home/airflow/.local/lib/python3.7/site-packages/airflow/example_dags/example_branch_operator_decorator.py
[2025-01-23T19:51:10.323+0000] {logging_mixin.py:120} INFO - [2025-01-23T19:51:10.323+0000] {dag.py:2585} INFO - Sync 1 DAGs
[2025-01-23T19:51:10.590+0000] {logging_mixin.py:120} INFO - [2025-01-23T19:51:10.589+0000] {dag.py:3340} INFO - Setting next_dagrun for example_branch_python_operator_decorator to 2025-01-22T00:00:00+00:00, run_after=2025-01-23T00:00:00+00:00
[2025-01-23T19:51:10.719+0000] {processor.py:176} INFO - Processing /home/airflow/.local/lib/python3.7/site-packages/airflow/example_dags/example_branch_operator_decorator.py took 1.087 seconds
[2025-01-23T19:51:40.880+0000] {processor.py:154} INFO - Started process (PID=45411) to work on /home/airflow/.local/lib/python3.7/site-packages/airflow/example_dags/example_branch_operator_decorator.py
[2025-01-23T19:51:40.883+0000] {processor.py:756} INFO - Processing file /home/airflow/.local/lib/python3.7/site-packages/airflow/example_dags/example_branch_operator_decorator.py for tasks to queue
[2025-01-23T19:51:40.885+0000] {logging_mixin.py:120} INFO - [2025-01-23T19:51:40.884+0000] {dagbag.py:537} INFO - Filling up the DagBag from /home/airflow/.local/lib/python3.7/site-packages/airflow/example_dags/example_branch_operator_decorator.py
[2025-01-23T19:51:41.055+0000] {processor.py:766} INFO - DAG(s) dict_keys(['example_branch_python_operator_decorator']) retrieved from /home/airflow/.local/lib/python3.7/site-packages/airflow/example_dags/example_branch_operator_decorator.py
[2025-01-23T19:51:41.360+0000] {logging_mixin.py:120} INFO - [2025-01-23T19:51:41.360+0000] {dag.py:2585} INFO - Sync 1 DAGs
[2025-01-23T19:51:41.539+0000] {logging_mixin.py:120} INFO - [2025-01-23T19:51:41.539+0000] {dag.py:3340} INFO - Setting next_dagrun for example_branch_python_operator_decorator to 2025-01-22T00:00:00+00:00, run_after=2025-01-23T00:00:00+00:00
[2025-01-23T19:51:41.652+0000] {processor.py:176} INFO - Processing /home/airflow/.local/lib/python3.7/site-packages/airflow/example_dags/example_branch_operator_decorator.py took 0.792 seconds
[2025-01-23T19:52:11.782+0000] {processor.py:154} INFO - Started process (PID=45465) to work on /home/airflow/.local/lib/python3.7/site-packages/airflow/example_dags/example_branch_operator_decorator.py
[2025-01-23T19:52:11.784+0000] {processor.py:756} INFO - Processing file /home/airflow/.local/lib/python3.7/site-packages/airflow/example_dags/example_branch_operator_decorator.py for tasks to queue
[2025-01-23T19:52:11.795+0000] {logging_mixin.py:120} INFO - [2025-01-23T19:52:11.794+0000] {dagbag.py:537} INFO - Filling up the DagBag from /home/airflow/.local/lib/python3.7/site-packages/airflow/example_dags/example_branch_operator_decorator.py
[2025-01-23T19:52:12.002+0000] {processor.py:766} INFO - DAG(s) dict_keys(['example_branch_python_operator_decorator']) retrieved from /home/airflow/.local/lib/python3.7/site-packages/airflow/example_dags/example_branch_operator_decorator.py
[2025-01-23T19:52:12.242+0000] {logging_mixin.py:120} INFO - [2025-01-23T19:52:12.233+0000] {dag.py:2585} INFO - Sync 1 DAGs
[2025-01-23T19:52:12.397+0000] {logging_mixin.py:120} INFO - [2025-01-23T19:52:12.397+0000] {dag.py:3340} INFO - Setting next_dagrun for example_branch_python_operator_decorator to 2025-01-22T00:00:00+00:00, run_after=2025-01-23T00:00:00+00:00
[2025-01-23T19:52:12.492+0000] {processor.py:176} INFO - Processing /home/airflow/.local/lib/python3.7/site-packages/airflow/example_dags/example_branch_operator_decorator.py took 0.718 seconds
[2025-01-23T19:52:42.832+0000] {processor.py:154} INFO - Started process (PID=45519) to work on /home/airflow/.local/lib/python3.7/site-packages/airflow/example_dags/example_branch_operator_decorator.py
[2025-01-23T19:52:42.834+0000] {processor.py:756} INFO - Processing file /home/airflow/.local/lib/python3.7/site-packages/airflow/example_dags/example_branch_operator_decorator.py for tasks to queue
[2025-01-23T19:52:42.836+0000] {logging_mixin.py:120} INFO - [2025-01-23T19:52:42.836+0000] {dagbag.py:537} INFO - Filling up the DagBag from /home/airflow/.local/lib/python3.7/site-packages/airflow/example_dags/example_branch_operator_decorator.py
[2025-01-23T19:52:42.949+0000] {processor.py:766} INFO - DAG(s) dict_keys(['example_branch_python_operator_decorator']) retrieved from /home/airflow/.local/lib/python3.7/site-packages/airflow/example_dags/example_branch_operator_decorator.py
[2025-01-23T19:52:43.068+0000] {logging_mixin.py:120} INFO - [2025-01-23T19:52:43.068+0000] {dag.py:2585} INFO - Sync 1 DAGs
[2025-01-23T19:52:43.182+0000] {logging_mixin.py:120} INFO - [2025-01-23T19:52:43.182+0000] {dag.py:3340} INFO - Setting next_dagrun for example_branch_python_operator_decorator to 2025-01-22T00:00:00+00:00, run_after=2025-01-23T00:00:00+00:00
[2025-01-23T19:52:43.279+0000] {processor.py:176} INFO - Processing /home/airflow/.local/lib/python3.7/site-packages/airflow/example_dags/example_branch_operator_decorator.py took 0.460 seconds
[2025-01-23T19:53:13.800+0000] {processor.py:154} INFO - Started process (PID=45573) to work on /home/airflow/.local/lib/python3.7/site-packages/airflow/example_dags/example_branch_operator_decorator.py
[2025-01-23T19:53:13.802+0000] {processor.py:756} INFO - Processing file /home/airflow/.local/lib/python3.7/site-packages/airflow/example_dags/example_branch_operator_decorator.py for tasks to queue
[2025-01-23T19:53:13.804+0000] {logging_mixin.py:120} INFO - [2025-01-23T19:53:13.804+0000] {dagbag.py:537} INFO - Filling up the DagBag from /home/airflow/.local/lib/python3.7/site-packages/airflow/example_dags/example_branch_operator_decorator.py
[2025-01-23T19:53:13.856+0000] {processor.py:766} INFO - DAG(s) dict_keys(['example_branch_python_operator_decorator']) retrieved from /home/airflow/.local/lib/python3.7/site-packages/airflow/example_dags/example_branch_operator_decorator.py
[2025-01-23T19:53:13.927+0000] {logging_mixin.py:120} INFO - [2025-01-23T19:53:13.927+0000] {dag.py:2585} INFO - Sync 1 DAGs
[2025-01-23T19:53:13.976+0000] {logging_mixin.py:120} INFO - [2025-01-23T19:53:13.976+0000] {dag.py:3340} INFO - Setting next_dagrun for example_branch_python_operator_decorator to 2025-01-22T00:00:00+00:00, run_after=2025-01-23T00:00:00+00:00
[2025-01-23T19:53:14.009+0000] {processor.py:176} INFO - Processing /home/airflow/.local/lib/python3.7/site-packages/airflow/example_dags/example_branch_operator_decorator.py took 0.217 seconds
[2025-01-23T19:53:44.280+0000] {processor.py:154} INFO - Started process (PID=45627) to work on /home/airflow/.local/lib/python3.7/site-packages/airflow/example_dags/example_branch_operator_decorator.py
[2025-01-23T19:53:44.283+0000] {processor.py:756} INFO - Processing file /home/airflow/.local/lib/python3.7/site-packages/airflow/example_dags/example_branch_operator_decorator.py for tasks to queue
[2025-01-23T19:53:44.285+0000] {logging_mixin.py:120} INFO - [2025-01-23T19:53:44.285+0000] {dagbag.py:537} INFO - Filling up the DagBag from /home/airflow/.local/lib/python3.7/site-packages/airflow/example_dags/example_branch_operator_decorator.py
[2025-01-23T19:53:44.346+0000] {processor.py:766} INFO - DAG(s) dict_keys(['example_branch_python_operator_decorator']) retrieved from /home/airflow/.local/lib/python3.7/site-packages/airflow/example_dags/example_branch_operator_decorator.py
[2025-01-23T19:53:44.422+0000] {logging_mixin.py:120} INFO - [2025-01-23T19:53:44.422+0000] {dag.py:2585} INFO - Sync 1 DAGs
[2025-01-23T19:53:44.473+0000] {logging_mixin.py:120} INFO - [2025-01-23T19:53:44.472+0000] {dag.py:3340} INFO - Setting next_dagrun for example_branch_python_operator_decorator to 2025-01-22T00:00:00+00:00, run_after=2025-01-23T00:00:00+00:00
[2025-01-23T19:53:44.509+0000] {processor.py:176} INFO - Processing /home/airflow/.local/lib/python3.7/site-packages/airflow/example_dags/example_branch_operator_decorator.py took 0.245 seconds
[2025-01-23T19:54:14.876+0000] {processor.py:154} INFO - Started process (PID=45690) to work on /home/airflow/.local/lib/python3.7/site-packages/airflow/example_dags/example_branch_operator_decorator.py
[2025-01-23T19:54:14.882+0000] {processor.py:756} INFO - Processing file /home/airflow/.local/lib/python3.7/site-packages/airflow/example_dags/example_branch_operator_decorator.py for tasks to queue
[2025-01-23T19:54:14.886+0000] {logging_mixin.py:120} INFO - [2025-01-23T19:54:14.886+0000] {dagbag.py:537} INFO - Filling up the DagBag from /home/airflow/.local/lib/python3.7/site-packages/airflow/example_dags/example_branch_operator_decorator.py
[2025-01-23T19:54:14.992+0000] {processor.py:766} INFO - DAG(s) dict_keys(['example_branch_python_operator_decorator']) retrieved from /home/airflow/.local/lib/python3.7/site-packages/airflow/example_dags/example_branch_operator_decorator.py
[2025-01-23T19:54:15.108+0000] {logging_mixin.py:120} INFO - [2025-01-23T19:54:15.107+0000] {dag.py:2585} INFO - Sync 1 DAGs
[2025-01-23T19:54:15.186+0000] {logging_mixin.py:120} INFO - [2025-01-23T19:54:15.186+0000] {dag.py:3340} INFO - Setting next_dagrun for example_branch_python_operator_decorator to 2025-01-22T00:00:00+00:00, run_after=2025-01-23T00:00:00+00:00
[2025-01-23T19:54:15.223+0000] {processor.py:176} INFO - Processing /home/airflow/.local/lib/python3.7/site-packages/airflow/example_dags/example_branch_operator_decorator.py took 0.364 seconds
[2025-01-23T19:54:45.575+0000] {processor.py:154} INFO - Started process (PID=45743) to work on /home/airflow/.local/lib/python3.7/site-packages/airflow/example_dags/example_branch_operator_decorator.py
[2025-01-23T19:54:45.579+0000] {processor.py:756} INFO - Processing file /home/airflow/.local/lib/python3.7/site-packages/airflow/example_dags/example_branch_operator_decorator.py for tasks to queue
[2025-01-23T19:54:45.583+0000] {logging_mixin.py:120} INFO - [2025-01-23T19:54:45.582+0000] {dagbag.py:537} INFO - Filling up the DagBag from /home/airflow/.local/lib/python3.7/site-packages/airflow/example_dags/example_branch_operator_decorator.py
[2025-01-23T19:54:45.693+0000] {processor.py:766} INFO - DAG(s) dict_keys(['example_branch_python_operator_decorator']) retrieved from /home/airflow/.local/lib/python3.7/site-packages/airflow/example_dags/example_branch_operator_decorator.py
[2025-01-23T19:54:45.823+0000] {logging_mixin.py:120} INFO - [2025-01-23T19:54:45.823+0000] {dag.py:2585} INFO - Sync 1 DAGs
[2025-01-23T19:54:45.914+0000] {logging_mixin.py:120} INFO - [2025-01-23T19:54:45.913+0000] {dag.py:3340} INFO - Setting next_dagrun for example_branch_python_operator_decorator to 2025-01-22T00:00:00+00:00, run_after=2025-01-23T00:00:00+00:00
[2025-01-23T19:54:45.973+0000] {processor.py:176} INFO - Processing /home/airflow/.local/lib/python3.7/site-packages/airflow/example_dags/example_branch_operator_decorator.py took 0.412 seconds
[2025-01-23T19:55:17.003+0000] {processor.py:154} INFO - Started process (PID=45798) to work on /home/airflow/.local/lib/python3.7/site-packages/airflow/example_dags/example_branch_operator_decorator.py
[2025-01-23T19:55:17.004+0000] {processor.py:756} INFO - Processing file /home/airflow/.local/lib/python3.7/site-packages/airflow/example_dags/example_branch_operator_decorator.py for tasks to queue
[2025-01-23T19:55:17.006+0000] {logging_mixin.py:120} INFO - [2025-01-23T19:55:17.006+0000] {dagbag.py:537} INFO - Filling up the DagBag from /home/airflow/.local/lib/python3.7/site-packages/airflow/example_dags/example_branch_operator_decorator.py
[2025-01-23T19:55:17.056+0000] {processor.py:766} INFO - DAG(s) dict_keys(['example_branch_python_operator_decorator']) retrieved from /home/airflow/.local/lib/python3.7/site-packages/airflow/example_dags/example_branch_operator_decorator.py
[2025-01-23T19:55:17.133+0000] {logging_mixin.py:120} INFO - [2025-01-23T19:55:17.133+0000] {dag.py:2585} INFO - Sync 1 DAGs
[2025-01-23T19:55:17.190+0000] {logging_mixin.py:120} INFO - [2025-01-23T19:55:17.190+0000] {dag.py:3340} INFO - Setting next_dagrun for example_branch_python_operator_decorator to 2025-01-22T00:00:00+00:00, run_after=2025-01-23T00:00:00+00:00
[2025-01-23T19:55:17.228+0000] {processor.py:176} INFO - Processing /home/airflow/.local/lib/python3.7/site-packages/airflow/example_dags/example_branch_operator_decorator.py took 0.230 seconds
[2025-01-23T19:55:47.665+0000] {processor.py:154} INFO - Started process (PID=45862) to work on /home/airflow/.local/lib/python3.7/site-packages/airflow/example_dags/example_branch_operator_decorator.py
[2025-01-23T19:55:47.666+0000] {processor.py:756} INFO - Processing file /home/airflow/.local/lib/python3.7/site-packages/airflow/example_dags/example_branch_operator_decorator.py for tasks to queue
[2025-01-23T19:55:47.668+0000] {logging_mixin.py:120} INFO - [2025-01-23T19:55:47.668+0000] {dagbag.py:537} INFO - Filling up the DagBag from /home/airflow/.local/lib/python3.7/site-packages/airflow/example_dags/example_branch_operator_decorator.py
[2025-01-23T19:55:47.718+0000] {processor.py:766} INFO - DAG(s) dict_keys(['example_branch_python_operator_decorator']) retrieved from /home/airflow/.local/lib/python3.7/site-packages/airflow/example_dags/example_branch_operator_decorator.py
[2025-01-23T19:55:47.788+0000] {logging_mixin.py:120} INFO - [2025-01-23T19:55:47.788+0000] {dag.py:2585} INFO - Sync 1 DAGs
[2025-01-23T19:55:47.836+0000] {logging_mixin.py:120} INFO - [2025-01-23T19:55:47.836+0000] {dag.py:3340} INFO - Setting next_dagrun for example_branch_python_operator_decorator to 2025-01-22T00:00:00+00:00, run_after=2025-01-23T00:00:00+00:00
[2025-01-23T19:55:47.883+0000] {processor.py:176} INFO - Processing /home/airflow/.local/lib/python3.7/site-packages/airflow/example_dags/example_branch_operator_decorator.py took 0.224 seconds
[2025-01-23T19:56:18.637+0000] {processor.py:154} INFO - Started process (PID=45916) to work on /home/airflow/.local/lib/python3.7/site-packages/airflow/example_dags/example_branch_operator_decorator.py
[2025-01-23T19:56:18.639+0000] {processor.py:756} INFO - Processing file /home/airflow/.local/lib/python3.7/site-packages/airflow/example_dags/example_branch_operator_decorator.py for tasks to queue
[2025-01-23T19:56:18.641+0000] {logging_mixin.py:120} INFO - [2025-01-23T19:56:18.641+0000] {dagbag.py:537} INFO - Filling up the DagBag from /home/airflow/.local/lib/python3.7/site-packages/airflow/example_dags/example_branch_operator_decorator.py
[2025-01-23T19:56:18.739+0000] {processor.py:766} INFO - DAG(s) dict_keys(['example_branch_python_operator_decorator']) retrieved from /home/airflow/.local/lib/python3.7/site-packages/airflow/example_dags/example_branch_operator_decorator.py
[2025-01-23T19:56:18.953+0000] {logging_mixin.py:120} INFO - [2025-01-23T19:56:18.953+0000] {dag.py:2585} INFO - Sync 1 DAGs
[2025-01-23T19:56:19.084+0000] {logging_mixin.py:120} INFO - [2025-01-23T19:56:19.084+0000] {dag.py:3340} INFO - Setting next_dagrun for example_branch_python_operator_decorator to 2025-01-22T00:00:00+00:00, run_after=2025-01-23T00:00:00+00:00
[2025-01-23T19:56:19.188+0000] {processor.py:176} INFO - Processing /home/airflow/.local/lib/python3.7/site-packages/airflow/example_dags/example_branch_operator_decorator.py took 0.567 seconds
[2025-01-23T19:56:49.358+0000] {processor.py:154} INFO - Started process (PID=45969) to work on /home/airflow/.local/lib/python3.7/site-packages/airflow/example_dags/example_branch_operator_decorator.py
[2025-01-23T19:56:49.359+0000] {processor.py:756} INFO - Processing file /home/airflow/.local/lib/python3.7/site-packages/airflow/example_dags/example_branch_operator_decorator.py for tasks to queue
[2025-01-23T19:56:49.361+0000] {logging_mixin.py:120} INFO - [2025-01-23T19:56:49.360+0000] {dagbag.py:537} INFO - Filling up the DagBag from /home/airflow/.local/lib/python3.7/site-packages/airflow/example_dags/example_branch_operator_decorator.py
[2025-01-23T19:56:49.406+0000] {processor.py:766} INFO - DAG(s) dict_keys(['example_branch_python_operator_decorator']) retrieved from /home/airflow/.local/lib/python3.7/site-packages/airflow/example_dags/example_branch_operator_decorator.py
[2025-01-23T19:56:49.478+0000] {logging_mixin.py:120} INFO - [2025-01-23T19:56:49.478+0000] {dag.py:2585} INFO - Sync 1 DAGs
[2025-01-23T19:56:49.526+0000] {logging_mixin.py:120} INFO - [2025-01-23T19:56:49.526+0000] {dag.py:3340} INFO - Setting next_dagrun for example_branch_python_operator_decorator to 2025-01-22T00:00:00+00:00, run_after=2025-01-23T00:00:00+00:00
[2025-01-23T19:56:49.564+0000] {processor.py:176} INFO - Processing /home/airflow/.local/lib/python3.7/site-packages/airflow/example_dags/example_branch_operator_decorator.py took 0.212 seconds
[2025-01-23T19:57:19.759+0000] {processor.py:154} INFO - Started process (PID=46023) to work on /home/airflow/.local/lib/python3.7/site-packages/airflow/example_dags/example_branch_operator_decorator.py
[2025-01-23T19:57:19.764+0000] {processor.py:756} INFO - Processing file /home/airflow/.local/lib/python3.7/site-packages/airflow/example_dags/example_branch_operator_decorator.py for tasks to queue
[2025-01-23T19:57:19.769+0000] {logging_mixin.py:120} INFO - [2025-01-23T19:57:19.769+0000] {dagbag.py:537} INFO - Filling up the DagBag from /home/airflow/.local/lib/python3.7/site-packages/airflow/example_dags/example_branch_operator_decorator.py
[2025-01-23T19:57:19.840+0000] {processor.py:766} INFO - DAG(s) dict_keys(['example_branch_python_operator_decorator']) retrieved from /home/airflow/.local/lib/python3.7/site-packages/airflow/example_dags/example_branch_operator_decorator.py
[2025-01-23T19:57:19.940+0000] {logging_mixin.py:120} INFO - [2025-01-23T19:57:19.940+0000] {dag.py:2585} INFO - Sync 1 DAGs
[2025-01-23T19:57:20.008+0000] {logging_mixin.py:120} INFO - [2025-01-23T19:57:20.007+0000] {dag.py:3340} INFO - Setting next_dagrun for example_branch_python_operator_decorator to 2025-01-22T00:00:00+00:00, run_after=2025-01-23T00:00:00+00:00
[2025-01-23T19:57:20.056+0000] {processor.py:176} INFO - Processing /home/airflow/.local/lib/python3.7/site-packages/airflow/example_dags/example_branch_operator_decorator.py took 0.308 seconds
[2025-01-23T19:57:50.333+0000] {processor.py:154} INFO - Started process (PID=46084) to work on /home/airflow/.local/lib/python3.7/site-packages/airflow/example_dags/example_branch_operator_decorator.py
[2025-01-23T19:57:50.335+0000] {processor.py:756} INFO - Processing file /home/airflow/.local/lib/python3.7/site-packages/airflow/example_dags/example_branch_operator_decorator.py for tasks to queue
[2025-01-23T19:57:50.340+0000] {logging_mixin.py:120} INFO - [2025-01-23T19:57:50.339+0000] {dagbag.py:537} INFO - Filling up the DagBag from /home/airflow/.local/lib/python3.7/site-packages/airflow/example_dags/example_branch_operator_decorator.py
[2025-01-23T19:57:50.408+0000] {processor.py:766} INFO - DAG(s) dict_keys(['example_branch_python_operator_decorator']) retrieved from /home/airflow/.local/lib/python3.7/site-packages/airflow/example_dags/example_branch_operator_decorator.py
[2025-01-23T19:57:50.561+0000] {logging_mixin.py:120} INFO - [2025-01-23T19:57:50.561+0000] {dag.py:2585} INFO - Sync 1 DAGs
[2025-01-23T19:57:50.676+0000] {logging_mixin.py:120} INFO - [2025-01-23T19:57:50.676+0000] {dag.py:3340} INFO - Setting next_dagrun for example_branch_python_operator_decorator to 2025-01-22T00:00:00+00:00, run_after=2025-01-23T00:00:00+00:00
[2025-01-23T19:57:50.743+0000] {processor.py:176} INFO - Processing /home/airflow/.local/lib/python3.7/site-packages/airflow/example_dags/example_branch_operator_decorator.py took 0.417 seconds
[2025-01-23T19:58:21.078+0000] {processor.py:154} INFO - Started process (PID=46140) to work on /home/airflow/.local/lib/python3.7/site-packages/airflow/example_dags/example_branch_operator_decorator.py
[2025-01-23T19:58:21.080+0000] {processor.py:756} INFO - Processing file /home/airflow/.local/lib/python3.7/site-packages/airflow/example_dags/example_branch_operator_decorator.py for tasks to queue
[2025-01-23T19:58:21.082+0000] {logging_mixin.py:120} INFO - [2025-01-23T19:58:21.082+0000] {dagbag.py:537} INFO - Filling up the DagBag from /home/airflow/.local/lib/python3.7/site-packages/airflow/example_dags/example_branch_operator_decorator.py
[2025-01-23T19:58:21.139+0000] {processor.py:766} INFO - DAG(s) dict_keys(['example_branch_python_operator_decorator']) retrieved from /home/airflow/.local/lib/python3.7/site-packages/airflow/example_dags/example_branch_operator_decorator.py
[2025-01-23T19:58:21.231+0000] {logging_mixin.py:120} INFO - [2025-01-23T19:58:21.231+0000] {dag.py:2585} INFO - Sync 1 DAGs
[2025-01-23T19:58:21.285+0000] {logging_mixin.py:120} INFO - [2025-01-23T19:58:21.284+0000] {dag.py:3340} INFO - Setting next_dagrun for example_branch_python_operator_decorator to 2025-01-22T00:00:00+00:00, run_after=2025-01-23T00:00:00+00:00
[2025-01-23T19:58:21.323+0000] {processor.py:176} INFO - Processing /home/airflow/.local/lib/python3.7/site-packages/airflow/example_dags/example_branch_operator_decorator.py took 0.250 seconds
[2025-01-23T19:58:51.718+0000] {processor.py:154} INFO - Started process (PID=46194) to work on /home/airflow/.local/lib/python3.7/site-packages/airflow/example_dags/example_branch_operator_decorator.py
[2025-01-23T19:58:51.722+0000] {processor.py:756} INFO - Processing file /home/airflow/.local/lib/python3.7/site-packages/airflow/example_dags/example_branch_operator_decorator.py for tasks to queue
[2025-01-23T19:58:51.725+0000] {logging_mixin.py:120} INFO - [2025-01-23T19:58:51.725+0000] {dagbag.py:537} INFO - Filling up the DagBag from /home/airflow/.local/lib/python3.7/site-packages/airflow/example_dags/example_branch_operator_decorator.py
[2025-01-23T19:58:51.845+0000] {processor.py:766} INFO - DAG(s) dict_keys(['example_branch_python_operator_decorator']) retrieved from /home/airflow/.local/lib/python3.7/site-packages/airflow/example_dags/example_branch_operator_decorator.py
[2025-01-23T19:58:51.939+0000] {logging_mixin.py:120} INFO - [2025-01-23T19:58:51.939+0000] {dag.py:2585} INFO - Sync 1 DAGs
[2025-01-23T19:58:51.988+0000] {logging_mixin.py:120} INFO - [2025-01-23T19:58:51.988+0000] {dag.py:3340} INFO - Setting next_dagrun for example_branch_python_operator_decorator to 2025-01-22T00:00:00+00:00, run_after=2025-01-23T00:00:00+00:00
[2025-01-23T19:58:52.026+0000] {processor.py:176} INFO - Processing /home/airflow/.local/lib/python3.7/site-packages/airflow/example_dags/example_branch_operator_decorator.py took 0.321 seconds
[2025-01-23T19:59:22.355+0000] {processor.py:154} INFO - Started process (PID=46248) to work on /home/airflow/.local/lib/python3.7/site-packages/airflow/example_dags/example_branch_operator_decorator.py
[2025-01-23T19:59:22.359+0000] {processor.py:756} INFO - Processing file /home/airflow/.local/lib/python3.7/site-packages/airflow/example_dags/example_branch_operator_decorator.py for tasks to queue
[2025-01-23T19:59:22.362+0000] {logging_mixin.py:120} INFO - [2025-01-23T19:59:22.362+0000] {dagbag.py:537} INFO - Filling up the DagBag from /home/airflow/.local/lib/python3.7/site-packages/airflow/example_dags/example_branch_operator_decorator.py
[2025-01-23T19:59:22.470+0000] {processor.py:766} INFO - DAG(s) dict_keys(['example_branch_python_operator_decorator']) retrieved from /home/airflow/.local/lib/python3.7/site-packages/airflow/example_dags/example_branch_operator_decorator.py
[2025-01-23T19:59:22.650+0000] {logging_mixin.py:120} INFO - [2025-01-23T19:59:22.650+0000] {dag.py:2585} INFO - Sync 1 DAGs
[2025-01-23T19:59:22.794+0000] {logging_mixin.py:120} INFO - [2025-01-23T19:59:22.794+0000] {dag.py:3340} INFO - Setting next_dagrun for example_branch_python_operator_decorator to 2025-01-22T00:00:00+00:00, run_after=2025-01-23T00:00:00+00:00
[2025-01-23T19:59:22.834+0000] {processor.py:176} INFO - Processing /home/airflow/.local/lib/python3.7/site-packages/airflow/example_dags/example_branch_operator_decorator.py took 0.494 seconds
[2025-01-23T19:59:53.689+0000] {processor.py:154} INFO - Started process (PID=46313) to work on /home/airflow/.local/lib/python3.7/site-packages/airflow/example_dags/example_branch_operator_decorator.py
[2025-01-23T19:59:53.691+0000] {processor.py:756} INFO - Processing file /home/airflow/.local/lib/python3.7/site-packages/airflow/example_dags/example_branch_operator_decorator.py for tasks to queue
[2025-01-23T19:59:53.692+0000] {logging_mixin.py:120} INFO - [2025-01-23T19:59:53.692+0000] {dagbag.py:537} INFO - Filling up the DagBag from /home/airflow/.local/lib/python3.7/site-packages/airflow/example_dags/example_branch_operator_decorator.py
[2025-01-23T19:59:53.733+0000] {processor.py:766} INFO - DAG(s) dict_keys(['example_branch_python_operator_decorator']) retrieved from /home/airflow/.local/lib/python3.7/site-packages/airflow/example_dags/example_branch_operator_decorator.py
[2025-01-23T19:59:53.799+0000] {logging_mixin.py:120} INFO - [2025-01-23T19:59:53.798+0000] {dag.py:2585} INFO - Sync 1 DAGs
[2025-01-23T19:59:53.841+0000] {logging_mixin.py:120} INFO - [2025-01-23T19:59:53.841+0000] {dag.py:3340} INFO - Setting next_dagrun for example_branch_python_operator_decorator to 2025-01-22T00:00:00+00:00, run_after=2025-01-23T00:00:00+00:00
[2025-01-23T19:59:53.878+0000] {processor.py:176} INFO - Processing /home/airflow/.local/lib/python3.7/site-packages/airflow/example_dags/example_branch_operator_decorator.py took 0.192 seconds
[2025-01-23T20:00:24.037+0000] {processor.py:154} INFO - Started process (PID=46367) to work on /home/airflow/.local/lib/python3.7/site-packages/airflow/example_dags/example_branch_operator_decorator.py
[2025-01-23T20:00:24.039+0000] {processor.py:756} INFO - Processing file /home/airflow/.local/lib/python3.7/site-packages/airflow/example_dags/example_branch_operator_decorator.py for tasks to queue
[2025-01-23T20:00:24.041+0000] {logging_mixin.py:120} INFO - [2025-01-23T20:00:24.041+0000] {dagbag.py:537} INFO - Filling up the DagBag from /home/airflow/.local/lib/python3.7/site-packages/airflow/example_dags/example_branch_operator_decorator.py
[2025-01-23T20:00:24.087+0000] {processor.py:766} INFO - DAG(s) dict_keys(['example_branch_python_operator_decorator']) retrieved from /home/airflow/.local/lib/python3.7/site-packages/airflow/example_dags/example_branch_operator_decorator.py
[2025-01-23T20:00:24.163+0000] {logging_mixin.py:120} INFO - [2025-01-23T20:00:24.162+0000] {dag.py:2585} INFO - Sync 1 DAGs
[2025-01-23T20:00:24.209+0000] {logging_mixin.py:120} INFO - [2025-01-23T20:00:24.209+0000] {dag.py:3340} INFO - Setting next_dagrun for example_branch_python_operator_decorator to 2025-01-22T00:00:00+00:00, run_after=2025-01-23T00:00:00+00:00
[2025-01-23T20:00:24.246+0000] {processor.py:176} INFO - Processing /home/airflow/.local/lib/python3.7/site-packages/airflow/example_dags/example_branch_operator_decorator.py took 0.215 seconds
[2025-01-23T20:00:54.709+0000] {processor.py:154} INFO - Started process (PID=46431) to work on /home/airflow/.local/lib/python3.7/site-packages/airflow/example_dags/example_branch_operator_decorator.py
[2025-01-23T20:00:54.711+0000] {processor.py:756} INFO - Processing file /home/airflow/.local/lib/python3.7/site-packages/airflow/example_dags/example_branch_operator_decorator.py for tasks to queue
[2025-01-23T20:00:54.712+0000] {logging_mixin.py:120} INFO - [2025-01-23T20:00:54.712+0000] {dagbag.py:537} INFO - Filling up the DagBag from /home/airflow/.local/lib/python3.7/site-packages/airflow/example_dags/example_branch_operator_decorator.py
[2025-01-23T20:00:54.772+0000] {processor.py:766} INFO - DAG(s) dict_keys(['example_branch_python_operator_decorator']) retrieved from /home/airflow/.local/lib/python3.7/site-packages/airflow/example_dags/example_branch_operator_decorator.py
[2025-01-23T20:00:54.869+0000] {logging_mixin.py:120} INFO - [2025-01-23T20:00:54.869+0000] {dag.py:2585} INFO - Sync 1 DAGs
[2025-01-23T20:00:54.944+0000] {logging_mixin.py:120} INFO - [2025-01-23T20:00:54.943+0000] {dag.py:3340} INFO - Setting next_dagrun for example_branch_python_operator_decorator to 2025-01-22T00:00:00+00:00, run_after=2025-01-23T00:00:00+00:00
[2025-01-23T20:00:55.003+0000] {processor.py:176} INFO - Processing /home/airflow/.local/lib/python3.7/site-packages/airflow/example_dags/example_branch_operator_decorator.py took 0.299 seconds
[2025-01-23T20:01:25.738+0000] {processor.py:154} INFO - Started process (PID=46485) to work on /home/airflow/.local/lib/python3.7/site-packages/airflow/example_dags/example_branch_operator_decorator.py
[2025-01-23T20:01:25.741+0000] {processor.py:756} INFO - Processing file /home/airflow/.local/lib/python3.7/site-packages/airflow/example_dags/example_branch_operator_decorator.py for tasks to queue
[2025-01-23T20:01:25.743+0000] {logging_mixin.py:120} INFO - [2025-01-23T20:01:25.743+0000] {dagbag.py:537} INFO - Filling up the DagBag from /home/airflow/.local/lib/python3.7/site-packages/airflow/example_dags/example_branch_operator_decorator.py
[2025-01-23T20:01:25.807+0000] {processor.py:766} INFO - DAG(s) dict_keys(['example_branch_python_operator_decorator']) retrieved from /home/airflow/.local/lib/python3.7/site-packages/airflow/example_dags/example_branch_operator_decorator.py
[2025-01-23T20:01:25.891+0000] {logging_mixin.py:120} INFO - [2025-01-23T20:01:25.891+0000] {dag.py:2585} INFO - Sync 1 DAGs
[2025-01-23T20:01:25.950+0000] {logging_mixin.py:120} INFO - [2025-01-23T20:01:25.950+0000] {dag.py:3340} INFO - Setting next_dagrun for example_branch_python_operator_decorator to 2025-01-22T00:00:00+00:00, run_after=2025-01-23T00:00:00+00:00
[2025-01-23T20:01:25.995+0000] {processor.py:176} INFO - Processing /home/airflow/.local/lib/python3.7/site-packages/airflow/example_dags/example_branch_operator_decorator.py took 0.264 seconds
[2025-01-23T20:01:56.354+0000] {processor.py:154} INFO - Started process (PID=46539) to work on /home/airflow/.local/lib/python3.7/site-packages/airflow/example_dags/example_branch_operator_decorator.py
[2025-01-23T20:01:56.359+0000] {processor.py:756} INFO - Processing file /home/airflow/.local/lib/python3.7/site-packages/airflow/example_dags/example_branch_operator_decorator.py for tasks to queue
[2025-01-23T20:01:56.365+0000] {logging_mixin.py:120} INFO - [2025-01-23T20:01:56.364+0000] {dagbag.py:537} INFO - Filling up the DagBag from /home/airflow/.local/lib/python3.7/site-packages/airflow/example_dags/example_branch_operator_decorator.py
[2025-01-23T20:01:56.453+0000] {processor.py:766} INFO - DAG(s) dict_keys(['example_branch_python_operator_decorator']) retrieved from /home/airflow/.local/lib/python3.7/site-packages/airflow/example_dags/example_branch_operator_decorator.py
[2025-01-23T20:01:56.536+0000] {logging_mixin.py:120} INFO - [2025-01-23T20:01:56.535+0000] {dag.py:2585} INFO - Sync 1 DAGs
[2025-01-23T20:01:56.696+0000] {logging_mixin.py:120} INFO - [2025-01-23T20:01:56.696+0000] {dag.py:3340} INFO - Setting next_dagrun for example_branch_python_operator_decorator to 2025-01-22T00:00:00+00:00, run_after=2025-01-23T00:00:00+00:00
[2025-01-23T20:01:56.738+0000] {processor.py:176} INFO - Processing /home/airflow/.local/lib/python3.7/site-packages/airflow/example_dags/example_branch_operator_decorator.py took 0.403 seconds
[2025-01-23T20:02:27.711+0000] {processor.py:154} INFO - Started process (PID=46602) to work on /home/airflow/.local/lib/python3.7/site-packages/airflow/example_dags/example_branch_operator_decorator.py
[2025-01-23T20:02:27.715+0000] {processor.py:756} INFO - Processing file /home/airflow/.local/lib/python3.7/site-packages/airflow/example_dags/example_branch_operator_decorator.py for tasks to queue
[2025-01-23T20:02:27.718+0000] {logging_mixin.py:120} INFO - [2025-01-23T20:02:27.718+0000] {dagbag.py:537} INFO - Filling up the DagBag from /home/airflow/.local/lib/python3.7/site-packages/airflow/example_dags/example_branch_operator_decorator.py
[2025-01-23T20:02:27.867+0000] {processor.py:766} INFO - DAG(s) dict_keys(['example_branch_python_operator_decorator']) retrieved from /home/airflow/.local/lib/python3.7/site-packages/airflow/example_dags/example_branch_operator_decorator.py
[2025-01-23T20:02:28.074+0000] {logging_mixin.py:120} INFO - [2025-01-23T20:02:28.073+0000] {dag.py:2585} INFO - Sync 1 DAGs
[2025-01-23T20:02:28.247+0000] {logging_mixin.py:120} INFO - [2025-01-23T20:02:28.246+0000] {dag.py:3340} INFO - Setting next_dagrun for example_branch_python_operator_decorator to 2025-01-22T00:00:00+00:00, run_after=2025-01-23T00:00:00+00:00
[2025-01-23T20:02:28.347+0000] {processor.py:176} INFO - Processing /home/airflow/.local/lib/python3.7/site-packages/airflow/example_dags/example_branch_operator_decorator.py took 0.651 seconds
[2025-01-23T20:02:59.161+0000] {processor.py:154} INFO - Started process (PID=46656) to work on /home/airflow/.local/lib/python3.7/site-packages/airflow/example_dags/example_branch_operator_decorator.py
[2025-01-23T20:02:59.166+0000] {processor.py:756} INFO - Processing file /home/airflow/.local/lib/python3.7/site-packages/airflow/example_dags/example_branch_operator_decorator.py for tasks to queue
[2025-01-23T20:02:59.171+0000] {logging_mixin.py:120} INFO - [2025-01-23T20:02:59.170+0000] {dagbag.py:537} INFO - Filling up the DagBag from /home/airflow/.local/lib/python3.7/site-packages/airflow/example_dags/example_branch_operator_decorator.py
[2025-01-23T20:02:59.298+0000] {processor.py:766} INFO - DAG(s) dict_keys(['example_branch_python_operator_decorator']) retrieved from /home/airflow/.local/lib/python3.7/site-packages/airflow/example_dags/example_branch_operator_decorator.py
[2025-01-23T20:02:59.370+0000] {logging_mixin.py:120} INFO - [2025-01-23T20:02:59.370+0000] {dag.py:2585} INFO - Sync 1 DAGs
[2025-01-23T20:02:59.414+0000] {logging_mixin.py:120} INFO - [2025-01-23T20:02:59.414+0000] {dag.py:3340} INFO - Setting next_dagrun for example_branch_python_operator_decorator to 2025-01-22T00:00:00+00:00, run_after=2025-01-23T00:00:00+00:00
[2025-01-23T20:02:59.447+0000] {processor.py:176} INFO - Processing /home/airflow/.local/lib/python3.7/site-packages/airflow/example_dags/example_branch_operator_decorator.py took 0.298 seconds
[2025-01-23T20:03:30.465+0000] {processor.py:154} INFO - Started process (PID=46719) to work on /home/airflow/.local/lib/python3.7/site-packages/airflow/example_dags/example_branch_operator_decorator.py
[2025-01-23T20:03:30.470+0000] {processor.py:756} INFO - Processing file /home/airflow/.local/lib/python3.7/site-packages/airflow/example_dags/example_branch_operator_decorator.py for tasks to queue
[2025-01-23T20:03:30.474+0000] {logging_mixin.py:120} INFO - [2025-01-23T20:03:30.473+0000] {dagbag.py:537} INFO - Filling up the DagBag from /home/airflow/.local/lib/python3.7/site-packages/airflow/example_dags/example_branch_operator_decorator.py
[2025-01-23T20:03:30.608+0000] {processor.py:766} INFO - DAG(s) dict_keys(['example_branch_python_operator_decorator']) retrieved from /home/airflow/.local/lib/python3.7/site-packages/airflow/example_dags/example_branch_operator_decorator.py
[2025-01-23T20:03:30.688+0000] {logging_mixin.py:120} INFO - [2025-01-23T20:03:30.688+0000] {dag.py:2585} INFO - Sync 1 DAGs
[2025-01-23T20:03:30.731+0000] {logging_mixin.py:120} INFO - [2025-01-23T20:03:30.730+0000] {dag.py:3340} INFO - Setting next_dagrun for example_branch_python_operator_decorator to 2025-01-22T00:00:00+00:00, run_after=2025-01-23T00:00:00+00:00
[2025-01-23T20:03:30.764+0000] {processor.py:176} INFO - Processing /home/airflow/.local/lib/python3.7/site-packages/airflow/example_dags/example_branch_operator_decorator.py took 0.316 seconds
[2025-01-23T20:04:01.203+0000] {processor.py:154} INFO - Started process (PID=46773) to work on /home/airflow/.local/lib/python3.7/site-packages/airflow/example_dags/example_branch_operator_decorator.py
[2025-01-23T20:04:01.205+0000] {processor.py:756} INFO - Processing file /home/airflow/.local/lib/python3.7/site-packages/airflow/example_dags/example_branch_operator_decorator.py for tasks to queue
[2025-01-23T20:04:01.207+0000] {logging_mixin.py:120} INFO - [2025-01-23T20:04:01.207+0000] {dagbag.py:537} INFO - Filling up the DagBag from /home/airflow/.local/lib/python3.7/site-packages/airflow/example_dags/example_branch_operator_decorator.py
[2025-01-23T20:04:01.281+0000] {processor.py:766} INFO - DAG(s) dict_keys(['example_branch_python_operator_decorator']) retrieved from /home/airflow/.local/lib/python3.7/site-packages/airflow/example_dags/example_branch_operator_decorator.py
[2025-01-23T20:04:01.371+0000] {logging_mixin.py:120} INFO - [2025-01-23T20:04:01.370+0000] {dag.py:2585} INFO - Sync 1 DAGs
[2025-01-23T20:04:01.443+0000] {logging_mixin.py:120} INFO - [2025-01-23T20:04:01.443+0000] {dag.py:3340} INFO - Setting next_dagrun for example_branch_python_operator_decorator to 2025-01-22T00:00:00+00:00, run_after=2025-01-23T00:00:00+00:00
[2025-01-23T20:04:01.489+0000] {processor.py:176} INFO - Processing /home/airflow/.local/lib/python3.7/site-packages/airflow/example_dags/example_branch_operator_decorator.py took 0.294 seconds
[2025-01-23T20:04:31.628+0000] {processor.py:154} INFO - Started process (PID=46836) to work on /home/airflow/.local/lib/python3.7/site-packages/airflow/example_dags/example_branch_operator_decorator.py
[2025-01-23T20:04:31.630+0000] {processor.py:756} INFO - Processing file /home/airflow/.local/lib/python3.7/site-packages/airflow/example_dags/example_branch_operator_decorator.py for tasks to queue
[2025-01-23T20:04:31.632+0000] {logging_mixin.py:120} INFO - [2025-01-23T20:04:31.632+0000] {dagbag.py:537} INFO - Filling up the DagBag from /home/airflow/.local/lib/python3.7/site-packages/airflow/example_dags/example_branch_operator_decorator.py
[2025-01-23T20:04:31.700+0000] {processor.py:766} INFO - DAG(s) dict_keys(['example_branch_python_operator_decorator']) retrieved from /home/airflow/.local/lib/python3.7/site-packages/airflow/example_dags/example_branch_operator_decorator.py
[2025-01-23T20:04:31.789+0000] {logging_mixin.py:120} INFO - [2025-01-23T20:04:31.788+0000] {dag.py:2585} INFO - Sync 1 DAGs
[2025-01-23T20:04:31.850+0000] {logging_mixin.py:120} INFO - [2025-01-23T20:04:31.849+0000] {dag.py:3340} INFO - Setting next_dagrun for example_branch_python_operator_decorator to 2025-01-22T00:00:00+00:00, run_after=2025-01-23T00:00:00+00:00
[2025-01-23T20:04:31.904+0000] {processor.py:176} INFO - Processing /home/airflow/.local/lib/python3.7/site-packages/airflow/example_dags/example_branch_operator_decorator.py took 0.283 seconds
[2025-01-23T20:05:02.250+0000] {processor.py:154} INFO - Started process (PID=46890) to work on /home/airflow/.local/lib/python3.7/site-packages/airflow/example_dags/example_branch_operator_decorator.py
[2025-01-23T20:05:02.255+0000] {processor.py:756} INFO - Processing file /home/airflow/.local/lib/python3.7/site-packages/airflow/example_dags/example_branch_operator_decorator.py for tasks to queue
[2025-01-23T20:05:02.259+0000] {logging_mixin.py:120} INFO - [2025-01-23T20:05:02.258+0000] {dagbag.py:537} INFO - Filling up the DagBag from /home/airflow/.local/lib/python3.7/site-packages/airflow/example_dags/example_branch_operator_decorator.py
[2025-01-23T20:05:02.379+0000] {processor.py:766} INFO - DAG(s) dict_keys(['example_branch_python_operator_decorator']) retrieved from /home/airflow/.local/lib/python3.7/site-packages/airflow/example_dags/example_branch_operator_decorator.py
[2025-01-23T20:05:02.532+0000] {logging_mixin.py:120} INFO - [2025-01-23T20:05:02.532+0000] {dag.py:2585} INFO - Sync 1 DAGs
[2025-01-23T20:05:02.623+0000] {logging_mixin.py:120} INFO - [2025-01-23T20:05:02.623+0000] {dag.py:3340} INFO - Setting next_dagrun for example_branch_python_operator_decorator to 2025-01-22T00:00:00+00:00, run_after=2025-01-23T00:00:00+00:00
[2025-01-23T20:05:02.682+0000] {processor.py:176} INFO - Processing /home/airflow/.local/lib/python3.7/site-packages/airflow/example_dags/example_branch_operator_decorator.py took 0.453 seconds
[2025-01-23T20:05:32.788+0000] {processor.py:154} INFO - Started process (PID=46953) to work on /home/airflow/.local/lib/python3.7/site-packages/airflow/example_dags/example_branch_operator_decorator.py
[2025-01-23T20:05:32.789+0000] {processor.py:756} INFO - Processing file /home/airflow/.local/lib/python3.7/site-packages/airflow/example_dags/example_branch_operator_decorator.py for tasks to queue
[2025-01-23T20:05:32.791+0000] {logging_mixin.py:120} INFO - [2025-01-23T20:05:32.791+0000] {dagbag.py:537} INFO - Filling up the DagBag from /home/airflow/.local/lib/python3.7/site-packages/airflow/example_dags/example_branch_operator_decorator.py
[2025-01-23T20:05:32.855+0000] {processor.py:766} INFO - DAG(s) dict_keys(['example_branch_python_operator_decorator']) retrieved from /home/airflow/.local/lib/python3.7/site-packages/airflow/example_dags/example_branch_operator_decorator.py
[2025-01-23T20:05:32.941+0000] {logging_mixin.py:120} INFO - [2025-01-23T20:05:32.940+0000] {dag.py:2585} INFO - Sync 1 DAGs
[2025-01-23T20:05:32.998+0000] {logging_mixin.py:120} INFO - [2025-01-23T20:05:32.998+0000] {dag.py:3340} INFO - Setting next_dagrun for example_branch_python_operator_decorator to 2025-01-22T00:00:00+00:00, run_after=2025-01-23T00:00:00+00:00
[2025-01-23T20:05:33.040+0000] {processor.py:176} INFO - Processing /home/airflow/.local/lib/python3.7/site-packages/airflow/example_dags/example_branch_operator_decorator.py took 0.260 seconds
[2025-01-23T20:06:03.268+0000] {processor.py:154} INFO - Started process (PID=47007) to work on /home/airflow/.local/lib/python3.7/site-packages/airflow/example_dags/example_branch_operator_decorator.py
[2025-01-23T20:06:03.273+0000] {processor.py:756} INFO - Processing file /home/airflow/.local/lib/python3.7/site-packages/airflow/example_dags/example_branch_operator_decorator.py for tasks to queue
[2025-01-23T20:06:03.278+0000] {logging_mixin.py:120} INFO - [2025-01-23T20:06:03.277+0000] {dagbag.py:537} INFO - Filling up the DagBag from /home/airflow/.local/lib/python3.7/site-packages/airflow/example_dags/example_branch_operator_decorator.py
[2025-01-23T20:06:03.407+0000] {processor.py:766} INFO - DAG(s) dict_keys(['example_branch_python_operator_decorator']) retrieved from /home/airflow/.local/lib/python3.7/site-packages/airflow/example_dags/example_branch_operator_decorator.py
[2025-01-23T20:06:03.591+0000] {logging_mixin.py:120} INFO - [2025-01-23T20:06:03.591+0000] {dag.py:2585} INFO - Sync 1 DAGs
[2025-01-23T20:06:03.710+0000] {logging_mixin.py:120} INFO - [2025-01-23T20:06:03.709+0000] {dag.py:3340} INFO - Setting next_dagrun for example_branch_python_operator_decorator to 2025-01-22T00:00:00+00:00, run_after=2025-01-23T00:00:00+00:00
[2025-01-23T20:06:03.793+0000] {processor.py:176} INFO - Processing /home/airflow/.local/lib/python3.7/site-packages/airflow/example_dags/example_branch_operator_decorator.py took 0.543 seconds
[2025-01-23T20:06:33.960+0000] {processor.py:154} INFO - Started process (PID=47061) to work on /home/airflow/.local/lib/python3.7/site-packages/airflow/example_dags/example_branch_operator_decorator.py
[2025-01-23T20:06:33.965+0000] {processor.py:756} INFO - Processing file /home/airflow/.local/lib/python3.7/site-packages/airflow/example_dags/example_branch_operator_decorator.py for tasks to queue
[2025-01-23T20:06:33.971+0000] {logging_mixin.py:120} INFO - [2025-01-23T20:06:33.970+0000] {dagbag.py:537} INFO - Filling up the DagBag from /home/airflow/.local/lib/python3.7/site-packages/airflow/example_dags/example_branch_operator_decorator.py
[2025-01-23T20:06:34.105+0000] {processor.py:766} INFO - DAG(s) dict_keys(['example_branch_python_operator_decorator']) retrieved from /home/airflow/.local/lib/python3.7/site-packages/airflow/example_dags/example_branch_operator_decorator.py
[2025-01-23T20:06:34.209+0000] {logging_mixin.py:120} INFO - [2025-01-23T20:06:34.208+0000] {dag.py:2585} INFO - Sync 1 DAGs
[2025-01-23T20:06:34.277+0000] {logging_mixin.py:120} INFO - [2025-01-23T20:06:34.277+0000] {dag.py:3340} INFO - Setting next_dagrun for example_branch_python_operator_decorator to 2025-01-22T00:00:00+00:00, run_after=2025-01-23T00:00:00+00:00
[2025-01-23T20:06:34.315+0000] {processor.py:176} INFO - Processing /home/airflow/.local/lib/python3.7/site-packages/airflow/example_dags/example_branch_operator_decorator.py took 0.375 seconds
[2025-01-23T20:07:04.550+0000] {processor.py:154} INFO - Started process (PID=47124) to work on /home/airflow/.local/lib/python3.7/site-packages/airflow/example_dags/example_branch_operator_decorator.py
[2025-01-23T20:07:04.554+0000] {processor.py:756} INFO - Processing file /home/airflow/.local/lib/python3.7/site-packages/airflow/example_dags/example_branch_operator_decorator.py for tasks to queue
[2025-01-23T20:07:04.558+0000] {logging_mixin.py:120} INFO - [2025-01-23T20:07:04.557+0000] {dagbag.py:537} INFO - Filling up the DagBag from /home/airflow/.local/lib/python3.7/site-packages/airflow/example_dags/example_branch_operator_decorator.py
[2025-01-23T20:07:04.672+0000] {processor.py:766} INFO - DAG(s) dict_keys(['example_branch_python_operator_decorator']) retrieved from /home/airflow/.local/lib/python3.7/site-packages/airflow/example_dags/example_branch_operator_decorator.py
[2025-01-23T20:07:04.806+0000] {logging_mixin.py:120} INFO - [2025-01-23T20:07:04.805+0000] {dag.py:2585} INFO - Sync 1 DAGs
[2025-01-23T20:07:04.884+0000] {logging_mixin.py:120} INFO - [2025-01-23T20:07:04.884+0000] {dag.py:3340} INFO - Setting next_dagrun for example_branch_python_operator_decorator to 2025-01-22T00:00:00+00:00, run_after=2025-01-23T00:00:00+00:00
[2025-01-23T20:07:04.942+0000] {processor.py:176} INFO - Processing /home/airflow/.local/lib/python3.7/site-packages/airflow/example_dags/example_branch_operator_decorator.py took 0.409 seconds
[2025-01-23T20:07:35.713+0000] {processor.py:154} INFO - Started process (PID=47178) to work on /home/airflow/.local/lib/python3.7/site-packages/airflow/example_dags/example_branch_operator_decorator.py
[2025-01-23T20:07:35.717+0000] {processor.py:756} INFO - Processing file /home/airflow/.local/lib/python3.7/site-packages/airflow/example_dags/example_branch_operator_decorator.py for tasks to queue
[2025-01-23T20:07:35.721+0000] {logging_mixin.py:120} INFO - [2025-01-23T20:07:35.720+0000] {dagbag.py:537} INFO - Filling up the DagBag from /home/airflow/.local/lib/python3.7/site-packages/airflow/example_dags/example_branch_operator_decorator.py
[2025-01-23T20:07:35.826+0000] {processor.py:766} INFO - DAG(s) dict_keys(['example_branch_python_operator_decorator']) retrieved from /home/airflow/.local/lib/python3.7/site-packages/airflow/example_dags/example_branch_operator_decorator.py
[2025-01-23T20:07:35.894+0000] {logging_mixin.py:120} INFO - [2025-01-23T20:07:35.894+0000] {dag.py:2585} INFO - Sync 1 DAGs
[2025-01-23T20:07:35.937+0000] {logging_mixin.py:120} INFO - [2025-01-23T20:07:35.937+0000] {dag.py:3340} INFO - Setting next_dagrun for example_branch_python_operator_decorator to 2025-01-22T00:00:00+00:00, run_after=2025-01-23T00:00:00+00:00
[2025-01-23T20:07:35.970+0000] {processor.py:176} INFO - Processing /home/airflow/.local/lib/python3.7/site-packages/airflow/example_dags/example_branch_operator_decorator.py took 0.272 seconds
[2025-01-23T20:08:06.023+0000] {processor.py:154} INFO - Started process (PID=47240) to work on /home/airflow/.local/lib/python3.7/site-packages/airflow/example_dags/example_branch_operator_decorator.py
[2025-01-23T20:08:06.024+0000] {processor.py:756} INFO - Processing file /home/airflow/.local/lib/python3.7/site-packages/airflow/example_dags/example_branch_operator_decorator.py for tasks to queue
[2025-01-23T20:08:06.026+0000] {logging_mixin.py:120} INFO - [2025-01-23T20:08:06.026+0000] {dagbag.py:537} INFO - Filling up the DagBag from /home/airflow/.local/lib/python3.7/site-packages/airflow/example_dags/example_branch_operator_decorator.py
[2025-01-23T20:08:06.072+0000] {processor.py:766} INFO - DAG(s) dict_keys(['example_branch_python_operator_decorator']) retrieved from /home/airflow/.local/lib/python3.7/site-packages/airflow/example_dags/example_branch_operator_decorator.py
[2025-01-23T20:08:06.141+0000] {logging_mixin.py:120} INFO - [2025-01-23T20:08:06.140+0000] {dag.py:2585} INFO - Sync 1 DAGs
[2025-01-23T20:08:06.187+0000] {logging_mixin.py:120} INFO - [2025-01-23T20:08:06.187+0000] {dag.py:3340} INFO - Setting next_dagrun for example_branch_python_operator_decorator to 2025-01-22T00:00:00+00:00, run_after=2025-01-23T00:00:00+00:00
[2025-01-23T20:08:06.222+0000] {processor.py:176} INFO - Processing /home/airflow/.local/lib/python3.7/site-packages/airflow/example_dags/example_branch_operator_decorator.py took 0.204 seconds
[2025-01-23T20:08:37.026+0000] {processor.py:154} INFO - Started process (PID=47294) to work on /home/airflow/.local/lib/python3.7/site-packages/airflow/example_dags/example_branch_operator_decorator.py
[2025-01-23T20:08:37.030+0000] {processor.py:756} INFO - Processing file /home/airflow/.local/lib/python3.7/site-packages/airflow/example_dags/example_branch_operator_decorator.py for tasks to queue
[2025-01-23T20:08:37.034+0000] {logging_mixin.py:120} INFO - [2025-01-23T20:08:37.033+0000] {dagbag.py:537} INFO - Filling up the DagBag from /home/airflow/.local/lib/python3.7/site-packages/airflow/example_dags/example_branch_operator_decorator.py
[2025-01-23T20:08:37.161+0000] {processor.py:766} INFO - DAG(s) dict_keys(['example_branch_python_operator_decorator']) retrieved from /home/airflow/.local/lib/python3.7/site-packages/airflow/example_dags/example_branch_operator_decorator.py
[2025-01-23T20:08:37.247+0000] {logging_mixin.py:120} INFO - [2025-01-23T20:08:37.247+0000] {dag.py:2585} INFO - Sync 1 DAGs
[2025-01-23T20:08:37.310+0000] {logging_mixin.py:120} INFO - [2025-01-23T20:08:37.310+0000] {dag.py:3340} INFO - Setting next_dagrun for example_branch_python_operator_decorator to 2025-01-22T00:00:00+00:00, run_after=2025-01-23T00:00:00+00:00
[2025-01-23T20:08:37.350+0000] {processor.py:176} INFO - Processing /home/airflow/.local/lib/python3.7/site-packages/airflow/example_dags/example_branch_operator_decorator.py took 0.338 seconds
[2025-01-23T20:09:07.695+0000] {processor.py:154} INFO - Started process (PID=47357) to work on /home/airflow/.local/lib/python3.7/site-packages/airflow/example_dags/example_branch_operator_decorator.py
[2025-01-23T20:09:07.699+0000] {processor.py:756} INFO - Processing file /home/airflow/.local/lib/python3.7/site-packages/airflow/example_dags/example_branch_operator_decorator.py for tasks to queue
[2025-01-23T20:09:07.702+0000] {logging_mixin.py:120} INFO - [2025-01-23T20:09:07.702+0000] {dagbag.py:537} INFO - Filling up the DagBag from /home/airflow/.local/lib/python3.7/site-packages/airflow/example_dags/example_branch_operator_decorator.py
[2025-01-23T20:09:07.817+0000] {processor.py:766} INFO - DAG(s) dict_keys(['example_branch_python_operator_decorator']) retrieved from /home/airflow/.local/lib/python3.7/site-packages/airflow/example_dags/example_branch_operator_decorator.py
[2025-01-23T20:09:07.931+0000] {logging_mixin.py:120} INFO - [2025-01-23T20:09:07.930+0000] {dag.py:2585} INFO - Sync 1 DAGs
[2025-01-23T20:09:07.976+0000] {logging_mixin.py:120} INFO - [2025-01-23T20:09:07.975+0000] {dag.py:3340} INFO - Setting next_dagrun for example_branch_python_operator_decorator to 2025-01-22T00:00:00+00:00, run_after=2025-01-23T00:00:00+00:00
[2025-01-23T20:09:08.007+0000] {processor.py:176} INFO - Processing /home/airflow/.local/lib/python3.7/site-packages/airflow/example_dags/example_branch_operator_decorator.py took 0.327 seconds
[2025-01-23T20:09:38.229+0000] {processor.py:154} INFO - Started process (PID=47411) to work on /home/airflow/.local/lib/python3.7/site-packages/airflow/example_dags/example_branch_operator_decorator.py
[2025-01-23T20:09:38.233+0000] {processor.py:756} INFO - Processing file /home/airflow/.local/lib/python3.7/site-packages/airflow/example_dags/example_branch_operator_decorator.py for tasks to queue
[2025-01-23T20:09:38.237+0000] {logging_mixin.py:120} INFO - [2025-01-23T20:09:38.237+0000] {dagbag.py:537} INFO - Filling up the DagBag from /home/airflow/.local/lib/python3.7/site-packages/airflow/example_dags/example_branch_operator_decorator.py
[2025-01-23T20:09:38.375+0000] {processor.py:766} INFO - DAG(s) dict_keys(['example_branch_python_operator_decorator']) retrieved from /home/airflow/.local/lib/python3.7/site-packages/airflow/example_dags/example_branch_operator_decorator.py
[2025-01-23T20:09:38.590+0000] {logging_mixin.py:120} INFO - [2025-01-23T20:09:38.590+0000] {dag.py:2585} INFO - Sync 1 DAGs
[2025-01-23T20:09:38.745+0000] {logging_mixin.py:120} INFO - [2025-01-23T20:09:38.744+0000] {dag.py:3340} INFO - Setting next_dagrun for example_branch_python_operator_decorator to 2025-01-22T00:00:00+00:00, run_after=2025-01-23T00:00:00+00:00
[2025-01-23T20:09:38.825+0000] {processor.py:176} INFO - Processing /home/airflow/.local/lib/python3.7/site-packages/airflow/example_dags/example_branch_operator_decorator.py took 0.611 seconds
[2025-01-23T20:10:08.905+0000] {processor.py:154} INFO - Started process (PID=47474) to work on /home/airflow/.local/lib/python3.7/site-packages/airflow/example_dags/example_branch_operator_decorator.py
[2025-01-23T20:10:08.907+0000] {processor.py:756} INFO - Processing file /home/airflow/.local/lib/python3.7/site-packages/airflow/example_dags/example_branch_operator_decorator.py for tasks to queue
[2025-01-23T20:10:08.908+0000] {logging_mixin.py:120} INFO - [2025-01-23T20:10:08.908+0000] {dagbag.py:537} INFO - Filling up the DagBag from /home/airflow/.local/lib/python3.7/site-packages/airflow/example_dags/example_branch_operator_decorator.py
[2025-01-23T20:10:08.956+0000] {processor.py:766} INFO - DAG(s) dict_keys(['example_branch_python_operator_decorator']) retrieved from /home/airflow/.local/lib/python3.7/site-packages/airflow/example_dags/example_branch_operator_decorator.py
[2025-01-23T20:10:09.038+0000] {logging_mixin.py:120} INFO - [2025-01-23T20:10:09.038+0000] {dag.py:2585} INFO - Sync 1 DAGs
[2025-01-23T20:10:09.098+0000] {logging_mixin.py:120} INFO - [2025-01-23T20:10:09.098+0000] {dag.py:3340} INFO - Setting next_dagrun for example_branch_python_operator_decorator to 2025-01-22T00:00:00+00:00, run_after=2025-01-23T00:00:00+00:00
[2025-01-23T20:10:09.147+0000] {processor.py:176} INFO - Processing /home/airflow/.local/lib/python3.7/site-packages/airflow/example_dags/example_branch_operator_decorator.py took 0.246 seconds
[2025-01-23T20:10:39.564+0000] {processor.py:154} INFO - Started process (PID=47528) to work on /home/airflow/.local/lib/python3.7/site-packages/airflow/example_dags/example_branch_operator_decorator.py
[2025-01-23T20:10:39.566+0000] {processor.py:756} INFO - Processing file /home/airflow/.local/lib/python3.7/site-packages/airflow/example_dags/example_branch_operator_decorator.py for tasks to queue
[2025-01-23T20:10:39.567+0000] {logging_mixin.py:120} INFO - [2025-01-23T20:10:39.567+0000] {dagbag.py:537} INFO - Filling up the DagBag from /home/airflow/.local/lib/python3.7/site-packages/airflow/example_dags/example_branch_operator_decorator.py
[2025-01-23T20:10:39.617+0000] {processor.py:766} INFO - DAG(s) dict_keys(['example_branch_python_operator_decorator']) retrieved from /home/airflow/.local/lib/python3.7/site-packages/airflow/example_dags/example_branch_operator_decorator.py
[2025-01-23T20:10:39.695+0000] {logging_mixin.py:120} INFO - [2025-01-23T20:10:39.694+0000] {dag.py:2585} INFO - Sync 1 DAGs
[2025-01-23T20:10:39.747+0000] {logging_mixin.py:120} INFO - [2025-01-23T20:10:39.747+0000] {dag.py:3340} INFO - Setting next_dagrun for example_branch_python_operator_decorator to 2025-01-22T00:00:00+00:00, run_after=2025-01-23T00:00:00+00:00
[2025-01-23T20:10:39.785+0000] {processor.py:176} INFO - Processing /home/airflow/.local/lib/python3.7/site-packages/airflow/example_dags/example_branch_operator_decorator.py took 0.226 seconds
[2025-01-23T20:11:10.033+0000] {processor.py:154} INFO - Started process (PID=47582) to work on /home/airflow/.local/lib/python3.7/site-packages/airflow/example_dags/example_branch_operator_decorator.py
[2025-01-23T20:11:10.037+0000] {processor.py:756} INFO - Processing file /home/airflow/.local/lib/python3.7/site-packages/airflow/example_dags/example_branch_operator_decorator.py for tasks to queue
[2025-01-23T20:11:10.040+0000] {logging_mixin.py:120} INFO - [2025-01-23T20:11:10.040+0000] {dagbag.py:537} INFO - Filling up the DagBag from /home/airflow/.local/lib/python3.7/site-packages/airflow/example_dags/example_branch_operator_decorator.py
[2025-01-23T20:11:10.130+0000] {processor.py:766} INFO - DAG(s) dict_keys(['example_branch_python_operator_decorator']) retrieved from /home/airflow/.local/lib/python3.7/site-packages/airflow/example_dags/example_branch_operator_decorator.py
[2025-01-23T20:11:10.219+0000] {logging_mixin.py:120} INFO - [2025-01-23T20:11:10.219+0000] {dag.py:2585} INFO - Sync 1 DAGs
[2025-01-23T20:11:10.278+0000] {logging_mixin.py:120} INFO - [2025-01-23T20:11:10.277+0000] {dag.py:3340} INFO - Setting next_dagrun for example_branch_python_operator_decorator to 2025-01-22T00:00:00+00:00, run_after=2025-01-23T00:00:00+00:00
[2025-01-23T20:11:10.310+0000] {processor.py:176} INFO - Processing /home/airflow/.local/lib/python3.7/site-packages/airflow/example_dags/example_branch_operator_decorator.py took 0.290 seconds
[2025-01-23T20:11:40.615+0000] {processor.py:154} INFO - Started process (PID=47644) to work on /home/airflow/.local/lib/python3.7/site-packages/airflow/example_dags/example_branch_operator_decorator.py
[2025-01-23T20:11:40.621+0000] {processor.py:756} INFO - Processing file /home/airflow/.local/lib/python3.7/site-packages/airflow/example_dags/example_branch_operator_decorator.py for tasks to queue
[2025-01-23T20:11:40.626+0000] {logging_mixin.py:120} INFO - [2025-01-23T20:11:40.625+0000] {dagbag.py:537} INFO - Filling up the DagBag from /home/airflow/.local/lib/python3.7/site-packages/airflow/example_dags/example_branch_operator_decorator.py
[2025-01-23T20:11:40.717+0000] {processor.py:766} INFO - DAG(s) dict_keys(['example_branch_python_operator_decorator']) retrieved from /home/airflow/.local/lib/python3.7/site-packages/airflow/example_dags/example_branch_operator_decorator.py
[2025-01-23T20:11:40.835+0000] {logging_mixin.py:120} INFO - [2025-01-23T20:11:40.835+0000] {dag.py:2585} INFO - Sync 1 DAGs
[2025-01-23T20:11:40.898+0000] {logging_mixin.py:120} INFO - [2025-01-23T20:11:40.898+0000] {dag.py:3340} INFO - Setting next_dagrun for example_branch_python_operator_decorator to 2025-01-22T00:00:00+00:00, run_after=2025-01-23T00:00:00+00:00
[2025-01-23T20:11:40.950+0000] {processor.py:176} INFO - Processing /home/airflow/.local/lib/python3.7/site-packages/airflow/example_dags/example_branch_operator_decorator.py took 0.352 seconds
[2025-01-23T20:12:11.337+0000] {processor.py:154} INFO - Started process (PID=47699) to work on /home/airflow/.local/lib/python3.7/site-packages/airflow/example_dags/example_branch_operator_decorator.py
[2025-01-23T20:12:11.339+0000] {processor.py:756} INFO - Processing file /home/airflow/.local/lib/python3.7/site-packages/airflow/example_dags/example_branch_operator_decorator.py for tasks to queue
[2025-01-23T20:12:11.340+0000] {logging_mixin.py:120} INFO - [2025-01-23T20:12:11.340+0000] {dagbag.py:537} INFO - Filling up the DagBag from /home/airflow/.local/lib/python3.7/site-packages/airflow/example_dags/example_branch_operator_decorator.py
[2025-01-23T20:12:11.388+0000] {processor.py:766} INFO - DAG(s) dict_keys(['example_branch_python_operator_decorator']) retrieved from /home/airflow/.local/lib/python3.7/site-packages/airflow/example_dags/example_branch_operator_decorator.py
[2025-01-23T20:12:11.461+0000] {logging_mixin.py:120} INFO - [2025-01-23T20:12:11.461+0000] {dag.py:2585} INFO - Sync 1 DAGs
[2025-01-23T20:12:11.517+0000] {logging_mixin.py:120} INFO - [2025-01-23T20:12:11.516+0000] {dag.py:3340} INFO - Setting next_dagrun for example_branch_python_operator_decorator to 2025-01-22T00:00:00+00:00, run_after=2025-01-23T00:00:00+00:00
[2025-01-23T20:12:11.564+0000] {processor.py:176} INFO - Processing /home/airflow/.local/lib/python3.7/site-packages/airflow/example_dags/example_branch_operator_decorator.py took 0.236 seconds
[2025-01-23T20:12:42.368+0000] {processor.py:154} INFO - Started process (PID=47762) to work on /home/airflow/.local/lib/python3.7/site-packages/airflow/example_dags/example_branch_operator_decorator.py
[2025-01-23T20:12:42.370+0000] {processor.py:756} INFO - Processing file /home/airflow/.local/lib/python3.7/site-packages/airflow/example_dags/example_branch_operator_decorator.py for tasks to queue
[2025-01-23T20:12:42.371+0000] {logging_mixin.py:120} INFO - [2025-01-23T20:12:42.371+0000] {dagbag.py:537} INFO - Filling up the DagBag from /home/airflow/.local/lib/python3.7/site-packages/airflow/example_dags/example_branch_operator_decorator.py
[2025-01-23T20:12:42.429+0000] {processor.py:766} INFO - DAG(s) dict_keys(['example_branch_python_operator_decorator']) retrieved from /home/airflow/.local/lib/python3.7/site-packages/airflow/example_dags/example_branch_operator_decorator.py
[2025-01-23T20:12:42.529+0000] {logging_mixin.py:120} INFO - [2025-01-23T20:12:42.529+0000] {dag.py:2585} INFO - Sync 1 DAGs
[2025-01-23T20:12:42.593+0000] {logging_mixin.py:120} INFO - [2025-01-23T20:12:42.592+0000] {dag.py:3340} INFO - Setting next_dagrun for example_branch_python_operator_decorator to 2025-01-22T00:00:00+00:00, run_after=2025-01-23T00:00:00+00:00
[2025-01-23T20:12:42.628+0000] {processor.py:176} INFO - Processing /home/airflow/.local/lib/python3.7/site-packages/airflow/example_dags/example_branch_operator_decorator.py took 0.271 seconds
