[2025-01-23T19:50:44.237+0000] {processor.py:154} INFO - Started process (PID=45325) to work on /home/airflow/.local/lib/python3.7/site-packages/airflow/example_dags/example_branch_day_of_week_operator.py
[2025-01-23T19:50:44.239+0000] {processor.py:756} INFO - Processing file /home/airflow/.local/lib/python3.7/site-packages/airflow/example_dags/example_branch_day_of_week_operator.py for tasks to queue
[2025-01-23T19:50:44.242+0000] {logging_mixin.py:120} INFO - [2025-01-23T19:50:44.241+0000] {dagbag.py:537} INFO - Filling up the DagBag from /home/airflow/.local/lib/python3.7/site-packages/airflow/example_dags/example_branch_day_of_week_operator.py
[2025-01-23T19:50:44.305+0000] {processor.py:766} INFO - DAG(s) dict_keys(['example_weekday_branch_operator']) retrieved from /home/airflow/.local/lib/python3.7/site-packages/airflow/example_dags/example_branch_day_of_week_operator.py
[2025-01-23T19:50:44.501+0000] {logging_mixin.py:120} INFO - [2025-01-23T19:50:44.500+0000] {dag.py:2585} INFO - Sync 1 DAGs
[2025-01-23T19:50:44.656+0000] {logging_mixin.py:120} INFO - [2025-01-23T19:50:44.655+0000] {dag.py:3340} INFO - Setting next_dagrun for example_weekday_branch_operator to 2025-01-22T00:00:00+00:00, run_after=2025-01-23T00:00:00+00:00
[2025-01-23T19:50:44.731+0000] {processor.py:176} INFO - Processing /home/airflow/.local/lib/python3.7/site-packages/airflow/example_dags/example_branch_day_of_week_operator.py took 0.502 seconds
[2025-01-23T19:51:18.285+0000] {processor.py:154} INFO - Started process (PID=45380) to work on /home/airflow/.local/lib/python3.7/site-packages/airflow/example_dags/example_branch_day_of_week_operator.py
[2025-01-23T19:51:18.290+0000] {processor.py:756} INFO - Processing file /home/airflow/.local/lib/python3.7/site-packages/airflow/example_dags/example_branch_day_of_week_operator.py for tasks to queue
[2025-01-23T19:51:18.299+0000] {logging_mixin.py:120} INFO - [2025-01-23T19:51:18.292+0000] {dagbag.py:537} INFO - Filling up the DagBag from /home/airflow/.local/lib/python3.7/site-packages/airflow/example_dags/example_branch_day_of_week_operator.py
[2025-01-23T19:51:18.427+0000] {processor.py:766} INFO - DAG(s) dict_keys(['example_weekday_branch_operator']) retrieved from /home/airflow/.local/lib/python3.7/site-packages/airflow/example_dags/example_branch_day_of_week_operator.py
[2025-01-23T19:51:18.690+0000] {logging_mixin.py:120} INFO - [2025-01-23T19:51:18.690+0000] {dag.py:2585} INFO - Sync 1 DAGs
[2025-01-23T19:51:18.855+0000] {logging_mixin.py:120} INFO - [2025-01-23T19:51:18.854+0000] {dag.py:3340} INFO - Setting next_dagrun for example_weekday_branch_operator to 2025-01-22T00:00:00+00:00, run_after=2025-01-23T00:00:00+00:00
[2025-01-23T19:51:18.984+0000] {processor.py:176} INFO - Processing /home/airflow/.local/lib/python3.7/site-packages/airflow/example_dags/example_branch_day_of_week_operator.py took 0.722 seconds
[2025-01-23T19:51:49.647+0000] {processor.py:154} INFO - Started process (PID=45433) to work on /home/airflow/.local/lib/python3.7/site-packages/airflow/example_dags/example_branch_day_of_week_operator.py
[2025-01-23T19:51:49.649+0000] {processor.py:756} INFO - Processing file /home/airflow/.local/lib/python3.7/site-packages/airflow/example_dags/example_branch_day_of_week_operator.py for tasks to queue
[2025-01-23T19:51:49.651+0000] {logging_mixin.py:120} INFO - [2025-01-23T19:51:49.650+0000] {dagbag.py:537} INFO - Filling up the DagBag from /home/airflow/.local/lib/python3.7/site-packages/airflow/example_dags/example_branch_day_of_week_operator.py
[2025-01-23T19:51:49.791+0000] {processor.py:766} INFO - DAG(s) dict_keys(['example_weekday_branch_operator']) retrieved from /home/airflow/.local/lib/python3.7/site-packages/airflow/example_dags/example_branch_day_of_week_operator.py
[2025-01-23T19:51:50.164+0000] {logging_mixin.py:120} INFO - [2025-01-23T19:51:50.163+0000] {dag.py:2585} INFO - Sync 1 DAGs
[2025-01-23T19:51:50.398+0000] {logging_mixin.py:120} INFO - [2025-01-23T19:51:50.387+0000] {dag.py:3340} INFO - Setting next_dagrun for example_weekday_branch_operator to 2025-01-22T00:00:00+00:00, run_after=2025-01-23T00:00:00+00:00
[2025-01-23T19:51:50.580+0000] {processor.py:176} INFO - Processing /home/airflow/.local/lib/python3.7/site-packages/airflow/example_dags/example_branch_day_of_week_operator.py took 0.951 seconds
[2025-01-23T19:52:21.086+0000] {processor.py:154} INFO - Started process (PID=45485) to work on /home/airflow/.local/lib/python3.7/site-packages/airflow/example_dags/example_branch_day_of_week_operator.py
[2025-01-23T19:52:21.089+0000] {processor.py:756} INFO - Processing file /home/airflow/.local/lib/python3.7/site-packages/airflow/example_dags/example_branch_day_of_week_operator.py for tasks to queue
[2025-01-23T19:52:21.091+0000] {logging_mixin.py:120} INFO - [2025-01-23T19:52:21.090+0000] {dagbag.py:537} INFO - Filling up the DagBag from /home/airflow/.local/lib/python3.7/site-packages/airflow/example_dags/example_branch_day_of_week_operator.py
[2025-01-23T19:52:21.132+0000] {processor.py:766} INFO - DAG(s) dict_keys(['example_weekday_branch_operator']) retrieved from /home/airflow/.local/lib/python3.7/site-packages/airflow/example_dags/example_branch_day_of_week_operator.py
[2025-01-23T19:52:21.244+0000] {logging_mixin.py:120} INFO - [2025-01-23T19:52:21.243+0000] {dag.py:2585} INFO - Sync 1 DAGs
[2025-01-23T19:52:21.350+0000] {logging_mixin.py:120} INFO - [2025-01-23T19:52:21.349+0000] {dag.py:3340} INFO - Setting next_dagrun for example_weekday_branch_operator to 2025-01-22T00:00:00+00:00, run_after=2025-01-23T00:00:00+00:00
[2025-01-23T19:52:21.442+0000] {processor.py:176} INFO - Processing /home/airflow/.local/lib/python3.7/site-packages/airflow/example_dags/example_branch_day_of_week_operator.py took 0.365 seconds
[2025-01-23T19:52:52.332+0000] {processor.py:154} INFO - Started process (PID=45539) to work on /home/airflow/.local/lib/python3.7/site-packages/airflow/example_dags/example_branch_day_of_week_operator.py
[2025-01-23T19:52:52.338+0000] {processor.py:756} INFO - Processing file /home/airflow/.local/lib/python3.7/site-packages/airflow/example_dags/example_branch_day_of_week_operator.py for tasks to queue
[2025-01-23T19:52:52.342+0000] {logging_mixin.py:120} INFO - [2025-01-23T19:52:52.341+0000] {dagbag.py:537} INFO - Filling up the DagBag from /home/airflow/.local/lib/python3.7/site-packages/airflow/example_dags/example_branch_day_of_week_operator.py
[2025-01-23T19:52:52.420+0000] {processor.py:766} INFO - DAG(s) dict_keys(['example_weekday_branch_operator']) retrieved from /home/airflow/.local/lib/python3.7/site-packages/airflow/example_dags/example_branch_day_of_week_operator.py
[2025-01-23T19:52:52.658+0000] {logging_mixin.py:120} INFO - [2025-01-23T19:52:52.657+0000] {dag.py:2585} INFO - Sync 1 DAGs
[2025-01-23T19:52:52.791+0000] {logging_mixin.py:120} INFO - [2025-01-23T19:52:52.790+0000] {dag.py:3340} INFO - Setting next_dagrun for example_weekday_branch_operator to 2025-01-22T00:00:00+00:00, run_after=2025-01-23T00:00:00+00:00
[2025-01-23T19:52:52.844+0000] {processor.py:176} INFO - Processing /home/airflow/.local/lib/python3.7/site-packages/airflow/example_dags/example_branch_day_of_week_operator.py took 0.521 seconds
[2025-01-23T19:53:23.594+0000] {processor.py:154} INFO - Started process (PID=45595) to work on /home/airflow/.local/lib/python3.7/site-packages/airflow/example_dags/example_branch_day_of_week_operator.py
[2025-01-23T19:53:23.597+0000] {processor.py:756} INFO - Processing file /home/airflow/.local/lib/python3.7/site-packages/airflow/example_dags/example_branch_day_of_week_operator.py for tasks to queue
[2025-01-23T19:53:23.599+0000] {logging_mixin.py:120} INFO - [2025-01-23T19:53:23.598+0000] {dagbag.py:537} INFO - Filling up the DagBag from /home/airflow/.local/lib/python3.7/site-packages/airflow/example_dags/example_branch_day_of_week_operator.py
[2025-01-23T19:53:23.632+0000] {processor.py:766} INFO - DAG(s) dict_keys(['example_weekday_branch_operator']) retrieved from /home/airflow/.local/lib/python3.7/site-packages/airflow/example_dags/example_branch_day_of_week_operator.py
[2025-01-23T19:53:23.708+0000] {logging_mixin.py:120} INFO - [2025-01-23T19:53:23.708+0000] {dag.py:2585} INFO - Sync 1 DAGs
[2025-01-23T19:53:23.760+0000] {logging_mixin.py:120} INFO - [2025-01-23T19:53:23.760+0000] {dag.py:3340} INFO - Setting next_dagrun for example_weekday_branch_operator to 2025-01-22T00:00:00+00:00, run_after=2025-01-23T00:00:00+00:00
[2025-01-23T19:53:23.796+0000] {processor.py:176} INFO - Processing /home/airflow/.local/lib/python3.7/site-packages/airflow/example_dags/example_branch_day_of_week_operator.py took 0.213 seconds
[2025-01-23T19:53:54.245+0000] {processor.py:154} INFO - Started process (PID=45649) to work on /home/airflow/.local/lib/python3.7/site-packages/airflow/example_dags/example_branch_day_of_week_operator.py
[2025-01-23T19:53:54.247+0000] {processor.py:756} INFO - Processing file /home/airflow/.local/lib/python3.7/site-packages/airflow/example_dags/example_branch_day_of_week_operator.py for tasks to queue
[2025-01-23T19:53:54.249+0000] {logging_mixin.py:120} INFO - [2025-01-23T19:53:54.249+0000] {dagbag.py:537} INFO - Filling up the DagBag from /home/airflow/.local/lib/python3.7/site-packages/airflow/example_dags/example_branch_day_of_week_operator.py
[2025-01-23T19:53:54.278+0000] {processor.py:766} INFO - DAG(s) dict_keys(['example_weekday_branch_operator']) retrieved from /home/airflow/.local/lib/python3.7/site-packages/airflow/example_dags/example_branch_day_of_week_operator.py
[2025-01-23T19:53:54.365+0000] {logging_mixin.py:120} INFO - [2025-01-23T19:53:54.365+0000] {dag.py:2585} INFO - Sync 1 DAGs
[2025-01-23T19:53:54.411+0000] {logging_mixin.py:120} INFO - [2025-01-23T19:53:54.411+0000] {dag.py:3340} INFO - Setting next_dagrun for example_weekday_branch_operator to 2025-01-22T00:00:00+00:00, run_after=2025-01-23T00:00:00+00:00
[2025-01-23T19:53:54.445+0000] {processor.py:176} INFO - Processing /home/airflow/.local/lib/python3.7/site-packages/airflow/example_dags/example_branch_day_of_week_operator.py took 0.207 seconds
[2025-01-23T19:54:26.644+0000] {processor.py:154} INFO - Started process (PID=45712) to work on /home/airflow/.local/lib/python3.7/site-packages/airflow/example_dags/example_branch_day_of_week_operator.py
[2025-01-23T19:54:26.647+0000] {processor.py:756} INFO - Processing file /home/airflow/.local/lib/python3.7/site-packages/airflow/example_dags/example_branch_day_of_week_operator.py for tasks to queue
[2025-01-23T19:54:26.649+0000] {logging_mixin.py:120} INFO - [2025-01-23T19:54:26.649+0000] {dagbag.py:537} INFO - Filling up the DagBag from /home/airflow/.local/lib/python3.7/site-packages/airflow/example_dags/example_branch_day_of_week_operator.py
[2025-01-23T19:54:26.730+0000] {processor.py:766} INFO - DAG(s) dict_keys(['example_weekday_branch_operator']) retrieved from /home/airflow/.local/lib/python3.7/site-packages/airflow/example_dags/example_branch_day_of_week_operator.py
[2025-01-23T19:54:26.912+0000] {logging_mixin.py:120} INFO - [2025-01-23T19:54:26.910+0000] {dag.py:2585} INFO - Sync 1 DAGs
[2025-01-23T19:54:27.042+0000] {logging_mixin.py:120} INFO - [2025-01-23T19:54:27.042+0000] {dag.py:3340} INFO - Setting next_dagrun for example_weekday_branch_operator to 2025-01-22T00:00:00+00:00, run_after=2025-01-23T00:00:00+00:00
[2025-01-23T19:54:27.128+0000] {processor.py:176} INFO - Processing /home/airflow/.local/lib/python3.7/site-packages/airflow/example_dags/example_branch_day_of_week_operator.py took 0.493 seconds
[2025-01-23T19:54:57.864+0000] {processor.py:154} INFO - Started process (PID=45766) to work on /home/airflow/.local/lib/python3.7/site-packages/airflow/example_dags/example_branch_day_of_week_operator.py
[2025-01-23T19:54:57.865+0000] {processor.py:756} INFO - Processing file /home/airflow/.local/lib/python3.7/site-packages/airflow/example_dags/example_branch_day_of_week_operator.py for tasks to queue
[2025-01-23T19:54:57.867+0000] {logging_mixin.py:120} INFO - [2025-01-23T19:54:57.867+0000] {dagbag.py:537} INFO - Filling up the DagBag from /home/airflow/.local/lib/python3.7/site-packages/airflow/example_dags/example_branch_day_of_week_operator.py
[2025-01-23T19:54:57.896+0000] {processor.py:766} INFO - DAG(s) dict_keys(['example_weekday_branch_operator']) retrieved from /home/airflow/.local/lib/python3.7/site-packages/airflow/example_dags/example_branch_day_of_week_operator.py
[2025-01-23T19:54:57.963+0000] {logging_mixin.py:120} INFO - [2025-01-23T19:54:57.963+0000] {dag.py:2585} INFO - Sync 1 DAGs
[2025-01-23T19:54:58.008+0000] {logging_mixin.py:120} INFO - [2025-01-23T19:54:58.007+0000] {dag.py:3340} INFO - Setting next_dagrun for example_weekday_branch_operator to 2025-01-22T00:00:00+00:00, run_after=2025-01-23T00:00:00+00:00
[2025-01-23T19:54:58.042+0000] {processor.py:176} INFO - Processing /home/airflow/.local/lib/python3.7/site-packages/airflow/example_dags/example_branch_day_of_week_operator.py took 0.184 seconds
[2025-01-23T19:55:28.559+0000] {processor.py:154} INFO - Started process (PID=45821) to work on /home/airflow/.local/lib/python3.7/site-packages/airflow/example_dags/example_branch_day_of_week_operator.py
[2025-01-23T19:55:28.561+0000] {processor.py:756} INFO - Processing file /home/airflow/.local/lib/python3.7/site-packages/airflow/example_dags/example_branch_day_of_week_operator.py for tasks to queue
[2025-01-23T19:55:28.563+0000] {logging_mixin.py:120} INFO - [2025-01-23T19:55:28.563+0000] {dagbag.py:537} INFO - Filling up the DagBag from /home/airflow/.local/lib/python3.7/site-packages/airflow/example_dags/example_branch_day_of_week_operator.py
[2025-01-23T19:55:28.599+0000] {processor.py:766} INFO - DAG(s) dict_keys(['example_weekday_branch_operator']) retrieved from /home/airflow/.local/lib/python3.7/site-packages/airflow/example_dags/example_branch_day_of_week_operator.py
[2025-01-23T19:55:28.688+0000] {logging_mixin.py:120} INFO - [2025-01-23T19:55:28.688+0000] {dag.py:2585} INFO - Sync 1 DAGs
[2025-01-23T19:55:28.740+0000] {logging_mixin.py:120} INFO - [2025-01-23T19:55:28.739+0000] {dag.py:3340} INFO - Setting next_dagrun for example_weekday_branch_operator to 2025-01-22T00:00:00+00:00, run_after=2025-01-23T00:00:00+00:00
[2025-01-23T19:55:28.776+0000] {processor.py:176} INFO - Processing /home/airflow/.local/lib/python3.7/site-packages/airflow/example_dags/example_branch_day_of_week_operator.py took 0.226 seconds
[2025-01-23T19:56:00.313+0000] {processor.py:154} INFO - Started process (PID=45884) to work on /home/airflow/.local/lib/python3.7/site-packages/airflow/example_dags/example_branch_day_of_week_operator.py
[2025-01-23T19:56:00.321+0000] {processor.py:756} INFO - Processing file /home/airflow/.local/lib/python3.7/site-packages/airflow/example_dags/example_branch_day_of_week_operator.py for tasks to queue
[2025-01-23T19:56:00.324+0000] {logging_mixin.py:120} INFO - [2025-01-23T19:56:00.323+0000] {dagbag.py:537} INFO - Filling up the DagBag from /home/airflow/.local/lib/python3.7/site-packages/airflow/example_dags/example_branch_day_of_week_operator.py
[2025-01-23T19:56:00.435+0000] {processor.py:766} INFO - DAG(s) dict_keys(['example_weekday_branch_operator']) retrieved from /home/airflow/.local/lib/python3.7/site-packages/airflow/example_dags/example_branch_day_of_week_operator.py
[2025-01-23T19:56:00.597+0000] {logging_mixin.py:120} INFO - [2025-01-23T19:56:00.597+0000] {dag.py:2585} INFO - Sync 1 DAGs
[2025-01-23T19:56:00.753+0000] {logging_mixin.py:120} INFO - [2025-01-23T19:56:00.752+0000] {dag.py:3340} INFO - Setting next_dagrun for example_weekday_branch_operator to 2025-01-22T00:00:00+00:00, run_after=2025-01-23T00:00:00+00:00
[2025-01-23T19:56:00.877+0000] {processor.py:176} INFO - Processing /home/airflow/.local/lib/python3.7/site-packages/airflow/example_dags/example_branch_day_of_week_operator.py took 0.573 seconds
[2025-01-23T19:56:31.442+0000] {processor.py:154} INFO - Started process (PID=45929) to work on /home/airflow/.local/lib/python3.7/site-packages/airflow/example_dags/example_branch_day_of_week_operator.py
[2025-01-23T19:56:31.445+0000] {processor.py:756} INFO - Processing file /home/airflow/.local/lib/python3.7/site-packages/airflow/example_dags/example_branch_day_of_week_operator.py for tasks to queue
[2025-01-23T19:56:31.447+0000] {logging_mixin.py:120} INFO - [2025-01-23T19:56:31.446+0000] {dagbag.py:537} INFO - Filling up the DagBag from /home/airflow/.local/lib/python3.7/site-packages/airflow/example_dags/example_branch_day_of_week_operator.py
[2025-01-23T19:56:31.503+0000] {processor.py:766} INFO - DAG(s) dict_keys(['example_weekday_branch_operator']) retrieved from /home/airflow/.local/lib/python3.7/site-packages/airflow/example_dags/example_branch_day_of_week_operator.py
[2025-01-23T19:56:31.600+0000] {logging_mixin.py:120} INFO - [2025-01-23T19:56:31.599+0000] {dag.py:2585} INFO - Sync 1 DAGs
[2025-01-23T19:56:31.681+0000] {logging_mixin.py:120} INFO - [2025-01-23T19:56:31.680+0000] {dag.py:3340} INFO - Setting next_dagrun for example_weekday_branch_operator to 2025-01-22T00:00:00+00:00, run_after=2025-01-23T00:00:00+00:00
[2025-01-23T19:56:31.754+0000] {processor.py:176} INFO - Processing /home/airflow/.local/lib/python3.7/site-packages/airflow/example_dags/example_branch_day_of_week_operator.py took 0.324 seconds
[2025-01-23T19:57:02.075+0000] {processor.py:154} INFO - Started process (PID=45992) to work on /home/airflow/.local/lib/python3.7/site-packages/airflow/example_dags/example_branch_day_of_week_operator.py
[2025-01-23T19:57:02.077+0000] {processor.py:756} INFO - Processing file /home/airflow/.local/lib/python3.7/site-packages/airflow/example_dags/example_branch_day_of_week_operator.py for tasks to queue
[2025-01-23T19:57:02.079+0000] {logging_mixin.py:120} INFO - [2025-01-23T19:57:02.079+0000] {dagbag.py:537} INFO - Filling up the DagBag from /home/airflow/.local/lib/python3.7/site-packages/airflow/example_dags/example_branch_day_of_week_operator.py
[2025-01-23T19:57:02.110+0000] {processor.py:766} INFO - DAG(s) dict_keys(['example_weekday_branch_operator']) retrieved from /home/airflow/.local/lib/python3.7/site-packages/airflow/example_dags/example_branch_day_of_week_operator.py
[2025-01-23T19:57:02.189+0000] {logging_mixin.py:120} INFO - [2025-01-23T19:57:02.189+0000] {dag.py:2585} INFO - Sync 1 DAGs
[2025-01-23T19:57:02.245+0000] {logging_mixin.py:120} INFO - [2025-01-23T19:57:02.245+0000] {dag.py:3340} INFO - Setting next_dagrun for example_weekday_branch_operator to 2025-01-22T00:00:00+00:00, run_after=2025-01-23T00:00:00+00:00
[2025-01-23T19:57:02.286+0000] {processor.py:176} INFO - Processing /home/airflow/.local/lib/python3.7/site-packages/airflow/example_dags/example_branch_day_of_week_operator.py took 0.216 seconds
[2025-01-23T19:57:32.685+0000] {processor.py:154} INFO - Started process (PID=46046) to work on /home/airflow/.local/lib/python3.7/site-packages/airflow/example_dags/example_branch_day_of_week_operator.py
[2025-01-23T19:57:32.687+0000] {processor.py:756} INFO - Processing file /home/airflow/.local/lib/python3.7/site-packages/airflow/example_dags/example_branch_day_of_week_operator.py for tasks to queue
[2025-01-23T19:57:32.689+0000] {logging_mixin.py:120} INFO - [2025-01-23T19:57:32.688+0000] {dagbag.py:537} INFO - Filling up the DagBag from /home/airflow/.local/lib/python3.7/site-packages/airflow/example_dags/example_branch_day_of_week_operator.py
[2025-01-23T19:57:32.716+0000] {processor.py:766} INFO - DAG(s) dict_keys(['example_weekday_branch_operator']) retrieved from /home/airflow/.local/lib/python3.7/site-packages/airflow/example_dags/example_branch_day_of_week_operator.py
[2025-01-23T19:57:32.799+0000] {logging_mixin.py:120} INFO - [2025-01-23T19:57:32.799+0000] {dag.py:2585} INFO - Sync 1 DAGs
[2025-01-23T19:57:32.846+0000] {logging_mixin.py:120} INFO - [2025-01-23T19:57:32.846+0000] {dag.py:3340} INFO - Setting next_dagrun for example_weekday_branch_operator to 2025-01-22T00:00:00+00:00, run_after=2025-01-23T00:00:00+00:00
[2025-01-23T19:57:32.887+0000] {processor.py:176} INFO - Processing /home/airflow/.local/lib/python3.7/site-packages/airflow/example_dags/example_branch_day_of_week_operator.py took 0.209 seconds
[2025-01-23T19:58:03.489+0000] {processor.py:154} INFO - Started process (PID=46107) to work on /home/airflow/.local/lib/python3.7/site-packages/airflow/example_dags/example_branch_day_of_week_operator.py
[2025-01-23T19:58:03.491+0000] {processor.py:756} INFO - Processing file /home/airflow/.local/lib/python3.7/site-packages/airflow/example_dags/example_branch_day_of_week_operator.py for tasks to queue
[2025-01-23T19:58:03.492+0000] {logging_mixin.py:120} INFO - [2025-01-23T19:58:03.492+0000] {dagbag.py:537} INFO - Filling up the DagBag from /home/airflow/.local/lib/python3.7/site-packages/airflow/example_dags/example_branch_day_of_week_operator.py
[2025-01-23T19:58:03.527+0000] {processor.py:766} INFO - DAG(s) dict_keys(['example_weekday_branch_operator']) retrieved from /home/airflow/.local/lib/python3.7/site-packages/airflow/example_dags/example_branch_day_of_week_operator.py
[2025-01-23T19:58:03.607+0000] {logging_mixin.py:120} INFO - [2025-01-23T19:58:03.606+0000] {dag.py:2585} INFO - Sync 1 DAGs
[2025-01-23T19:58:03.664+0000] {logging_mixin.py:120} INFO - [2025-01-23T19:58:03.663+0000] {dag.py:3340} INFO - Setting next_dagrun for example_weekday_branch_operator to 2025-01-22T00:00:00+00:00, run_after=2025-01-23T00:00:00+00:00
[2025-01-23T19:58:03.698+0000] {processor.py:176} INFO - Processing /home/airflow/.local/lib/python3.7/site-packages/airflow/example_dags/example_branch_day_of_week_operator.py took 0.219 seconds
[2025-01-23T19:58:34.194+0000] {processor.py:154} INFO - Started process (PID=46163) to work on /home/airflow/.local/lib/python3.7/site-packages/airflow/example_dags/example_branch_day_of_week_operator.py
[2025-01-23T19:58:34.196+0000] {processor.py:756} INFO - Processing file /home/airflow/.local/lib/python3.7/site-packages/airflow/example_dags/example_branch_day_of_week_operator.py for tasks to queue
[2025-01-23T19:58:34.198+0000] {logging_mixin.py:120} INFO - [2025-01-23T19:58:34.197+0000] {dagbag.py:537} INFO - Filling up the DagBag from /home/airflow/.local/lib/python3.7/site-packages/airflow/example_dags/example_branch_day_of_week_operator.py
[2025-01-23T19:58:34.228+0000] {processor.py:766} INFO - DAG(s) dict_keys(['example_weekday_branch_operator']) retrieved from /home/airflow/.local/lib/python3.7/site-packages/airflow/example_dags/example_branch_day_of_week_operator.py
[2025-01-23T19:58:34.304+0000] {logging_mixin.py:120} INFO - [2025-01-23T19:58:34.304+0000] {dag.py:2585} INFO - Sync 1 DAGs
[2025-01-23T19:58:34.358+0000] {logging_mixin.py:120} INFO - [2025-01-23T19:58:34.357+0000] {dag.py:3340} INFO - Setting next_dagrun for example_weekday_branch_operator to 2025-01-22T00:00:00+00:00, run_after=2025-01-23T00:00:00+00:00
[2025-01-23T19:58:34.395+0000] {processor.py:176} INFO - Processing /home/airflow/.local/lib/python3.7/site-packages/airflow/example_dags/example_branch_day_of_week_operator.py took 0.207 seconds
[2025-01-23T19:59:04.742+0000] {processor.py:154} INFO - Started process (PID=46217) to work on /home/airflow/.local/lib/python3.7/site-packages/airflow/example_dags/example_branch_day_of_week_operator.py
[2025-01-23T19:59:04.745+0000] {processor.py:756} INFO - Processing file /home/airflow/.local/lib/python3.7/site-packages/airflow/example_dags/example_branch_day_of_week_operator.py for tasks to queue
[2025-01-23T19:59:04.748+0000] {logging_mixin.py:120} INFO - [2025-01-23T19:59:04.747+0000] {dagbag.py:537} INFO - Filling up the DagBag from /home/airflow/.local/lib/python3.7/site-packages/airflow/example_dags/example_branch_day_of_week_operator.py
[2025-01-23T19:59:04.822+0000] {processor.py:766} INFO - DAG(s) dict_keys(['example_weekday_branch_operator']) retrieved from /home/airflow/.local/lib/python3.7/site-packages/airflow/example_dags/example_branch_day_of_week_operator.py
[2025-01-23T19:59:04.922+0000] {logging_mixin.py:120} INFO - [2025-01-23T19:59:04.922+0000] {dag.py:2585} INFO - Sync 1 DAGs
[2025-01-23T19:59:04.974+0000] {logging_mixin.py:120} INFO - [2025-01-23T19:59:04.974+0000] {dag.py:3340} INFO - Setting next_dagrun for example_weekday_branch_operator to 2025-01-22T00:00:00+00:00, run_after=2025-01-23T00:00:00+00:00
[2025-01-23T19:59:05.014+0000] {processor.py:176} INFO - Processing /home/airflow/.local/lib/python3.7/site-packages/airflow/example_dags/example_branch_day_of_week_operator.py took 0.283 seconds
[2025-01-23T19:59:35.979+0000] {processor.py:154} INFO - Started process (PID=46271) to work on /home/airflow/.local/lib/python3.7/site-packages/airflow/example_dags/example_branch_day_of_week_operator.py
[2025-01-23T19:59:35.984+0000] {processor.py:756} INFO - Processing file /home/airflow/.local/lib/python3.7/site-packages/airflow/example_dags/example_branch_day_of_week_operator.py for tasks to queue
[2025-01-23T19:59:35.988+0000] {logging_mixin.py:120} INFO - [2025-01-23T19:59:35.988+0000] {dagbag.py:537} INFO - Filling up the DagBag from /home/airflow/.local/lib/python3.7/site-packages/airflow/example_dags/example_branch_day_of_week_operator.py
[2025-01-23T19:59:36.077+0000] {processor.py:766} INFO - DAG(s) dict_keys(['example_weekday_branch_operator']) retrieved from /home/airflow/.local/lib/python3.7/site-packages/airflow/example_dags/example_branch_day_of_week_operator.py
[2025-01-23T19:59:36.247+0000] {logging_mixin.py:120} INFO - [2025-01-23T19:59:36.247+0000] {dag.py:2585} INFO - Sync 1 DAGs
[2025-01-23T19:59:36.312+0000] {logging_mixin.py:120} INFO - [2025-01-23T19:59:36.312+0000] {dag.py:3340} INFO - Setting next_dagrun for example_weekday_branch_operator to 2025-01-22T00:00:00+00:00, run_after=2025-01-23T00:00:00+00:00
[2025-01-23T19:59:36.348+0000] {processor.py:176} INFO - Processing /home/airflow/.local/lib/python3.7/site-packages/airflow/example_dags/example_branch_day_of_week_operator.py took 0.383 seconds
[2025-01-23T20:00:06.912+0000] {processor.py:154} INFO - Started process (PID=46336) to work on /home/airflow/.local/lib/python3.7/site-packages/airflow/example_dags/example_branch_day_of_week_operator.py
[2025-01-23T20:00:06.914+0000] {processor.py:756} INFO - Processing file /home/airflow/.local/lib/python3.7/site-packages/airflow/example_dags/example_branch_day_of_week_operator.py for tasks to queue
[2025-01-23T20:00:06.916+0000] {logging_mixin.py:120} INFO - [2025-01-23T20:00:06.916+0000] {dagbag.py:537} INFO - Filling up the DagBag from /home/airflow/.local/lib/python3.7/site-packages/airflow/example_dags/example_branch_day_of_week_operator.py
[2025-01-23T20:00:06.976+0000] {processor.py:766} INFO - DAG(s) dict_keys(['example_weekday_branch_operator']) retrieved from /home/airflow/.local/lib/python3.7/site-packages/airflow/example_dags/example_branch_day_of_week_operator.py
[2025-01-23T20:00:07.091+0000] {logging_mixin.py:120} INFO - [2025-01-23T20:00:07.090+0000] {dag.py:2585} INFO - Sync 1 DAGs
[2025-01-23T20:00:07.138+0000] {logging_mixin.py:120} INFO - [2025-01-23T20:00:07.138+0000] {dag.py:3340} INFO - Setting next_dagrun for example_weekday_branch_operator to 2025-01-22T00:00:00+00:00, run_after=2025-01-23T00:00:00+00:00
[2025-01-23T20:00:07.166+0000] {processor.py:176} INFO - Processing /home/airflow/.local/lib/python3.7/site-packages/airflow/example_dags/example_branch_day_of_week_operator.py took 0.264 seconds
[2025-01-23T20:00:37.475+0000] {processor.py:154} INFO - Started process (PID=46389) to work on /home/airflow/.local/lib/python3.7/site-packages/airflow/example_dags/example_branch_day_of_week_operator.py
[2025-01-23T20:00:37.478+0000] {processor.py:756} INFO - Processing file /home/airflow/.local/lib/python3.7/site-packages/airflow/example_dags/example_branch_day_of_week_operator.py for tasks to queue
[2025-01-23T20:00:37.484+0000] {logging_mixin.py:120} INFO - [2025-01-23T20:00:37.484+0000] {dagbag.py:537} INFO - Filling up the DagBag from /home/airflow/.local/lib/python3.7/site-packages/airflow/example_dags/example_branch_day_of_week_operator.py
[2025-01-23T20:00:37.543+0000] {processor.py:766} INFO - DAG(s) dict_keys(['example_weekday_branch_operator']) retrieved from /home/airflow/.local/lib/python3.7/site-packages/airflow/example_dags/example_branch_day_of_week_operator.py
[2025-01-23T20:00:37.665+0000] {logging_mixin.py:120} INFO - [2025-01-23T20:00:37.665+0000] {dag.py:2585} INFO - Sync 1 DAGs
[2025-01-23T20:00:37.733+0000] {logging_mixin.py:120} INFO - [2025-01-23T20:00:37.733+0000] {dag.py:3340} INFO - Setting next_dagrun for example_weekday_branch_operator to 2025-01-22T00:00:00+00:00, run_after=2025-01-23T00:00:00+00:00
[2025-01-23T20:00:37.801+0000] {processor.py:176} INFO - Processing /home/airflow/.local/lib/python3.7/site-packages/airflow/example_dags/example_branch_day_of_week_operator.py took 0.334 seconds
[2025-01-23T20:01:08.047+0000] {processor.py:154} INFO - Started process (PID=46453) to work on /home/airflow/.local/lib/python3.7/site-packages/airflow/example_dags/example_branch_day_of_week_operator.py
[2025-01-23T20:01:08.055+0000] {processor.py:756} INFO - Processing file /home/airflow/.local/lib/python3.7/site-packages/airflow/example_dags/example_branch_day_of_week_operator.py for tasks to queue
[2025-01-23T20:01:08.060+0000] {logging_mixin.py:120} INFO - [2025-01-23T20:01:08.058+0000] {dagbag.py:537} INFO - Filling up the DagBag from /home/airflow/.local/lib/python3.7/site-packages/airflow/example_dags/example_branch_day_of_week_operator.py
[2025-01-23T20:01:08.121+0000] {processor.py:766} INFO - DAG(s) dict_keys(['example_weekday_branch_operator']) retrieved from /home/airflow/.local/lib/python3.7/site-packages/airflow/example_dags/example_branch_day_of_week_operator.py
[2025-01-23T20:01:08.241+0000] {logging_mixin.py:120} INFO - [2025-01-23T20:01:08.241+0000] {dag.py:2585} INFO - Sync 1 DAGs
[2025-01-23T20:01:08.297+0000] {logging_mixin.py:120} INFO - [2025-01-23T20:01:08.297+0000] {dag.py:3340} INFO - Setting next_dagrun for example_weekday_branch_operator to 2025-01-22T00:00:00+00:00, run_after=2025-01-23T00:00:00+00:00
[2025-01-23T20:01:08.345+0000] {processor.py:176} INFO - Processing /home/airflow/.local/lib/python3.7/site-packages/airflow/example_dags/example_branch_day_of_week_operator.py took 0.310 seconds
[2025-01-23T20:01:38.526+0000] {processor.py:154} INFO - Started process (PID=46507) to work on /home/airflow/.local/lib/python3.7/site-packages/airflow/example_dags/example_branch_day_of_week_operator.py
[2025-01-23T20:01:38.528+0000] {processor.py:756} INFO - Processing file /home/airflow/.local/lib/python3.7/site-packages/airflow/example_dags/example_branch_day_of_week_operator.py for tasks to queue
[2025-01-23T20:01:38.530+0000] {logging_mixin.py:120} INFO - [2025-01-23T20:01:38.530+0000] {dagbag.py:537} INFO - Filling up the DagBag from /home/airflow/.local/lib/python3.7/site-packages/airflow/example_dags/example_branch_day_of_week_operator.py
[2025-01-23T20:01:38.574+0000] {processor.py:766} INFO - DAG(s) dict_keys(['example_weekday_branch_operator']) retrieved from /home/airflow/.local/lib/python3.7/site-packages/airflow/example_dags/example_branch_day_of_week_operator.py
[2025-01-23T20:01:38.665+0000] {logging_mixin.py:120} INFO - [2025-01-23T20:01:38.664+0000] {dag.py:2585} INFO - Sync 1 DAGs
[2025-01-23T20:01:38.717+0000] {logging_mixin.py:120} INFO - [2025-01-23T20:01:38.717+0000] {dag.py:3340} INFO - Setting next_dagrun for example_weekday_branch_operator to 2025-01-22T00:00:00+00:00, run_after=2025-01-23T00:00:00+00:00
[2025-01-23T20:01:38.753+0000] {processor.py:176} INFO - Processing /home/airflow/.local/lib/python3.7/site-packages/airflow/example_dags/example_branch_day_of_week_operator.py took 0.235 seconds
[2025-01-23T20:02:08.915+0000] {processor.py:154} INFO - Started process (PID=46561) to work on /home/airflow/.local/lib/python3.7/site-packages/airflow/example_dags/example_branch_day_of_week_operator.py
[2025-01-23T20:02:08.917+0000] {processor.py:756} INFO - Processing file /home/airflow/.local/lib/python3.7/site-packages/airflow/example_dags/example_branch_day_of_week_operator.py for tasks to queue
[2025-01-23T20:02:08.918+0000] {logging_mixin.py:120} INFO - [2025-01-23T20:02:08.918+0000] {dagbag.py:537} INFO - Filling up the DagBag from /home/airflow/.local/lib/python3.7/site-packages/airflow/example_dags/example_branch_day_of_week_operator.py
[2025-01-23T20:02:08.952+0000] {processor.py:766} INFO - DAG(s) dict_keys(['example_weekday_branch_operator']) retrieved from /home/airflow/.local/lib/python3.7/site-packages/airflow/example_dags/example_branch_day_of_week_operator.py
[2025-01-23T20:02:09.032+0000] {logging_mixin.py:120} INFO - [2025-01-23T20:02:09.031+0000] {dag.py:2585} INFO - Sync 1 DAGs
[2025-01-23T20:02:09.082+0000] {logging_mixin.py:120} INFO - [2025-01-23T20:02:09.082+0000] {dag.py:3340} INFO - Setting next_dagrun for example_weekday_branch_operator to 2025-01-22T00:00:00+00:00, run_after=2025-01-23T00:00:00+00:00
[2025-01-23T20:02:09.117+0000] {processor.py:176} INFO - Processing /home/airflow/.local/lib/python3.7/site-packages/airflow/example_dags/example_branch_day_of_week_operator.py took 0.208 seconds
[2025-01-23T20:02:39.740+0000] {processor.py:154} INFO - Started process (PID=46624) to work on /home/airflow/.local/lib/python3.7/site-packages/airflow/example_dags/example_branch_day_of_week_operator.py
[2025-01-23T20:02:39.741+0000] {processor.py:756} INFO - Processing file /home/airflow/.local/lib/python3.7/site-packages/airflow/example_dags/example_branch_day_of_week_operator.py for tasks to queue
[2025-01-23T20:02:39.744+0000] {logging_mixin.py:120} INFO - [2025-01-23T20:02:39.744+0000] {dagbag.py:537} INFO - Filling up the DagBag from /home/airflow/.local/lib/python3.7/site-packages/airflow/example_dags/example_branch_day_of_week_operator.py
[2025-01-23T20:02:39.773+0000] {processor.py:766} INFO - DAG(s) dict_keys(['example_weekday_branch_operator']) retrieved from /home/airflow/.local/lib/python3.7/site-packages/airflow/example_dags/example_branch_day_of_week_operator.py
[2025-01-23T20:02:39.843+0000] {logging_mixin.py:120} INFO - [2025-01-23T20:02:39.843+0000] {dag.py:2585} INFO - Sync 1 DAGs
[2025-01-23T20:02:39.889+0000] {logging_mixin.py:120} INFO - [2025-01-23T20:02:39.889+0000] {dag.py:3340} INFO - Setting next_dagrun for example_weekday_branch_operator to 2025-01-22T00:00:00+00:00, run_after=2025-01-23T00:00:00+00:00
[2025-01-23T20:02:39.922+0000] {processor.py:176} INFO - Processing /home/airflow/.local/lib/python3.7/site-packages/airflow/example_dags/example_branch_day_of_week_operator.py took 0.191 seconds
[2025-01-23T20:03:10.522+0000] {processor.py:154} INFO - Started process (PID=46678) to work on /home/airflow/.local/lib/python3.7/site-packages/airflow/example_dags/example_branch_day_of_week_operator.py
[2025-01-23T20:03:10.524+0000] {processor.py:756} INFO - Processing file /home/airflow/.local/lib/python3.7/site-packages/airflow/example_dags/example_branch_day_of_week_operator.py for tasks to queue
[2025-01-23T20:03:10.526+0000] {logging_mixin.py:120} INFO - [2025-01-23T20:03:10.526+0000] {dagbag.py:537} INFO - Filling up the DagBag from /home/airflow/.local/lib/python3.7/site-packages/airflow/example_dags/example_branch_day_of_week_operator.py
[2025-01-23T20:03:10.558+0000] {processor.py:766} INFO - DAG(s) dict_keys(['example_weekday_branch_operator']) retrieved from /home/airflow/.local/lib/python3.7/site-packages/airflow/example_dags/example_branch_day_of_week_operator.py
[2025-01-23T20:03:10.635+0000] {logging_mixin.py:120} INFO - [2025-01-23T20:03:10.634+0000] {dag.py:2585} INFO - Sync 1 DAGs
[2025-01-23T20:03:10.696+0000] {logging_mixin.py:120} INFO - [2025-01-23T20:03:10.696+0000] {dag.py:3340} INFO - Setting next_dagrun for example_weekday_branch_operator to 2025-01-22T00:00:00+00:00, run_after=2025-01-23T00:00:00+00:00
[2025-01-23T20:03:10.732+0000] {processor.py:176} INFO - Processing /home/airflow/.local/lib/python3.7/site-packages/airflow/example_dags/example_branch_day_of_week_operator.py took 0.216 seconds
[2025-01-23T20:03:41.075+0000] {processor.py:154} INFO - Started process (PID=46741) to work on /home/airflow/.local/lib/python3.7/site-packages/airflow/example_dags/example_branch_day_of_week_operator.py
[2025-01-23T20:03:41.077+0000] {processor.py:756} INFO - Processing file /home/airflow/.local/lib/python3.7/site-packages/airflow/example_dags/example_branch_day_of_week_operator.py for tasks to queue
[2025-01-23T20:03:41.079+0000] {logging_mixin.py:120} INFO - [2025-01-23T20:03:41.078+0000] {dagbag.py:537} INFO - Filling up the DagBag from /home/airflow/.local/lib/python3.7/site-packages/airflow/example_dags/example_branch_day_of_week_operator.py
[2025-01-23T20:03:41.107+0000] {processor.py:766} INFO - DAG(s) dict_keys(['example_weekday_branch_operator']) retrieved from /home/airflow/.local/lib/python3.7/site-packages/airflow/example_dags/example_branch_day_of_week_operator.py
[2025-01-23T20:03:41.176+0000] {logging_mixin.py:120} INFO - [2025-01-23T20:03:41.176+0000] {dag.py:2585} INFO - Sync 1 DAGs
[2025-01-23T20:03:41.221+0000] {logging_mixin.py:120} INFO - [2025-01-23T20:03:41.221+0000] {dag.py:3340} INFO - Setting next_dagrun for example_weekday_branch_operator to 2025-01-22T00:00:00+00:00, run_after=2025-01-23T00:00:00+00:00
[2025-01-23T20:03:41.257+0000] {processor.py:176} INFO - Processing /home/airflow/.local/lib/python3.7/site-packages/airflow/example_dags/example_branch_day_of_week_operator.py took 0.187 seconds
[2025-01-23T20:04:11.365+0000] {processor.py:154} INFO - Started process (PID=46795) to work on /home/airflow/.local/lib/python3.7/site-packages/airflow/example_dags/example_branch_day_of_week_operator.py
[2025-01-23T20:04:11.367+0000] {processor.py:756} INFO - Processing file /home/airflow/.local/lib/python3.7/site-packages/airflow/example_dags/example_branch_day_of_week_operator.py for tasks to queue
[2025-01-23T20:04:11.369+0000] {logging_mixin.py:120} INFO - [2025-01-23T20:04:11.369+0000] {dagbag.py:537} INFO - Filling up the DagBag from /home/airflow/.local/lib/python3.7/site-packages/airflow/example_dags/example_branch_day_of_week_operator.py
[2025-01-23T20:04:11.404+0000] {processor.py:766} INFO - DAG(s) dict_keys(['example_weekday_branch_operator']) retrieved from /home/airflow/.local/lib/python3.7/site-packages/airflow/example_dags/example_branch_day_of_week_operator.py
[2025-01-23T20:04:11.482+0000] {logging_mixin.py:120} INFO - [2025-01-23T20:04:11.481+0000] {dag.py:2585} INFO - Sync 1 DAGs
[2025-01-23T20:04:11.539+0000] {logging_mixin.py:120} INFO - [2025-01-23T20:04:11.538+0000] {dag.py:3340} INFO - Setting next_dagrun for example_weekday_branch_operator to 2025-01-22T00:00:00+00:00, run_after=2025-01-23T00:00:00+00:00
[2025-01-23T20:04:11.585+0000] {processor.py:176} INFO - Processing /home/airflow/.local/lib/python3.7/site-packages/airflow/example_dags/example_branch_day_of_week_operator.py took 0.227 seconds
[2025-01-23T20:04:41.721+0000] {processor.py:154} INFO - Started process (PID=46849) to work on /home/airflow/.local/lib/python3.7/site-packages/airflow/example_dags/example_branch_day_of_week_operator.py
[2025-01-23T20:04:41.723+0000] {processor.py:756} INFO - Processing file /home/airflow/.local/lib/python3.7/site-packages/airflow/example_dags/example_branch_day_of_week_operator.py for tasks to queue
[2025-01-23T20:04:41.725+0000] {logging_mixin.py:120} INFO - [2025-01-23T20:04:41.725+0000] {dagbag.py:537} INFO - Filling up the DagBag from /home/airflow/.local/lib/python3.7/site-packages/airflow/example_dags/example_branch_day_of_week_operator.py
[2025-01-23T20:04:41.760+0000] {processor.py:766} INFO - DAG(s) dict_keys(['example_weekday_branch_operator']) retrieved from /home/airflow/.local/lib/python3.7/site-packages/airflow/example_dags/example_branch_day_of_week_operator.py
[2025-01-23T20:04:41.841+0000] {logging_mixin.py:120} INFO - [2025-01-23T20:04:41.841+0000] {dag.py:2585} INFO - Sync 1 DAGs
[2025-01-23T20:04:41.931+0000] {logging_mixin.py:120} INFO - [2025-01-23T20:04:41.931+0000] {dag.py:3340} INFO - Setting next_dagrun for example_weekday_branch_operator to 2025-01-22T00:00:00+00:00, run_after=2025-01-23T00:00:00+00:00
[2025-01-23T20:04:42.017+0000] {processor.py:176} INFO - Processing /home/airflow/.local/lib/python3.7/site-packages/airflow/example_dags/example_branch_day_of_week_operator.py took 0.302 seconds
[2025-01-23T20:05:13.005+0000] {processor.py:154} INFO - Started process (PID=46912) to work on /home/airflow/.local/lib/python3.7/site-packages/airflow/example_dags/example_branch_day_of_week_operator.py
[2025-01-23T20:05:13.007+0000] {processor.py:756} INFO - Processing file /home/airflow/.local/lib/python3.7/site-packages/airflow/example_dags/example_branch_day_of_week_operator.py for tasks to queue
[2025-01-23T20:05:13.008+0000] {logging_mixin.py:120} INFO - [2025-01-23T20:05:13.008+0000] {dagbag.py:537} INFO - Filling up the DagBag from /home/airflow/.local/lib/python3.7/site-packages/airflow/example_dags/example_branch_day_of_week_operator.py
[2025-01-23T20:05:13.037+0000] {processor.py:766} INFO - DAG(s) dict_keys(['example_weekday_branch_operator']) retrieved from /home/airflow/.local/lib/python3.7/site-packages/airflow/example_dags/example_branch_day_of_week_operator.py
[2025-01-23T20:05:13.103+0000] {logging_mixin.py:120} INFO - [2025-01-23T20:05:13.103+0000] {dag.py:2585} INFO - Sync 1 DAGs
[2025-01-23T20:05:13.165+0000] {logging_mixin.py:120} INFO - [2025-01-23T20:05:13.164+0000] {dag.py:3340} INFO - Setting next_dagrun for example_weekday_branch_operator to 2025-01-22T00:00:00+00:00, run_after=2025-01-23T00:00:00+00:00
[2025-01-23T20:05:13.216+0000] {processor.py:176} INFO - Processing /home/airflow/.local/lib/python3.7/site-packages/airflow/example_dags/example_branch_day_of_week_operator.py took 0.217 seconds
[2025-01-23T20:05:43.657+0000] {processor.py:154} INFO - Started process (PID=46966) to work on /home/airflow/.local/lib/python3.7/site-packages/airflow/example_dags/example_branch_day_of_week_operator.py
[2025-01-23T20:05:43.659+0000] {processor.py:756} INFO - Processing file /home/airflow/.local/lib/python3.7/site-packages/airflow/example_dags/example_branch_day_of_week_operator.py for tasks to queue
[2025-01-23T20:05:43.661+0000] {logging_mixin.py:120} INFO - [2025-01-23T20:05:43.660+0000] {dagbag.py:537} INFO - Filling up the DagBag from /home/airflow/.local/lib/python3.7/site-packages/airflow/example_dags/example_branch_day_of_week_operator.py
[2025-01-23T20:05:43.690+0000] {processor.py:766} INFO - DAG(s) dict_keys(['example_weekday_branch_operator']) retrieved from /home/airflow/.local/lib/python3.7/site-packages/airflow/example_dags/example_branch_day_of_week_operator.py
[2025-01-23T20:05:43.765+0000] {logging_mixin.py:120} INFO - [2025-01-23T20:05:43.764+0000] {dag.py:2585} INFO - Sync 1 DAGs
[2025-01-23T20:05:43.809+0000] {logging_mixin.py:120} INFO - [2025-01-23T20:05:43.809+0000] {dag.py:3340} INFO - Setting next_dagrun for example_weekday_branch_operator to 2025-01-22T00:00:00+00:00, run_after=2025-01-23T00:00:00+00:00
[2025-01-23T20:05:43.841+0000] {processor.py:176} INFO - Processing /home/airflow/.local/lib/python3.7/site-packages/airflow/example_dags/example_branch_day_of_week_operator.py took 0.191 seconds
[2025-01-23T20:06:14.357+0000] {processor.py:154} INFO - Started process (PID=47029) to work on /home/airflow/.local/lib/python3.7/site-packages/airflow/example_dags/example_branch_day_of_week_operator.py
[2025-01-23T20:06:14.358+0000] {processor.py:756} INFO - Processing file /home/airflow/.local/lib/python3.7/site-packages/airflow/example_dags/example_branch_day_of_week_operator.py for tasks to queue
[2025-01-23T20:06:14.360+0000] {logging_mixin.py:120} INFO - [2025-01-23T20:06:14.360+0000] {dagbag.py:537} INFO - Filling up the DagBag from /home/airflow/.local/lib/python3.7/site-packages/airflow/example_dags/example_branch_day_of_week_operator.py
[2025-01-23T20:06:14.387+0000] {processor.py:766} INFO - DAG(s) dict_keys(['example_weekday_branch_operator']) retrieved from /home/airflow/.local/lib/python3.7/site-packages/airflow/example_dags/example_branch_day_of_week_operator.py
[2025-01-23T20:06:14.451+0000] {logging_mixin.py:120} INFO - [2025-01-23T20:06:14.450+0000] {dag.py:2585} INFO - Sync 1 DAGs
[2025-01-23T20:06:14.493+0000] {logging_mixin.py:120} INFO - [2025-01-23T20:06:14.493+0000] {dag.py:3340} INFO - Setting next_dagrun for example_weekday_branch_operator to 2025-01-22T00:00:00+00:00, run_after=2025-01-23T00:00:00+00:00
[2025-01-23T20:06:14.525+0000] {processor.py:176} INFO - Processing /home/airflow/.local/lib/python3.7/site-packages/airflow/example_dags/example_branch_day_of_week_operator.py took 0.173 seconds
[2025-01-23T20:06:45.344+0000] {processor.py:154} INFO - Started process (PID=47083) to work on /home/airflow/.local/lib/python3.7/site-packages/airflow/example_dags/example_branch_day_of_week_operator.py
[2025-01-23T20:06:45.346+0000] {processor.py:756} INFO - Processing file /home/airflow/.local/lib/python3.7/site-packages/airflow/example_dags/example_branch_day_of_week_operator.py for tasks to queue
[2025-01-23T20:06:45.348+0000] {logging_mixin.py:120} INFO - [2025-01-23T20:06:45.348+0000] {dagbag.py:537} INFO - Filling up the DagBag from /home/airflow/.local/lib/python3.7/site-packages/airflow/example_dags/example_branch_day_of_week_operator.py
[2025-01-23T20:06:45.377+0000] {processor.py:766} INFO - DAG(s) dict_keys(['example_weekday_branch_operator']) retrieved from /home/airflow/.local/lib/python3.7/site-packages/airflow/example_dags/example_branch_day_of_week_operator.py
[2025-01-23T20:06:45.446+0000] {logging_mixin.py:120} INFO - [2025-01-23T20:06:45.445+0000] {dag.py:2585} INFO - Sync 1 DAGs
[2025-01-23T20:06:45.484+0000] {logging_mixin.py:120} INFO - [2025-01-23T20:06:45.484+0000] {dag.py:3340} INFO - Setting next_dagrun for example_weekday_branch_operator to 2025-01-22T00:00:00+00:00, run_after=2025-01-23T00:00:00+00:00
[2025-01-23T20:06:45.510+0000] {processor.py:176} INFO - Processing /home/airflow/.local/lib/python3.7/site-packages/airflow/example_dags/example_branch_day_of_week_operator.py took 0.172 seconds
[2025-01-23T20:07:15.993+0000] {processor.py:154} INFO - Started process (PID=47146) to work on /home/airflow/.local/lib/python3.7/site-packages/airflow/example_dags/example_branch_day_of_week_operator.py
[2025-01-23T20:07:15.995+0000] {processor.py:756} INFO - Processing file /home/airflow/.local/lib/python3.7/site-packages/airflow/example_dags/example_branch_day_of_week_operator.py for tasks to queue
[2025-01-23T20:07:15.996+0000] {logging_mixin.py:120} INFO - [2025-01-23T20:07:15.996+0000] {dagbag.py:537} INFO - Filling up the DagBag from /home/airflow/.local/lib/python3.7/site-packages/airflow/example_dags/example_branch_day_of_week_operator.py
[2025-01-23T20:07:16.032+0000] {processor.py:766} INFO - DAG(s) dict_keys(['example_weekday_branch_operator']) retrieved from /home/airflow/.local/lib/python3.7/site-packages/airflow/example_dags/example_branch_day_of_week_operator.py
[2025-01-23T20:07:16.140+0000] {logging_mixin.py:120} INFO - [2025-01-23T20:07:16.140+0000] {dag.py:2585} INFO - Sync 1 DAGs
[2025-01-23T20:07:16.212+0000] {logging_mixin.py:120} INFO - [2025-01-23T20:07:16.212+0000] {dag.py:3340} INFO - Setting next_dagrun for example_weekday_branch_operator to 2025-01-22T00:00:00+00:00, run_after=2025-01-23T00:00:00+00:00
[2025-01-23T20:07:16.260+0000] {processor.py:176} INFO - Processing /home/airflow/.local/lib/python3.7/site-packages/airflow/example_dags/example_branch_day_of_week_operator.py took 0.273 seconds
[2025-01-23T20:07:46.503+0000] {processor.py:154} INFO - Started process (PID=47200) to work on /home/airflow/.local/lib/python3.7/site-packages/airflow/example_dags/example_branch_day_of_week_operator.py
[2025-01-23T20:07:46.505+0000] {processor.py:756} INFO - Processing file /home/airflow/.local/lib/python3.7/site-packages/airflow/example_dags/example_branch_day_of_week_operator.py for tasks to queue
[2025-01-23T20:07:46.507+0000] {logging_mixin.py:120} INFO - [2025-01-23T20:07:46.507+0000] {dagbag.py:537} INFO - Filling up the DagBag from /home/airflow/.local/lib/python3.7/site-packages/airflow/example_dags/example_branch_day_of_week_operator.py
[2025-01-23T20:07:46.541+0000] {processor.py:766} INFO - DAG(s) dict_keys(['example_weekday_branch_operator']) retrieved from /home/airflow/.local/lib/python3.7/site-packages/airflow/example_dags/example_branch_day_of_week_operator.py
[2025-01-23T20:07:46.611+0000] {logging_mixin.py:120} INFO - [2025-01-23T20:07:46.611+0000] {dag.py:2585} INFO - Sync 1 DAGs
[2025-01-23T20:07:46.656+0000] {logging_mixin.py:120} INFO - [2025-01-23T20:07:46.655+0000] {dag.py:3340} INFO - Setting next_dagrun for example_weekday_branch_operator to 2025-01-22T00:00:00+00:00, run_after=2025-01-23T00:00:00+00:00
[2025-01-23T20:07:46.687+0000] {processor.py:176} INFO - Processing /home/airflow/.local/lib/python3.7/site-packages/airflow/example_dags/example_branch_day_of_week_operator.py took 0.189 seconds
[2025-01-23T20:08:17.163+0000] {processor.py:154} INFO - Started process (PID=47262) to work on /home/airflow/.local/lib/python3.7/site-packages/airflow/example_dags/example_branch_day_of_week_operator.py
[2025-01-23T20:08:17.166+0000] {processor.py:756} INFO - Processing file /home/airflow/.local/lib/python3.7/site-packages/airflow/example_dags/example_branch_day_of_week_operator.py for tasks to queue
[2025-01-23T20:08:17.169+0000] {logging_mixin.py:120} INFO - [2025-01-23T20:08:17.169+0000] {dagbag.py:537} INFO - Filling up the DagBag from /home/airflow/.local/lib/python3.7/site-packages/airflow/example_dags/example_branch_day_of_week_operator.py
[2025-01-23T20:08:17.217+0000] {processor.py:766} INFO - DAG(s) dict_keys(['example_weekday_branch_operator']) retrieved from /home/airflow/.local/lib/python3.7/site-packages/airflow/example_dags/example_branch_day_of_week_operator.py
[2025-01-23T20:08:17.331+0000] {logging_mixin.py:120} INFO - [2025-01-23T20:08:17.331+0000] {dag.py:2585} INFO - Sync 1 DAGs
[2025-01-23T20:08:17.410+0000] {logging_mixin.py:120} INFO - [2025-01-23T20:08:17.410+0000] {dag.py:3340} INFO - Setting next_dagrun for example_weekday_branch_operator to 2025-01-22T00:00:00+00:00, run_after=2025-01-23T00:00:00+00:00
[2025-01-23T20:08:17.462+0000] {processor.py:176} INFO - Processing /home/airflow/.local/lib/python3.7/site-packages/airflow/example_dags/example_branch_day_of_week_operator.py took 0.307 seconds
[2025-01-23T20:08:48.004+0000] {processor.py:154} INFO - Started process (PID=47316) to work on /home/airflow/.local/lib/python3.7/site-packages/airflow/example_dags/example_branch_day_of_week_operator.py
[2025-01-23T20:08:48.006+0000] {processor.py:756} INFO - Processing file /home/airflow/.local/lib/python3.7/site-packages/airflow/example_dags/example_branch_day_of_week_operator.py for tasks to queue
[2025-01-23T20:08:48.007+0000] {logging_mixin.py:120} INFO - [2025-01-23T20:08:48.007+0000] {dagbag.py:537} INFO - Filling up the DagBag from /home/airflow/.local/lib/python3.7/site-packages/airflow/example_dags/example_branch_day_of_week_operator.py
[2025-01-23T20:08:48.038+0000] {processor.py:766} INFO - DAG(s) dict_keys(['example_weekday_branch_operator']) retrieved from /home/airflow/.local/lib/python3.7/site-packages/airflow/example_dags/example_branch_day_of_week_operator.py
[2025-01-23T20:08:48.104+0000] {logging_mixin.py:120} INFO - [2025-01-23T20:08:48.104+0000] {dag.py:2585} INFO - Sync 1 DAGs
[2025-01-23T20:08:48.147+0000] {logging_mixin.py:120} INFO - [2025-01-23T20:08:48.147+0000] {dag.py:3340} INFO - Setting next_dagrun for example_weekday_branch_operator to 2025-01-22T00:00:00+00:00, run_after=2025-01-23T00:00:00+00:00
[2025-01-23T20:08:48.180+0000] {processor.py:176} INFO - Processing /home/airflow/.local/lib/python3.7/site-packages/airflow/example_dags/example_branch_day_of_week_operator.py took 0.181 seconds
[2025-01-23T20:09:18.595+0000] {processor.py:154} INFO - Started process (PID=47379) to work on /home/airflow/.local/lib/python3.7/site-packages/airflow/example_dags/example_branch_day_of_week_operator.py
[2025-01-23T20:09:18.597+0000] {processor.py:756} INFO - Processing file /home/airflow/.local/lib/python3.7/site-packages/airflow/example_dags/example_branch_day_of_week_operator.py for tasks to queue
[2025-01-23T20:09:18.598+0000] {logging_mixin.py:120} INFO - [2025-01-23T20:09:18.598+0000] {dagbag.py:537} INFO - Filling up the DagBag from /home/airflow/.local/lib/python3.7/site-packages/airflow/example_dags/example_branch_day_of_week_operator.py
[2025-01-23T20:09:18.630+0000] {processor.py:766} INFO - DAG(s) dict_keys(['example_weekday_branch_operator']) retrieved from /home/airflow/.local/lib/python3.7/site-packages/airflow/example_dags/example_branch_day_of_week_operator.py
[2025-01-23T20:09:18.714+0000] {logging_mixin.py:120} INFO - [2025-01-23T20:09:18.713+0000] {dag.py:2585} INFO - Sync 1 DAGs
[2025-01-23T20:09:18.768+0000] {logging_mixin.py:120} INFO - [2025-01-23T20:09:18.768+0000] {dag.py:3340} INFO - Setting next_dagrun for example_weekday_branch_operator to 2025-01-22T00:00:00+00:00, run_after=2025-01-23T00:00:00+00:00
[2025-01-23T20:09:18.804+0000] {processor.py:176} INFO - Processing /home/airflow/.local/lib/python3.7/site-packages/airflow/example_dags/example_branch_day_of_week_operator.py took 0.216 seconds
[2025-01-23T20:09:49.552+0000] {processor.py:154} INFO - Started process (PID=47433) to work on /home/airflow/.local/lib/python3.7/site-packages/airflow/example_dags/example_branch_day_of_week_operator.py
[2025-01-23T20:09:49.554+0000] {processor.py:756} INFO - Processing file /home/airflow/.local/lib/python3.7/site-packages/airflow/example_dags/example_branch_day_of_week_operator.py for tasks to queue
[2025-01-23T20:09:49.555+0000] {logging_mixin.py:120} INFO - [2025-01-23T20:09:49.555+0000] {dagbag.py:537} INFO - Filling up the DagBag from /home/airflow/.local/lib/python3.7/site-packages/airflow/example_dags/example_branch_day_of_week_operator.py
[2025-01-23T20:09:49.584+0000] {processor.py:766} INFO - DAG(s) dict_keys(['example_weekday_branch_operator']) retrieved from /home/airflow/.local/lib/python3.7/site-packages/airflow/example_dags/example_branch_day_of_week_operator.py
[2025-01-23T20:09:49.652+0000] {logging_mixin.py:120} INFO - [2025-01-23T20:09:49.651+0000] {dag.py:2585} INFO - Sync 1 DAGs
[2025-01-23T20:09:49.698+0000] {logging_mixin.py:120} INFO - [2025-01-23T20:09:49.698+0000] {dag.py:3340} INFO - Setting next_dagrun for example_weekday_branch_operator to 2025-01-22T00:00:00+00:00, run_after=2025-01-23T00:00:00+00:00
[2025-01-23T20:09:49.736+0000] {processor.py:176} INFO - Processing /home/airflow/.local/lib/python3.7/site-packages/airflow/example_dags/example_branch_day_of_week_operator.py took 0.189 seconds
[2025-01-23T20:10:20.732+0000] {processor.py:154} INFO - Started process (PID=47496) to work on /home/airflow/.local/lib/python3.7/site-packages/airflow/example_dags/example_branch_day_of_week_operator.py
[2025-01-23T20:10:20.734+0000] {processor.py:756} INFO - Processing file /home/airflow/.local/lib/python3.7/site-packages/airflow/example_dags/example_branch_day_of_week_operator.py for tasks to queue
[2025-01-23T20:10:20.735+0000] {logging_mixin.py:120} INFO - [2025-01-23T20:10:20.735+0000] {dagbag.py:537} INFO - Filling up the DagBag from /home/airflow/.local/lib/python3.7/site-packages/airflow/example_dags/example_branch_day_of_week_operator.py
[2025-01-23T20:10:20.776+0000] {processor.py:766} INFO - DAG(s) dict_keys(['example_weekday_branch_operator']) retrieved from /home/airflow/.local/lib/python3.7/site-packages/airflow/example_dags/example_branch_day_of_week_operator.py
[2025-01-23T20:10:20.854+0000] {logging_mixin.py:120} INFO - [2025-01-23T20:10:20.853+0000] {dag.py:2585} INFO - Sync 1 DAGs
[2025-01-23T20:10:20.905+0000] {logging_mixin.py:120} INFO - [2025-01-23T20:10:20.905+0000] {dag.py:3340} INFO - Setting next_dagrun for example_weekday_branch_operator to 2025-01-22T00:00:00+00:00, run_after=2025-01-23T00:00:00+00:00
[2025-01-23T20:10:20.947+0000] {processor.py:176} INFO - Processing /home/airflow/.local/lib/python3.7/site-packages/airflow/example_dags/example_branch_day_of_week_operator.py took 0.220 seconds
[2025-01-23T20:10:51.462+0000] {processor.py:154} INFO - Started process (PID=47550) to work on /home/airflow/.local/lib/python3.7/site-packages/airflow/example_dags/example_branch_day_of_week_operator.py
[2025-01-23T20:10:51.464+0000] {processor.py:756} INFO - Processing file /home/airflow/.local/lib/python3.7/site-packages/airflow/example_dags/example_branch_day_of_week_operator.py for tasks to queue
[2025-01-23T20:10:51.466+0000] {logging_mixin.py:120} INFO - [2025-01-23T20:10:51.465+0000] {dagbag.py:537} INFO - Filling up the DagBag from /home/airflow/.local/lib/python3.7/site-packages/airflow/example_dags/example_branch_day_of_week_operator.py
[2025-01-23T20:10:51.495+0000] {processor.py:766} INFO - DAG(s) dict_keys(['example_weekday_branch_operator']) retrieved from /home/airflow/.local/lib/python3.7/site-packages/airflow/example_dags/example_branch_day_of_week_operator.py
[2025-01-23T20:10:51.566+0000] {logging_mixin.py:120} INFO - [2025-01-23T20:10:51.566+0000] {dag.py:2585} INFO - Sync 1 DAGs
[2025-01-23T20:10:51.619+0000] {logging_mixin.py:120} INFO - [2025-01-23T20:10:51.619+0000] {dag.py:3340} INFO - Setting next_dagrun for example_weekday_branch_operator to 2025-01-22T00:00:00+00:00, run_after=2025-01-23T00:00:00+00:00
[2025-01-23T20:10:51.655+0000] {processor.py:176} INFO - Processing /home/airflow/.local/lib/python3.7/site-packages/airflow/example_dags/example_branch_day_of_week_operator.py took 0.198 seconds
[2025-01-23T20:11:22.507+0000] {processor.py:154} INFO - Started process (PID=47604) to work on /home/airflow/.local/lib/python3.7/site-packages/airflow/example_dags/example_branch_day_of_week_operator.py
[2025-01-23T20:11:22.509+0000] {processor.py:756} INFO - Processing file /home/airflow/.local/lib/python3.7/site-packages/airflow/example_dags/example_branch_day_of_week_operator.py for tasks to queue
[2025-01-23T20:11:22.510+0000] {logging_mixin.py:120} INFO - [2025-01-23T20:11:22.510+0000] {dagbag.py:537} INFO - Filling up the DagBag from /home/airflow/.local/lib/python3.7/site-packages/airflow/example_dags/example_branch_day_of_week_operator.py
[2025-01-23T20:11:22.547+0000] {processor.py:766} INFO - DAG(s) dict_keys(['example_weekday_branch_operator']) retrieved from /home/airflow/.local/lib/python3.7/site-packages/airflow/example_dags/example_branch_day_of_week_operator.py
[2025-01-23T20:11:22.623+0000] {logging_mixin.py:120} INFO - [2025-01-23T20:11:22.623+0000] {dag.py:2585} INFO - Sync 1 DAGs
[2025-01-23T20:11:22.691+0000] {logging_mixin.py:120} INFO - [2025-01-23T20:11:22.691+0000] {dag.py:3340} INFO - Setting next_dagrun for example_weekday_branch_operator to 2025-01-22T00:00:00+00:00, run_after=2025-01-23T00:00:00+00:00
[2025-01-23T20:11:22.724+0000] {processor.py:176} INFO - Processing /home/airflow/.local/lib/python3.7/site-packages/airflow/example_dags/example_branch_day_of_week_operator.py took 0.225 seconds
[2025-01-23T20:11:53.376+0000] {processor.py:154} INFO - Started process (PID=47666) to work on /home/airflow/.local/lib/python3.7/site-packages/airflow/example_dags/example_branch_day_of_week_operator.py
[2025-01-23T20:11:53.378+0000] {processor.py:756} INFO - Processing file /home/airflow/.local/lib/python3.7/site-packages/airflow/example_dags/example_branch_day_of_week_operator.py for tasks to queue
[2025-01-23T20:11:53.379+0000] {logging_mixin.py:120} INFO - [2025-01-23T20:11:53.379+0000] {dagbag.py:537} INFO - Filling up the DagBag from /home/airflow/.local/lib/python3.7/site-packages/airflow/example_dags/example_branch_day_of_week_operator.py
[2025-01-23T20:11:53.413+0000] {processor.py:766} INFO - DAG(s) dict_keys(['example_weekday_branch_operator']) retrieved from /home/airflow/.local/lib/python3.7/site-packages/airflow/example_dags/example_branch_day_of_week_operator.py
[2025-01-23T20:11:53.493+0000] {logging_mixin.py:120} INFO - [2025-01-23T20:11:53.493+0000] {dag.py:2585} INFO - Sync 1 DAGs
[2025-01-23T20:11:53.559+0000] {logging_mixin.py:120} INFO - [2025-01-23T20:11:53.559+0000] {dag.py:3340} INFO - Setting next_dagrun for example_weekday_branch_operator to 2025-01-22T00:00:00+00:00, run_after=2025-01-23T00:00:00+00:00
[2025-01-23T20:11:53.597+0000] {processor.py:176} INFO - Processing /home/airflow/.local/lib/python3.7/site-packages/airflow/example_dags/example_branch_day_of_week_operator.py took 0.228 seconds
[2025-01-23T20:12:24.504+0000] {processor.py:154} INFO - Started process (PID=47721) to work on /home/airflow/.local/lib/python3.7/site-packages/airflow/example_dags/example_branch_day_of_week_operator.py
[2025-01-23T20:12:24.507+0000] {processor.py:756} INFO - Processing file /home/airflow/.local/lib/python3.7/site-packages/airflow/example_dags/example_branch_day_of_week_operator.py for tasks to queue
[2025-01-23T20:12:24.510+0000] {logging_mixin.py:120} INFO - [2025-01-23T20:12:24.510+0000] {dagbag.py:537} INFO - Filling up the DagBag from /home/airflow/.local/lib/python3.7/site-packages/airflow/example_dags/example_branch_day_of_week_operator.py
[2025-01-23T20:12:24.581+0000] {processor.py:766} INFO - DAG(s) dict_keys(['example_weekday_branch_operator']) retrieved from /home/airflow/.local/lib/python3.7/site-packages/airflow/example_dags/example_branch_day_of_week_operator.py
[2025-01-23T20:12:24.737+0000] {logging_mixin.py:120} INFO - [2025-01-23T20:12:24.737+0000] {dag.py:2585} INFO - Sync 1 DAGs
[2025-01-23T20:12:24.828+0000] {logging_mixin.py:120} INFO - [2025-01-23T20:12:24.828+0000] {dag.py:3340} INFO - Setting next_dagrun for example_weekday_branch_operator to 2025-01-22T00:00:00+00:00, run_after=2025-01-23T00:00:00+00:00
[2025-01-23T20:12:24.902+0000] {processor.py:176} INFO - Processing /home/airflow/.local/lib/python3.7/site-packages/airflow/example_dags/example_branch_day_of_week_operator.py took 0.409 seconds
