[2025-01-23T19:50:48.677+0000] {processor.py:154} INFO - Started process (PID=45342) to work on /home/airflow/.local/lib/python3.7/site-packages/airflow/example_dags/example_local_kubernetes_executor.py
[2025-01-23T19:50:48.679+0000] {processor.py:756} INFO - Processing file /home/airflow/.local/lib/python3.7/site-packages/airflow/example_dags/example_local_kubernetes_executor.py for tasks to queue
[2025-01-23T19:50:48.695+0000] {logging_mixin.py:120} INFO - [2025-01-23T19:50:48.692+0000] {dagbag.py:537} INFO - Filling up the DagBag from /home/airflow/.local/lib/python3.7/site-packages/airflow/example_dags/example_local_kubernetes_executor.py
[2025-01-23T19:50:48.858+0000] {processor.py:766} INFO - DAG(s) dict_keys(['example_local_kubernetes_executor']) retrieved from /home/airflow/.local/lib/python3.7/site-packages/airflow/example_dags/example_local_kubernetes_executor.py
[2025-01-23T19:50:49.106+0000] {logging_mixin.py:120} INFO - [2025-01-23T19:50:49.105+0000] {dag.py:2585} INFO - Sync 1 DAGs
[2025-01-23T19:50:49.284+0000] {logging_mixin.py:120} INFO - [2025-01-23T19:50:49.284+0000] {dag.py:3340} INFO - Setting next_dagrun for example_local_kubernetes_executor to None, run_after=None
[2025-01-23T19:50:49.358+0000] {processor.py:176} INFO - Processing /home/airflow/.local/lib/python3.7/site-packages/airflow/example_dags/example_local_kubernetes_executor.py took 0.700 seconds
[2025-01-23T19:51:21.764+0000] {processor.py:154} INFO - Started process (PID=45388) to work on /home/airflow/.local/lib/python3.7/site-packages/airflow/example_dags/example_local_kubernetes_executor.py
[2025-01-23T19:51:21.778+0000] {processor.py:756} INFO - Processing file /home/airflow/.local/lib/python3.7/site-packages/airflow/example_dags/example_local_kubernetes_executor.py for tasks to queue
[2025-01-23T19:51:21.780+0000] {logging_mixin.py:120} INFO - [2025-01-23T19:51:21.780+0000] {dagbag.py:537} INFO - Filling up the DagBag from /home/airflow/.local/lib/python3.7/site-packages/airflow/example_dags/example_local_kubernetes_executor.py
[2025-01-23T19:51:21.927+0000] {processor.py:766} INFO - DAG(s) dict_keys(['example_local_kubernetes_executor']) retrieved from /home/airflow/.local/lib/python3.7/site-packages/airflow/example_dags/example_local_kubernetes_executor.py
[2025-01-23T19:51:22.151+0000] {logging_mixin.py:120} INFO - [2025-01-23T19:51:22.151+0000] {dag.py:2585} INFO - Sync 1 DAGs
[2025-01-23T19:51:22.303+0000] {logging_mixin.py:120} INFO - [2025-01-23T19:51:22.293+0000] {dag.py:3340} INFO - Setting next_dagrun for example_local_kubernetes_executor to None, run_after=None
[2025-01-23T19:51:22.407+0000] {processor.py:176} INFO - Processing /home/airflow/.local/lib/python3.7/site-packages/airflow/example_dags/example_local_kubernetes_executor.py took 0.650 seconds
[2025-01-23T19:51:54.878+0000] {processor.py:154} INFO - Started process (PID=45442) to work on /home/airflow/.local/lib/python3.7/site-packages/airflow/example_dags/example_local_kubernetes_executor.py
[2025-01-23T19:51:54.880+0000] {processor.py:756} INFO - Processing file /home/airflow/.local/lib/python3.7/site-packages/airflow/example_dags/example_local_kubernetes_executor.py for tasks to queue
[2025-01-23T19:51:54.882+0000] {logging_mixin.py:120} INFO - [2025-01-23T19:51:54.882+0000] {dagbag.py:537} INFO - Filling up the DagBag from /home/airflow/.local/lib/python3.7/site-packages/airflow/example_dags/example_local_kubernetes_executor.py
[2025-01-23T19:51:55.039+0000] {processor.py:766} INFO - DAG(s) dict_keys(['example_local_kubernetes_executor']) retrieved from /home/airflow/.local/lib/python3.7/site-packages/airflow/example_dags/example_local_kubernetes_executor.py
[2025-01-23T19:51:55.281+0000] {logging_mixin.py:120} INFO - [2025-01-23T19:51:55.280+0000] {dag.py:2585} INFO - Sync 1 DAGs
[2025-01-23T19:51:55.452+0000] {logging_mixin.py:120} INFO - [2025-01-23T19:51:55.451+0000] {dag.py:3340} INFO - Setting next_dagrun for example_local_kubernetes_executor to None, run_after=None
[2025-01-23T19:51:55.540+0000] {processor.py:176} INFO - Processing /home/airflow/.local/lib/python3.7/site-packages/airflow/example_dags/example_local_kubernetes_executor.py took 0.680 seconds
[2025-01-23T19:52:26.685+0000] {processor.py:154} INFO - Started process (PID=45496) to work on /home/airflow/.local/lib/python3.7/site-packages/airflow/example_dags/example_local_kubernetes_executor.py
[2025-01-23T19:52:26.698+0000] {processor.py:756} INFO - Processing file /home/airflow/.local/lib/python3.7/site-packages/airflow/example_dags/example_local_kubernetes_executor.py for tasks to queue
[2025-01-23T19:52:26.711+0000] {logging_mixin.py:120} INFO - [2025-01-23T19:52:26.711+0000] {dagbag.py:537} INFO - Filling up the DagBag from /home/airflow/.local/lib/python3.7/site-packages/airflow/example_dags/example_local_kubernetes_executor.py
[2025-01-23T19:52:26.841+0000] {processor.py:766} INFO - DAG(s) dict_keys(['example_local_kubernetes_executor']) retrieved from /home/airflow/.local/lib/python3.7/site-packages/airflow/example_dags/example_local_kubernetes_executor.py
[2025-01-23T19:52:27.067+0000] {logging_mixin.py:120} INFO - [2025-01-23T19:52:27.067+0000] {dag.py:2585} INFO - Sync 1 DAGs
[2025-01-23T19:52:27.251+0000] {logging_mixin.py:120} INFO - [2025-01-23T19:52:27.251+0000] {dag.py:3340} INFO - Setting next_dagrun for example_local_kubernetes_executor to None, run_after=None
[2025-01-23T19:52:27.353+0000] {processor.py:176} INFO - Processing /home/airflow/.local/lib/python3.7/site-packages/airflow/example_dags/example_local_kubernetes_executor.py took 0.695 seconds
[2025-01-23T19:52:57.705+0000] {processor.py:154} INFO - Started process (PID=45550) to work on /home/airflow/.local/lib/python3.7/site-packages/airflow/example_dags/example_local_kubernetes_executor.py
[2025-01-23T19:52:57.708+0000] {processor.py:756} INFO - Processing file /home/airflow/.local/lib/python3.7/site-packages/airflow/example_dags/example_local_kubernetes_executor.py for tasks to queue
[2025-01-23T19:52:57.710+0000] {logging_mixin.py:120} INFO - [2025-01-23T19:52:57.710+0000] {dagbag.py:537} INFO - Filling up the DagBag from /home/airflow/.local/lib/python3.7/site-packages/airflow/example_dags/example_local_kubernetes_executor.py
[2025-01-23T19:52:57.776+0000] {processor.py:766} INFO - DAG(s) dict_keys(['example_local_kubernetes_executor']) retrieved from /home/airflow/.local/lib/python3.7/site-packages/airflow/example_dags/example_local_kubernetes_executor.py
[2025-01-23T19:52:57.896+0000] {logging_mixin.py:120} INFO - [2025-01-23T19:52:57.896+0000] {dag.py:2585} INFO - Sync 1 DAGs
[2025-01-23T19:52:57.987+0000] {logging_mixin.py:120} INFO - [2025-01-23T19:52:57.987+0000] {dag.py:3340} INFO - Setting next_dagrun for example_local_kubernetes_executor to None, run_after=None
[2025-01-23T19:52:58.057+0000] {processor.py:176} INFO - Processing /home/airflow/.local/lib/python3.7/site-packages/airflow/example_dags/example_local_kubernetes_executor.py took 0.359 seconds
[2025-01-23T19:53:28.284+0000] {processor.py:154} INFO - Started process (PID=45604) to work on /home/airflow/.local/lib/python3.7/site-packages/airflow/example_dags/example_local_kubernetes_executor.py
[2025-01-23T19:53:28.286+0000] {processor.py:756} INFO - Processing file /home/airflow/.local/lib/python3.7/site-packages/airflow/example_dags/example_local_kubernetes_executor.py for tasks to queue
[2025-01-23T19:53:28.287+0000] {logging_mixin.py:120} INFO - [2025-01-23T19:53:28.287+0000] {dagbag.py:537} INFO - Filling up the DagBag from /home/airflow/.local/lib/python3.7/site-packages/airflow/example_dags/example_local_kubernetes_executor.py
[2025-01-23T19:53:28.325+0000] {processor.py:766} INFO - DAG(s) dict_keys(['example_local_kubernetes_executor']) retrieved from /home/airflow/.local/lib/python3.7/site-packages/airflow/example_dags/example_local_kubernetes_executor.py
[2025-01-23T19:53:28.393+0000] {logging_mixin.py:120} INFO - [2025-01-23T19:53:28.393+0000] {dag.py:2585} INFO - Sync 1 DAGs
[2025-01-23T19:53:28.441+0000] {logging_mixin.py:120} INFO - [2025-01-23T19:53:28.441+0000] {dag.py:3340} INFO - Setting next_dagrun for example_local_kubernetes_executor to None, run_after=None
[2025-01-23T19:53:28.475+0000] {processor.py:176} INFO - Processing /home/airflow/.local/lib/python3.7/site-packages/airflow/example_dags/example_local_kubernetes_executor.py took 0.196 seconds
[2025-01-23T19:53:59.114+0000] {processor.py:154} INFO - Started process (PID=45667) to work on /home/airflow/.local/lib/python3.7/site-packages/airflow/example_dags/example_local_kubernetes_executor.py
[2025-01-23T19:53:59.116+0000] {processor.py:756} INFO - Processing file /home/airflow/.local/lib/python3.7/site-packages/airflow/example_dags/example_local_kubernetes_executor.py for tasks to queue
[2025-01-23T19:53:59.117+0000] {logging_mixin.py:120} INFO - [2025-01-23T19:53:59.117+0000] {dagbag.py:537} INFO - Filling up the DagBag from /home/airflow/.local/lib/python3.7/site-packages/airflow/example_dags/example_local_kubernetes_executor.py
[2025-01-23T19:53:59.155+0000] {processor.py:766} INFO - DAG(s) dict_keys(['example_local_kubernetes_executor']) retrieved from /home/airflow/.local/lib/python3.7/site-packages/airflow/example_dags/example_local_kubernetes_executor.py
[2025-01-23T19:53:59.238+0000] {logging_mixin.py:120} INFO - [2025-01-23T19:53:59.238+0000] {dag.py:2585} INFO - Sync 1 DAGs
[2025-01-23T19:53:59.295+0000] {logging_mixin.py:120} INFO - [2025-01-23T19:53:59.295+0000] {dag.py:3340} INFO - Setting next_dagrun for example_local_kubernetes_executor to None, run_after=None
[2025-01-23T19:53:59.334+0000] {processor.py:176} INFO - Processing /home/airflow/.local/lib/python3.7/site-packages/airflow/example_dags/example_local_kubernetes_executor.py took 0.226 seconds
[2025-01-23T19:54:29.938+0000] {processor.py:154} INFO - Started process (PID=45721) to work on /home/airflow/.local/lib/python3.7/site-packages/airflow/example_dags/example_local_kubernetes_executor.py
[2025-01-23T19:54:29.939+0000] {processor.py:756} INFO - Processing file /home/airflow/.local/lib/python3.7/site-packages/airflow/example_dags/example_local_kubernetes_executor.py for tasks to queue
[2025-01-23T19:54:29.941+0000] {logging_mixin.py:120} INFO - [2025-01-23T19:54:29.941+0000] {dagbag.py:537} INFO - Filling up the DagBag from /home/airflow/.local/lib/python3.7/site-packages/airflow/example_dags/example_local_kubernetes_executor.py
[2025-01-23T19:54:29.982+0000] {processor.py:766} INFO - DAG(s) dict_keys(['example_local_kubernetes_executor']) retrieved from /home/airflow/.local/lib/python3.7/site-packages/airflow/example_dags/example_local_kubernetes_executor.py
[2025-01-23T19:54:30.095+0000] {logging_mixin.py:120} INFO - [2025-01-23T19:54:30.095+0000] {dag.py:2585} INFO - Sync 1 DAGs
[2025-01-23T19:54:30.181+0000] {logging_mixin.py:120} INFO - [2025-01-23T19:54:30.181+0000] {dag.py:3340} INFO - Setting next_dagrun for example_local_kubernetes_executor to None, run_after=None
[2025-01-23T19:54:30.227+0000] {processor.py:176} INFO - Processing /home/airflow/.local/lib/python3.7/site-packages/airflow/example_dags/example_local_kubernetes_executor.py took 0.296 seconds
[2025-01-23T19:55:00.599+0000] {processor.py:154} INFO - Started process (PID=45775) to work on /home/airflow/.local/lib/python3.7/site-packages/airflow/example_dags/example_local_kubernetes_executor.py
[2025-01-23T19:55:00.601+0000] {processor.py:756} INFO - Processing file /home/airflow/.local/lib/python3.7/site-packages/airflow/example_dags/example_local_kubernetes_executor.py for tasks to queue
[2025-01-23T19:55:00.602+0000] {logging_mixin.py:120} INFO - [2025-01-23T19:55:00.602+0000] {dagbag.py:537} INFO - Filling up the DagBag from /home/airflow/.local/lib/python3.7/site-packages/airflow/example_dags/example_local_kubernetes_executor.py
[2025-01-23T19:55:00.640+0000] {processor.py:766} INFO - DAG(s) dict_keys(['example_local_kubernetes_executor']) retrieved from /home/airflow/.local/lib/python3.7/site-packages/airflow/example_dags/example_local_kubernetes_executor.py
[2025-01-23T19:55:00.742+0000] {logging_mixin.py:120} INFO - [2025-01-23T19:55:00.742+0000] {dag.py:2585} INFO - Sync 1 DAGs
[2025-01-23T19:55:00.818+0000] {logging_mixin.py:120} INFO - [2025-01-23T19:55:00.818+0000] {dag.py:3340} INFO - Setting next_dagrun for example_local_kubernetes_executor to None, run_after=None
[2025-01-23T19:55:00.873+0000] {processor.py:176} INFO - Processing /home/airflow/.local/lib/python3.7/site-packages/airflow/example_dags/example_local_kubernetes_executor.py took 0.278 seconds
[2025-01-23T19:55:31.512+0000] {processor.py:154} INFO - Started process (PID=45839) to work on /home/airflow/.local/lib/python3.7/site-packages/airflow/example_dags/example_local_kubernetes_executor.py
[2025-01-23T19:55:31.513+0000] {processor.py:756} INFO - Processing file /home/airflow/.local/lib/python3.7/site-packages/airflow/example_dags/example_local_kubernetes_executor.py for tasks to queue
[2025-01-23T19:55:31.515+0000] {logging_mixin.py:120} INFO - [2025-01-23T19:55:31.515+0000] {dagbag.py:537} INFO - Filling up the DagBag from /home/airflow/.local/lib/python3.7/site-packages/airflow/example_dags/example_local_kubernetes_executor.py
[2025-01-23T19:55:31.555+0000] {processor.py:766} INFO - DAG(s) dict_keys(['example_local_kubernetes_executor']) retrieved from /home/airflow/.local/lib/python3.7/site-packages/airflow/example_dags/example_local_kubernetes_executor.py
[2025-01-23T19:55:31.633+0000] {logging_mixin.py:120} INFO - [2025-01-23T19:55:31.633+0000] {dag.py:2585} INFO - Sync 1 DAGs
[2025-01-23T19:55:31.697+0000] {logging_mixin.py:120} INFO - [2025-01-23T19:55:31.697+0000] {dag.py:3340} INFO - Setting next_dagrun for example_local_kubernetes_executor to None, run_after=None
[2025-01-23T19:55:31.737+0000] {processor.py:176} INFO - Processing /home/airflow/.local/lib/python3.7/site-packages/airflow/example_dags/example_local_kubernetes_executor.py took 0.231 seconds
[2025-01-23T19:56:05.313+0000] {processor.py:154} INFO - Started process (PID=45893) to work on /home/airflow/.local/lib/python3.7/site-packages/airflow/example_dags/example_local_kubernetes_executor.py
[2025-01-23T19:56:05.331+0000] {processor.py:756} INFO - Processing file /home/airflow/.local/lib/python3.7/site-packages/airflow/example_dags/example_local_kubernetes_executor.py for tasks to queue
[2025-01-23T19:56:05.334+0000] {logging_mixin.py:120} INFO - [2025-01-23T19:56:05.334+0000] {dagbag.py:537} INFO - Filling up the DagBag from /home/airflow/.local/lib/python3.7/site-packages/airflow/example_dags/example_local_kubernetes_executor.py
[2025-01-23T19:56:05.480+0000] {processor.py:766} INFO - DAG(s) dict_keys(['example_local_kubernetes_executor']) retrieved from /home/airflow/.local/lib/python3.7/site-packages/airflow/example_dags/example_local_kubernetes_executor.py
[2025-01-23T19:56:05.701+0000] {logging_mixin.py:120} INFO - [2025-01-23T19:56:05.700+0000] {dag.py:2585} INFO - Sync 1 DAGs
[2025-01-23T19:56:05.864+0000] {logging_mixin.py:120} INFO - [2025-01-23T19:56:05.864+0000] {dag.py:3340} INFO - Setting next_dagrun for example_local_kubernetes_executor to None, run_after=None
[2025-01-23T19:56:05.992+0000] {processor.py:176} INFO - Processing /home/airflow/.local/lib/python3.7/site-packages/airflow/example_dags/example_local_kubernetes_executor.py took 0.686 seconds
[2025-01-23T19:56:36.148+0000] {processor.py:154} INFO - Started process (PID=45947) to work on /home/airflow/.local/lib/python3.7/site-packages/airflow/example_dags/example_local_kubernetes_executor.py
[2025-01-23T19:56:36.150+0000] {processor.py:756} INFO - Processing file /home/airflow/.local/lib/python3.7/site-packages/airflow/example_dags/example_local_kubernetes_executor.py for tasks to queue
[2025-01-23T19:56:36.152+0000] {logging_mixin.py:120} INFO - [2025-01-23T19:56:36.152+0000] {dagbag.py:537} INFO - Filling up the DagBag from /home/airflow/.local/lib/python3.7/site-packages/airflow/example_dags/example_local_kubernetes_executor.py
[2025-01-23T19:56:36.198+0000] {processor.py:766} INFO - DAG(s) dict_keys(['example_local_kubernetes_executor']) retrieved from /home/airflow/.local/lib/python3.7/site-packages/airflow/example_dags/example_local_kubernetes_executor.py
[2025-01-23T19:56:36.282+0000] {logging_mixin.py:120} INFO - [2025-01-23T19:56:36.281+0000] {dag.py:2585} INFO - Sync 1 DAGs
[2025-01-23T19:56:36.324+0000] {logging_mixin.py:120} INFO - [2025-01-23T19:56:36.324+0000] {dag.py:3340} INFO - Setting next_dagrun for example_local_kubernetes_executor to None, run_after=None
[2025-01-23T19:56:36.359+0000] {processor.py:176} INFO - Processing /home/airflow/.local/lib/python3.7/site-packages/airflow/example_dags/example_local_kubernetes_executor.py took 0.219 seconds
[2025-01-23T19:57:06.843+0000] {processor.py:154} INFO - Started process (PID=46001) to work on /home/airflow/.local/lib/python3.7/site-packages/airflow/example_dags/example_local_kubernetes_executor.py
[2025-01-23T19:57:06.845+0000] {processor.py:756} INFO - Processing file /home/airflow/.local/lib/python3.7/site-packages/airflow/example_dags/example_local_kubernetes_executor.py for tasks to queue
[2025-01-23T19:57:06.847+0000] {logging_mixin.py:120} INFO - [2025-01-23T19:57:06.846+0000] {dagbag.py:537} INFO - Filling up the DagBag from /home/airflow/.local/lib/python3.7/site-packages/airflow/example_dags/example_local_kubernetes_executor.py
[2025-01-23T19:57:06.903+0000] {processor.py:766} INFO - DAG(s) dict_keys(['example_local_kubernetes_executor']) retrieved from /home/airflow/.local/lib/python3.7/site-packages/airflow/example_dags/example_local_kubernetes_executor.py
[2025-01-23T19:57:06.981+0000] {logging_mixin.py:120} INFO - [2025-01-23T19:57:06.980+0000] {dag.py:2585} INFO - Sync 1 DAGs
[2025-01-23T19:57:07.023+0000] {logging_mixin.py:120} INFO - [2025-01-23T19:57:07.022+0000] {dag.py:3340} INFO - Setting next_dagrun for example_local_kubernetes_executor to None, run_after=None
[2025-01-23T19:57:07.058+0000] {processor.py:176} INFO - Processing /home/airflow/.local/lib/python3.7/site-packages/airflow/example_dags/example_local_kubernetes_executor.py took 0.226 seconds
[2025-01-23T19:57:37.754+0000] {processor.py:154} INFO - Started process (PID=46064) to work on /home/airflow/.local/lib/python3.7/site-packages/airflow/example_dags/example_local_kubernetes_executor.py
[2025-01-23T19:57:37.758+0000] {processor.py:756} INFO - Processing file /home/airflow/.local/lib/python3.7/site-packages/airflow/example_dags/example_local_kubernetes_executor.py for tasks to queue
[2025-01-23T19:57:37.761+0000] {logging_mixin.py:120} INFO - [2025-01-23T19:57:37.760+0000] {dagbag.py:537} INFO - Filling up the DagBag from /home/airflow/.local/lib/python3.7/site-packages/airflow/example_dags/example_local_kubernetes_executor.py
[2025-01-23T19:57:37.821+0000] {processor.py:766} INFO - DAG(s) dict_keys(['example_local_kubernetes_executor']) retrieved from /home/airflow/.local/lib/python3.7/site-packages/airflow/example_dags/example_local_kubernetes_executor.py
[2025-01-23T19:57:37.917+0000] {logging_mixin.py:120} INFO - [2025-01-23T19:57:37.917+0000] {dag.py:2585} INFO - Sync 1 DAGs
[2025-01-23T19:57:37.983+0000] {logging_mixin.py:120} INFO - [2025-01-23T19:57:37.983+0000] {dag.py:3340} INFO - Setting next_dagrun for example_local_kubernetes_executor to None, run_after=None
[2025-01-23T19:57:38.040+0000] {processor.py:176} INFO - Processing /home/airflow/.local/lib/python3.7/site-packages/airflow/example_dags/example_local_kubernetes_executor.py took 0.293 seconds
[2025-01-23T19:58:08.619+0000] {processor.py:154} INFO - Started process (PID=46118) to work on /home/airflow/.local/lib/python3.7/site-packages/airflow/example_dags/example_local_kubernetes_executor.py
[2025-01-23T19:58:08.621+0000] {processor.py:756} INFO - Processing file /home/airflow/.local/lib/python3.7/site-packages/airflow/example_dags/example_local_kubernetes_executor.py for tasks to queue
[2025-01-23T19:58:08.623+0000] {logging_mixin.py:120} INFO - [2025-01-23T19:58:08.623+0000] {dagbag.py:537} INFO - Filling up the DagBag from /home/airflow/.local/lib/python3.7/site-packages/airflow/example_dags/example_local_kubernetes_executor.py
[2025-01-23T19:58:08.680+0000] {processor.py:766} INFO - DAG(s) dict_keys(['example_local_kubernetes_executor']) retrieved from /home/airflow/.local/lib/python3.7/site-packages/airflow/example_dags/example_local_kubernetes_executor.py
[2025-01-23T19:58:08.762+0000] {logging_mixin.py:120} INFO - [2025-01-23T19:58:08.762+0000] {dag.py:2585} INFO - Sync 1 DAGs
[2025-01-23T19:58:08.815+0000] {logging_mixin.py:120} INFO - [2025-01-23T19:58:08.814+0000] {dag.py:3340} INFO - Setting next_dagrun for example_local_kubernetes_executor to None, run_after=None
[2025-01-23T19:58:08.862+0000] {processor.py:176} INFO - Processing /home/airflow/.local/lib/python3.7/site-packages/airflow/example_dags/example_local_kubernetes_executor.py took 0.250 seconds
[2025-01-23T19:58:39.622+0000] {processor.py:154} INFO - Started process (PID=46172) to work on /home/airflow/.local/lib/python3.7/site-packages/airflow/example_dags/example_local_kubernetes_executor.py
[2025-01-23T19:58:39.623+0000] {processor.py:756} INFO - Processing file /home/airflow/.local/lib/python3.7/site-packages/airflow/example_dags/example_local_kubernetes_executor.py for tasks to queue
[2025-01-23T19:58:39.625+0000] {logging_mixin.py:120} INFO - [2025-01-23T19:58:39.625+0000] {dagbag.py:537} INFO - Filling up the DagBag from /home/airflow/.local/lib/python3.7/site-packages/airflow/example_dags/example_local_kubernetes_executor.py
[2025-01-23T19:58:39.663+0000] {processor.py:766} INFO - DAG(s) dict_keys(['example_local_kubernetes_executor']) retrieved from /home/airflow/.local/lib/python3.7/site-packages/airflow/example_dags/example_local_kubernetes_executor.py
[2025-01-23T19:58:39.729+0000] {logging_mixin.py:120} INFO - [2025-01-23T19:58:39.729+0000] {dag.py:2585} INFO - Sync 1 DAGs
[2025-01-23T19:58:39.783+0000] {logging_mixin.py:120} INFO - [2025-01-23T19:58:39.783+0000] {dag.py:3340} INFO - Setting next_dagrun for example_local_kubernetes_executor to None, run_after=None
[2025-01-23T19:58:39.825+0000] {processor.py:176} INFO - Processing /home/airflow/.local/lib/python3.7/site-packages/airflow/example_dags/example_local_kubernetes_executor.py took 0.209 seconds
[2025-01-23T19:59:10.528+0000] {processor.py:154} INFO - Started process (PID=46233) to work on /home/airflow/.local/lib/python3.7/site-packages/airflow/example_dags/example_local_kubernetes_executor.py
[2025-01-23T19:59:10.530+0000] {processor.py:756} INFO - Processing file /home/airflow/.local/lib/python3.7/site-packages/airflow/example_dags/example_local_kubernetes_executor.py for tasks to queue
[2025-01-23T19:59:10.532+0000] {logging_mixin.py:120} INFO - [2025-01-23T19:59:10.532+0000] {dagbag.py:537} INFO - Filling up the DagBag from /home/airflow/.local/lib/python3.7/site-packages/airflow/example_dags/example_local_kubernetes_executor.py
[2025-01-23T19:59:10.573+0000] {processor.py:766} INFO - DAG(s) dict_keys(['example_local_kubernetes_executor']) retrieved from /home/airflow/.local/lib/python3.7/site-packages/airflow/example_dags/example_local_kubernetes_executor.py
[2025-01-23T19:59:10.658+0000] {logging_mixin.py:120} INFO - [2025-01-23T19:59:10.658+0000] {dag.py:2585} INFO - Sync 1 DAGs
[2025-01-23T19:59:10.716+0000] {logging_mixin.py:120} INFO - [2025-01-23T19:59:10.716+0000] {dag.py:3340} INFO - Setting next_dagrun for example_local_kubernetes_executor to None, run_after=None
[2025-01-23T19:59:10.751+0000] {processor.py:176} INFO - Processing /home/airflow/.local/lib/python3.7/site-packages/airflow/example_dags/example_local_kubernetes_executor.py took 0.232 seconds
[2025-01-23T19:59:41.007+0000] {processor.py:154} INFO - Started process (PID=46290) to work on /home/airflow/.local/lib/python3.7/site-packages/airflow/example_dags/example_local_kubernetes_executor.py
[2025-01-23T19:59:41.009+0000] {processor.py:756} INFO - Processing file /home/airflow/.local/lib/python3.7/site-packages/airflow/example_dags/example_local_kubernetes_executor.py for tasks to queue
[2025-01-23T19:59:41.010+0000] {logging_mixin.py:120} INFO - [2025-01-23T19:59:41.010+0000] {dagbag.py:537} INFO - Filling up the DagBag from /home/airflow/.local/lib/python3.7/site-packages/airflow/example_dags/example_local_kubernetes_executor.py
[2025-01-23T19:59:41.064+0000] {processor.py:766} INFO - DAG(s) dict_keys(['example_local_kubernetes_executor']) retrieved from /home/airflow/.local/lib/python3.7/site-packages/airflow/example_dags/example_local_kubernetes_executor.py
[2025-01-23T19:59:41.130+0000] {logging_mixin.py:120} INFO - [2025-01-23T19:59:41.130+0000] {dag.py:2585} INFO - Sync 1 DAGs
[2025-01-23T19:59:41.171+0000] {logging_mixin.py:120} INFO - [2025-01-23T19:59:41.171+0000] {dag.py:3340} INFO - Setting next_dagrun for example_local_kubernetes_executor to None, run_after=None
[2025-01-23T19:59:41.206+0000] {processor.py:176} INFO - Processing /home/airflow/.local/lib/python3.7/site-packages/airflow/example_dags/example_local_kubernetes_executor.py took 0.204 seconds
[2025-01-23T20:00:11.380+0000] {processor.py:154} INFO - Started process (PID=46344) to work on /home/airflow/.local/lib/python3.7/site-packages/airflow/example_dags/example_local_kubernetes_executor.py
[2025-01-23T20:00:11.381+0000] {processor.py:756} INFO - Processing file /home/airflow/.local/lib/python3.7/site-packages/airflow/example_dags/example_local_kubernetes_executor.py for tasks to queue
[2025-01-23T20:00:11.383+0000] {logging_mixin.py:120} INFO - [2025-01-23T20:00:11.382+0000] {dagbag.py:537} INFO - Filling up the DagBag from /home/airflow/.local/lib/python3.7/site-packages/airflow/example_dags/example_local_kubernetes_executor.py
[2025-01-23T20:00:11.429+0000] {processor.py:766} INFO - DAG(s) dict_keys(['example_local_kubernetes_executor']) retrieved from /home/airflow/.local/lib/python3.7/site-packages/airflow/example_dags/example_local_kubernetes_executor.py
[2025-01-23T20:00:11.504+0000] {logging_mixin.py:120} INFO - [2025-01-23T20:00:11.504+0000] {dag.py:2585} INFO - Sync 1 DAGs
[2025-01-23T20:00:11.553+0000] {logging_mixin.py:120} INFO - [2025-01-23T20:00:11.553+0000] {dag.py:3340} INFO - Setting next_dagrun for example_local_kubernetes_executor to None, run_after=None
[2025-01-23T20:00:11.589+0000] {processor.py:176} INFO - Processing /home/airflow/.local/lib/python3.7/site-packages/airflow/example_dags/example_local_kubernetes_executor.py took 0.217 seconds
[2025-01-23T20:00:41.801+0000] {processor.py:154} INFO - Started process (PID=46407) to work on /home/airflow/.local/lib/python3.7/site-packages/airflow/example_dags/example_local_kubernetes_executor.py
[2025-01-23T20:00:41.803+0000] {processor.py:756} INFO - Processing file /home/airflow/.local/lib/python3.7/site-packages/airflow/example_dags/example_local_kubernetes_executor.py for tasks to queue
[2025-01-23T20:00:41.805+0000] {logging_mixin.py:120} INFO - [2025-01-23T20:00:41.805+0000] {dagbag.py:537} INFO - Filling up the DagBag from /home/airflow/.local/lib/python3.7/site-packages/airflow/example_dags/example_local_kubernetes_executor.py
[2025-01-23T20:00:41.857+0000] {processor.py:766} INFO - DAG(s) dict_keys(['example_local_kubernetes_executor']) retrieved from /home/airflow/.local/lib/python3.7/site-packages/airflow/example_dags/example_local_kubernetes_executor.py
[2025-01-23T20:00:41.932+0000] {logging_mixin.py:120} INFO - [2025-01-23T20:00:41.932+0000] {dag.py:2585} INFO - Sync 1 DAGs
[2025-01-23T20:00:41.977+0000] {logging_mixin.py:120} INFO - [2025-01-23T20:00:41.977+0000] {dag.py:3340} INFO - Setting next_dagrun for example_local_kubernetes_executor to None, run_after=None
[2025-01-23T20:00:42.012+0000] {processor.py:176} INFO - Processing /home/airflow/.local/lib/python3.7/site-packages/airflow/example_dags/example_local_kubernetes_executor.py took 0.217 seconds
[2025-01-23T20:01:12.581+0000] {processor.py:154} INFO - Started process (PID=46462) to work on /home/airflow/.local/lib/python3.7/site-packages/airflow/example_dags/example_local_kubernetes_executor.py
[2025-01-23T20:01:12.583+0000] {processor.py:756} INFO - Processing file /home/airflow/.local/lib/python3.7/site-packages/airflow/example_dags/example_local_kubernetes_executor.py for tasks to queue
[2025-01-23T20:01:12.585+0000] {logging_mixin.py:120} INFO - [2025-01-23T20:01:12.585+0000] {dagbag.py:537} INFO - Filling up the DagBag from /home/airflow/.local/lib/python3.7/site-packages/airflow/example_dags/example_local_kubernetes_executor.py
[2025-01-23T20:01:12.633+0000] {processor.py:766} INFO - DAG(s) dict_keys(['example_local_kubernetes_executor']) retrieved from /home/airflow/.local/lib/python3.7/site-packages/airflow/example_dags/example_local_kubernetes_executor.py
[2025-01-23T20:01:12.730+0000] {logging_mixin.py:120} INFO - [2025-01-23T20:01:12.730+0000] {dag.py:2585} INFO - Sync 1 DAGs
[2025-01-23T20:01:12.789+0000] {logging_mixin.py:120} INFO - [2025-01-23T20:01:12.789+0000] {dag.py:3340} INFO - Setting next_dagrun for example_local_kubernetes_executor to None, run_after=None
[2025-01-23T20:01:12.838+0000] {processor.py:176} INFO - Processing /home/airflow/.local/lib/python3.7/site-packages/airflow/example_dags/example_local_kubernetes_executor.py took 0.265 seconds
[2025-01-23T20:01:42.907+0000] {processor.py:154} INFO - Started process (PID=46515) to work on /home/airflow/.local/lib/python3.7/site-packages/airflow/example_dags/example_local_kubernetes_executor.py
[2025-01-23T20:01:42.909+0000] {processor.py:756} INFO - Processing file /home/airflow/.local/lib/python3.7/site-packages/airflow/example_dags/example_local_kubernetes_executor.py for tasks to queue
[2025-01-23T20:01:42.910+0000] {logging_mixin.py:120} INFO - [2025-01-23T20:01:42.910+0000] {dagbag.py:537} INFO - Filling up the DagBag from /home/airflow/.local/lib/python3.7/site-packages/airflow/example_dags/example_local_kubernetes_executor.py
[2025-01-23T20:01:42.955+0000] {processor.py:766} INFO - DAG(s) dict_keys(['example_local_kubernetes_executor']) retrieved from /home/airflow/.local/lib/python3.7/site-packages/airflow/example_dags/example_local_kubernetes_executor.py
[2025-01-23T20:01:43.030+0000] {logging_mixin.py:120} INFO - [2025-01-23T20:01:43.029+0000] {dag.py:2585} INFO - Sync 1 DAGs
[2025-01-23T20:01:43.075+0000] {logging_mixin.py:120} INFO - [2025-01-23T20:01:43.075+0000] {dag.py:3340} INFO - Setting next_dagrun for example_local_kubernetes_executor to None, run_after=None
[2025-01-23T20:01:43.112+0000] {processor.py:176} INFO - Processing /home/airflow/.local/lib/python3.7/site-packages/airflow/example_dags/example_local_kubernetes_executor.py took 0.211 seconds
[2025-01-23T20:02:13.157+0000] {processor.py:154} INFO - Started process (PID=46578) to work on /home/airflow/.local/lib/python3.7/site-packages/airflow/example_dags/example_local_kubernetes_executor.py
[2025-01-23T20:02:13.159+0000] {processor.py:756} INFO - Processing file /home/airflow/.local/lib/python3.7/site-packages/airflow/example_dags/example_local_kubernetes_executor.py for tasks to queue
[2025-01-23T20:02:13.161+0000] {logging_mixin.py:120} INFO - [2025-01-23T20:02:13.161+0000] {dagbag.py:537} INFO - Filling up the DagBag from /home/airflow/.local/lib/python3.7/site-packages/airflow/example_dags/example_local_kubernetes_executor.py
[2025-01-23T20:02:13.202+0000] {processor.py:766} INFO - DAG(s) dict_keys(['example_local_kubernetes_executor']) retrieved from /home/airflow/.local/lib/python3.7/site-packages/airflow/example_dags/example_local_kubernetes_executor.py
[2025-01-23T20:02:13.280+0000] {logging_mixin.py:120} INFO - [2025-01-23T20:02:13.280+0000] {dag.py:2585} INFO - Sync 1 DAGs
[2025-01-23T20:02:13.348+0000] {logging_mixin.py:120} INFO - [2025-01-23T20:02:13.348+0000] {dag.py:3340} INFO - Setting next_dagrun for example_local_kubernetes_executor to None, run_after=None
[2025-01-23T20:02:13.392+0000] {processor.py:176} INFO - Processing /home/airflow/.local/lib/python3.7/site-packages/airflow/example_dags/example_local_kubernetes_executor.py took 0.241 seconds
[2025-01-23T20:02:44.158+0000] {processor.py:154} INFO - Started process (PID=46633) to work on /home/airflow/.local/lib/python3.7/site-packages/airflow/example_dags/example_local_kubernetes_executor.py
[2025-01-23T20:02:44.159+0000] {processor.py:756} INFO - Processing file /home/airflow/.local/lib/python3.7/site-packages/airflow/example_dags/example_local_kubernetes_executor.py for tasks to queue
[2025-01-23T20:02:44.161+0000] {logging_mixin.py:120} INFO - [2025-01-23T20:02:44.160+0000] {dagbag.py:537} INFO - Filling up the DagBag from /home/airflow/.local/lib/python3.7/site-packages/airflow/example_dags/example_local_kubernetes_executor.py
[2025-01-23T20:02:44.200+0000] {processor.py:766} INFO - DAG(s) dict_keys(['example_local_kubernetes_executor']) retrieved from /home/airflow/.local/lib/python3.7/site-packages/airflow/example_dags/example_local_kubernetes_executor.py
[2025-01-23T20:02:44.277+0000] {logging_mixin.py:120} INFO - [2025-01-23T20:02:44.276+0000] {dag.py:2585} INFO - Sync 1 DAGs
[2025-01-23T20:02:44.325+0000] {logging_mixin.py:120} INFO - [2025-01-23T20:02:44.324+0000] {dag.py:3340} INFO - Setting next_dagrun for example_local_kubernetes_executor to None, run_after=None
[2025-01-23T20:02:44.357+0000] {processor.py:176} INFO - Processing /home/airflow/.local/lib/python3.7/site-packages/airflow/example_dags/example_local_kubernetes_executor.py took 0.205 seconds
[2025-01-23T20:03:14.643+0000] {processor.py:154} INFO - Started process (PID=46696) to work on /home/airflow/.local/lib/python3.7/site-packages/airflow/example_dags/example_local_kubernetes_executor.py
[2025-01-23T20:03:14.644+0000] {processor.py:756} INFO - Processing file /home/airflow/.local/lib/python3.7/site-packages/airflow/example_dags/example_local_kubernetes_executor.py for tasks to queue
[2025-01-23T20:03:14.646+0000] {logging_mixin.py:120} INFO - [2025-01-23T20:03:14.646+0000] {dagbag.py:537} INFO - Filling up the DagBag from /home/airflow/.local/lib/python3.7/site-packages/airflow/example_dags/example_local_kubernetes_executor.py
[2025-01-23T20:03:14.690+0000] {processor.py:766} INFO - DAG(s) dict_keys(['example_local_kubernetes_executor']) retrieved from /home/airflow/.local/lib/python3.7/site-packages/airflow/example_dags/example_local_kubernetes_executor.py
[2025-01-23T20:03:14.761+0000] {logging_mixin.py:120} INFO - [2025-01-23T20:03:14.760+0000] {dag.py:2585} INFO - Sync 1 DAGs
[2025-01-23T20:03:14.803+0000] {logging_mixin.py:120} INFO - [2025-01-23T20:03:14.802+0000] {dag.py:3340} INFO - Setting next_dagrun for example_local_kubernetes_executor to None, run_after=None
[2025-01-23T20:03:14.836+0000] {processor.py:176} INFO - Processing /home/airflow/.local/lib/python3.7/site-packages/airflow/example_dags/example_local_kubernetes_executor.py took 0.200 seconds
[2025-01-23T20:03:45.791+0000] {processor.py:154} INFO - Started process (PID=46750) to work on /home/airflow/.local/lib/python3.7/site-packages/airflow/example_dags/example_local_kubernetes_executor.py
[2025-01-23T20:03:45.793+0000] {processor.py:756} INFO - Processing file /home/airflow/.local/lib/python3.7/site-packages/airflow/example_dags/example_local_kubernetes_executor.py for tasks to queue
[2025-01-23T20:03:45.794+0000] {logging_mixin.py:120} INFO - [2025-01-23T20:03:45.794+0000] {dagbag.py:537} INFO - Filling up the DagBag from /home/airflow/.local/lib/python3.7/site-packages/airflow/example_dags/example_local_kubernetes_executor.py
[2025-01-23T20:03:45.831+0000] {processor.py:766} INFO - DAG(s) dict_keys(['example_local_kubernetes_executor']) retrieved from /home/airflow/.local/lib/python3.7/site-packages/airflow/example_dags/example_local_kubernetes_executor.py
[2025-01-23T20:03:45.898+0000] {logging_mixin.py:120} INFO - [2025-01-23T20:03:45.898+0000] {dag.py:2585} INFO - Sync 1 DAGs
[2025-01-23T20:03:45.958+0000] {logging_mixin.py:120} INFO - [2025-01-23T20:03:45.958+0000] {dag.py:3340} INFO - Setting next_dagrun for example_local_kubernetes_executor to None, run_after=None
[2025-01-23T20:03:46.013+0000] {processor.py:176} INFO - Processing /home/airflow/.local/lib/python3.7/site-packages/airflow/example_dags/example_local_kubernetes_executor.py took 0.229 seconds
[2025-01-23T20:04:17.060+0000] {processor.py:154} INFO - Started process (PID=46811) to work on /home/airflow/.local/lib/python3.7/site-packages/airflow/example_dags/example_local_kubernetes_executor.py
[2025-01-23T20:04:17.062+0000] {processor.py:756} INFO - Processing file /home/airflow/.local/lib/python3.7/site-packages/airflow/example_dags/example_local_kubernetes_executor.py for tasks to queue
[2025-01-23T20:04:17.064+0000] {logging_mixin.py:120} INFO - [2025-01-23T20:04:17.064+0000] {dagbag.py:537} INFO - Filling up the DagBag from /home/airflow/.local/lib/python3.7/site-packages/airflow/example_dags/example_local_kubernetes_executor.py
[2025-01-23T20:04:17.122+0000] {processor.py:766} INFO - DAG(s) dict_keys(['example_local_kubernetes_executor']) retrieved from /home/airflow/.local/lib/python3.7/site-packages/airflow/example_dags/example_local_kubernetes_executor.py
[2025-01-23T20:04:17.218+0000] {logging_mixin.py:120} INFO - [2025-01-23T20:04:17.218+0000] {dag.py:2585} INFO - Sync 1 DAGs
[2025-01-23T20:04:17.282+0000] {logging_mixin.py:120} INFO - [2025-01-23T20:04:17.282+0000] {dag.py:3340} INFO - Setting next_dagrun for example_local_kubernetes_executor to None, run_after=None
[2025-01-23T20:04:17.316+0000] {processor.py:176} INFO - Processing /home/airflow/.local/lib/python3.7/site-packages/airflow/example_dags/example_local_kubernetes_executor.py took 0.264 seconds
[2025-01-23T20:04:48.590+0000] {processor.py:154} INFO - Started process (PID=46868) to work on /home/airflow/.local/lib/python3.7/site-packages/airflow/example_dags/example_local_kubernetes_executor.py
[2025-01-23T20:04:48.592+0000] {processor.py:756} INFO - Processing file /home/airflow/.local/lib/python3.7/site-packages/airflow/example_dags/example_local_kubernetes_executor.py for tasks to queue
[2025-01-23T20:04:48.595+0000] {logging_mixin.py:120} INFO - [2025-01-23T20:04:48.594+0000] {dagbag.py:537} INFO - Filling up the DagBag from /home/airflow/.local/lib/python3.7/site-packages/airflow/example_dags/example_local_kubernetes_executor.py
[2025-01-23T20:04:48.653+0000] {processor.py:766} INFO - DAG(s) dict_keys(['example_local_kubernetes_executor']) retrieved from /home/airflow/.local/lib/python3.7/site-packages/airflow/example_dags/example_local_kubernetes_executor.py
[2025-01-23T20:04:48.751+0000] {logging_mixin.py:120} INFO - [2025-01-23T20:04:48.751+0000] {dag.py:2585} INFO - Sync 1 DAGs
[2025-01-23T20:04:48.816+0000] {logging_mixin.py:120} INFO - [2025-01-23T20:04:48.816+0000] {dag.py:3340} INFO - Setting next_dagrun for example_local_kubernetes_executor to None, run_after=None
[2025-01-23T20:04:48.885+0000] {processor.py:176} INFO - Processing /home/airflow/.local/lib/python3.7/site-packages/airflow/example_dags/example_local_kubernetes_executor.py took 0.303 seconds
[2025-01-23T20:05:19.208+0000] {processor.py:154} INFO - Started process (PID=46922) to work on /home/airflow/.local/lib/python3.7/site-packages/airflow/example_dags/example_local_kubernetes_executor.py
[2025-01-23T20:05:19.209+0000] {processor.py:756} INFO - Processing file /home/airflow/.local/lib/python3.7/site-packages/airflow/example_dags/example_local_kubernetes_executor.py for tasks to queue
[2025-01-23T20:05:19.211+0000] {logging_mixin.py:120} INFO - [2025-01-23T20:05:19.210+0000] {dagbag.py:537} INFO - Filling up the DagBag from /home/airflow/.local/lib/python3.7/site-packages/airflow/example_dags/example_local_kubernetes_executor.py
[2025-01-23T20:05:19.249+0000] {processor.py:766} INFO - DAG(s) dict_keys(['example_local_kubernetes_executor']) retrieved from /home/airflow/.local/lib/python3.7/site-packages/airflow/example_dags/example_local_kubernetes_executor.py
[2025-01-23T20:05:19.324+0000] {logging_mixin.py:120} INFO - [2025-01-23T20:05:19.324+0000] {dag.py:2585} INFO - Sync 1 DAGs
[2025-01-23T20:05:19.366+0000] {logging_mixin.py:120} INFO - [2025-01-23T20:05:19.365+0000] {dag.py:3340} INFO - Setting next_dagrun for example_local_kubernetes_executor to None, run_after=None
[2025-01-23T20:05:19.412+0000] {processor.py:176} INFO - Processing /home/airflow/.local/lib/python3.7/site-packages/airflow/example_dags/example_local_kubernetes_executor.py took 0.209 seconds
[2025-01-23T20:05:50.334+0000] {processor.py:154} INFO - Started process (PID=46986) to work on /home/airflow/.local/lib/python3.7/site-packages/airflow/example_dags/example_local_kubernetes_executor.py
[2025-01-23T20:05:50.336+0000] {processor.py:756} INFO - Processing file /home/airflow/.local/lib/python3.7/site-packages/airflow/example_dags/example_local_kubernetes_executor.py for tasks to queue
[2025-01-23T20:05:50.338+0000] {logging_mixin.py:120} INFO - [2025-01-23T20:05:50.338+0000] {dagbag.py:537} INFO - Filling up the DagBag from /home/airflow/.local/lib/python3.7/site-packages/airflow/example_dags/example_local_kubernetes_executor.py
[2025-01-23T20:05:50.379+0000] {processor.py:766} INFO - DAG(s) dict_keys(['example_local_kubernetes_executor']) retrieved from /home/airflow/.local/lib/python3.7/site-packages/airflow/example_dags/example_local_kubernetes_executor.py
[2025-01-23T20:05:50.459+0000] {logging_mixin.py:120} INFO - [2025-01-23T20:05:50.459+0000] {dag.py:2585} INFO - Sync 1 DAGs
[2025-01-23T20:05:50.551+0000] {logging_mixin.py:120} INFO - [2025-01-23T20:05:50.551+0000] {dag.py:3340} INFO - Setting next_dagrun for example_local_kubernetes_executor to None, run_after=None
[2025-01-23T20:05:50.604+0000] {processor.py:176} INFO - Processing /home/airflow/.local/lib/python3.7/site-packages/airflow/example_dags/example_local_kubernetes_executor.py took 0.276 seconds
[2025-01-23T20:06:21.578+0000] {processor.py:154} INFO - Started process (PID=47047) to work on /home/airflow/.local/lib/python3.7/site-packages/airflow/example_dags/example_local_kubernetes_executor.py
[2025-01-23T20:06:21.580+0000] {processor.py:756} INFO - Processing file /home/airflow/.local/lib/python3.7/site-packages/airflow/example_dags/example_local_kubernetes_executor.py for tasks to queue
[2025-01-23T20:06:21.581+0000] {logging_mixin.py:120} INFO - [2025-01-23T20:06:21.581+0000] {dagbag.py:537} INFO - Filling up the DagBag from /home/airflow/.local/lib/python3.7/site-packages/airflow/example_dags/example_local_kubernetes_executor.py
[2025-01-23T20:06:21.625+0000] {processor.py:766} INFO - DAG(s) dict_keys(['example_local_kubernetes_executor']) retrieved from /home/airflow/.local/lib/python3.7/site-packages/airflow/example_dags/example_local_kubernetes_executor.py
[2025-01-23T20:06:21.702+0000] {logging_mixin.py:120} INFO - [2025-01-23T20:06:21.701+0000] {dag.py:2585} INFO - Sync 1 DAGs
[2025-01-23T20:06:21.760+0000] {logging_mixin.py:120} INFO - [2025-01-23T20:06:21.760+0000] {dag.py:3340} INFO - Setting next_dagrun for example_local_kubernetes_executor to None, run_after=None
[2025-01-23T20:06:21.810+0000] {processor.py:176} INFO - Processing /home/airflow/.local/lib/python3.7/site-packages/airflow/example_dags/example_local_kubernetes_executor.py took 0.239 seconds
[2025-01-23T20:06:52.569+0000] {processor.py:154} INFO - Started process (PID=47104) to work on /home/airflow/.local/lib/python3.7/site-packages/airflow/example_dags/example_local_kubernetes_executor.py
[2025-01-23T20:06:52.571+0000] {processor.py:756} INFO - Processing file /home/airflow/.local/lib/python3.7/site-packages/airflow/example_dags/example_local_kubernetes_executor.py for tasks to queue
[2025-01-23T20:06:52.572+0000] {logging_mixin.py:120} INFO - [2025-01-23T20:06:52.572+0000] {dagbag.py:537} INFO - Filling up the DagBag from /home/airflow/.local/lib/python3.7/site-packages/airflow/example_dags/example_local_kubernetes_executor.py
[2025-01-23T20:06:52.614+0000] {processor.py:766} INFO - DAG(s) dict_keys(['example_local_kubernetes_executor']) retrieved from /home/airflow/.local/lib/python3.7/site-packages/airflow/example_dags/example_local_kubernetes_executor.py
[2025-01-23T20:06:52.679+0000] {logging_mixin.py:120} INFO - [2025-01-23T20:06:52.678+0000] {dag.py:2585} INFO - Sync 1 DAGs
[2025-01-23T20:06:52.725+0000] {logging_mixin.py:120} INFO - [2025-01-23T20:06:52.725+0000] {dag.py:3340} INFO - Setting next_dagrun for example_local_kubernetes_executor to None, run_after=None
[2025-01-23T20:06:52.761+0000] {processor.py:176} INFO - Processing /home/airflow/.local/lib/python3.7/site-packages/airflow/example_dags/example_local_kubernetes_executor.py took 0.202 seconds
[2025-01-23T20:07:23.630+0000] {processor.py:154} INFO - Started process (PID=47158) to work on /home/airflow/.local/lib/python3.7/site-packages/airflow/example_dags/example_local_kubernetes_executor.py
[2025-01-23T20:07:23.632+0000] {processor.py:756} INFO - Processing file /home/airflow/.local/lib/python3.7/site-packages/airflow/example_dags/example_local_kubernetes_executor.py for tasks to queue
[2025-01-23T20:07:23.633+0000] {logging_mixin.py:120} INFO - [2025-01-23T20:07:23.633+0000] {dagbag.py:537} INFO - Filling up the DagBag from /home/airflow/.local/lib/python3.7/site-packages/airflow/example_dags/example_local_kubernetes_executor.py
[2025-01-23T20:07:23.670+0000] {processor.py:766} INFO - DAG(s) dict_keys(['example_local_kubernetes_executor']) retrieved from /home/airflow/.local/lib/python3.7/site-packages/airflow/example_dags/example_local_kubernetes_executor.py
[2025-01-23T20:07:23.726+0000] {logging_mixin.py:120} INFO - [2025-01-23T20:07:23.726+0000] {dag.py:2585} INFO - Sync 1 DAGs
[2025-01-23T20:07:23.759+0000] {logging_mixin.py:120} INFO - [2025-01-23T20:07:23.759+0000] {dag.py:3340} INFO - Setting next_dagrun for example_local_kubernetes_executor to None, run_after=None
[2025-01-23T20:07:23.789+0000] {processor.py:176} INFO - Processing /home/airflow/.local/lib/python3.7/site-packages/airflow/example_dags/example_local_kubernetes_executor.py took 0.163 seconds
[2025-01-23T20:07:54.299+0000] {processor.py:154} INFO - Started process (PID=47220) to work on /home/airflow/.local/lib/python3.7/site-packages/airflow/example_dags/example_local_kubernetes_executor.py
[2025-01-23T20:07:54.301+0000] {processor.py:756} INFO - Processing file /home/airflow/.local/lib/python3.7/site-packages/airflow/example_dags/example_local_kubernetes_executor.py for tasks to queue
[2025-01-23T20:07:54.303+0000] {logging_mixin.py:120} INFO - [2025-01-23T20:07:54.303+0000] {dagbag.py:537} INFO - Filling up the DagBag from /home/airflow/.local/lib/python3.7/site-packages/airflow/example_dags/example_local_kubernetes_executor.py
[2025-01-23T20:07:54.374+0000] {processor.py:766} INFO - DAG(s) dict_keys(['example_local_kubernetes_executor']) retrieved from /home/airflow/.local/lib/python3.7/site-packages/airflow/example_dags/example_local_kubernetes_executor.py
[2025-01-23T20:07:54.458+0000] {logging_mixin.py:120} INFO - [2025-01-23T20:07:54.458+0000] {dag.py:2585} INFO - Sync 1 DAGs
[2025-01-23T20:07:54.498+0000] {logging_mixin.py:120} INFO - [2025-01-23T20:07:54.498+0000] {dag.py:3340} INFO - Setting next_dagrun for example_local_kubernetes_executor to None, run_after=None
[2025-01-23T20:07:54.536+0000] {processor.py:176} INFO - Processing /home/airflow/.local/lib/python3.7/site-packages/airflow/example_dags/example_local_kubernetes_executor.py took 0.246 seconds
[2025-01-23T20:08:24.642+0000] {processor.py:154} INFO - Started process (PID=47273) to work on /home/airflow/.local/lib/python3.7/site-packages/airflow/example_dags/example_local_kubernetes_executor.py
[2025-01-23T20:08:24.646+0000] {processor.py:756} INFO - Processing file /home/airflow/.local/lib/python3.7/site-packages/airflow/example_dags/example_local_kubernetes_executor.py for tasks to queue
[2025-01-23T20:08:24.650+0000] {logging_mixin.py:120} INFO - [2025-01-23T20:08:24.649+0000] {dagbag.py:537} INFO - Filling up the DagBag from /home/airflow/.local/lib/python3.7/site-packages/airflow/example_dags/example_local_kubernetes_executor.py
[2025-01-23T20:08:24.734+0000] {processor.py:766} INFO - DAG(s) dict_keys(['example_local_kubernetes_executor']) retrieved from /home/airflow/.local/lib/python3.7/site-packages/airflow/example_dags/example_local_kubernetes_executor.py
[2025-01-23T20:08:24.798+0000] {logging_mixin.py:120} INFO - [2025-01-23T20:08:24.798+0000] {dag.py:2585} INFO - Sync 1 DAGs
[2025-01-23T20:08:24.839+0000] {logging_mixin.py:120} INFO - [2025-01-23T20:08:24.839+0000] {dag.py:3340} INFO - Setting next_dagrun for example_local_kubernetes_executor to None, run_after=None
[2025-01-23T20:08:24.871+0000] {processor.py:176} INFO - Processing /home/airflow/.local/lib/python3.7/site-packages/airflow/example_dags/example_local_kubernetes_executor.py took 0.245 seconds
[2025-01-23T20:08:55.129+0000] {processor.py:154} INFO - Started process (PID=47336) to work on /home/airflow/.local/lib/python3.7/site-packages/airflow/example_dags/example_local_kubernetes_executor.py
[2025-01-23T20:08:55.135+0000] {processor.py:756} INFO - Processing file /home/airflow/.local/lib/python3.7/site-packages/airflow/example_dags/example_local_kubernetes_executor.py for tasks to queue
[2025-01-23T20:08:55.140+0000] {logging_mixin.py:120} INFO - [2025-01-23T20:08:55.139+0000] {dagbag.py:537} INFO - Filling up the DagBag from /home/airflow/.local/lib/python3.7/site-packages/airflow/example_dags/example_local_kubernetes_executor.py
[2025-01-23T20:08:55.253+0000] {processor.py:766} INFO - DAG(s) dict_keys(['example_local_kubernetes_executor']) retrieved from /home/airflow/.local/lib/python3.7/site-packages/airflow/example_dags/example_local_kubernetes_executor.py
[2025-01-23T20:08:55.393+0000] {logging_mixin.py:120} INFO - [2025-01-23T20:08:55.393+0000] {dag.py:2585} INFO - Sync 1 DAGs
[2025-01-23T20:08:55.471+0000] {logging_mixin.py:120} INFO - [2025-01-23T20:08:55.470+0000] {dag.py:3340} INFO - Setting next_dagrun for example_local_kubernetes_executor to None, run_after=None
[2025-01-23T20:08:55.514+0000] {processor.py:176} INFO - Processing /home/airflow/.local/lib/python3.7/site-packages/airflow/example_dags/example_local_kubernetes_executor.py took 0.410 seconds
[2025-01-23T20:09:25.976+0000] {processor.py:154} INFO - Started process (PID=47390) to work on /home/airflow/.local/lib/python3.7/site-packages/airflow/example_dags/example_local_kubernetes_executor.py
[2025-01-23T20:09:25.980+0000] {processor.py:756} INFO - Processing file /home/airflow/.local/lib/python3.7/site-packages/airflow/example_dags/example_local_kubernetes_executor.py for tasks to queue
[2025-01-23T20:09:25.984+0000] {logging_mixin.py:120} INFO - [2025-01-23T20:09:25.983+0000] {dagbag.py:537} INFO - Filling up the DagBag from /home/airflow/.local/lib/python3.7/site-packages/airflow/example_dags/example_local_kubernetes_executor.py
[2025-01-23T20:09:26.091+0000] {processor.py:766} INFO - DAG(s) dict_keys(['example_local_kubernetes_executor']) retrieved from /home/airflow/.local/lib/python3.7/site-packages/airflow/example_dags/example_local_kubernetes_executor.py
[2025-01-23T20:09:26.160+0000] {logging_mixin.py:120} INFO - [2025-01-23T20:09:26.160+0000] {dag.py:2585} INFO - Sync 1 DAGs
[2025-01-23T20:09:26.200+0000] {logging_mixin.py:120} INFO - [2025-01-23T20:09:26.200+0000] {dag.py:3340} INFO - Setting next_dagrun for example_local_kubernetes_executor to None, run_after=None
[2025-01-23T20:09:26.238+0000] {processor.py:176} INFO - Processing /home/airflow/.local/lib/python3.7/site-packages/airflow/example_dags/example_local_kubernetes_executor.py took 0.277 seconds
[2025-01-23T20:09:57.360+0000] {processor.py:154} INFO - Started process (PID=47454) to work on /home/airflow/.local/lib/python3.7/site-packages/airflow/example_dags/example_local_kubernetes_executor.py
[2025-01-23T20:09:57.362+0000] {processor.py:756} INFO - Processing file /home/airflow/.local/lib/python3.7/site-packages/airflow/example_dags/example_local_kubernetes_executor.py for tasks to queue
[2025-01-23T20:09:57.364+0000] {logging_mixin.py:120} INFO - [2025-01-23T20:09:57.363+0000] {dagbag.py:537} INFO - Filling up the DagBag from /home/airflow/.local/lib/python3.7/site-packages/airflow/example_dags/example_local_kubernetes_executor.py
[2025-01-23T20:09:57.419+0000] {processor.py:766} INFO - DAG(s) dict_keys(['example_local_kubernetes_executor']) retrieved from /home/airflow/.local/lib/python3.7/site-packages/airflow/example_dags/example_local_kubernetes_executor.py
[2025-01-23T20:09:57.509+0000] {logging_mixin.py:120} INFO - [2025-01-23T20:09:57.508+0000] {dag.py:2585} INFO - Sync 1 DAGs
[2025-01-23T20:09:57.558+0000] {logging_mixin.py:120} INFO - [2025-01-23T20:09:57.558+0000] {dag.py:3340} INFO - Setting next_dagrun for example_local_kubernetes_executor to None, run_after=None
[2025-01-23T20:09:57.589+0000] {processor.py:176} INFO - Processing /home/airflow/.local/lib/python3.7/site-packages/airflow/example_dags/example_local_kubernetes_executor.py took 0.237 seconds
[2025-01-23T20:10:28.223+0000] {processor.py:154} INFO - Started process (PID=47508) to work on /home/airflow/.local/lib/python3.7/site-packages/airflow/example_dags/example_local_kubernetes_executor.py
[2025-01-23T20:10:28.225+0000] {processor.py:756} INFO - Processing file /home/airflow/.local/lib/python3.7/site-packages/airflow/example_dags/example_local_kubernetes_executor.py for tasks to queue
[2025-01-23T20:10:28.226+0000] {logging_mixin.py:120} INFO - [2025-01-23T20:10:28.226+0000] {dagbag.py:537} INFO - Filling up the DagBag from /home/airflow/.local/lib/python3.7/site-packages/airflow/example_dags/example_local_kubernetes_executor.py
[2025-01-23T20:10:28.274+0000] {processor.py:766} INFO - DAG(s) dict_keys(['example_local_kubernetes_executor']) retrieved from /home/airflow/.local/lib/python3.7/site-packages/airflow/example_dags/example_local_kubernetes_executor.py
[2025-01-23T20:10:28.338+0000] {logging_mixin.py:120} INFO - [2025-01-23T20:10:28.338+0000] {dag.py:2585} INFO - Sync 1 DAGs
[2025-01-23T20:10:28.379+0000] {logging_mixin.py:120} INFO - [2025-01-23T20:10:28.378+0000] {dag.py:3340} INFO - Setting next_dagrun for example_local_kubernetes_executor to None, run_after=None
[2025-01-23T20:10:28.411+0000] {processor.py:176} INFO - Processing /home/airflow/.local/lib/python3.7/site-packages/airflow/example_dags/example_local_kubernetes_executor.py took 0.193 seconds
[2025-01-23T20:10:58.478+0000] {processor.py:154} INFO - Started process (PID=47570) to work on /home/airflow/.local/lib/python3.7/site-packages/airflow/example_dags/example_local_kubernetes_executor.py
[2025-01-23T20:10:58.480+0000] {processor.py:756} INFO - Processing file /home/airflow/.local/lib/python3.7/site-packages/airflow/example_dags/example_local_kubernetes_executor.py for tasks to queue
[2025-01-23T20:10:58.481+0000] {logging_mixin.py:120} INFO - [2025-01-23T20:10:58.481+0000] {dagbag.py:537} INFO - Filling up the DagBag from /home/airflow/.local/lib/python3.7/site-packages/airflow/example_dags/example_local_kubernetes_executor.py
[2025-01-23T20:10:58.537+0000] {processor.py:766} INFO - DAG(s) dict_keys(['example_local_kubernetes_executor']) retrieved from /home/airflow/.local/lib/python3.7/site-packages/airflow/example_dags/example_local_kubernetes_executor.py
[2025-01-23T20:10:58.626+0000] {logging_mixin.py:120} INFO - [2025-01-23T20:10:58.625+0000] {dag.py:2585} INFO - Sync 1 DAGs
[2025-01-23T20:10:58.681+0000] {logging_mixin.py:120} INFO - [2025-01-23T20:10:58.680+0000] {dag.py:3340} INFO - Setting next_dagrun for example_local_kubernetes_executor to None, run_after=None
[2025-01-23T20:10:58.714+0000] {processor.py:176} INFO - Processing /home/airflow/.local/lib/python3.7/site-packages/airflow/example_dags/example_local_kubernetes_executor.py took 0.243 seconds
[2025-01-23T20:11:29.219+0000] {processor.py:154} INFO - Started process (PID=47623) to work on /home/airflow/.local/lib/python3.7/site-packages/airflow/example_dags/example_local_kubernetes_executor.py
[2025-01-23T20:11:29.221+0000] {processor.py:756} INFO - Processing file /home/airflow/.local/lib/python3.7/site-packages/airflow/example_dags/example_local_kubernetes_executor.py for tasks to queue
[2025-01-23T20:11:29.222+0000] {logging_mixin.py:120} INFO - [2025-01-23T20:11:29.222+0000] {dagbag.py:537} INFO - Filling up the DagBag from /home/airflow/.local/lib/python3.7/site-packages/airflow/example_dags/example_local_kubernetes_executor.py
[2025-01-23T20:11:29.264+0000] {processor.py:766} INFO - DAG(s) dict_keys(['example_local_kubernetes_executor']) retrieved from /home/airflow/.local/lib/python3.7/site-packages/airflow/example_dags/example_local_kubernetes_executor.py
[2025-01-23T20:11:29.330+0000] {logging_mixin.py:120} INFO - [2025-01-23T20:11:29.330+0000] {dag.py:2585} INFO - Sync 1 DAGs
[2025-01-23T20:11:29.371+0000] {logging_mixin.py:120} INFO - [2025-01-23T20:11:29.370+0000] {dag.py:3340} INFO - Setting next_dagrun for example_local_kubernetes_executor to None, run_after=None
[2025-01-23T20:11:29.410+0000] {processor.py:176} INFO - Processing /home/airflow/.local/lib/python3.7/site-packages/airflow/example_dags/example_local_kubernetes_executor.py took 0.196 seconds
[2025-01-23T20:11:59.845+0000] {processor.py:154} INFO - Started process (PID=47677) to work on /home/airflow/.local/lib/python3.7/site-packages/airflow/example_dags/example_local_kubernetes_executor.py
[2025-01-23T20:11:59.850+0000] {processor.py:756} INFO - Processing file /home/airflow/.local/lib/python3.7/site-packages/airflow/example_dags/example_local_kubernetes_executor.py for tasks to queue
[2025-01-23T20:11:59.855+0000] {logging_mixin.py:120} INFO - [2025-01-23T20:11:59.854+0000] {dagbag.py:537} INFO - Filling up the DagBag from /home/airflow/.local/lib/python3.7/site-packages/airflow/example_dags/example_local_kubernetes_executor.py
[2025-01-23T20:11:59.939+0000] {processor.py:766} INFO - DAG(s) dict_keys(['example_local_kubernetes_executor']) retrieved from /home/airflow/.local/lib/python3.7/site-packages/airflow/example_dags/example_local_kubernetes_executor.py
[2025-01-23T20:12:00.107+0000] {logging_mixin.py:120} INFO - [2025-01-23T20:12:00.107+0000] {dag.py:2585} INFO - Sync 1 DAGs
[2025-01-23T20:12:00.200+0000] {logging_mixin.py:120} INFO - [2025-01-23T20:12:00.200+0000] {dag.py:3340} INFO - Setting next_dagrun for example_local_kubernetes_executor to None, run_after=None
[2025-01-23T20:12:00.263+0000] {processor.py:176} INFO - Processing /home/airflow/.local/lib/python3.7/site-packages/airflow/example_dags/example_local_kubernetes_executor.py took 0.432 seconds
[2025-01-23T20:12:30.373+0000] {processor.py:154} INFO - Started process (PID=47741) to work on /home/airflow/.local/lib/python3.7/site-packages/airflow/example_dags/example_local_kubernetes_executor.py
[2025-01-23T20:12:30.374+0000] {processor.py:756} INFO - Processing file /home/airflow/.local/lib/python3.7/site-packages/airflow/example_dags/example_local_kubernetes_executor.py for tasks to queue
[2025-01-23T20:12:30.376+0000] {logging_mixin.py:120} INFO - [2025-01-23T20:12:30.376+0000] {dagbag.py:537} INFO - Filling up the DagBag from /home/airflow/.local/lib/python3.7/site-packages/airflow/example_dags/example_local_kubernetes_executor.py
[2025-01-23T20:12:30.425+0000] {processor.py:766} INFO - DAG(s) dict_keys(['example_local_kubernetes_executor']) retrieved from /home/airflow/.local/lib/python3.7/site-packages/airflow/example_dags/example_local_kubernetes_executor.py
[2025-01-23T20:12:30.516+0000] {logging_mixin.py:120} INFO - [2025-01-23T20:12:30.516+0000] {dag.py:2585} INFO - Sync 1 DAGs
[2025-01-23T20:12:30.568+0000] {logging_mixin.py:120} INFO - [2025-01-23T20:12:30.568+0000] {dag.py:3340} INFO - Setting next_dagrun for example_local_kubernetes_executor to None, run_after=None
[2025-01-23T20:12:30.613+0000] {processor.py:176} INFO - Processing /home/airflow/.local/lib/python3.7/site-packages/airflow/example_dags/example_local_kubernetes_executor.py took 0.250 seconds
