[2025-01-23T19:50:43.605+0000] {processor.py:154} INFO - Started process (PID=45324) to work on /home/airflow/.local/lib/python3.7/site-packages/airflow/example_dags/example_kubernetes_executor.py
[2025-01-23T19:50:43.613+0000] {processor.py:756} INFO - Processing file /home/airflow/.local/lib/python3.7/site-packages/airflow/example_dags/example_kubernetes_executor.py for tasks to queue
[2025-01-23T19:50:43.617+0000] {logging_mixin.py:120} INFO - [2025-01-23T19:50:43.617+0000] {dagbag.py:537} INFO - Filling up the DagBag from /home/airflow/.local/lib/python3.7/site-packages/airflow/example_dags/example_kubernetes_executor.py
[2025-01-23T19:50:43.763+0000] {processor.py:766} INFO - DAG(s) dict_keys(['example_kubernetes_executor']) retrieved from /home/airflow/.local/lib/python3.7/site-packages/airflow/example_dags/example_kubernetes_executor.py
[2025-01-23T19:50:43.985+0000] {logging_mixin.py:120} INFO - [2025-01-23T19:50:43.984+0000] {dag.py:2585} INFO - Sync 1 DAGs
[2025-01-23T19:50:44.073+0000] {logging_mixin.py:120} INFO - [2025-01-23T19:50:44.073+0000] {dag.py:3340} INFO - Setting next_dagrun for example_kubernetes_executor to None, run_after=None
[2025-01-23T19:50:44.143+0000] {processor.py:176} INFO - Processing /home/airflow/.local/lib/python3.7/site-packages/airflow/example_dags/example_kubernetes_executor.py took 0.551 seconds
[2025-01-23T19:51:17.353+0000] {processor.py:154} INFO - Started process (PID=45379) to work on /home/airflow/.local/lib/python3.7/site-packages/airflow/example_dags/example_kubernetes_executor.py
[2025-01-23T19:51:17.364+0000] {processor.py:756} INFO - Processing file /home/airflow/.local/lib/python3.7/site-packages/airflow/example_dags/example_kubernetes_executor.py for tasks to queue
[2025-01-23T19:51:17.366+0000] {logging_mixin.py:120} INFO - [2025-01-23T19:51:17.365+0000] {dagbag.py:537} INFO - Filling up the DagBag from /home/airflow/.local/lib/python3.7/site-packages/airflow/example_dags/example_kubernetes_executor.py
[2025-01-23T19:51:17.577+0000] {processor.py:766} INFO - DAG(s) dict_keys(['example_kubernetes_executor']) retrieved from /home/airflow/.local/lib/python3.7/site-packages/airflow/example_dags/example_kubernetes_executor.py
[2025-01-23T19:51:17.872+0000] {logging_mixin.py:120} INFO - [2025-01-23T19:51:17.872+0000] {dag.py:2585} INFO - Sync 1 DAGs
[2025-01-23T19:51:18.031+0000] {logging_mixin.py:120} INFO - [2025-01-23T19:51:18.031+0000] {dag.py:3340} INFO - Setting next_dagrun for example_kubernetes_executor to None, run_after=None
[2025-01-23T19:51:18.179+0000] {processor.py:176} INFO - Processing /home/airflow/.local/lib/python3.7/site-packages/airflow/example_dags/example_kubernetes_executor.py took 0.837 seconds
[2025-01-23T19:51:49.298+0000] {processor.py:154} INFO - Started process (PID=45432) to work on /home/airflow/.local/lib/python3.7/site-packages/airflow/example_dags/example_kubernetes_executor.py
[2025-01-23T19:51:49.300+0000] {processor.py:756} INFO - Processing file /home/airflow/.local/lib/python3.7/site-packages/airflow/example_dags/example_kubernetes_executor.py for tasks to queue
[2025-01-23T19:51:49.312+0000] {logging_mixin.py:120} INFO - [2025-01-23T19:51:49.311+0000] {dagbag.py:537} INFO - Filling up the DagBag from /home/airflow/.local/lib/python3.7/site-packages/airflow/example_dags/example_kubernetes_executor.py
[2025-01-23T19:51:49.536+0000] {processor.py:766} INFO - DAG(s) dict_keys(['example_kubernetes_executor']) retrieved from /home/airflow/.local/lib/python3.7/site-packages/airflow/example_dags/example_kubernetes_executor.py
[2025-01-23T19:51:49.843+0000] {logging_mixin.py:120} INFO - [2025-01-23T19:51:49.843+0000] {dag.py:2585} INFO - Sync 1 DAGs
[2025-01-23T19:51:50.089+0000] {logging_mixin.py:120} INFO - [2025-01-23T19:51:50.089+0000] {dag.py:3340} INFO - Setting next_dagrun for example_kubernetes_executor to None, run_after=None
[2025-01-23T19:51:50.233+0000] {processor.py:176} INFO - Processing /home/airflow/.local/lib/python3.7/site-packages/airflow/example_dags/example_kubernetes_executor.py took 0.954 seconds
[2025-01-23T19:52:20.339+0000] {processor.py:154} INFO - Started process (PID=45477) to work on /home/airflow/.local/lib/python3.7/site-packages/airflow/example_dags/example_kubernetes_executor.py
[2025-01-23T19:52:20.349+0000] {processor.py:756} INFO - Processing file /home/airflow/.local/lib/python3.7/site-packages/airflow/example_dags/example_kubernetes_executor.py for tasks to queue
[2025-01-23T19:52:20.352+0000] {logging_mixin.py:120} INFO - [2025-01-23T19:52:20.352+0000] {dagbag.py:537} INFO - Filling up the DagBag from /home/airflow/.local/lib/python3.7/site-packages/airflow/example_dags/example_kubernetes_executor.py
[2025-01-23T19:52:20.566+0000] {processor.py:766} INFO - DAG(s) dict_keys(['example_kubernetes_executor']) retrieved from /home/airflow/.local/lib/python3.7/site-packages/airflow/example_dags/example_kubernetes_executor.py
[2025-01-23T19:52:20.816+0000] {logging_mixin.py:120} INFO - [2025-01-23T19:52:20.816+0000] {dag.py:2585} INFO - Sync 1 DAGs
[2025-01-23T19:52:20.931+0000] {logging_mixin.py:120} INFO - [2025-01-23T19:52:20.930+0000] {dag.py:3340} INFO - Setting next_dagrun for example_kubernetes_executor to None, run_after=None
[2025-01-23T19:52:21.002+0000] {processor.py:176} INFO - Processing /home/airflow/.local/lib/python3.7/site-packages/airflow/example_dags/example_kubernetes_executor.py took 0.682 seconds
[2025-01-23T19:52:52.154+0000] {processor.py:154} INFO - Started process (PID=45538) to work on /home/airflow/.local/lib/python3.7/site-packages/airflow/example_dags/example_kubernetes_executor.py
[2025-01-23T19:52:52.156+0000] {processor.py:756} INFO - Processing file /home/airflow/.local/lib/python3.7/site-packages/airflow/example_dags/example_kubernetes_executor.py for tasks to queue
[2025-01-23T19:52:52.165+0000] {logging_mixin.py:120} INFO - [2025-01-23T19:52:52.164+0000] {dagbag.py:537} INFO - Filling up the DagBag from /home/airflow/.local/lib/python3.7/site-packages/airflow/example_dags/example_kubernetes_executor.py
[2025-01-23T19:52:52.333+0000] {processor.py:766} INFO - DAG(s) dict_keys(['example_kubernetes_executor']) retrieved from /home/airflow/.local/lib/python3.7/site-packages/airflow/example_dags/example_kubernetes_executor.py
[2025-01-23T19:52:52.565+0000] {logging_mixin.py:120} INFO - [2025-01-23T19:52:52.565+0000] {dag.py:2585} INFO - Sync 1 DAGs
[2025-01-23T19:52:52.718+0000] {logging_mixin.py:120} INFO - [2025-01-23T19:52:52.718+0000] {dag.py:3340} INFO - Setting next_dagrun for example_kubernetes_executor to None, run_after=None
[2025-01-23T19:52:52.793+0000] {processor.py:176} INFO - Processing /home/airflow/.local/lib/python3.7/site-packages/airflow/example_dags/example_kubernetes_executor.py took 0.646 seconds
[2025-01-23T19:53:23.483+0000] {processor.py:154} INFO - Started process (PID=45594) to work on /home/airflow/.local/lib/python3.7/site-packages/airflow/example_dags/example_kubernetes_executor.py
[2025-01-23T19:53:23.487+0000] {processor.py:756} INFO - Processing file /home/airflow/.local/lib/python3.7/site-packages/airflow/example_dags/example_kubernetes_executor.py for tasks to queue
[2025-01-23T19:53:23.490+0000] {logging_mixin.py:120} INFO - [2025-01-23T19:53:23.489+0000] {dagbag.py:537} INFO - Filling up the DagBag from /home/airflow/.local/lib/python3.7/site-packages/airflow/example_dags/example_kubernetes_executor.py
[2025-01-23T19:53:23.612+0000] {processor.py:766} INFO - DAG(s) dict_keys(['example_kubernetes_executor']) retrieved from /home/airflow/.local/lib/python3.7/site-packages/airflow/example_dags/example_kubernetes_executor.py
[2025-01-23T19:53:23.695+0000] {logging_mixin.py:120} INFO - [2025-01-23T19:53:23.694+0000] {dag.py:2585} INFO - Sync 1 DAGs
[2025-01-23T19:53:23.743+0000] {logging_mixin.py:120} INFO - [2025-01-23T19:53:23.742+0000] {dag.py:3340} INFO - Setting next_dagrun for example_kubernetes_executor to None, run_after=None
[2025-01-23T19:53:23.783+0000] {processor.py:176} INFO - Processing /home/airflow/.local/lib/python3.7/site-packages/airflow/example_dags/example_kubernetes_executor.py took 0.313 seconds
[2025-01-23T19:53:54.245+0000] {processor.py:154} INFO - Started process (PID=45648) to work on /home/airflow/.local/lib/python3.7/site-packages/airflow/example_dags/example_kubernetes_executor.py
[2025-01-23T19:53:54.247+0000] {processor.py:756} INFO - Processing file /home/airflow/.local/lib/python3.7/site-packages/airflow/example_dags/example_kubernetes_executor.py for tasks to queue
[2025-01-23T19:53:54.249+0000] {logging_mixin.py:120} INFO - [2025-01-23T19:53:54.249+0000] {dagbag.py:537} INFO - Filling up the DagBag from /home/airflow/.local/lib/python3.7/site-packages/airflow/example_dags/example_kubernetes_executor.py
[2025-01-23T19:53:54.308+0000] {processor.py:766} INFO - DAG(s) dict_keys(['example_kubernetes_executor']) retrieved from /home/airflow/.local/lib/python3.7/site-packages/airflow/example_dags/example_kubernetes_executor.py
[2025-01-23T19:53:54.386+0000] {logging_mixin.py:120} INFO - [2025-01-23T19:53:54.386+0000] {dag.py:2585} INFO - Sync 1 DAGs
[2025-01-23T19:53:54.427+0000] {logging_mixin.py:120} INFO - [2025-01-23T19:53:54.427+0000] {dag.py:3340} INFO - Setting next_dagrun for example_kubernetes_executor to None, run_after=None
[2025-01-23T19:53:54.461+0000] {processor.py:176} INFO - Processing /home/airflow/.local/lib/python3.7/site-packages/airflow/example_dags/example_kubernetes_executor.py took 0.224 seconds
[2025-01-23T19:54:26.235+0000] {processor.py:154} INFO - Started process (PID=45711) to work on /home/airflow/.local/lib/python3.7/site-packages/airflow/example_dags/example_kubernetes_executor.py
[2025-01-23T19:54:26.255+0000] {processor.py:756} INFO - Processing file /home/airflow/.local/lib/python3.7/site-packages/airflow/example_dags/example_kubernetes_executor.py for tasks to queue
[2025-01-23T19:54:26.258+0000] {logging_mixin.py:120} INFO - [2025-01-23T19:54:26.258+0000] {dagbag.py:537} INFO - Filling up the DagBag from /home/airflow/.local/lib/python3.7/site-packages/airflow/example_dags/example_kubernetes_executor.py
[2025-01-23T19:54:26.405+0000] {processor.py:766} INFO - DAG(s) dict_keys(['example_kubernetes_executor']) retrieved from /home/airflow/.local/lib/python3.7/site-packages/airflow/example_dags/example_kubernetes_executor.py
[2025-01-23T19:54:26.582+0000] {logging_mixin.py:120} INFO - [2025-01-23T19:54:26.581+0000] {dag.py:2585} INFO - Sync 1 DAGs
[2025-01-23T19:54:26.708+0000] {logging_mixin.py:120} INFO - [2025-01-23T19:54:26.707+0000] {dag.py:3340} INFO - Setting next_dagrun for example_kubernetes_executor to None, run_after=None
[2025-01-23T19:54:26.796+0000] {processor.py:176} INFO - Processing /home/airflow/.local/lib/python3.7/site-packages/airflow/example_dags/example_kubernetes_executor.py took 0.571 seconds
[2025-01-23T19:54:57.427+0000] {processor.py:154} INFO - Started process (PID=45765) to work on /home/airflow/.local/lib/python3.7/site-packages/airflow/example_dags/example_kubernetes_executor.py
[2025-01-23T19:54:57.431+0000] {processor.py:756} INFO - Processing file /home/airflow/.local/lib/python3.7/site-packages/airflow/example_dags/example_kubernetes_executor.py for tasks to queue
[2025-01-23T19:54:57.435+0000] {logging_mixin.py:120} INFO - [2025-01-23T19:54:57.435+0000] {dagbag.py:537} INFO - Filling up the DagBag from /home/airflow/.local/lib/python3.7/site-packages/airflow/example_dags/example_kubernetes_executor.py
[2025-01-23T19:54:57.591+0000] {processor.py:766} INFO - DAG(s) dict_keys(['example_kubernetes_executor']) retrieved from /home/airflow/.local/lib/python3.7/site-packages/airflow/example_dags/example_kubernetes_executor.py
[2025-01-23T19:54:57.782+0000] {logging_mixin.py:120} INFO - [2025-01-23T19:54:57.782+0000] {dag.py:2585} INFO - Sync 1 DAGs
[2025-01-23T19:54:57.823+0000] {logging_mixin.py:120} INFO - [2025-01-23T19:54:57.823+0000] {dag.py:3340} INFO - Setting next_dagrun for example_kubernetes_executor to None, run_after=None
[2025-01-23T19:54:57.859+0000] {processor.py:176} INFO - Processing /home/airflow/.local/lib/python3.7/site-packages/airflow/example_dags/example_kubernetes_executor.py took 0.446 seconds
[2025-01-23T19:55:28.289+0000] {processor.py:154} INFO - Started process (PID=45820) to work on /home/airflow/.local/lib/python3.7/site-packages/airflow/example_dags/example_kubernetes_executor.py
[2025-01-23T19:55:28.294+0000] {processor.py:756} INFO - Processing file /home/airflow/.local/lib/python3.7/site-packages/airflow/example_dags/example_kubernetes_executor.py for tasks to queue
[2025-01-23T19:55:28.302+0000] {logging_mixin.py:120} INFO - [2025-01-23T19:55:28.301+0000] {dagbag.py:537} INFO - Filling up the DagBag from /home/airflow/.local/lib/python3.7/site-packages/airflow/example_dags/example_kubernetes_executor.py
[2025-01-23T19:55:28.399+0000] {processor.py:766} INFO - DAG(s) dict_keys(['example_kubernetes_executor']) retrieved from /home/airflow/.local/lib/python3.7/site-packages/airflow/example_dags/example_kubernetes_executor.py
[2025-01-23T19:55:28.473+0000] {logging_mixin.py:120} INFO - [2025-01-23T19:55:28.472+0000] {dag.py:2585} INFO - Sync 1 DAGs
[2025-01-23T19:55:28.516+0000] {logging_mixin.py:120} INFO - [2025-01-23T19:55:28.516+0000] {dag.py:3340} INFO - Setting next_dagrun for example_kubernetes_executor to None, run_after=None
[2025-01-23T19:55:28.556+0000] {processor.py:176} INFO - Processing /home/airflow/.local/lib/python3.7/site-packages/airflow/example_dags/example_kubernetes_executor.py took 0.284 seconds
[2025-01-23T19:55:59.931+0000] {processor.py:154} INFO - Started process (PID=45883) to work on /home/airflow/.local/lib/python3.7/site-packages/airflow/example_dags/example_kubernetes_executor.py
[2025-01-23T19:55:59.934+0000] {processor.py:756} INFO - Processing file /home/airflow/.local/lib/python3.7/site-packages/airflow/example_dags/example_kubernetes_executor.py for tasks to queue
[2025-01-23T19:55:59.936+0000] {logging_mixin.py:120} INFO - [2025-01-23T19:55:59.935+0000] {dagbag.py:537} INFO - Filling up the DagBag from /home/airflow/.local/lib/python3.7/site-packages/airflow/example_dags/example_kubernetes_executor.py
[2025-01-23T19:56:00.195+0000] {processor.py:766} INFO - DAG(s) dict_keys(['example_kubernetes_executor']) retrieved from /home/airflow/.local/lib/python3.7/site-packages/airflow/example_dags/example_kubernetes_executor.py
[2025-01-23T19:56:00.516+0000] {logging_mixin.py:120} INFO - [2025-01-23T19:56:00.516+0000] {dag.py:2585} INFO - Sync 1 DAGs
[2025-01-23T19:56:00.682+0000] {logging_mixin.py:120} INFO - [2025-01-23T19:56:00.682+0000] {dag.py:3340} INFO - Setting next_dagrun for example_kubernetes_executor to None, run_after=None
[2025-01-23T19:56:00.796+0000] {processor.py:176} INFO - Processing /home/airflow/.local/lib/python3.7/site-packages/airflow/example_dags/example_kubernetes_executor.py took 0.891 seconds
[2025-01-23T19:56:31.222+0000] {processor.py:154} INFO - Started process (PID=45928) to work on /home/airflow/.local/lib/python3.7/site-packages/airflow/example_dags/example_kubernetes_executor.py
[2025-01-23T19:56:31.224+0000] {processor.py:756} INFO - Processing file /home/airflow/.local/lib/python3.7/site-packages/airflow/example_dags/example_kubernetes_executor.py for tasks to queue
[2025-01-23T19:56:31.226+0000] {logging_mixin.py:120} INFO - [2025-01-23T19:56:31.225+0000] {dagbag.py:537} INFO - Filling up the DagBag from /home/airflow/.local/lib/python3.7/site-packages/airflow/example_dags/example_kubernetes_executor.py
[2025-01-23T19:56:31.336+0000] {processor.py:766} INFO - DAG(s) dict_keys(['example_kubernetes_executor']) retrieved from /home/airflow/.local/lib/python3.7/site-packages/airflow/example_dags/example_kubernetes_executor.py
[2025-01-23T19:56:31.471+0000] {logging_mixin.py:120} INFO - [2025-01-23T19:56:31.470+0000] {dag.py:2585} INFO - Sync 1 DAGs
[2025-01-23T19:56:31.543+0000] {logging_mixin.py:120} INFO - [2025-01-23T19:56:31.542+0000] {dag.py:3340} INFO - Setting next_dagrun for example_kubernetes_executor to None, run_after=None
[2025-01-23T19:56:31.601+0000] {processor.py:176} INFO - Processing /home/airflow/.local/lib/python3.7/site-packages/airflow/example_dags/example_kubernetes_executor.py took 0.390 seconds
[2025-01-23T19:57:02.075+0000] {processor.py:154} INFO - Started process (PID=45991) to work on /home/airflow/.local/lib/python3.7/site-packages/airflow/example_dags/example_kubernetes_executor.py
[2025-01-23T19:57:02.077+0000] {processor.py:756} INFO - Processing file /home/airflow/.local/lib/python3.7/site-packages/airflow/example_dags/example_kubernetes_executor.py for tasks to queue
[2025-01-23T19:57:02.079+0000] {logging_mixin.py:120} INFO - [2025-01-23T19:57:02.079+0000] {dagbag.py:537} INFO - Filling up the DagBag from /home/airflow/.local/lib/python3.7/site-packages/airflow/example_dags/example_kubernetes_executor.py
[2025-01-23T19:57:02.133+0000] {processor.py:766} INFO - DAG(s) dict_keys(['example_kubernetes_executor']) retrieved from /home/airflow/.local/lib/python3.7/site-packages/airflow/example_dags/example_kubernetes_executor.py
[2025-01-23T19:57:02.216+0000] {logging_mixin.py:120} INFO - [2025-01-23T19:57:02.215+0000] {dag.py:2585} INFO - Sync 1 DAGs
[2025-01-23T19:57:02.267+0000] {logging_mixin.py:120} INFO - [2025-01-23T19:57:02.267+0000] {dag.py:3340} INFO - Setting next_dagrun for example_kubernetes_executor to None, run_after=None
[2025-01-23T19:57:02.312+0000] {processor.py:176} INFO - Processing /home/airflow/.local/lib/python3.7/site-packages/airflow/example_dags/example_kubernetes_executor.py took 0.243 seconds
[2025-01-23T19:57:32.419+0000] {processor.py:154} INFO - Started process (PID=46045) to work on /home/airflow/.local/lib/python3.7/site-packages/airflow/example_dags/example_kubernetes_executor.py
[2025-01-23T19:57:32.421+0000] {processor.py:756} INFO - Processing file /home/airflow/.local/lib/python3.7/site-packages/airflow/example_dags/example_kubernetes_executor.py for tasks to queue
[2025-01-23T19:57:32.423+0000] {logging_mixin.py:120} INFO - [2025-01-23T19:57:32.423+0000] {dagbag.py:537} INFO - Filling up the DagBag from /home/airflow/.local/lib/python3.7/site-packages/airflow/example_dags/example_kubernetes_executor.py
[2025-01-23T19:57:32.480+0000] {processor.py:766} INFO - DAG(s) dict_keys(['example_kubernetes_executor']) retrieved from /home/airflow/.local/lib/python3.7/site-packages/airflow/example_dags/example_kubernetes_executor.py
[2025-01-23T19:57:32.553+0000] {logging_mixin.py:120} INFO - [2025-01-23T19:57:32.552+0000] {dag.py:2585} INFO - Sync 1 DAGs
[2025-01-23T19:57:32.607+0000] {logging_mixin.py:120} INFO - [2025-01-23T19:57:32.607+0000] {dag.py:3340} INFO - Setting next_dagrun for example_kubernetes_executor to None, run_after=None
[2025-01-23T19:57:32.641+0000] {processor.py:176} INFO - Processing /home/airflow/.local/lib/python3.7/site-packages/airflow/example_dags/example_kubernetes_executor.py took 0.230 seconds
[2025-01-23T19:58:03.170+0000] {processor.py:154} INFO - Started process (PID=46099) to work on /home/airflow/.local/lib/python3.7/site-packages/airflow/example_dags/example_kubernetes_executor.py
[2025-01-23T19:58:03.172+0000] {processor.py:756} INFO - Processing file /home/airflow/.local/lib/python3.7/site-packages/airflow/example_dags/example_kubernetes_executor.py for tasks to queue
[2025-01-23T19:58:03.178+0000] {logging_mixin.py:120} INFO - [2025-01-23T19:58:03.177+0000] {dagbag.py:537} INFO - Filling up the DagBag from /home/airflow/.local/lib/python3.7/site-packages/airflow/example_dags/example_kubernetes_executor.py
[2025-01-23T19:58:03.235+0000] {processor.py:766} INFO - DAG(s) dict_keys(['example_kubernetes_executor']) retrieved from /home/airflow/.local/lib/python3.7/site-packages/airflow/example_dags/example_kubernetes_executor.py
[2025-01-23T19:58:03.345+0000] {logging_mixin.py:120} INFO - [2025-01-23T19:58:03.345+0000] {dag.py:2585} INFO - Sync 1 DAGs
[2025-01-23T19:58:03.396+0000] {logging_mixin.py:120} INFO - [2025-01-23T19:58:03.396+0000] {dag.py:3340} INFO - Setting next_dagrun for example_kubernetes_executor to None, run_after=None
[2025-01-23T19:58:03.438+0000] {processor.py:176} INFO - Processing /home/airflow/.local/lib/python3.7/site-packages/airflow/example_dags/example_kubernetes_executor.py took 0.275 seconds
[2025-01-23T19:58:33.900+0000] {processor.py:154} INFO - Started process (PID=46162) to work on /home/airflow/.local/lib/python3.7/site-packages/airflow/example_dags/example_kubernetes_executor.py
[2025-01-23T19:58:33.902+0000] {processor.py:756} INFO - Processing file /home/airflow/.local/lib/python3.7/site-packages/airflow/example_dags/example_kubernetes_executor.py for tasks to queue
[2025-01-23T19:58:33.903+0000] {logging_mixin.py:120} INFO - [2025-01-23T19:58:33.903+0000] {dagbag.py:537} INFO - Filling up the DagBag from /home/airflow/.local/lib/python3.7/site-packages/airflow/example_dags/example_kubernetes_executor.py
[2025-01-23T19:58:33.990+0000] {processor.py:766} INFO - DAG(s) dict_keys(['example_kubernetes_executor']) retrieved from /home/airflow/.local/lib/python3.7/site-packages/airflow/example_dags/example_kubernetes_executor.py
[2025-01-23T19:58:34.069+0000] {logging_mixin.py:120} INFO - [2025-01-23T19:58:34.068+0000] {dag.py:2585} INFO - Sync 1 DAGs
[2025-01-23T19:58:34.113+0000] {logging_mixin.py:120} INFO - [2025-01-23T19:58:34.113+0000] {dag.py:3340} INFO - Setting next_dagrun for example_kubernetes_executor to None, run_after=None
[2025-01-23T19:58:34.150+0000] {processor.py:176} INFO - Processing /home/airflow/.local/lib/python3.7/site-packages/airflow/example_dags/example_kubernetes_executor.py took 0.257 seconds
[2025-01-23T19:59:04.351+0000] {processor.py:154} INFO - Started process (PID=46215) to work on /home/airflow/.local/lib/python3.7/site-packages/airflow/example_dags/example_kubernetes_executor.py
[2025-01-23T19:59:04.356+0000] {processor.py:756} INFO - Processing file /home/airflow/.local/lib/python3.7/site-packages/airflow/example_dags/example_kubernetes_executor.py for tasks to queue
[2025-01-23T19:59:04.360+0000] {logging_mixin.py:120} INFO - [2025-01-23T19:59:04.359+0000] {dagbag.py:537} INFO - Filling up the DagBag from /home/airflow/.local/lib/python3.7/site-packages/airflow/example_dags/example_kubernetes_executor.py
[2025-01-23T19:59:04.474+0000] {processor.py:766} INFO - DAG(s) dict_keys(['example_kubernetes_executor']) retrieved from /home/airflow/.local/lib/python3.7/site-packages/airflow/example_dags/example_kubernetes_executor.py
[2025-01-23T19:59:04.562+0000] {logging_mixin.py:120} INFO - [2025-01-23T19:59:04.562+0000] {dag.py:2585} INFO - Sync 1 DAGs
[2025-01-23T19:59:04.611+0000] {logging_mixin.py:120} INFO - [2025-01-23T19:59:04.610+0000] {dag.py:3340} INFO - Setting next_dagrun for example_kubernetes_executor to None, run_after=None
[2025-01-23T19:59:04.648+0000] {processor.py:176} INFO - Processing /home/airflow/.local/lib/python3.7/site-packages/airflow/example_dags/example_kubernetes_executor.py took 0.312 seconds
[2025-01-23T19:59:34.699+0000] {processor.py:154} INFO - Started process (PID=46269) to work on /home/airflow/.local/lib/python3.7/site-packages/airflow/example_dags/example_kubernetes_executor.py
[2025-01-23T19:59:34.701+0000] {processor.py:756} INFO - Processing file /home/airflow/.local/lib/python3.7/site-packages/airflow/example_dags/example_kubernetes_executor.py for tasks to queue
[2025-01-23T19:59:34.703+0000] {logging_mixin.py:120} INFO - [2025-01-23T19:59:34.703+0000] {dagbag.py:537} INFO - Filling up the DagBag from /home/airflow/.local/lib/python3.7/site-packages/airflow/example_dags/example_kubernetes_executor.py
[2025-01-23T19:59:34.771+0000] {processor.py:766} INFO - DAG(s) dict_keys(['example_kubernetes_executor']) retrieved from /home/airflow/.local/lib/python3.7/site-packages/airflow/example_dags/example_kubernetes_executor.py
[2025-01-23T19:59:34.839+0000] {logging_mixin.py:120} INFO - [2025-01-23T19:59:34.838+0000] {dag.py:2585} INFO - Sync 1 DAGs
[2025-01-23T19:59:34.881+0000] {logging_mixin.py:120} INFO - [2025-01-23T19:59:34.881+0000] {dag.py:3340} INFO - Setting next_dagrun for example_kubernetes_executor to None, run_after=None
[2025-01-23T19:59:34.915+0000] {processor.py:176} INFO - Processing /home/airflow/.local/lib/python3.7/site-packages/airflow/example_dags/example_kubernetes_executor.py took 0.225 seconds
[2025-01-23T20:00:05.673+0000] {processor.py:154} INFO - Started process (PID=46334) to work on /home/airflow/.local/lib/python3.7/site-packages/airflow/example_dags/example_kubernetes_executor.py
[2025-01-23T20:00:05.675+0000] {processor.py:756} INFO - Processing file /home/airflow/.local/lib/python3.7/site-packages/airflow/example_dags/example_kubernetes_executor.py for tasks to queue
[2025-01-23T20:00:05.677+0000] {logging_mixin.py:120} INFO - [2025-01-23T20:00:05.676+0000] {dagbag.py:537} INFO - Filling up the DagBag from /home/airflow/.local/lib/python3.7/site-packages/airflow/example_dags/example_kubernetes_executor.py
[2025-01-23T20:00:05.739+0000] {processor.py:766} INFO - DAG(s) dict_keys(['example_kubernetes_executor']) retrieved from /home/airflow/.local/lib/python3.7/site-packages/airflow/example_dags/example_kubernetes_executor.py
[2025-01-23T20:00:05.820+0000] {logging_mixin.py:120} INFO - [2025-01-23T20:00:05.819+0000] {dag.py:2585} INFO - Sync 1 DAGs
[2025-01-23T20:00:05.873+0000] {logging_mixin.py:120} INFO - [2025-01-23T20:00:05.873+0000] {dag.py:3340} INFO - Setting next_dagrun for example_kubernetes_executor to None, run_after=None
[2025-01-23T20:00:05.905+0000] {processor.py:176} INFO - Processing /home/airflow/.local/lib/python3.7/site-packages/airflow/example_dags/example_kubernetes_executor.py took 0.241 seconds
[2025-01-23T20:00:36.090+0000] {processor.py:154} INFO - Started process (PID=46388) to work on /home/airflow/.local/lib/python3.7/site-packages/airflow/example_dags/example_kubernetes_executor.py
[2025-01-23T20:00:36.093+0000] {processor.py:756} INFO - Processing file /home/airflow/.local/lib/python3.7/site-packages/airflow/example_dags/example_kubernetes_executor.py for tasks to queue
[2025-01-23T20:00:36.100+0000] {logging_mixin.py:120} INFO - [2025-01-23T20:00:36.100+0000] {dagbag.py:537} INFO - Filling up the DagBag from /home/airflow/.local/lib/python3.7/site-packages/airflow/example_dags/example_kubernetes_executor.py
[2025-01-23T20:00:36.183+0000] {processor.py:766} INFO - DAG(s) dict_keys(['example_kubernetes_executor']) retrieved from /home/airflow/.local/lib/python3.7/site-packages/airflow/example_dags/example_kubernetes_executor.py
[2025-01-23T20:00:36.325+0000] {logging_mixin.py:120} INFO - [2025-01-23T20:00:36.324+0000] {dag.py:2585} INFO - Sync 1 DAGs
[2025-01-23T20:00:36.414+0000] {logging_mixin.py:120} INFO - [2025-01-23T20:00:36.414+0000] {dag.py:3340} INFO - Setting next_dagrun for example_kubernetes_executor to None, run_after=None
[2025-01-23T20:00:36.476+0000] {processor.py:176} INFO - Processing /home/airflow/.local/lib/python3.7/site-packages/airflow/example_dags/example_kubernetes_executor.py took 0.394 seconds
[2025-01-23T20:01:06.738+0000] {processor.py:154} INFO - Started process (PID=46452) to work on /home/airflow/.local/lib/python3.7/site-packages/airflow/example_dags/example_kubernetes_executor.py
[2025-01-23T20:01:06.740+0000] {processor.py:756} INFO - Processing file /home/airflow/.local/lib/python3.7/site-packages/airflow/example_dags/example_kubernetes_executor.py for tasks to queue
[2025-01-23T20:01:06.742+0000] {logging_mixin.py:120} INFO - [2025-01-23T20:01:06.742+0000] {dagbag.py:537} INFO - Filling up the DagBag from /home/airflow/.local/lib/python3.7/site-packages/airflow/example_dags/example_kubernetes_executor.py
[2025-01-23T20:01:06.836+0000] {processor.py:766} INFO - DAG(s) dict_keys(['example_kubernetes_executor']) retrieved from /home/airflow/.local/lib/python3.7/site-packages/airflow/example_dags/example_kubernetes_executor.py
[2025-01-23T20:01:06.957+0000] {logging_mixin.py:120} INFO - [2025-01-23T20:01:06.957+0000] {dag.py:2585} INFO - Sync 1 DAGs
[2025-01-23T20:01:07.024+0000] {logging_mixin.py:120} INFO - [2025-01-23T20:01:07.023+0000] {dag.py:3340} INFO - Setting next_dagrun for example_kubernetes_executor to None, run_after=None
[2025-01-23T20:01:07.071+0000] {processor.py:176} INFO - Processing /home/airflow/.local/lib/python3.7/site-packages/airflow/example_dags/example_kubernetes_executor.py took 0.340 seconds
[2025-01-23T20:01:37.256+0000] {processor.py:154} INFO - Started process (PID=46506) to work on /home/airflow/.local/lib/python3.7/site-packages/airflow/example_dags/example_kubernetes_executor.py
[2025-01-23T20:01:37.258+0000] {processor.py:756} INFO - Processing file /home/airflow/.local/lib/python3.7/site-packages/airflow/example_dags/example_kubernetes_executor.py for tasks to queue
[2025-01-23T20:01:37.260+0000] {logging_mixin.py:120} INFO - [2025-01-23T20:01:37.259+0000] {dagbag.py:537} INFO - Filling up the DagBag from /home/airflow/.local/lib/python3.7/site-packages/airflow/example_dags/example_kubernetes_executor.py
[2025-01-23T20:01:37.333+0000] {processor.py:766} INFO - DAG(s) dict_keys(['example_kubernetes_executor']) retrieved from /home/airflow/.local/lib/python3.7/site-packages/airflow/example_dags/example_kubernetes_executor.py
[2025-01-23T20:01:37.442+0000] {logging_mixin.py:120} INFO - [2025-01-23T20:01:37.442+0000] {dag.py:2585} INFO - Sync 1 DAGs
[2025-01-23T20:01:37.494+0000] {logging_mixin.py:120} INFO - [2025-01-23T20:01:37.494+0000] {dag.py:3340} INFO - Setting next_dagrun for example_kubernetes_executor to None, run_after=None
[2025-01-23T20:01:37.533+0000] {processor.py:176} INFO - Processing /home/airflow/.local/lib/python3.7/site-packages/airflow/example_dags/example_kubernetes_executor.py took 0.283 seconds
[2025-01-23T20:02:07.677+0000] {processor.py:154} INFO - Started process (PID=46560) to work on /home/airflow/.local/lib/python3.7/site-packages/airflow/example_dags/example_kubernetes_executor.py
[2025-01-23T20:02:07.679+0000] {processor.py:756} INFO - Processing file /home/airflow/.local/lib/python3.7/site-packages/airflow/example_dags/example_kubernetes_executor.py for tasks to queue
[2025-01-23T20:02:07.680+0000] {logging_mixin.py:120} INFO - [2025-01-23T20:02:07.680+0000] {dagbag.py:537} INFO - Filling up the DagBag from /home/airflow/.local/lib/python3.7/site-packages/airflow/example_dags/example_kubernetes_executor.py
[2025-01-23T20:02:07.737+0000] {processor.py:766} INFO - DAG(s) dict_keys(['example_kubernetes_executor']) retrieved from /home/airflow/.local/lib/python3.7/site-packages/airflow/example_dags/example_kubernetes_executor.py
[2025-01-23T20:02:07.820+0000] {logging_mixin.py:120} INFO - [2025-01-23T20:02:07.820+0000] {dag.py:2585} INFO - Sync 1 DAGs
[2025-01-23T20:02:07.864+0000] {logging_mixin.py:120} INFO - [2025-01-23T20:02:07.864+0000] {dag.py:3340} INFO - Setting next_dagrun for example_kubernetes_executor to None, run_after=None
[2025-01-23T20:02:07.903+0000] {processor.py:176} INFO - Processing /home/airflow/.local/lib/python3.7/site-packages/airflow/example_dags/example_kubernetes_executor.py took 0.231 seconds
[2025-01-23T20:02:38.482+0000] {processor.py:154} INFO - Started process (PID=46623) to work on /home/airflow/.local/lib/python3.7/site-packages/airflow/example_dags/example_kubernetes_executor.py
[2025-01-23T20:02:38.484+0000] {processor.py:756} INFO - Processing file /home/airflow/.local/lib/python3.7/site-packages/airflow/example_dags/example_kubernetes_executor.py for tasks to queue
[2025-01-23T20:02:38.486+0000] {logging_mixin.py:120} INFO - [2025-01-23T20:02:38.486+0000] {dagbag.py:537} INFO - Filling up the DagBag from /home/airflow/.local/lib/python3.7/site-packages/airflow/example_dags/example_kubernetes_executor.py
[2025-01-23T20:02:38.535+0000] {processor.py:766} INFO - DAG(s) dict_keys(['example_kubernetes_executor']) retrieved from /home/airflow/.local/lib/python3.7/site-packages/airflow/example_dags/example_kubernetes_executor.py
[2025-01-23T20:02:38.606+0000] {logging_mixin.py:120} INFO - [2025-01-23T20:02:38.606+0000] {dag.py:2585} INFO - Sync 1 DAGs
[2025-01-23T20:02:38.649+0000] {logging_mixin.py:120} INFO - [2025-01-23T20:02:38.649+0000] {dag.py:3340} INFO - Setting next_dagrun for example_kubernetes_executor to None, run_after=None
[2025-01-23T20:02:38.682+0000] {processor.py:176} INFO - Processing /home/airflow/.local/lib/python3.7/site-packages/airflow/example_dags/example_kubernetes_executor.py took 0.206 seconds
[2025-01-23T20:03:09.327+0000] {processor.py:154} INFO - Started process (PID=46677) to work on /home/airflow/.local/lib/python3.7/site-packages/airflow/example_dags/example_kubernetes_executor.py
[2025-01-23T20:03:09.330+0000] {processor.py:756} INFO - Processing file /home/airflow/.local/lib/python3.7/site-packages/airflow/example_dags/example_kubernetes_executor.py for tasks to queue
[2025-01-23T20:03:09.332+0000] {logging_mixin.py:120} INFO - [2025-01-23T20:03:09.331+0000] {dagbag.py:537} INFO - Filling up the DagBag from /home/airflow/.local/lib/python3.7/site-packages/airflow/example_dags/example_kubernetes_executor.py
[2025-01-23T20:03:09.399+0000] {processor.py:766} INFO - DAG(s) dict_keys(['example_kubernetes_executor']) retrieved from /home/airflow/.local/lib/python3.7/site-packages/airflow/example_dags/example_kubernetes_executor.py
[2025-01-23T20:03:09.484+0000] {logging_mixin.py:120} INFO - [2025-01-23T20:03:09.484+0000] {dag.py:2585} INFO - Sync 1 DAGs
[2025-01-23T20:03:09.530+0000] {logging_mixin.py:120} INFO - [2025-01-23T20:03:09.530+0000] {dag.py:3340} INFO - Setting next_dagrun for example_kubernetes_executor to None, run_after=None
[2025-01-23T20:03:09.563+0000] {processor.py:176} INFO - Processing /home/airflow/.local/lib/python3.7/site-packages/airflow/example_dags/example_kubernetes_executor.py took 0.243 seconds
[2025-01-23T20:03:39.843+0000] {processor.py:154} INFO - Started process (PID=46740) to work on /home/airflow/.local/lib/python3.7/site-packages/airflow/example_dags/example_kubernetes_executor.py
[2025-01-23T20:03:39.844+0000] {processor.py:756} INFO - Processing file /home/airflow/.local/lib/python3.7/site-packages/airflow/example_dags/example_kubernetes_executor.py for tasks to queue
[2025-01-23T20:03:39.846+0000] {logging_mixin.py:120} INFO - [2025-01-23T20:03:39.845+0000] {dagbag.py:537} INFO - Filling up the DagBag from /home/airflow/.local/lib/python3.7/site-packages/airflow/example_dags/example_kubernetes_executor.py
[2025-01-23T20:03:39.903+0000] {processor.py:766} INFO - DAG(s) dict_keys(['example_kubernetes_executor']) retrieved from /home/airflow/.local/lib/python3.7/site-packages/airflow/example_dags/example_kubernetes_executor.py
[2025-01-23T20:03:39.986+0000] {logging_mixin.py:120} INFO - [2025-01-23T20:03:39.985+0000] {dag.py:2585} INFO - Sync 1 DAGs
[2025-01-23T20:03:40.043+0000] {logging_mixin.py:120} INFO - [2025-01-23T20:03:40.043+0000] {dag.py:3340} INFO - Setting next_dagrun for example_kubernetes_executor to None, run_after=None
[2025-01-23T20:03:40.078+0000] {processor.py:176} INFO - Processing /home/airflow/.local/lib/python3.7/site-packages/airflow/example_dags/example_kubernetes_executor.py took 0.242 seconds
[2025-01-23T20:04:11.053+0000] {processor.py:154} INFO - Started process (PID=46794) to work on /home/airflow/.local/lib/python3.7/site-packages/airflow/example_dags/example_kubernetes_executor.py
[2025-01-23T20:04:11.057+0000] {processor.py:756} INFO - Processing file /home/airflow/.local/lib/python3.7/site-packages/airflow/example_dags/example_kubernetes_executor.py for tasks to queue
[2025-01-23T20:04:11.060+0000] {logging_mixin.py:120} INFO - [2025-01-23T20:04:11.059+0000] {dagbag.py:537} INFO - Filling up the DagBag from /home/airflow/.local/lib/python3.7/site-packages/airflow/example_dags/example_kubernetes_executor.py
[2025-01-23T20:04:11.172+0000] {processor.py:766} INFO - DAG(s) dict_keys(['example_kubernetes_executor']) retrieved from /home/airflow/.local/lib/python3.7/site-packages/airflow/example_dags/example_kubernetes_executor.py
[2025-01-23T20:04:11.281+0000] {logging_mixin.py:120} INFO - [2025-01-23T20:04:11.281+0000] {dag.py:2585} INFO - Sync 1 DAGs
[2025-01-23T20:04:11.365+0000] {logging_mixin.py:120} INFO - [2025-01-23T20:04:11.364+0000] {dag.py:3340} INFO - Setting next_dagrun for example_kubernetes_executor to None, run_after=None
[2025-01-23T20:04:11.396+0000] {processor.py:176} INFO - Processing /home/airflow/.local/lib/python3.7/site-packages/airflow/example_dags/example_kubernetes_executor.py took 0.367 seconds
[2025-01-23T20:04:41.482+0000] {processor.py:154} INFO - Started process (PID=46848) to work on /home/airflow/.local/lib/python3.7/site-packages/airflow/example_dags/example_kubernetes_executor.py
[2025-01-23T20:04:41.484+0000] {processor.py:756} INFO - Processing file /home/airflow/.local/lib/python3.7/site-packages/airflow/example_dags/example_kubernetes_executor.py for tasks to queue
[2025-01-23T20:04:41.485+0000] {logging_mixin.py:120} INFO - [2025-01-23T20:04:41.485+0000] {dagbag.py:537} INFO - Filling up the DagBag from /home/airflow/.local/lib/python3.7/site-packages/airflow/example_dags/example_kubernetes_executor.py
[2025-01-23T20:04:41.549+0000] {processor.py:766} INFO - DAG(s) dict_keys(['example_kubernetes_executor']) retrieved from /home/airflow/.local/lib/python3.7/site-packages/airflow/example_dags/example_kubernetes_executor.py
[2025-01-23T20:04:41.655+0000] {logging_mixin.py:120} INFO - [2025-01-23T20:04:41.654+0000] {dag.py:2585} INFO - Sync 1 DAGs
[2025-01-23T20:04:41.711+0000] {logging_mixin.py:120} INFO - [2025-01-23T20:04:41.711+0000] {dag.py:3340} INFO - Setting next_dagrun for example_kubernetes_executor to None, run_after=None
[2025-01-23T20:04:41.749+0000] {processor.py:176} INFO - Processing /home/airflow/.local/lib/python3.7/site-packages/airflow/example_dags/example_kubernetes_executor.py took 0.273 seconds
[2025-01-23T20:05:12.700+0000] {processor.py:154} INFO - Started process (PID=46911) to work on /home/airflow/.local/lib/python3.7/site-packages/airflow/example_dags/example_kubernetes_executor.py
[2025-01-23T20:05:12.702+0000] {processor.py:756} INFO - Processing file /home/airflow/.local/lib/python3.7/site-packages/airflow/example_dags/example_kubernetes_executor.py for tasks to queue
[2025-01-23T20:05:12.703+0000] {logging_mixin.py:120} INFO - [2025-01-23T20:05:12.703+0000] {dagbag.py:537} INFO - Filling up the DagBag from /home/airflow/.local/lib/python3.7/site-packages/airflow/example_dags/example_kubernetes_executor.py
[2025-01-23T20:05:12.813+0000] {processor.py:766} INFO - DAG(s) dict_keys(['example_kubernetes_executor']) retrieved from /home/airflow/.local/lib/python3.7/site-packages/airflow/example_dags/example_kubernetes_executor.py
[2025-01-23T20:05:12.940+0000] {logging_mixin.py:120} INFO - [2025-01-23T20:05:12.939+0000] {dag.py:2585} INFO - Sync 1 DAGs
[2025-01-23T20:05:13.000+0000] {logging_mixin.py:120} INFO - [2025-01-23T20:05:13.000+0000] {dag.py:3340} INFO - Setting next_dagrun for example_kubernetes_executor to None, run_after=None
[2025-01-23T20:05:13.033+0000] {processor.py:176} INFO - Processing /home/airflow/.local/lib/python3.7/site-packages/airflow/example_dags/example_kubernetes_executor.py took 0.340 seconds
[2025-01-23T20:05:43.473+0000] {processor.py:154} INFO - Started process (PID=46965) to work on /home/airflow/.local/lib/python3.7/site-packages/airflow/example_dags/example_kubernetes_executor.py
[2025-01-23T20:05:43.474+0000] {processor.py:756} INFO - Processing file /home/airflow/.local/lib/python3.7/site-packages/airflow/example_dags/example_kubernetes_executor.py for tasks to queue
[2025-01-23T20:05:43.476+0000] {logging_mixin.py:120} INFO - [2025-01-23T20:05:43.476+0000] {dagbag.py:537} INFO - Filling up the DagBag from /home/airflow/.local/lib/python3.7/site-packages/airflow/example_dags/example_kubernetes_executor.py
[2025-01-23T20:05:43.525+0000] {processor.py:766} INFO - DAG(s) dict_keys(['example_kubernetes_executor']) retrieved from /home/airflow/.local/lib/python3.7/site-packages/airflow/example_dags/example_kubernetes_executor.py
[2025-01-23T20:05:43.598+0000] {logging_mixin.py:120} INFO - [2025-01-23T20:05:43.598+0000] {dag.py:2585} INFO - Sync 1 DAGs
[2025-01-23T20:05:43.645+0000] {logging_mixin.py:120} INFO - [2025-01-23T20:05:43.645+0000] {dag.py:3340} INFO - Setting next_dagrun for example_kubernetes_executor to None, run_after=None
[2025-01-23T20:05:43.679+0000] {processor.py:176} INFO - Processing /home/airflow/.local/lib/python3.7/site-packages/airflow/example_dags/example_kubernetes_executor.py took 0.211 seconds
[2025-01-23T20:06:14.149+0000] {processor.py:154} INFO - Started process (PID=47028) to work on /home/airflow/.local/lib/python3.7/site-packages/airflow/example_dags/example_kubernetes_executor.py
[2025-01-23T20:06:14.150+0000] {processor.py:756} INFO - Processing file /home/airflow/.local/lib/python3.7/site-packages/airflow/example_dags/example_kubernetes_executor.py for tasks to queue
[2025-01-23T20:06:14.152+0000] {logging_mixin.py:120} INFO - [2025-01-23T20:06:14.152+0000] {dagbag.py:537} INFO - Filling up the DagBag from /home/airflow/.local/lib/python3.7/site-packages/airflow/example_dags/example_kubernetes_executor.py
[2025-01-23T20:06:14.207+0000] {processor.py:766} INFO - DAG(s) dict_keys(['example_kubernetes_executor']) retrieved from /home/airflow/.local/lib/python3.7/site-packages/airflow/example_dags/example_kubernetes_executor.py
[2025-01-23T20:06:14.271+0000] {logging_mixin.py:120} INFO - [2025-01-23T20:06:14.271+0000] {dag.py:2585} INFO - Sync 1 DAGs
[2025-01-23T20:06:14.312+0000] {logging_mixin.py:120} INFO - [2025-01-23T20:06:14.311+0000] {dag.py:3340} INFO - Setting next_dagrun for example_kubernetes_executor to None, run_after=None
[2025-01-23T20:06:14.344+0000] {processor.py:176} INFO - Processing /home/airflow/.local/lib/python3.7/site-packages/airflow/example_dags/example_kubernetes_executor.py took 0.201 seconds
[2025-01-23T20:06:45.169+0000] {processor.py:154} INFO - Started process (PID=47082) to work on /home/airflow/.local/lib/python3.7/site-packages/airflow/example_dags/example_kubernetes_executor.py
[2025-01-23T20:06:45.171+0000] {processor.py:756} INFO - Processing file /home/airflow/.local/lib/python3.7/site-packages/airflow/example_dags/example_kubernetes_executor.py for tasks to queue
[2025-01-23T20:06:45.173+0000] {logging_mixin.py:120} INFO - [2025-01-23T20:06:45.172+0000] {dagbag.py:537} INFO - Filling up the DagBag from /home/airflow/.local/lib/python3.7/site-packages/airflow/example_dags/example_kubernetes_executor.py
[2025-01-23T20:06:45.223+0000] {processor.py:766} INFO - DAG(s) dict_keys(['example_kubernetes_executor']) retrieved from /home/airflow/.local/lib/python3.7/site-packages/airflow/example_dags/example_kubernetes_executor.py
[2025-01-23T20:06:45.295+0000] {logging_mixin.py:120} INFO - [2025-01-23T20:06:45.295+0000] {dag.py:2585} INFO - Sync 1 DAGs
[2025-01-23T20:06:45.339+0000] {logging_mixin.py:120} INFO - [2025-01-23T20:06:45.339+0000] {dag.py:3340} INFO - Setting next_dagrun for example_kubernetes_executor to None, run_after=None
[2025-01-23T20:06:45.373+0000] {processor.py:176} INFO - Processing /home/airflow/.local/lib/python3.7/site-packages/airflow/example_dags/example_kubernetes_executor.py took 0.208 seconds
[2025-01-23T20:07:15.806+0000] {processor.py:154} INFO - Started process (PID=47145) to work on /home/airflow/.local/lib/python3.7/site-packages/airflow/example_dags/example_kubernetes_executor.py
[2025-01-23T20:07:15.807+0000] {processor.py:756} INFO - Processing file /home/airflow/.local/lib/python3.7/site-packages/airflow/example_dags/example_kubernetes_executor.py for tasks to queue
[2025-01-23T20:07:15.809+0000] {logging_mixin.py:120} INFO - [2025-01-23T20:07:15.809+0000] {dagbag.py:537} INFO - Filling up the DagBag from /home/airflow/.local/lib/python3.7/site-packages/airflow/example_dags/example_kubernetes_executor.py
[2025-01-23T20:07:15.865+0000] {processor.py:766} INFO - DAG(s) dict_keys(['example_kubernetes_executor']) retrieved from /home/airflow/.local/lib/python3.7/site-packages/airflow/example_dags/example_kubernetes_executor.py
[2025-01-23T20:07:15.939+0000] {logging_mixin.py:120} INFO - [2025-01-23T20:07:15.939+0000] {dag.py:2585} INFO - Sync 1 DAGs
[2025-01-23T20:07:15.987+0000] {logging_mixin.py:120} INFO - [2025-01-23T20:07:15.987+0000] {dag.py:3340} INFO - Setting next_dagrun for example_kubernetes_executor to None, run_after=None
[2025-01-23T20:07:16.023+0000] {processor.py:176} INFO - Processing /home/airflow/.local/lib/python3.7/site-packages/airflow/example_dags/example_kubernetes_executor.py took 0.224 seconds
[2025-01-23T20:07:46.471+0000] {processor.py:154} INFO - Started process (PID=47199) to work on /home/airflow/.local/lib/python3.7/site-packages/airflow/example_dags/example_kubernetes_executor.py
[2025-01-23T20:07:46.473+0000] {processor.py:756} INFO - Processing file /home/airflow/.local/lib/python3.7/site-packages/airflow/example_dags/example_kubernetes_executor.py for tasks to queue
[2025-01-23T20:07:46.474+0000] {logging_mixin.py:120} INFO - [2025-01-23T20:07:46.474+0000] {dagbag.py:537} INFO - Filling up the DagBag from /home/airflow/.local/lib/python3.7/site-packages/airflow/example_dags/example_kubernetes_executor.py
[2025-01-23T20:07:46.524+0000] {processor.py:766} INFO - DAG(s) dict_keys(['example_kubernetes_executor']) retrieved from /home/airflow/.local/lib/python3.7/site-packages/airflow/example_dags/example_kubernetes_executor.py
[2025-01-23T20:07:46.596+0000] {logging_mixin.py:120} INFO - [2025-01-23T20:07:46.596+0000] {dag.py:2585} INFO - Sync 1 DAGs
[2025-01-23T20:07:46.640+0000] {logging_mixin.py:120} INFO - [2025-01-23T20:07:46.639+0000] {dag.py:3340} INFO - Setting next_dagrun for example_kubernetes_executor to None, run_after=None
[2025-01-23T20:07:46.679+0000] {processor.py:176} INFO - Processing /home/airflow/.local/lib/python3.7/site-packages/airflow/example_dags/example_kubernetes_executor.py took 0.214 seconds
[2025-01-23T20:08:16.958+0000] {processor.py:154} INFO - Started process (PID=47261) to work on /home/airflow/.local/lib/python3.7/site-packages/airflow/example_dags/example_kubernetes_executor.py
[2025-01-23T20:08:16.960+0000] {processor.py:756} INFO - Processing file /home/airflow/.local/lib/python3.7/site-packages/airflow/example_dags/example_kubernetes_executor.py for tasks to queue
[2025-01-23T20:08:16.961+0000] {logging_mixin.py:120} INFO - [2025-01-23T20:08:16.961+0000] {dagbag.py:537} INFO - Filling up the DagBag from /home/airflow/.local/lib/python3.7/site-packages/airflow/example_dags/example_kubernetes_executor.py
[2025-01-23T20:08:17.012+0000] {processor.py:766} INFO - DAG(s) dict_keys(['example_kubernetes_executor']) retrieved from /home/airflow/.local/lib/python3.7/site-packages/airflow/example_dags/example_kubernetes_executor.py
[2025-01-23T20:08:17.128+0000] {logging_mixin.py:120} INFO - [2025-01-23T20:08:17.128+0000] {dag.py:2585} INFO - Sync 1 DAGs
[2025-01-23T20:08:17.202+0000] {logging_mixin.py:120} INFO - [2025-01-23T20:08:17.201+0000] {dag.py:3340} INFO - Setting next_dagrun for example_kubernetes_executor to None, run_after=None
[2025-01-23T20:08:17.253+0000] {processor.py:176} INFO - Processing /home/airflow/.local/lib/python3.7/site-packages/airflow/example_dags/example_kubernetes_executor.py took 0.302 seconds
[2025-01-23T20:08:47.486+0000] {processor.py:154} INFO - Started process (PID=47315) to work on /home/airflow/.local/lib/python3.7/site-packages/airflow/example_dags/example_kubernetes_executor.py
[2025-01-23T20:08:47.489+0000] {processor.py:756} INFO - Processing file /home/airflow/.local/lib/python3.7/site-packages/airflow/example_dags/example_kubernetes_executor.py for tasks to queue
[2025-01-23T20:08:47.491+0000] {logging_mixin.py:120} INFO - [2025-01-23T20:08:47.491+0000] {dagbag.py:537} INFO - Filling up the DagBag from /home/airflow/.local/lib/python3.7/site-packages/airflow/example_dags/example_kubernetes_executor.py
[2025-01-23T20:08:47.701+0000] {processor.py:766} INFO - DAG(s) dict_keys(['example_kubernetes_executor']) retrieved from /home/airflow/.local/lib/python3.7/site-packages/airflow/example_dags/example_kubernetes_executor.py
[2025-01-23T20:08:47.801+0000] {logging_mixin.py:120} INFO - [2025-01-23T20:08:47.800+0000] {dag.py:2585} INFO - Sync 1 DAGs
[2025-01-23T20:08:47.888+0000] {logging_mixin.py:120} INFO - [2025-01-23T20:08:47.887+0000] {dag.py:3340} INFO - Setting next_dagrun for example_kubernetes_executor to None, run_after=None
[2025-01-23T20:08:47.936+0000] {processor.py:176} INFO - Processing /home/airflow/.local/lib/python3.7/site-packages/airflow/example_dags/example_kubernetes_executor.py took 0.458 seconds
[2025-01-23T20:09:18.519+0000] {processor.py:154} INFO - Started process (PID=47378) to work on /home/airflow/.local/lib/python3.7/site-packages/airflow/example_dags/example_kubernetes_executor.py
[2025-01-23T20:09:18.521+0000] {processor.py:756} INFO - Processing file /home/airflow/.local/lib/python3.7/site-packages/airflow/example_dags/example_kubernetes_executor.py for tasks to queue
[2025-01-23T20:09:18.523+0000] {logging_mixin.py:120} INFO - [2025-01-23T20:09:18.522+0000] {dagbag.py:537} INFO - Filling up the DagBag from /home/airflow/.local/lib/python3.7/site-packages/airflow/example_dags/example_kubernetes_executor.py
[2025-01-23T20:09:18.579+0000] {processor.py:766} INFO - DAG(s) dict_keys(['example_kubernetes_executor']) retrieved from /home/airflow/.local/lib/python3.7/site-packages/airflow/example_dags/example_kubernetes_executor.py
[2025-01-23T20:09:18.662+0000] {logging_mixin.py:120} INFO - [2025-01-23T20:09:18.662+0000] {dag.py:2585} INFO - Sync 1 DAGs
[2025-01-23T20:09:18.717+0000] {logging_mixin.py:120} INFO - [2025-01-23T20:09:18.717+0000] {dag.py:3340} INFO - Setting next_dagrun for example_kubernetes_executor to None, run_after=None
[2025-01-23T20:09:18.752+0000] {processor.py:176} INFO - Processing /home/airflow/.local/lib/python3.7/site-packages/airflow/example_dags/example_kubernetes_executor.py took 0.240 seconds
[2025-01-23T20:09:49.455+0000] {processor.py:154} INFO - Started process (PID=47432) to work on /home/airflow/.local/lib/python3.7/site-packages/airflow/example_dags/example_kubernetes_executor.py
[2025-01-23T20:09:49.457+0000] {processor.py:756} INFO - Processing file /home/airflow/.local/lib/python3.7/site-packages/airflow/example_dags/example_kubernetes_executor.py for tasks to queue
[2025-01-23T20:09:49.459+0000] {logging_mixin.py:120} INFO - [2025-01-23T20:09:49.458+0000] {dagbag.py:537} INFO - Filling up the DagBag from /home/airflow/.local/lib/python3.7/site-packages/airflow/example_dags/example_kubernetes_executor.py
[2025-01-23T20:09:49.520+0000] {processor.py:766} INFO - DAG(s) dict_keys(['example_kubernetes_executor']) retrieved from /home/airflow/.local/lib/python3.7/site-packages/airflow/example_dags/example_kubernetes_executor.py
[2025-01-23T20:09:49.591+0000] {logging_mixin.py:120} INFO - [2025-01-23T20:09:49.591+0000] {dag.py:2585} INFO - Sync 1 DAGs
[2025-01-23T20:09:49.632+0000] {logging_mixin.py:120} INFO - [2025-01-23T20:09:49.631+0000] {dag.py:3340} INFO - Setting next_dagrun for example_kubernetes_executor to None, run_after=None
[2025-01-23T20:09:49.664+0000] {processor.py:176} INFO - Processing /home/airflow/.local/lib/python3.7/site-packages/airflow/example_dags/example_kubernetes_executor.py took 0.215 seconds
[2025-01-23T20:10:20.695+0000] {processor.py:154} INFO - Started process (PID=47495) to work on /home/airflow/.local/lib/python3.7/site-packages/airflow/example_dags/example_kubernetes_executor.py
[2025-01-23T20:10:20.697+0000] {processor.py:756} INFO - Processing file /home/airflow/.local/lib/python3.7/site-packages/airflow/example_dags/example_kubernetes_executor.py for tasks to queue
[2025-01-23T20:10:20.698+0000] {logging_mixin.py:120} INFO - [2025-01-23T20:10:20.698+0000] {dagbag.py:537} INFO - Filling up the DagBag from /home/airflow/.local/lib/python3.7/site-packages/airflow/example_dags/example_kubernetes_executor.py
[2025-01-23T20:10:20.771+0000] {processor.py:766} INFO - DAG(s) dict_keys(['example_kubernetes_executor']) retrieved from /home/airflow/.local/lib/python3.7/site-packages/airflow/example_dags/example_kubernetes_executor.py
[2025-01-23T20:10:20.855+0000] {logging_mixin.py:120} INFO - [2025-01-23T20:10:20.855+0000] {dag.py:2585} INFO - Sync 1 DAGs
[2025-01-23T20:10:20.908+0000] {logging_mixin.py:120} INFO - [2025-01-23T20:10:20.908+0000] {dag.py:3340} INFO - Setting next_dagrun for example_kubernetes_executor to None, run_after=None
[2025-01-23T20:10:20.952+0000] {processor.py:176} INFO - Processing /home/airflow/.local/lib/python3.7/site-packages/airflow/example_dags/example_kubernetes_executor.py took 0.264 seconds
[2025-01-23T20:10:51.351+0000] {processor.py:154} INFO - Started process (PID=47549) to work on /home/airflow/.local/lib/python3.7/site-packages/airflow/example_dags/example_kubernetes_executor.py
[2025-01-23T20:10:51.353+0000] {processor.py:756} INFO - Processing file /home/airflow/.local/lib/python3.7/site-packages/airflow/example_dags/example_kubernetes_executor.py for tasks to queue
[2025-01-23T20:10:51.354+0000] {logging_mixin.py:120} INFO - [2025-01-23T20:10:51.354+0000] {dagbag.py:537} INFO - Filling up the DagBag from /home/airflow/.local/lib/python3.7/site-packages/airflow/example_dags/example_kubernetes_executor.py
[2025-01-23T20:10:51.407+0000] {processor.py:766} INFO - DAG(s) dict_keys(['example_kubernetes_executor']) retrieved from /home/airflow/.local/lib/python3.7/site-packages/airflow/example_dags/example_kubernetes_executor.py
[2025-01-23T20:10:51.483+0000] {logging_mixin.py:120} INFO - [2025-01-23T20:10:51.483+0000] {dag.py:2585} INFO - Sync 1 DAGs
[2025-01-23T20:10:51.525+0000] {logging_mixin.py:120} INFO - [2025-01-23T20:10:51.525+0000] {dag.py:3340} INFO - Setting next_dagrun for example_kubernetes_executor to None, run_after=None
[2025-01-23T20:10:51.557+0000] {processor.py:176} INFO - Processing /home/airflow/.local/lib/python3.7/site-packages/airflow/example_dags/example_kubernetes_executor.py took 0.211 seconds
[2025-01-23T20:11:22.394+0000] {processor.py:154} INFO - Started process (PID=47602) to work on /home/airflow/.local/lib/python3.7/site-packages/airflow/example_dags/example_kubernetes_executor.py
[2025-01-23T20:11:22.395+0000] {processor.py:756} INFO - Processing file /home/airflow/.local/lib/python3.7/site-packages/airflow/example_dags/example_kubernetes_executor.py for tasks to queue
[2025-01-23T20:11:22.397+0000] {logging_mixin.py:120} INFO - [2025-01-23T20:11:22.396+0000] {dagbag.py:537} INFO - Filling up the DagBag from /home/airflow/.local/lib/python3.7/site-packages/airflow/example_dags/example_kubernetes_executor.py
[2025-01-23T20:11:22.451+0000] {processor.py:766} INFO - DAG(s) dict_keys(['example_kubernetes_executor']) retrieved from /home/airflow/.local/lib/python3.7/site-packages/airflow/example_dags/example_kubernetes_executor.py
[2025-01-23T20:11:22.553+0000] {logging_mixin.py:120} INFO - [2025-01-23T20:11:22.552+0000] {dag.py:2585} INFO - Sync 1 DAGs
[2025-01-23T20:11:22.598+0000] {logging_mixin.py:120} INFO - [2025-01-23T20:11:22.598+0000] {dag.py:3340} INFO - Setting next_dagrun for example_kubernetes_executor to None, run_after=None
[2025-01-23T20:11:22.629+0000] {processor.py:176} INFO - Processing /home/airflow/.local/lib/python3.7/site-packages/airflow/example_dags/example_kubernetes_executor.py took 0.241 seconds
[2025-01-23T20:11:53.275+0000] {processor.py:154} INFO - Started process (PID=47665) to work on /home/airflow/.local/lib/python3.7/site-packages/airflow/example_dags/example_kubernetes_executor.py
[2025-01-23T20:11:53.276+0000] {processor.py:756} INFO - Processing file /home/airflow/.local/lib/python3.7/site-packages/airflow/example_dags/example_kubernetes_executor.py for tasks to queue
[2025-01-23T20:11:53.278+0000] {logging_mixin.py:120} INFO - [2025-01-23T20:11:53.278+0000] {dagbag.py:537} INFO - Filling up the DagBag from /home/airflow/.local/lib/python3.7/site-packages/airflow/example_dags/example_kubernetes_executor.py
[2025-01-23T20:11:53.338+0000] {processor.py:766} INFO - DAG(s) dict_keys(['example_kubernetes_executor']) retrieved from /home/airflow/.local/lib/python3.7/site-packages/airflow/example_dags/example_kubernetes_executor.py
[2025-01-23T20:11:53.426+0000] {logging_mixin.py:120} INFO - [2025-01-23T20:11:53.426+0000] {dag.py:2585} INFO - Sync 1 DAGs
[2025-01-23T20:11:53.479+0000] {logging_mixin.py:120} INFO - [2025-01-23T20:11:53.479+0000] {dag.py:3340} INFO - Setting next_dagrun for example_kubernetes_executor to None, run_after=None
[2025-01-23T20:11:53.525+0000] {processor.py:176} INFO - Processing /home/airflow/.local/lib/python3.7/site-packages/airflow/example_dags/example_kubernetes_executor.py took 0.256 seconds
[2025-01-23T20:12:24.387+0000] {processor.py:154} INFO - Started process (PID=47720) to work on /home/airflow/.local/lib/python3.7/site-packages/airflow/example_dags/example_kubernetes_executor.py
[2025-01-23T20:12:24.391+0000] {processor.py:756} INFO - Processing file /home/airflow/.local/lib/python3.7/site-packages/airflow/example_dags/example_kubernetes_executor.py for tasks to queue
[2025-01-23T20:12:24.393+0000] {logging_mixin.py:120} INFO - [2025-01-23T20:12:24.393+0000] {dagbag.py:537} INFO - Filling up the DagBag from /home/airflow/.local/lib/python3.7/site-packages/airflow/example_dags/example_kubernetes_executor.py
[2025-01-23T20:12:24.516+0000] {processor.py:766} INFO - DAG(s) dict_keys(['example_kubernetes_executor']) retrieved from /home/airflow/.local/lib/python3.7/site-packages/airflow/example_dags/example_kubernetes_executor.py
[2025-01-23T20:12:24.680+0000] {logging_mixin.py:120} INFO - [2025-01-23T20:12:24.679+0000] {dag.py:2585} INFO - Sync 1 DAGs
[2025-01-23T20:12:24.788+0000] {logging_mixin.py:120} INFO - [2025-01-23T20:12:24.788+0000] {dag.py:3340} INFO - Setting next_dagrun for example_kubernetes_executor to None, run_after=None
[2025-01-23T20:12:24.857+0000] {processor.py:176} INFO - Processing /home/airflow/.local/lib/python3.7/site-packages/airflow/example_dags/example_kubernetes_executor.py took 0.481 seconds
