[2025-01-23T19:50:48.287+0000] {processor.py:154} INFO - Started process (PID=45339) to work on /home/airflow/.local/lib/python3.7/site-packages/airflow/example_dags/example_short_circuit_decorator.py
[2025-01-23T19:50:48.289+0000] {processor.py:756} INFO - Processing file /home/airflow/.local/lib/python3.7/site-packages/airflow/example_dags/example_short_circuit_decorator.py for tasks to queue
[2025-01-23T19:50:48.295+0000] {logging_mixin.py:120} INFO - [2025-01-23T19:50:48.291+0000] {dagbag.py:537} INFO - Filling up the DagBag from /home/airflow/.local/lib/python3.7/site-packages/airflow/example_dags/example_short_circuit_decorator.py
[2025-01-23T19:50:48.526+0000] {processor.py:766} INFO - DAG(s) dict_keys(['example_short_circuit_decorator']) retrieved from /home/airflow/.local/lib/python3.7/site-packages/airflow/example_dags/example_short_circuit_decorator.py
[2025-01-23T19:50:48.707+0000] {logging_mixin.py:120} INFO - [2025-01-23T19:50:48.707+0000] {dag.py:2585} INFO - Sync 1 DAGs
[2025-01-23T19:50:48.821+0000] {logging_mixin.py:120} INFO - [2025-01-23T19:50:48.820+0000] {dag.py:3340} INFO - Setting next_dagrun for example_short_circuit_decorator to 2025-01-22T19:50:48.820167+00:00, run_after=2025-01-23T19:50:48.820167+00:00
[2025-01-23T19:50:48.916+0000] {processor.py:176} INFO - Processing /home/airflow/.local/lib/python3.7/site-packages/airflow/example_dags/example_short_circuit_decorator.py took 0.648 seconds
[2025-01-23T19:51:21.655+0000] {processor.py:154} INFO - Started process (PID=45387) to work on /home/airflow/.local/lib/python3.7/site-packages/airflow/example_dags/example_short_circuit_decorator.py
[2025-01-23T19:51:21.657+0000] {processor.py:756} INFO - Processing file /home/airflow/.local/lib/python3.7/site-packages/airflow/example_dags/example_short_circuit_decorator.py for tasks to queue
[2025-01-23T19:51:21.659+0000] {logging_mixin.py:120} INFO - [2025-01-23T19:51:21.659+0000] {dagbag.py:537} INFO - Filling up the DagBag from /home/airflow/.local/lib/python3.7/site-packages/airflow/example_dags/example_short_circuit_decorator.py
[2025-01-23T19:51:21.881+0000] {processor.py:766} INFO - DAG(s) dict_keys(['example_short_circuit_decorator']) retrieved from /home/airflow/.local/lib/python3.7/site-packages/airflow/example_dags/example_short_circuit_decorator.py
[2025-01-23T19:51:22.130+0000] {logging_mixin.py:120} INFO - [2025-01-23T19:51:22.130+0000] {dag.py:2585} INFO - Sync 1 DAGs
[2025-01-23T19:51:22.268+0000] {logging_mixin.py:120} INFO - [2025-01-23T19:51:22.268+0000] {dag.py:3340} INFO - Setting next_dagrun for example_short_circuit_decorator to 2025-01-22T19:51:22.267885+00:00, run_after=2025-01-23T19:51:22.267885+00:00
[2025-01-23T19:51:22.407+0000] {processor.py:176} INFO - Processing /home/airflow/.local/lib/python3.7/site-packages/airflow/example_dags/example_short_circuit_decorator.py took 0.771 seconds
[2025-01-23T19:51:54.800+0000] {processor.py:154} INFO - Started process (PID=45441) to work on /home/airflow/.local/lib/python3.7/site-packages/airflow/example_dags/example_short_circuit_decorator.py
[2025-01-23T19:51:54.811+0000] {processor.py:756} INFO - Processing file /home/airflow/.local/lib/python3.7/site-packages/airflow/example_dags/example_short_circuit_decorator.py for tasks to queue
[2025-01-23T19:51:54.813+0000] {logging_mixin.py:120} INFO - [2025-01-23T19:51:54.813+0000] {dagbag.py:537} INFO - Filling up the DagBag from /home/airflow/.local/lib/python3.7/site-packages/airflow/example_dags/example_short_circuit_decorator.py
[2025-01-23T19:51:54.989+0000] {processor.py:766} INFO - DAG(s) dict_keys(['example_short_circuit_decorator']) retrieved from /home/airflow/.local/lib/python3.7/site-packages/airflow/example_dags/example_short_circuit_decorator.py
[2025-01-23T19:51:55.247+0000] {logging_mixin.py:120} INFO - [2025-01-23T19:51:55.247+0000] {dag.py:2585} INFO - Sync 1 DAGs
[2025-01-23T19:51:55.420+0000] {logging_mixin.py:120} INFO - [2025-01-23T19:51:55.420+0000] {dag.py:3340} INFO - Setting next_dagrun for example_short_circuit_decorator to 2025-01-22T19:51:55.419428+00:00, run_after=2025-01-23T19:51:55.419428+00:00
[2025-01-23T19:51:55.550+0000] {processor.py:176} INFO - Processing /home/airflow/.local/lib/python3.7/site-packages/airflow/example_dags/example_short_circuit_decorator.py took 0.767 seconds
[2025-01-23T19:52:26.023+0000] {processor.py:154} INFO - Started process (PID=45495) to work on /home/airflow/.local/lib/python3.7/site-packages/airflow/example_dags/example_short_circuit_decorator.py
[2025-01-23T19:52:26.036+0000] {processor.py:756} INFO - Processing file /home/airflow/.local/lib/python3.7/site-packages/airflow/example_dags/example_short_circuit_decorator.py for tasks to queue
[2025-01-23T19:52:26.038+0000] {logging_mixin.py:120} INFO - [2025-01-23T19:52:26.038+0000] {dagbag.py:537} INFO - Filling up the DagBag from /home/airflow/.local/lib/python3.7/site-packages/airflow/example_dags/example_short_circuit_decorator.py
[2025-01-23T19:52:26.249+0000] {processor.py:766} INFO - DAG(s) dict_keys(['example_short_circuit_decorator']) retrieved from /home/airflow/.local/lib/python3.7/site-packages/airflow/example_dags/example_short_circuit_decorator.py
[2025-01-23T19:52:26.458+0000] {logging_mixin.py:120} INFO - [2025-01-23T19:52:26.458+0000] {dag.py:2585} INFO - Sync 1 DAGs
[2025-01-23T19:52:26.666+0000] {logging_mixin.py:120} INFO - [2025-01-23T19:52:26.665+0000] {dag.py:3340} INFO - Setting next_dagrun for example_short_circuit_decorator to 2025-01-22T19:52:26.665290+00:00, run_after=2025-01-23T19:52:26.665290+00:00
[2025-01-23T19:52:26.776+0000] {processor.py:176} INFO - Processing /home/airflow/.local/lib/python3.7/site-packages/airflow/example_dags/example_short_circuit_decorator.py took 0.770 seconds
[2025-01-23T19:52:57.294+0000] {processor.py:154} INFO - Started process (PID=45549) to work on /home/airflow/.local/lib/python3.7/site-packages/airflow/example_dags/example_short_circuit_decorator.py
[2025-01-23T19:52:57.299+0000] {processor.py:756} INFO - Processing file /home/airflow/.local/lib/python3.7/site-packages/airflow/example_dags/example_short_circuit_decorator.py for tasks to queue
[2025-01-23T19:52:57.303+0000] {logging_mixin.py:120} INFO - [2025-01-23T19:52:57.302+0000] {dagbag.py:537} INFO - Filling up the DagBag from /home/airflow/.local/lib/python3.7/site-packages/airflow/example_dags/example_short_circuit_decorator.py
[2025-01-23T19:52:57.401+0000] {processor.py:766} INFO - DAG(s) dict_keys(['example_short_circuit_decorator']) retrieved from /home/airflow/.local/lib/python3.7/site-packages/airflow/example_dags/example_short_circuit_decorator.py
[2025-01-23T19:52:57.503+0000] {logging_mixin.py:120} INFO - [2025-01-23T19:52:57.502+0000] {dag.py:2585} INFO - Sync 1 DAGs
[2025-01-23T19:52:57.564+0000] {logging_mixin.py:120} INFO - [2025-01-23T19:52:57.564+0000] {dag.py:3340} INFO - Setting next_dagrun for example_short_circuit_decorator to 2025-01-22T19:52:57.563980+00:00, run_after=2025-01-23T19:52:57.563980+00:00
[2025-01-23T19:52:57.610+0000] {processor.py:176} INFO - Processing /home/airflow/.local/lib/python3.7/site-packages/airflow/example_dags/example_short_circuit_decorator.py took 0.334 seconds
[2025-01-23T19:53:28.052+0000] {processor.py:154} INFO - Started process (PID=45603) to work on /home/airflow/.local/lib/python3.7/site-packages/airflow/example_dags/example_short_circuit_decorator.py
[2025-01-23T19:53:28.054+0000] {processor.py:756} INFO - Processing file /home/airflow/.local/lib/python3.7/site-packages/airflow/example_dags/example_short_circuit_decorator.py for tasks to queue
[2025-01-23T19:53:28.056+0000] {logging_mixin.py:120} INFO - [2025-01-23T19:53:28.056+0000] {dagbag.py:537} INFO - Filling up the DagBag from /home/airflow/.local/lib/python3.7/site-packages/airflow/example_dags/example_short_circuit_decorator.py
[2025-01-23T19:53:28.098+0000] {processor.py:766} INFO - DAG(s) dict_keys(['example_short_circuit_decorator']) retrieved from /home/airflow/.local/lib/python3.7/site-packages/airflow/example_dags/example_short_circuit_decorator.py
[2025-01-23T19:53:28.174+0000] {logging_mixin.py:120} INFO - [2025-01-23T19:53:28.174+0000] {dag.py:2585} INFO - Sync 1 DAGs
[2025-01-23T19:53:28.223+0000] {logging_mixin.py:120} INFO - [2025-01-23T19:53:28.223+0000] {dag.py:3340} INFO - Setting next_dagrun for example_short_circuit_decorator to 2025-01-22T19:53:28.222747+00:00, run_after=2025-01-23T19:53:28.222747+00:00
[2025-01-23T19:53:28.258+0000] {processor.py:176} INFO - Processing /home/airflow/.local/lib/python3.7/site-packages/airflow/example_dags/example_short_circuit_decorator.py took 0.211 seconds
[2025-01-23T19:53:58.803+0000] {processor.py:154} INFO - Started process (PID=45666) to work on /home/airflow/.local/lib/python3.7/site-packages/airflow/example_dags/example_short_circuit_decorator.py
[2025-01-23T19:53:58.805+0000] {processor.py:756} INFO - Processing file /home/airflow/.local/lib/python3.7/site-packages/airflow/example_dags/example_short_circuit_decorator.py for tasks to queue
[2025-01-23T19:53:58.806+0000] {logging_mixin.py:120} INFO - [2025-01-23T19:53:58.806+0000] {dagbag.py:537} INFO - Filling up the DagBag from /home/airflow/.local/lib/python3.7/site-packages/airflow/example_dags/example_short_circuit_decorator.py
[2025-01-23T19:53:58.852+0000] {processor.py:766} INFO - DAG(s) dict_keys(['example_short_circuit_decorator']) retrieved from /home/airflow/.local/lib/python3.7/site-packages/airflow/example_dags/example_short_circuit_decorator.py
[2025-01-23T19:53:58.942+0000] {logging_mixin.py:120} INFO - [2025-01-23T19:53:58.942+0000] {dag.py:2585} INFO - Sync 1 DAGs
[2025-01-23T19:53:59.000+0000] {logging_mixin.py:120} INFO - [2025-01-23T19:53:59.000+0000] {dag.py:3340} INFO - Setting next_dagrun for example_short_circuit_decorator to 2025-01-22T19:53:58.999647+00:00, run_after=2025-01-23T19:53:58.999647+00:00
[2025-01-23T19:53:59.045+0000] {processor.py:176} INFO - Processing /home/airflow/.local/lib/python3.7/site-packages/airflow/example_dags/example_short_circuit_decorator.py took 0.248 seconds
[2025-01-23T19:54:29.506+0000] {processor.py:154} INFO - Started process (PID=45720) to work on /home/airflow/.local/lib/python3.7/site-packages/airflow/example_dags/example_short_circuit_decorator.py
[2025-01-23T19:54:29.508+0000] {processor.py:756} INFO - Processing file /home/airflow/.local/lib/python3.7/site-packages/airflow/example_dags/example_short_circuit_decorator.py for tasks to queue
[2025-01-23T19:54:29.512+0000] {logging_mixin.py:120} INFO - [2025-01-23T19:54:29.512+0000] {dagbag.py:537} INFO - Filling up the DagBag from /home/airflow/.local/lib/python3.7/site-packages/airflow/example_dags/example_short_circuit_decorator.py
[2025-01-23T19:54:29.568+0000] {processor.py:766} INFO - DAG(s) dict_keys(['example_short_circuit_decorator']) retrieved from /home/airflow/.local/lib/python3.7/site-packages/airflow/example_dags/example_short_circuit_decorator.py
[2025-01-23T19:54:29.693+0000] {logging_mixin.py:120} INFO - [2025-01-23T19:54:29.693+0000] {dag.py:2585} INFO - Sync 1 DAGs
[2025-01-23T19:54:29.795+0000] {logging_mixin.py:120} INFO - [2025-01-23T19:54:29.795+0000] {dag.py:3340} INFO - Setting next_dagrun for example_short_circuit_decorator to 2025-01-22T19:54:29.795002+00:00, run_after=2025-01-23T19:54:29.795002+00:00
[2025-01-23T19:54:29.870+0000] {processor.py:176} INFO - Processing /home/airflow/.local/lib/python3.7/site-packages/airflow/example_dags/example_short_circuit_decorator.py took 0.375 seconds
[2025-01-23T19:55:00.337+0000] {processor.py:154} INFO - Started process (PID=45774) to work on /home/airflow/.local/lib/python3.7/site-packages/airflow/example_dags/example_short_circuit_decorator.py
[2025-01-23T19:55:00.339+0000] {processor.py:756} INFO - Processing file /home/airflow/.local/lib/python3.7/site-packages/airflow/example_dags/example_short_circuit_decorator.py for tasks to queue
[2025-01-23T19:55:00.341+0000] {logging_mixin.py:120} INFO - [2025-01-23T19:55:00.340+0000] {dagbag.py:537} INFO - Filling up the DagBag from /home/airflow/.local/lib/python3.7/site-packages/airflow/example_dags/example_short_circuit_decorator.py
[2025-01-23T19:55:00.392+0000] {processor.py:766} INFO - DAG(s) dict_keys(['example_short_circuit_decorator']) retrieved from /home/airflow/.local/lib/python3.7/site-packages/airflow/example_dags/example_short_circuit_decorator.py
[2025-01-23T19:55:00.471+0000] {logging_mixin.py:120} INFO - [2025-01-23T19:55:00.470+0000] {dag.py:2585} INFO - Sync 1 DAGs
[2025-01-23T19:55:00.517+0000] {logging_mixin.py:120} INFO - [2025-01-23T19:55:00.516+0000] {dag.py:3340} INFO - Setting next_dagrun for example_short_circuit_decorator to 2025-01-22T19:55:00.516434+00:00, run_after=2025-01-23T19:55:00.516434+00:00
[2025-01-23T19:55:00.555+0000] {processor.py:176} INFO - Processing /home/airflow/.local/lib/python3.7/site-packages/airflow/example_dags/example_short_circuit_decorator.py took 0.223 seconds
[2025-01-23T19:55:31.198+0000] {processor.py:154} INFO - Started process (PID=45838) to work on /home/airflow/.local/lib/python3.7/site-packages/airflow/example_dags/example_short_circuit_decorator.py
[2025-01-23T19:55:31.201+0000] {processor.py:756} INFO - Processing file /home/airflow/.local/lib/python3.7/site-packages/airflow/example_dags/example_short_circuit_decorator.py for tasks to queue
[2025-01-23T19:55:31.203+0000] {logging_mixin.py:120} INFO - [2025-01-23T19:55:31.203+0000] {dagbag.py:537} INFO - Filling up the DagBag from /home/airflow/.local/lib/python3.7/site-packages/airflow/example_dags/example_short_circuit_decorator.py
[2025-01-23T19:55:31.264+0000] {processor.py:766} INFO - DAG(s) dict_keys(['example_short_circuit_decorator']) retrieved from /home/airflow/.local/lib/python3.7/site-packages/airflow/example_dags/example_short_circuit_decorator.py
[2025-01-23T19:55:31.354+0000] {logging_mixin.py:120} INFO - [2025-01-23T19:55:31.354+0000] {dag.py:2585} INFO - Sync 1 DAGs
[2025-01-23T19:55:31.409+0000] {logging_mixin.py:120} INFO - [2025-01-23T19:55:31.409+0000] {dag.py:3340} INFO - Setting next_dagrun for example_short_circuit_decorator to 2025-01-22T19:55:31.409345+00:00, run_after=2025-01-23T19:55:31.409345+00:00
[2025-01-23T19:55:31.450+0000] {processor.py:176} INFO - Processing /home/airflow/.local/lib/python3.7/site-packages/airflow/example_dags/example_short_circuit_decorator.py took 0.257 seconds
[2025-01-23T19:56:05.211+0000] {processor.py:154} INFO - Started process (PID=45892) to work on /home/airflow/.local/lib/python3.7/site-packages/airflow/example_dags/example_short_circuit_decorator.py
[2025-01-23T19:56:05.215+0000] {processor.py:756} INFO - Processing file /home/airflow/.local/lib/python3.7/site-packages/airflow/example_dags/example_short_circuit_decorator.py for tasks to queue
[2025-01-23T19:56:05.216+0000] {logging_mixin.py:120} INFO - [2025-01-23T19:56:05.216+0000] {dagbag.py:537} INFO - Filling up the DagBag from /home/airflow/.local/lib/python3.7/site-packages/airflow/example_dags/example_short_circuit_decorator.py
[2025-01-23T19:56:05.385+0000] {processor.py:766} INFO - DAG(s) dict_keys(['example_short_circuit_decorator']) retrieved from /home/airflow/.local/lib/python3.7/site-packages/airflow/example_dags/example_short_circuit_decorator.py
[2025-01-23T19:56:05.645+0000] {logging_mixin.py:120} INFO - [2025-01-23T19:56:05.645+0000] {dag.py:2585} INFO - Sync 1 DAGs
[2025-01-23T19:56:05.758+0000] {logging_mixin.py:120} INFO - [2025-01-23T19:56:05.758+0000] {dag.py:3340} INFO - Setting next_dagrun for example_short_circuit_decorator to 2025-01-22T19:56:05.757871+00:00, run_after=2025-01-23T19:56:05.757871+00:00
[2025-01-23T19:56:05.863+0000] {processor.py:176} INFO - Processing /home/airflow/.local/lib/python3.7/site-packages/airflow/example_dags/example_short_circuit_decorator.py took 0.670 seconds
[2025-01-23T19:56:36.144+0000] {processor.py:154} INFO - Started process (PID=45946) to work on /home/airflow/.local/lib/python3.7/site-packages/airflow/example_dags/example_short_circuit_decorator.py
[2025-01-23T19:56:36.146+0000] {processor.py:756} INFO - Processing file /home/airflow/.local/lib/python3.7/site-packages/airflow/example_dags/example_short_circuit_decorator.py for tasks to queue
[2025-01-23T19:56:36.149+0000] {logging_mixin.py:120} INFO - [2025-01-23T19:56:36.147+0000] {dagbag.py:537} INFO - Filling up the DagBag from /home/airflow/.local/lib/python3.7/site-packages/airflow/example_dags/example_short_circuit_decorator.py
[2025-01-23T19:56:36.200+0000] {processor.py:766} INFO - DAG(s) dict_keys(['example_short_circuit_decorator']) retrieved from /home/airflow/.local/lib/python3.7/site-packages/airflow/example_dags/example_short_circuit_decorator.py
[2025-01-23T19:56:36.287+0000] {logging_mixin.py:120} INFO - [2025-01-23T19:56:36.287+0000] {dag.py:2585} INFO - Sync 1 DAGs
[2025-01-23T19:56:36.331+0000] {logging_mixin.py:120} INFO - [2025-01-23T19:56:36.331+0000] {dag.py:3340} INFO - Setting next_dagrun for example_short_circuit_decorator to 2025-01-22T19:56:36.331156+00:00, run_after=2025-01-23T19:56:36.331156+00:00
[2025-01-23T19:56:36.368+0000] {processor.py:176} INFO - Processing /home/airflow/.local/lib/python3.7/site-packages/airflow/example_dags/example_short_circuit_decorator.py took 0.229 seconds
[2025-01-23T19:57:06.843+0000] {processor.py:154} INFO - Started process (PID=46000) to work on /home/airflow/.local/lib/python3.7/site-packages/airflow/example_dags/example_short_circuit_decorator.py
[2025-01-23T19:57:06.845+0000] {processor.py:756} INFO - Processing file /home/airflow/.local/lib/python3.7/site-packages/airflow/example_dags/example_short_circuit_decorator.py for tasks to queue
[2025-01-23T19:57:06.847+0000] {logging_mixin.py:120} INFO - [2025-01-23T19:57:06.846+0000] {dagbag.py:537} INFO - Filling up the DagBag from /home/airflow/.local/lib/python3.7/site-packages/airflow/example_dags/example_short_circuit_decorator.py
[2025-01-23T19:57:06.917+0000] {processor.py:766} INFO - DAG(s) dict_keys(['example_short_circuit_decorator']) retrieved from /home/airflow/.local/lib/python3.7/site-packages/airflow/example_dags/example_short_circuit_decorator.py
[2025-01-23T19:57:07.001+0000] {logging_mixin.py:120} INFO - [2025-01-23T19:57:07.001+0000] {dag.py:2585} INFO - Sync 1 DAGs
[2025-01-23T19:57:07.052+0000] {logging_mixin.py:120} INFO - [2025-01-23T19:57:07.052+0000] {dag.py:3340} INFO - Setting next_dagrun for example_short_circuit_decorator to 2025-01-22T19:57:07.052205+00:00, run_after=2025-01-23T19:57:07.052205+00:00
[2025-01-23T19:57:07.090+0000] {processor.py:176} INFO - Processing /home/airflow/.local/lib/python3.7/site-packages/airflow/example_dags/example_short_circuit_decorator.py took 0.259 seconds
[2025-01-23T19:57:37.753+0000] {processor.py:154} INFO - Started process (PID=46063) to work on /home/airflow/.local/lib/python3.7/site-packages/airflow/example_dags/example_short_circuit_decorator.py
[2025-01-23T19:57:37.755+0000] {processor.py:756} INFO - Processing file /home/airflow/.local/lib/python3.7/site-packages/airflow/example_dags/example_short_circuit_decorator.py for tasks to queue
[2025-01-23T19:57:37.757+0000] {logging_mixin.py:120} INFO - [2025-01-23T19:57:37.757+0000] {dagbag.py:537} INFO - Filling up the DagBag from /home/airflow/.local/lib/python3.7/site-packages/airflow/example_dags/example_short_circuit_decorator.py
[2025-01-23T19:57:37.826+0000] {processor.py:766} INFO - DAG(s) dict_keys(['example_short_circuit_decorator']) retrieved from /home/airflow/.local/lib/python3.7/site-packages/airflow/example_dags/example_short_circuit_decorator.py
[2025-01-23T19:57:37.926+0000] {logging_mixin.py:120} INFO - [2025-01-23T19:57:37.926+0000] {dag.py:2585} INFO - Sync 1 DAGs
[2025-01-23T19:57:37.985+0000] {logging_mixin.py:120} INFO - [2025-01-23T19:57:37.984+0000] {dag.py:3340} INFO - Setting next_dagrun for example_short_circuit_decorator to 2025-01-22T19:57:37.984118+00:00, run_after=2025-01-23T19:57:37.984118+00:00
[2025-01-23T19:57:38.053+0000] {processor.py:176} INFO - Processing /home/airflow/.local/lib/python3.7/site-packages/airflow/example_dags/example_short_circuit_decorator.py took 0.310 seconds
[2025-01-23T19:58:08.286+0000] {processor.py:154} INFO - Started process (PID=46117) to work on /home/airflow/.local/lib/python3.7/site-packages/airflow/example_dags/example_short_circuit_decorator.py
[2025-01-23T19:58:08.288+0000] {processor.py:756} INFO - Processing file /home/airflow/.local/lib/python3.7/site-packages/airflow/example_dags/example_short_circuit_decorator.py for tasks to queue
[2025-01-23T19:58:08.291+0000] {logging_mixin.py:120} INFO - [2025-01-23T19:58:08.290+0000] {dagbag.py:537} INFO - Filling up the DagBag from /home/airflow/.local/lib/python3.7/site-packages/airflow/example_dags/example_short_circuit_decorator.py
[2025-01-23T19:58:08.365+0000] {processor.py:766} INFO - DAG(s) dict_keys(['example_short_circuit_decorator']) retrieved from /home/airflow/.local/lib/python3.7/site-packages/airflow/example_dags/example_short_circuit_decorator.py
[2025-01-23T19:58:08.479+0000] {logging_mixin.py:120} INFO - [2025-01-23T19:58:08.479+0000] {dag.py:2585} INFO - Sync 1 DAGs
[2025-01-23T19:58:08.531+0000] {logging_mixin.py:120} INFO - [2025-01-23T19:58:08.531+0000] {dag.py:3340} INFO - Setting next_dagrun for example_short_circuit_decorator to 2025-01-22T19:58:08.530882+00:00, run_after=2025-01-23T19:58:08.530882+00:00
[2025-01-23T19:58:08.573+0000] {processor.py:176} INFO - Processing /home/airflow/.local/lib/python3.7/site-packages/airflow/example_dags/example_short_circuit_decorator.py took 0.295 seconds
[2025-01-23T19:58:39.316+0000] {processor.py:154} INFO - Started process (PID=46171) to work on /home/airflow/.local/lib/python3.7/site-packages/airflow/example_dags/example_short_circuit_decorator.py
[2025-01-23T19:58:39.318+0000] {processor.py:756} INFO - Processing file /home/airflow/.local/lib/python3.7/site-packages/airflow/example_dags/example_short_circuit_decorator.py for tasks to queue
[2025-01-23T19:58:39.322+0000] {logging_mixin.py:120} INFO - [2025-01-23T19:58:39.321+0000] {dagbag.py:537} INFO - Filling up the DagBag from /home/airflow/.local/lib/python3.7/site-packages/airflow/example_dags/example_short_circuit_decorator.py
[2025-01-23T19:58:39.392+0000] {processor.py:766} INFO - DAG(s) dict_keys(['example_short_circuit_decorator']) retrieved from /home/airflow/.local/lib/python3.7/site-packages/airflow/example_dags/example_short_circuit_decorator.py
[2025-01-23T19:58:39.477+0000] {logging_mixin.py:120} INFO - [2025-01-23T19:58:39.477+0000] {dag.py:2585} INFO - Sync 1 DAGs
[2025-01-23T19:58:39.534+0000] {logging_mixin.py:120} INFO - [2025-01-23T19:58:39.534+0000] {dag.py:3340} INFO - Setting next_dagrun for example_short_circuit_decorator to 2025-01-22T19:58:39.533530+00:00, run_after=2025-01-23T19:58:39.533530+00:00
[2025-01-23T19:58:39.580+0000] {processor.py:176} INFO - Processing /home/airflow/.local/lib/python3.7/site-packages/airflow/example_dags/example_short_circuit_decorator.py took 0.272 seconds
[2025-01-23T19:59:10.179+0000] {processor.py:154} INFO - Started process (PID=46225) to work on /home/airflow/.local/lib/python3.7/site-packages/airflow/example_dags/example_short_circuit_decorator.py
[2025-01-23T19:59:10.182+0000] {processor.py:756} INFO - Processing file /home/airflow/.local/lib/python3.7/site-packages/airflow/example_dags/example_short_circuit_decorator.py for tasks to queue
[2025-01-23T19:59:10.183+0000] {logging_mixin.py:120} INFO - [2025-01-23T19:59:10.183+0000] {dagbag.py:537} INFO - Filling up the DagBag from /home/airflow/.local/lib/python3.7/site-packages/airflow/example_dags/example_short_circuit_decorator.py
[2025-01-23T19:59:10.238+0000] {processor.py:766} INFO - DAG(s) dict_keys(['example_short_circuit_decorator']) retrieved from /home/airflow/.local/lib/python3.7/site-packages/airflow/example_dags/example_short_circuit_decorator.py
[2025-01-23T19:59:10.378+0000] {logging_mixin.py:120} INFO - [2025-01-23T19:59:10.378+0000] {dag.py:2585} INFO - Sync 1 DAGs
[2025-01-23T19:59:10.439+0000] {logging_mixin.py:120} INFO - [2025-01-23T19:59:10.439+0000] {dag.py:3340} INFO - Setting next_dagrun for example_short_circuit_decorator to 2025-01-22T19:59:10.439040+00:00, run_after=2025-01-23T19:59:10.439040+00:00
[2025-01-23T19:59:10.481+0000] {processor.py:176} INFO - Processing /home/airflow/.local/lib/python3.7/site-packages/airflow/example_dags/example_short_circuit_decorator.py took 0.309 seconds
[2025-01-23T19:59:40.742+0000] {processor.py:154} INFO - Started process (PID=46288) to work on /home/airflow/.local/lib/python3.7/site-packages/airflow/example_dags/example_short_circuit_decorator.py
[2025-01-23T19:59:40.744+0000] {processor.py:756} INFO - Processing file /home/airflow/.local/lib/python3.7/site-packages/airflow/example_dags/example_short_circuit_decorator.py for tasks to queue
[2025-01-23T19:59:40.745+0000] {logging_mixin.py:120} INFO - [2025-01-23T19:59:40.745+0000] {dagbag.py:537} INFO - Filling up the DagBag from /home/airflow/.local/lib/python3.7/site-packages/airflow/example_dags/example_short_circuit_decorator.py
[2025-01-23T19:59:40.790+0000] {processor.py:766} INFO - DAG(s) dict_keys(['example_short_circuit_decorator']) retrieved from /home/airflow/.local/lib/python3.7/site-packages/airflow/example_dags/example_short_circuit_decorator.py
[2025-01-23T19:59:40.864+0000] {logging_mixin.py:120} INFO - [2025-01-23T19:59:40.864+0000] {dag.py:2585} INFO - Sync 1 DAGs
[2025-01-23T19:59:40.914+0000] {logging_mixin.py:120} INFO - [2025-01-23T19:59:40.914+0000] {dag.py:3340} INFO - Setting next_dagrun for example_short_circuit_decorator to 2025-01-22T19:59:40.913770+00:00, run_after=2025-01-23T19:59:40.913770+00:00
[2025-01-23T19:59:40.952+0000] {processor.py:176} INFO - Processing /home/airflow/.local/lib/python3.7/site-packages/airflow/example_dags/example_short_circuit_decorator.py took 0.215 seconds
[2025-01-23T20:00:11.078+0000] {processor.py:154} INFO - Started process (PID=46343) to work on /home/airflow/.local/lib/python3.7/site-packages/airflow/example_dags/example_short_circuit_decorator.py
[2025-01-23T20:00:11.080+0000] {processor.py:756} INFO - Processing file /home/airflow/.local/lib/python3.7/site-packages/airflow/example_dags/example_short_circuit_decorator.py for tasks to queue
[2025-01-23T20:00:11.082+0000] {logging_mixin.py:120} INFO - [2025-01-23T20:00:11.082+0000] {dagbag.py:537} INFO - Filling up the DagBag from /home/airflow/.local/lib/python3.7/site-packages/airflow/example_dags/example_short_circuit_decorator.py
[2025-01-23T20:00:11.135+0000] {processor.py:766} INFO - DAG(s) dict_keys(['example_short_circuit_decorator']) retrieved from /home/airflow/.local/lib/python3.7/site-packages/airflow/example_dags/example_short_circuit_decorator.py
[2025-01-23T20:00:11.211+0000] {logging_mixin.py:120} INFO - [2025-01-23T20:00:11.210+0000] {dag.py:2585} INFO - Sync 1 DAGs
[2025-01-23T20:00:11.257+0000] {logging_mixin.py:120} INFO - [2025-01-23T20:00:11.257+0000] {dag.py:3340} INFO - Setting next_dagrun for example_short_circuit_decorator to 2025-01-22T20:00:11.256658+00:00, run_after=2025-01-23T20:00:11.256658+00:00
[2025-01-23T20:00:11.299+0000] {processor.py:176} INFO - Processing /home/airflow/.local/lib/python3.7/site-packages/airflow/example_dags/example_short_circuit_decorator.py took 0.227 seconds
[2025-01-23T20:00:41.537+0000] {processor.py:154} INFO - Started process (PID=46406) to work on /home/airflow/.local/lib/python3.7/site-packages/airflow/example_dags/example_short_circuit_decorator.py
[2025-01-23T20:00:41.540+0000] {processor.py:756} INFO - Processing file /home/airflow/.local/lib/python3.7/site-packages/airflow/example_dags/example_short_circuit_decorator.py for tasks to queue
[2025-01-23T20:00:41.542+0000] {logging_mixin.py:120} INFO - [2025-01-23T20:00:41.542+0000] {dagbag.py:537} INFO - Filling up the DagBag from /home/airflow/.local/lib/python3.7/site-packages/airflow/example_dags/example_short_circuit_decorator.py
[2025-01-23T20:00:41.596+0000] {processor.py:766} INFO - DAG(s) dict_keys(['example_short_circuit_decorator']) retrieved from /home/airflow/.local/lib/python3.7/site-packages/airflow/example_dags/example_short_circuit_decorator.py
[2025-01-23T20:00:41.700+0000] {logging_mixin.py:120} INFO - [2025-01-23T20:00:41.700+0000] {dag.py:2585} INFO - Sync 1 DAGs
[2025-01-23T20:00:41.763+0000] {logging_mixin.py:120} INFO - [2025-01-23T20:00:41.763+0000] {dag.py:3340} INFO - Setting next_dagrun for example_short_circuit_decorator to 2025-01-22T20:00:41.763403+00:00, run_after=2025-01-23T20:00:41.763403+00:00
[2025-01-23T20:00:41.810+0000] {processor.py:176} INFO - Processing /home/airflow/.local/lib/python3.7/site-packages/airflow/example_dags/example_short_circuit_decorator.py took 0.281 seconds
[2025-01-23T20:01:12.579+0000] {processor.py:154} INFO - Started process (PID=46461) to work on /home/airflow/.local/lib/python3.7/site-packages/airflow/example_dags/example_short_circuit_decorator.py
[2025-01-23T20:01:12.581+0000] {processor.py:756} INFO - Processing file /home/airflow/.local/lib/python3.7/site-packages/airflow/example_dags/example_short_circuit_decorator.py for tasks to queue
[2025-01-23T20:01:12.583+0000] {logging_mixin.py:120} INFO - [2025-01-23T20:01:12.583+0000] {dagbag.py:537} INFO - Filling up the DagBag from /home/airflow/.local/lib/python3.7/site-packages/airflow/example_dags/example_short_circuit_decorator.py
[2025-01-23T20:01:12.644+0000] {processor.py:766} INFO - DAG(s) dict_keys(['example_short_circuit_decorator']) retrieved from /home/airflow/.local/lib/python3.7/site-packages/airflow/example_dags/example_short_circuit_decorator.py
[2025-01-23T20:01:12.742+0000] {logging_mixin.py:120} INFO - [2025-01-23T20:01:12.742+0000] {dag.py:2585} INFO - Sync 1 DAGs
[2025-01-23T20:01:12.801+0000] {logging_mixin.py:120} INFO - [2025-01-23T20:01:12.800+0000] {dag.py:3340} INFO - Setting next_dagrun for example_short_circuit_decorator to 2025-01-22T20:01:12.800259+00:00, run_after=2025-01-23T20:01:12.800259+00:00
[2025-01-23T20:01:12.849+0000] {processor.py:176} INFO - Processing /home/airflow/.local/lib/python3.7/site-packages/airflow/example_dags/example_short_circuit_decorator.py took 0.277 seconds
[2025-01-23T20:01:43.182+0000] {processor.py:154} INFO - Started process (PID=46516) to work on /home/airflow/.local/lib/python3.7/site-packages/airflow/example_dags/example_short_circuit_decorator.py
[2025-01-23T20:01:43.183+0000] {processor.py:756} INFO - Processing file /home/airflow/.local/lib/python3.7/site-packages/airflow/example_dags/example_short_circuit_decorator.py for tasks to queue
[2025-01-23T20:01:43.185+0000] {logging_mixin.py:120} INFO - [2025-01-23T20:01:43.185+0000] {dagbag.py:537} INFO - Filling up the DagBag from /home/airflow/.local/lib/python3.7/site-packages/airflow/example_dags/example_short_circuit_decorator.py
[2025-01-23T20:01:43.230+0000] {processor.py:766} INFO - DAG(s) dict_keys(['example_short_circuit_decorator']) retrieved from /home/airflow/.local/lib/python3.7/site-packages/airflow/example_dags/example_short_circuit_decorator.py
[2025-01-23T20:01:43.306+0000] {logging_mixin.py:120} INFO - [2025-01-23T20:01:43.305+0000] {dag.py:2585} INFO - Sync 1 DAGs
[2025-01-23T20:01:43.350+0000] {logging_mixin.py:120} INFO - [2025-01-23T20:01:43.350+0000] {dag.py:3340} INFO - Setting next_dagrun for example_short_circuit_decorator to 2025-01-22T20:01:43.350103+00:00, run_after=2025-01-23T20:01:43.350103+00:00
[2025-01-23T20:01:43.390+0000] {processor.py:176} INFO - Processing /home/airflow/.local/lib/python3.7/site-packages/airflow/example_dags/example_short_circuit_decorator.py took 0.214 seconds
[2025-01-23T20:02:13.471+0000] {processor.py:154} INFO - Started process (PID=46579) to work on /home/airflow/.local/lib/python3.7/site-packages/airflow/example_dags/example_short_circuit_decorator.py
[2025-01-23T20:02:13.473+0000] {processor.py:756} INFO - Processing file /home/airflow/.local/lib/python3.7/site-packages/airflow/example_dags/example_short_circuit_decorator.py for tasks to queue
[2025-01-23T20:02:13.474+0000] {logging_mixin.py:120} INFO - [2025-01-23T20:02:13.474+0000] {dagbag.py:537} INFO - Filling up the DagBag from /home/airflow/.local/lib/python3.7/site-packages/airflow/example_dags/example_short_circuit_decorator.py
[2025-01-23T20:02:13.521+0000] {processor.py:766} INFO - DAG(s) dict_keys(['example_short_circuit_decorator']) retrieved from /home/airflow/.local/lib/python3.7/site-packages/airflow/example_dags/example_short_circuit_decorator.py
[2025-01-23T20:02:13.601+0000] {logging_mixin.py:120} INFO - [2025-01-23T20:02:13.601+0000] {dag.py:2585} INFO - Sync 1 DAGs
[2025-01-23T20:02:13.658+0000] {logging_mixin.py:120} INFO - [2025-01-23T20:02:13.658+0000] {dag.py:3340} INFO - Setting next_dagrun for example_short_circuit_decorator to 2025-01-22T20:02:13.657674+00:00, run_after=2025-01-23T20:02:13.657674+00:00
[2025-01-23T20:02:13.700+0000] {processor.py:176} INFO - Processing /home/airflow/.local/lib/python3.7/site-packages/airflow/example_dags/example_short_circuit_decorator.py took 0.236 seconds
[2025-01-23T20:02:43.884+0000] {processor.py:154} INFO - Started process (PID=46632) to work on /home/airflow/.local/lib/python3.7/site-packages/airflow/example_dags/example_short_circuit_decorator.py
[2025-01-23T20:02:43.886+0000] {processor.py:756} INFO - Processing file /home/airflow/.local/lib/python3.7/site-packages/airflow/example_dags/example_short_circuit_decorator.py for tasks to queue
[2025-01-23T20:02:43.888+0000] {logging_mixin.py:120} INFO - [2025-01-23T20:02:43.888+0000] {dagbag.py:537} INFO - Filling up the DagBag from /home/airflow/.local/lib/python3.7/site-packages/airflow/example_dags/example_short_circuit_decorator.py
[2025-01-23T20:02:43.936+0000] {processor.py:766} INFO - DAG(s) dict_keys(['example_short_circuit_decorator']) retrieved from /home/airflow/.local/lib/python3.7/site-packages/airflow/example_dags/example_short_circuit_decorator.py
[2025-01-23T20:02:44.017+0000] {logging_mixin.py:120} INFO - [2025-01-23T20:02:44.016+0000] {dag.py:2585} INFO - Sync 1 DAGs
[2025-01-23T20:02:44.063+0000] {logging_mixin.py:120} INFO - [2025-01-23T20:02:44.063+0000] {dag.py:3340} INFO - Setting next_dagrun for example_short_circuit_decorator to 2025-01-22T20:02:44.063309+00:00, run_after=2025-01-23T20:02:44.063309+00:00
[2025-01-23T20:02:44.100+0000] {processor.py:176} INFO - Processing /home/airflow/.local/lib/python3.7/site-packages/airflow/example_dags/example_short_circuit_decorator.py took 0.223 seconds
[2025-01-23T20:03:14.441+0000] {processor.py:154} INFO - Started process (PID=46695) to work on /home/airflow/.local/lib/python3.7/site-packages/airflow/example_dags/example_short_circuit_decorator.py
[2025-01-23T20:03:14.442+0000] {processor.py:756} INFO - Processing file /home/airflow/.local/lib/python3.7/site-packages/airflow/example_dags/example_short_circuit_decorator.py for tasks to queue
[2025-01-23T20:03:14.444+0000] {logging_mixin.py:120} INFO - [2025-01-23T20:03:14.444+0000] {dagbag.py:537} INFO - Filling up the DagBag from /home/airflow/.local/lib/python3.7/site-packages/airflow/example_dags/example_short_circuit_decorator.py
[2025-01-23T20:03:14.489+0000] {processor.py:766} INFO - DAG(s) dict_keys(['example_short_circuit_decorator']) retrieved from /home/airflow/.local/lib/python3.7/site-packages/airflow/example_dags/example_short_circuit_decorator.py
[2025-01-23T20:03:14.563+0000] {logging_mixin.py:120} INFO - [2025-01-23T20:03:14.563+0000] {dag.py:2585} INFO - Sync 1 DAGs
[2025-01-23T20:03:14.614+0000] {logging_mixin.py:120} INFO - [2025-01-23T20:03:14.614+0000] {dag.py:3340} INFO - Setting next_dagrun for example_short_circuit_decorator to 2025-01-22T20:03:14.613614+00:00, run_after=2025-01-23T20:03:14.613614+00:00
[2025-01-23T20:03:14.651+0000] {processor.py:176} INFO - Processing /home/airflow/.local/lib/python3.7/site-packages/airflow/example_dags/example_short_circuit_decorator.py took 0.215 seconds
[2025-01-23T20:03:45.536+0000] {processor.py:154} INFO - Started process (PID=46749) to work on /home/airflow/.local/lib/python3.7/site-packages/airflow/example_dags/example_short_circuit_decorator.py
[2025-01-23T20:03:45.538+0000] {processor.py:756} INFO - Processing file /home/airflow/.local/lib/python3.7/site-packages/airflow/example_dags/example_short_circuit_decorator.py for tasks to queue
[2025-01-23T20:03:45.540+0000] {logging_mixin.py:120} INFO - [2025-01-23T20:03:45.539+0000] {dagbag.py:537} INFO - Filling up the DagBag from /home/airflow/.local/lib/python3.7/site-packages/airflow/example_dags/example_short_circuit_decorator.py
[2025-01-23T20:03:45.586+0000] {processor.py:766} INFO - DAG(s) dict_keys(['example_short_circuit_decorator']) retrieved from /home/airflow/.local/lib/python3.7/site-packages/airflow/example_dags/example_short_circuit_decorator.py
[2025-01-23T20:03:45.659+0000] {logging_mixin.py:120} INFO - [2025-01-23T20:03:45.658+0000] {dag.py:2585} INFO - Sync 1 DAGs
[2025-01-23T20:03:45.699+0000] {logging_mixin.py:120} INFO - [2025-01-23T20:03:45.699+0000] {dag.py:3340} INFO - Setting next_dagrun for example_short_circuit_decorator to 2025-01-22T20:03:45.699100+00:00, run_after=2025-01-23T20:03:45.699100+00:00
[2025-01-23T20:03:45.734+0000] {processor.py:176} INFO - Processing /home/airflow/.local/lib/python3.7/site-packages/airflow/example_dags/example_short_circuit_decorator.py took 0.205 seconds
[2025-01-23T20:04:16.933+0000] {processor.py:154} INFO - Started process (PID=46810) to work on /home/airflow/.local/lib/python3.7/site-packages/airflow/example_dags/example_short_circuit_decorator.py
[2025-01-23T20:04:16.935+0000] {processor.py:756} INFO - Processing file /home/airflow/.local/lib/python3.7/site-packages/airflow/example_dags/example_short_circuit_decorator.py for tasks to queue
[2025-01-23T20:04:16.937+0000] {logging_mixin.py:120} INFO - [2025-01-23T20:04:16.937+0000] {dagbag.py:537} INFO - Filling up the DagBag from /home/airflow/.local/lib/python3.7/site-packages/airflow/example_dags/example_short_circuit_decorator.py
[2025-01-23T20:04:17.005+0000] {processor.py:766} INFO - DAG(s) dict_keys(['example_short_circuit_decorator']) retrieved from /home/airflow/.local/lib/python3.7/site-packages/airflow/example_dags/example_short_circuit_decorator.py
[2025-01-23T20:04:17.109+0000] {logging_mixin.py:120} INFO - [2025-01-23T20:04:17.109+0000] {dag.py:2585} INFO - Sync 1 DAGs
[2025-01-23T20:04:17.178+0000] {logging_mixin.py:120} INFO - [2025-01-23T20:04:17.178+0000] {dag.py:3340} INFO - Setting next_dagrun for example_short_circuit_decorator to 2025-01-22T20:04:17.177895+00:00, run_after=2025-01-23T20:04:17.177895+00:00
[2025-01-23T20:04:17.232+0000] {processor.py:176} INFO - Processing /home/airflow/.local/lib/python3.7/site-packages/airflow/example_dags/example_short_circuit_decorator.py took 0.307 seconds
[2025-01-23T20:04:48.343+0000] {processor.py:154} INFO - Started process (PID=46867) to work on /home/airflow/.local/lib/python3.7/site-packages/airflow/example_dags/example_short_circuit_decorator.py
[2025-01-23T20:04:48.347+0000] {processor.py:756} INFO - Processing file /home/airflow/.local/lib/python3.7/site-packages/airflow/example_dags/example_short_circuit_decorator.py for tasks to queue
[2025-01-23T20:04:48.351+0000] {logging_mixin.py:120} INFO - [2025-01-23T20:04:48.350+0000] {dagbag.py:537} INFO - Filling up the DagBag from /home/airflow/.local/lib/python3.7/site-packages/airflow/example_dags/example_short_circuit_decorator.py
[2025-01-23T20:04:48.497+0000] {processor.py:766} INFO - DAG(s) dict_keys(['example_short_circuit_decorator']) retrieved from /home/airflow/.local/lib/python3.7/site-packages/airflow/example_dags/example_short_circuit_decorator.py
[2025-01-23T20:04:48.636+0000] {logging_mixin.py:120} INFO - [2025-01-23T20:04:48.636+0000] {dag.py:2585} INFO - Sync 1 DAGs
[2025-01-23T20:04:48.713+0000] {logging_mixin.py:120} INFO - [2025-01-23T20:04:48.713+0000] {dag.py:3340} INFO - Setting next_dagrun for example_short_circuit_decorator to 2025-01-22T20:04:48.712747+00:00, run_after=2025-01-23T20:04:48.712747+00:00
[2025-01-23T20:04:48.767+0000] {processor.py:176} INFO - Processing /home/airflow/.local/lib/python3.7/site-packages/airflow/example_dags/example_short_circuit_decorator.py took 0.441 seconds
[2025-01-23T20:05:19.208+0000] {processor.py:154} INFO - Started process (PID=46921) to work on /home/airflow/.local/lib/python3.7/site-packages/airflow/example_dags/example_short_circuit_decorator.py
[2025-01-23T20:05:19.209+0000] {processor.py:756} INFO - Processing file /home/airflow/.local/lib/python3.7/site-packages/airflow/example_dags/example_short_circuit_decorator.py for tasks to queue
[2025-01-23T20:05:19.211+0000] {logging_mixin.py:120} INFO - [2025-01-23T20:05:19.210+0000] {dagbag.py:537} INFO - Filling up the DagBag from /home/airflow/.local/lib/python3.7/site-packages/airflow/example_dags/example_short_circuit_decorator.py
[2025-01-23T20:05:19.253+0000] {processor.py:766} INFO - DAG(s) dict_keys(['example_short_circuit_decorator']) retrieved from /home/airflow/.local/lib/python3.7/site-packages/airflow/example_dags/example_short_circuit_decorator.py
[2025-01-23T20:05:19.331+0000] {logging_mixin.py:120} INFO - [2025-01-23T20:05:19.330+0000] {dag.py:2585} INFO - Sync 1 DAGs
[2025-01-23T20:05:19.372+0000] {logging_mixin.py:120} INFO - [2025-01-23T20:05:19.371+0000] {dag.py:3340} INFO - Setting next_dagrun for example_short_circuit_decorator to 2025-01-22T20:05:19.371592+00:00, run_after=2025-01-23T20:05:19.371592+00:00
[2025-01-23T20:05:19.413+0000] {processor.py:176} INFO - Processing /home/airflow/.local/lib/python3.7/site-packages/airflow/example_dags/example_short_circuit_decorator.py took 0.210 seconds
[2025-01-23T20:05:50.090+0000] {processor.py:154} INFO - Started process (PID=46985) to work on /home/airflow/.local/lib/python3.7/site-packages/airflow/example_dags/example_short_circuit_decorator.py
[2025-01-23T20:05:50.091+0000] {processor.py:756} INFO - Processing file /home/airflow/.local/lib/python3.7/site-packages/airflow/example_dags/example_short_circuit_decorator.py for tasks to queue
[2025-01-23T20:05:50.093+0000] {logging_mixin.py:120} INFO - [2025-01-23T20:05:50.092+0000] {dagbag.py:537} INFO - Filling up the DagBag from /home/airflow/.local/lib/python3.7/site-packages/airflow/example_dags/example_short_circuit_decorator.py
[2025-01-23T20:05:50.142+0000] {processor.py:766} INFO - DAG(s) dict_keys(['example_short_circuit_decorator']) retrieved from /home/airflow/.local/lib/python3.7/site-packages/airflow/example_dags/example_short_circuit_decorator.py
[2025-01-23T20:05:50.213+0000] {logging_mixin.py:120} INFO - [2025-01-23T20:05:50.213+0000] {dag.py:2585} INFO - Sync 1 DAGs
[2025-01-23T20:05:50.256+0000] {logging_mixin.py:120} INFO - [2025-01-23T20:05:50.255+0000] {dag.py:3340} INFO - Setting next_dagrun for example_short_circuit_decorator to 2025-01-22T20:05:50.255505+00:00, run_after=2025-01-23T20:05:50.255505+00:00
[2025-01-23T20:05:50.290+0000] {processor.py:176} INFO - Processing /home/airflow/.local/lib/python3.7/site-packages/airflow/example_dags/example_short_circuit_decorator.py took 0.206 seconds
[2025-01-23T20:06:21.148+0000] {processor.py:154} INFO - Started process (PID=47039) to work on /home/airflow/.local/lib/python3.7/site-packages/airflow/example_dags/example_short_circuit_decorator.py
[2025-01-23T20:06:21.150+0000] {processor.py:756} INFO - Processing file /home/airflow/.local/lib/python3.7/site-packages/airflow/example_dags/example_short_circuit_decorator.py for tasks to queue
[2025-01-23T20:06:21.152+0000] {logging_mixin.py:120} INFO - [2025-01-23T20:06:21.152+0000] {dagbag.py:537} INFO - Filling up the DagBag from /home/airflow/.local/lib/python3.7/site-packages/airflow/example_dags/example_short_circuit_decorator.py
[2025-01-23T20:06:21.212+0000] {processor.py:766} INFO - DAG(s) dict_keys(['example_short_circuit_decorator']) retrieved from /home/airflow/.local/lib/python3.7/site-packages/airflow/example_dags/example_short_circuit_decorator.py
[2025-01-23T20:06:21.276+0000] {logging_mixin.py:120} INFO - [2025-01-23T20:06:21.276+0000] {dag.py:2585} INFO - Sync 1 DAGs
[2025-01-23T20:06:21.314+0000] {logging_mixin.py:120} INFO - [2025-01-23T20:06:21.314+0000] {dag.py:3340} INFO - Setting next_dagrun for example_short_circuit_decorator to 2025-01-22T20:06:21.314082+00:00, run_after=2025-01-23T20:06:21.314082+00:00
[2025-01-23T20:06:21.343+0000] {processor.py:176} INFO - Processing /home/airflow/.local/lib/python3.7/site-packages/airflow/example_dags/example_short_circuit_decorator.py took 0.205 seconds
[2025-01-23T20:06:51.484+0000] {processor.py:154} INFO - Started process (PID=47101) to work on /home/airflow/.local/lib/python3.7/site-packages/airflow/example_dags/example_short_circuit_decorator.py
[2025-01-23T20:06:51.488+0000] {processor.py:756} INFO - Processing file /home/airflow/.local/lib/python3.7/site-packages/airflow/example_dags/example_short_circuit_decorator.py for tasks to queue
[2025-01-23T20:06:51.492+0000] {logging_mixin.py:120} INFO - [2025-01-23T20:06:51.492+0000] {dagbag.py:537} INFO - Filling up the DagBag from /home/airflow/.local/lib/python3.7/site-packages/airflow/example_dags/example_short_circuit_decorator.py
[2025-01-23T20:06:51.627+0000] {processor.py:766} INFO - DAG(s) dict_keys(['example_short_circuit_decorator']) retrieved from /home/airflow/.local/lib/python3.7/site-packages/airflow/example_dags/example_short_circuit_decorator.py
[2025-01-23T20:06:51.813+0000] {logging_mixin.py:120} INFO - [2025-01-23T20:06:51.813+0000] {dag.py:2585} INFO - Sync 1 DAGs
[2025-01-23T20:06:51.861+0000] {logging_mixin.py:120} INFO - [2025-01-23T20:06:51.861+0000] {dag.py:3340} INFO - Setting next_dagrun for example_short_circuit_decorator to 2025-01-22T20:06:51.860703+00:00, run_after=2025-01-23T20:06:51.860703+00:00
[2025-01-23T20:06:51.908+0000] {processor.py:176} INFO - Processing /home/airflow/.local/lib/python3.7/site-packages/airflow/example_dags/example_short_circuit_decorator.py took 0.438 seconds
[2025-01-23T20:07:22.130+0000] {processor.py:154} INFO - Started process (PID=47155) to work on /home/airflow/.local/lib/python3.7/site-packages/airflow/example_dags/example_short_circuit_decorator.py
[2025-01-23T20:07:22.134+0000] {processor.py:756} INFO - Processing file /home/airflow/.local/lib/python3.7/site-packages/airflow/example_dags/example_short_circuit_decorator.py for tasks to queue
[2025-01-23T20:07:22.137+0000] {logging_mixin.py:120} INFO - [2025-01-23T20:07:22.137+0000] {dagbag.py:537} INFO - Filling up the DagBag from /home/airflow/.local/lib/python3.7/site-packages/airflow/example_dags/example_short_circuit_decorator.py
[2025-01-23T20:07:22.237+0000] {processor.py:766} INFO - DAG(s) dict_keys(['example_short_circuit_decorator']) retrieved from /home/airflow/.local/lib/python3.7/site-packages/airflow/example_dags/example_short_circuit_decorator.py
[2025-01-23T20:07:22.311+0000] {logging_mixin.py:120} INFO - [2025-01-23T20:07:22.310+0000] {dag.py:2585} INFO - Sync 1 DAGs
[2025-01-23T20:07:22.348+0000] {logging_mixin.py:120} INFO - [2025-01-23T20:07:22.348+0000] {dag.py:3340} INFO - Setting next_dagrun for example_short_circuit_decorator to 2025-01-22T20:07:22.347743+00:00, run_after=2025-01-23T20:07:22.347743+00:00
[2025-01-23T20:07:22.377+0000] {processor.py:176} INFO - Processing /home/airflow/.local/lib/python3.7/site-packages/airflow/example_dags/example_short_circuit_decorator.py took 0.261 seconds
[2025-01-23T20:07:52.649+0000] {processor.py:154} INFO - Started process (PID=47217) to work on /home/airflow/.local/lib/python3.7/site-packages/airflow/example_dags/example_short_circuit_decorator.py
[2025-01-23T20:07:52.655+0000] {processor.py:756} INFO - Processing file /home/airflow/.local/lib/python3.7/site-packages/airflow/example_dags/example_short_circuit_decorator.py for tasks to queue
[2025-01-23T20:07:52.659+0000] {logging_mixin.py:120} INFO - [2025-01-23T20:07:52.659+0000] {dagbag.py:537} INFO - Filling up the DagBag from /home/airflow/.local/lib/python3.7/site-packages/airflow/example_dags/example_short_circuit_decorator.py
[2025-01-23T20:07:52.793+0000] {processor.py:766} INFO - DAG(s) dict_keys(['example_short_circuit_decorator']) retrieved from /home/airflow/.local/lib/python3.7/site-packages/airflow/example_dags/example_short_circuit_decorator.py
[2025-01-23T20:07:52.870+0000] {logging_mixin.py:120} INFO - [2025-01-23T20:07:52.870+0000] {dag.py:2585} INFO - Sync 1 DAGs
[2025-01-23T20:07:52.917+0000] {logging_mixin.py:120} INFO - [2025-01-23T20:07:52.916+0000] {dag.py:3340} INFO - Setting next_dagrun for example_short_circuit_decorator to 2025-01-22T20:07:52.916434+00:00, run_after=2025-01-23T20:07:52.916434+00:00
[2025-01-23T20:07:52.953+0000] {processor.py:176} INFO - Processing /home/airflow/.local/lib/python3.7/site-packages/airflow/example_dags/example_short_circuit_decorator.py took 0.324 seconds
[2025-01-23T20:08:23.337+0000] {processor.py:154} INFO - Started process (PID=47271) to work on /home/airflow/.local/lib/python3.7/site-packages/airflow/example_dags/example_short_circuit_decorator.py
[2025-01-23T20:08:23.339+0000] {processor.py:756} INFO - Processing file /home/airflow/.local/lib/python3.7/site-packages/airflow/example_dags/example_short_circuit_decorator.py for tasks to queue
[2025-01-23T20:08:23.341+0000] {logging_mixin.py:120} INFO - [2025-01-23T20:08:23.341+0000] {dagbag.py:537} INFO - Filling up the DagBag from /home/airflow/.local/lib/python3.7/site-packages/airflow/example_dags/example_short_circuit_decorator.py
[2025-01-23T20:08:23.383+0000] {processor.py:766} INFO - DAG(s) dict_keys(['example_short_circuit_decorator']) retrieved from /home/airflow/.local/lib/python3.7/site-packages/airflow/example_dags/example_short_circuit_decorator.py
[2025-01-23T20:08:23.459+0000] {logging_mixin.py:120} INFO - [2025-01-23T20:08:23.459+0000] {dag.py:2585} INFO - Sync 1 DAGs
[2025-01-23T20:08:23.499+0000] {logging_mixin.py:120} INFO - [2025-01-23T20:08:23.499+0000] {dag.py:3340} INFO - Setting next_dagrun for example_short_circuit_decorator to 2025-01-22T20:08:23.499037+00:00, run_after=2025-01-23T20:08:23.499037+00:00
[2025-01-23T20:08:23.535+0000] {processor.py:176} INFO - Processing /home/airflow/.local/lib/python3.7/site-packages/airflow/example_dags/example_short_circuit_decorator.py took 0.206 seconds
[2025-01-23T20:08:54.014+0000] {processor.py:154} INFO - Started process (PID=47334) to work on /home/airflow/.local/lib/python3.7/site-packages/airflow/example_dags/example_short_circuit_decorator.py
[2025-01-23T20:08:54.016+0000] {processor.py:756} INFO - Processing file /home/airflow/.local/lib/python3.7/site-packages/airflow/example_dags/example_short_circuit_decorator.py for tasks to queue
[2025-01-23T20:08:54.018+0000] {logging_mixin.py:120} INFO - [2025-01-23T20:08:54.017+0000] {dagbag.py:537} INFO - Filling up the DagBag from /home/airflow/.local/lib/python3.7/site-packages/airflow/example_dags/example_short_circuit_decorator.py
[2025-01-23T20:08:54.060+0000] {processor.py:766} INFO - DAG(s) dict_keys(['example_short_circuit_decorator']) retrieved from /home/airflow/.local/lib/python3.7/site-packages/airflow/example_dags/example_short_circuit_decorator.py
[2025-01-23T20:08:54.142+0000] {logging_mixin.py:120} INFO - [2025-01-23T20:08:54.141+0000] {dag.py:2585} INFO - Sync 1 DAGs
[2025-01-23T20:08:54.204+0000] {logging_mixin.py:120} INFO - [2025-01-23T20:08:54.204+0000] {dag.py:3340} INFO - Setting next_dagrun for example_short_circuit_decorator to 2025-01-22T20:08:54.203673+00:00, run_after=2025-01-23T20:08:54.203673+00:00
[2025-01-23T20:08:54.246+0000] {processor.py:176} INFO - Processing /home/airflow/.local/lib/python3.7/site-packages/airflow/example_dags/example_short_circuit_decorator.py took 0.237 seconds
[2025-01-23T20:09:24.756+0000] {processor.py:154} INFO - Started process (PID=47388) to work on /home/airflow/.local/lib/python3.7/site-packages/airflow/example_dags/example_short_circuit_decorator.py
[2025-01-23T20:09:24.761+0000] {processor.py:756} INFO - Processing file /home/airflow/.local/lib/python3.7/site-packages/airflow/example_dags/example_short_circuit_decorator.py for tasks to queue
[2025-01-23T20:09:24.765+0000] {logging_mixin.py:120} INFO - [2025-01-23T20:09:24.765+0000] {dagbag.py:537} INFO - Filling up the DagBag from /home/airflow/.local/lib/python3.7/site-packages/airflow/example_dags/example_short_circuit_decorator.py
[2025-01-23T20:09:24.856+0000] {processor.py:766} INFO - DAG(s) dict_keys(['example_short_circuit_decorator']) retrieved from /home/airflow/.local/lib/python3.7/site-packages/airflow/example_dags/example_short_circuit_decorator.py
[2025-01-23T20:09:24.929+0000] {logging_mixin.py:120} INFO - [2025-01-23T20:09:24.929+0000] {dag.py:2585} INFO - Sync 1 DAGs
[2025-01-23T20:09:24.970+0000] {logging_mixin.py:120} INFO - [2025-01-23T20:09:24.969+0000] {dag.py:3340} INFO - Setting next_dagrun for example_short_circuit_decorator to 2025-01-22T20:09:24.969514+00:00, run_after=2025-01-23T20:09:24.969514+00:00
[2025-01-23T20:09:25.002+0000] {processor.py:176} INFO - Processing /home/airflow/.local/lib/python3.7/site-packages/airflow/example_dags/example_short_circuit_decorator.py took 0.260 seconds
[2025-01-23T20:09:55.722+0000] {processor.py:154} INFO - Started process (PID=47451) to work on /home/airflow/.local/lib/python3.7/site-packages/airflow/example_dags/example_short_circuit_decorator.py
[2025-01-23T20:09:55.724+0000] {processor.py:756} INFO - Processing file /home/airflow/.local/lib/python3.7/site-packages/airflow/example_dags/example_short_circuit_decorator.py for tasks to queue
[2025-01-23T20:09:55.725+0000] {logging_mixin.py:120} INFO - [2025-01-23T20:09:55.725+0000] {dagbag.py:537} INFO - Filling up the DagBag from /home/airflow/.local/lib/python3.7/site-packages/airflow/example_dags/example_short_circuit_decorator.py
[2025-01-23T20:09:55.803+0000] {processor.py:766} INFO - DAG(s) dict_keys(['example_short_circuit_decorator']) retrieved from /home/airflow/.local/lib/python3.7/site-packages/airflow/example_dags/example_short_circuit_decorator.py
[2025-01-23T20:09:55.892+0000] {logging_mixin.py:120} INFO - [2025-01-23T20:09:55.892+0000] {dag.py:2585} INFO - Sync 1 DAGs
[2025-01-23T20:09:55.956+0000] {logging_mixin.py:120} INFO - [2025-01-23T20:09:55.955+0000] {dag.py:3340} INFO - Setting next_dagrun for example_short_circuit_decorator to 2025-01-22T20:09:55.955399+00:00, run_after=2025-01-23T20:09:55.955399+00:00
[2025-01-23T20:09:55.998+0000] {processor.py:176} INFO - Processing /home/airflow/.local/lib/python3.7/site-packages/airflow/example_dags/example_short_circuit_decorator.py took 0.281 seconds
[2025-01-23T20:10:26.631+0000] {processor.py:154} INFO - Started process (PID=47505) to work on /home/airflow/.local/lib/python3.7/site-packages/airflow/example_dags/example_short_circuit_decorator.py
[2025-01-23T20:10:26.633+0000] {processor.py:756} INFO - Processing file /home/airflow/.local/lib/python3.7/site-packages/airflow/example_dags/example_short_circuit_decorator.py for tasks to queue
[2025-01-23T20:10:26.634+0000] {logging_mixin.py:120} INFO - [2025-01-23T20:10:26.634+0000] {dagbag.py:537} INFO - Filling up the DagBag from /home/airflow/.local/lib/python3.7/site-packages/airflow/example_dags/example_short_circuit_decorator.py
[2025-01-23T20:10:26.678+0000] {processor.py:766} INFO - DAG(s) dict_keys(['example_short_circuit_decorator']) retrieved from /home/airflow/.local/lib/python3.7/site-packages/airflow/example_dags/example_short_circuit_decorator.py
[2025-01-23T20:10:26.754+0000] {logging_mixin.py:120} INFO - [2025-01-23T20:10:26.754+0000] {dag.py:2585} INFO - Sync 1 DAGs
[2025-01-23T20:10:26.805+0000] {logging_mixin.py:120} INFO - [2025-01-23T20:10:26.805+0000] {dag.py:3340} INFO - Setting next_dagrun for example_short_circuit_decorator to 2025-01-22T20:10:26.804714+00:00, run_after=2025-01-23T20:10:26.804714+00:00
[2025-01-23T20:10:26.844+0000] {processor.py:176} INFO - Processing /home/airflow/.local/lib/python3.7/site-packages/airflow/example_dags/example_short_circuit_decorator.py took 0.219 seconds
[2025-01-23T20:10:57.158+0000] {processor.py:154} INFO - Started process (PID=47559) to work on /home/airflow/.local/lib/python3.7/site-packages/airflow/example_dags/example_short_circuit_decorator.py
[2025-01-23T20:10:57.161+0000] {processor.py:756} INFO - Processing file /home/airflow/.local/lib/python3.7/site-packages/airflow/example_dags/example_short_circuit_decorator.py for tasks to queue
[2025-01-23T20:10:57.164+0000] {logging_mixin.py:120} INFO - [2025-01-23T20:10:57.164+0000] {dagbag.py:537} INFO - Filling up the DagBag from /home/airflow/.local/lib/python3.7/site-packages/airflow/example_dags/example_short_circuit_decorator.py
[2025-01-23T20:10:57.229+0000] {processor.py:766} INFO - DAG(s) dict_keys(['example_short_circuit_decorator']) retrieved from /home/airflow/.local/lib/python3.7/site-packages/airflow/example_dags/example_short_circuit_decorator.py
[2025-01-23T20:10:57.307+0000] {logging_mixin.py:120} INFO - [2025-01-23T20:10:57.307+0000] {dag.py:2585} INFO - Sync 1 DAGs
[2025-01-23T20:10:57.369+0000] {logging_mixin.py:120} INFO - [2025-01-23T20:10:57.369+0000] {dag.py:3340} INFO - Setting next_dagrun for example_short_circuit_decorator to 2025-01-22T20:10:57.368643+00:00, run_after=2025-01-23T20:10:57.368643+00:00
[2025-01-23T20:10:57.413+0000] {processor.py:176} INFO - Processing /home/airflow/.local/lib/python3.7/site-packages/airflow/example_dags/example_short_circuit_decorator.py took 0.264 seconds
[2025-01-23T20:11:28.130+0000] {processor.py:154} INFO - Started process (PID=47621) to work on /home/airflow/.local/lib/python3.7/site-packages/airflow/example_dags/example_short_circuit_decorator.py
[2025-01-23T20:11:28.133+0000] {processor.py:756} INFO - Processing file /home/airflow/.local/lib/python3.7/site-packages/airflow/example_dags/example_short_circuit_decorator.py for tasks to queue
[2025-01-23T20:11:28.135+0000] {logging_mixin.py:120} INFO - [2025-01-23T20:11:28.135+0000] {dagbag.py:537} INFO - Filling up the DagBag from /home/airflow/.local/lib/python3.7/site-packages/airflow/example_dags/example_short_circuit_decorator.py
[2025-01-23T20:11:28.209+0000] {processor.py:766} INFO - DAG(s) dict_keys(['example_short_circuit_decorator']) retrieved from /home/airflow/.local/lib/python3.7/site-packages/airflow/example_dags/example_short_circuit_decorator.py
[2025-01-23T20:11:28.321+0000] {logging_mixin.py:120} INFO - [2025-01-23T20:11:28.321+0000] {dag.py:2585} INFO - Sync 1 DAGs
[2025-01-23T20:11:28.406+0000] {logging_mixin.py:120} INFO - [2025-01-23T20:11:28.405+0000] {dag.py:3340} INFO - Setting next_dagrun for example_short_circuit_decorator to 2025-01-22T20:11:28.405091+00:00, run_after=2025-01-23T20:11:28.405091+00:00
[2025-01-23T20:11:28.458+0000] {processor.py:176} INFO - Processing /home/airflow/.local/lib/python3.7/site-packages/airflow/example_dags/example_short_circuit_decorator.py took 0.337 seconds
[2025-01-23T20:11:58.718+0000] {processor.py:154} INFO - Started process (PID=47675) to work on /home/airflow/.local/lib/python3.7/site-packages/airflow/example_dags/example_short_circuit_decorator.py
[2025-01-23T20:11:58.720+0000] {processor.py:756} INFO - Processing file /home/airflow/.local/lib/python3.7/site-packages/airflow/example_dags/example_short_circuit_decorator.py for tasks to queue
[2025-01-23T20:11:58.722+0000] {logging_mixin.py:120} INFO - [2025-01-23T20:11:58.722+0000] {dagbag.py:537} INFO - Filling up the DagBag from /home/airflow/.local/lib/python3.7/site-packages/airflow/example_dags/example_short_circuit_decorator.py
[2025-01-23T20:11:58.773+0000] {processor.py:766} INFO - DAG(s) dict_keys(['example_short_circuit_decorator']) retrieved from /home/airflow/.local/lib/python3.7/site-packages/airflow/example_dags/example_short_circuit_decorator.py
[2025-01-23T20:11:58.846+0000] {logging_mixin.py:120} INFO - [2025-01-23T20:11:58.845+0000] {dag.py:2585} INFO - Sync 1 DAGs
[2025-01-23T20:11:58.896+0000] {logging_mixin.py:120} INFO - [2025-01-23T20:11:58.895+0000] {dag.py:3340} INFO - Setting next_dagrun for example_short_circuit_decorator to 2025-01-22T20:11:58.895124+00:00, run_after=2025-01-23T20:11:58.895124+00:00
[2025-01-23T20:11:58.949+0000] {processor.py:176} INFO - Processing /home/airflow/.local/lib/python3.7/site-packages/airflow/example_dags/example_short_circuit_decorator.py took 0.239 seconds
[2025-01-23T20:12:29.293+0000] {processor.py:154} INFO - Started process (PID=47739) to work on /home/airflow/.local/lib/python3.7/site-packages/airflow/example_dags/example_short_circuit_decorator.py
[2025-01-23T20:12:29.295+0000] {processor.py:756} INFO - Processing file /home/airflow/.local/lib/python3.7/site-packages/airflow/example_dags/example_short_circuit_decorator.py for tasks to queue
[2025-01-23T20:12:29.297+0000] {logging_mixin.py:120} INFO - [2025-01-23T20:12:29.297+0000] {dagbag.py:537} INFO - Filling up the DagBag from /home/airflow/.local/lib/python3.7/site-packages/airflow/example_dags/example_short_circuit_decorator.py
[2025-01-23T20:12:29.355+0000] {processor.py:766} INFO - DAG(s) dict_keys(['example_short_circuit_decorator']) retrieved from /home/airflow/.local/lib/python3.7/site-packages/airflow/example_dags/example_short_circuit_decorator.py
[2025-01-23T20:12:29.436+0000] {logging_mixin.py:120} INFO - [2025-01-23T20:12:29.435+0000] {dag.py:2585} INFO - Sync 1 DAGs
[2025-01-23T20:12:29.488+0000] {logging_mixin.py:120} INFO - [2025-01-23T20:12:29.487+0000] {dag.py:3340} INFO - Setting next_dagrun for example_short_circuit_decorator to 2025-01-22T20:12:29.487570+00:00, run_after=2025-01-23T20:12:29.487570+00:00
[2025-01-23T20:12:29.523+0000] {processor.py:176} INFO - Processing /home/airflow/.local/lib/python3.7/site-packages/airflow/example_dags/example_short_circuit_decorator.py took 0.236 seconds
