[2025-01-23T19:50:47.714+0000] {processor.py:154} INFO - Started process (PID=45338) to work on /home/airflow/.local/lib/python3.7/site-packages/airflow/example_dags/example_branch_operator.py
[2025-01-23T19:50:47.728+0000] {processor.py:756} INFO - Processing file /home/airflow/.local/lib/python3.7/site-packages/airflow/example_dags/example_branch_operator.py for tasks to queue
[2025-01-23T19:50:47.730+0000] {logging_mixin.py:120} INFO - [2025-01-23T19:50:47.730+0000] {dagbag.py:537} INFO - Filling up the DagBag from /home/airflow/.local/lib/python3.7/site-packages/airflow/example_dags/example_branch_operator.py
[2025-01-23T19:50:47.883+0000] {processor.py:766} INFO - DAG(s) dict_keys(['example_branch_operator']) retrieved from /home/airflow/.local/lib/python3.7/site-packages/airflow/example_dags/example_branch_operator.py
[2025-01-23T19:50:48.236+0000] {logging_mixin.py:120} INFO - [2025-01-23T19:50:48.225+0000] {dag.py:2585} INFO - Sync 1 DAGs
[2025-01-23T19:50:48.442+0000] {logging_mixin.py:120} INFO - [2025-01-23T19:50:48.433+0000] {dag.py:3340} INFO - Setting next_dagrun for example_branch_operator to 2025-01-22T00:00:00+00:00, run_after=2025-01-23T00:00:00+00:00
[2025-01-23T19:50:48.537+0000] {processor.py:176} INFO - Processing /home/airflow/.local/lib/python3.7/site-packages/airflow/example_dags/example_branch_operator.py took 0.840 seconds
[2025-01-23T19:51:20.925+0000] {processor.py:154} INFO - Started process (PID=45386) to work on /home/airflow/.local/lib/python3.7/site-packages/airflow/example_dags/example_branch_operator.py
[2025-01-23T19:51:20.937+0000] {processor.py:756} INFO - Processing file /home/airflow/.local/lib/python3.7/site-packages/airflow/example_dags/example_branch_operator.py for tasks to queue
[2025-01-23T19:51:20.939+0000] {logging_mixin.py:120} INFO - [2025-01-23T19:51:20.938+0000] {dagbag.py:537} INFO - Filling up the DagBag from /home/airflow/.local/lib/python3.7/site-packages/airflow/example_dags/example_branch_operator.py
[2025-01-23T19:51:21.080+0000] {processor.py:766} INFO - DAG(s) dict_keys(['example_branch_operator']) retrieved from /home/airflow/.local/lib/python3.7/site-packages/airflow/example_dags/example_branch_operator.py
[2025-01-23T19:51:21.341+0000] {logging_mixin.py:120} INFO - [2025-01-23T19:51:21.341+0000] {dag.py:2585} INFO - Sync 1 DAGs
[2025-01-23T19:51:21.531+0000] {logging_mixin.py:120} INFO - [2025-01-23T19:51:21.531+0000] {dag.py:3340} INFO - Setting next_dagrun for example_branch_operator to 2025-01-22T00:00:00+00:00, run_after=2025-01-23T00:00:00+00:00
[2025-01-23T19:51:21.654+0000] {processor.py:176} INFO - Processing /home/airflow/.local/lib/python3.7/site-packages/airflow/example_dags/example_branch_operator.py took 0.739 seconds
[2025-01-23T19:51:54.128+0000] {processor.py:154} INFO - Started process (PID=45440) to work on /home/airflow/.local/lib/python3.7/site-packages/airflow/example_dags/example_branch_operator.py
[2025-01-23T19:51:54.140+0000] {processor.py:756} INFO - Processing file /home/airflow/.local/lib/python3.7/site-packages/airflow/example_dags/example_branch_operator.py for tasks to queue
[2025-01-23T19:51:54.142+0000] {logging_mixin.py:120} INFO - [2025-01-23T19:51:54.142+0000] {dagbag.py:537} INFO - Filling up the DagBag from /home/airflow/.local/lib/python3.7/site-packages/airflow/example_dags/example_branch_operator.py
[2025-01-23T19:51:54.272+0000] {processor.py:766} INFO - DAG(s) dict_keys(['example_branch_operator']) retrieved from /home/airflow/.local/lib/python3.7/site-packages/airflow/example_dags/example_branch_operator.py
[2025-01-23T19:51:54.511+0000] {logging_mixin.py:120} INFO - [2025-01-23T19:51:54.511+0000] {dag.py:2585} INFO - Sync 1 DAGs
[2025-01-23T19:51:54.607+0000] {logging_mixin.py:120} INFO - [2025-01-23T19:51:54.607+0000] {dag.py:3340} INFO - Setting next_dagrun for example_branch_operator to 2025-01-22T00:00:00+00:00, run_after=2025-01-23T00:00:00+00:00
[2025-01-23T19:51:54.748+0000] {processor.py:176} INFO - Processing /home/airflow/.local/lib/python3.7/site-packages/airflow/example_dags/example_branch_operator.py took 0.639 seconds
[2025-01-23T19:52:25.726+0000] {processor.py:154} INFO - Started process (PID=45494) to work on /home/airflow/.local/lib/python3.7/site-packages/airflow/example_dags/example_branch_operator.py
[2025-01-23T19:52:25.728+0000] {processor.py:756} INFO - Processing file /home/airflow/.local/lib/python3.7/site-packages/airflow/example_dags/example_branch_operator.py for tasks to queue
[2025-01-23T19:52:25.729+0000] {logging_mixin.py:120} INFO - [2025-01-23T19:52:25.729+0000] {dagbag.py:537} INFO - Filling up the DagBag from /home/airflow/.local/lib/python3.7/site-packages/airflow/example_dags/example_branch_operator.py
[2025-01-23T19:52:25.888+0000] {processor.py:766} INFO - DAG(s) dict_keys(['example_branch_operator']) retrieved from /home/airflow/.local/lib/python3.7/site-packages/airflow/example_dags/example_branch_operator.py
[2025-01-23T19:52:26.198+0000] {logging_mixin.py:120} INFO - [2025-01-23T19:52:26.197+0000] {dag.py:2585} INFO - Sync 1 DAGs
[2025-01-23T19:52:26.372+0000] {logging_mixin.py:120} INFO - [2025-01-23T19:52:26.372+0000] {dag.py:3340} INFO - Setting next_dagrun for example_branch_operator to 2025-01-22T00:00:00+00:00, run_after=2025-01-23T00:00:00+00:00
[2025-01-23T19:52:26.476+0000] {processor.py:176} INFO - Processing /home/airflow/.local/lib/python3.7/site-packages/airflow/example_dags/example_branch_operator.py took 0.774 seconds
[2025-01-23T19:52:57.294+0000] {processor.py:154} INFO - Started process (PID=45548) to work on /home/airflow/.local/lib/python3.7/site-packages/airflow/example_dags/example_branch_operator.py
[2025-01-23T19:52:57.299+0000] {processor.py:756} INFO - Processing file /home/airflow/.local/lib/python3.7/site-packages/airflow/example_dags/example_branch_operator.py for tasks to queue
[2025-01-23T19:52:57.302+0000] {logging_mixin.py:120} INFO - [2025-01-23T19:52:57.302+0000] {dagbag.py:537} INFO - Filling up the DagBag from /home/airflow/.local/lib/python3.7/site-packages/airflow/example_dags/example_branch_operator.py
[2025-01-23T19:52:57.382+0000] {processor.py:766} INFO - DAG(s) dict_keys(['example_branch_operator']) retrieved from /home/airflow/.local/lib/python3.7/site-packages/airflow/example_dags/example_branch_operator.py
[2025-01-23T19:52:57.486+0000] {logging_mixin.py:120} INFO - [2025-01-23T19:52:57.486+0000] {dag.py:2585} INFO - Sync 1 DAGs
[2025-01-23T19:52:57.550+0000] {logging_mixin.py:120} INFO - [2025-01-23T19:52:57.550+0000] {dag.py:3340} INFO - Setting next_dagrun for example_branch_operator to 2025-01-22T00:00:00+00:00, run_after=2025-01-23T00:00:00+00:00
[2025-01-23T19:52:57.599+0000] {processor.py:176} INFO - Processing /home/airflow/.local/lib/python3.7/site-packages/airflow/example_dags/example_branch_operator.py took 0.322 seconds
[2025-01-23T19:53:28.051+0000] {processor.py:154} INFO - Started process (PID=45602) to work on /home/airflow/.local/lib/python3.7/site-packages/airflow/example_dags/example_branch_operator.py
[2025-01-23T19:53:28.053+0000] {processor.py:756} INFO - Processing file /home/airflow/.local/lib/python3.7/site-packages/airflow/example_dags/example_branch_operator.py for tasks to queue
[2025-01-23T19:53:28.055+0000] {logging_mixin.py:120} INFO - [2025-01-23T19:53:28.055+0000] {dagbag.py:537} INFO - Filling up the DagBag from /home/airflow/.local/lib/python3.7/site-packages/airflow/example_dags/example_branch_operator.py
[2025-01-23T19:53:28.088+0000] {processor.py:766} INFO - DAG(s) dict_keys(['example_branch_operator']) retrieved from /home/airflow/.local/lib/python3.7/site-packages/airflow/example_dags/example_branch_operator.py
[2025-01-23T19:53:28.158+0000] {logging_mixin.py:120} INFO - [2025-01-23T19:53:28.158+0000] {dag.py:2585} INFO - Sync 1 DAGs
[2025-01-23T19:53:28.211+0000] {logging_mixin.py:120} INFO - [2025-01-23T19:53:28.211+0000] {dag.py:3340} INFO - Setting next_dagrun for example_branch_operator to 2025-01-22T00:00:00+00:00, run_after=2025-01-23T00:00:00+00:00
[2025-01-23T19:53:28.244+0000] {processor.py:176} INFO - Processing /home/airflow/.local/lib/python3.7/site-packages/airflow/example_dags/example_branch_operator.py took 0.199 seconds
[2025-01-23T19:53:58.805+0000] {processor.py:154} INFO - Started process (PID=45665) to work on /home/airflow/.local/lib/python3.7/site-packages/airflow/example_dags/example_branch_operator.py
[2025-01-23T19:53:58.807+0000] {processor.py:756} INFO - Processing file /home/airflow/.local/lib/python3.7/site-packages/airflow/example_dags/example_branch_operator.py for tasks to queue
[2025-01-23T19:53:58.809+0000] {logging_mixin.py:120} INFO - [2025-01-23T19:53:58.808+0000] {dagbag.py:537} INFO - Filling up the DagBag from /home/airflow/.local/lib/python3.7/site-packages/airflow/example_dags/example_branch_operator.py
[2025-01-23T19:53:58.842+0000] {processor.py:766} INFO - DAG(s) dict_keys(['example_branch_operator']) retrieved from /home/airflow/.local/lib/python3.7/site-packages/airflow/example_dags/example_branch_operator.py
[2025-01-23T19:53:58.941+0000] {logging_mixin.py:120} INFO - [2025-01-23T19:53:58.941+0000] {dag.py:2585} INFO - Sync 1 DAGs
[2025-01-23T19:53:59.011+0000] {logging_mixin.py:120} INFO - [2025-01-23T19:53:59.010+0000] {dag.py:3340} INFO - Setting next_dagrun for example_branch_operator to 2025-01-22T00:00:00+00:00, run_after=2025-01-23T00:00:00+00:00
[2025-01-23T19:53:59.059+0000] {processor.py:176} INFO - Processing /home/airflow/.local/lib/python3.7/site-packages/airflow/example_dags/example_branch_operator.py took 0.262 seconds
[2025-01-23T19:54:29.502+0000] {processor.py:154} INFO - Started process (PID=45719) to work on /home/airflow/.local/lib/python3.7/site-packages/airflow/example_dags/example_branch_operator.py
[2025-01-23T19:54:29.504+0000] {processor.py:756} INFO - Processing file /home/airflow/.local/lib/python3.7/site-packages/airflow/example_dags/example_branch_operator.py for tasks to queue
[2025-01-23T19:54:29.507+0000] {logging_mixin.py:120} INFO - [2025-01-23T19:54:29.506+0000] {dagbag.py:537} INFO - Filling up the DagBag from /home/airflow/.local/lib/python3.7/site-packages/airflow/example_dags/example_branch_operator.py
[2025-01-23T19:54:29.550+0000] {processor.py:766} INFO - DAG(s) dict_keys(['example_branch_operator']) retrieved from /home/airflow/.local/lib/python3.7/site-packages/airflow/example_dags/example_branch_operator.py
[2025-01-23T19:54:29.654+0000] {logging_mixin.py:120} INFO - [2025-01-23T19:54:29.653+0000] {dag.py:2585} INFO - Sync 1 DAGs
[2025-01-23T19:54:29.783+0000] {logging_mixin.py:120} INFO - [2025-01-23T19:54:29.783+0000] {dag.py:3340} INFO - Setting next_dagrun for example_branch_operator to 2025-01-22T00:00:00+00:00, run_after=2025-01-23T00:00:00+00:00
[2025-01-23T19:54:29.856+0000] {processor.py:176} INFO - Processing /home/airflow/.local/lib/python3.7/site-packages/airflow/example_dags/example_branch_operator.py took 0.362 seconds
[2025-01-23T19:55:00.336+0000] {processor.py:154} INFO - Started process (PID=45773) to work on /home/airflow/.local/lib/python3.7/site-packages/airflow/example_dags/example_branch_operator.py
[2025-01-23T19:55:00.337+0000] {processor.py:756} INFO - Processing file /home/airflow/.local/lib/python3.7/site-packages/airflow/example_dags/example_branch_operator.py for tasks to queue
[2025-01-23T19:55:00.339+0000] {logging_mixin.py:120} INFO - [2025-01-23T19:55:00.339+0000] {dagbag.py:537} INFO - Filling up the DagBag from /home/airflow/.local/lib/python3.7/site-packages/airflow/example_dags/example_branch_operator.py
[2025-01-23T19:55:00.373+0000] {processor.py:766} INFO - DAG(s) dict_keys(['example_branch_operator']) retrieved from /home/airflow/.local/lib/python3.7/site-packages/airflow/example_dags/example_branch_operator.py
[2025-01-23T19:55:00.455+0000] {logging_mixin.py:120} INFO - [2025-01-23T19:55:00.455+0000] {dag.py:2585} INFO - Sync 1 DAGs
[2025-01-23T19:55:00.503+0000] {logging_mixin.py:120} INFO - [2025-01-23T19:55:00.503+0000] {dag.py:3340} INFO - Setting next_dagrun for example_branch_operator to 2025-01-22T00:00:00+00:00, run_after=2025-01-23T00:00:00+00:00
[2025-01-23T19:55:00.537+0000] {processor.py:176} INFO - Processing /home/airflow/.local/lib/python3.7/site-packages/airflow/example_dags/example_branch_operator.py took 0.207 seconds
[2025-01-23T19:55:31.198+0000] {processor.py:154} INFO - Started process (PID=45837) to work on /home/airflow/.local/lib/python3.7/site-packages/airflow/example_dags/example_branch_operator.py
[2025-01-23T19:55:31.200+0000] {processor.py:756} INFO - Processing file /home/airflow/.local/lib/python3.7/site-packages/airflow/example_dags/example_branch_operator.py for tasks to queue
[2025-01-23T19:55:31.202+0000] {logging_mixin.py:120} INFO - [2025-01-23T19:55:31.201+0000] {dagbag.py:537} INFO - Filling up the DagBag from /home/airflow/.local/lib/python3.7/site-packages/airflow/example_dags/example_branch_operator.py
[2025-01-23T19:55:31.243+0000] {processor.py:766} INFO - DAG(s) dict_keys(['example_branch_operator']) retrieved from /home/airflow/.local/lib/python3.7/site-packages/airflow/example_dags/example_branch_operator.py
[2025-01-23T19:55:31.340+0000] {logging_mixin.py:120} INFO - [2025-01-23T19:55:31.340+0000] {dag.py:2585} INFO - Sync 1 DAGs
[2025-01-23T19:55:31.404+0000] {logging_mixin.py:120} INFO - [2025-01-23T19:55:31.404+0000] {dag.py:3340} INFO - Setting next_dagrun for example_branch_operator to 2025-01-22T00:00:00+00:00, run_after=2025-01-23T00:00:00+00:00
[2025-01-23T19:55:31.441+0000] {processor.py:176} INFO - Processing /home/airflow/.local/lib/python3.7/site-packages/airflow/example_dags/example_branch_operator.py took 0.249 seconds
[2025-01-23T19:56:04.343+0000] {processor.py:154} INFO - Started process (PID=45891) to work on /home/airflow/.local/lib/python3.7/site-packages/airflow/example_dags/example_branch_operator.py
[2025-01-23T19:56:04.347+0000] {processor.py:756} INFO - Processing file /home/airflow/.local/lib/python3.7/site-packages/airflow/example_dags/example_branch_operator.py for tasks to queue
[2025-01-23T19:56:04.358+0000] {logging_mixin.py:120} INFO - [2025-01-23T19:56:04.358+0000] {dagbag.py:537} INFO - Filling up the DagBag from /home/airflow/.local/lib/python3.7/site-packages/airflow/example_dags/example_branch_operator.py
[2025-01-23T19:56:04.503+0000] {processor.py:766} INFO - DAG(s) dict_keys(['example_branch_operator']) retrieved from /home/airflow/.local/lib/python3.7/site-packages/airflow/example_dags/example_branch_operator.py
[2025-01-23T19:56:04.761+0000] {logging_mixin.py:120} INFO - [2025-01-23T19:56:04.761+0000] {dag.py:2585} INFO - Sync 1 DAGs
[2025-01-23T19:56:04.963+0000] {logging_mixin.py:120} INFO - [2025-01-23T19:56:04.963+0000] {dag.py:3340} INFO - Setting next_dagrun for example_branch_operator to 2025-01-22T00:00:00+00:00, run_after=2025-01-23T00:00:00+00:00
[2025-01-23T19:56:05.077+0000] {processor.py:176} INFO - Processing /home/airflow/.local/lib/python3.7/site-packages/airflow/example_dags/example_branch_operator.py took 0.754 seconds
[2025-01-23T19:56:35.540+0000] {processor.py:154} INFO - Started process (PID=45945) to work on /home/airflow/.local/lib/python3.7/site-packages/airflow/example_dags/example_branch_operator.py
[2025-01-23T19:56:35.542+0000] {processor.py:756} INFO - Processing file /home/airflow/.local/lib/python3.7/site-packages/airflow/example_dags/example_branch_operator.py for tasks to queue
[2025-01-23T19:56:35.543+0000] {logging_mixin.py:120} INFO - [2025-01-23T19:56:35.543+0000] {dagbag.py:537} INFO - Filling up the DagBag from /home/airflow/.local/lib/python3.7/site-packages/airflow/example_dags/example_branch_operator.py
[2025-01-23T19:56:35.580+0000] {processor.py:766} INFO - DAG(s) dict_keys(['example_branch_operator']) retrieved from /home/airflow/.local/lib/python3.7/site-packages/airflow/example_dags/example_branch_operator.py
[2025-01-23T19:56:35.662+0000] {logging_mixin.py:120} INFO - [2025-01-23T19:56:35.662+0000] {dag.py:2585} INFO - Sync 1 DAGs
[2025-01-23T19:56:35.721+0000] {logging_mixin.py:120} INFO - [2025-01-23T19:56:35.721+0000] {dag.py:3340} INFO - Setting next_dagrun for example_branch_operator to 2025-01-22T00:00:00+00:00, run_after=2025-01-23T00:00:00+00:00
[2025-01-23T19:56:35.772+0000] {processor.py:176} INFO - Processing /home/airflow/.local/lib/python3.7/site-packages/airflow/example_dags/example_branch_operator.py took 0.229 seconds
[2025-01-23T19:57:05.998+0000] {processor.py:154} INFO - Started process (PID=45998) to work on /home/airflow/.local/lib/python3.7/site-packages/airflow/example_dags/example_branch_operator.py
[2025-01-23T19:57:06.000+0000] {processor.py:756} INFO - Processing file /home/airflow/.local/lib/python3.7/site-packages/airflow/example_dags/example_branch_operator.py for tasks to queue
[2025-01-23T19:57:06.002+0000] {logging_mixin.py:120} INFO - [2025-01-23T19:57:06.001+0000] {dagbag.py:537} INFO - Filling up the DagBag from /home/airflow/.local/lib/python3.7/site-packages/airflow/example_dags/example_branch_operator.py
[2025-01-23T19:57:06.032+0000] {processor.py:766} INFO - DAG(s) dict_keys(['example_branch_operator']) retrieved from /home/airflow/.local/lib/python3.7/site-packages/airflow/example_dags/example_branch_operator.py
[2025-01-23T19:57:06.103+0000] {logging_mixin.py:120} INFO - [2025-01-23T19:57:06.103+0000] {dag.py:2585} INFO - Sync 1 DAGs
[2025-01-23T19:57:06.149+0000] {logging_mixin.py:120} INFO - [2025-01-23T19:57:06.149+0000] {dag.py:3340} INFO - Setting next_dagrun for example_branch_operator to 2025-01-22T00:00:00+00:00, run_after=2025-01-23T00:00:00+00:00
[2025-01-23T19:57:06.185+0000] {processor.py:176} INFO - Processing /home/airflow/.local/lib/python3.7/site-packages/airflow/example_dags/example_branch_operator.py took 0.193 seconds
[2025-01-23T19:57:36.581+0000] {processor.py:154} INFO - Started process (PID=46059) to work on /home/airflow/.local/lib/python3.7/site-packages/airflow/example_dags/example_branch_operator.py
[2025-01-23T19:57:36.584+0000] {processor.py:756} INFO - Processing file /home/airflow/.local/lib/python3.7/site-packages/airflow/example_dags/example_branch_operator.py for tasks to queue
[2025-01-23T19:57:36.587+0000] {logging_mixin.py:120} INFO - [2025-01-23T19:57:36.586+0000] {dagbag.py:537} INFO - Filling up the DagBag from /home/airflow/.local/lib/python3.7/site-packages/airflow/example_dags/example_branch_operator.py
[2025-01-23T19:57:36.644+0000] {processor.py:766} INFO - DAG(s) dict_keys(['example_branch_operator']) retrieved from /home/airflow/.local/lib/python3.7/site-packages/airflow/example_dags/example_branch_operator.py
[2025-01-23T19:57:36.758+0000] {logging_mixin.py:120} INFO - [2025-01-23T19:57:36.758+0000] {dag.py:2585} INFO - Sync 1 DAGs
[2025-01-23T19:57:36.856+0000] {logging_mixin.py:120} INFO - [2025-01-23T19:57:36.856+0000] {dag.py:3340} INFO - Setting next_dagrun for example_branch_operator to 2025-01-22T00:00:00+00:00, run_after=2025-01-23T00:00:00+00:00
[2025-01-23T19:57:36.934+0000] {processor.py:176} INFO - Processing /home/airflow/.local/lib/python3.7/site-packages/airflow/example_dags/example_branch_operator.py took 0.363 seconds
[2025-01-23T19:58:07.267+0000] {processor.py:154} INFO - Started process (PID=46115) to work on /home/airflow/.local/lib/python3.7/site-packages/airflow/example_dags/example_branch_operator.py
[2025-01-23T19:58:07.270+0000] {processor.py:756} INFO - Processing file /home/airflow/.local/lib/python3.7/site-packages/airflow/example_dags/example_branch_operator.py for tasks to queue
[2025-01-23T19:58:07.271+0000] {logging_mixin.py:120} INFO - [2025-01-23T19:58:07.271+0000] {dagbag.py:537} INFO - Filling up the DagBag from /home/airflow/.local/lib/python3.7/site-packages/airflow/example_dags/example_branch_operator.py
[2025-01-23T19:58:07.302+0000] {processor.py:766} INFO - DAG(s) dict_keys(['example_branch_operator']) retrieved from /home/airflow/.local/lib/python3.7/site-packages/airflow/example_dags/example_branch_operator.py
[2025-01-23T19:58:07.384+0000] {logging_mixin.py:120} INFO - [2025-01-23T19:58:07.383+0000] {dag.py:2585} INFO - Sync 1 DAGs
[2025-01-23T19:58:07.446+0000] {logging_mixin.py:120} INFO - [2025-01-23T19:58:07.445+0000] {dag.py:3340} INFO - Setting next_dagrun for example_branch_operator to 2025-01-22T00:00:00+00:00, run_after=2025-01-23T00:00:00+00:00
[2025-01-23T19:58:07.480+0000] {processor.py:176} INFO - Processing /home/airflow/.local/lib/python3.7/site-packages/airflow/example_dags/example_branch_operator.py took 0.219 seconds
[2025-01-23T19:58:38.273+0000] {processor.py:154} INFO - Started process (PID=46169) to work on /home/airflow/.local/lib/python3.7/site-packages/airflow/example_dags/example_branch_operator.py
[2025-01-23T19:58:38.274+0000] {processor.py:756} INFO - Processing file /home/airflow/.local/lib/python3.7/site-packages/airflow/example_dags/example_branch_operator.py for tasks to queue
[2025-01-23T19:58:38.275+0000] {logging_mixin.py:120} INFO - [2025-01-23T19:58:38.275+0000] {dagbag.py:537} INFO - Filling up the DagBag from /home/airflow/.local/lib/python3.7/site-packages/airflow/example_dags/example_branch_operator.py
[2025-01-23T19:58:38.305+0000] {processor.py:766} INFO - DAG(s) dict_keys(['example_branch_operator']) retrieved from /home/airflow/.local/lib/python3.7/site-packages/airflow/example_dags/example_branch_operator.py
[2025-01-23T19:58:38.373+0000] {logging_mixin.py:120} INFO - [2025-01-23T19:58:38.373+0000] {dag.py:2585} INFO - Sync 1 DAGs
[2025-01-23T19:58:38.423+0000] {logging_mixin.py:120} INFO - [2025-01-23T19:58:38.423+0000] {dag.py:3340} INFO - Setting next_dagrun for example_branch_operator to 2025-01-22T00:00:00+00:00, run_after=2025-01-23T00:00:00+00:00
[2025-01-23T19:58:38.458+0000] {processor.py:176} INFO - Processing /home/airflow/.local/lib/python3.7/site-packages/airflow/example_dags/example_branch_operator.py took 0.192 seconds
[2025-01-23T19:59:08.910+0000] {processor.py:154} INFO - Started process (PID=46223) to work on /home/airflow/.local/lib/python3.7/site-packages/airflow/example_dags/example_branch_operator.py
[2025-01-23T19:59:08.914+0000] {processor.py:756} INFO - Processing file /home/airflow/.local/lib/python3.7/site-packages/airflow/example_dags/example_branch_operator.py for tasks to queue
[2025-01-23T19:59:08.918+0000] {logging_mixin.py:120} INFO - [2025-01-23T19:59:08.918+0000] {dagbag.py:537} INFO - Filling up the DagBag from /home/airflow/.local/lib/python3.7/site-packages/airflow/example_dags/example_branch_operator.py
[2025-01-23T19:59:09.007+0000] {processor.py:766} INFO - DAG(s) dict_keys(['example_branch_operator']) retrieved from /home/airflow/.local/lib/python3.7/site-packages/airflow/example_dags/example_branch_operator.py
[2025-01-23T19:59:09.162+0000] {logging_mixin.py:120} INFO - [2025-01-23T19:59:09.162+0000] {dag.py:2585} INFO - Sync 1 DAGs
[2025-01-23T19:59:09.207+0000] {logging_mixin.py:120} INFO - [2025-01-23T19:59:09.206+0000] {dag.py:3340} INFO - Setting next_dagrun for example_branch_operator to 2025-01-22T00:00:00+00:00, run_after=2025-01-23T00:00:00+00:00
[2025-01-23T19:59:09.245+0000] {processor.py:176} INFO - Processing /home/airflow/.local/lib/python3.7/site-packages/airflow/example_dags/example_branch_operator.py took 0.349 seconds
[2025-01-23T19:59:39.459+0000] {processor.py:154} INFO - Started process (PID=46287) to work on /home/airflow/.local/lib/python3.7/site-packages/airflow/example_dags/example_branch_operator.py
[2025-01-23T19:59:39.460+0000] {processor.py:756} INFO - Processing file /home/airflow/.local/lib/python3.7/site-packages/airflow/example_dags/example_branch_operator.py for tasks to queue
[2025-01-23T19:59:39.462+0000] {logging_mixin.py:120} INFO - [2025-01-23T19:59:39.462+0000] {dagbag.py:537} INFO - Filling up the DagBag from /home/airflow/.local/lib/python3.7/site-packages/airflow/example_dags/example_branch_operator.py
[2025-01-23T19:59:39.503+0000] {processor.py:766} INFO - DAG(s) dict_keys(['example_branch_operator']) retrieved from /home/airflow/.local/lib/python3.7/site-packages/airflow/example_dags/example_branch_operator.py
[2025-01-23T19:59:39.596+0000] {logging_mixin.py:120} INFO - [2025-01-23T19:59:39.595+0000] {dag.py:2585} INFO - Sync 1 DAGs
[2025-01-23T19:59:39.639+0000] {logging_mixin.py:120} INFO - [2025-01-23T19:59:39.639+0000] {dag.py:3340} INFO - Setting next_dagrun for example_branch_operator to 2025-01-22T00:00:00+00:00, run_after=2025-01-23T00:00:00+00:00
[2025-01-23T19:59:39.675+0000] {processor.py:176} INFO - Processing /home/airflow/.local/lib/python3.7/site-packages/airflow/example_dags/example_branch_operator.py took 0.224 seconds
[2025-01-23T20:00:09.851+0000] {processor.py:154} INFO - Started process (PID=46342) to work on /home/airflow/.local/lib/python3.7/site-packages/airflow/example_dags/example_branch_operator.py
[2025-01-23T20:00:09.853+0000] {processor.py:756} INFO - Processing file /home/airflow/.local/lib/python3.7/site-packages/airflow/example_dags/example_branch_operator.py for tasks to queue
[2025-01-23T20:00:09.856+0000] {logging_mixin.py:120} INFO - [2025-01-23T20:00:09.855+0000] {dagbag.py:537} INFO - Filling up the DagBag from /home/airflow/.local/lib/python3.7/site-packages/airflow/example_dags/example_branch_operator.py
[2025-01-23T20:00:09.903+0000] {processor.py:766} INFO - DAG(s) dict_keys(['example_branch_operator']) retrieved from /home/airflow/.local/lib/python3.7/site-packages/airflow/example_dags/example_branch_operator.py
[2025-01-23T20:00:09.990+0000] {logging_mixin.py:120} INFO - [2025-01-23T20:00:09.990+0000] {dag.py:2585} INFO - Sync 1 DAGs
[2025-01-23T20:00:10.049+0000] {logging_mixin.py:120} INFO - [2025-01-23T20:00:10.049+0000] {dag.py:3340} INFO - Setting next_dagrun for example_branch_operator to 2025-01-22T00:00:00+00:00, run_after=2025-01-23T00:00:00+00:00
[2025-01-23T20:00:10.092+0000] {processor.py:176} INFO - Processing /home/airflow/.local/lib/python3.7/site-packages/airflow/example_dags/example_branch_operator.py took 0.249 seconds
[2025-01-23T20:00:40.503+0000] {processor.py:154} INFO - Started process (PID=46405) to work on /home/airflow/.local/lib/python3.7/site-packages/airflow/example_dags/example_branch_operator.py
[2025-01-23T20:00:40.505+0000] {processor.py:756} INFO - Processing file /home/airflow/.local/lib/python3.7/site-packages/airflow/example_dags/example_branch_operator.py for tasks to queue
[2025-01-23T20:00:40.506+0000] {logging_mixin.py:120} INFO - [2025-01-23T20:00:40.506+0000] {dagbag.py:537} INFO - Filling up the DagBag from /home/airflow/.local/lib/python3.7/site-packages/airflow/example_dags/example_branch_operator.py
[2025-01-23T20:00:40.561+0000] {processor.py:766} INFO - DAG(s) dict_keys(['example_branch_operator']) retrieved from /home/airflow/.local/lib/python3.7/site-packages/airflow/example_dags/example_branch_operator.py
[2025-01-23T20:00:40.649+0000] {logging_mixin.py:120} INFO - [2025-01-23T20:00:40.649+0000] {dag.py:2585} INFO - Sync 1 DAGs
[2025-01-23T20:00:40.704+0000] {logging_mixin.py:120} INFO - [2025-01-23T20:00:40.704+0000] {dag.py:3340} INFO - Setting next_dagrun for example_branch_operator to 2025-01-22T00:00:00+00:00, run_after=2025-01-23T00:00:00+00:00
[2025-01-23T20:00:40.745+0000] {processor.py:176} INFO - Processing /home/airflow/.local/lib/python3.7/site-packages/airflow/example_dags/example_branch_operator.py took 0.247 seconds
[2025-01-23T20:01:11.358+0000] {processor.py:154} INFO - Started process (PID=46460) to work on /home/airflow/.local/lib/python3.7/site-packages/airflow/example_dags/example_branch_operator.py
[2025-01-23T20:01:11.360+0000] {processor.py:756} INFO - Processing file /home/airflow/.local/lib/python3.7/site-packages/airflow/example_dags/example_branch_operator.py for tasks to queue
[2025-01-23T20:01:11.362+0000] {logging_mixin.py:120} INFO - [2025-01-23T20:01:11.361+0000] {dagbag.py:537} INFO - Filling up the DagBag from /home/airflow/.local/lib/python3.7/site-packages/airflow/example_dags/example_branch_operator.py
[2025-01-23T20:01:11.397+0000] {processor.py:766} INFO - DAG(s) dict_keys(['example_branch_operator']) retrieved from /home/airflow/.local/lib/python3.7/site-packages/airflow/example_dags/example_branch_operator.py
[2025-01-23T20:01:11.472+0000] {logging_mixin.py:120} INFO - [2025-01-23T20:01:11.471+0000] {dag.py:2585} INFO - Sync 1 DAGs
[2025-01-23T20:01:11.528+0000] {logging_mixin.py:120} INFO - [2025-01-23T20:01:11.528+0000] {dag.py:3340} INFO - Setting next_dagrun for example_branch_operator to 2025-01-22T00:00:00+00:00, run_after=2025-01-23T00:00:00+00:00
[2025-01-23T20:01:11.574+0000] {processor.py:176} INFO - Processing /home/airflow/.local/lib/python3.7/site-packages/airflow/example_dags/example_branch_operator.py took 0.223 seconds
[2025-01-23T20:01:42.475+0000] {processor.py:154} INFO - Started process (PID=46514) to work on /home/airflow/.local/lib/python3.7/site-packages/airflow/example_dags/example_branch_operator.py
[2025-01-23T20:01:42.482+0000] {processor.py:756} INFO - Processing file /home/airflow/.local/lib/python3.7/site-packages/airflow/example_dags/example_branch_operator.py for tasks to queue
[2025-01-23T20:01:42.486+0000] {logging_mixin.py:120} INFO - [2025-01-23T20:01:42.485+0000] {dagbag.py:537} INFO - Filling up the DagBag from /home/airflow/.local/lib/python3.7/site-packages/airflow/example_dags/example_branch_operator.py
[2025-01-23T20:01:42.572+0000] {processor.py:766} INFO - DAG(s) dict_keys(['example_branch_operator']) retrieved from /home/airflow/.local/lib/python3.7/site-packages/airflow/example_dags/example_branch_operator.py
[2025-01-23T20:01:42.750+0000] {logging_mixin.py:120} INFO - [2025-01-23T20:01:42.750+0000] {dag.py:2585} INFO - Sync 1 DAGs
[2025-01-23T20:01:42.812+0000] {logging_mixin.py:120} INFO - [2025-01-23T20:01:42.812+0000] {dag.py:3340} INFO - Setting next_dagrun for example_branch_operator to 2025-01-22T00:00:00+00:00, run_after=2025-01-23T00:00:00+00:00
[2025-01-23T20:01:42.844+0000] {processor.py:176} INFO - Processing /home/airflow/.local/lib/python3.7/site-packages/airflow/example_dags/example_branch_operator.py took 0.386 seconds
[2025-01-23T20:02:13.077+0000] {processor.py:154} INFO - Started process (PID=46577) to work on /home/airflow/.local/lib/python3.7/site-packages/airflow/example_dags/example_branch_operator.py
[2025-01-23T20:02:13.078+0000] {processor.py:756} INFO - Processing file /home/airflow/.local/lib/python3.7/site-packages/airflow/example_dags/example_branch_operator.py for tasks to queue
[2025-01-23T20:02:13.080+0000] {logging_mixin.py:120} INFO - [2025-01-23T20:02:13.080+0000] {dagbag.py:537} INFO - Filling up the DagBag from /home/airflow/.local/lib/python3.7/site-packages/airflow/example_dags/example_branch_operator.py
[2025-01-23T20:02:13.112+0000] {processor.py:766} INFO - DAG(s) dict_keys(['example_branch_operator']) retrieved from /home/airflow/.local/lib/python3.7/site-packages/airflow/example_dags/example_branch_operator.py
[2025-01-23T20:02:13.183+0000] {logging_mixin.py:120} INFO - [2025-01-23T20:02:13.183+0000] {dag.py:2585} INFO - Sync 1 DAGs
[2025-01-23T20:02:13.237+0000] {logging_mixin.py:120} INFO - [2025-01-23T20:02:13.236+0000] {dag.py:3340} INFO - Setting next_dagrun for example_branch_operator to 2025-01-22T00:00:00+00:00, run_after=2025-01-23T00:00:00+00:00
[2025-01-23T20:02:13.278+0000] {processor.py:176} INFO - Processing /home/airflow/.local/lib/python3.7/site-packages/airflow/example_dags/example_branch_operator.py took 0.206 seconds
[2025-01-23T20:02:43.884+0000] {processor.py:154} INFO - Started process (PID=46631) to work on /home/airflow/.local/lib/python3.7/site-packages/airflow/example_dags/example_branch_operator.py
[2025-01-23T20:02:43.886+0000] {processor.py:756} INFO - Processing file /home/airflow/.local/lib/python3.7/site-packages/airflow/example_dags/example_branch_operator.py for tasks to queue
[2025-01-23T20:02:43.888+0000] {logging_mixin.py:120} INFO - [2025-01-23T20:02:43.888+0000] {dagbag.py:537} INFO - Filling up the DagBag from /home/airflow/.local/lib/python3.7/site-packages/airflow/example_dags/example_branch_operator.py
[2025-01-23T20:02:43.924+0000] {processor.py:766} INFO - DAG(s) dict_keys(['example_branch_operator']) retrieved from /home/airflow/.local/lib/python3.7/site-packages/airflow/example_dags/example_branch_operator.py
[2025-01-23T20:02:44.010+0000] {logging_mixin.py:120} INFO - [2025-01-23T20:02:44.010+0000] {dag.py:2585} INFO - Sync 1 DAGs
[2025-01-23T20:02:44.067+0000] {logging_mixin.py:120} INFO - [2025-01-23T20:02:44.067+0000] {dag.py:3340} INFO - Setting next_dagrun for example_branch_operator to 2025-01-22T00:00:00+00:00, run_after=2025-01-23T00:00:00+00:00
[2025-01-23T20:02:44.108+0000] {processor.py:176} INFO - Processing /home/airflow/.local/lib/python3.7/site-packages/airflow/example_dags/example_branch_operator.py took 0.231 seconds
[2025-01-23T20:03:14.374+0000] {processor.py:154} INFO - Started process (PID=46692) to work on /home/airflow/.local/lib/python3.7/site-packages/airflow/example_dags/example_branch_operator.py
[2025-01-23T20:03:14.376+0000] {processor.py:756} INFO - Processing file /home/airflow/.local/lib/python3.7/site-packages/airflow/example_dags/example_branch_operator.py for tasks to queue
[2025-01-23T20:03:14.377+0000] {logging_mixin.py:120} INFO - [2025-01-23T20:03:14.377+0000] {dagbag.py:537} INFO - Filling up the DagBag from /home/airflow/.local/lib/python3.7/site-packages/airflow/example_dags/example_branch_operator.py
[2025-01-23T20:03:14.417+0000] {processor.py:766} INFO - DAG(s) dict_keys(['example_branch_operator']) retrieved from /home/airflow/.local/lib/python3.7/site-packages/airflow/example_dags/example_branch_operator.py
[2025-01-23T20:03:14.502+0000] {logging_mixin.py:120} INFO - [2025-01-23T20:03:14.502+0000] {dag.py:2585} INFO - Sync 1 DAGs
[2025-01-23T20:03:14.558+0000] {logging_mixin.py:120} INFO - [2025-01-23T20:03:14.558+0000] {dag.py:3340} INFO - Setting next_dagrun for example_branch_operator to 2025-01-22T00:00:00+00:00, run_after=2025-01-23T00:00:00+00:00
[2025-01-23T20:03:14.594+0000] {processor.py:176} INFO - Processing /home/airflow/.local/lib/python3.7/site-packages/airflow/example_dags/example_branch_operator.py took 0.225 seconds
[2025-01-23T20:03:45.536+0000] {processor.py:154} INFO - Started process (PID=46748) to work on /home/airflow/.local/lib/python3.7/site-packages/airflow/example_dags/example_branch_operator.py
[2025-01-23T20:03:45.538+0000] {processor.py:756} INFO - Processing file /home/airflow/.local/lib/python3.7/site-packages/airflow/example_dags/example_branch_operator.py for tasks to queue
[2025-01-23T20:03:45.539+0000] {logging_mixin.py:120} INFO - [2025-01-23T20:03:45.539+0000] {dagbag.py:537} INFO - Filling up the DagBag from /home/airflow/.local/lib/python3.7/site-packages/airflow/example_dags/example_branch_operator.py
[2025-01-23T20:03:45.573+0000] {processor.py:766} INFO - DAG(s) dict_keys(['example_branch_operator']) retrieved from /home/airflow/.local/lib/python3.7/site-packages/airflow/example_dags/example_branch_operator.py
[2025-01-23T20:03:45.648+0000] {logging_mixin.py:120} INFO - [2025-01-23T20:03:45.647+0000] {dag.py:2585} INFO - Sync 1 DAGs
[2025-01-23T20:03:45.692+0000] {logging_mixin.py:120} INFO - [2025-01-23T20:03:45.692+0000] {dag.py:3340} INFO - Setting next_dagrun for example_branch_operator to 2025-01-22T00:00:00+00:00, run_after=2025-01-23T00:00:00+00:00
[2025-01-23T20:03:45.724+0000] {processor.py:176} INFO - Processing /home/airflow/.local/lib/python3.7/site-packages/airflow/example_dags/example_branch_operator.py took 0.196 seconds
[2025-01-23T20:04:16.653+0000] {processor.py:154} INFO - Started process (PID=46802) to work on /home/airflow/.local/lib/python3.7/site-packages/airflow/example_dags/example_branch_operator.py
[2025-01-23T20:04:16.655+0000] {processor.py:756} INFO - Processing file /home/airflow/.local/lib/python3.7/site-packages/airflow/example_dags/example_branch_operator.py for tasks to queue
[2025-01-23T20:04:16.656+0000] {logging_mixin.py:120} INFO - [2025-01-23T20:04:16.656+0000] {dagbag.py:537} INFO - Filling up the DagBag from /home/airflow/.local/lib/python3.7/site-packages/airflow/example_dags/example_branch_operator.py
[2025-01-23T20:04:16.694+0000] {processor.py:766} INFO - DAG(s) dict_keys(['example_branch_operator']) retrieved from /home/airflow/.local/lib/python3.7/site-packages/airflow/example_dags/example_branch_operator.py
[2025-01-23T20:04:16.770+0000] {logging_mixin.py:120} INFO - [2025-01-23T20:04:16.770+0000] {dag.py:2585} INFO - Sync 1 DAGs
[2025-01-23T20:04:16.833+0000] {logging_mixin.py:120} INFO - [2025-01-23T20:04:16.833+0000] {dag.py:3340} INFO - Setting next_dagrun for example_branch_operator to 2025-01-22T00:00:00+00:00, run_after=2025-01-23T00:00:00+00:00
[2025-01-23T20:04:16.881+0000] {processor.py:176} INFO - Processing /home/airflow/.local/lib/python3.7/site-packages/airflow/example_dags/example_branch_operator.py took 0.233 seconds
[2025-01-23T20:04:47.938+0000] {processor.py:154} INFO - Started process (PID=46866) to work on /home/airflow/.local/lib/python3.7/site-packages/airflow/example_dags/example_branch_operator.py
[2025-01-23T20:04:47.940+0000] {processor.py:756} INFO - Processing file /home/airflow/.local/lib/python3.7/site-packages/airflow/example_dags/example_branch_operator.py for tasks to queue
[2025-01-23T20:04:47.941+0000] {logging_mixin.py:120} INFO - [2025-01-23T20:04:47.941+0000] {dagbag.py:537} INFO - Filling up the DagBag from /home/airflow/.local/lib/python3.7/site-packages/airflow/example_dags/example_branch_operator.py
[2025-01-23T20:04:47.971+0000] {processor.py:766} INFO - DAG(s) dict_keys(['example_branch_operator']) retrieved from /home/airflow/.local/lib/python3.7/site-packages/airflow/example_dags/example_branch_operator.py
[2025-01-23T20:04:48.039+0000] {logging_mixin.py:120} INFO - [2025-01-23T20:04:48.039+0000] {dag.py:2585} INFO - Sync 1 DAGs
[2025-01-23T20:04:48.143+0000] {logging_mixin.py:120} INFO - [2025-01-23T20:04:48.142+0000] {dag.py:3340} INFO - Setting next_dagrun for example_branch_operator to 2025-01-22T00:00:00+00:00, run_after=2025-01-23T00:00:00+00:00
[2025-01-23T20:04:48.226+0000] {processor.py:176} INFO - Processing /home/airflow/.local/lib/python3.7/site-packages/airflow/example_dags/example_branch_operator.py took 0.293 seconds
[2025-01-23T20:05:18.358+0000] {processor.py:154} INFO - Started process (PID=46919) to work on /home/airflow/.local/lib/python3.7/site-packages/airflow/example_dags/example_branch_operator.py
[2025-01-23T20:05:18.360+0000] {processor.py:756} INFO - Processing file /home/airflow/.local/lib/python3.7/site-packages/airflow/example_dags/example_branch_operator.py for tasks to queue
[2025-01-23T20:05:18.361+0000] {logging_mixin.py:120} INFO - [2025-01-23T20:05:18.361+0000] {dagbag.py:537} INFO - Filling up the DagBag from /home/airflow/.local/lib/python3.7/site-packages/airflow/example_dags/example_branch_operator.py
[2025-01-23T20:05:18.409+0000] {processor.py:766} INFO - DAG(s) dict_keys(['example_branch_operator']) retrieved from /home/airflow/.local/lib/python3.7/site-packages/airflow/example_dags/example_branch_operator.py
[2025-01-23T20:05:18.483+0000] {logging_mixin.py:120} INFO - [2025-01-23T20:05:18.483+0000] {dag.py:2585} INFO - Sync 1 DAGs
[2025-01-23T20:05:18.528+0000] {logging_mixin.py:120} INFO - [2025-01-23T20:05:18.528+0000] {dag.py:3340} INFO - Setting next_dagrun for example_branch_operator to 2025-01-22T00:00:00+00:00, run_after=2025-01-23T00:00:00+00:00
[2025-01-23T20:05:18.564+0000] {processor.py:176} INFO - Processing /home/airflow/.local/lib/python3.7/site-packages/airflow/example_dags/example_branch_operator.py took 0.211 seconds
[2025-01-23T20:05:48.780+0000] {processor.py:154} INFO - Started process (PID=46982) to work on /home/airflow/.local/lib/python3.7/site-packages/airflow/example_dags/example_branch_operator.py
[2025-01-23T20:05:48.782+0000] {processor.py:756} INFO - Processing file /home/airflow/.local/lib/python3.7/site-packages/airflow/example_dags/example_branch_operator.py for tasks to queue
[2025-01-23T20:05:48.784+0000] {logging_mixin.py:120} INFO - [2025-01-23T20:05:48.783+0000] {dagbag.py:537} INFO - Filling up the DagBag from /home/airflow/.local/lib/python3.7/site-packages/airflow/example_dags/example_branch_operator.py
[2025-01-23T20:05:48.817+0000] {processor.py:766} INFO - DAG(s) dict_keys(['example_branch_operator']) retrieved from /home/airflow/.local/lib/python3.7/site-packages/airflow/example_dags/example_branch_operator.py
[2025-01-23T20:05:48.885+0000] {logging_mixin.py:120} INFO - [2025-01-23T20:05:48.885+0000] {dag.py:2585} INFO - Sync 1 DAGs
[2025-01-23T20:05:48.928+0000] {logging_mixin.py:120} INFO - [2025-01-23T20:05:48.927+0000] {dag.py:3340} INFO - Setting next_dagrun for example_branch_operator to 2025-01-22T00:00:00+00:00, run_after=2025-01-23T00:00:00+00:00
[2025-01-23T20:05:48.966+0000] {processor.py:176} INFO - Processing /home/airflow/.local/lib/python3.7/site-packages/airflow/example_dags/example_branch_operator.py took 0.193 seconds
[2025-01-23T20:06:19.594+0000] {processor.py:154} INFO - Started process (PID=47036) to work on /home/airflow/.local/lib/python3.7/site-packages/airflow/example_dags/example_branch_operator.py
[2025-01-23T20:06:19.596+0000] {processor.py:756} INFO - Processing file /home/airflow/.local/lib/python3.7/site-packages/airflow/example_dags/example_branch_operator.py for tasks to queue
[2025-01-23T20:06:19.597+0000] {logging_mixin.py:120} INFO - [2025-01-23T20:06:19.597+0000] {dagbag.py:537} INFO - Filling up the DagBag from /home/airflow/.local/lib/python3.7/site-packages/airflow/example_dags/example_branch_operator.py
[2025-01-23T20:06:19.634+0000] {processor.py:766} INFO - DAG(s) dict_keys(['example_branch_operator']) retrieved from /home/airflow/.local/lib/python3.7/site-packages/airflow/example_dags/example_branch_operator.py
[2025-01-23T20:06:19.769+0000] {logging_mixin.py:120} INFO - [2025-01-23T20:06:19.769+0000] {dag.py:2585} INFO - Sync 1 DAGs
[2025-01-23T20:06:19.856+0000] {logging_mixin.py:120} INFO - [2025-01-23T20:06:19.855+0000] {dag.py:3340} INFO - Setting next_dagrun for example_branch_operator to 2025-01-22T00:00:00+00:00, run_after=2025-01-23T00:00:00+00:00
[2025-01-23T20:06:19.930+0000] {processor.py:176} INFO - Processing /home/airflow/.local/lib/python3.7/site-packages/airflow/example_dags/example_branch_operator.py took 0.342 seconds
[2025-01-23T20:06:50.379+0000] {processor.py:154} INFO - Started process (PID=47099) to work on /home/airflow/.local/lib/python3.7/site-packages/airflow/example_dags/example_branch_operator.py
[2025-01-23T20:06:50.380+0000] {processor.py:756} INFO - Processing file /home/airflow/.local/lib/python3.7/site-packages/airflow/example_dags/example_branch_operator.py for tasks to queue
[2025-01-23T20:06:50.382+0000] {logging_mixin.py:120} INFO - [2025-01-23T20:06:50.382+0000] {dagbag.py:537} INFO - Filling up the DagBag from /home/airflow/.local/lib/python3.7/site-packages/airflow/example_dags/example_branch_operator.py
[2025-01-23T20:06:50.413+0000] {processor.py:766} INFO - DAG(s) dict_keys(['example_branch_operator']) retrieved from /home/airflow/.local/lib/python3.7/site-packages/airflow/example_dags/example_branch_operator.py
[2025-01-23T20:06:50.494+0000] {logging_mixin.py:120} INFO - [2025-01-23T20:06:50.493+0000] {dag.py:2585} INFO - Sync 1 DAGs
[2025-01-23T20:06:50.557+0000] {logging_mixin.py:120} INFO - [2025-01-23T20:06:50.557+0000] {dag.py:3340} INFO - Setting next_dagrun for example_branch_operator to 2025-01-22T00:00:00+00:00, run_after=2025-01-23T00:00:00+00:00
[2025-01-23T20:06:50.598+0000] {processor.py:176} INFO - Processing /home/airflow/.local/lib/python3.7/site-packages/airflow/example_dags/example_branch_operator.py took 0.225 seconds
[2025-01-23T20:07:21.034+0000] {processor.py:154} INFO - Started process (PID=47153) to work on /home/airflow/.local/lib/python3.7/site-packages/airflow/example_dags/example_branch_operator.py
[2025-01-23T20:07:21.035+0000] {processor.py:756} INFO - Processing file /home/airflow/.local/lib/python3.7/site-packages/airflow/example_dags/example_branch_operator.py for tasks to queue
[2025-01-23T20:07:21.037+0000] {logging_mixin.py:120} INFO - [2025-01-23T20:07:21.036+0000] {dagbag.py:537} INFO - Filling up the DagBag from /home/airflow/.local/lib/python3.7/site-packages/airflow/example_dags/example_branch_operator.py
[2025-01-23T20:07:21.066+0000] {processor.py:766} INFO - DAG(s) dict_keys(['example_branch_operator']) retrieved from /home/airflow/.local/lib/python3.7/site-packages/airflow/example_dags/example_branch_operator.py
[2025-01-23T20:07:21.135+0000] {logging_mixin.py:120} INFO - [2025-01-23T20:07:21.135+0000] {dag.py:2585} INFO - Sync 1 DAGs
[2025-01-23T20:07:21.182+0000] {logging_mixin.py:120} INFO - [2025-01-23T20:07:21.182+0000] {dag.py:3340} INFO - Setting next_dagrun for example_branch_operator to 2025-01-22T00:00:00+00:00, run_after=2025-01-23T00:00:00+00:00
[2025-01-23T20:07:21.224+0000] {processor.py:176} INFO - Processing /home/airflow/.local/lib/python3.7/site-packages/airflow/example_dags/example_branch_operator.py took 0.195 seconds
[2025-01-23T20:07:51.525+0000] {processor.py:154} INFO - Started process (PID=47215) to work on /home/airflow/.local/lib/python3.7/site-packages/airflow/example_dags/example_branch_operator.py
[2025-01-23T20:07:51.527+0000] {processor.py:756} INFO - Processing file /home/airflow/.local/lib/python3.7/site-packages/airflow/example_dags/example_branch_operator.py for tasks to queue
[2025-01-23T20:07:51.528+0000] {logging_mixin.py:120} INFO - [2025-01-23T20:07:51.528+0000] {dagbag.py:537} INFO - Filling up the DagBag from /home/airflow/.local/lib/python3.7/site-packages/airflow/example_dags/example_branch_operator.py
[2025-01-23T20:07:51.563+0000] {processor.py:766} INFO - DAG(s) dict_keys(['example_branch_operator']) retrieved from /home/airflow/.local/lib/python3.7/site-packages/airflow/example_dags/example_branch_operator.py
[2025-01-23T20:07:51.636+0000] {logging_mixin.py:120} INFO - [2025-01-23T20:07:51.635+0000] {dag.py:2585} INFO - Sync 1 DAGs
[2025-01-23T20:07:51.698+0000] {logging_mixin.py:120} INFO - [2025-01-23T20:07:51.697+0000] {dag.py:3340} INFO - Setting next_dagrun for example_branch_operator to 2025-01-22T00:00:00+00:00, run_after=2025-01-23T00:00:00+00:00
[2025-01-23T20:07:51.731+0000] {processor.py:176} INFO - Processing /home/airflow/.local/lib/python3.7/site-packages/airflow/example_dags/example_branch_operator.py took 0.211 seconds
[2025-01-23T20:08:22.243+0000] {processor.py:154} INFO - Started process (PID=47269) to work on /home/airflow/.local/lib/python3.7/site-packages/airflow/example_dags/example_branch_operator.py
[2025-01-23T20:08:22.245+0000] {processor.py:756} INFO - Processing file /home/airflow/.local/lib/python3.7/site-packages/airflow/example_dags/example_branch_operator.py for tasks to queue
[2025-01-23T20:08:22.246+0000] {logging_mixin.py:120} INFO - [2025-01-23T20:08:22.246+0000] {dagbag.py:537} INFO - Filling up the DagBag from /home/airflow/.local/lib/python3.7/site-packages/airflow/example_dags/example_branch_operator.py
[2025-01-23T20:08:22.277+0000] {processor.py:766} INFO - DAG(s) dict_keys(['example_branch_operator']) retrieved from /home/airflow/.local/lib/python3.7/site-packages/airflow/example_dags/example_branch_operator.py
[2025-01-23T20:08:22.344+0000] {logging_mixin.py:120} INFO - [2025-01-23T20:08:22.344+0000] {dag.py:2585} INFO - Sync 1 DAGs
[2025-01-23T20:08:22.386+0000] {logging_mixin.py:120} INFO - [2025-01-23T20:08:22.386+0000] {dag.py:3340} INFO - Setting next_dagrun for example_branch_operator to 2025-01-22T00:00:00+00:00, run_after=2025-01-23T00:00:00+00:00
[2025-01-23T20:08:22.418+0000] {processor.py:176} INFO - Processing /home/airflow/.local/lib/python3.7/site-packages/airflow/example_dags/example_branch_operator.py took 0.181 seconds
[2025-01-23T20:08:52.726+0000] {processor.py:154} INFO - Started process (PID=47330) to work on /home/airflow/.local/lib/python3.7/site-packages/airflow/example_dags/example_branch_operator.py
[2025-01-23T20:08:52.729+0000] {processor.py:756} INFO - Processing file /home/airflow/.local/lib/python3.7/site-packages/airflow/example_dags/example_branch_operator.py for tasks to queue
[2025-01-23T20:08:52.732+0000] {logging_mixin.py:120} INFO - [2025-01-23T20:08:52.731+0000] {dagbag.py:537} INFO - Filling up the DagBag from /home/airflow/.local/lib/python3.7/site-packages/airflow/example_dags/example_branch_operator.py
[2025-01-23T20:08:52.772+0000] {processor.py:766} INFO - DAG(s) dict_keys(['example_branch_operator']) retrieved from /home/airflow/.local/lib/python3.7/site-packages/airflow/example_dags/example_branch_operator.py
[2025-01-23T20:08:52.844+0000] {logging_mixin.py:120} INFO - [2025-01-23T20:08:52.844+0000] {dag.py:2585} INFO - Sync 1 DAGs
[2025-01-23T20:08:52.909+0000] {logging_mixin.py:120} INFO - [2025-01-23T20:08:52.909+0000] {dag.py:3340} INFO - Setting next_dagrun for example_branch_operator to 2025-01-22T00:00:00+00:00, run_after=2025-01-23T00:00:00+00:00
[2025-01-23T20:08:52.950+0000] {processor.py:176} INFO - Processing /home/airflow/.local/lib/python3.7/site-packages/airflow/example_dags/example_branch_operator.py took 0.232 seconds
[2025-01-23T20:09:23.655+0000] {processor.py:154} INFO - Started process (PID=47386) to work on /home/airflow/.local/lib/python3.7/site-packages/airflow/example_dags/example_branch_operator.py
[2025-01-23T20:09:23.657+0000] {processor.py:756} INFO - Processing file /home/airflow/.local/lib/python3.7/site-packages/airflow/example_dags/example_branch_operator.py for tasks to queue
[2025-01-23T20:09:23.658+0000] {logging_mixin.py:120} INFO - [2025-01-23T20:09:23.658+0000] {dagbag.py:537} INFO - Filling up the DagBag from /home/airflow/.local/lib/python3.7/site-packages/airflow/example_dags/example_branch_operator.py
[2025-01-23T20:09:23.693+0000] {processor.py:766} INFO - DAG(s) dict_keys(['example_branch_operator']) retrieved from /home/airflow/.local/lib/python3.7/site-packages/airflow/example_dags/example_branch_operator.py
[2025-01-23T20:09:23.768+0000] {logging_mixin.py:120} INFO - [2025-01-23T20:09:23.768+0000] {dag.py:2585} INFO - Sync 1 DAGs
[2025-01-23T20:09:23.813+0000] {logging_mixin.py:120} INFO - [2025-01-23T20:09:23.812+0000] {dag.py:3340} INFO - Setting next_dagrun for example_branch_operator to 2025-01-22T00:00:00+00:00, run_after=2025-01-23T00:00:00+00:00
[2025-01-23T20:09:23.851+0000] {processor.py:176} INFO - Processing /home/airflow/.local/lib/python3.7/site-packages/airflow/example_dags/example_branch_operator.py took 0.202 seconds
[2025-01-23T20:09:54.663+0000] {processor.py:154} INFO - Started process (PID=47440) to work on /home/airflow/.local/lib/python3.7/site-packages/airflow/example_dags/example_branch_operator.py
[2025-01-23T20:09:54.666+0000] {processor.py:756} INFO - Processing file /home/airflow/.local/lib/python3.7/site-packages/airflow/example_dags/example_branch_operator.py for tasks to queue
[2025-01-23T20:09:54.668+0000] {logging_mixin.py:120} INFO - [2025-01-23T20:09:54.668+0000] {dagbag.py:537} INFO - Filling up the DagBag from /home/airflow/.local/lib/python3.7/site-packages/airflow/example_dags/example_branch_operator.py
[2025-01-23T20:09:54.713+0000] {processor.py:766} INFO - DAG(s) dict_keys(['example_branch_operator']) retrieved from /home/airflow/.local/lib/python3.7/site-packages/airflow/example_dags/example_branch_operator.py
[2025-01-23T20:09:54.796+0000] {logging_mixin.py:120} INFO - [2025-01-23T20:09:54.795+0000] {dag.py:2585} INFO - Sync 1 DAGs
[2025-01-23T20:09:54.851+0000] {logging_mixin.py:120} INFO - [2025-01-23T20:09:54.851+0000] {dag.py:3340} INFO - Setting next_dagrun for example_branch_operator to 2025-01-22T00:00:00+00:00, run_after=2025-01-23T00:00:00+00:00
[2025-01-23T20:09:54.884+0000] {processor.py:176} INFO - Processing /home/airflow/.local/lib/python3.7/site-packages/airflow/example_dags/example_branch_operator.py took 0.230 seconds
[2025-01-23T20:10:25.573+0000] {processor.py:154} INFO - Started process (PID=47503) to work on /home/airflow/.local/lib/python3.7/site-packages/airflow/example_dags/example_branch_operator.py
[2025-01-23T20:10:25.575+0000] {processor.py:756} INFO - Processing file /home/airflow/.local/lib/python3.7/site-packages/airflow/example_dags/example_branch_operator.py for tasks to queue
[2025-01-23T20:10:25.576+0000] {logging_mixin.py:120} INFO - [2025-01-23T20:10:25.576+0000] {dagbag.py:537} INFO - Filling up the DagBag from /home/airflow/.local/lib/python3.7/site-packages/airflow/example_dags/example_branch_operator.py
[2025-01-23T20:10:25.611+0000] {processor.py:766} INFO - DAG(s) dict_keys(['example_branch_operator']) retrieved from /home/airflow/.local/lib/python3.7/site-packages/airflow/example_dags/example_branch_operator.py
[2025-01-23T20:10:25.680+0000] {logging_mixin.py:120} INFO - [2025-01-23T20:10:25.680+0000] {dag.py:2585} INFO - Sync 1 DAGs
[2025-01-23T20:10:25.724+0000] {logging_mixin.py:120} INFO - [2025-01-23T20:10:25.723+0000] {dag.py:3340} INFO - Setting next_dagrun for example_branch_operator to 2025-01-22T00:00:00+00:00, run_after=2025-01-23T00:00:00+00:00
[2025-01-23T20:10:25.758+0000] {processor.py:176} INFO - Processing /home/airflow/.local/lib/python3.7/site-packages/airflow/example_dags/example_branch_operator.py took 0.190 seconds
[2025-01-23T20:10:56.747+0000] {processor.py:154} INFO - Started process (PID=47557) to work on /home/airflow/.local/lib/python3.7/site-packages/airflow/example_dags/example_branch_operator.py
[2025-01-23T20:10:56.751+0000] {processor.py:756} INFO - Processing file /home/airflow/.local/lib/python3.7/site-packages/airflow/example_dags/example_branch_operator.py for tasks to queue
[2025-01-23T20:10:56.756+0000] {logging_mixin.py:120} INFO - [2025-01-23T20:10:56.755+0000] {dagbag.py:537} INFO - Filling up the DagBag from /home/airflow/.local/lib/python3.7/site-packages/airflow/example_dags/example_branch_operator.py
[2025-01-23T20:10:56.842+0000] {processor.py:766} INFO - DAG(s) dict_keys(['example_branch_operator']) retrieved from /home/airflow/.local/lib/python3.7/site-packages/airflow/example_dags/example_branch_operator.py
[2025-01-23T20:10:56.939+0000] {logging_mixin.py:120} INFO - [2025-01-23T20:10:56.938+0000] {dag.py:2585} INFO - Sync 1 DAGs
[2025-01-23T20:10:57.009+0000] {logging_mixin.py:120} INFO - [2025-01-23T20:10:57.008+0000] {dag.py:3340} INFO - Setting next_dagrun for example_branch_operator to 2025-01-22T00:00:00+00:00, run_after=2025-01-23T00:00:00+00:00
[2025-01-23T20:10:57.072+0000] {processor.py:176} INFO - Processing /home/airflow/.local/lib/python3.7/site-packages/airflow/example_dags/example_branch_operator.py took 0.338 seconds
[2025-01-23T20:11:27.811+0000] {processor.py:154} INFO - Started process (PID=47619) to work on /home/airflow/.local/lib/python3.7/site-packages/airflow/example_dags/example_branch_operator.py
[2025-01-23T20:11:27.813+0000] {processor.py:756} INFO - Processing file /home/airflow/.local/lib/python3.7/site-packages/airflow/example_dags/example_branch_operator.py for tasks to queue
[2025-01-23T20:11:27.814+0000] {logging_mixin.py:120} INFO - [2025-01-23T20:11:27.814+0000] {dagbag.py:537} INFO - Filling up the DagBag from /home/airflow/.local/lib/python3.7/site-packages/airflow/example_dags/example_branch_operator.py
[2025-01-23T20:11:27.848+0000] {processor.py:766} INFO - DAG(s) dict_keys(['example_branch_operator']) retrieved from /home/airflow/.local/lib/python3.7/site-packages/airflow/example_dags/example_branch_operator.py
[2025-01-23T20:11:27.930+0000] {logging_mixin.py:120} INFO - [2025-01-23T20:11:27.929+0000] {dag.py:2585} INFO - Sync 1 DAGs
[2025-01-23T20:11:28.004+0000] {logging_mixin.py:120} INFO - [2025-01-23T20:11:28.004+0000] {dag.py:3340} INFO - Setting next_dagrun for example_branch_operator to 2025-01-22T00:00:00+00:00, run_after=2025-01-23T00:00:00+00:00
[2025-01-23T20:11:28.060+0000] {processor.py:176} INFO - Processing /home/airflow/.local/lib/python3.7/site-packages/airflow/example_dags/example_branch_operator.py took 0.254 seconds
[2025-01-23T20:11:58.436+0000] {processor.py:154} INFO - Started process (PID=47673) to work on /home/airflow/.local/lib/python3.7/site-packages/airflow/example_dags/example_branch_operator.py
[2025-01-23T20:11:58.438+0000] {processor.py:756} INFO - Processing file /home/airflow/.local/lib/python3.7/site-packages/airflow/example_dags/example_branch_operator.py for tasks to queue
[2025-01-23T20:11:58.440+0000] {logging_mixin.py:120} INFO - [2025-01-23T20:11:58.440+0000] {dagbag.py:537} INFO - Filling up the DagBag from /home/airflow/.local/lib/python3.7/site-packages/airflow/example_dags/example_branch_operator.py
[2025-01-23T20:11:58.486+0000] {processor.py:766} INFO - DAG(s) dict_keys(['example_branch_operator']) retrieved from /home/airflow/.local/lib/python3.7/site-packages/airflow/example_dags/example_branch_operator.py
[2025-01-23T20:11:58.572+0000] {logging_mixin.py:120} INFO - [2025-01-23T20:11:58.572+0000] {dag.py:2585} INFO - Sync 1 DAGs
[2025-01-23T20:11:58.633+0000] {logging_mixin.py:120} INFO - [2025-01-23T20:11:58.633+0000] {dag.py:3340} INFO - Setting next_dagrun for example_branch_operator to 2025-01-22T00:00:00+00:00, run_after=2025-01-23T00:00:00+00:00
[2025-01-23T20:11:58.668+0000] {processor.py:176} INFO - Processing /home/airflow/.local/lib/python3.7/site-packages/airflow/example_dags/example_branch_operator.py took 0.241 seconds
[2025-01-23T20:12:29.008+0000] {processor.py:154} INFO - Started process (PID=47735) to work on /home/airflow/.local/lib/python3.7/site-packages/airflow/example_dags/example_branch_operator.py
[2025-01-23T20:12:29.010+0000] {processor.py:756} INFO - Processing file /home/airflow/.local/lib/python3.7/site-packages/airflow/example_dags/example_branch_operator.py for tasks to queue
[2025-01-23T20:12:29.012+0000] {logging_mixin.py:120} INFO - [2025-01-23T20:12:29.012+0000] {dagbag.py:537} INFO - Filling up the DagBag from /home/airflow/.local/lib/python3.7/site-packages/airflow/example_dags/example_branch_operator.py
[2025-01-23T20:12:29.052+0000] {processor.py:766} INFO - DAG(s) dict_keys(['example_branch_operator']) retrieved from /home/airflow/.local/lib/python3.7/site-packages/airflow/example_dags/example_branch_operator.py
[2025-01-23T20:12:29.143+0000] {logging_mixin.py:120} INFO - [2025-01-23T20:12:29.142+0000] {dag.py:2585} INFO - Sync 1 DAGs
[2025-01-23T20:12:29.205+0000] {logging_mixin.py:120} INFO - [2025-01-23T20:12:29.205+0000] {dag.py:3340} INFO - Setting next_dagrun for example_branch_operator to 2025-01-22T00:00:00+00:00, run_after=2025-01-23T00:00:00+00:00
[2025-01-23T20:12:29.248+0000] {processor.py:176} INFO - Processing /home/airflow/.local/lib/python3.7/site-packages/airflow/example_dags/example_branch_operator.py took 0.245 seconds
