[2025-01-23T19:50:16.675+0000] {processor.py:154} INFO - Started process (PID=45293) to work on /home/airflow/.local/lib/python3.7/site-packages/airflow/example_dags/example_branch_python_dop_operator_3.py
[2025-01-23T19:50:17.131+0000] {processor.py:756} INFO - Processing file /home/airflow/.local/lib/python3.7/site-packages/airflow/example_dags/example_branch_python_dop_operator_3.py for tasks to queue
[2025-01-23T19:50:17.459+0000] {logging_mixin.py:120} INFO - [2025-01-23T19:50:17.458+0000] {dagbag.py:537} INFO - Filling up the DagBag from /home/airflow/.local/lib/python3.7/site-packages/airflow/example_dags/example_branch_python_dop_operator_3.py
[2025-01-23T19:50:22.034+0000] {processor.py:766} INFO - DAG(s) dict_keys(['example_branch_dop_operator_v3']) retrieved from /home/airflow/.local/lib/python3.7/site-packages/airflow/example_dags/example_branch_python_dop_operator_3.py
[2025-01-23T19:50:23.828+0000] {logging_mixin.py:120} INFO - [2025-01-23T19:50:23.827+0000] {dag.py:2585} INFO - Sync 1 DAGs
[2025-01-23T19:50:24.383+0000] {logging_mixin.py:120} INFO - [2025-01-23T19:50:24.383+0000] {dag.py:3340} INFO - Setting next_dagrun for example_branch_dop_operator_v3 to 2025-01-23T19:49:00+00:00, run_after=2025-01-23T19:50:00+00:00
[2025-01-23T19:50:24.692+0000] {processor.py:176} INFO - Processing /home/airflow/.local/lib/python3.7/site-packages/airflow/example_dags/example_branch_python_dop_operator_3.py took 10.078 seconds
[2025-01-23T19:50:55.480+0000] {processor.py:154} INFO - Started process (PID=45349) to work on /home/airflow/.local/lib/python3.7/site-packages/airflow/example_dags/example_branch_python_dop_operator_3.py
[2025-01-23T19:50:55.482+0000] {processor.py:756} INFO - Processing file /home/airflow/.local/lib/python3.7/site-packages/airflow/example_dags/example_branch_python_dop_operator_3.py for tasks to queue
[2025-01-23T19:50:55.485+0000] {logging_mixin.py:120} INFO - [2025-01-23T19:50:55.485+0000] {dagbag.py:537} INFO - Filling up the DagBag from /home/airflow/.local/lib/python3.7/site-packages/airflow/example_dags/example_branch_python_dop_operator_3.py
[2025-01-23T19:50:55.557+0000] {processor.py:766} INFO - DAG(s) dict_keys(['example_branch_dop_operator_v3']) retrieved from /home/airflow/.local/lib/python3.7/site-packages/airflow/example_dags/example_branch_python_dop_operator_3.py
[2025-01-23T19:50:55.687+0000] {logging_mixin.py:120} INFO - [2025-01-23T19:50:55.686+0000] {dag.py:2585} INFO - Sync 1 DAGs
[2025-01-23T19:50:55.856+0000] {logging_mixin.py:120} INFO - [2025-01-23T19:50:55.856+0000] {dag.py:3340} INFO - Setting next_dagrun for example_branch_dop_operator_v3 to 2025-01-23T19:49:00+00:00, run_after=2025-01-23T19:50:00+00:00
[2025-01-23T19:50:55.959+0000] {processor.py:176} INFO - Processing /home/airflow/.local/lib/python3.7/site-packages/airflow/example_dags/example_branch_python_dop_operator_3.py took 0.486 seconds
[2025-01-23T19:51:26.977+0000] {processor.py:154} INFO - Started process (PID=45404) to work on /home/airflow/.local/lib/python3.7/site-packages/airflow/example_dags/example_branch_python_dop_operator_3.py
[2025-01-23T19:51:26.981+0000] {processor.py:756} INFO - Processing file /home/airflow/.local/lib/python3.7/site-packages/airflow/example_dags/example_branch_python_dop_operator_3.py for tasks to queue
[2025-01-23T19:51:26.983+0000] {logging_mixin.py:120} INFO - [2025-01-23T19:51:26.982+0000] {dagbag.py:537} INFO - Filling up the DagBag from /home/airflow/.local/lib/python3.7/site-packages/airflow/example_dags/example_branch_python_dop_operator_3.py
[2025-01-23T19:51:27.231+0000] {processor.py:766} INFO - DAG(s) dict_keys(['example_branch_dop_operator_v3']) retrieved from /home/airflow/.local/lib/python3.7/site-packages/airflow/example_dags/example_branch_python_dop_operator_3.py
[2025-01-23T19:51:27.757+0000] {logging_mixin.py:120} INFO - [2025-01-23T19:51:27.757+0000] {dag.py:2585} INFO - Sync 1 DAGs
[2025-01-23T19:51:28.001+0000] {logging_mixin.py:120} INFO - [2025-01-23T19:51:28.001+0000] {dag.py:3340} INFO - Setting next_dagrun for example_branch_dop_operator_v3 to 2025-01-23T19:50:00+00:00, run_after=2025-01-23T19:51:00+00:00
[2025-01-23T19:51:28.119+0000] {processor.py:176} INFO - Processing /home/airflow/.local/lib/python3.7/site-packages/airflow/example_dags/example_branch_python_dop_operator_3.py took 1.185 seconds
[2025-01-23T19:51:58.592+0000] {processor.py:154} INFO - Started process (PID=45449) to work on /home/airflow/.local/lib/python3.7/site-packages/airflow/example_dags/example_branch_python_dop_operator_3.py
[2025-01-23T19:51:58.594+0000] {processor.py:756} INFO - Processing file /home/airflow/.local/lib/python3.7/site-packages/airflow/example_dags/example_branch_python_dop_operator_3.py for tasks to queue
[2025-01-23T19:51:58.604+0000] {logging_mixin.py:120} INFO - [2025-01-23T19:51:58.595+0000] {dagbag.py:537} INFO - Filling up the DagBag from /home/airflow/.local/lib/python3.7/site-packages/airflow/example_dags/example_branch_python_dop_operator_3.py
[2025-01-23T19:51:58.759+0000] {processor.py:766} INFO - DAG(s) dict_keys(['example_branch_dop_operator_v3']) retrieved from /home/airflow/.local/lib/python3.7/site-packages/airflow/example_dags/example_branch_python_dop_operator_3.py
[2025-01-23T19:51:59.024+0000] {logging_mixin.py:120} INFO - [2025-01-23T19:51:59.024+0000] {dag.py:2585} INFO - Sync 1 DAGs
[2025-01-23T19:51:59.251+0000] {logging_mixin.py:120} INFO - [2025-01-23T19:51:59.251+0000] {dag.py:3340} INFO - Setting next_dagrun for example_branch_dop_operator_v3 to 2025-01-23T19:50:00+00:00, run_after=2025-01-23T19:51:00+00:00
[2025-01-23T19:51:59.379+0000] {processor.py:176} INFO - Processing /home/airflow/.local/lib/python3.7/site-packages/airflow/example_dags/example_branch_python_dop_operator_3.py took 0.794 seconds
[2025-01-23T19:52:30.121+0000] {processor.py:154} INFO - Started process (PID=45503) to work on /home/airflow/.local/lib/python3.7/site-packages/airflow/example_dags/example_branch_python_dop_operator_3.py
[2025-01-23T19:52:30.122+0000] {processor.py:756} INFO - Processing file /home/airflow/.local/lib/python3.7/site-packages/airflow/example_dags/example_branch_python_dop_operator_3.py for tasks to queue
[2025-01-23T19:52:30.124+0000] {logging_mixin.py:120} INFO - [2025-01-23T19:52:30.124+0000] {dagbag.py:537} INFO - Filling up the DagBag from /home/airflow/.local/lib/python3.7/site-packages/airflow/example_dags/example_branch_python_dop_operator_3.py
[2025-01-23T19:52:30.296+0000] {processor.py:766} INFO - DAG(s) dict_keys(['example_branch_dop_operator_v3']) retrieved from /home/airflow/.local/lib/python3.7/site-packages/airflow/example_dags/example_branch_python_dop_operator_3.py
[2025-01-23T19:52:30.552+0000] {logging_mixin.py:120} INFO - [2025-01-23T19:52:30.552+0000] {dag.py:2585} INFO - Sync 1 DAGs
[2025-01-23T19:52:30.704+0000] {logging_mixin.py:120} INFO - [2025-01-23T19:52:30.703+0000] {dag.py:3340} INFO - Setting next_dagrun for example_branch_dop_operator_v3 to 2025-01-23T19:51:00+00:00, run_after=2025-01-23T19:52:00+00:00
[2025-01-23T19:52:30.830+0000] {processor.py:176} INFO - Processing /home/airflow/.local/lib/python3.7/site-packages/airflow/example_dags/example_branch_python_dop_operator_3.py took 0.717 seconds
[2025-01-23T19:53:01.633+0000] {processor.py:154} INFO - Started process (PID=45557) to work on /home/airflow/.local/lib/python3.7/site-packages/airflow/example_dags/example_branch_python_dop_operator_3.py
[2025-01-23T19:53:01.636+0000] {processor.py:756} INFO - Processing file /home/airflow/.local/lib/python3.7/site-packages/airflow/example_dags/example_branch_python_dop_operator_3.py for tasks to queue
[2025-01-23T19:53:01.637+0000] {logging_mixin.py:120} INFO - [2025-01-23T19:53:01.637+0000] {dagbag.py:537} INFO - Filling up the DagBag from /home/airflow/.local/lib/python3.7/site-packages/airflow/example_dags/example_branch_python_dop_operator_3.py
[2025-01-23T19:53:01.690+0000] {processor.py:766} INFO - DAG(s) dict_keys(['example_branch_dop_operator_v3']) retrieved from /home/airflow/.local/lib/python3.7/site-packages/airflow/example_dags/example_branch_python_dop_operator_3.py
[2025-01-23T19:53:01.759+0000] {logging_mixin.py:120} INFO - [2025-01-23T19:53:01.759+0000] {dag.py:2585} INFO - Sync 1 DAGs
[2025-01-23T19:53:01.822+0000] {logging_mixin.py:120} INFO - [2025-01-23T19:53:01.821+0000] {dag.py:3340} INFO - Setting next_dagrun for example_branch_dop_operator_v3 to 2025-01-23T19:52:00+00:00, run_after=2025-01-23T19:53:00+00:00
[2025-01-23T19:53:01.861+0000] {processor.py:176} INFO - Processing /home/airflow/.local/lib/python3.7/site-packages/airflow/example_dags/example_branch_python_dop_operator_3.py took 0.234 seconds
[2025-01-23T19:53:32.522+0000] {processor.py:154} INFO - Started process (PID=45620) to work on /home/airflow/.local/lib/python3.7/site-packages/airflow/example_dags/example_branch_python_dop_operator_3.py
[2025-01-23T19:53:32.524+0000] {processor.py:756} INFO - Processing file /home/airflow/.local/lib/python3.7/site-packages/airflow/example_dags/example_branch_python_dop_operator_3.py for tasks to queue
[2025-01-23T19:53:32.526+0000] {logging_mixin.py:120} INFO - [2025-01-23T19:53:32.526+0000] {dagbag.py:537} INFO - Filling up the DagBag from /home/airflow/.local/lib/python3.7/site-packages/airflow/example_dags/example_branch_python_dop_operator_3.py
[2025-01-23T19:53:32.576+0000] {processor.py:766} INFO - DAG(s) dict_keys(['example_branch_dop_operator_v3']) retrieved from /home/airflow/.local/lib/python3.7/site-packages/airflow/example_dags/example_branch_python_dop_operator_3.py
[2025-01-23T19:53:32.671+0000] {logging_mixin.py:120} INFO - [2025-01-23T19:53:32.671+0000] {dag.py:2585} INFO - Sync 1 DAGs
[2025-01-23T19:53:32.743+0000] {logging_mixin.py:120} INFO - [2025-01-23T19:53:32.743+0000] {dag.py:3340} INFO - Setting next_dagrun for example_branch_dop_operator_v3 to 2025-01-23T19:52:00+00:00, run_after=2025-01-23T19:53:00+00:00
[2025-01-23T19:53:32.788+0000] {processor.py:176} INFO - Processing /home/airflow/.local/lib/python3.7/site-packages/airflow/example_dags/example_branch_python_dop_operator_3.py took 0.273 seconds
[2025-01-23T19:54:03.427+0000] {processor.py:154} INFO - Started process (PID=45674) to work on /home/airflow/.local/lib/python3.7/site-packages/airflow/example_dags/example_branch_python_dop_operator_3.py
[2025-01-23T19:54:03.431+0000] {processor.py:756} INFO - Processing file /home/airflow/.local/lib/python3.7/site-packages/airflow/example_dags/example_branch_python_dop_operator_3.py for tasks to queue
[2025-01-23T19:54:03.435+0000] {logging_mixin.py:120} INFO - [2025-01-23T19:54:03.434+0000] {dagbag.py:537} INFO - Filling up the DagBag from /home/airflow/.local/lib/python3.7/site-packages/airflow/example_dags/example_branch_python_dop_operator_3.py
[2025-01-23T19:54:03.510+0000] {processor.py:766} INFO - DAG(s) dict_keys(['example_branch_dop_operator_v3']) retrieved from /home/airflow/.local/lib/python3.7/site-packages/airflow/example_dags/example_branch_python_dop_operator_3.py
[2025-01-23T19:54:03.617+0000] {logging_mixin.py:120} INFO - [2025-01-23T19:54:03.617+0000] {dag.py:2585} INFO - Sync 1 DAGs
[2025-01-23T19:54:03.695+0000] {logging_mixin.py:120} INFO - [2025-01-23T19:54:03.694+0000] {dag.py:3340} INFO - Setting next_dagrun for example_branch_dop_operator_v3 to 2025-01-23T19:53:00+00:00, run_after=2025-01-23T19:54:00+00:00
[2025-01-23T19:54:03.740+0000] {processor.py:176} INFO - Processing /home/airflow/.local/lib/python3.7/site-packages/airflow/example_dags/example_branch_python_dop_operator_3.py took 0.328 seconds
[2025-01-23T19:54:33.887+0000] {processor.py:154} INFO - Started process (PID=45728) to work on /home/airflow/.local/lib/python3.7/site-packages/airflow/example_dags/example_branch_python_dop_operator_3.py
[2025-01-23T19:54:33.889+0000] {processor.py:756} INFO - Processing file /home/airflow/.local/lib/python3.7/site-packages/airflow/example_dags/example_branch_python_dop_operator_3.py for tasks to queue
[2025-01-23T19:54:33.891+0000] {logging_mixin.py:120} INFO - [2025-01-23T19:54:33.891+0000] {dagbag.py:537} INFO - Filling up the DagBag from /home/airflow/.local/lib/python3.7/site-packages/airflow/example_dags/example_branch_python_dop_operator_3.py
[2025-01-23T19:54:33.948+0000] {processor.py:766} INFO - DAG(s) dict_keys(['example_branch_dop_operator_v3']) retrieved from /home/airflow/.local/lib/python3.7/site-packages/airflow/example_dags/example_branch_python_dop_operator_3.py
[2025-01-23T19:54:34.035+0000] {logging_mixin.py:120} INFO - [2025-01-23T19:54:34.035+0000] {dag.py:2585} INFO - Sync 1 DAGs
[2025-01-23T19:54:34.108+0000] {logging_mixin.py:120} INFO - [2025-01-23T19:54:34.108+0000] {dag.py:3340} INFO - Setting next_dagrun for example_branch_dop_operator_v3 to 2025-01-23T19:53:00+00:00, run_after=2025-01-23T19:54:00+00:00
[2025-01-23T19:54:34.154+0000] {processor.py:176} INFO - Processing /home/airflow/.local/lib/python3.7/site-packages/airflow/example_dags/example_branch_python_dop_operator_3.py took 0.275 seconds
[2025-01-23T19:55:04.645+0000] {processor.py:154} INFO - Started process (PID=45782) to work on /home/airflow/.local/lib/python3.7/site-packages/airflow/example_dags/example_branch_python_dop_operator_3.py
[2025-01-23T19:55:04.647+0000] {processor.py:756} INFO - Processing file /home/airflow/.local/lib/python3.7/site-packages/airflow/example_dags/example_branch_python_dop_operator_3.py for tasks to queue
[2025-01-23T19:55:04.649+0000] {logging_mixin.py:120} INFO - [2025-01-23T19:55:04.649+0000] {dagbag.py:537} INFO - Filling up the DagBag from /home/airflow/.local/lib/python3.7/site-packages/airflow/example_dags/example_branch_python_dop_operator_3.py
[2025-01-23T19:55:04.707+0000] {processor.py:766} INFO - DAG(s) dict_keys(['example_branch_dop_operator_v3']) retrieved from /home/airflow/.local/lib/python3.7/site-packages/airflow/example_dags/example_branch_python_dop_operator_3.py
[2025-01-23T19:55:04.811+0000] {logging_mixin.py:120} INFO - [2025-01-23T19:55:04.811+0000] {dag.py:2585} INFO - Sync 1 DAGs
[2025-01-23T19:55:04.874+0000] {logging_mixin.py:120} INFO - [2025-01-23T19:55:04.874+0000] {dag.py:3340} INFO - Setting next_dagrun for example_branch_dop_operator_v3 to 2025-01-23T19:54:00+00:00, run_after=2025-01-23T19:55:00+00:00
[2025-01-23T19:55:04.914+0000] {processor.py:176} INFO - Processing /home/airflow/.local/lib/python3.7/site-packages/airflow/example_dags/example_branch_python_dop_operator_3.py took 0.275 seconds
[2025-01-23T19:55:35.635+0000] {processor.py:154} INFO - Started process (PID=45846) to work on /home/airflow/.local/lib/python3.7/site-packages/airflow/example_dags/example_branch_python_dop_operator_3.py
[2025-01-23T19:55:35.639+0000] {processor.py:756} INFO - Processing file /home/airflow/.local/lib/python3.7/site-packages/airflow/example_dags/example_branch_python_dop_operator_3.py for tasks to queue
[2025-01-23T19:55:35.644+0000] {logging_mixin.py:120} INFO - [2025-01-23T19:55:35.643+0000] {dagbag.py:537} INFO - Filling up the DagBag from /home/airflow/.local/lib/python3.7/site-packages/airflow/example_dags/example_branch_python_dop_operator_3.py
[2025-01-23T19:55:35.812+0000] {processor.py:766} INFO - DAG(s) dict_keys(['example_branch_dop_operator_v3']) retrieved from /home/airflow/.local/lib/python3.7/site-packages/airflow/example_dags/example_branch_python_dop_operator_3.py
[2025-01-23T19:55:35.888+0000] {logging_mixin.py:120} INFO - [2025-01-23T19:55:35.888+0000] {dag.py:2585} INFO - Sync 1 DAGs
[2025-01-23T19:55:35.947+0000] {logging_mixin.py:120} INFO - [2025-01-23T19:55:35.946+0000] {dag.py:3340} INFO - Setting next_dagrun for example_branch_dop_operator_v3 to 2025-01-23T19:54:00+00:00, run_after=2025-01-23T19:55:00+00:00
[2025-01-23T19:55:35.982+0000] {processor.py:176} INFO - Processing /home/airflow/.local/lib/python3.7/site-packages/airflow/example_dags/example_branch_python_dop_operator_3.py took 0.366 seconds
[2025-01-23T19:56:07.182+0000] {processor.py:154} INFO - Started process (PID=45897) to work on /home/airflow/.local/lib/python3.7/site-packages/airflow/example_dags/example_branch_python_dop_operator_3.py
[2025-01-23T19:56:07.184+0000] {processor.py:756} INFO - Processing file /home/airflow/.local/lib/python3.7/site-packages/airflow/example_dags/example_branch_python_dop_operator_3.py for tasks to queue
[2025-01-23T19:56:07.186+0000] {logging_mixin.py:120} INFO - [2025-01-23T19:56:07.185+0000] {dagbag.py:537} INFO - Filling up the DagBag from /home/airflow/.local/lib/python3.7/site-packages/airflow/example_dags/example_branch_python_dop_operator_3.py
[2025-01-23T19:56:07.315+0000] {processor.py:766} INFO - DAG(s) dict_keys(['example_branch_dop_operator_v3']) retrieved from /home/airflow/.local/lib/python3.7/site-packages/airflow/example_dags/example_branch_python_dop_operator_3.py
[2025-01-23T19:56:07.564+0000] {logging_mixin.py:120} INFO - [2025-01-23T19:56:07.564+0000] {dag.py:2585} INFO - Sync 1 DAGs
[2025-01-23T19:56:07.726+0000] {logging_mixin.py:120} INFO - [2025-01-23T19:56:07.725+0000] {dag.py:3340} INFO - Setting next_dagrun for example_branch_dop_operator_v3 to 2025-01-23T19:55:00+00:00, run_after=2025-01-23T19:56:00+00:00
[2025-01-23T19:56:07.901+0000] {processor.py:176} INFO - Processing /home/airflow/.local/lib/python3.7/site-packages/airflow/example_dags/example_branch_python_dop_operator_3.py took 0.736 seconds
[2025-01-23T19:56:38.757+0000] {processor.py:154} INFO - Started process (PID=45951) to work on /home/airflow/.local/lib/python3.7/site-packages/airflow/example_dags/example_branch_python_dop_operator_3.py
[2025-01-23T19:56:38.759+0000] {processor.py:756} INFO - Processing file /home/airflow/.local/lib/python3.7/site-packages/airflow/example_dags/example_branch_python_dop_operator_3.py for tasks to queue
[2025-01-23T19:56:38.761+0000] {logging_mixin.py:120} INFO - [2025-01-23T19:56:38.761+0000] {dagbag.py:537} INFO - Filling up the DagBag from /home/airflow/.local/lib/python3.7/site-packages/airflow/example_dags/example_branch_python_dop_operator_3.py
[2025-01-23T19:56:38.824+0000] {processor.py:766} INFO - DAG(s) dict_keys(['example_branch_dop_operator_v3']) retrieved from /home/airflow/.local/lib/python3.7/site-packages/airflow/example_dags/example_branch_python_dop_operator_3.py
[2025-01-23T19:56:38.929+0000] {logging_mixin.py:120} INFO - [2025-01-23T19:56:38.929+0000] {dag.py:2585} INFO - Sync 1 DAGs
[2025-01-23T19:56:38.992+0000] {logging_mixin.py:120} INFO - [2025-01-23T19:56:38.991+0000] {dag.py:3340} INFO - Setting next_dagrun for example_branch_dop_operator_v3 to 2025-01-23T19:55:00+00:00, run_after=2025-01-23T19:56:00+00:00
[2025-01-23T19:56:39.033+0000] {processor.py:176} INFO - Processing /home/airflow/.local/lib/python3.7/site-packages/airflow/example_dags/example_branch_python_dop_operator_3.py took 0.284 seconds
[2025-01-23T19:57:09.433+0000] {processor.py:154} INFO - Started process (PID=46005) to work on /home/airflow/.local/lib/python3.7/site-packages/airflow/example_dags/example_branch_python_dop_operator_3.py
[2025-01-23T19:57:09.434+0000] {processor.py:756} INFO - Processing file /home/airflow/.local/lib/python3.7/site-packages/airflow/example_dags/example_branch_python_dop_operator_3.py for tasks to queue
[2025-01-23T19:57:09.436+0000] {logging_mixin.py:120} INFO - [2025-01-23T19:57:09.436+0000] {dagbag.py:537} INFO - Filling up the DagBag from /home/airflow/.local/lib/python3.7/site-packages/airflow/example_dags/example_branch_python_dop_operator_3.py
[2025-01-23T19:57:09.479+0000] {processor.py:766} INFO - DAG(s) dict_keys(['example_branch_dop_operator_v3']) retrieved from /home/airflow/.local/lib/python3.7/site-packages/airflow/example_dags/example_branch_python_dop_operator_3.py
[2025-01-23T19:57:09.595+0000] {logging_mixin.py:120} INFO - [2025-01-23T19:57:09.595+0000] {dag.py:2585} INFO - Sync 1 DAGs
[2025-01-23T19:57:09.663+0000] {logging_mixin.py:120} INFO - [2025-01-23T19:57:09.663+0000] {dag.py:3340} INFO - Setting next_dagrun for example_branch_dop_operator_v3 to 2025-01-23T19:56:00+00:00, run_after=2025-01-23T19:57:00+00:00
[2025-01-23T19:57:09.710+0000] {processor.py:176} INFO - Processing /home/airflow/.local/lib/python3.7/site-packages/airflow/example_dags/example_branch_python_dop_operator_3.py took 0.284 seconds
[2025-01-23T19:57:39.936+0000] {processor.py:154} INFO - Started process (PID=46068) to work on /home/airflow/.local/lib/python3.7/site-packages/airflow/example_dags/example_branch_python_dop_operator_3.py
[2025-01-23T19:57:39.938+0000] {processor.py:756} INFO - Processing file /home/airflow/.local/lib/python3.7/site-packages/airflow/example_dags/example_branch_python_dop_operator_3.py for tasks to queue
[2025-01-23T19:57:39.940+0000] {logging_mixin.py:120} INFO - [2025-01-23T19:57:39.939+0000] {dagbag.py:537} INFO - Filling up the DagBag from /home/airflow/.local/lib/python3.7/site-packages/airflow/example_dags/example_branch_python_dop_operator_3.py
[2025-01-23T19:57:39.994+0000] {processor.py:766} INFO - DAG(s) dict_keys(['example_branch_dop_operator_v3']) retrieved from /home/airflow/.local/lib/python3.7/site-packages/airflow/example_dags/example_branch_python_dop_operator_3.py
[2025-01-23T19:57:40.078+0000] {logging_mixin.py:120} INFO - [2025-01-23T19:57:40.077+0000] {dag.py:2585} INFO - Sync 1 DAGs
[2025-01-23T19:57:40.166+0000] {logging_mixin.py:120} INFO - [2025-01-23T19:57:40.165+0000] {dag.py:3340} INFO - Setting next_dagrun for example_branch_dop_operator_v3 to 2025-01-23T19:56:00+00:00, run_after=2025-01-23T19:57:00+00:00
[2025-01-23T19:57:40.224+0000] {processor.py:176} INFO - Processing /home/airflow/.local/lib/python3.7/site-packages/airflow/example_dags/example_branch_python_dop_operator_3.py took 0.295 seconds
[2025-01-23T19:58:10.349+0000] {processor.py:154} INFO - Started process (PID=46122) to work on /home/airflow/.local/lib/python3.7/site-packages/airflow/example_dags/example_branch_python_dop_operator_3.py
[2025-01-23T19:58:10.351+0000] {processor.py:756} INFO - Processing file /home/airflow/.local/lib/python3.7/site-packages/airflow/example_dags/example_branch_python_dop_operator_3.py for tasks to queue
[2025-01-23T19:58:10.353+0000] {logging_mixin.py:120} INFO - [2025-01-23T19:58:10.353+0000] {dagbag.py:537} INFO - Filling up the DagBag from /home/airflow/.local/lib/python3.7/site-packages/airflow/example_dags/example_branch_python_dop_operator_3.py
[2025-01-23T19:58:10.399+0000] {processor.py:766} INFO - DAG(s) dict_keys(['example_branch_dop_operator_v3']) retrieved from /home/airflow/.local/lib/python3.7/site-packages/airflow/example_dags/example_branch_python_dop_operator_3.py
[2025-01-23T19:58:10.473+0000] {logging_mixin.py:120} INFO - [2025-01-23T19:58:10.473+0000] {dag.py:2585} INFO - Sync 1 DAGs
[2025-01-23T19:58:10.544+0000] {logging_mixin.py:120} INFO - [2025-01-23T19:58:10.544+0000] {dag.py:3340} INFO - Setting next_dagrun for example_branch_dop_operator_v3 to 2025-01-23T19:57:00+00:00, run_after=2025-01-23T19:58:00+00:00
[2025-01-23T19:58:10.586+0000] {processor.py:176} INFO - Processing /home/airflow/.local/lib/python3.7/site-packages/airflow/example_dags/example_branch_python_dop_operator_3.py took 0.243 seconds
[2025-01-23T19:58:40.908+0000] {processor.py:154} INFO - Started process (PID=46173) to work on /home/airflow/.local/lib/python3.7/site-packages/airflow/example_dags/example_branch_python_dop_operator_3.py
[2025-01-23T19:58:40.911+0000] {processor.py:756} INFO - Processing file /home/airflow/.local/lib/python3.7/site-packages/airflow/example_dags/example_branch_python_dop_operator_3.py for tasks to queue
[2025-01-23T19:58:40.913+0000] {logging_mixin.py:120} INFO - [2025-01-23T19:58:40.913+0000] {dagbag.py:537} INFO - Filling up the DagBag from /home/airflow/.local/lib/python3.7/site-packages/airflow/example_dags/example_branch_python_dop_operator_3.py
[2025-01-23T19:58:40.961+0000] {processor.py:766} INFO - DAG(s) dict_keys(['example_branch_dop_operator_v3']) retrieved from /home/airflow/.local/lib/python3.7/site-packages/airflow/example_dags/example_branch_python_dop_operator_3.py
[2025-01-23T19:58:41.029+0000] {logging_mixin.py:120} INFO - [2025-01-23T19:58:41.029+0000] {dag.py:2585} INFO - Sync 1 DAGs
[2025-01-23T19:58:41.084+0000] {logging_mixin.py:120} INFO - [2025-01-23T19:58:41.084+0000] {dag.py:3340} INFO - Setting next_dagrun for example_branch_dop_operator_v3 to 2025-01-23T19:57:00+00:00, run_after=2025-01-23T19:58:00+00:00
[2025-01-23T19:58:41.119+0000] {processor.py:176} INFO - Processing /home/airflow/.local/lib/python3.7/site-packages/airflow/example_dags/example_branch_python_dop_operator_3.py took 0.220 seconds
[2025-01-23T19:59:11.887+0000] {processor.py:154} INFO - Started process (PID=46237) to work on /home/airflow/.local/lib/python3.7/site-packages/airflow/example_dags/example_branch_python_dop_operator_3.py
[2025-01-23T19:59:11.889+0000] {processor.py:756} INFO - Processing file /home/airflow/.local/lib/python3.7/site-packages/airflow/example_dags/example_branch_python_dop_operator_3.py for tasks to queue
[2025-01-23T19:59:11.891+0000] {logging_mixin.py:120} INFO - [2025-01-23T19:59:11.891+0000] {dagbag.py:537} INFO - Filling up the DagBag from /home/airflow/.local/lib/python3.7/site-packages/airflow/example_dags/example_branch_python_dop_operator_3.py
[2025-01-23T19:59:11.985+0000] {processor.py:766} INFO - DAG(s) dict_keys(['example_branch_dop_operator_v3']) retrieved from /home/airflow/.local/lib/python3.7/site-packages/airflow/example_dags/example_branch_python_dop_operator_3.py
[2025-01-23T19:59:12.142+0000] {logging_mixin.py:120} INFO - [2025-01-23T19:59:12.142+0000] {dag.py:2585} INFO - Sync 1 DAGs
[2025-01-23T19:59:12.223+0000] {logging_mixin.py:120} INFO - [2025-01-23T19:59:12.223+0000] {dag.py:3340} INFO - Setting next_dagrun for example_branch_dop_operator_v3 to 2025-01-23T19:58:00+00:00, run_after=2025-01-23T19:59:00+00:00
[2025-01-23T19:59:12.275+0000] {processor.py:176} INFO - Processing /home/airflow/.local/lib/python3.7/site-packages/airflow/example_dags/example_branch_python_dop_operator_3.py took 0.404 seconds
[2025-01-23T19:59:42.684+0000] {processor.py:154} INFO - Started process (PID=46292) to work on /home/airflow/.local/lib/python3.7/site-packages/airflow/example_dags/example_branch_python_dop_operator_3.py
[2025-01-23T19:59:42.688+0000] {processor.py:756} INFO - Processing file /home/airflow/.local/lib/python3.7/site-packages/airflow/example_dags/example_branch_python_dop_operator_3.py for tasks to queue
[2025-01-23T19:59:42.691+0000] {logging_mixin.py:120} INFO - [2025-01-23T19:59:42.691+0000] {dagbag.py:537} INFO - Filling up the DagBag from /home/airflow/.local/lib/python3.7/site-packages/airflow/example_dags/example_branch_python_dop_operator_3.py
[2025-01-23T19:59:42.812+0000] {processor.py:766} INFO - DAG(s) dict_keys(['example_branch_dop_operator_v3']) retrieved from /home/airflow/.local/lib/python3.7/site-packages/airflow/example_dags/example_branch_python_dop_operator_3.py
[2025-01-23T19:59:42.939+0000] {logging_mixin.py:120} INFO - [2025-01-23T19:59:42.938+0000] {dag.py:2585} INFO - Sync 1 DAGs
[2025-01-23T19:59:43.042+0000] {logging_mixin.py:120} INFO - [2025-01-23T19:59:43.042+0000] {dag.py:3340} INFO - Setting next_dagrun for example_branch_dop_operator_v3 to 2025-01-23T19:58:00+00:00, run_after=2025-01-23T19:59:00+00:00
[2025-01-23T19:59:43.116+0000] {processor.py:176} INFO - Processing /home/airflow/.local/lib/python3.7/site-packages/airflow/example_dags/example_branch_python_dop_operator_3.py took 0.444 seconds
[2025-01-23T20:00:13.403+0000] {processor.py:154} INFO - Started process (PID=46347) to work on /home/airflow/.local/lib/python3.7/site-packages/airflow/example_dags/example_branch_python_dop_operator_3.py
[2025-01-23T20:00:13.405+0000] {processor.py:756} INFO - Processing file /home/airflow/.local/lib/python3.7/site-packages/airflow/example_dags/example_branch_python_dop_operator_3.py for tasks to queue
[2025-01-23T20:00:13.406+0000] {logging_mixin.py:120} INFO - [2025-01-23T20:00:13.406+0000] {dagbag.py:537} INFO - Filling up the DagBag from /home/airflow/.local/lib/python3.7/site-packages/airflow/example_dags/example_branch_python_dop_operator_3.py
[2025-01-23T20:00:13.474+0000] {processor.py:766} INFO - DAG(s) dict_keys(['example_branch_dop_operator_v3']) retrieved from /home/airflow/.local/lib/python3.7/site-packages/airflow/example_dags/example_branch_python_dop_operator_3.py
[2025-01-23T20:00:13.575+0000] {logging_mixin.py:120} INFO - [2025-01-23T20:00:13.574+0000] {dag.py:2585} INFO - Sync 1 DAGs
[2025-01-23T20:00:13.627+0000] {logging_mixin.py:120} INFO - [2025-01-23T20:00:13.627+0000] {dag.py:3340} INFO - Setting next_dagrun for example_branch_dop_operator_v3 to 2025-01-23T19:59:00+00:00, run_after=2025-01-23T20:00:00+00:00
[2025-01-23T20:00:13.658+0000] {processor.py:176} INFO - Processing /home/airflow/.local/lib/python3.7/site-packages/airflow/example_dags/example_branch_python_dop_operator_3.py took 0.261 seconds
[2025-01-23T20:00:43.913+0000] {processor.py:154} INFO - Started process (PID=46410) to work on /home/airflow/.local/lib/python3.7/site-packages/airflow/example_dags/example_branch_python_dop_operator_3.py
[2025-01-23T20:00:43.915+0000] {processor.py:756} INFO - Processing file /home/airflow/.local/lib/python3.7/site-packages/airflow/example_dags/example_branch_python_dop_operator_3.py for tasks to queue
[2025-01-23T20:00:43.917+0000] {logging_mixin.py:120} INFO - [2025-01-23T20:00:43.916+0000] {dagbag.py:537} INFO - Filling up the DagBag from /home/airflow/.local/lib/python3.7/site-packages/airflow/example_dags/example_branch_python_dop_operator_3.py
[2025-01-23T20:00:43.958+0000] {processor.py:766} INFO - DAG(s) dict_keys(['example_branch_dop_operator_v3']) retrieved from /home/airflow/.local/lib/python3.7/site-packages/airflow/example_dags/example_branch_python_dop_operator_3.py
[2025-01-23T20:00:44.025+0000] {logging_mixin.py:120} INFO - [2025-01-23T20:00:44.025+0000] {dag.py:2585} INFO - Sync 1 DAGs
[2025-01-23T20:00:44.075+0000] {logging_mixin.py:120} INFO - [2025-01-23T20:00:44.075+0000] {dag.py:3340} INFO - Setting next_dagrun for example_branch_dop_operator_v3 to 2025-01-23T19:59:00+00:00, run_after=2025-01-23T20:00:00+00:00
[2025-01-23T20:00:44.107+0000] {processor.py:176} INFO - Processing /home/airflow/.local/lib/python3.7/site-packages/airflow/example_dags/example_branch_python_dop_operator_3.py took 0.200 seconds
[2025-01-23T20:01:14.431+0000] {processor.py:154} INFO - Started process (PID=46465) to work on /home/airflow/.local/lib/python3.7/site-packages/airflow/example_dags/example_branch_python_dop_operator_3.py
[2025-01-23T20:01:14.433+0000] {processor.py:756} INFO - Processing file /home/airflow/.local/lib/python3.7/site-packages/airflow/example_dags/example_branch_python_dop_operator_3.py for tasks to queue
[2025-01-23T20:01:14.434+0000] {logging_mixin.py:120} INFO - [2025-01-23T20:01:14.434+0000] {dagbag.py:537} INFO - Filling up the DagBag from /home/airflow/.local/lib/python3.7/site-packages/airflow/example_dags/example_branch_python_dop_operator_3.py
[2025-01-23T20:01:14.482+0000] {processor.py:766} INFO - DAG(s) dict_keys(['example_branch_dop_operator_v3']) retrieved from /home/airflow/.local/lib/python3.7/site-packages/airflow/example_dags/example_branch_python_dop_operator_3.py
[2025-01-23T20:01:14.547+0000] {logging_mixin.py:120} INFO - [2025-01-23T20:01:14.547+0000] {dag.py:2585} INFO - Sync 1 DAGs
[2025-01-23T20:01:14.592+0000] {logging_mixin.py:120} INFO - [2025-01-23T20:01:14.592+0000] {dag.py:3340} INFO - Setting next_dagrun for example_branch_dop_operator_v3 to 2025-01-23T20:00:00+00:00, run_after=2025-01-23T20:01:00+00:00
[2025-01-23T20:01:14.624+0000] {processor.py:176} INFO - Processing /home/airflow/.local/lib/python3.7/site-packages/airflow/example_dags/example_branch_python_dop_operator_3.py took 0.199 seconds
[2025-01-23T20:01:44.762+0000] {processor.py:154} INFO - Started process (PID=46527) to work on /home/airflow/.local/lib/python3.7/site-packages/airflow/example_dags/example_branch_python_dop_operator_3.py
[2025-01-23T20:01:44.764+0000] {processor.py:756} INFO - Processing file /home/airflow/.local/lib/python3.7/site-packages/airflow/example_dags/example_branch_python_dop_operator_3.py for tasks to queue
[2025-01-23T20:01:44.766+0000] {logging_mixin.py:120} INFO - [2025-01-23T20:01:44.765+0000] {dagbag.py:537} INFO - Filling up the DagBag from /home/airflow/.local/lib/python3.7/site-packages/airflow/example_dags/example_branch_python_dop_operator_3.py
[2025-01-23T20:01:44.819+0000] {processor.py:766} INFO - DAG(s) dict_keys(['example_branch_dop_operator_v3']) retrieved from /home/airflow/.local/lib/python3.7/site-packages/airflow/example_dags/example_branch_python_dop_operator_3.py
[2025-01-23T20:01:44.902+0000] {logging_mixin.py:120} INFO - [2025-01-23T20:01:44.902+0000] {dag.py:2585} INFO - Sync 1 DAGs
[2025-01-23T20:01:44.981+0000] {logging_mixin.py:120} INFO - [2025-01-23T20:01:44.981+0000] {dag.py:3340} INFO - Setting next_dagrun for example_branch_dop_operator_v3 to 2025-01-23T20:00:00+00:00, run_after=2025-01-23T20:01:00+00:00
[2025-01-23T20:01:45.040+0000] {processor.py:176} INFO - Processing /home/airflow/.local/lib/python3.7/site-packages/airflow/example_dags/example_branch_python_dop_operator_3.py took 0.285 seconds
[2025-01-23T20:02:15.188+0000] {processor.py:154} INFO - Started process (PID=46581) to work on /home/airflow/.local/lib/python3.7/site-packages/airflow/example_dags/example_branch_python_dop_operator_3.py
[2025-01-23T20:02:15.190+0000] {processor.py:756} INFO - Processing file /home/airflow/.local/lib/python3.7/site-packages/airflow/example_dags/example_branch_python_dop_operator_3.py for tasks to queue
[2025-01-23T20:02:15.192+0000] {logging_mixin.py:120} INFO - [2025-01-23T20:02:15.192+0000] {dagbag.py:537} INFO - Filling up the DagBag from /home/airflow/.local/lib/python3.7/site-packages/airflow/example_dags/example_branch_python_dop_operator_3.py
[2025-01-23T20:02:15.241+0000] {processor.py:766} INFO - DAG(s) dict_keys(['example_branch_dop_operator_v3']) retrieved from /home/airflow/.local/lib/python3.7/site-packages/airflow/example_dags/example_branch_python_dop_operator_3.py
[2025-01-23T20:02:15.354+0000] {logging_mixin.py:120} INFO - [2025-01-23T20:02:15.354+0000] {dag.py:2585} INFO - Sync 1 DAGs
[2025-01-23T20:02:15.480+0000] {logging_mixin.py:120} INFO - [2025-01-23T20:02:15.479+0000] {dag.py:3340} INFO - Setting next_dagrun for example_branch_dop_operator_v3 to 2025-01-23T20:01:00+00:00, run_after=2025-01-23T20:02:00+00:00
[2025-01-23T20:02:15.552+0000] {processor.py:176} INFO - Processing /home/airflow/.local/lib/python3.7/site-packages/airflow/example_dags/example_branch_python_dop_operator_3.py took 0.371 seconds
[2025-01-23T20:02:46.432+0000] {processor.py:154} INFO - Started process (PID=46635) to work on /home/airflow/.local/lib/python3.7/site-packages/airflow/example_dags/example_branch_python_dop_operator_3.py
[2025-01-23T20:02:46.434+0000] {processor.py:756} INFO - Processing file /home/airflow/.local/lib/python3.7/site-packages/airflow/example_dags/example_branch_python_dop_operator_3.py for tasks to queue
[2025-01-23T20:02:46.435+0000] {logging_mixin.py:120} INFO - [2025-01-23T20:02:46.435+0000] {dagbag.py:537} INFO - Filling up the DagBag from /home/airflow/.local/lib/python3.7/site-packages/airflow/example_dags/example_branch_python_dop_operator_3.py
[2025-01-23T20:02:46.483+0000] {processor.py:766} INFO - DAG(s) dict_keys(['example_branch_dop_operator_v3']) retrieved from /home/airflow/.local/lib/python3.7/site-packages/airflow/example_dags/example_branch_python_dop_operator_3.py
[2025-01-23T20:02:46.570+0000] {logging_mixin.py:120} INFO - [2025-01-23T20:02:46.570+0000] {dag.py:2585} INFO - Sync 1 DAGs
[2025-01-23T20:02:46.629+0000] {logging_mixin.py:120} INFO - [2025-01-23T20:02:46.629+0000] {dag.py:3340} INFO - Setting next_dagrun for example_branch_dop_operator_v3 to 2025-01-23T20:01:00+00:00, run_after=2025-01-23T20:02:00+00:00
[2025-01-23T20:02:46.663+0000] {processor.py:176} INFO - Processing /home/airflow/.local/lib/python3.7/site-packages/airflow/example_dags/example_branch_python_dop_operator_3.py took 0.238 seconds
[2025-01-23T20:03:16.968+0000] {processor.py:154} INFO - Started process (PID=46698) to work on /home/airflow/.local/lib/python3.7/site-packages/airflow/example_dags/example_branch_python_dop_operator_3.py
[2025-01-23T20:03:16.973+0000] {processor.py:756} INFO - Processing file /home/airflow/.local/lib/python3.7/site-packages/airflow/example_dags/example_branch_python_dop_operator_3.py for tasks to queue
[2025-01-23T20:03:16.979+0000] {logging_mixin.py:120} INFO - [2025-01-23T20:03:16.978+0000] {dagbag.py:537} INFO - Filling up the DagBag from /home/airflow/.local/lib/python3.7/site-packages/airflow/example_dags/example_branch_python_dop_operator_3.py
[2025-01-23T20:03:17.137+0000] {processor.py:766} INFO - DAG(s) dict_keys(['example_branch_dop_operator_v3']) retrieved from /home/airflow/.local/lib/python3.7/site-packages/airflow/example_dags/example_branch_python_dop_operator_3.py
[2025-01-23T20:03:17.235+0000] {logging_mixin.py:120} INFO - [2025-01-23T20:03:17.235+0000] {dag.py:2585} INFO - Sync 1 DAGs
[2025-01-23T20:03:17.317+0000] {logging_mixin.py:120} INFO - [2025-01-23T20:03:17.316+0000] {dag.py:3340} INFO - Setting next_dagrun for example_branch_dop_operator_v3 to 2025-01-23T20:02:00+00:00, run_after=2025-01-23T20:03:00+00:00
[2025-01-23T20:03:17.359+0000] {processor.py:176} INFO - Processing /home/airflow/.local/lib/python3.7/site-packages/airflow/example_dags/example_branch_python_dop_operator_3.py took 0.406 seconds
[2025-01-23T20:03:48.107+0000] {processor.py:154} INFO - Started process (PID=46752) to work on /home/airflow/.local/lib/python3.7/site-packages/airflow/example_dags/example_branch_python_dop_operator_3.py
[2025-01-23T20:03:48.108+0000] {processor.py:756} INFO - Processing file /home/airflow/.local/lib/python3.7/site-packages/airflow/example_dags/example_branch_python_dop_operator_3.py for tasks to queue
[2025-01-23T20:03:48.110+0000] {logging_mixin.py:120} INFO - [2025-01-23T20:03:48.109+0000] {dagbag.py:537} INFO - Filling up the DagBag from /home/airflow/.local/lib/python3.7/site-packages/airflow/example_dags/example_branch_python_dop_operator_3.py
[2025-01-23T20:03:48.168+0000] {processor.py:766} INFO - DAG(s) dict_keys(['example_branch_dop_operator_v3']) retrieved from /home/airflow/.local/lib/python3.7/site-packages/airflow/example_dags/example_branch_python_dop_operator_3.py
[2025-01-23T20:03:48.251+0000] {logging_mixin.py:120} INFO - [2025-01-23T20:03:48.251+0000] {dag.py:2585} INFO - Sync 1 DAGs
[2025-01-23T20:03:48.318+0000] {logging_mixin.py:120} INFO - [2025-01-23T20:03:48.317+0000] {dag.py:3340} INFO - Setting next_dagrun for example_branch_dop_operator_v3 to 2025-01-23T20:02:00+00:00, run_after=2025-01-23T20:03:00+00:00
[2025-01-23T20:03:48.368+0000] {processor.py:176} INFO - Processing /home/airflow/.local/lib/python3.7/site-packages/airflow/example_dags/example_branch_python_dop_operator_3.py took 0.267 seconds
[2025-01-23T20:04:18.539+0000] {processor.py:154} INFO - Started process (PID=46815) to work on /home/airflow/.local/lib/python3.7/site-packages/airflow/example_dags/example_branch_python_dop_operator_3.py
[2025-01-23T20:04:18.541+0000] {processor.py:756} INFO - Processing file /home/airflow/.local/lib/python3.7/site-packages/airflow/example_dags/example_branch_python_dop_operator_3.py for tasks to queue
[2025-01-23T20:04:18.542+0000] {logging_mixin.py:120} INFO - [2025-01-23T20:04:18.542+0000] {dagbag.py:537} INFO - Filling up the DagBag from /home/airflow/.local/lib/python3.7/site-packages/airflow/example_dags/example_branch_python_dop_operator_3.py
[2025-01-23T20:04:18.592+0000] {processor.py:766} INFO - DAG(s) dict_keys(['example_branch_dop_operator_v3']) retrieved from /home/airflow/.local/lib/python3.7/site-packages/airflow/example_dags/example_branch_python_dop_operator_3.py
[2025-01-23T20:04:18.680+0000] {logging_mixin.py:120} INFO - [2025-01-23T20:04:18.679+0000] {dag.py:2585} INFO - Sync 1 DAGs
[2025-01-23T20:04:18.749+0000] {logging_mixin.py:120} INFO - [2025-01-23T20:04:18.749+0000] {dag.py:3340} INFO - Setting next_dagrun for example_branch_dop_operator_v3 to 2025-01-23T20:03:00+00:00, run_after=2025-01-23T20:04:00+00:00
[2025-01-23T20:04:18.790+0000] {processor.py:176} INFO - Processing /home/airflow/.local/lib/python3.7/site-packages/airflow/example_dags/example_branch_python_dop_operator_3.py took 0.257 seconds
[2025-01-23T20:04:49.009+0000] {processor.py:154} INFO - Started process (PID=46870) to work on /home/airflow/.local/lib/python3.7/site-packages/airflow/example_dags/example_branch_python_dop_operator_3.py
[2025-01-23T20:04:49.015+0000] {processor.py:756} INFO - Processing file /home/airflow/.local/lib/python3.7/site-packages/airflow/example_dags/example_branch_python_dop_operator_3.py for tasks to queue
[2025-01-23T20:04:49.019+0000] {logging_mixin.py:120} INFO - [2025-01-23T20:04:49.019+0000] {dagbag.py:537} INFO - Filling up the DagBag from /home/airflow/.local/lib/python3.7/site-packages/airflow/example_dags/example_branch_python_dop_operator_3.py
[2025-01-23T20:04:49.140+0000] {processor.py:766} INFO - DAG(s) dict_keys(['example_branch_dop_operator_v3']) retrieved from /home/airflow/.local/lib/python3.7/site-packages/airflow/example_dags/example_branch_python_dop_operator_3.py
[2025-01-23T20:04:49.313+0000] {logging_mixin.py:120} INFO - [2025-01-23T20:04:49.312+0000] {dag.py:2585} INFO - Sync 1 DAGs
[2025-01-23T20:04:49.489+0000] {logging_mixin.py:120} INFO - [2025-01-23T20:04:49.488+0000] {dag.py:3340} INFO - Setting next_dagrun for example_branch_dop_operator_v3 to 2025-01-23T20:03:00+00:00, run_after=2025-01-23T20:04:00+00:00
[2025-01-23T20:04:49.608+0000] {processor.py:176} INFO - Processing /home/airflow/.local/lib/python3.7/site-packages/airflow/example_dags/example_branch_python_dop_operator_3.py took 0.617 seconds
[2025-01-23T20:05:19.746+0000] {processor.py:154} INFO - Started process (PID=46931) to work on /home/airflow/.local/lib/python3.7/site-packages/airflow/example_dags/example_branch_python_dop_operator_3.py
[2025-01-23T20:05:19.748+0000] {processor.py:756} INFO - Processing file /home/airflow/.local/lib/python3.7/site-packages/airflow/example_dags/example_branch_python_dop_operator_3.py for tasks to queue
[2025-01-23T20:05:19.750+0000] {logging_mixin.py:120} INFO - [2025-01-23T20:05:19.750+0000] {dagbag.py:537} INFO - Filling up the DagBag from /home/airflow/.local/lib/python3.7/site-packages/airflow/example_dags/example_branch_python_dop_operator_3.py
[2025-01-23T20:05:19.809+0000] {processor.py:766} INFO - DAG(s) dict_keys(['example_branch_dop_operator_v3']) retrieved from /home/airflow/.local/lib/python3.7/site-packages/airflow/example_dags/example_branch_python_dop_operator_3.py
[2025-01-23T20:05:19.897+0000] {logging_mixin.py:120} INFO - [2025-01-23T20:05:19.897+0000] {dag.py:2585} INFO - Sync 1 DAGs
[2025-01-23T20:05:19.966+0000] {logging_mixin.py:120} INFO - [2025-01-23T20:05:19.966+0000] {dag.py:3340} INFO - Setting next_dagrun for example_branch_dop_operator_v3 to 2025-01-23T20:04:00+00:00, run_after=2025-01-23T20:05:00+00:00
[2025-01-23T20:05:20.004+0000] {processor.py:176} INFO - Processing /home/airflow/.local/lib/python3.7/site-packages/airflow/example_dags/example_branch_python_dop_operator_3.py took 0.263 seconds
[2025-01-23T20:05:50.427+0000] {processor.py:154} INFO - Started process (PID=46987) to work on /home/airflow/.local/lib/python3.7/site-packages/airflow/example_dags/example_branch_python_dop_operator_3.py
[2025-01-23T20:05:50.428+0000] {processor.py:756} INFO - Processing file /home/airflow/.local/lib/python3.7/site-packages/airflow/example_dags/example_branch_python_dop_operator_3.py for tasks to queue
[2025-01-23T20:05:50.430+0000] {logging_mixin.py:120} INFO - [2025-01-23T20:05:50.430+0000] {dagbag.py:537} INFO - Filling up the DagBag from /home/airflow/.local/lib/python3.7/site-packages/airflow/example_dags/example_branch_python_dop_operator_3.py
[2025-01-23T20:05:50.503+0000] {processor.py:766} INFO - DAG(s) dict_keys(['example_branch_dop_operator_v3']) retrieved from /home/airflow/.local/lib/python3.7/site-packages/airflow/example_dags/example_branch_python_dop_operator_3.py
[2025-01-23T20:05:50.611+0000] {logging_mixin.py:120} INFO - [2025-01-23T20:05:50.610+0000] {dag.py:2585} INFO - Sync 1 DAGs
[2025-01-23T20:05:50.715+0000] {logging_mixin.py:120} INFO - [2025-01-23T20:05:50.715+0000] {dag.py:3340} INFO - Setting next_dagrun for example_branch_dop_operator_v3 to 2025-01-23T20:04:00+00:00, run_after=2025-01-23T20:05:00+00:00
[2025-01-23T20:05:50.765+0000] {processor.py:176} INFO - Processing /home/airflow/.local/lib/python3.7/site-packages/airflow/example_dags/example_branch_python_dop_operator_3.py took 0.344 seconds
[2025-01-23T20:06:21.387+0000] {processor.py:154} INFO - Started process (PID=47040) to work on /home/airflow/.local/lib/python3.7/site-packages/airflow/example_dags/example_branch_python_dop_operator_3.py
[2025-01-23T20:06:21.389+0000] {processor.py:756} INFO - Processing file /home/airflow/.local/lib/python3.7/site-packages/airflow/example_dags/example_branch_python_dop_operator_3.py for tasks to queue
[2025-01-23T20:06:21.390+0000] {logging_mixin.py:120} INFO - [2025-01-23T20:06:21.390+0000] {dagbag.py:537} INFO - Filling up the DagBag from /home/airflow/.local/lib/python3.7/site-packages/airflow/example_dags/example_branch_python_dop_operator_3.py
[2025-01-23T20:06:21.447+0000] {processor.py:766} INFO - DAG(s) dict_keys(['example_branch_dop_operator_v3']) retrieved from /home/airflow/.local/lib/python3.7/site-packages/airflow/example_dags/example_branch_python_dop_operator_3.py
[2025-01-23T20:06:21.580+0000] {logging_mixin.py:120} INFO - [2025-01-23T20:06:21.580+0000] {dag.py:2585} INFO - Sync 1 DAGs
[2025-01-23T20:06:21.637+0000] {logging_mixin.py:120} INFO - [2025-01-23T20:06:21.637+0000] {dag.py:3340} INFO - Setting next_dagrun for example_branch_dop_operator_v3 to 2025-01-23T20:05:00+00:00, run_after=2025-01-23T20:06:00+00:00
[2025-01-23T20:06:21.676+0000] {processor.py:176} INFO - Processing /home/airflow/.local/lib/python3.7/site-packages/airflow/example_dags/example_branch_python_dop_operator_3.py took 0.294 seconds
[2025-01-23T20:06:52.564+0000] {processor.py:154} INFO - Started process (PID=47103) to work on /home/airflow/.local/lib/python3.7/site-packages/airflow/example_dags/example_branch_python_dop_operator_3.py
[2025-01-23T20:06:52.566+0000] {processor.py:756} INFO - Processing file /home/airflow/.local/lib/python3.7/site-packages/airflow/example_dags/example_branch_python_dop_operator_3.py for tasks to queue
[2025-01-23T20:06:52.567+0000] {logging_mixin.py:120} INFO - [2025-01-23T20:06:52.567+0000] {dagbag.py:537} INFO - Filling up the DagBag from /home/airflow/.local/lib/python3.7/site-packages/airflow/example_dags/example_branch_python_dop_operator_3.py
[2025-01-23T20:06:52.608+0000] {processor.py:766} INFO - DAG(s) dict_keys(['example_branch_dop_operator_v3']) retrieved from /home/airflow/.local/lib/python3.7/site-packages/airflow/example_dags/example_branch_python_dop_operator_3.py
[2025-01-23T20:06:52.673+0000] {logging_mixin.py:120} INFO - [2025-01-23T20:06:52.673+0000] {dag.py:2585} INFO - Sync 1 DAGs
[2025-01-23T20:06:52.733+0000] {logging_mixin.py:120} INFO - [2025-01-23T20:06:52.732+0000] {dag.py:3340} INFO - Setting next_dagrun for example_branch_dop_operator_v3 to 2025-01-23T20:05:00+00:00, run_after=2025-01-23T20:06:00+00:00
[2025-01-23T20:06:52.764+0000] {processor.py:176} INFO - Processing /home/airflow/.local/lib/python3.7/site-packages/airflow/example_dags/example_branch_python_dop_operator_3.py took 0.205 seconds
[2025-01-23T20:07:23.351+0000] {processor.py:154} INFO - Started process (PID=47157) to work on /home/airflow/.local/lib/python3.7/site-packages/airflow/example_dags/example_branch_python_dop_operator_3.py
[2025-01-23T20:07:23.356+0000] {processor.py:756} INFO - Processing file /home/airflow/.local/lib/python3.7/site-packages/airflow/example_dags/example_branch_python_dop_operator_3.py for tasks to queue
[2025-01-23T20:07:23.360+0000] {logging_mixin.py:120} INFO - [2025-01-23T20:07:23.359+0000] {dagbag.py:537} INFO - Filling up the DagBag from /home/airflow/.local/lib/python3.7/site-packages/airflow/example_dags/example_branch_python_dop_operator_3.py
[2025-01-23T20:07:23.439+0000] {processor.py:766} INFO - DAG(s) dict_keys(['example_branch_dop_operator_v3']) retrieved from /home/airflow/.local/lib/python3.7/site-packages/airflow/example_dags/example_branch_python_dop_operator_3.py
[2025-01-23T20:07:23.510+0000] {logging_mixin.py:120} INFO - [2025-01-23T20:07:23.510+0000] {dag.py:2585} INFO - Sync 1 DAGs
[2025-01-23T20:07:23.558+0000] {logging_mixin.py:120} INFO - [2025-01-23T20:07:23.558+0000] {dag.py:3340} INFO - Setting next_dagrun for example_branch_dop_operator_v3 to 2025-01-23T20:06:00+00:00, run_after=2025-01-23T20:07:00+00:00
[2025-01-23T20:07:23.593+0000] {processor.py:176} INFO - Processing /home/airflow/.local/lib/python3.7/site-packages/airflow/example_dags/example_branch_python_dop_operator_3.py took 0.256 seconds
[2025-01-23T20:07:53.856+0000] {processor.py:154} INFO - Started process (PID=47218) to work on /home/airflow/.local/lib/python3.7/site-packages/airflow/example_dags/example_branch_python_dop_operator_3.py
[2025-01-23T20:07:53.858+0000] {processor.py:756} INFO - Processing file /home/airflow/.local/lib/python3.7/site-packages/airflow/example_dags/example_branch_python_dop_operator_3.py for tasks to queue
[2025-01-23T20:07:53.861+0000] {logging_mixin.py:120} INFO - [2025-01-23T20:07:53.861+0000] {dagbag.py:537} INFO - Filling up the DagBag from /home/airflow/.local/lib/python3.7/site-packages/airflow/example_dags/example_branch_python_dop_operator_3.py
[2025-01-23T20:07:53.938+0000] {processor.py:766} INFO - DAG(s) dict_keys(['example_branch_dop_operator_v3']) retrieved from /home/airflow/.local/lib/python3.7/site-packages/airflow/example_dags/example_branch_python_dop_operator_3.py
[2025-01-23T20:07:54.061+0000] {logging_mixin.py:120} INFO - [2025-01-23T20:07:54.061+0000] {dag.py:2585} INFO - Sync 1 DAGs
[2025-01-23T20:07:54.163+0000] {logging_mixin.py:120} INFO - [2025-01-23T20:07:54.163+0000] {dag.py:3340} INFO - Setting next_dagrun for example_branch_dop_operator_v3 to 2025-01-23T20:06:00+00:00, run_after=2025-01-23T20:07:00+00:00
[2025-01-23T20:07:54.226+0000] {processor.py:176} INFO - Processing /home/airflow/.local/lib/python3.7/site-packages/airflow/example_dags/example_branch_python_dop_operator_3.py took 0.379 seconds
[2025-01-23T20:08:24.564+0000] {processor.py:154} INFO - Started process (PID=47272) to work on /home/airflow/.local/lib/python3.7/site-packages/airflow/example_dags/example_branch_python_dop_operator_3.py
[2025-01-23T20:08:24.567+0000] {processor.py:756} INFO - Processing file /home/airflow/.local/lib/python3.7/site-packages/airflow/example_dags/example_branch_python_dop_operator_3.py for tasks to queue
[2025-01-23T20:08:24.571+0000] {logging_mixin.py:120} INFO - [2025-01-23T20:08:24.571+0000] {dagbag.py:537} INFO - Filling up the DagBag from /home/airflow/.local/lib/python3.7/site-packages/airflow/example_dags/example_branch_python_dop_operator_3.py
[2025-01-23T20:08:24.686+0000] {processor.py:766} INFO - DAG(s) dict_keys(['example_branch_dop_operator_v3']) retrieved from /home/airflow/.local/lib/python3.7/site-packages/airflow/example_dags/example_branch_python_dop_operator_3.py
[2025-01-23T20:08:24.776+0000] {logging_mixin.py:120} INFO - [2025-01-23T20:08:24.775+0000] {dag.py:2585} INFO - Sync 1 DAGs
[2025-01-23T20:08:24.826+0000] {logging_mixin.py:120} INFO - [2025-01-23T20:08:24.825+0000] {dag.py:3340} INFO - Setting next_dagrun for example_branch_dop_operator_v3 to 2025-01-23T20:07:00+00:00, run_after=2025-01-23T20:08:00+00:00
[2025-01-23T20:08:24.866+0000] {processor.py:176} INFO - Processing /home/airflow/.local/lib/python3.7/site-packages/airflow/example_dags/example_branch_python_dop_operator_3.py took 0.317 seconds
[2025-01-23T20:08:55.121+0000] {processor.py:154} INFO - Started process (PID=47335) to work on /home/airflow/.local/lib/python3.7/site-packages/airflow/example_dags/example_branch_python_dop_operator_3.py
[2025-01-23T20:08:55.125+0000] {processor.py:756} INFO - Processing file /home/airflow/.local/lib/python3.7/site-packages/airflow/example_dags/example_branch_python_dop_operator_3.py for tasks to queue
[2025-01-23T20:08:55.128+0000] {logging_mixin.py:120} INFO - [2025-01-23T20:08:55.128+0000] {dagbag.py:537} INFO - Filling up the DagBag from /home/airflow/.local/lib/python3.7/site-packages/airflow/example_dags/example_branch_python_dop_operator_3.py
[2025-01-23T20:08:55.256+0000] {processor.py:766} INFO - DAG(s) dict_keys(['example_branch_dop_operator_v3']) retrieved from /home/airflow/.local/lib/python3.7/site-packages/airflow/example_dags/example_branch_python_dop_operator_3.py
[2025-01-23T20:08:55.396+0000] {logging_mixin.py:120} INFO - [2025-01-23T20:08:55.396+0000] {dag.py:2585} INFO - Sync 1 DAGs
[2025-01-23T20:08:55.491+0000] {logging_mixin.py:120} INFO - [2025-01-23T20:08:55.490+0000] {dag.py:3340} INFO - Setting next_dagrun for example_branch_dop_operator_v3 to 2025-01-23T20:07:00+00:00, run_after=2025-01-23T20:08:00+00:00
[2025-01-23T20:08:55.539+0000] {processor.py:176} INFO - Processing /home/airflow/.local/lib/python3.7/site-packages/airflow/example_dags/example_branch_python_dop_operator_3.py took 0.435 seconds
[2025-01-23T20:09:25.974+0000] {processor.py:154} INFO - Started process (PID=47389) to work on /home/airflow/.local/lib/python3.7/site-packages/airflow/example_dags/example_branch_python_dop_operator_3.py
[2025-01-23T20:09:25.977+0000] {processor.py:756} INFO - Processing file /home/airflow/.local/lib/python3.7/site-packages/airflow/example_dags/example_branch_python_dop_operator_3.py for tasks to queue
[2025-01-23T20:09:25.981+0000] {logging_mixin.py:120} INFO - [2025-01-23T20:09:25.981+0000] {dagbag.py:537} INFO - Filling up the DagBag from /home/airflow/.local/lib/python3.7/site-packages/airflow/example_dags/example_branch_python_dop_operator_3.py
[2025-01-23T20:09:26.095+0000] {processor.py:766} INFO - DAG(s) dict_keys(['example_branch_dop_operator_v3']) retrieved from /home/airflow/.local/lib/python3.7/site-packages/airflow/example_dags/example_branch_python_dop_operator_3.py
[2025-01-23T20:09:26.160+0000] {logging_mixin.py:120} INFO - [2025-01-23T20:09:26.160+0000] {dag.py:2585} INFO - Sync 1 DAGs
[2025-01-23T20:09:26.210+0000] {logging_mixin.py:120} INFO - [2025-01-23T20:09:26.209+0000] {dag.py:3340} INFO - Setting next_dagrun for example_branch_dop_operator_v3 to 2025-01-23T20:08:00+00:00, run_after=2025-01-23T20:09:00+00:00
[2025-01-23T20:09:26.241+0000] {processor.py:176} INFO - Processing /home/airflow/.local/lib/python3.7/site-packages/airflow/example_dags/example_branch_python_dop_operator_3.py took 0.281 seconds
[2025-01-23T20:09:57.054+0000] {processor.py:154} INFO - Started process (PID=47453) to work on /home/airflow/.local/lib/python3.7/site-packages/airflow/example_dags/example_branch_python_dop_operator_3.py
[2025-01-23T20:09:57.056+0000] {processor.py:756} INFO - Processing file /home/airflow/.local/lib/python3.7/site-packages/airflow/example_dags/example_branch_python_dop_operator_3.py for tasks to queue
[2025-01-23T20:09:57.058+0000] {logging_mixin.py:120} INFO - [2025-01-23T20:09:57.057+0000] {dagbag.py:537} INFO - Filling up the DagBag from /home/airflow/.local/lib/python3.7/site-packages/airflow/example_dags/example_branch_python_dop_operator_3.py
[2025-01-23T20:09:57.102+0000] {processor.py:766} INFO - DAG(s) dict_keys(['example_branch_dop_operator_v3']) retrieved from /home/airflow/.local/lib/python3.7/site-packages/airflow/example_dags/example_branch_python_dop_operator_3.py
[2025-01-23T20:09:57.169+0000] {logging_mixin.py:120} INFO - [2025-01-23T20:09:57.168+0000] {dag.py:2585} INFO - Sync 1 DAGs
[2025-01-23T20:09:57.242+0000] {logging_mixin.py:120} INFO - [2025-01-23T20:09:57.242+0000] {dag.py:3340} INFO - Setting next_dagrun for example_branch_dop_operator_v3 to 2025-01-23T20:08:00+00:00, run_after=2025-01-23T20:09:00+00:00
[2025-01-23T20:09:57.308+0000] {processor.py:176} INFO - Processing /home/airflow/.local/lib/python3.7/site-packages/airflow/example_dags/example_branch_python_dop_operator_3.py took 0.260 seconds
[2025-01-23T20:10:27.903+0000] {processor.py:154} INFO - Started process (PID=47507) to work on /home/airflow/.local/lib/python3.7/site-packages/airflow/example_dags/example_branch_python_dop_operator_3.py
[2025-01-23T20:10:27.905+0000] {processor.py:756} INFO - Processing file /home/airflow/.local/lib/python3.7/site-packages/airflow/example_dags/example_branch_python_dop_operator_3.py for tasks to queue
[2025-01-23T20:10:27.906+0000] {logging_mixin.py:120} INFO - [2025-01-23T20:10:27.906+0000] {dagbag.py:537} INFO - Filling up the DagBag from /home/airflow/.local/lib/python3.7/site-packages/airflow/example_dags/example_branch_python_dop_operator_3.py
[2025-01-23T20:10:27.952+0000] {processor.py:766} INFO - DAG(s) dict_keys(['example_branch_dop_operator_v3']) retrieved from /home/airflow/.local/lib/python3.7/site-packages/airflow/example_dags/example_branch_python_dop_operator_3.py
[2025-01-23T20:10:28.047+0000] {logging_mixin.py:120} INFO - [2025-01-23T20:10:28.046+0000] {dag.py:2585} INFO - Sync 1 DAGs
[2025-01-23T20:10:28.150+0000] {logging_mixin.py:120} INFO - [2025-01-23T20:10:28.149+0000] {dag.py:3340} INFO - Setting next_dagrun for example_branch_dop_operator_v3 to 2025-01-23T20:09:00+00:00, run_after=2025-01-23T20:10:00+00:00
[2025-01-23T20:10:28.182+0000] {processor.py:176} INFO - Processing /home/airflow/.local/lib/python3.7/site-packages/airflow/example_dags/example_branch_python_dop_operator_3.py took 0.284 seconds
[2025-01-23T20:10:58.475+0000] {processor.py:154} INFO - Started process (PID=47569) to work on /home/airflow/.local/lib/python3.7/site-packages/airflow/example_dags/example_branch_python_dop_operator_3.py
[2025-01-23T20:10:58.477+0000] {processor.py:756} INFO - Processing file /home/airflow/.local/lib/python3.7/site-packages/airflow/example_dags/example_branch_python_dop_operator_3.py for tasks to queue
[2025-01-23T20:10:58.478+0000] {logging_mixin.py:120} INFO - [2025-01-23T20:10:58.478+0000] {dagbag.py:537} INFO - Filling up the DagBag from /home/airflow/.local/lib/python3.7/site-packages/airflow/example_dags/example_branch_python_dop_operator_3.py
[2025-01-23T20:10:58.540+0000] {processor.py:766} INFO - DAG(s) dict_keys(['example_branch_dop_operator_v3']) retrieved from /home/airflow/.local/lib/python3.7/site-packages/airflow/example_dags/example_branch_python_dop_operator_3.py
[2025-01-23T20:10:58.631+0000] {logging_mixin.py:120} INFO - [2025-01-23T20:10:58.631+0000] {dag.py:2585} INFO - Sync 1 DAGs
[2025-01-23T20:10:58.693+0000] {logging_mixin.py:120} INFO - [2025-01-23T20:10:58.693+0000] {dag.py:3340} INFO - Setting next_dagrun for example_branch_dop_operator_v3 to 2025-01-23T20:09:00+00:00, run_after=2025-01-23T20:10:00+00:00
[2025-01-23T20:10:58.732+0000] {processor.py:176} INFO - Processing /home/airflow/.local/lib/python3.7/site-packages/airflow/example_dags/example_branch_python_dop_operator_3.py took 0.262 seconds
[2025-01-23T20:11:29.218+0000] {processor.py:154} INFO - Started process (PID=47622) to work on /home/airflow/.local/lib/python3.7/site-packages/airflow/example_dags/example_branch_python_dop_operator_3.py
[2025-01-23T20:11:29.219+0000] {processor.py:756} INFO - Processing file /home/airflow/.local/lib/python3.7/site-packages/airflow/example_dags/example_branch_python_dop_operator_3.py for tasks to queue
[2025-01-23T20:11:29.221+0000] {logging_mixin.py:120} INFO - [2025-01-23T20:11:29.221+0000] {dagbag.py:537} INFO - Filling up the DagBag from /home/airflow/.local/lib/python3.7/site-packages/airflow/example_dags/example_branch_python_dop_operator_3.py
[2025-01-23T20:11:29.266+0000] {processor.py:766} INFO - DAG(s) dict_keys(['example_branch_dop_operator_v3']) retrieved from /home/airflow/.local/lib/python3.7/site-packages/airflow/example_dags/example_branch_python_dop_operator_3.py
[2025-01-23T20:11:29.338+0000] {logging_mixin.py:120} INFO - [2025-01-23T20:11:29.338+0000] {dag.py:2585} INFO - Sync 1 DAGs
[2025-01-23T20:11:29.400+0000] {logging_mixin.py:120} INFO - [2025-01-23T20:11:29.400+0000] {dag.py:3340} INFO - Setting next_dagrun for example_branch_dop_operator_v3 to 2025-01-23T20:10:00+00:00, run_after=2025-01-23T20:11:00+00:00
[2025-01-23T20:11:29.437+0000] {processor.py:176} INFO - Processing /home/airflow/.local/lib/python3.7/site-packages/airflow/example_dags/example_branch_python_dop_operator_3.py took 0.224 seconds
[2025-01-23T20:11:59.843+0000] {processor.py:154} INFO - Started process (PID=47676) to work on /home/airflow/.local/lib/python3.7/site-packages/airflow/example_dags/example_branch_python_dop_operator_3.py
[2025-01-23T20:11:59.847+0000] {processor.py:756} INFO - Processing file /home/airflow/.local/lib/python3.7/site-packages/airflow/example_dags/example_branch_python_dop_operator_3.py for tasks to queue
[2025-01-23T20:11:59.851+0000] {logging_mixin.py:120} INFO - [2025-01-23T20:11:59.850+0000] {dagbag.py:537} INFO - Filling up the DagBag from /home/airflow/.local/lib/python3.7/site-packages/airflow/example_dags/example_branch_python_dop_operator_3.py
[2025-01-23T20:11:59.939+0000] {processor.py:766} INFO - DAG(s) dict_keys(['example_branch_dop_operator_v3']) retrieved from /home/airflow/.local/lib/python3.7/site-packages/airflow/example_dags/example_branch_python_dop_operator_3.py
[2025-01-23T20:12:00.098+0000] {logging_mixin.py:120} INFO - [2025-01-23T20:12:00.098+0000] {dag.py:2585} INFO - Sync 1 DAGs
[2025-01-23T20:12:00.223+0000] {logging_mixin.py:120} INFO - [2025-01-23T20:12:00.223+0000] {dag.py:3340} INFO - Setting next_dagrun for example_branch_dop_operator_v3 to 2025-01-23T20:11:00+00:00, run_after=2025-01-23T20:12:00+00:00
[2025-01-23T20:12:00.281+0000] {processor.py:176} INFO - Processing /home/airflow/.local/lib/python3.7/site-packages/airflow/example_dags/example_branch_python_dop_operator_3.py took 0.452 seconds
[2025-01-23T20:12:30.372+0000] {processor.py:154} INFO - Started process (PID=47740) to work on /home/airflow/.local/lib/python3.7/site-packages/airflow/example_dags/example_branch_python_dop_operator_3.py
[2025-01-23T20:12:30.374+0000] {processor.py:756} INFO - Processing file /home/airflow/.local/lib/python3.7/site-packages/airflow/example_dags/example_branch_python_dop_operator_3.py for tasks to queue
[2025-01-23T20:12:30.376+0000] {logging_mixin.py:120} INFO - [2025-01-23T20:12:30.376+0000] {dagbag.py:537} INFO - Filling up the DagBag from /home/airflow/.local/lib/python3.7/site-packages/airflow/example_dags/example_branch_python_dop_operator_3.py
[2025-01-23T20:12:30.434+0000] {processor.py:766} INFO - DAG(s) dict_keys(['example_branch_dop_operator_v3']) retrieved from /home/airflow/.local/lib/python3.7/site-packages/airflow/example_dags/example_branch_python_dop_operator_3.py
[2025-01-23T20:12:30.516+0000] {logging_mixin.py:120} INFO - [2025-01-23T20:12:30.516+0000] {dag.py:2585} INFO - Sync 1 DAGs
[2025-01-23T20:12:30.584+0000] {logging_mixin.py:120} INFO - [2025-01-23T20:12:30.584+0000] {dag.py:3340} INFO - Setting next_dagrun for example_branch_dop_operator_v3 to 2025-01-23T20:11:00+00:00, run_after=2025-01-23T20:12:00+00:00
[2025-01-23T20:12:30.620+0000] {processor.py:176} INFO - Processing /home/airflow/.local/lib/python3.7/site-packages/airflow/example_dags/example_branch_python_dop_operator_3.py took 0.257 seconds
