[2025-01-23T19:50:49.102+0000] {processor.py:154} INFO - Started process (PID=45343) to work on /home/airflow/.local/lib/python3.7/site-packages/airflow/example_dags/example_bash_operator.py
[2025-01-23T19:50:49.106+0000] {processor.py:756} INFO - Processing file /home/airflow/.local/lib/python3.7/site-packages/airflow/example_dags/example_bash_operator.py for tasks to queue
[2025-01-23T19:50:49.113+0000] {logging_mixin.py:120} INFO - [2025-01-23T19:50:49.111+0000] {dagbag.py:537} INFO - Filling up the DagBag from /home/airflow/.local/lib/python3.7/site-packages/airflow/example_dags/example_bash_operator.py
[2025-01-23T19:50:49.238+0000] {processor.py:766} INFO - DAG(s) dict_keys(['example_bash_operator']) retrieved from /home/airflow/.local/lib/python3.7/site-packages/airflow/example_dags/example_bash_operator.py
[2025-01-23T19:50:49.503+0000] {logging_mixin.py:120} INFO - [2025-01-23T19:50:49.503+0000] {dag.py:2585} INFO - Sync 1 DAGs
[2025-01-23T19:50:49.708+0000] {logging_mixin.py:120} INFO - [2025-01-23T19:50:49.707+0000] {dag.py:3340} INFO - Setting next_dagrun for example_bash_operator to 2025-01-22T00:00:00+00:00, run_after=2025-01-23T00:00:00+00:00
[2025-01-23T19:50:50.061+0000] {processor.py:176} INFO - Processing /home/airflow/.local/lib/python3.7/site-packages/airflow/example_dags/example_bash_operator.py took 0.977 seconds
[2025-01-23T19:51:22.576+0000] {processor.py:154} INFO - Started process (PID=45389) to work on /home/airflow/.local/lib/python3.7/site-packages/airflow/example_dags/example_bash_operator.py
[2025-01-23T19:51:22.579+0000] {processor.py:756} INFO - Processing file /home/airflow/.local/lib/python3.7/site-packages/airflow/example_dags/example_bash_operator.py for tasks to queue
[2025-01-23T19:51:22.590+0000] {logging_mixin.py:120} INFO - [2025-01-23T19:51:22.581+0000] {dagbag.py:537} INFO - Filling up the DagBag from /home/airflow/.local/lib/python3.7/site-packages/airflow/example_dags/example_bash_operator.py
[2025-01-23T19:51:22.753+0000] {processor.py:766} INFO - DAG(s) dict_keys(['example_bash_operator']) retrieved from /home/airflow/.local/lib/python3.7/site-packages/airflow/example_dags/example_bash_operator.py
[2025-01-23T19:51:23.068+0000] {logging_mixin.py:120} INFO - [2025-01-23T19:51:23.068+0000] {dag.py:2585} INFO - Sync 1 DAGs
[2025-01-23T19:51:23.239+0000] {logging_mixin.py:120} INFO - [2025-01-23T19:51:23.228+0000] {dag.py:3340} INFO - Setting next_dagrun for example_bash_operator to 2025-01-22T00:00:00+00:00, run_after=2025-01-23T00:00:00+00:00
[2025-01-23T19:51:23.388+0000] {processor.py:176} INFO - Processing /home/airflow/.local/lib/python3.7/site-packages/airflow/example_dags/example_bash_operator.py took 0.821 seconds
[2025-01-23T19:51:55.672+0000] {processor.py:154} INFO - Started process (PID=45443) to work on /home/airflow/.local/lib/python3.7/site-packages/airflow/example_dags/example_bash_operator.py
[2025-01-23T19:51:55.684+0000] {processor.py:756} INFO - Processing file /home/airflow/.local/lib/python3.7/site-packages/airflow/example_dags/example_bash_operator.py for tasks to queue
[2025-01-23T19:51:55.686+0000] {logging_mixin.py:120} INFO - [2025-01-23T19:51:55.686+0000] {dagbag.py:537} INFO - Filling up the DagBag from /home/airflow/.local/lib/python3.7/site-packages/airflow/example_dags/example_bash_operator.py
[2025-01-23T19:51:55.860+0000] {processor.py:766} INFO - DAG(s) dict_keys(['example_bash_operator']) retrieved from /home/airflow/.local/lib/python3.7/site-packages/airflow/example_dags/example_bash_operator.py
[2025-01-23T19:51:56.136+0000] {logging_mixin.py:120} INFO - [2025-01-23T19:51:56.136+0000] {dag.py:2585} INFO - Sync 1 DAGs
[2025-01-23T19:51:56.310+0000] {logging_mixin.py:120} INFO - [2025-01-23T19:51:56.310+0000] {dag.py:3340} INFO - Setting next_dagrun for example_bash_operator to 2025-01-22T00:00:00+00:00, run_after=2025-01-23T00:00:00+00:00
[2025-01-23T19:51:56.395+0000] {processor.py:176} INFO - Processing /home/airflow/.local/lib/python3.7/site-packages/airflow/example_dags/example_bash_operator.py took 0.733 seconds
[2025-01-23T19:52:26.902+0000] {processor.py:154} INFO - Started process (PID=45497) to work on /home/airflow/.local/lib/python3.7/site-packages/airflow/example_dags/example_bash_operator.py
[2025-01-23T19:52:26.907+0000] {processor.py:756} INFO - Processing file /home/airflow/.local/lib/python3.7/site-packages/airflow/example_dags/example_bash_operator.py for tasks to queue
[2025-01-23T19:52:26.909+0000] {logging_mixin.py:120} INFO - [2025-01-23T19:52:26.909+0000] {dagbag.py:537} INFO - Filling up the DagBag from /home/airflow/.local/lib/python3.7/site-packages/airflow/example_dags/example_bash_operator.py
[2025-01-23T19:52:27.019+0000] {processor.py:766} INFO - DAG(s) dict_keys(['example_bash_operator']) retrieved from /home/airflow/.local/lib/python3.7/site-packages/airflow/example_dags/example_bash_operator.py
[2025-01-23T19:52:27.377+0000] {logging_mixin.py:120} INFO - [2025-01-23T19:52:27.365+0000] {dag.py:2585} INFO - Sync 1 DAGs
[2025-01-23T19:52:27.593+0000] {logging_mixin.py:120} INFO - [2025-01-23T19:52:27.592+0000] {dag.py:3340} INFO - Setting next_dagrun for example_bash_operator to 2025-01-22T00:00:00+00:00, run_after=2025-01-23T00:00:00+00:00
[2025-01-23T19:52:27.760+0000] {processor.py:176} INFO - Processing /home/airflow/.local/lib/python3.7/site-packages/airflow/example_dags/example_bash_operator.py took 0.872 seconds
[2025-01-23T19:52:58.225+0000] {processor.py:154} INFO - Started process (PID=45551) to work on /home/airflow/.local/lib/python3.7/site-packages/airflow/example_dags/example_bash_operator.py
[2025-01-23T19:52:58.227+0000] {processor.py:756} INFO - Processing file /home/airflow/.local/lib/python3.7/site-packages/airflow/example_dags/example_bash_operator.py for tasks to queue
[2025-01-23T19:52:58.230+0000] {logging_mixin.py:120} INFO - [2025-01-23T19:52:58.229+0000] {dagbag.py:537} INFO - Filling up the DagBag from /home/airflow/.local/lib/python3.7/site-packages/airflow/example_dags/example_bash_operator.py
[2025-01-23T19:52:58.283+0000] {processor.py:766} INFO - DAG(s) dict_keys(['example_bash_operator']) retrieved from /home/airflow/.local/lib/python3.7/site-packages/airflow/example_dags/example_bash_operator.py
[2025-01-23T19:52:58.362+0000] {logging_mixin.py:120} INFO - [2025-01-23T19:52:58.362+0000] {dag.py:2585} INFO - Sync 1 DAGs
[2025-01-23T19:52:58.411+0000] {logging_mixin.py:120} INFO - [2025-01-23T19:52:58.410+0000] {dag.py:3340} INFO - Setting next_dagrun for example_bash_operator to 2025-01-22T00:00:00+00:00, run_after=2025-01-23T00:00:00+00:00
[2025-01-23T19:52:58.468+0000] {processor.py:176} INFO - Processing /home/airflow/.local/lib/python3.7/site-packages/airflow/example_dags/example_bash_operator.py took 0.253 seconds
[2025-01-23T19:53:28.541+0000] {processor.py:154} INFO - Started process (PID=45605) to work on /home/airflow/.local/lib/python3.7/site-packages/airflow/example_dags/example_bash_operator.py
[2025-01-23T19:53:28.544+0000] {processor.py:756} INFO - Processing file /home/airflow/.local/lib/python3.7/site-packages/airflow/example_dags/example_bash_operator.py for tasks to queue
[2025-01-23T19:53:28.545+0000] {logging_mixin.py:120} INFO - [2025-01-23T19:53:28.545+0000] {dagbag.py:537} INFO - Filling up the DagBag from /home/airflow/.local/lib/python3.7/site-packages/airflow/example_dags/example_bash_operator.py
[2025-01-23T19:53:28.597+0000] {processor.py:766} INFO - DAG(s) dict_keys(['example_bash_operator']) retrieved from /home/airflow/.local/lib/python3.7/site-packages/airflow/example_dags/example_bash_operator.py
[2025-01-23T19:53:28.691+0000] {logging_mixin.py:120} INFO - [2025-01-23T19:53:28.691+0000] {dag.py:2585} INFO - Sync 1 DAGs
[2025-01-23T19:53:28.752+0000] {logging_mixin.py:120} INFO - [2025-01-23T19:53:28.752+0000] {dag.py:3340} INFO - Setting next_dagrun for example_bash_operator to 2025-01-22T00:00:00+00:00, run_after=2025-01-23T00:00:00+00:00
[2025-01-23T19:53:28.786+0000] {processor.py:176} INFO - Processing /home/airflow/.local/lib/python3.7/site-packages/airflow/example_dags/example_bash_operator.py took 0.250 seconds
[2025-01-23T19:53:59.410+0000] {processor.py:154} INFO - Started process (PID=45668) to work on /home/airflow/.local/lib/python3.7/site-packages/airflow/example_dags/example_bash_operator.py
[2025-01-23T19:53:59.412+0000] {processor.py:756} INFO - Processing file /home/airflow/.local/lib/python3.7/site-packages/airflow/example_dags/example_bash_operator.py for tasks to queue
[2025-01-23T19:53:59.414+0000] {logging_mixin.py:120} INFO - [2025-01-23T19:53:59.414+0000] {dagbag.py:537} INFO - Filling up the DagBag from /home/airflow/.local/lib/python3.7/site-packages/airflow/example_dags/example_bash_operator.py
[2025-01-23T19:53:59.463+0000] {processor.py:766} INFO - DAG(s) dict_keys(['example_bash_operator']) retrieved from /home/airflow/.local/lib/python3.7/site-packages/airflow/example_dags/example_bash_operator.py
[2025-01-23T19:53:59.609+0000] {logging_mixin.py:120} INFO - [2025-01-23T19:53:59.608+0000] {dag.py:2585} INFO - Sync 1 DAGs
[2025-01-23T19:53:59.667+0000] {logging_mixin.py:120} INFO - [2025-01-23T19:53:59.667+0000] {dag.py:3340} INFO - Setting next_dagrun for example_bash_operator to 2025-01-22T00:00:00+00:00, run_after=2025-01-23T00:00:00+00:00
[2025-01-23T19:53:59.700+0000] {processor.py:176} INFO - Processing /home/airflow/.local/lib/python3.7/site-packages/airflow/example_dags/example_bash_operator.py took 0.296 seconds
[2025-01-23T19:54:30.309+0000] {processor.py:154} INFO - Started process (PID=45722) to work on /home/airflow/.local/lib/python3.7/site-packages/airflow/example_dags/example_bash_operator.py
[2025-01-23T19:54:30.311+0000] {processor.py:756} INFO - Processing file /home/airflow/.local/lib/python3.7/site-packages/airflow/example_dags/example_bash_operator.py for tasks to queue
[2025-01-23T19:54:30.313+0000] {logging_mixin.py:120} INFO - [2025-01-23T19:54:30.313+0000] {dagbag.py:537} INFO - Filling up the DagBag from /home/airflow/.local/lib/python3.7/site-packages/airflow/example_dags/example_bash_operator.py
[2025-01-23T19:54:30.371+0000] {processor.py:766} INFO - DAG(s) dict_keys(['example_bash_operator']) retrieved from /home/airflow/.local/lib/python3.7/site-packages/airflow/example_dags/example_bash_operator.py
[2025-01-23T19:54:30.481+0000] {logging_mixin.py:120} INFO - [2025-01-23T19:54:30.481+0000] {dag.py:2585} INFO - Sync 1 DAGs
[2025-01-23T19:54:30.558+0000] {logging_mixin.py:120} INFO - [2025-01-23T19:54:30.558+0000] {dag.py:3340} INFO - Setting next_dagrun for example_bash_operator to 2025-01-22T00:00:00+00:00, run_after=2025-01-23T00:00:00+00:00
[2025-01-23T19:54:30.601+0000] {processor.py:176} INFO - Processing /home/airflow/.local/lib/python3.7/site-packages/airflow/example_dags/example_bash_operator.py took 0.302 seconds
[2025-01-23T19:55:00.965+0000] {processor.py:154} INFO - Started process (PID=45776) to work on /home/airflow/.local/lib/python3.7/site-packages/airflow/example_dags/example_bash_operator.py
[2025-01-23T19:55:00.968+0000] {processor.py:756} INFO - Processing file /home/airflow/.local/lib/python3.7/site-packages/airflow/example_dags/example_bash_operator.py for tasks to queue
[2025-01-23T19:55:00.970+0000] {logging_mixin.py:120} INFO - [2025-01-23T19:55:00.970+0000] {dagbag.py:537} INFO - Filling up the DagBag from /home/airflow/.local/lib/python3.7/site-packages/airflow/example_dags/example_bash_operator.py
[2025-01-23T19:55:01.062+0000] {processor.py:766} INFO - DAG(s) dict_keys(['example_bash_operator']) retrieved from /home/airflow/.local/lib/python3.7/site-packages/airflow/example_dags/example_bash_operator.py
[2025-01-23T19:55:01.227+0000] {logging_mixin.py:120} INFO - [2025-01-23T19:55:01.226+0000] {dag.py:2585} INFO - Sync 1 DAGs
[2025-01-23T19:55:01.271+0000] {logging_mixin.py:120} INFO - [2025-01-23T19:55:01.271+0000] {dag.py:3340} INFO - Setting next_dagrun for example_bash_operator to 2025-01-22T00:00:00+00:00, run_after=2025-01-23T00:00:00+00:00
[2025-01-23T19:55:01.307+0000] {processor.py:176} INFO - Processing /home/airflow/.local/lib/python3.7/site-packages/airflow/example_dags/example_bash_operator.py took 0.350 seconds
[2025-01-23T19:55:31.811+0000] {processor.py:154} INFO - Started process (PID=45840) to work on /home/airflow/.local/lib/python3.7/site-packages/airflow/example_dags/example_bash_operator.py
[2025-01-23T19:55:31.813+0000] {processor.py:756} INFO - Processing file /home/airflow/.local/lib/python3.7/site-packages/airflow/example_dags/example_bash_operator.py for tasks to queue
[2025-01-23T19:55:31.814+0000] {logging_mixin.py:120} INFO - [2025-01-23T19:55:31.814+0000] {dagbag.py:537} INFO - Filling up the DagBag from /home/airflow/.local/lib/python3.7/site-packages/airflow/example_dags/example_bash_operator.py
[2025-01-23T19:55:31.864+0000] {processor.py:766} INFO - DAG(s) dict_keys(['example_bash_operator']) retrieved from /home/airflow/.local/lib/python3.7/site-packages/airflow/example_dags/example_bash_operator.py
[2025-01-23T19:55:31.970+0000] {logging_mixin.py:120} INFO - [2025-01-23T19:55:31.969+0000] {dag.py:2585} INFO - Sync 1 DAGs
[2025-01-23T19:55:32.028+0000] {logging_mixin.py:120} INFO - [2025-01-23T19:55:32.028+0000] {dag.py:3340} INFO - Setting next_dagrun for example_bash_operator to 2025-01-22T00:00:00+00:00, run_after=2025-01-23T00:00:00+00:00
[2025-01-23T19:55:32.063+0000] {processor.py:176} INFO - Processing /home/airflow/.local/lib/python3.7/site-packages/airflow/example_dags/example_bash_operator.py took 0.258 seconds
[2025-01-23T19:56:05.995+0000] {processor.py:154} INFO - Started process (PID=45894) to work on /home/airflow/.local/lib/python3.7/site-packages/airflow/example_dags/example_bash_operator.py
[2025-01-23T19:56:05.997+0000] {processor.py:756} INFO - Processing file /home/airflow/.local/lib/python3.7/site-packages/airflow/example_dags/example_bash_operator.py for tasks to queue
[2025-01-23T19:56:05.999+0000] {logging_mixin.py:120} INFO - [2025-01-23T19:56:05.999+0000] {dagbag.py:537} INFO - Filling up the DagBag from /home/airflow/.local/lib/python3.7/site-packages/airflow/example_dags/example_bash_operator.py
[2025-01-23T19:56:06.161+0000] {processor.py:766} INFO - DAG(s) dict_keys(['example_bash_operator']) retrieved from /home/airflow/.local/lib/python3.7/site-packages/airflow/example_dags/example_bash_operator.py
[2025-01-23T19:56:06.404+0000] {logging_mixin.py:120} INFO - [2025-01-23T19:56:06.404+0000] {dag.py:2585} INFO - Sync 1 DAGs
[2025-01-23T19:56:06.589+0000] {logging_mixin.py:120} INFO - [2025-01-23T19:56:06.588+0000] {dag.py:3340} INFO - Setting next_dagrun for example_bash_operator to 2025-01-22T00:00:00+00:00, run_after=2025-01-23T00:00:00+00:00
[2025-01-23T19:56:06.694+0000] {processor.py:176} INFO - Processing /home/airflow/.local/lib/python3.7/site-packages/airflow/example_dags/example_bash_operator.py took 0.725 seconds
[2025-01-23T19:56:37.422+0000] {processor.py:154} INFO - Started process (PID=45948) to work on /home/airflow/.local/lib/python3.7/site-packages/airflow/example_dags/example_bash_operator.py
[2025-01-23T19:56:37.424+0000] {processor.py:756} INFO - Processing file /home/airflow/.local/lib/python3.7/site-packages/airflow/example_dags/example_bash_operator.py for tasks to queue
[2025-01-23T19:56:37.426+0000] {logging_mixin.py:120} INFO - [2025-01-23T19:56:37.425+0000] {dagbag.py:537} INFO - Filling up the DagBag from /home/airflow/.local/lib/python3.7/site-packages/airflow/example_dags/example_bash_operator.py
[2025-01-23T19:56:37.465+0000] {processor.py:766} INFO - DAG(s) dict_keys(['example_bash_operator']) retrieved from /home/airflow/.local/lib/python3.7/site-packages/airflow/example_dags/example_bash_operator.py
[2025-01-23T19:56:37.552+0000] {logging_mixin.py:120} INFO - [2025-01-23T19:56:37.552+0000] {dag.py:2585} INFO - Sync 1 DAGs
[2025-01-23T19:56:37.606+0000] {logging_mixin.py:120} INFO - [2025-01-23T19:56:37.606+0000] {dag.py:3340} INFO - Setting next_dagrun for example_bash_operator to 2025-01-22T00:00:00+00:00, run_after=2025-01-23T00:00:00+00:00
[2025-01-23T19:56:37.647+0000] {processor.py:176} INFO - Processing /home/airflow/.local/lib/python3.7/site-packages/airflow/example_dags/example_bash_operator.py took 0.232 seconds
[2025-01-23T19:57:08.125+0000] {processor.py:154} INFO - Started process (PID=46002) to work on /home/airflow/.local/lib/python3.7/site-packages/airflow/example_dags/example_bash_operator.py
[2025-01-23T19:57:08.127+0000] {processor.py:756} INFO - Processing file /home/airflow/.local/lib/python3.7/site-packages/airflow/example_dags/example_bash_operator.py for tasks to queue
[2025-01-23T19:57:08.129+0000] {logging_mixin.py:120} INFO - [2025-01-23T19:57:08.129+0000] {dagbag.py:537} INFO - Filling up the DagBag from /home/airflow/.local/lib/python3.7/site-packages/airflow/example_dags/example_bash_operator.py
[2025-01-23T19:57:08.177+0000] {processor.py:766} INFO - DAG(s) dict_keys(['example_bash_operator']) retrieved from /home/airflow/.local/lib/python3.7/site-packages/airflow/example_dags/example_bash_operator.py
[2025-01-23T19:57:08.270+0000] {logging_mixin.py:120} INFO - [2025-01-23T19:57:08.269+0000] {dag.py:2585} INFO - Sync 1 DAGs
[2025-01-23T19:57:08.318+0000] {logging_mixin.py:120} INFO - [2025-01-23T19:57:08.318+0000] {dag.py:3340} INFO - Setting next_dagrun for example_bash_operator to 2025-01-22T00:00:00+00:00, run_after=2025-01-23T00:00:00+00:00
[2025-01-23T19:57:08.360+0000] {processor.py:176} INFO - Processing /home/airflow/.local/lib/python3.7/site-packages/airflow/example_dags/example_bash_operator.py took 0.242 seconds
[2025-01-23T19:57:39.161+0000] {processor.py:154} INFO - Started process (PID=46065) to work on /home/airflow/.local/lib/python3.7/site-packages/airflow/example_dags/example_bash_operator.py
[2025-01-23T19:57:39.164+0000] {processor.py:756} INFO - Processing file /home/airflow/.local/lib/python3.7/site-packages/airflow/example_dags/example_bash_operator.py for tasks to queue
[2025-01-23T19:57:39.167+0000] {logging_mixin.py:120} INFO - [2025-01-23T19:57:39.166+0000] {dagbag.py:537} INFO - Filling up the DagBag from /home/airflow/.local/lib/python3.7/site-packages/airflow/example_dags/example_bash_operator.py
[2025-01-23T19:57:39.283+0000] {processor.py:766} INFO - DAG(s) dict_keys(['example_bash_operator']) retrieved from /home/airflow/.local/lib/python3.7/site-packages/airflow/example_dags/example_bash_operator.py
[2025-01-23T19:57:39.474+0000] {logging_mixin.py:120} INFO - [2025-01-23T19:57:39.473+0000] {dag.py:2585} INFO - Sync 1 DAGs
[2025-01-23T19:57:39.558+0000] {logging_mixin.py:120} INFO - [2025-01-23T19:57:39.557+0000] {dag.py:3340} INFO - Setting next_dagrun for example_bash_operator to 2025-01-22T00:00:00+00:00, run_after=2025-01-23T00:00:00+00:00
[2025-01-23T19:57:39.609+0000] {processor.py:176} INFO - Processing /home/airflow/.local/lib/python3.7/site-packages/airflow/example_dags/example_bash_operator.py took 0.456 seconds
[2025-01-23T19:58:09.985+0000] {processor.py:154} INFO - Started process (PID=46119) to work on /home/airflow/.local/lib/python3.7/site-packages/airflow/example_dags/example_bash_operator.py
[2025-01-23T19:58:09.990+0000] {processor.py:756} INFO - Processing file /home/airflow/.local/lib/python3.7/site-packages/airflow/example_dags/example_bash_operator.py for tasks to queue
[2025-01-23T19:58:09.996+0000] {logging_mixin.py:120} INFO - [2025-01-23T19:58:09.996+0000] {dagbag.py:537} INFO - Filling up the DagBag from /home/airflow/.local/lib/python3.7/site-packages/airflow/example_dags/example_bash_operator.py
[2025-01-23T19:58:10.111+0000] {processor.py:766} INFO - DAG(s) dict_keys(['example_bash_operator']) retrieved from /home/airflow/.local/lib/python3.7/site-packages/airflow/example_dags/example_bash_operator.py
[2025-01-23T19:58:10.201+0000] {logging_mixin.py:120} INFO - [2025-01-23T19:58:10.201+0000] {dag.py:2585} INFO - Sync 1 DAGs
[2025-01-23T19:58:10.255+0000] {logging_mixin.py:120} INFO - [2025-01-23T19:58:10.255+0000] {dag.py:3340} INFO - Setting next_dagrun for example_bash_operator to 2025-01-22T00:00:00+00:00, run_after=2025-01-23T00:00:00+00:00
[2025-01-23T19:58:10.300+0000] {processor.py:176} INFO - Processing /home/airflow/.local/lib/python3.7/site-packages/airflow/example_dags/example_bash_operator.py took 0.335 seconds
[2025-01-23T19:58:40.908+0000] {processor.py:154} INFO - Started process (PID=46174) to work on /home/airflow/.local/lib/python3.7/site-packages/airflow/example_dags/example_bash_operator.py
[2025-01-23T19:58:40.911+0000] {processor.py:756} INFO - Processing file /home/airflow/.local/lib/python3.7/site-packages/airflow/example_dags/example_bash_operator.py for tasks to queue
[2025-01-23T19:58:40.913+0000] {logging_mixin.py:120} INFO - [2025-01-23T19:58:40.913+0000] {dagbag.py:537} INFO - Filling up the DagBag from /home/airflow/.local/lib/python3.7/site-packages/airflow/example_dags/example_bash_operator.py
[2025-01-23T19:58:40.959+0000] {processor.py:766} INFO - DAG(s) dict_keys(['example_bash_operator']) retrieved from /home/airflow/.local/lib/python3.7/site-packages/airflow/example_dags/example_bash_operator.py
[2025-01-23T19:58:41.043+0000] {logging_mixin.py:120} INFO - [2025-01-23T19:58:41.043+0000] {dag.py:2585} INFO - Sync 1 DAGs
[2025-01-23T19:58:41.092+0000] {logging_mixin.py:120} INFO - [2025-01-23T19:58:41.092+0000] {dag.py:3340} INFO - Setting next_dagrun for example_bash_operator to 2025-01-22T00:00:00+00:00, run_after=2025-01-23T00:00:00+00:00
[2025-01-23T19:58:41.126+0000] {processor.py:176} INFO - Processing /home/airflow/.local/lib/python3.7/site-packages/airflow/example_dags/example_bash_operator.py took 0.227 seconds
[2025-01-23T19:59:12.295+0000] {processor.py:154} INFO - Started process (PID=46238) to work on /home/airflow/.local/lib/python3.7/site-packages/airflow/example_dags/example_bash_operator.py
[2025-01-23T19:59:12.297+0000] {processor.py:756} INFO - Processing file /home/airflow/.local/lib/python3.7/site-packages/airflow/example_dags/example_bash_operator.py for tasks to queue
[2025-01-23T19:59:12.302+0000] {logging_mixin.py:120} INFO - [2025-01-23T19:59:12.302+0000] {dagbag.py:537} INFO - Filling up the DagBag from /home/airflow/.local/lib/python3.7/site-packages/airflow/example_dags/example_bash_operator.py
[2025-01-23T19:59:12.386+0000] {processor.py:766} INFO - DAG(s) dict_keys(['example_bash_operator']) retrieved from /home/airflow/.local/lib/python3.7/site-packages/airflow/example_dags/example_bash_operator.py
[2025-01-23T19:59:12.504+0000] {logging_mixin.py:120} INFO - [2025-01-23T19:59:12.504+0000] {dag.py:2585} INFO - Sync 1 DAGs
[2025-01-23T19:59:12.588+0000] {logging_mixin.py:120} INFO - [2025-01-23T19:59:12.588+0000] {dag.py:3340} INFO - Setting next_dagrun for example_bash_operator to 2025-01-22T00:00:00+00:00, run_after=2025-01-23T00:00:00+00:00
[2025-01-23T19:59:12.639+0000] {processor.py:176} INFO - Processing /home/airflow/.local/lib/python3.7/site-packages/airflow/example_dags/example_bash_operator.py took 0.353 seconds
[2025-01-23T19:59:43.119+0000] {processor.py:154} INFO - Started process (PID=46293) to work on /home/airflow/.local/lib/python3.7/site-packages/airflow/example_dags/example_bash_operator.py
[2025-01-23T19:59:43.123+0000] {processor.py:756} INFO - Processing file /home/airflow/.local/lib/python3.7/site-packages/airflow/example_dags/example_bash_operator.py for tasks to queue
[2025-01-23T19:59:43.126+0000] {logging_mixin.py:120} INFO - [2025-01-23T19:59:43.125+0000] {dagbag.py:537} INFO - Filling up the DagBag from /home/airflow/.local/lib/python3.7/site-packages/airflow/example_dags/example_bash_operator.py
[2025-01-23T19:59:43.219+0000] {processor.py:766} INFO - DAG(s) dict_keys(['example_bash_operator']) retrieved from /home/airflow/.local/lib/python3.7/site-packages/airflow/example_dags/example_bash_operator.py
[2025-01-23T19:59:43.323+0000] {logging_mixin.py:120} INFO - [2025-01-23T19:59:43.323+0000] {dag.py:2585} INFO - Sync 1 DAGs
[2025-01-23T19:59:43.373+0000] {logging_mixin.py:120} INFO - [2025-01-23T19:59:43.373+0000] {dag.py:3340} INFO - Setting next_dagrun for example_bash_operator to 2025-01-22T00:00:00+00:00, run_after=2025-01-23T00:00:00+00:00
[2025-01-23T19:59:43.410+0000] {processor.py:176} INFO - Processing /home/airflow/.local/lib/python3.7/site-packages/airflow/example_dags/example_bash_operator.py took 0.301 seconds
[2025-01-23T20:00:13.713+0000] {processor.py:154} INFO - Started process (PID=46348) to work on /home/airflow/.local/lib/python3.7/site-packages/airflow/example_dags/example_bash_operator.py
[2025-01-23T20:00:13.714+0000] {processor.py:756} INFO - Processing file /home/airflow/.local/lib/python3.7/site-packages/airflow/example_dags/example_bash_operator.py for tasks to queue
[2025-01-23T20:00:13.716+0000] {logging_mixin.py:120} INFO - [2025-01-23T20:00:13.715+0000] {dagbag.py:537} INFO - Filling up the DagBag from /home/airflow/.local/lib/python3.7/site-packages/airflow/example_dags/example_bash_operator.py
[2025-01-23T20:00:13.755+0000] {processor.py:766} INFO - DAG(s) dict_keys(['example_bash_operator']) retrieved from /home/airflow/.local/lib/python3.7/site-packages/airflow/example_dags/example_bash_operator.py
[2025-01-23T20:00:13.849+0000] {logging_mixin.py:120} INFO - [2025-01-23T20:00:13.848+0000] {dag.py:2585} INFO - Sync 1 DAGs
[2025-01-23T20:00:13.898+0000] {logging_mixin.py:120} INFO - [2025-01-23T20:00:13.897+0000] {dag.py:3340} INFO - Setting next_dagrun for example_bash_operator to 2025-01-22T00:00:00+00:00, run_after=2025-01-23T00:00:00+00:00
[2025-01-23T20:00:13.938+0000] {processor.py:176} INFO - Processing /home/airflow/.local/lib/python3.7/site-packages/airflow/example_dags/example_bash_operator.py took 0.230 seconds
[2025-01-23T20:00:44.174+0000] {processor.py:154} INFO - Started process (PID=46411) to work on /home/airflow/.local/lib/python3.7/site-packages/airflow/example_dags/example_bash_operator.py
[2025-01-23T20:00:44.176+0000] {processor.py:756} INFO - Processing file /home/airflow/.local/lib/python3.7/site-packages/airflow/example_dags/example_bash_operator.py for tasks to queue
[2025-01-23T20:00:44.179+0000] {logging_mixin.py:120} INFO - [2025-01-23T20:00:44.178+0000] {dagbag.py:537} INFO - Filling up the DagBag from /home/airflow/.local/lib/python3.7/site-packages/airflow/example_dags/example_bash_operator.py
[2025-01-23T20:00:44.232+0000] {processor.py:766} INFO - DAG(s) dict_keys(['example_bash_operator']) retrieved from /home/airflow/.local/lib/python3.7/site-packages/airflow/example_dags/example_bash_operator.py
[2025-01-23T20:00:44.345+0000] {logging_mixin.py:120} INFO - [2025-01-23T20:00:44.344+0000] {dag.py:2585} INFO - Sync 1 DAGs
[2025-01-23T20:00:44.392+0000] {logging_mixin.py:120} INFO - [2025-01-23T20:00:44.391+0000] {dag.py:3340} INFO - Setting next_dagrun for example_bash_operator to 2025-01-22T00:00:00+00:00, run_after=2025-01-23T00:00:00+00:00
[2025-01-23T20:00:44.429+0000] {processor.py:176} INFO - Processing /home/airflow/.local/lib/python3.7/site-packages/airflow/example_dags/example_bash_operator.py took 0.263 seconds
[2025-01-23T20:01:14.767+0000] {processor.py:154} INFO - Started process (PID=46467) to work on /home/airflow/.local/lib/python3.7/site-packages/airflow/example_dags/example_bash_operator.py
[2025-01-23T20:01:14.769+0000] {processor.py:756} INFO - Processing file /home/airflow/.local/lib/python3.7/site-packages/airflow/example_dags/example_bash_operator.py for tasks to queue
[2025-01-23T20:01:14.770+0000] {logging_mixin.py:120} INFO - [2025-01-23T20:01:14.770+0000] {dagbag.py:537} INFO - Filling up the DagBag from /home/airflow/.local/lib/python3.7/site-packages/airflow/example_dags/example_bash_operator.py
[2025-01-23T20:01:14.826+0000] {processor.py:766} INFO - DAG(s) dict_keys(['example_bash_operator']) retrieved from /home/airflow/.local/lib/python3.7/site-packages/airflow/example_dags/example_bash_operator.py
[2025-01-23T20:01:14.952+0000] {logging_mixin.py:120} INFO - [2025-01-23T20:01:14.952+0000] {dag.py:2585} INFO - Sync 1 DAGs
[2025-01-23T20:01:14.998+0000] {logging_mixin.py:120} INFO - [2025-01-23T20:01:14.997+0000] {dag.py:3340} INFO - Setting next_dagrun for example_bash_operator to 2025-01-22T00:00:00+00:00, run_after=2025-01-23T00:00:00+00:00
[2025-01-23T20:01:15.033+0000] {processor.py:176} INFO - Processing /home/airflow/.local/lib/python3.7/site-packages/airflow/example_dags/example_bash_operator.py took 0.273 seconds
[2025-01-23T20:01:45.114+0000] {processor.py:154} INFO - Started process (PID=46529) to work on /home/airflow/.local/lib/python3.7/site-packages/airflow/example_dags/example_bash_operator.py
[2025-01-23T20:01:45.116+0000] {processor.py:756} INFO - Processing file /home/airflow/.local/lib/python3.7/site-packages/airflow/example_dags/example_bash_operator.py for tasks to queue
[2025-01-23T20:01:45.119+0000] {logging_mixin.py:120} INFO - [2025-01-23T20:01:45.119+0000] {dagbag.py:537} INFO - Filling up the DagBag from /home/airflow/.local/lib/python3.7/site-packages/airflow/example_dags/example_bash_operator.py
[2025-01-23T20:01:45.178+0000] {processor.py:766} INFO - DAG(s) dict_keys(['example_bash_operator']) retrieved from /home/airflow/.local/lib/python3.7/site-packages/airflow/example_dags/example_bash_operator.py
[2025-01-23T20:01:45.289+0000] {logging_mixin.py:120} INFO - [2025-01-23T20:01:45.288+0000] {dag.py:2585} INFO - Sync 1 DAGs
[2025-01-23T20:01:45.361+0000] {logging_mixin.py:120} INFO - [2025-01-23T20:01:45.361+0000] {dag.py:3340} INFO - Setting next_dagrun for example_bash_operator to 2025-01-22T00:00:00+00:00, run_after=2025-01-23T00:00:00+00:00
[2025-01-23T20:01:45.415+0000] {processor.py:176} INFO - Processing /home/airflow/.local/lib/python3.7/site-packages/airflow/example_dags/example_bash_operator.py took 0.308 seconds
[2025-01-23T20:02:15.742+0000] {processor.py:154} INFO - Started process (PID=46582) to work on /home/airflow/.local/lib/python3.7/site-packages/airflow/example_dags/example_bash_operator.py
[2025-01-23T20:02:15.747+0000] {processor.py:756} INFO - Processing file /home/airflow/.local/lib/python3.7/site-packages/airflow/example_dags/example_bash_operator.py for tasks to queue
[2025-01-23T20:02:15.752+0000] {logging_mixin.py:120} INFO - [2025-01-23T20:02:15.752+0000] {dagbag.py:537} INFO - Filling up the DagBag from /home/airflow/.local/lib/python3.7/site-packages/airflow/example_dags/example_bash_operator.py
[2025-01-23T20:02:15.854+0000] {processor.py:766} INFO - DAG(s) dict_keys(['example_bash_operator']) retrieved from /home/airflow/.local/lib/python3.7/site-packages/airflow/example_dags/example_bash_operator.py
[2025-01-23T20:02:16.003+0000] {logging_mixin.py:120} INFO - [2025-01-23T20:02:16.003+0000] {dag.py:2585} INFO - Sync 1 DAGs
[2025-01-23T20:02:16.062+0000] {logging_mixin.py:120} INFO - [2025-01-23T20:02:16.062+0000] {dag.py:3340} INFO - Setting next_dagrun for example_bash_operator to 2025-01-22T00:00:00+00:00, run_after=2025-01-23T00:00:00+00:00
[2025-01-23T20:02:16.103+0000] {processor.py:176} INFO - Processing /home/airflow/.local/lib/python3.7/site-packages/airflow/example_dags/example_bash_operator.py took 0.379 seconds
[2025-01-23T20:02:46.431+0000] {processor.py:154} INFO - Started process (PID=46636) to work on /home/airflow/.local/lib/python3.7/site-packages/airflow/example_dags/example_bash_operator.py
[2025-01-23T20:02:46.433+0000] {processor.py:756} INFO - Processing file /home/airflow/.local/lib/python3.7/site-packages/airflow/example_dags/example_bash_operator.py for tasks to queue
[2025-01-23T20:02:46.434+0000] {logging_mixin.py:120} INFO - [2025-01-23T20:02:46.434+0000] {dagbag.py:537} INFO - Filling up the DagBag from /home/airflow/.local/lib/python3.7/site-packages/airflow/example_dags/example_bash_operator.py
[2025-01-23T20:02:46.476+0000] {processor.py:766} INFO - DAG(s) dict_keys(['example_bash_operator']) retrieved from /home/airflow/.local/lib/python3.7/site-packages/airflow/example_dags/example_bash_operator.py
[2025-01-23T20:02:46.573+0000] {logging_mixin.py:120} INFO - [2025-01-23T20:02:46.573+0000] {dag.py:2585} INFO - Sync 1 DAGs
[2025-01-23T20:02:46.620+0000] {logging_mixin.py:120} INFO - [2025-01-23T20:02:46.620+0000] {dag.py:3340} INFO - Setting next_dagrun for example_bash_operator to 2025-01-22T00:00:00+00:00, run_after=2025-01-23T00:00:00+00:00
[2025-01-23T20:02:46.655+0000] {processor.py:176} INFO - Processing /home/airflow/.local/lib/python3.7/site-packages/airflow/example_dags/example_bash_operator.py took 0.230 seconds
[2025-01-23T20:03:16.968+0000] {processor.py:154} INFO - Started process (PID=46699) to work on /home/airflow/.local/lib/python3.7/site-packages/airflow/example_dags/example_bash_operator.py
[2025-01-23T20:03:16.972+0000] {processor.py:756} INFO - Processing file /home/airflow/.local/lib/python3.7/site-packages/airflow/example_dags/example_bash_operator.py for tasks to queue
[2025-01-23T20:03:16.977+0000] {logging_mixin.py:120} INFO - [2025-01-23T20:03:16.976+0000] {dagbag.py:537} INFO - Filling up the DagBag from /home/airflow/.local/lib/python3.7/site-packages/airflow/example_dags/example_bash_operator.py
[2025-01-23T20:03:17.123+0000] {processor.py:766} INFO - DAG(s) dict_keys(['example_bash_operator']) retrieved from /home/airflow/.local/lib/python3.7/site-packages/airflow/example_dags/example_bash_operator.py
[2025-01-23T20:03:17.253+0000] {logging_mixin.py:120} INFO - [2025-01-23T20:03:17.252+0000] {dag.py:2585} INFO - Sync 1 DAGs
[2025-01-23T20:03:17.320+0000] {logging_mixin.py:120} INFO - [2025-01-23T20:03:17.320+0000] {dag.py:3340} INFO - Setting next_dagrun for example_bash_operator to 2025-01-22T00:00:00+00:00, run_after=2025-01-23T00:00:00+00:00
[2025-01-23T20:03:17.360+0000] {processor.py:176} INFO - Processing /home/airflow/.local/lib/python3.7/site-packages/airflow/example_dags/example_bash_operator.py took 0.408 seconds
[2025-01-23T20:03:48.430+0000] {processor.py:154} INFO - Started process (PID=46754) to work on /home/airflow/.local/lib/python3.7/site-packages/airflow/example_dags/example_bash_operator.py
[2025-01-23T20:03:48.432+0000] {processor.py:756} INFO - Processing file /home/airflow/.local/lib/python3.7/site-packages/airflow/example_dags/example_bash_operator.py for tasks to queue
[2025-01-23T20:03:48.433+0000] {logging_mixin.py:120} INFO - [2025-01-23T20:03:48.433+0000] {dagbag.py:537} INFO - Filling up the DagBag from /home/airflow/.local/lib/python3.7/site-packages/airflow/example_dags/example_bash_operator.py
[2025-01-23T20:03:48.473+0000] {processor.py:766} INFO - DAG(s) dict_keys(['example_bash_operator']) retrieved from /home/airflow/.local/lib/python3.7/site-packages/airflow/example_dags/example_bash_operator.py
[2025-01-23T20:03:48.566+0000] {logging_mixin.py:120} INFO - [2025-01-23T20:03:48.566+0000] {dag.py:2585} INFO - Sync 1 DAGs
[2025-01-23T20:03:48.623+0000] {logging_mixin.py:120} INFO - [2025-01-23T20:03:48.623+0000] {dag.py:3340} INFO - Setting next_dagrun for example_bash_operator to 2025-01-22T00:00:00+00:00, run_after=2025-01-23T00:00:00+00:00
[2025-01-23T20:03:48.669+0000] {processor.py:176} INFO - Processing /home/airflow/.local/lib/python3.7/site-packages/airflow/example_dags/example_bash_operator.py took 0.244 seconds
[2025-01-23T20:04:18.805+0000] {processor.py:154} INFO - Started process (PID=46817) to work on /home/airflow/.local/lib/python3.7/site-packages/airflow/example_dags/example_bash_operator.py
[2025-01-23T20:04:18.806+0000] {processor.py:756} INFO - Processing file /home/airflow/.local/lib/python3.7/site-packages/airflow/example_dags/example_bash_operator.py for tasks to queue
[2025-01-23T20:04:18.808+0000] {logging_mixin.py:120} INFO - [2025-01-23T20:04:18.808+0000] {dagbag.py:537} INFO - Filling up the DagBag from /home/airflow/.local/lib/python3.7/site-packages/airflow/example_dags/example_bash_operator.py
[2025-01-23T20:04:18.847+0000] {processor.py:766} INFO - DAG(s) dict_keys(['example_bash_operator']) retrieved from /home/airflow/.local/lib/python3.7/site-packages/airflow/example_dags/example_bash_operator.py
[2025-01-23T20:04:18.945+0000] {logging_mixin.py:120} INFO - [2025-01-23T20:04:18.944+0000] {dag.py:2585} INFO - Sync 1 DAGs
[2025-01-23T20:04:18.998+0000] {logging_mixin.py:120} INFO - [2025-01-23T20:04:18.997+0000] {dag.py:3340} INFO - Setting next_dagrun for example_bash_operator to 2025-01-22T00:00:00+00:00, run_after=2025-01-23T00:00:00+00:00
[2025-01-23T20:04:19.032+0000] {processor.py:176} INFO - Processing /home/airflow/.local/lib/python3.7/site-packages/airflow/example_dags/example_bash_operator.py took 0.233 seconds
[2025-01-23T20:04:49.505+0000] {processor.py:154} INFO - Started process (PID=46871) to work on /home/airflow/.local/lib/python3.7/site-packages/airflow/example_dags/example_bash_operator.py
[2025-01-23T20:04:49.509+0000] {processor.py:756} INFO - Processing file /home/airflow/.local/lib/python3.7/site-packages/airflow/example_dags/example_bash_operator.py for tasks to queue
[2025-01-23T20:04:49.515+0000] {logging_mixin.py:120} INFO - [2025-01-23T20:04:49.515+0000] {dagbag.py:537} INFO - Filling up the DagBag from /home/airflow/.local/lib/python3.7/site-packages/airflow/example_dags/example_bash_operator.py
[2025-01-23T20:04:49.615+0000] {processor.py:766} INFO - DAG(s) dict_keys(['example_bash_operator']) retrieved from /home/airflow/.local/lib/python3.7/site-packages/airflow/example_dags/example_bash_operator.py
[2025-01-23T20:04:49.702+0000] {logging_mixin.py:120} INFO - [2025-01-23T20:04:49.702+0000] {dag.py:2585} INFO - Sync 1 DAGs
[2025-01-23T20:04:49.755+0000] {logging_mixin.py:120} INFO - [2025-01-23T20:04:49.754+0000] {dag.py:3340} INFO - Setting next_dagrun for example_bash_operator to 2025-01-22T00:00:00+00:00, run_after=2025-01-23T00:00:00+00:00
[2025-01-23T20:04:49.800+0000] {processor.py:176} INFO - Processing /home/airflow/.local/lib/python3.7/site-packages/airflow/example_dags/example_bash_operator.py took 0.316 seconds
[2025-01-23T20:05:19.934+0000] {processor.py:154} INFO - Started process (PID=46934) to work on /home/airflow/.local/lib/python3.7/site-packages/airflow/example_dags/example_bash_operator.py
[2025-01-23T20:05:19.936+0000] {processor.py:756} INFO - Processing file /home/airflow/.local/lib/python3.7/site-packages/airflow/example_dags/example_bash_operator.py for tasks to queue
[2025-01-23T20:05:19.938+0000] {logging_mixin.py:120} INFO - [2025-01-23T20:05:19.937+0000] {dagbag.py:537} INFO - Filling up the DagBag from /home/airflow/.local/lib/python3.7/site-packages/airflow/example_dags/example_bash_operator.py
[2025-01-23T20:05:19.982+0000] {processor.py:766} INFO - DAG(s) dict_keys(['example_bash_operator']) retrieved from /home/airflow/.local/lib/python3.7/site-packages/airflow/example_dags/example_bash_operator.py
[2025-01-23T20:05:20.087+0000] {logging_mixin.py:120} INFO - [2025-01-23T20:05:20.086+0000] {dag.py:2585} INFO - Sync 1 DAGs
[2025-01-23T20:05:20.135+0000] {logging_mixin.py:120} INFO - [2025-01-23T20:05:20.135+0000] {dag.py:3340} INFO - Setting next_dagrun for example_bash_operator to 2025-01-22T00:00:00+00:00, run_after=2025-01-23T00:00:00+00:00
[2025-01-23T20:05:20.170+0000] {processor.py:176} INFO - Processing /home/airflow/.local/lib/python3.7/site-packages/airflow/example_dags/example_bash_operator.py took 0.241 seconds
[2025-01-23T20:05:50.663+0000] {processor.py:154} INFO - Started process (PID=46988) to work on /home/airflow/.local/lib/python3.7/site-packages/airflow/example_dags/example_bash_operator.py
[2025-01-23T20:05:50.666+0000] {processor.py:756} INFO - Processing file /home/airflow/.local/lib/python3.7/site-packages/airflow/example_dags/example_bash_operator.py for tasks to queue
[2025-01-23T20:05:50.668+0000] {logging_mixin.py:120} INFO - [2025-01-23T20:05:50.668+0000] {dagbag.py:537} INFO - Filling up the DagBag from /home/airflow/.local/lib/python3.7/site-packages/airflow/example_dags/example_bash_operator.py
[2025-01-23T20:05:50.729+0000] {processor.py:766} INFO - DAG(s) dict_keys(['example_bash_operator']) retrieved from /home/airflow/.local/lib/python3.7/site-packages/airflow/example_dags/example_bash_operator.py
[2025-01-23T20:05:50.838+0000] {logging_mixin.py:120} INFO - [2025-01-23T20:05:50.837+0000] {dag.py:2585} INFO - Sync 1 DAGs
[2025-01-23T20:05:50.889+0000] {logging_mixin.py:120} INFO - [2025-01-23T20:05:50.889+0000] {dag.py:3340} INFO - Setting next_dagrun for example_bash_operator to 2025-01-22T00:00:00+00:00, run_after=2025-01-23T00:00:00+00:00
[2025-01-23T20:05:50.925+0000] {processor.py:176} INFO - Processing /home/airflow/.local/lib/python3.7/site-packages/airflow/example_dags/example_bash_operator.py took 0.269 seconds
[2025-01-23T20:06:21.722+0000] {processor.py:154} INFO - Started process (PID=47049) to work on /home/airflow/.local/lib/python3.7/site-packages/airflow/example_dags/example_bash_operator.py
[2025-01-23T20:06:21.724+0000] {processor.py:756} INFO - Processing file /home/airflow/.local/lib/python3.7/site-packages/airflow/example_dags/example_bash_operator.py for tasks to queue
[2025-01-23T20:06:21.726+0000] {logging_mixin.py:120} INFO - [2025-01-23T20:06:21.725+0000] {dagbag.py:537} INFO - Filling up the DagBag from /home/airflow/.local/lib/python3.7/site-packages/airflow/example_dags/example_bash_operator.py
[2025-01-23T20:06:21.782+0000] {processor.py:766} INFO - DAG(s) dict_keys(['example_bash_operator']) retrieved from /home/airflow/.local/lib/python3.7/site-packages/airflow/example_dags/example_bash_operator.py
[2025-01-23T20:06:21.920+0000] {logging_mixin.py:120} INFO - [2025-01-23T20:06:21.919+0000] {dag.py:2585} INFO - Sync 1 DAGs
[2025-01-23T20:06:21.984+0000] {logging_mixin.py:120} INFO - [2025-01-23T20:06:21.984+0000] {dag.py:3340} INFO - Setting next_dagrun for example_bash_operator to 2025-01-22T00:00:00+00:00, run_after=2025-01-23T00:00:00+00:00
[2025-01-23T20:06:22.025+0000] {processor.py:176} INFO - Processing /home/airflow/.local/lib/python3.7/site-packages/airflow/example_dags/example_bash_operator.py took 0.308 seconds
[2025-01-23T20:06:52.820+0000] {processor.py:154} INFO - Started process (PID=47105) to work on /home/airflow/.local/lib/python3.7/site-packages/airflow/example_dags/example_bash_operator.py
[2025-01-23T20:06:52.822+0000] {processor.py:756} INFO - Processing file /home/airflow/.local/lib/python3.7/site-packages/airflow/example_dags/example_bash_operator.py for tasks to queue
[2025-01-23T20:06:52.823+0000] {logging_mixin.py:120} INFO - [2025-01-23T20:06:52.823+0000] {dagbag.py:537} INFO - Filling up the DagBag from /home/airflow/.local/lib/python3.7/site-packages/airflow/example_dags/example_bash_operator.py
[2025-01-23T20:06:52.855+0000] {processor.py:766} INFO - DAG(s) dict_keys(['example_bash_operator']) retrieved from /home/airflow/.local/lib/python3.7/site-packages/airflow/example_dags/example_bash_operator.py
[2025-01-23T20:06:52.923+0000] {logging_mixin.py:120} INFO - [2025-01-23T20:06:52.923+0000] {dag.py:2585} INFO - Sync 1 DAGs
[2025-01-23T20:06:52.963+0000] {logging_mixin.py:120} INFO - [2025-01-23T20:06:52.963+0000] {dag.py:3340} INFO - Setting next_dagrun for example_bash_operator to 2025-01-22T00:00:00+00:00, run_after=2025-01-23T00:00:00+00:00
[2025-01-23T20:06:52.991+0000] {processor.py:176} INFO - Processing /home/airflow/.local/lib/python3.7/site-packages/airflow/example_dags/example_bash_operator.py took 0.177 seconds
[2025-01-23T20:07:23.833+0000] {processor.py:154} INFO - Started process (PID=47159) to work on /home/airflow/.local/lib/python3.7/site-packages/airflow/example_dags/example_bash_operator.py
[2025-01-23T20:07:23.834+0000] {processor.py:756} INFO - Processing file /home/airflow/.local/lib/python3.7/site-packages/airflow/example_dags/example_bash_operator.py for tasks to queue
[2025-01-23T20:07:23.836+0000] {logging_mixin.py:120} INFO - [2025-01-23T20:07:23.836+0000] {dagbag.py:537} INFO - Filling up the DagBag from /home/airflow/.local/lib/python3.7/site-packages/airflow/example_dags/example_bash_operator.py
[2025-01-23T20:07:23.878+0000] {processor.py:766} INFO - DAG(s) dict_keys(['example_bash_operator']) retrieved from /home/airflow/.local/lib/python3.7/site-packages/airflow/example_dags/example_bash_operator.py
[2025-01-23T20:07:23.966+0000] {logging_mixin.py:120} INFO - [2025-01-23T20:07:23.966+0000] {dag.py:2585} INFO - Sync 1 DAGs
[2025-01-23T20:07:24.014+0000] {logging_mixin.py:120} INFO - [2025-01-23T20:07:24.014+0000] {dag.py:3340} INFO - Setting next_dagrun for example_bash_operator to 2025-01-22T00:00:00+00:00, run_after=2025-01-23T00:00:00+00:00
[2025-01-23T20:07:24.047+0000] {processor.py:176} INFO - Processing /home/airflow/.local/lib/python3.7/site-packages/airflow/example_dags/example_bash_operator.py took 0.219 seconds
[2025-01-23T20:07:54.656+0000] {processor.py:154} INFO - Started process (PID=47222) to work on /home/airflow/.local/lib/python3.7/site-packages/airflow/example_dags/example_bash_operator.py
[2025-01-23T20:07:54.658+0000] {processor.py:756} INFO - Processing file /home/airflow/.local/lib/python3.7/site-packages/airflow/example_dags/example_bash_operator.py for tasks to queue
[2025-01-23T20:07:54.659+0000] {logging_mixin.py:120} INFO - [2025-01-23T20:07:54.659+0000] {dagbag.py:537} INFO - Filling up the DagBag from /home/airflow/.local/lib/python3.7/site-packages/airflow/example_dags/example_bash_operator.py
[2025-01-23T20:07:54.697+0000] {processor.py:766} INFO - DAG(s) dict_keys(['example_bash_operator']) retrieved from /home/airflow/.local/lib/python3.7/site-packages/airflow/example_dags/example_bash_operator.py
[2025-01-23T20:07:54.779+0000] {logging_mixin.py:120} INFO - [2025-01-23T20:07:54.779+0000] {dag.py:2585} INFO - Sync 1 DAGs
[2025-01-23T20:07:54.823+0000] {logging_mixin.py:120} INFO - [2025-01-23T20:07:54.823+0000] {dag.py:3340} INFO - Setting next_dagrun for example_bash_operator to 2025-01-22T00:00:00+00:00, run_after=2025-01-23T00:00:00+00:00
[2025-01-23T20:07:54.856+0000] {processor.py:176} INFO - Processing /home/airflow/.local/lib/python3.7/site-packages/airflow/example_dags/example_bash_operator.py took 0.205 seconds
[2025-01-23T20:08:25.573+0000] {processor.py:154} INFO - Started process (PID=47275) to work on /home/airflow/.local/lib/python3.7/site-packages/airflow/example_dags/example_bash_operator.py
[2025-01-23T20:08:25.576+0000] {processor.py:756} INFO - Processing file /home/airflow/.local/lib/python3.7/site-packages/airflow/example_dags/example_bash_operator.py for tasks to queue
[2025-01-23T20:08:25.578+0000] {logging_mixin.py:120} INFO - [2025-01-23T20:08:25.578+0000] {dagbag.py:537} INFO - Filling up the DagBag from /home/airflow/.local/lib/python3.7/site-packages/airflow/example_dags/example_bash_operator.py
[2025-01-23T20:08:25.651+0000] {processor.py:766} INFO - DAG(s) dict_keys(['example_bash_operator']) retrieved from /home/airflow/.local/lib/python3.7/site-packages/airflow/example_dags/example_bash_operator.py
[2025-01-23T20:08:25.792+0000] {logging_mixin.py:120} INFO - [2025-01-23T20:08:25.792+0000] {dag.py:2585} INFO - Sync 1 DAGs
[2025-01-23T20:08:25.837+0000] {logging_mixin.py:120} INFO - [2025-01-23T20:08:25.836+0000] {dag.py:3340} INFO - Setting next_dagrun for example_bash_operator to 2025-01-22T00:00:00+00:00, run_after=2025-01-23T00:00:00+00:00
[2025-01-23T20:08:25.871+0000] {processor.py:176} INFO - Processing /home/airflow/.local/lib/python3.7/site-packages/airflow/example_dags/example_bash_operator.py took 0.308 seconds
[2025-01-23T20:08:56.267+0000] {processor.py:154} INFO - Started process (PID=47338) to work on /home/airflow/.local/lib/python3.7/site-packages/airflow/example_dags/example_bash_operator.py
[2025-01-23T20:08:56.269+0000] {processor.py:756} INFO - Processing file /home/airflow/.local/lib/python3.7/site-packages/airflow/example_dags/example_bash_operator.py for tasks to queue
[2025-01-23T20:08:56.271+0000] {logging_mixin.py:120} INFO - [2025-01-23T20:08:56.271+0000] {dagbag.py:537} INFO - Filling up the DagBag from /home/airflow/.local/lib/python3.7/site-packages/airflow/example_dags/example_bash_operator.py
[2025-01-23T20:08:56.325+0000] {processor.py:766} INFO - DAG(s) dict_keys(['example_bash_operator']) retrieved from /home/airflow/.local/lib/python3.7/site-packages/airflow/example_dags/example_bash_operator.py
[2025-01-23T20:08:56.423+0000] {logging_mixin.py:120} INFO - [2025-01-23T20:08:56.423+0000] {dag.py:2585} INFO - Sync 1 DAGs
[2025-01-23T20:08:56.473+0000] {logging_mixin.py:120} INFO - [2025-01-23T20:08:56.473+0000] {dag.py:3340} INFO - Setting next_dagrun for example_bash_operator to 2025-01-22T00:00:00+00:00, run_after=2025-01-23T00:00:00+00:00
[2025-01-23T20:08:56.511+0000] {processor.py:176} INFO - Processing /home/airflow/.local/lib/python3.7/site-packages/airflow/example_dags/example_bash_operator.py took 0.250 seconds
[2025-01-23T20:09:26.855+0000] {processor.py:154} INFO - Started process (PID=47392) to work on /home/airflow/.local/lib/python3.7/site-packages/airflow/example_dags/example_bash_operator.py
[2025-01-23T20:09:26.857+0000] {processor.py:756} INFO - Processing file /home/airflow/.local/lib/python3.7/site-packages/airflow/example_dags/example_bash_operator.py for tasks to queue
[2025-01-23T20:09:26.858+0000] {logging_mixin.py:120} INFO - [2025-01-23T20:09:26.858+0000] {dagbag.py:537} INFO - Filling up the DagBag from /home/airflow/.local/lib/python3.7/site-packages/airflow/example_dags/example_bash_operator.py
[2025-01-23T20:09:26.897+0000] {processor.py:766} INFO - DAG(s) dict_keys(['example_bash_operator']) retrieved from /home/airflow/.local/lib/python3.7/site-packages/airflow/example_dags/example_bash_operator.py
[2025-01-23T20:09:26.983+0000] {logging_mixin.py:120} INFO - [2025-01-23T20:09:26.983+0000] {dag.py:2585} INFO - Sync 1 DAGs
[2025-01-23T20:09:27.029+0000] {logging_mixin.py:120} INFO - [2025-01-23T20:09:27.028+0000] {dag.py:3340} INFO - Setting next_dagrun for example_bash_operator to 2025-01-22T00:00:00+00:00, run_after=2025-01-23T00:00:00+00:00
[2025-01-23T20:09:27.059+0000] {processor.py:176} INFO - Processing /home/airflow/.local/lib/python3.7/site-packages/airflow/example_dags/example_bash_operator.py took 0.210 seconds
[2025-01-23T20:09:57.755+0000] {processor.py:154} INFO - Started process (PID=47457) to work on /home/airflow/.local/lib/python3.7/site-packages/airflow/example_dags/example_bash_operator.py
[2025-01-23T20:09:57.757+0000] {processor.py:756} INFO - Processing file /home/airflow/.local/lib/python3.7/site-packages/airflow/example_dags/example_bash_operator.py for tasks to queue
[2025-01-23T20:09:57.758+0000] {logging_mixin.py:120} INFO - [2025-01-23T20:09:57.758+0000] {dagbag.py:537} INFO - Filling up the DagBag from /home/airflow/.local/lib/python3.7/site-packages/airflow/example_dags/example_bash_operator.py
[2025-01-23T20:09:57.800+0000] {processor.py:766} INFO - DAG(s) dict_keys(['example_bash_operator']) retrieved from /home/airflow/.local/lib/python3.7/site-packages/airflow/example_dags/example_bash_operator.py
[2025-01-23T20:09:57.949+0000] {logging_mixin.py:120} INFO - [2025-01-23T20:09:57.949+0000] {dag.py:2585} INFO - Sync 1 DAGs
[2025-01-23T20:09:58.048+0000] {logging_mixin.py:120} INFO - [2025-01-23T20:09:58.047+0000] {dag.py:3340} INFO - Setting next_dagrun for example_bash_operator to 2025-01-22T00:00:00+00:00, run_after=2025-01-23T00:00:00+00:00
[2025-01-23T20:09:58.121+0000] {processor.py:176} INFO - Processing /home/airflow/.local/lib/python3.7/site-packages/airflow/example_dags/example_bash_operator.py took 0.371 seconds
[2025-01-23T20:10:28.679+0000] {processor.py:154} INFO - Started process (PID=47511) to work on /home/airflow/.local/lib/python3.7/site-packages/airflow/example_dags/example_bash_operator.py
[2025-01-23T20:10:28.681+0000] {processor.py:756} INFO - Processing file /home/airflow/.local/lib/python3.7/site-packages/airflow/example_dags/example_bash_operator.py for tasks to queue
[2025-01-23T20:10:28.682+0000] {logging_mixin.py:120} INFO - [2025-01-23T20:10:28.682+0000] {dagbag.py:537} INFO - Filling up the DagBag from /home/airflow/.local/lib/python3.7/site-packages/airflow/example_dags/example_bash_operator.py
[2025-01-23T20:10:28.720+0000] {processor.py:766} INFO - DAG(s) dict_keys(['example_bash_operator']) retrieved from /home/airflow/.local/lib/python3.7/site-packages/airflow/example_dags/example_bash_operator.py
[2025-01-23T20:10:28.808+0000] {logging_mixin.py:120} INFO - [2025-01-23T20:10:28.808+0000] {dag.py:2585} INFO - Sync 1 DAGs
[2025-01-23T20:10:28.852+0000] {logging_mixin.py:120} INFO - [2025-01-23T20:10:28.852+0000] {dag.py:3340} INFO - Setting next_dagrun for example_bash_operator to 2025-01-22T00:00:00+00:00, run_after=2025-01-23T00:00:00+00:00
[2025-01-23T20:10:28.885+0000] {processor.py:176} INFO - Processing /home/airflow/.local/lib/python3.7/site-packages/airflow/example_dags/example_bash_operator.py took 0.211 seconds
[2025-01-23T20:10:59.549+0000] {processor.py:154} INFO - Started process (PID=47574) to work on /home/airflow/.local/lib/python3.7/site-packages/airflow/example_dags/example_bash_operator.py
[2025-01-23T20:10:59.551+0000] {processor.py:756} INFO - Processing file /home/airflow/.local/lib/python3.7/site-packages/airflow/example_dags/example_bash_operator.py for tasks to queue
[2025-01-23T20:10:59.553+0000] {logging_mixin.py:120} INFO - [2025-01-23T20:10:59.553+0000] {dagbag.py:537} INFO - Filling up the DagBag from /home/airflow/.local/lib/python3.7/site-packages/airflow/example_dags/example_bash_operator.py
[2025-01-23T20:10:59.599+0000] {processor.py:766} INFO - DAG(s) dict_keys(['example_bash_operator']) retrieved from /home/airflow/.local/lib/python3.7/site-packages/airflow/example_dags/example_bash_operator.py
[2025-01-23T20:10:59.685+0000] {logging_mixin.py:120} INFO - [2025-01-23T20:10:59.685+0000] {dag.py:2585} INFO - Sync 1 DAGs
[2025-01-23T20:10:59.732+0000] {logging_mixin.py:120} INFO - [2025-01-23T20:10:59.731+0000] {dag.py:3340} INFO - Setting next_dagrun for example_bash_operator to 2025-01-22T00:00:00+00:00, run_after=2025-01-23T00:00:00+00:00
[2025-01-23T20:10:59.771+0000] {processor.py:176} INFO - Processing /home/airflow/.local/lib/python3.7/site-packages/airflow/example_dags/example_bash_operator.py took 0.237 seconds
[2025-01-23T20:11:30.089+0000] {processor.py:154} INFO - Started process (PID=47625) to work on /home/airflow/.local/lib/python3.7/site-packages/airflow/example_dags/example_bash_operator.py
[2025-01-23T20:11:30.090+0000] {processor.py:756} INFO - Processing file /home/airflow/.local/lib/python3.7/site-packages/airflow/example_dags/example_bash_operator.py for tasks to queue
[2025-01-23T20:11:30.092+0000] {logging_mixin.py:120} INFO - [2025-01-23T20:11:30.092+0000] {dagbag.py:537} INFO - Filling up the DagBag from /home/airflow/.local/lib/python3.7/site-packages/airflow/example_dags/example_bash_operator.py
[2025-01-23T20:11:30.141+0000] {processor.py:766} INFO - DAG(s) dict_keys(['example_bash_operator']) retrieved from /home/airflow/.local/lib/python3.7/site-packages/airflow/example_dags/example_bash_operator.py
[2025-01-23T20:11:30.229+0000] {logging_mixin.py:120} INFO - [2025-01-23T20:11:30.228+0000] {dag.py:2585} INFO - Sync 1 DAGs
[2025-01-23T20:11:30.274+0000] {logging_mixin.py:120} INFO - [2025-01-23T20:11:30.273+0000] {dag.py:3340} INFO - Setting next_dagrun for example_bash_operator to 2025-01-22T00:00:00+00:00, run_after=2025-01-23T00:00:00+00:00
[2025-01-23T20:11:30.316+0000] {processor.py:176} INFO - Processing /home/airflow/.local/lib/python3.7/site-packages/airflow/example_dags/example_bash_operator.py took 0.233 seconds
[2025-01-23T20:12:01.326+0000] {processor.py:154} INFO - Started process (PID=47689) to work on /home/airflow/.local/lib/python3.7/site-packages/airflow/example_dags/example_bash_operator.py
[2025-01-23T20:12:01.330+0000] {processor.py:756} INFO - Processing file /home/airflow/.local/lib/python3.7/site-packages/airflow/example_dags/example_bash_operator.py for tasks to queue
[2025-01-23T20:12:01.336+0000] {logging_mixin.py:120} INFO - [2025-01-23T20:12:01.336+0000] {dagbag.py:537} INFO - Filling up the DagBag from /home/airflow/.local/lib/python3.7/site-packages/airflow/example_dags/example_bash_operator.py
[2025-01-23T20:12:01.397+0000] {processor.py:766} INFO - DAG(s) dict_keys(['example_bash_operator']) retrieved from /home/airflow/.local/lib/python3.7/site-packages/airflow/example_dags/example_bash_operator.py
[2025-01-23T20:12:01.526+0000] {logging_mixin.py:120} INFO - [2025-01-23T20:12:01.525+0000] {dag.py:2585} INFO - Sync 1 DAGs
[2025-01-23T20:12:01.602+0000] {logging_mixin.py:120} INFO - [2025-01-23T20:12:01.602+0000] {dag.py:3340} INFO - Setting next_dagrun for example_bash_operator to 2025-01-22T00:00:00+00:00, run_after=2025-01-23T00:00:00+00:00
[2025-01-23T20:12:01.651+0000] {processor.py:176} INFO - Processing /home/airflow/.local/lib/python3.7/site-packages/airflow/example_dags/example_bash_operator.py took 0.333 seconds
[2025-01-23T20:12:32.695+0000] {processor.py:154} INFO - Started process (PID=47745) to work on /home/airflow/.local/lib/python3.7/site-packages/airflow/example_dags/example_bash_operator.py
[2025-01-23T20:12:32.696+0000] {processor.py:756} INFO - Processing file /home/airflow/.local/lib/python3.7/site-packages/airflow/example_dags/example_bash_operator.py for tasks to queue
[2025-01-23T20:12:32.698+0000] {logging_mixin.py:120} INFO - [2025-01-23T20:12:32.698+0000] {dagbag.py:537} INFO - Filling up the DagBag from /home/airflow/.local/lib/python3.7/site-packages/airflow/example_dags/example_bash_operator.py
[2025-01-23T20:12:32.741+0000] {processor.py:766} INFO - DAG(s) dict_keys(['example_bash_operator']) retrieved from /home/airflow/.local/lib/python3.7/site-packages/airflow/example_dags/example_bash_operator.py
[2025-01-23T20:12:32.822+0000] {logging_mixin.py:120} INFO - [2025-01-23T20:12:32.822+0000] {dag.py:2585} INFO - Sync 1 DAGs
[2025-01-23T20:12:32.873+0000] {logging_mixin.py:120} INFO - [2025-01-23T20:12:32.872+0000] {dag.py:3340} INFO - Setting next_dagrun for example_bash_operator to 2025-01-22T00:00:00+00:00, run_after=2025-01-23T00:00:00+00:00
[2025-01-23T20:12:32.910+0000] {processor.py:176} INFO - Processing /home/airflow/.local/lib/python3.7/site-packages/airflow/example_dags/example_bash_operator.py took 0.221 seconds
