[2025-01-23T19:50:39.039+0000] {processor.py:154} INFO - Started process (PID=45313) to work on /home/airflow/.local/lib/python3.7/site-packages/airflow/example_dags/example_xcom.py
[2025-01-23T19:50:39.052+0000] {processor.py:756} INFO - Processing file /home/airflow/.local/lib/python3.7/site-packages/airflow/example_dags/example_xcom.py for tasks to queue
[2025-01-23T19:50:39.056+0000] {logging_mixin.py:120} INFO - [2025-01-23T19:50:39.055+0000] {dagbag.py:537} INFO - Filling up the DagBag from /home/airflow/.local/lib/python3.7/site-packages/airflow/example_dags/example_xcom.py
[2025-01-23T19:50:39.390+0000] {processor.py:766} INFO - DAG(s) dict_keys(['example_xcom']) retrieved from /home/airflow/.local/lib/python3.7/site-packages/airflow/example_dags/example_xcom.py
[2025-01-23T19:50:39.647+0000] {logging_mixin.py:120} INFO - [2025-01-23T19:50:39.647+0000] {dag.py:2585} INFO - Sync 1 DAGs
[2025-01-23T19:50:39.830+0000] {logging_mixin.py:120} INFO - [2025-01-23T19:50:39.829+0000] {dag.py:3340} INFO - Setting next_dagrun for example_xcom to 2021-01-01T00:00:00+00:00, run_after=2021-01-01T00:00:00+00:00
[2025-01-23T19:50:39.964+0000] {processor.py:176} INFO - Processing /home/airflow/.local/lib/python3.7/site-packages/airflow/example_dags/example_xcom.py took 0.990 seconds
[2025-01-23T19:51:10.860+0000] {processor.py:154} INFO - Started process (PID=45368) to work on /home/airflow/.local/lib/python3.7/site-packages/airflow/example_dags/example_xcom.py
[2025-01-23T19:51:10.868+0000] {processor.py:756} INFO - Processing file /home/airflow/.local/lib/python3.7/site-packages/airflow/example_dags/example_xcom.py for tasks to queue
[2025-01-23T19:51:10.870+0000] {logging_mixin.py:120} INFO - [2025-01-23T19:51:10.870+0000] {dagbag.py:537} INFO - Filling up the DagBag from /home/airflow/.local/lib/python3.7/site-packages/airflow/example_dags/example_xcom.py
[2025-01-23T19:51:11.067+0000] {processor.py:766} INFO - DAG(s) dict_keys(['example_xcom']) retrieved from /home/airflow/.local/lib/python3.7/site-packages/airflow/example_dags/example_xcom.py
[2025-01-23T19:51:11.415+0000] {logging_mixin.py:120} INFO - [2025-01-23T19:51:11.415+0000] {dag.py:2585} INFO - Sync 1 DAGs
[2025-01-23T19:51:11.685+0000] {logging_mixin.py:120} INFO - [2025-01-23T19:51:11.684+0000] {dag.py:3340} INFO - Setting next_dagrun for example_xcom to 2021-01-01T00:00:00+00:00, run_after=2021-01-01T00:00:00+00:00
[2025-01-23T19:51:11.868+0000] {processor.py:176} INFO - Processing /home/airflow/.local/lib/python3.7/site-packages/airflow/example_dags/example_xcom.py took 1.024 seconds
[2025-01-23T19:51:42.790+0000] {processor.py:154} INFO - Started process (PID=45420) to work on /home/airflow/.local/lib/python3.7/site-packages/airflow/example_dags/example_xcom.py
[2025-01-23T19:51:42.803+0000] {processor.py:756} INFO - Processing file /home/airflow/.local/lib/python3.7/site-packages/airflow/example_dags/example_xcom.py for tasks to queue
[2025-01-23T19:51:42.805+0000] {logging_mixin.py:120} INFO - [2025-01-23T19:51:42.805+0000] {dagbag.py:537} INFO - Filling up the DagBag from /home/airflow/.local/lib/python3.7/site-packages/airflow/example_dags/example_xcom.py
[2025-01-23T19:51:43.012+0000] {processor.py:766} INFO - DAG(s) dict_keys(['example_xcom']) retrieved from /home/airflow/.local/lib/python3.7/site-packages/airflow/example_dags/example_xcom.py
[2025-01-23T19:51:43.356+0000] {logging_mixin.py:120} INFO - [2025-01-23T19:51:43.356+0000] {dag.py:2585} INFO - Sync 1 DAGs
[2025-01-23T19:51:43.512+0000] {logging_mixin.py:120} INFO - [2025-01-23T19:51:43.512+0000] {dag.py:3340} INFO - Setting next_dagrun for example_xcom to 2021-01-01T00:00:00+00:00, run_after=2021-01-01T00:00:00+00:00
[2025-01-23T19:51:43.649+0000] {processor.py:176} INFO - Processing /home/airflow/.local/lib/python3.7/site-packages/airflow/example_dags/example_xcom.py took 0.865 seconds
[2025-01-23T19:52:13.835+0000] {processor.py:154} INFO - Started process (PID=45466) to work on /home/airflow/.local/lib/python3.7/site-packages/airflow/example_dags/example_xcom.py
[2025-01-23T19:52:13.848+0000] {processor.py:756} INFO - Processing file /home/airflow/.local/lib/python3.7/site-packages/airflow/example_dags/example_xcom.py for tasks to queue
[2025-01-23T19:52:13.850+0000] {logging_mixin.py:120} INFO - [2025-01-23T19:52:13.850+0000] {dagbag.py:537} INFO - Filling up the DagBag from /home/airflow/.local/lib/python3.7/site-packages/airflow/example_dags/example_xcom.py
[2025-01-23T19:52:14.025+0000] {processor.py:766} INFO - DAG(s) dict_keys(['example_xcom']) retrieved from /home/airflow/.local/lib/python3.7/site-packages/airflow/example_dags/example_xcom.py
[2025-01-23T19:52:14.233+0000] {logging_mixin.py:120} INFO - [2025-01-23T19:52:14.232+0000] {dag.py:2585} INFO - Sync 1 DAGs
[2025-01-23T19:52:14.391+0000] {logging_mixin.py:120} INFO - [2025-01-23T19:52:14.390+0000] {dag.py:3340} INFO - Setting next_dagrun for example_xcom to 2021-01-01T00:00:00+00:00, run_after=2021-01-01T00:00:00+00:00
[2025-01-23T19:52:14.501+0000] {processor.py:176} INFO - Processing /home/airflow/.local/lib/python3.7/site-packages/airflow/example_dags/example_xcom.py took 0.676 seconds
[2025-01-23T19:52:44.859+0000] {processor.py:154} INFO - Started process (PID=45520) to work on /home/airflow/.local/lib/python3.7/site-packages/airflow/example_dags/example_xcom.py
[2025-01-23T19:52:44.865+0000] {processor.py:756} INFO - Processing file /home/airflow/.local/lib/python3.7/site-packages/airflow/example_dags/example_xcom.py for tasks to queue
[2025-01-23T19:52:44.868+0000] {logging_mixin.py:120} INFO - [2025-01-23T19:52:44.868+0000] {dagbag.py:537} INFO - Filling up the DagBag from /home/airflow/.local/lib/python3.7/site-packages/airflow/example_dags/example_xcom.py
[2025-01-23T19:52:44.967+0000] {processor.py:766} INFO - DAG(s) dict_keys(['example_xcom']) retrieved from /home/airflow/.local/lib/python3.7/site-packages/airflow/example_dags/example_xcom.py
[2025-01-23T19:52:45.157+0000] {logging_mixin.py:120} INFO - [2025-01-23T19:52:45.157+0000] {dag.py:2585} INFO - Sync 1 DAGs
[2025-01-23T19:52:45.274+0000] {logging_mixin.py:120} INFO - [2025-01-23T19:52:45.273+0000] {dag.py:3340} INFO - Setting next_dagrun for example_xcom to 2021-01-01T00:00:00+00:00, run_after=2021-01-01T00:00:00+00:00
[2025-01-23T19:52:45.370+0000] {processor.py:176} INFO - Processing /home/airflow/.local/lib/python3.7/site-packages/airflow/example_dags/example_xcom.py took 0.520 seconds
[2025-01-23T19:53:15.896+0000] {processor.py:154} INFO - Started process (PID=45574) to work on /home/airflow/.local/lib/python3.7/site-packages/airflow/example_dags/example_xcom.py
[2025-01-23T19:53:15.899+0000] {processor.py:756} INFO - Processing file /home/airflow/.local/lib/python3.7/site-packages/airflow/example_dags/example_xcom.py for tasks to queue
[2025-01-23T19:53:15.903+0000] {logging_mixin.py:120} INFO - [2025-01-23T19:53:15.902+0000] {dagbag.py:537} INFO - Filling up the DagBag from /home/airflow/.local/lib/python3.7/site-packages/airflow/example_dags/example_xcom.py
[2025-01-23T19:53:15.981+0000] {processor.py:766} INFO - DAG(s) dict_keys(['example_xcom']) retrieved from /home/airflow/.local/lib/python3.7/site-packages/airflow/example_dags/example_xcom.py
[2025-01-23T19:53:16.050+0000] {logging_mixin.py:120} INFO - [2025-01-23T19:53:16.050+0000] {dag.py:2585} INFO - Sync 1 DAGs
[2025-01-23T19:53:16.099+0000] {logging_mixin.py:120} INFO - [2025-01-23T19:53:16.099+0000] {dag.py:3340} INFO - Setting next_dagrun for example_xcom to 2021-01-01T00:00:00+00:00, run_after=2021-01-01T00:00:00+00:00
[2025-01-23T19:53:16.133+0000] {processor.py:176} INFO - Processing /home/airflow/.local/lib/python3.7/site-packages/airflow/example_dags/example_xcom.py took 0.251 seconds
[2025-01-23T19:53:46.483+0000] {processor.py:154} INFO - Started process (PID=45637) to work on /home/airflow/.local/lib/python3.7/site-packages/airflow/example_dags/example_xcom.py
[2025-01-23T19:53:46.485+0000] {processor.py:756} INFO - Processing file /home/airflow/.local/lib/python3.7/site-packages/airflow/example_dags/example_xcom.py for tasks to queue
[2025-01-23T19:53:46.487+0000] {logging_mixin.py:120} INFO - [2025-01-23T19:53:46.487+0000] {dagbag.py:537} INFO - Filling up the DagBag from /home/airflow/.local/lib/python3.7/site-packages/airflow/example_dags/example_xcom.py
[2025-01-23T19:53:46.552+0000] {processor.py:766} INFO - DAG(s) dict_keys(['example_xcom']) retrieved from /home/airflow/.local/lib/python3.7/site-packages/airflow/example_dags/example_xcom.py
[2025-01-23T19:53:46.682+0000] {logging_mixin.py:120} INFO - [2025-01-23T19:53:46.682+0000] {dag.py:2585} INFO - Sync 1 DAGs
[2025-01-23T19:53:46.762+0000] {logging_mixin.py:120} INFO - [2025-01-23T19:53:46.762+0000] {dag.py:3340} INFO - Setting next_dagrun for example_xcom to 2021-01-01T00:00:00+00:00, run_after=2021-01-01T00:00:00+00:00
[2025-01-23T19:53:46.826+0000] {processor.py:176} INFO - Processing /home/airflow/.local/lib/python3.7/site-packages/airflow/example_dags/example_xcom.py took 0.351 seconds
[2025-01-23T19:54:16.912+0000] {processor.py:154} INFO - Started process (PID=45691) to work on /home/airflow/.local/lib/python3.7/site-packages/airflow/example_dags/example_xcom.py
[2025-01-23T19:54:16.914+0000] {processor.py:756} INFO - Processing file /home/airflow/.local/lib/python3.7/site-packages/airflow/example_dags/example_xcom.py for tasks to queue
[2025-01-23T19:54:16.916+0000] {logging_mixin.py:120} INFO - [2025-01-23T19:54:16.916+0000] {dagbag.py:537} INFO - Filling up the DagBag from /home/airflow/.local/lib/python3.7/site-packages/airflow/example_dags/example_xcom.py
[2025-01-23T19:54:16.979+0000] {processor.py:766} INFO - DAG(s) dict_keys(['example_xcom']) retrieved from /home/airflow/.local/lib/python3.7/site-packages/airflow/example_dags/example_xcom.py
[2025-01-23T19:54:17.084+0000] {logging_mixin.py:120} INFO - [2025-01-23T19:54:17.084+0000] {dag.py:2585} INFO - Sync 1 DAGs
[2025-01-23T19:54:17.129+0000] {logging_mixin.py:120} INFO - [2025-01-23T19:54:17.129+0000] {dag.py:3340} INFO - Setting next_dagrun for example_xcom to 2021-01-01T00:00:00+00:00, run_after=2021-01-01T00:00:00+00:00
[2025-01-23T19:54:17.165+0000] {processor.py:176} INFO - Processing /home/airflow/.local/lib/python3.7/site-packages/airflow/example_dags/example_xcom.py took 0.261 seconds
[2025-01-23T19:54:47.643+0000] {processor.py:154} INFO - Started process (PID=45745) to work on /home/airflow/.local/lib/python3.7/site-packages/airflow/example_dags/example_xcom.py
[2025-01-23T19:54:47.644+0000] {processor.py:756} INFO - Processing file /home/airflow/.local/lib/python3.7/site-packages/airflow/example_dags/example_xcom.py for tasks to queue
[2025-01-23T19:54:47.646+0000] {logging_mixin.py:120} INFO - [2025-01-23T19:54:47.646+0000] {dagbag.py:537} INFO - Filling up the DagBag from /home/airflow/.local/lib/python3.7/site-packages/airflow/example_dags/example_xcom.py
[2025-01-23T19:54:47.685+0000] {processor.py:766} INFO - DAG(s) dict_keys(['example_xcom']) retrieved from /home/airflow/.local/lib/python3.7/site-packages/airflow/example_dags/example_xcom.py
[2025-01-23T19:54:47.766+0000] {logging_mixin.py:120} INFO - [2025-01-23T19:54:47.766+0000] {dag.py:2585} INFO - Sync 1 DAGs
[2025-01-23T19:54:47.812+0000] {logging_mixin.py:120} INFO - [2025-01-23T19:54:47.812+0000] {dag.py:3340} INFO - Setting next_dagrun for example_xcom to 2021-01-01T00:00:00+00:00, run_after=2021-01-01T00:00:00+00:00
[2025-01-23T19:54:47.850+0000] {processor.py:176} INFO - Processing /home/airflow/.local/lib/python3.7/site-packages/airflow/example_dags/example_xcom.py took 0.213 seconds
[2025-01-23T19:55:18.286+0000] {processor.py:154} INFO - Started process (PID=45807) to work on /home/airflow/.local/lib/python3.7/site-packages/airflow/example_dags/example_xcom.py
[2025-01-23T19:55:18.288+0000] {processor.py:756} INFO - Processing file /home/airflow/.local/lib/python3.7/site-packages/airflow/example_dags/example_xcom.py for tasks to queue
[2025-01-23T19:55:18.290+0000] {logging_mixin.py:120} INFO - [2025-01-23T19:55:18.290+0000] {dagbag.py:537} INFO - Filling up the DagBag from /home/airflow/.local/lib/python3.7/site-packages/airflow/example_dags/example_xcom.py
[2025-01-23T19:55:18.342+0000] {processor.py:766} INFO - DAG(s) dict_keys(['example_xcom']) retrieved from /home/airflow/.local/lib/python3.7/site-packages/airflow/example_dags/example_xcom.py
[2025-01-23T19:55:18.433+0000] {logging_mixin.py:120} INFO - [2025-01-23T19:55:18.433+0000] {dag.py:2585} INFO - Sync 1 DAGs
[2025-01-23T19:55:18.526+0000] {logging_mixin.py:120} INFO - [2025-01-23T19:55:18.525+0000] {dag.py:3340} INFO - Setting next_dagrun for example_xcom to 2021-01-01T00:00:00+00:00, run_after=2021-01-01T00:00:00+00:00
[2025-01-23T19:55:18.592+0000] {processor.py:176} INFO - Processing /home/airflow/.local/lib/python3.7/site-packages/airflow/example_dags/example_xcom.py took 0.313 seconds
[2025-01-23T19:55:49.022+0000] {processor.py:154} INFO - Started process (PID=45863) to work on /home/airflow/.local/lib/python3.7/site-packages/airflow/example_dags/example_xcom.py
[2025-01-23T19:55:49.025+0000] {processor.py:756} INFO - Processing file /home/airflow/.local/lib/python3.7/site-packages/airflow/example_dags/example_xcom.py for tasks to queue
[2025-01-23T19:55:49.028+0000] {logging_mixin.py:120} INFO - [2025-01-23T19:55:49.028+0000] {dagbag.py:537} INFO - Filling up the DagBag from /home/airflow/.local/lib/python3.7/site-packages/airflow/example_dags/example_xcom.py
[2025-01-23T19:55:49.125+0000] {processor.py:766} INFO - DAG(s) dict_keys(['example_xcom']) retrieved from /home/airflow/.local/lib/python3.7/site-packages/airflow/example_dags/example_xcom.py
[2025-01-23T19:55:49.332+0000] {logging_mixin.py:120} INFO - [2025-01-23T19:55:49.331+0000] {dag.py:2585} INFO - Sync 1 DAGs
[2025-01-23T19:55:49.456+0000] {logging_mixin.py:120} INFO - [2025-01-23T19:55:49.455+0000] {dag.py:3340} INFO - Setting next_dagrun for example_xcom to 2021-01-01T00:00:00+00:00, run_after=2021-01-01T00:00:00+00:00
[2025-01-23T19:55:49.574+0000] {processor.py:176} INFO - Processing /home/airflow/.local/lib/python3.7/site-packages/airflow/example_dags/example_xcom.py took 0.570 seconds
[2025-01-23T19:56:19.972+0000] {processor.py:154} INFO - Started process (PID=45917) to work on /home/airflow/.local/lib/python3.7/site-packages/airflow/example_dags/example_xcom.py
[2025-01-23T19:56:19.984+0000] {processor.py:756} INFO - Processing file /home/airflow/.local/lib/python3.7/site-packages/airflow/example_dags/example_xcom.py for tasks to queue
[2025-01-23T19:56:19.997+0000] {logging_mixin.py:120} INFO - [2025-01-23T19:56:19.997+0000] {dagbag.py:537} INFO - Filling up the DagBag from /home/airflow/.local/lib/python3.7/site-packages/airflow/example_dags/example_xcom.py
[2025-01-23T19:56:20.129+0000] {processor.py:766} INFO - DAG(s) dict_keys(['example_xcom']) retrieved from /home/airflow/.local/lib/python3.7/site-packages/airflow/example_dags/example_xcom.py
[2025-01-23T19:56:20.367+0000] {logging_mixin.py:120} INFO - [2025-01-23T19:56:20.362+0000] {dag.py:2585} INFO - Sync 1 DAGs
[2025-01-23T19:56:20.549+0000] {logging_mixin.py:120} INFO - [2025-01-23T19:56:20.549+0000] {dag.py:3340} INFO - Setting next_dagrun for example_xcom to 2021-01-01T00:00:00+00:00, run_after=2021-01-01T00:00:00+00:00
[2025-01-23T19:56:20.636+0000] {processor.py:176} INFO - Processing /home/airflow/.local/lib/python3.7/site-packages/airflow/example_dags/example_xcom.py took 0.671 seconds
[2025-01-23T19:56:51.304+0000] {processor.py:154} INFO - Started process (PID=45971) to work on /home/airflow/.local/lib/python3.7/site-packages/airflow/example_dags/example_xcom.py
[2025-01-23T19:56:51.305+0000] {processor.py:756} INFO - Processing file /home/airflow/.local/lib/python3.7/site-packages/airflow/example_dags/example_xcom.py for tasks to queue
[2025-01-23T19:56:51.307+0000] {logging_mixin.py:120} INFO - [2025-01-23T19:56:51.307+0000] {dagbag.py:537} INFO - Filling up the DagBag from /home/airflow/.local/lib/python3.7/site-packages/airflow/example_dags/example_xcom.py
[2025-01-23T19:56:51.347+0000] {processor.py:766} INFO - DAG(s) dict_keys(['example_xcom']) retrieved from /home/airflow/.local/lib/python3.7/site-packages/airflow/example_dags/example_xcom.py
[2025-01-23T19:56:51.429+0000] {logging_mixin.py:120} INFO - [2025-01-23T19:56:51.428+0000] {dag.py:2585} INFO - Sync 1 DAGs
[2025-01-23T19:56:51.483+0000] {logging_mixin.py:120} INFO - [2025-01-23T19:56:51.482+0000] {dag.py:3340} INFO - Setting next_dagrun for example_xcom to 2021-01-01T00:00:00+00:00, run_after=2021-01-01T00:00:00+00:00
[2025-01-23T19:56:51.524+0000] {processor.py:176} INFO - Processing /home/airflow/.local/lib/python3.7/site-packages/airflow/example_dags/example_xcom.py took 0.225 seconds
[2025-01-23T19:57:21.836+0000] {processor.py:154} INFO - Started process (PID=46025) to work on /home/airflow/.local/lib/python3.7/site-packages/airflow/example_dags/example_xcom.py
[2025-01-23T19:57:21.838+0000] {processor.py:756} INFO - Processing file /home/airflow/.local/lib/python3.7/site-packages/airflow/example_dags/example_xcom.py for tasks to queue
[2025-01-23T19:57:21.841+0000] {logging_mixin.py:120} INFO - [2025-01-23T19:57:21.840+0000] {dagbag.py:537} INFO - Filling up the DagBag from /home/airflow/.local/lib/python3.7/site-packages/airflow/example_dags/example_xcom.py
[2025-01-23T19:57:21.904+0000] {processor.py:766} INFO - DAG(s) dict_keys(['example_xcom']) retrieved from /home/airflow/.local/lib/python3.7/site-packages/airflow/example_dags/example_xcom.py
[2025-01-23T19:57:21.990+0000] {logging_mixin.py:120} INFO - [2025-01-23T19:57:21.989+0000] {dag.py:2585} INFO - Sync 1 DAGs
[2025-01-23T19:57:22.040+0000] {logging_mixin.py:120} INFO - [2025-01-23T19:57:22.040+0000] {dag.py:3340} INFO - Setting next_dagrun for example_xcom to 2021-01-01T00:00:00+00:00, run_after=2021-01-01T00:00:00+00:00
[2025-01-23T19:57:22.080+0000] {processor.py:176} INFO - Processing /home/airflow/.local/lib/python3.7/site-packages/airflow/example_dags/example_xcom.py took 0.251 seconds
[2025-01-23T19:57:52.371+0000] {processor.py:154} INFO - Started process (PID=46087) to work on /home/airflow/.local/lib/python3.7/site-packages/airflow/example_dags/example_xcom.py
[2025-01-23T19:57:52.373+0000] {processor.py:756} INFO - Processing file /home/airflow/.local/lib/python3.7/site-packages/airflow/example_dags/example_xcom.py for tasks to queue
[2025-01-23T19:57:52.375+0000] {logging_mixin.py:120} INFO - [2025-01-23T19:57:52.375+0000] {dagbag.py:537} INFO - Filling up the DagBag from /home/airflow/.local/lib/python3.7/site-packages/airflow/example_dags/example_xcom.py
[2025-01-23T19:57:52.430+0000] {processor.py:766} INFO - DAG(s) dict_keys(['example_xcom']) retrieved from /home/airflow/.local/lib/python3.7/site-packages/airflow/example_dags/example_xcom.py
[2025-01-23T19:57:52.537+0000] {logging_mixin.py:120} INFO - [2025-01-23T19:57:52.537+0000] {dag.py:2585} INFO - Sync 1 DAGs
[2025-01-23T19:57:52.607+0000] {logging_mixin.py:120} INFO - [2025-01-23T19:57:52.606+0000] {dag.py:3340} INFO - Setting next_dagrun for example_xcom to 2021-01-01T00:00:00+00:00, run_after=2021-01-01T00:00:00+00:00
[2025-01-23T19:57:52.644+0000] {processor.py:176} INFO - Processing /home/airflow/.local/lib/python3.7/site-packages/airflow/example_dags/example_xcom.py took 0.278 seconds
[2025-01-23T19:58:23.136+0000] {processor.py:154} INFO - Started process (PID=46141) to work on /home/airflow/.local/lib/python3.7/site-packages/airflow/example_dags/example_xcom.py
[2025-01-23T19:58:23.138+0000] {processor.py:756} INFO - Processing file /home/airflow/.local/lib/python3.7/site-packages/airflow/example_dags/example_xcom.py for tasks to queue
[2025-01-23T19:58:23.139+0000] {logging_mixin.py:120} INFO - [2025-01-23T19:58:23.139+0000] {dagbag.py:537} INFO - Filling up the DagBag from /home/airflow/.local/lib/python3.7/site-packages/airflow/example_dags/example_xcom.py
[2025-01-23T19:58:23.178+0000] {processor.py:766} INFO - DAG(s) dict_keys(['example_xcom']) retrieved from /home/airflow/.local/lib/python3.7/site-packages/airflow/example_dags/example_xcom.py
[2025-01-23T19:58:23.248+0000] {logging_mixin.py:120} INFO - [2025-01-23T19:58:23.248+0000] {dag.py:2585} INFO - Sync 1 DAGs
[2025-01-23T19:58:23.293+0000] {logging_mixin.py:120} INFO - [2025-01-23T19:58:23.293+0000] {dag.py:3340} INFO - Setting next_dagrun for example_xcom to 2021-01-01T00:00:00+00:00, run_after=2021-01-01T00:00:00+00:00
[2025-01-23T19:58:23.328+0000] {processor.py:176} INFO - Processing /home/airflow/.local/lib/python3.7/site-packages/airflow/example_dags/example_xcom.py took 0.197 seconds
[2025-01-23T19:58:53.792+0000] {processor.py:154} INFO - Started process (PID=46195) to work on /home/airflow/.local/lib/python3.7/site-packages/airflow/example_dags/example_xcom.py
[2025-01-23T19:58:53.796+0000] {processor.py:756} INFO - Processing file /home/airflow/.local/lib/python3.7/site-packages/airflow/example_dags/example_xcom.py for tasks to queue
[2025-01-23T19:58:53.801+0000] {logging_mixin.py:120} INFO - [2025-01-23T19:58:53.800+0000] {dagbag.py:537} INFO - Filling up the DagBag from /home/airflow/.local/lib/python3.7/site-packages/airflow/example_dags/example_xcom.py
[2025-01-23T19:58:53.891+0000] {processor.py:766} INFO - DAG(s) dict_keys(['example_xcom']) retrieved from /home/airflow/.local/lib/python3.7/site-packages/airflow/example_dags/example_xcom.py
[2025-01-23T19:58:53.997+0000] {logging_mixin.py:120} INFO - [2025-01-23T19:58:53.996+0000] {dag.py:2585} INFO - Sync 1 DAGs
[2025-01-23T19:58:54.055+0000] {logging_mixin.py:120} INFO - [2025-01-23T19:58:54.054+0000] {dag.py:3340} INFO - Setting next_dagrun for example_xcom to 2021-01-01T00:00:00+00:00, run_after=2021-01-01T00:00:00+00:00
[2025-01-23T19:58:54.100+0000] {processor.py:176} INFO - Processing /home/airflow/.local/lib/python3.7/site-packages/airflow/example_dags/example_xcom.py took 0.322 seconds
[2025-01-23T19:59:24.372+0000] {processor.py:154} INFO - Started process (PID=46258) to work on /home/airflow/.local/lib/python3.7/site-packages/airflow/example_dags/example_xcom.py
[2025-01-23T19:59:24.374+0000] {processor.py:756} INFO - Processing file /home/airflow/.local/lib/python3.7/site-packages/airflow/example_dags/example_xcom.py for tasks to queue
[2025-01-23T19:59:24.375+0000] {logging_mixin.py:120} INFO - [2025-01-23T19:59:24.375+0000] {dagbag.py:537} INFO - Filling up the DagBag from /home/airflow/.local/lib/python3.7/site-packages/airflow/example_dags/example_xcom.py
[2025-01-23T19:59:24.432+0000] {processor.py:766} INFO - DAG(s) dict_keys(['example_xcom']) retrieved from /home/airflow/.local/lib/python3.7/site-packages/airflow/example_dags/example_xcom.py
[2025-01-23T19:59:24.531+0000] {logging_mixin.py:120} INFO - [2025-01-23T19:59:24.530+0000] {dag.py:2585} INFO - Sync 1 DAGs
[2025-01-23T19:59:24.588+0000] {logging_mixin.py:120} INFO - [2025-01-23T19:59:24.588+0000] {dag.py:3340} INFO - Setting next_dagrun for example_xcom to 2021-01-01T00:00:00+00:00, run_after=2021-01-01T00:00:00+00:00
[2025-01-23T19:59:24.634+0000] {processor.py:176} INFO - Processing /home/airflow/.local/lib/python3.7/site-packages/airflow/example_dags/example_xcom.py took 0.270 seconds
[2025-01-23T19:59:54.800+0000] {processor.py:154} INFO - Started process (PID=46314) to work on /home/airflow/.local/lib/python3.7/site-packages/airflow/example_dags/example_xcom.py
[2025-01-23T19:59:54.806+0000] {processor.py:756} INFO - Processing file /home/airflow/.local/lib/python3.7/site-packages/airflow/example_dags/example_xcom.py for tasks to queue
[2025-01-23T19:59:54.810+0000] {logging_mixin.py:120} INFO - [2025-01-23T19:59:54.809+0000] {dagbag.py:537} INFO - Filling up the DagBag from /home/airflow/.local/lib/python3.7/site-packages/airflow/example_dags/example_xcom.py
[2025-01-23T19:59:54.873+0000] {processor.py:766} INFO - DAG(s) dict_keys(['example_xcom']) retrieved from /home/airflow/.local/lib/python3.7/site-packages/airflow/example_dags/example_xcom.py
[2025-01-23T19:59:54.939+0000] {logging_mixin.py:120} INFO - [2025-01-23T19:59:54.938+0000] {dag.py:2585} INFO - Sync 1 DAGs
[2025-01-23T19:59:54.990+0000] {logging_mixin.py:120} INFO - [2025-01-23T19:59:54.990+0000] {dag.py:3340} INFO - Setting next_dagrun for example_xcom to 2021-01-01T00:00:00+00:00, run_after=2021-01-01T00:00:00+00:00
[2025-01-23T19:59:55.035+0000] {processor.py:176} INFO - Processing /home/airflow/.local/lib/python3.7/site-packages/airflow/example_dags/example_xcom.py took 0.248 seconds
[2025-01-23T20:00:25.104+0000] {processor.py:154} INFO - Started process (PID=46368) to work on /home/airflow/.local/lib/python3.7/site-packages/airflow/example_dags/example_xcom.py
[2025-01-23T20:00:25.106+0000] {processor.py:756} INFO - Processing file /home/airflow/.local/lib/python3.7/site-packages/airflow/example_dags/example_xcom.py for tasks to queue
[2025-01-23T20:00:25.107+0000] {logging_mixin.py:120} INFO - [2025-01-23T20:00:25.107+0000] {dagbag.py:537} INFO - Filling up the DagBag from /home/airflow/.local/lib/python3.7/site-packages/airflow/example_dags/example_xcom.py
[2025-01-23T20:00:25.151+0000] {processor.py:766} INFO - DAG(s) dict_keys(['example_xcom']) retrieved from /home/airflow/.local/lib/python3.7/site-packages/airflow/example_dags/example_xcom.py
[2025-01-23T20:00:25.231+0000] {logging_mixin.py:120} INFO - [2025-01-23T20:00:25.231+0000] {dag.py:2585} INFO - Sync 1 DAGs
[2025-01-23T20:00:25.280+0000] {logging_mixin.py:120} INFO - [2025-01-23T20:00:25.280+0000] {dag.py:3340} INFO - Setting next_dagrun for example_xcom to 2021-01-01T00:00:00+00:00, run_after=2021-01-01T00:00:00+00:00
[2025-01-23T20:00:25.318+0000] {processor.py:176} INFO - Processing /home/airflow/.local/lib/python3.7/site-packages/airflow/example_dags/example_xcom.py took 0.220 seconds
[2025-01-23T20:00:55.886+0000] {processor.py:154} INFO - Started process (PID=46432) to work on /home/airflow/.local/lib/python3.7/site-packages/airflow/example_dags/example_xcom.py
[2025-01-23T20:00:55.891+0000] {processor.py:756} INFO - Processing file /home/airflow/.local/lib/python3.7/site-packages/airflow/example_dags/example_xcom.py for tasks to queue
[2025-01-23T20:00:55.897+0000] {logging_mixin.py:120} INFO - [2025-01-23T20:00:55.896+0000] {dagbag.py:537} INFO - Filling up the DagBag from /home/airflow/.local/lib/python3.7/site-packages/airflow/example_dags/example_xcom.py
[2025-01-23T20:00:55.967+0000] {processor.py:766} INFO - DAG(s) dict_keys(['example_xcom']) retrieved from /home/airflow/.local/lib/python3.7/site-packages/airflow/example_dags/example_xcom.py
[2025-01-23T20:00:56.051+0000] {logging_mixin.py:120} INFO - [2025-01-23T20:00:56.051+0000] {dag.py:2585} INFO - Sync 1 DAGs
[2025-01-23T20:00:56.095+0000] {logging_mixin.py:120} INFO - [2025-01-23T20:00:56.095+0000] {dag.py:3340} INFO - Setting next_dagrun for example_xcom to 2021-01-01T00:00:00+00:00, run_after=2021-01-01T00:00:00+00:00
[2025-01-23T20:00:56.136+0000] {processor.py:176} INFO - Processing /home/airflow/.local/lib/python3.7/site-packages/airflow/example_dags/example_xcom.py took 0.272 seconds
[2025-01-23T20:01:26.843+0000] {processor.py:154} INFO - Started process (PID=46486) to work on /home/airflow/.local/lib/python3.7/site-packages/airflow/example_dags/example_xcom.py
[2025-01-23T20:01:26.848+0000] {processor.py:756} INFO - Processing file /home/airflow/.local/lib/python3.7/site-packages/airflow/example_dags/example_xcom.py for tasks to queue
[2025-01-23T20:01:26.853+0000] {logging_mixin.py:120} INFO - [2025-01-23T20:01:26.852+0000] {dagbag.py:537} INFO - Filling up the DagBag from /home/airflow/.local/lib/python3.7/site-packages/airflow/example_dags/example_xcom.py
[2025-01-23T20:01:27.012+0000] {processor.py:766} INFO - DAG(s) dict_keys(['example_xcom']) retrieved from /home/airflow/.local/lib/python3.7/site-packages/airflow/example_dags/example_xcom.py
[2025-01-23T20:01:27.135+0000] {logging_mixin.py:120} INFO - [2025-01-23T20:01:27.135+0000] {dag.py:2585} INFO - Sync 1 DAGs
[2025-01-23T20:01:27.198+0000] {logging_mixin.py:120} INFO - [2025-01-23T20:01:27.197+0000] {dag.py:3340} INFO - Setting next_dagrun for example_xcom to 2021-01-01T00:00:00+00:00, run_after=2021-01-01T00:00:00+00:00
[2025-01-23T20:01:27.238+0000] {processor.py:176} INFO - Processing /home/airflow/.local/lib/python3.7/site-packages/airflow/example_dags/example_xcom.py took 0.413 seconds
[2025-01-23T20:01:57.334+0000] {processor.py:154} INFO - Started process (PID=46547) to work on /home/airflow/.local/lib/python3.7/site-packages/airflow/example_dags/example_xcom.py
[2025-01-23T20:01:57.336+0000] {processor.py:756} INFO - Processing file /home/airflow/.local/lib/python3.7/site-packages/airflow/example_dags/example_xcom.py for tasks to queue
[2025-01-23T20:01:57.338+0000] {logging_mixin.py:120} INFO - [2025-01-23T20:01:57.338+0000] {dagbag.py:537} INFO - Filling up the DagBag from /home/airflow/.local/lib/python3.7/site-packages/airflow/example_dags/example_xcom.py
[2025-01-23T20:01:57.395+0000] {processor.py:766} INFO - DAG(s) dict_keys(['example_xcom']) retrieved from /home/airflow/.local/lib/python3.7/site-packages/airflow/example_dags/example_xcom.py
[2025-01-23T20:01:57.489+0000] {logging_mixin.py:120} INFO - [2025-01-23T20:01:57.489+0000] {dag.py:2585} INFO - Sync 1 DAGs
[2025-01-23T20:01:57.539+0000] {logging_mixin.py:120} INFO - [2025-01-23T20:01:57.539+0000] {dag.py:3340} INFO - Setting next_dagrun for example_xcom to 2021-01-01T00:00:00+00:00, run_after=2021-01-01T00:00:00+00:00
[2025-01-23T20:01:57.577+0000] {processor.py:176} INFO - Processing /home/airflow/.local/lib/python3.7/site-packages/airflow/example_dags/example_xcom.py took 0.249 seconds
[2025-01-23T20:02:27.711+0000] {processor.py:154} INFO - Started process (PID=46603) to work on /home/airflow/.local/lib/python3.7/site-packages/airflow/example_dags/example_xcom.py
[2025-01-23T20:02:27.715+0000] {processor.py:756} INFO - Processing file /home/airflow/.local/lib/python3.7/site-packages/airflow/example_dags/example_xcom.py for tasks to queue
[2025-01-23T20:02:27.719+0000] {logging_mixin.py:120} INFO - [2025-01-23T20:02:27.718+0000] {dagbag.py:537} INFO - Filling up the DagBag from /home/airflow/.local/lib/python3.7/site-packages/airflow/example_dags/example_xcom.py
[2025-01-23T20:02:27.851+0000] {processor.py:766} INFO - DAG(s) dict_keys(['example_xcom']) retrieved from /home/airflow/.local/lib/python3.7/site-packages/airflow/example_dags/example_xcom.py
[2025-01-23T20:02:28.061+0000] {logging_mixin.py:120} INFO - [2025-01-23T20:02:28.061+0000] {dag.py:2585} INFO - Sync 1 DAGs
[2025-01-23T20:02:28.228+0000] {logging_mixin.py:120} INFO - [2025-01-23T20:02:28.228+0000] {dag.py:3340} INFO - Setting next_dagrun for example_xcom to 2021-01-01T00:00:00+00:00, run_after=2021-01-01T00:00:00+00:00
[2025-01-23T20:02:28.327+0000] {processor.py:176} INFO - Processing /home/airflow/.local/lib/python3.7/site-packages/airflow/example_dags/example_xcom.py took 0.632 seconds
[2025-01-23T20:02:59.165+0000] {processor.py:154} INFO - Started process (PID=46657) to work on /home/airflow/.local/lib/python3.7/site-packages/airflow/example_dags/example_xcom.py
[2025-01-23T20:02:59.169+0000] {processor.py:756} INFO - Processing file /home/airflow/.local/lib/python3.7/site-packages/airflow/example_dags/example_xcom.py for tasks to queue
[2025-01-23T20:02:59.186+0000] {logging_mixin.py:120} INFO - [2025-01-23T20:02:59.184+0000] {dagbag.py:537} INFO - Filling up the DagBag from /home/airflow/.local/lib/python3.7/site-packages/airflow/example_dags/example_xcom.py
[2025-01-23T20:02:59.292+0000] {processor.py:766} INFO - DAG(s) dict_keys(['example_xcom']) retrieved from /home/airflow/.local/lib/python3.7/site-packages/airflow/example_dags/example_xcom.py
[2025-01-23T20:02:59.369+0000] {logging_mixin.py:120} INFO - [2025-01-23T20:02:59.369+0000] {dag.py:2585} INFO - Sync 1 DAGs
[2025-01-23T20:02:59.411+0000] {logging_mixin.py:120} INFO - [2025-01-23T20:02:59.411+0000] {dag.py:3340} INFO - Setting next_dagrun for example_xcom to 2021-01-01T00:00:00+00:00, run_after=2021-01-01T00:00:00+00:00
[2025-01-23T20:02:59.444+0000] {processor.py:176} INFO - Processing /home/airflow/.local/lib/python3.7/site-packages/airflow/example_dags/example_xcom.py took 0.294 seconds
[2025-01-23T20:03:30.465+0000] {processor.py:154} INFO - Started process (PID=46720) to work on /home/airflow/.local/lib/python3.7/site-packages/airflow/example_dags/example_xcom.py
[2025-01-23T20:03:30.470+0000] {processor.py:756} INFO - Processing file /home/airflow/.local/lib/python3.7/site-packages/airflow/example_dags/example_xcom.py for tasks to queue
[2025-01-23T20:03:30.474+0000] {logging_mixin.py:120} INFO - [2025-01-23T20:03:30.473+0000] {dagbag.py:537} INFO - Filling up the DagBag from /home/airflow/.local/lib/python3.7/site-packages/airflow/example_dags/example_xcom.py
[2025-01-23T20:03:30.603+0000] {processor.py:766} INFO - DAG(s) dict_keys(['example_xcom']) retrieved from /home/airflow/.local/lib/python3.7/site-packages/airflow/example_dags/example_xcom.py
[2025-01-23T20:03:30.685+0000] {logging_mixin.py:120} INFO - [2025-01-23T20:03:30.685+0000] {dag.py:2585} INFO - Sync 1 DAGs
[2025-01-23T20:03:30.727+0000] {logging_mixin.py:120} INFO - [2025-01-23T20:03:30.726+0000] {dag.py:3340} INFO - Setting next_dagrun for example_xcom to 2021-01-01T00:00:00+00:00, run_after=2021-01-01T00:00:00+00:00
[2025-01-23T20:03:30.760+0000] {processor.py:176} INFO - Processing /home/airflow/.local/lib/python3.7/site-packages/airflow/example_dags/example_xcom.py took 0.313 seconds
[2025-01-23T20:04:01.202+0000] {processor.py:154} INFO - Started process (PID=46774) to work on /home/airflow/.local/lib/python3.7/site-packages/airflow/example_dags/example_xcom.py
[2025-01-23T20:04:01.204+0000] {processor.py:756} INFO - Processing file /home/airflow/.local/lib/python3.7/site-packages/airflow/example_dags/example_xcom.py for tasks to queue
[2025-01-23T20:04:01.206+0000] {logging_mixin.py:120} INFO - [2025-01-23T20:04:01.206+0000] {dagbag.py:537} INFO - Filling up the DagBag from /home/airflow/.local/lib/python3.7/site-packages/airflow/example_dags/example_xcom.py
[2025-01-23T20:04:01.272+0000] {processor.py:766} INFO - DAG(s) dict_keys(['example_xcom']) retrieved from /home/airflow/.local/lib/python3.7/site-packages/airflow/example_dags/example_xcom.py
[2025-01-23T20:04:01.363+0000] {logging_mixin.py:120} INFO - [2025-01-23T20:04:01.362+0000] {dag.py:2585} INFO - Sync 1 DAGs
[2025-01-23T20:04:01.437+0000] {logging_mixin.py:120} INFO - [2025-01-23T20:04:01.436+0000] {dag.py:3340} INFO - Setting next_dagrun for example_xcom to 2021-01-01T00:00:00+00:00, run_after=2021-01-01T00:00:00+00:00
[2025-01-23T20:04:01.483+0000] {processor.py:176} INFO - Processing /home/airflow/.local/lib/python3.7/site-packages/airflow/example_dags/example_xcom.py took 0.289 seconds
[2025-01-23T20:04:31.628+0000] {processor.py:154} INFO - Started process (PID=46837) to work on /home/airflow/.local/lib/python3.7/site-packages/airflow/example_dags/example_xcom.py
[2025-01-23T20:04:31.630+0000] {processor.py:756} INFO - Processing file /home/airflow/.local/lib/python3.7/site-packages/airflow/example_dags/example_xcom.py for tasks to queue
[2025-01-23T20:04:31.632+0000] {logging_mixin.py:120} INFO - [2025-01-23T20:04:31.632+0000] {dagbag.py:537} INFO - Filling up the DagBag from /home/airflow/.local/lib/python3.7/site-packages/airflow/example_dags/example_xcom.py
[2025-01-23T20:04:31.686+0000] {processor.py:766} INFO - DAG(s) dict_keys(['example_xcom']) retrieved from /home/airflow/.local/lib/python3.7/site-packages/airflow/example_dags/example_xcom.py
[2025-01-23T20:04:31.767+0000] {logging_mixin.py:120} INFO - [2025-01-23T20:04:31.766+0000] {dag.py:2585} INFO - Sync 1 DAGs
[2025-01-23T20:04:31.819+0000] {logging_mixin.py:120} INFO - [2025-01-23T20:04:31.819+0000] {dag.py:3340} INFO - Setting next_dagrun for example_xcom to 2021-01-01T00:00:00+00:00, run_after=2021-01-01T00:00:00+00:00
[2025-01-23T20:04:31.865+0000] {processor.py:176} INFO - Processing /home/airflow/.local/lib/python3.7/site-packages/airflow/example_dags/example_xcom.py took 0.245 seconds
[2025-01-23T20:05:02.250+0000] {processor.py:154} INFO - Started process (PID=46891) to work on /home/airflow/.local/lib/python3.7/site-packages/airflow/example_dags/example_xcom.py
[2025-01-23T20:05:02.256+0000] {processor.py:756} INFO - Processing file /home/airflow/.local/lib/python3.7/site-packages/airflow/example_dags/example_xcom.py for tasks to queue
[2025-01-23T20:05:02.259+0000] {logging_mixin.py:120} INFO - [2025-01-23T20:05:02.259+0000] {dagbag.py:537} INFO - Filling up the DagBag from /home/airflow/.local/lib/python3.7/site-packages/airflow/example_dags/example_xcom.py
[2025-01-23T20:05:02.373+0000] {processor.py:766} INFO - DAG(s) dict_keys(['example_xcom']) retrieved from /home/airflow/.local/lib/python3.7/site-packages/airflow/example_dags/example_xcom.py
[2025-01-23T20:05:02.529+0000] {logging_mixin.py:120} INFO - [2025-01-23T20:05:02.529+0000] {dag.py:2585} INFO - Sync 1 DAGs
[2025-01-23T20:05:02.619+0000] {logging_mixin.py:120} INFO - [2025-01-23T20:05:02.618+0000] {dag.py:3340} INFO - Setting next_dagrun for example_xcom to 2021-01-01T00:00:00+00:00, run_after=2021-01-01T00:00:00+00:00
[2025-01-23T20:05:02.682+0000] {processor.py:176} INFO - Processing /home/airflow/.local/lib/python3.7/site-packages/airflow/example_dags/example_xcom.py took 0.453 seconds
[2025-01-23T20:05:32.787+0000] {processor.py:154} INFO - Started process (PID=46954) to work on /home/airflow/.local/lib/python3.7/site-packages/airflow/example_dags/example_xcom.py
[2025-01-23T20:05:32.789+0000] {processor.py:756} INFO - Processing file /home/airflow/.local/lib/python3.7/site-packages/airflow/example_dags/example_xcom.py for tasks to queue
[2025-01-23T20:05:32.791+0000] {logging_mixin.py:120} INFO - [2025-01-23T20:05:32.791+0000] {dagbag.py:537} INFO - Filling up the DagBag from /home/airflow/.local/lib/python3.7/site-packages/airflow/example_dags/example_xcom.py
[2025-01-23T20:05:32.846+0000] {processor.py:766} INFO - DAG(s) dict_keys(['example_xcom']) retrieved from /home/airflow/.local/lib/python3.7/site-packages/airflow/example_dags/example_xcom.py
[2025-01-23T20:05:32.944+0000] {logging_mixin.py:120} INFO - [2025-01-23T20:05:32.943+0000] {dag.py:2585} INFO - Sync 1 DAGs
[2025-01-23T20:05:33.004+0000] {logging_mixin.py:120} INFO - [2025-01-23T20:05:33.004+0000] {dag.py:3340} INFO - Setting next_dagrun for example_xcom to 2021-01-01T00:00:00+00:00, run_after=2021-01-01T00:00:00+00:00
[2025-01-23T20:05:33.048+0000] {processor.py:176} INFO - Processing /home/airflow/.local/lib/python3.7/site-packages/airflow/example_dags/example_xcom.py took 0.268 seconds
[2025-01-23T20:06:03.270+0000] {processor.py:154} INFO - Started process (PID=47008) to work on /home/airflow/.local/lib/python3.7/site-packages/airflow/example_dags/example_xcom.py
[2025-01-23T20:06:03.274+0000] {processor.py:756} INFO - Processing file /home/airflow/.local/lib/python3.7/site-packages/airflow/example_dags/example_xcom.py for tasks to queue
[2025-01-23T20:06:03.279+0000] {logging_mixin.py:120} INFO - [2025-01-23T20:06:03.278+0000] {dagbag.py:537} INFO - Filling up the DagBag from /home/airflow/.local/lib/python3.7/site-packages/airflow/example_dags/example_xcom.py
[2025-01-23T20:06:03.395+0000] {processor.py:766} INFO - DAG(s) dict_keys(['example_xcom']) retrieved from /home/airflow/.local/lib/python3.7/site-packages/airflow/example_dags/example_xcom.py
[2025-01-23T20:06:03.573+0000] {logging_mixin.py:120} INFO - [2025-01-23T20:06:03.573+0000] {dag.py:2585} INFO - Sync 1 DAGs
[2025-01-23T20:06:03.684+0000] {logging_mixin.py:120} INFO - [2025-01-23T20:06:03.684+0000] {dag.py:3340} INFO - Setting next_dagrun for example_xcom to 2021-01-01T00:00:00+00:00, run_after=2021-01-01T00:00:00+00:00
[2025-01-23T20:06:03.766+0000] {processor.py:176} INFO - Processing /home/airflow/.local/lib/python3.7/site-packages/airflow/example_dags/example_xcom.py took 0.515 seconds
[2025-01-23T20:06:33.962+0000] {processor.py:154} INFO - Started process (PID=47062) to work on /home/airflow/.local/lib/python3.7/site-packages/airflow/example_dags/example_xcom.py
[2025-01-23T20:06:33.968+0000] {processor.py:756} INFO - Processing file /home/airflow/.local/lib/python3.7/site-packages/airflow/example_dags/example_xcom.py for tasks to queue
[2025-01-23T20:06:33.973+0000] {logging_mixin.py:120} INFO - [2025-01-23T20:06:33.972+0000] {dagbag.py:537} INFO - Filling up the DagBag from /home/airflow/.local/lib/python3.7/site-packages/airflow/example_dags/example_xcom.py
[2025-01-23T20:06:34.094+0000] {processor.py:766} INFO - DAG(s) dict_keys(['example_xcom']) retrieved from /home/airflow/.local/lib/python3.7/site-packages/airflow/example_dags/example_xcom.py
[2025-01-23T20:06:34.190+0000] {logging_mixin.py:120} INFO - [2025-01-23T20:06:34.189+0000] {dag.py:2585} INFO - Sync 1 DAGs
[2025-01-23T20:06:34.260+0000] {logging_mixin.py:120} INFO - [2025-01-23T20:06:34.260+0000] {dag.py:3340} INFO - Setting next_dagrun for example_xcom to 2021-01-01T00:00:00+00:00, run_after=2021-01-01T00:00:00+00:00
[2025-01-23T20:06:34.300+0000] {processor.py:176} INFO - Processing /home/airflow/.local/lib/python3.7/site-packages/airflow/example_dags/example_xcom.py took 0.358 seconds
[2025-01-23T20:07:04.549+0000] {processor.py:154} INFO - Started process (PID=47125) to work on /home/airflow/.local/lib/python3.7/site-packages/airflow/example_dags/example_xcom.py
[2025-01-23T20:07:04.553+0000] {processor.py:756} INFO - Processing file /home/airflow/.local/lib/python3.7/site-packages/airflow/example_dags/example_xcom.py for tasks to queue
[2025-01-23T20:07:04.557+0000] {logging_mixin.py:120} INFO - [2025-01-23T20:07:04.556+0000] {dagbag.py:537} INFO - Filling up the DagBag from /home/airflow/.local/lib/python3.7/site-packages/airflow/example_dags/example_xcom.py
[2025-01-23T20:07:04.674+0000] {processor.py:766} INFO - DAG(s) dict_keys(['example_xcom']) retrieved from /home/airflow/.local/lib/python3.7/site-packages/airflow/example_dags/example_xcom.py
[2025-01-23T20:07:04.811+0000] {logging_mixin.py:120} INFO - [2025-01-23T20:07:04.810+0000] {dag.py:2585} INFO - Sync 1 DAGs
[2025-01-23T20:07:04.884+0000] {logging_mixin.py:120} INFO - [2025-01-23T20:07:04.884+0000] {dag.py:3340} INFO - Setting next_dagrun for example_xcom to 2021-01-01T00:00:00+00:00, run_after=2021-01-01T00:00:00+00:00
[2025-01-23T20:07:04.939+0000] {processor.py:176} INFO - Processing /home/airflow/.local/lib/python3.7/site-packages/airflow/example_dags/example_xcom.py took 0.405 seconds
[2025-01-23T20:07:35.713+0000] {processor.py:154} INFO - Started process (PID=47179) to work on /home/airflow/.local/lib/python3.7/site-packages/airflow/example_dags/example_xcom.py
[2025-01-23T20:07:35.717+0000] {processor.py:756} INFO - Processing file /home/airflow/.local/lib/python3.7/site-packages/airflow/example_dags/example_xcom.py for tasks to queue
[2025-01-23T20:07:35.721+0000] {logging_mixin.py:120} INFO - [2025-01-23T20:07:35.720+0000] {dagbag.py:537} INFO - Filling up the DagBag from /home/airflow/.local/lib/python3.7/site-packages/airflow/example_dags/example_xcom.py
[2025-01-23T20:07:35.821+0000] {processor.py:766} INFO - DAG(s) dict_keys(['example_xcom']) retrieved from /home/airflow/.local/lib/python3.7/site-packages/airflow/example_dags/example_xcom.py
[2025-01-23T20:07:35.890+0000] {logging_mixin.py:120} INFO - [2025-01-23T20:07:35.889+0000] {dag.py:2585} INFO - Sync 1 DAGs
[2025-01-23T20:07:35.930+0000] {logging_mixin.py:120} INFO - [2025-01-23T20:07:35.930+0000] {dag.py:3340} INFO - Setting next_dagrun for example_xcom to 2021-01-01T00:00:00+00:00, run_after=2021-01-01T00:00:00+00:00
[2025-01-23T20:07:35.969+0000] {processor.py:176} INFO - Processing /home/airflow/.local/lib/python3.7/site-packages/airflow/example_dags/example_xcom.py took 0.269 seconds
[2025-01-23T20:08:06.023+0000] {processor.py:154} INFO - Started process (PID=47241) to work on /home/airflow/.local/lib/python3.7/site-packages/airflow/example_dags/example_xcom.py
[2025-01-23T20:08:06.025+0000] {processor.py:756} INFO - Processing file /home/airflow/.local/lib/python3.7/site-packages/airflow/example_dags/example_xcom.py for tasks to queue
[2025-01-23T20:08:06.026+0000] {logging_mixin.py:120} INFO - [2025-01-23T20:08:06.026+0000] {dagbag.py:537} INFO - Filling up the DagBag from /home/airflow/.local/lib/python3.7/site-packages/airflow/example_dags/example_xcom.py
[2025-01-23T20:08:06.067+0000] {processor.py:766} INFO - DAG(s) dict_keys(['example_xcom']) retrieved from /home/airflow/.local/lib/python3.7/site-packages/airflow/example_dags/example_xcom.py
[2025-01-23T20:08:06.139+0000] {logging_mixin.py:120} INFO - [2025-01-23T20:08:06.139+0000] {dag.py:2585} INFO - Sync 1 DAGs
[2025-01-23T20:08:06.184+0000] {logging_mixin.py:120} INFO - [2025-01-23T20:08:06.183+0000] {dag.py:3340} INFO - Setting next_dagrun for example_xcom to 2021-01-01T00:00:00+00:00, run_after=2021-01-01T00:00:00+00:00
[2025-01-23T20:08:06.219+0000] {processor.py:176} INFO - Processing /home/airflow/.local/lib/python3.7/site-packages/airflow/example_dags/example_xcom.py took 0.201 seconds
[2025-01-23T20:08:37.026+0000] {processor.py:154} INFO - Started process (PID=47295) to work on /home/airflow/.local/lib/python3.7/site-packages/airflow/example_dags/example_xcom.py
[2025-01-23T20:08:37.030+0000] {processor.py:756} INFO - Processing file /home/airflow/.local/lib/python3.7/site-packages/airflow/example_dags/example_xcom.py for tasks to queue
[2025-01-23T20:08:37.034+0000] {logging_mixin.py:120} INFO - [2025-01-23T20:08:37.033+0000] {dagbag.py:537} INFO - Filling up the DagBag from /home/airflow/.local/lib/python3.7/site-packages/airflow/example_dags/example_xcom.py
[2025-01-23T20:08:37.149+0000] {processor.py:766} INFO - DAG(s) dict_keys(['example_xcom']) retrieved from /home/airflow/.local/lib/python3.7/site-packages/airflow/example_dags/example_xcom.py
[2025-01-23T20:08:37.240+0000] {logging_mixin.py:120} INFO - [2025-01-23T20:08:37.240+0000] {dag.py:2585} INFO - Sync 1 DAGs
[2025-01-23T20:08:37.302+0000] {logging_mixin.py:120} INFO - [2025-01-23T20:08:37.301+0000] {dag.py:3340} INFO - Setting next_dagrun for example_xcom to 2021-01-01T00:00:00+00:00, run_after=2021-01-01T00:00:00+00:00
[2025-01-23T20:08:37.343+0000] {processor.py:176} INFO - Processing /home/airflow/.local/lib/python3.7/site-packages/airflow/example_dags/example_xcom.py took 0.331 seconds
[2025-01-23T20:09:07.695+0000] {processor.py:154} INFO - Started process (PID=47358) to work on /home/airflow/.local/lib/python3.7/site-packages/airflow/example_dags/example_xcom.py
[2025-01-23T20:09:07.699+0000] {processor.py:756} INFO - Processing file /home/airflow/.local/lib/python3.7/site-packages/airflow/example_dags/example_xcom.py for tasks to queue
[2025-01-23T20:09:07.702+0000] {logging_mixin.py:120} INFO - [2025-01-23T20:09:07.702+0000] {dagbag.py:537} INFO - Filling up the DagBag from /home/airflow/.local/lib/python3.7/site-packages/airflow/example_dags/example_xcom.py
[2025-01-23T20:09:07.808+0000] {processor.py:766} INFO - DAG(s) dict_keys(['example_xcom']) retrieved from /home/airflow/.local/lib/python3.7/site-packages/airflow/example_dags/example_xcom.py
[2025-01-23T20:09:07.925+0000] {logging_mixin.py:120} INFO - [2025-01-23T20:09:07.925+0000] {dag.py:2585} INFO - Sync 1 DAGs
[2025-01-23T20:09:07.967+0000] {logging_mixin.py:120} INFO - [2025-01-23T20:09:07.967+0000] {dag.py:3340} INFO - Setting next_dagrun for example_xcom to 2021-01-01T00:00:00+00:00, run_after=2021-01-01T00:00:00+00:00
[2025-01-23T20:09:08.006+0000] {processor.py:176} INFO - Processing /home/airflow/.local/lib/python3.7/site-packages/airflow/example_dags/example_xcom.py took 0.325 seconds
[2025-01-23T20:09:38.231+0000] {processor.py:154} INFO - Started process (PID=47412) to work on /home/airflow/.local/lib/python3.7/site-packages/airflow/example_dags/example_xcom.py
[2025-01-23T20:09:38.235+0000] {processor.py:756} INFO - Processing file /home/airflow/.local/lib/python3.7/site-packages/airflow/example_dags/example_xcom.py for tasks to queue
[2025-01-23T20:09:38.238+0000] {logging_mixin.py:120} INFO - [2025-01-23T20:09:38.237+0000] {dagbag.py:537} INFO - Filling up the DagBag from /home/airflow/.local/lib/python3.7/site-packages/airflow/example_dags/example_xcom.py
[2025-01-23T20:09:38.360+0000] {processor.py:766} INFO - DAG(s) dict_keys(['example_xcom']) retrieved from /home/airflow/.local/lib/python3.7/site-packages/airflow/example_dags/example_xcom.py
[2025-01-23T20:09:38.571+0000] {logging_mixin.py:120} INFO - [2025-01-23T20:09:38.570+0000] {dag.py:2585} INFO - Sync 1 DAGs
[2025-01-23T20:09:38.718+0000] {logging_mixin.py:120} INFO - [2025-01-23T20:09:38.717+0000] {dag.py:3340} INFO - Setting next_dagrun for example_xcom to 2021-01-01T00:00:00+00:00, run_after=2021-01-01T00:00:00+00:00
[2025-01-23T20:09:38.810+0000] {processor.py:176} INFO - Processing /home/airflow/.local/lib/python3.7/site-packages/airflow/example_dags/example_xcom.py took 0.594 seconds
[2025-01-23T20:10:08.905+0000] {processor.py:154} INFO - Started process (PID=47475) to work on /home/airflow/.local/lib/python3.7/site-packages/airflow/example_dags/example_xcom.py
[2025-01-23T20:10:08.907+0000] {processor.py:756} INFO - Processing file /home/airflow/.local/lib/python3.7/site-packages/airflow/example_dags/example_xcom.py for tasks to queue
[2025-01-23T20:10:08.908+0000] {logging_mixin.py:120} INFO - [2025-01-23T20:10:08.908+0000] {dagbag.py:537} INFO - Filling up the DagBag from /home/airflow/.local/lib/python3.7/site-packages/airflow/example_dags/example_xcom.py
[2025-01-23T20:10:08.956+0000] {processor.py:766} INFO - DAG(s) dict_keys(['example_xcom']) retrieved from /home/airflow/.local/lib/python3.7/site-packages/airflow/example_dags/example_xcom.py
[2025-01-23T20:10:09.046+0000] {logging_mixin.py:120} INFO - [2025-01-23T20:10:09.046+0000] {dag.py:2585} INFO - Sync 1 DAGs
[2025-01-23T20:10:09.095+0000] {logging_mixin.py:120} INFO - [2025-01-23T20:10:09.094+0000] {dag.py:3340} INFO - Setting next_dagrun for example_xcom to 2021-01-01T00:00:00+00:00, run_after=2021-01-01T00:00:00+00:00
[2025-01-23T20:10:09.143+0000] {processor.py:176} INFO - Processing /home/airflow/.local/lib/python3.7/site-packages/airflow/example_dags/example_xcom.py took 0.243 seconds
[2025-01-23T20:10:39.564+0000] {processor.py:154} INFO - Started process (PID=47529) to work on /home/airflow/.local/lib/python3.7/site-packages/airflow/example_dags/example_xcom.py
[2025-01-23T20:10:39.566+0000] {processor.py:756} INFO - Processing file /home/airflow/.local/lib/python3.7/site-packages/airflow/example_dags/example_xcom.py for tasks to queue
[2025-01-23T20:10:39.567+0000] {logging_mixin.py:120} INFO - [2025-01-23T20:10:39.567+0000] {dagbag.py:537} INFO - Filling up the DagBag from /home/airflow/.local/lib/python3.7/site-packages/airflow/example_dags/example_xcom.py
[2025-01-23T20:10:39.606+0000] {processor.py:766} INFO - DAG(s) dict_keys(['example_xcom']) retrieved from /home/airflow/.local/lib/python3.7/site-packages/airflow/example_dags/example_xcom.py
[2025-01-23T20:10:39.676+0000] {logging_mixin.py:120} INFO - [2025-01-23T20:10:39.675+0000] {dag.py:2585} INFO - Sync 1 DAGs
[2025-01-23T20:10:39.734+0000] {logging_mixin.py:120} INFO - [2025-01-23T20:10:39.734+0000] {dag.py:3340} INFO - Setting next_dagrun for example_xcom to 2021-01-01T00:00:00+00:00, run_after=2021-01-01T00:00:00+00:00
[2025-01-23T20:10:39.772+0000] {processor.py:176} INFO - Processing /home/airflow/.local/lib/python3.7/site-packages/airflow/example_dags/example_xcom.py took 0.213 seconds
[2025-01-23T20:11:10.033+0000] {processor.py:154} INFO - Started process (PID=47583) to work on /home/airflow/.local/lib/python3.7/site-packages/airflow/example_dags/example_xcom.py
[2025-01-23T20:11:10.037+0000] {processor.py:756} INFO - Processing file /home/airflow/.local/lib/python3.7/site-packages/airflow/example_dags/example_xcom.py for tasks to queue
[2025-01-23T20:11:10.040+0000] {logging_mixin.py:120} INFO - [2025-01-23T20:11:10.040+0000] {dagbag.py:537} INFO - Filling up the DagBag from /home/airflow/.local/lib/python3.7/site-packages/airflow/example_dags/example_xcom.py
[2025-01-23T20:11:10.123+0000] {processor.py:766} INFO - DAG(s) dict_keys(['example_xcom']) retrieved from /home/airflow/.local/lib/python3.7/site-packages/airflow/example_dags/example_xcom.py
[2025-01-23T20:11:10.206+0000] {logging_mixin.py:120} INFO - [2025-01-23T20:11:10.205+0000] {dag.py:2585} INFO - Sync 1 DAGs
[2025-01-23T20:11:10.257+0000] {logging_mixin.py:120} INFO - [2025-01-23T20:11:10.257+0000] {dag.py:3340} INFO - Setting next_dagrun for example_xcom to 2021-01-01T00:00:00+00:00, run_after=2021-01-01T00:00:00+00:00
[2025-01-23T20:11:10.294+0000] {processor.py:176} INFO - Processing /home/airflow/.local/lib/python3.7/site-packages/airflow/example_dags/example_xcom.py took 0.275 seconds
[2025-01-23T20:11:40.618+0000] {processor.py:154} INFO - Started process (PID=47645) to work on /home/airflow/.local/lib/python3.7/site-packages/airflow/example_dags/example_xcom.py
[2025-01-23T20:11:40.624+0000] {processor.py:756} INFO - Processing file /home/airflow/.local/lib/python3.7/site-packages/airflow/example_dags/example_xcom.py for tasks to queue
[2025-01-23T20:11:40.629+0000] {logging_mixin.py:120} INFO - [2025-01-23T20:11:40.628+0000] {dagbag.py:537} INFO - Filling up the DagBag from /home/airflow/.local/lib/python3.7/site-packages/airflow/example_dags/example_xcom.py
[2025-01-23T20:11:40.714+0000] {processor.py:766} INFO - DAG(s) dict_keys(['example_xcom']) retrieved from /home/airflow/.local/lib/python3.7/site-packages/airflow/example_dags/example_xcom.py
[2025-01-23T20:11:40.834+0000] {logging_mixin.py:120} INFO - [2025-01-23T20:11:40.834+0000] {dag.py:2585} INFO - Sync 1 DAGs
[2025-01-23T20:11:40.893+0000] {logging_mixin.py:120} INFO - [2025-01-23T20:11:40.893+0000] {dag.py:3340} INFO - Setting next_dagrun for example_xcom to 2021-01-01T00:00:00+00:00, run_after=2021-01-01T00:00:00+00:00
[2025-01-23T20:11:40.943+0000] {processor.py:176} INFO - Processing /home/airflow/.local/lib/python3.7/site-packages/airflow/example_dags/example_xcom.py took 0.343 seconds
[2025-01-23T20:12:11.336+0000] {processor.py:154} INFO - Started process (PID=47700) to work on /home/airflow/.local/lib/python3.7/site-packages/airflow/example_dags/example_xcom.py
[2025-01-23T20:12:11.337+0000] {processor.py:756} INFO - Processing file /home/airflow/.local/lib/python3.7/site-packages/airflow/example_dags/example_xcom.py for tasks to queue
[2025-01-23T20:12:11.339+0000] {logging_mixin.py:120} INFO - [2025-01-23T20:12:11.339+0000] {dagbag.py:537} INFO - Filling up the DagBag from /home/airflow/.local/lib/python3.7/site-packages/airflow/example_dags/example_xcom.py
[2025-01-23T20:12:11.383+0000] {processor.py:766} INFO - DAG(s) dict_keys(['example_xcom']) retrieved from /home/airflow/.local/lib/python3.7/site-packages/airflow/example_dags/example_xcom.py
[2025-01-23T20:12:11.452+0000] {logging_mixin.py:120} INFO - [2025-01-23T20:12:11.452+0000] {dag.py:2585} INFO - Sync 1 DAGs
[2025-01-23T20:12:11.499+0000] {logging_mixin.py:120} INFO - [2025-01-23T20:12:11.499+0000] {dag.py:3340} INFO - Setting next_dagrun for example_xcom to 2021-01-01T00:00:00+00:00, run_after=2021-01-01T00:00:00+00:00
[2025-01-23T20:12:11.542+0000] {processor.py:176} INFO - Processing /home/airflow/.local/lib/python3.7/site-packages/airflow/example_dags/example_xcom.py took 0.214 seconds
[2025-01-23T20:12:42.368+0000] {processor.py:154} INFO - Started process (PID=47763) to work on /home/airflow/.local/lib/python3.7/site-packages/airflow/example_dags/example_xcom.py
[2025-01-23T20:12:42.370+0000] {processor.py:756} INFO - Processing file /home/airflow/.local/lib/python3.7/site-packages/airflow/example_dags/example_xcom.py for tasks to queue
[2025-01-23T20:12:42.371+0000] {logging_mixin.py:120} INFO - [2025-01-23T20:12:42.371+0000] {dagbag.py:537} INFO - Filling up the DagBag from /home/airflow/.local/lib/python3.7/site-packages/airflow/example_dags/example_xcom.py
[2025-01-23T20:12:42.418+0000] {processor.py:766} INFO - DAG(s) dict_keys(['example_xcom']) retrieved from /home/airflow/.local/lib/python3.7/site-packages/airflow/example_dags/example_xcom.py
[2025-01-23T20:12:42.521+0000] {logging_mixin.py:120} INFO - [2025-01-23T20:12:42.521+0000] {dag.py:2585} INFO - Sync 1 DAGs
[2025-01-23T20:12:42.590+0000] {logging_mixin.py:120} INFO - [2025-01-23T20:12:42.590+0000] {dag.py:3340} INFO - Setting next_dagrun for example_xcom to 2021-01-01T00:00:00+00:00, run_after=2021-01-01T00:00:00+00:00
[2025-01-23T20:12:42.628+0000] {processor.py:176} INFO - Processing /home/airflow/.local/lib/python3.7/site-packages/airflow/example_dags/example_xcom.py took 0.270 seconds
