[2025-01-23T19:50:37.132+0000] {processor.py:154} INFO - Started process (PID=45311) to work on /home/airflow/.local/lib/python3.7/site-packages/airflow/example_dags/example_external_task_marker_dag.py
[2025-01-23T19:50:37.146+0000] {processor.py:756} INFO - Processing file /home/airflow/.local/lib/python3.7/site-packages/airflow/example_dags/example_external_task_marker_dag.py for tasks to queue
[2025-01-23T19:50:37.150+0000] {logging_mixin.py:120} INFO - [2025-01-23T19:50:37.149+0000] {dagbag.py:537} INFO - Filling up the DagBag from /home/airflow/.local/lib/python3.7/site-packages/airflow/example_dags/example_external_task_marker_dag.py
[2025-01-23T19:50:37.482+0000] {processor.py:766} INFO - DAG(s) dict_keys(['example_external_task_marker_child', 'example_external_task_marker_parent']) retrieved from /home/airflow/.local/lib/python3.7/site-packages/airflow/example_dags/example_external_task_marker_dag.py
[2025-01-23T19:50:39.546+0000] {logging_mixin.py:120} INFO - [2025-01-23T19:50:39.546+0000] {dag.py:2585} INFO - Sync 2 DAGs
[2025-01-23T19:50:39.691+0000] {logging_mixin.py:120} INFO - [2025-01-23T19:50:39.691+0000] {dag.py:3340} INFO - Setting next_dagrun for example_external_task_marker_child to None, run_after=None
[2025-01-23T19:50:39.711+0000] {logging_mixin.py:120} INFO - [2025-01-23T19:50:39.710+0000] {dag.py:3340} INFO - Setting next_dagrun for example_external_task_marker_parent to None, run_after=None
[2025-01-23T19:50:39.860+0000] {processor.py:176} INFO - Processing /home/airflow/.local/lib/python3.7/site-packages/airflow/example_dags/example_external_task_marker_dag.py took 2.809 seconds
[2025-01-23T19:51:10.642+0000] {processor.py:154} INFO - Started process (PID=45367) to work on /home/airflow/.local/lib/python3.7/site-packages/airflow/example_dags/example_external_task_marker_dag.py
[2025-01-23T19:51:10.657+0000] {processor.py:756} INFO - Processing file /home/airflow/.local/lib/python3.7/site-packages/airflow/example_dags/example_external_task_marker_dag.py for tasks to queue
[2025-01-23T19:51:10.660+0000] {logging_mixin.py:120} INFO - [2025-01-23T19:51:10.660+0000] {dagbag.py:537} INFO - Filling up the DagBag from /home/airflow/.local/lib/python3.7/site-packages/airflow/example_dags/example_external_task_marker_dag.py
[2025-01-23T19:51:10.760+0000] {processor.py:766} INFO - DAG(s) dict_keys(['example_external_task_marker_parent', 'example_external_task_marker_child']) retrieved from /home/airflow/.local/lib/python3.7/site-packages/airflow/example_dags/example_external_task_marker_dag.py
[2025-01-23T19:51:12.351+0000] {logging_mixin.py:120} INFO - [2025-01-23T19:51:12.350+0000] {dag.py:2585} INFO - Sync 2 DAGs
[2025-01-23T19:51:12.461+0000] {logging_mixin.py:120} INFO - [2025-01-23T19:51:12.461+0000] {dag.py:3340} INFO - Setting next_dagrun for example_external_task_marker_child to None, run_after=None
[2025-01-23T19:51:12.497+0000] {logging_mixin.py:120} INFO - [2025-01-23T19:51:12.496+0000] {dag.py:3340} INFO - Setting next_dagrun for example_external_task_marker_parent to None, run_after=None
[2025-01-23T19:51:12.590+0000] {processor.py:176} INFO - Processing /home/airflow/.local/lib/python3.7/site-packages/airflow/example_dags/example_external_task_marker_dag.py took 1.967 seconds
[2025-01-23T19:51:42.855+0000] {processor.py:154} INFO - Started process (PID=45419) to work on /home/airflow/.local/lib/python3.7/site-packages/airflow/example_dags/example_external_task_marker_dag.py
[2025-01-23T19:51:42.860+0000] {processor.py:756} INFO - Processing file /home/airflow/.local/lib/python3.7/site-packages/airflow/example_dags/example_external_task_marker_dag.py for tasks to queue
[2025-01-23T19:51:42.864+0000] {logging_mixin.py:120} INFO - [2025-01-23T19:51:42.863+0000] {dagbag.py:537} INFO - Filling up the DagBag from /home/airflow/.local/lib/python3.7/site-packages/airflow/example_dags/example_external_task_marker_dag.py
[2025-01-23T19:51:42.974+0000] {processor.py:766} INFO - DAG(s) dict_keys(['example_external_task_marker_parent', 'example_external_task_marker_child']) retrieved from /home/airflow/.local/lib/python3.7/site-packages/airflow/example_dags/example_external_task_marker_dag.py
[2025-01-23T19:51:45.132+0000] {logging_mixin.py:120} INFO - [2025-01-23T19:51:45.131+0000] {dag.py:2585} INFO - Sync 2 DAGs
[2025-01-23T19:51:45.312+0000] {logging_mixin.py:120} INFO - [2025-01-23T19:51:45.311+0000] {dag.py:3340} INFO - Setting next_dagrun for example_external_task_marker_child to None, run_after=None
[2025-01-23T19:51:45.343+0000] {logging_mixin.py:120} INFO - [2025-01-23T19:51:45.343+0000] {dag.py:3340} INFO - Setting next_dagrun for example_external_task_marker_parent to None, run_after=None
[2025-01-23T19:51:45.455+0000] {processor.py:176} INFO - Processing /home/airflow/.local/lib/python3.7/site-packages/airflow/example_dags/example_external_task_marker_dag.py took 2.670 seconds
[2025-01-23T19:52:15.884+0000] {processor.py:154} INFO - Started process (PID=45468) to work on /home/airflow/.local/lib/python3.7/site-packages/airflow/example_dags/example_external_task_marker_dag.py
[2025-01-23T19:52:15.886+0000] {processor.py:756} INFO - Processing file /home/airflow/.local/lib/python3.7/site-packages/airflow/example_dags/example_external_task_marker_dag.py for tasks to queue
[2025-01-23T19:52:15.889+0000] {logging_mixin.py:120} INFO - [2025-01-23T19:52:15.888+0000] {dagbag.py:537} INFO - Filling up the DagBag from /home/airflow/.local/lib/python3.7/site-packages/airflow/example_dags/example_external_task_marker_dag.py
[2025-01-23T19:52:15.999+0000] {processor.py:766} INFO - DAG(s) dict_keys(['example_external_task_marker_parent', 'example_external_task_marker_child']) retrieved from /home/airflow/.local/lib/python3.7/site-packages/airflow/example_dags/example_external_task_marker_dag.py
[2025-01-23T19:52:17.853+0000] {logging_mixin.py:120} INFO - [2025-01-23T19:52:17.842+0000] {dag.py:2585} INFO - Sync 2 DAGs
[2025-01-23T19:52:18.045+0000] {logging_mixin.py:120} INFO - [2025-01-23T19:52:18.035+0000] {dag.py:3340} INFO - Setting next_dagrun for example_external_task_marker_child to None, run_after=None
[2025-01-23T19:52:18.066+0000] {logging_mixin.py:120} INFO - [2025-01-23T19:52:18.065+0000] {dag.py:3340} INFO - Setting next_dagrun for example_external_task_marker_parent to None, run_after=None
[2025-01-23T19:52:18.139+0000] {processor.py:176} INFO - Processing /home/airflow/.local/lib/python3.7/site-packages/airflow/example_dags/example_external_task_marker_dag.py took 2.282 seconds
[2025-01-23T19:52:48.536+0000] {processor.py:154} INFO - Started process (PID=45523) to work on /home/airflow/.local/lib/python3.7/site-packages/airflow/example_dags/example_external_task_marker_dag.py
[2025-01-23T19:52:48.552+0000] {processor.py:756} INFO - Processing file /home/airflow/.local/lib/python3.7/site-packages/airflow/example_dags/example_external_task_marker_dag.py for tasks to queue
[2025-01-23T19:52:48.554+0000] {logging_mixin.py:120} INFO - [2025-01-23T19:52:48.554+0000] {dagbag.py:537} INFO - Filling up the DagBag from /home/airflow/.local/lib/python3.7/site-packages/airflow/example_dags/example_external_task_marker_dag.py
[2025-01-23T19:52:48.655+0000] {processor.py:766} INFO - DAG(s) dict_keys(['example_external_task_marker_child', 'example_external_task_marker_parent']) retrieved from /home/airflow/.local/lib/python3.7/site-packages/airflow/example_dags/example_external_task_marker_dag.py
[2025-01-23T19:52:49.884+0000] {logging_mixin.py:120} INFO - [2025-01-23T19:52:49.883+0000] {dag.py:2585} INFO - Sync 2 DAGs
[2025-01-23T19:52:50.031+0000] {logging_mixin.py:120} INFO - [2025-01-23T19:52:50.030+0000] {dag.py:3340} INFO - Setting next_dagrun for example_external_task_marker_child to None, run_after=None
[2025-01-23T19:52:50.039+0000] {logging_mixin.py:120} INFO - [2025-01-23T19:52:50.038+0000] {dag.py:3340} INFO - Setting next_dagrun for example_external_task_marker_parent to None, run_after=None
[2025-01-23T19:52:50.112+0000] {processor.py:176} INFO - Processing /home/airflow/.local/lib/python3.7/site-packages/airflow/example_dags/example_external_task_marker_dag.py took 1.596 seconds
[2025-01-23T19:53:20.210+0000] {processor.py:154} INFO - Started process (PID=45587) to work on /home/airflow/.local/lib/python3.7/site-packages/airflow/example_dags/example_external_task_marker_dag.py
[2025-01-23T19:53:20.211+0000] {processor.py:756} INFO - Processing file /home/airflow/.local/lib/python3.7/site-packages/airflow/example_dags/example_external_task_marker_dag.py for tasks to queue
[2025-01-23T19:53:20.214+0000] {logging_mixin.py:120} INFO - [2025-01-23T19:53:20.212+0000] {dagbag.py:537} INFO - Filling up the DagBag from /home/airflow/.local/lib/python3.7/site-packages/airflow/example_dags/example_external_task_marker_dag.py
[2025-01-23T19:53:20.241+0000] {processor.py:766} INFO - DAG(s) dict_keys(['example_external_task_marker_child', 'example_external_task_marker_parent']) retrieved from /home/airflow/.local/lib/python3.7/site-packages/airflow/example_dags/example_external_task_marker_dag.py
[2025-01-23T19:53:20.716+0000] {logging_mixin.py:120} INFO - [2025-01-23T19:53:20.716+0000] {dag.py:2585} INFO - Sync 2 DAGs
[2025-01-23T19:53:20.763+0000] {logging_mixin.py:120} INFO - [2025-01-23T19:53:20.763+0000] {dag.py:3340} INFO - Setting next_dagrun for example_external_task_marker_child to None, run_after=None
[2025-01-23T19:53:20.770+0000] {logging_mixin.py:120} INFO - [2025-01-23T19:53:20.770+0000] {dag.py:3340} INFO - Setting next_dagrun for example_external_task_marker_parent to None, run_after=None
[2025-01-23T19:53:20.801+0000] {processor.py:176} INFO - Processing /home/airflow/.local/lib/python3.7/site-packages/airflow/example_dags/example_external_task_marker_dag.py took 0.597 seconds
[2025-01-23T19:53:50.945+0000] {processor.py:154} INFO - Started process (PID=45642) to work on /home/airflow/.local/lib/python3.7/site-packages/airflow/example_dags/example_external_task_marker_dag.py
[2025-01-23T19:53:50.946+0000] {processor.py:756} INFO - Processing file /home/airflow/.local/lib/python3.7/site-packages/airflow/example_dags/example_external_task_marker_dag.py for tasks to queue
[2025-01-23T19:53:50.948+0000] {logging_mixin.py:120} INFO - [2025-01-23T19:53:50.947+0000] {dagbag.py:537} INFO - Filling up the DagBag from /home/airflow/.local/lib/python3.7/site-packages/airflow/example_dags/example_external_task_marker_dag.py
[2025-01-23T19:53:50.972+0000] {processor.py:766} INFO - DAG(s) dict_keys(['example_external_task_marker_parent', 'example_external_task_marker_child']) retrieved from /home/airflow/.local/lib/python3.7/site-packages/airflow/example_dags/example_external_task_marker_dag.py
[2025-01-23T19:53:51.681+0000] {logging_mixin.py:120} INFO - [2025-01-23T19:53:51.681+0000] {dag.py:2585} INFO - Sync 2 DAGs
[2025-01-23T19:53:51.731+0000] {logging_mixin.py:120} INFO - [2025-01-23T19:53:51.731+0000] {dag.py:3340} INFO - Setting next_dagrun for example_external_task_marker_child to None, run_after=None
[2025-01-23T19:53:51.738+0000] {logging_mixin.py:120} INFO - [2025-01-23T19:53:51.738+0000] {dag.py:3340} INFO - Setting next_dagrun for example_external_task_marker_parent to None, run_after=None
[2025-01-23T19:53:51.781+0000] {processor.py:176} INFO - Processing /home/airflow/.local/lib/python3.7/site-packages/airflow/example_dags/example_external_task_marker_dag.py took 0.843 seconds
[2025-01-23T19:54:22.711+0000] {processor.py:154} INFO - Started process (PID=45696) to work on /home/airflow/.local/lib/python3.7/site-packages/airflow/example_dags/example_external_task_marker_dag.py
[2025-01-23T19:54:22.715+0000] {processor.py:756} INFO - Processing file /home/airflow/.local/lib/python3.7/site-packages/airflow/example_dags/example_external_task_marker_dag.py for tasks to queue
[2025-01-23T19:54:22.718+0000] {logging_mixin.py:120} INFO - [2025-01-23T19:54:22.717+0000] {dagbag.py:537} INFO - Filling up the DagBag from /home/airflow/.local/lib/python3.7/site-packages/airflow/example_dags/example_external_task_marker_dag.py
[2025-01-23T19:54:22.780+0000] {processor.py:766} INFO - DAG(s) dict_keys(['example_external_task_marker_child', 'example_external_task_marker_parent']) retrieved from /home/airflow/.local/lib/python3.7/site-packages/airflow/example_dags/example_external_task_marker_dag.py
[2025-01-23T19:54:25.167+0000] {logging_mixin.py:120} INFO - [2025-01-23T19:54:25.167+0000] {dag.py:2585} INFO - Sync 2 DAGs
[2025-01-23T19:54:25.286+0000] {logging_mixin.py:120} INFO - [2025-01-23T19:54:25.282+0000] {dag.py:3340} INFO - Setting next_dagrun for example_external_task_marker_child to None, run_after=None
[2025-01-23T19:54:25.302+0000] {logging_mixin.py:120} INFO - [2025-01-23T19:54:25.302+0000] {dag.py:3340} INFO - Setting next_dagrun for example_external_task_marker_parent to None, run_after=None
[2025-01-23T19:54:25.398+0000] {processor.py:176} INFO - Processing /home/airflow/.local/lib/python3.7/site-packages/airflow/example_dags/example_external_task_marker_dag.py took 2.696 seconds
[2025-01-23T19:54:55.512+0000] {processor.py:154} INFO - Started process (PID=45760) to work on /home/airflow/.local/lib/python3.7/site-packages/airflow/example_dags/example_external_task_marker_dag.py
[2025-01-23T19:54:55.516+0000] {processor.py:756} INFO - Processing file /home/airflow/.local/lib/python3.7/site-packages/airflow/example_dags/example_external_task_marker_dag.py for tasks to queue
[2025-01-23T19:54:55.519+0000] {logging_mixin.py:120} INFO - [2025-01-23T19:54:55.519+0000] {dagbag.py:537} INFO - Filling up the DagBag from /home/airflow/.local/lib/python3.7/site-packages/airflow/example_dags/example_external_task_marker_dag.py
[2025-01-23T19:54:55.560+0000] {processor.py:766} INFO - DAG(s) dict_keys(['example_external_task_marker_parent', 'example_external_task_marker_child']) retrieved from /home/airflow/.local/lib/python3.7/site-packages/airflow/example_dags/example_external_task_marker_dag.py
[2025-01-23T19:54:56.105+0000] {logging_mixin.py:120} INFO - [2025-01-23T19:54:56.105+0000] {dag.py:2585} INFO - Sync 2 DAGs
[2025-01-23T19:54:56.149+0000] {logging_mixin.py:120} INFO - [2025-01-23T19:54:56.149+0000] {dag.py:3340} INFO - Setting next_dagrun for example_external_task_marker_child to None, run_after=None
[2025-01-23T19:54:56.156+0000] {logging_mixin.py:120} INFO - [2025-01-23T19:54:56.156+0000] {dag.py:3340} INFO - Setting next_dagrun for example_external_task_marker_parent to None, run_after=None
[2025-01-23T19:54:56.188+0000] {processor.py:176} INFO - Processing /home/airflow/.local/lib/python3.7/site-packages/airflow/example_dags/example_external_task_marker_dag.py took 0.693 seconds
[2025-01-23T19:55:26.496+0000] {processor.py:154} INFO - Started process (PID=45816) to work on /home/airflow/.local/lib/python3.7/site-packages/airflow/example_dags/example_external_task_marker_dag.py
[2025-01-23T19:55:26.498+0000] {processor.py:756} INFO - Processing file /home/airflow/.local/lib/python3.7/site-packages/airflow/example_dags/example_external_task_marker_dag.py for tasks to queue
[2025-01-23T19:55:26.500+0000] {logging_mixin.py:120} INFO - [2025-01-23T19:55:26.500+0000] {dagbag.py:537} INFO - Filling up the DagBag from /home/airflow/.local/lib/python3.7/site-packages/airflow/example_dags/example_external_task_marker_dag.py
[2025-01-23T19:55:26.550+0000] {processor.py:766} INFO - DAG(s) dict_keys(['example_external_task_marker_parent', 'example_external_task_marker_child']) retrieved from /home/airflow/.local/lib/python3.7/site-packages/airflow/example_dags/example_external_task_marker_dag.py
[2025-01-23T19:55:27.132+0000] {logging_mixin.py:120} INFO - [2025-01-23T19:55:27.132+0000] {dag.py:2585} INFO - Sync 2 DAGs
[2025-01-23T19:55:27.176+0000] {logging_mixin.py:120} INFO - [2025-01-23T19:55:27.176+0000] {dag.py:3340} INFO - Setting next_dagrun for example_external_task_marker_child to None, run_after=None
[2025-01-23T19:55:27.183+0000] {logging_mixin.py:120} INFO - [2025-01-23T19:55:27.183+0000] {dag.py:3340} INFO - Setting next_dagrun for example_external_task_marker_parent to None, run_after=None
[2025-01-23T19:55:27.216+0000] {processor.py:176} INFO - Processing /home/airflow/.local/lib/python3.7/site-packages/airflow/example_dags/example_external_task_marker_dag.py took 0.729 seconds
[2025-01-23T19:55:57.731+0000] {processor.py:154} INFO - Started process (PID=45877) to work on /home/airflow/.local/lib/python3.7/site-packages/airflow/example_dags/example_external_task_marker_dag.py
[2025-01-23T19:55:57.739+0000] {processor.py:756} INFO - Processing file /home/airflow/.local/lib/python3.7/site-packages/airflow/example_dags/example_external_task_marker_dag.py for tasks to queue
[2025-01-23T19:55:57.753+0000] {logging_mixin.py:120} INFO - [2025-01-23T19:55:57.752+0000] {dagbag.py:537} INFO - Filling up the DagBag from /home/airflow/.local/lib/python3.7/site-packages/airflow/example_dags/example_external_task_marker_dag.py
[2025-01-23T19:55:57.853+0000] {processor.py:766} INFO - DAG(s) dict_keys(['example_external_task_marker_child', 'example_external_task_marker_parent']) retrieved from /home/airflow/.local/lib/python3.7/site-packages/airflow/example_dags/example_external_task_marker_dag.py
[2025-01-23T19:55:59.463+0000] {logging_mixin.py:120} INFO - [2025-01-23T19:55:59.462+0000] {dag.py:2585} INFO - Sync 2 DAGs
[2025-01-23T19:55:59.644+0000] {logging_mixin.py:120} INFO - [2025-01-23T19:55:59.644+0000] {dag.py:3340} INFO - Setting next_dagrun for example_external_task_marker_child to None, run_after=None
[2025-01-23T19:55:59.677+0000] {logging_mixin.py:120} INFO - [2025-01-23T19:55:59.676+0000] {dag.py:3340} INFO - Setting next_dagrun for example_external_task_marker_parent to None, run_after=None
[2025-01-23T19:55:59.786+0000] {processor.py:176} INFO - Processing /home/airflow/.local/lib/python3.7/site-packages/airflow/example_dags/example_external_task_marker_dag.py took 2.074 seconds
[2025-01-23T19:56:30.029+0000] {processor.py:154} INFO - Started process (PID=45925) to work on /home/airflow/.local/lib/python3.7/site-packages/airflow/example_dags/example_external_task_marker_dag.py
[2025-01-23T19:56:30.031+0000] {processor.py:756} INFO - Processing file /home/airflow/.local/lib/python3.7/site-packages/airflow/example_dags/example_external_task_marker_dag.py for tasks to queue
[2025-01-23T19:56:30.037+0000] {logging_mixin.py:120} INFO - [2025-01-23T19:56:30.036+0000] {dagbag.py:537} INFO - Filling up the DagBag from /home/airflow/.local/lib/python3.7/site-packages/airflow/example_dags/example_external_task_marker_dag.py
[2025-01-23T19:56:30.110+0000] {processor.py:766} INFO - DAG(s) dict_keys(['example_external_task_marker_child', 'example_external_task_marker_parent']) retrieved from /home/airflow/.local/lib/python3.7/site-packages/airflow/example_dags/example_external_task_marker_dag.py
[2025-01-23T19:56:31.193+0000] {logging_mixin.py:120} INFO - [2025-01-23T19:56:31.193+0000] {dag.py:2585} INFO - Sync 2 DAGs
[2025-01-23T19:56:31.283+0000] {logging_mixin.py:120} INFO - [2025-01-23T19:56:31.282+0000] {dag.py:3340} INFO - Setting next_dagrun for example_external_task_marker_child to None, run_after=None
[2025-01-23T19:56:31.299+0000] {logging_mixin.py:120} INFO - [2025-01-23T19:56:31.298+0000] {dag.py:3340} INFO - Setting next_dagrun for example_external_task_marker_parent to None, run_after=None
[2025-01-23T19:56:31.369+0000] {processor.py:176} INFO - Processing /home/airflow/.local/lib/python3.7/site-packages/airflow/example_dags/example_external_task_marker_dag.py took 1.349 seconds
[2025-01-23T19:57:01.450+0000] {processor.py:154} INFO - Started process (PID=45990) to work on /home/airflow/.local/lib/python3.7/site-packages/airflow/example_dags/example_external_task_marker_dag.py
[2025-01-23T19:57:01.451+0000] {processor.py:756} INFO - Processing file /home/airflow/.local/lib/python3.7/site-packages/airflow/example_dags/example_external_task_marker_dag.py for tasks to queue
[2025-01-23T19:57:01.453+0000] {logging_mixin.py:120} INFO - [2025-01-23T19:57:01.453+0000] {dagbag.py:537} INFO - Filling up the DagBag from /home/airflow/.local/lib/python3.7/site-packages/airflow/example_dags/example_external_task_marker_dag.py
[2025-01-23T19:57:01.477+0000] {processor.py:766} INFO - DAG(s) dict_keys(['example_external_task_marker_child', 'example_external_task_marker_parent']) retrieved from /home/airflow/.local/lib/python3.7/site-packages/airflow/example_dags/example_external_task_marker_dag.py
[2025-01-23T19:57:01.924+0000] {logging_mixin.py:120} INFO - [2025-01-23T19:57:01.924+0000] {dag.py:2585} INFO - Sync 2 DAGs
[2025-01-23T19:57:01.971+0000] {logging_mixin.py:120} INFO - [2025-01-23T19:57:01.971+0000] {dag.py:3340} INFO - Setting next_dagrun for example_external_task_marker_child to None, run_after=None
[2025-01-23T19:57:01.978+0000] {logging_mixin.py:120} INFO - [2025-01-23T19:57:01.978+0000] {dag.py:3340} INFO - Setting next_dagrun for example_external_task_marker_parent to None, run_after=None
[2025-01-23T19:57:02.017+0000] {processor.py:176} INFO - Processing /home/airflow/.local/lib/python3.7/site-packages/airflow/example_dags/example_external_task_marker_dag.py took 0.573 seconds
[2025-01-23T19:57:32.196+0000] {processor.py:154} INFO - Started process (PID=46044) to work on /home/airflow/.local/lib/python3.7/site-packages/airflow/example_dags/example_external_task_marker_dag.py
[2025-01-23T19:57:32.198+0000] {processor.py:756} INFO - Processing file /home/airflow/.local/lib/python3.7/site-packages/airflow/example_dags/example_external_task_marker_dag.py for tasks to queue
[2025-01-23T19:57:32.200+0000] {logging_mixin.py:120} INFO - [2025-01-23T19:57:32.200+0000] {dagbag.py:537} INFO - Filling up the DagBag from /home/airflow/.local/lib/python3.7/site-packages/airflow/example_dags/example_external_task_marker_dag.py
[2025-01-23T19:57:32.228+0000] {processor.py:766} INFO - DAG(s) dict_keys(['example_external_task_marker_parent', 'example_external_task_marker_child']) retrieved from /home/airflow/.local/lib/python3.7/site-packages/airflow/example_dags/example_external_task_marker_dag.py
[2025-01-23T19:57:32.688+0000] {logging_mixin.py:120} INFO - [2025-01-23T19:57:32.688+0000] {dag.py:2585} INFO - Sync 2 DAGs
[2025-01-23T19:57:32.731+0000] {logging_mixin.py:120} INFO - [2025-01-23T19:57:32.730+0000] {dag.py:3340} INFO - Setting next_dagrun for example_external_task_marker_child to None, run_after=None
[2025-01-23T19:57:32.737+0000] {logging_mixin.py:120} INFO - [2025-01-23T19:57:32.737+0000] {dag.py:3340} INFO - Setting next_dagrun for example_external_task_marker_parent to None, run_after=None
[2025-01-23T19:57:32.770+0000] {processor.py:176} INFO - Processing /home/airflow/.local/lib/python3.7/site-packages/airflow/example_dags/example_external_task_marker_dag.py took 0.581 seconds
[2025-01-23T19:58:02.900+0000] {processor.py:154} INFO - Started process (PID=46098) to work on /home/airflow/.local/lib/python3.7/site-packages/airflow/example_dags/example_external_task_marker_dag.py
[2025-01-23T19:58:02.903+0000] {processor.py:756} INFO - Processing file /home/airflow/.local/lib/python3.7/site-packages/airflow/example_dags/example_external_task_marker_dag.py for tasks to queue
[2025-01-23T19:58:02.905+0000] {logging_mixin.py:120} INFO - [2025-01-23T19:58:02.905+0000] {dagbag.py:537} INFO - Filling up the DagBag from /home/airflow/.local/lib/python3.7/site-packages/airflow/example_dags/example_external_task_marker_dag.py
[2025-01-23T19:58:02.937+0000] {processor.py:766} INFO - DAG(s) dict_keys(['example_external_task_marker_child', 'example_external_task_marker_parent']) retrieved from /home/airflow/.local/lib/python3.7/site-packages/airflow/example_dags/example_external_task_marker_dag.py
[2025-01-23T19:58:03.512+0000] {logging_mixin.py:120} INFO - [2025-01-23T19:58:03.512+0000] {dag.py:2585} INFO - Sync 2 DAGs
[2025-01-23T19:58:03.572+0000] {logging_mixin.py:120} INFO - [2025-01-23T19:58:03.572+0000] {dag.py:3340} INFO - Setting next_dagrun for example_external_task_marker_child to None, run_after=None
[2025-01-23T19:58:03.578+0000] {logging_mixin.py:120} INFO - [2025-01-23T19:58:03.577+0000] {dag.py:3340} INFO - Setting next_dagrun for example_external_task_marker_parent to None, run_after=None
[2025-01-23T19:58:03.614+0000] {processor.py:176} INFO - Processing /home/airflow/.local/lib/python3.7/site-packages/airflow/example_dags/example_external_task_marker_dag.py took 0.723 seconds
[2025-01-23T19:58:33.693+0000] {processor.py:154} INFO - Started process (PID=46161) to work on /home/airflow/.local/lib/python3.7/site-packages/airflow/example_dags/example_external_task_marker_dag.py
[2025-01-23T19:58:33.694+0000] {processor.py:756} INFO - Processing file /home/airflow/.local/lib/python3.7/site-packages/airflow/example_dags/example_external_task_marker_dag.py for tasks to queue
[2025-01-23T19:58:33.697+0000] {logging_mixin.py:120} INFO - [2025-01-23T19:58:33.697+0000] {dagbag.py:537} INFO - Filling up the DagBag from /home/airflow/.local/lib/python3.7/site-packages/airflow/example_dags/example_external_task_marker_dag.py
[2025-01-23T19:58:33.725+0000] {processor.py:766} INFO - DAG(s) dict_keys(['example_external_task_marker_child', 'example_external_task_marker_parent']) retrieved from /home/airflow/.local/lib/python3.7/site-packages/airflow/example_dags/example_external_task_marker_dag.py
[2025-01-23T19:58:34.242+0000] {logging_mixin.py:120} INFO - [2025-01-23T19:58:34.242+0000] {dag.py:2585} INFO - Sync 2 DAGs
[2025-01-23T19:58:34.292+0000] {logging_mixin.py:120} INFO - [2025-01-23T19:58:34.291+0000] {dag.py:3340} INFO - Setting next_dagrun for example_external_task_marker_child to None, run_after=None
[2025-01-23T19:58:34.297+0000] {logging_mixin.py:120} INFO - [2025-01-23T19:58:34.297+0000] {dag.py:3340} INFO - Setting next_dagrun for example_external_task_marker_parent to None, run_after=None
[2025-01-23T19:58:34.335+0000] {processor.py:176} INFO - Processing /home/airflow/.local/lib/python3.7/site-packages/airflow/example_dags/example_external_task_marker_dag.py took 0.648 seconds
[2025-01-23T19:59:04.742+0000] {processor.py:154} INFO - Started process (PID=46216) to work on /home/airflow/.local/lib/python3.7/site-packages/airflow/example_dags/example_external_task_marker_dag.py
[2025-01-23T19:59:04.745+0000] {processor.py:756} INFO - Processing file /home/airflow/.local/lib/python3.7/site-packages/airflow/example_dags/example_external_task_marker_dag.py for tasks to queue
[2025-01-23T19:59:04.747+0000] {logging_mixin.py:120} INFO - [2025-01-23T19:59:04.747+0000] {dagbag.py:537} INFO - Filling up the DagBag from /home/airflow/.local/lib/python3.7/site-packages/airflow/example_dags/example_external_task_marker_dag.py
[2025-01-23T19:59:04.809+0000] {processor.py:766} INFO - DAG(s) dict_keys(['example_external_task_marker_parent', 'example_external_task_marker_child']) retrieved from /home/airflow/.local/lib/python3.7/site-packages/airflow/example_dags/example_external_task_marker_dag.py
[2025-01-23T19:59:05.288+0000] {logging_mixin.py:120} INFO - [2025-01-23T19:59:05.288+0000] {dag.py:2585} INFO - Sync 2 DAGs
[2025-01-23T19:59:05.333+0000] {logging_mixin.py:120} INFO - [2025-01-23T19:59:05.333+0000] {dag.py:3340} INFO - Setting next_dagrun for example_external_task_marker_child to None, run_after=None
[2025-01-23T19:59:05.341+0000] {logging_mixin.py:120} INFO - [2025-01-23T19:59:05.340+0000] {dag.py:3340} INFO - Setting next_dagrun for example_external_task_marker_parent to None, run_after=None
[2025-01-23T19:59:05.371+0000] {processor.py:176} INFO - Processing /home/airflow/.local/lib/python3.7/site-packages/airflow/example_dags/example_external_task_marker_dag.py took 0.640 seconds
[2025-01-23T19:59:35.978+0000] {processor.py:154} INFO - Started process (PID=46270) to work on /home/airflow/.local/lib/python3.7/site-packages/airflow/example_dags/example_external_task_marker_dag.py
[2025-01-23T19:59:35.982+0000] {processor.py:756} INFO - Processing file /home/airflow/.local/lib/python3.7/site-packages/airflow/example_dags/example_external_task_marker_dag.py for tasks to queue
[2025-01-23T19:59:35.986+0000] {logging_mixin.py:120} INFO - [2025-01-23T19:59:35.985+0000] {dagbag.py:537} INFO - Filling up the DagBag from /home/airflow/.local/lib/python3.7/site-packages/airflow/example_dags/example_external_task_marker_dag.py
[2025-01-23T19:59:36.062+0000] {processor.py:766} INFO - DAG(s) dict_keys(['example_external_task_marker_child', 'example_external_task_marker_parent']) retrieved from /home/airflow/.local/lib/python3.7/site-packages/airflow/example_dags/example_external_task_marker_dag.py
[2025-01-23T19:59:36.597+0000] {logging_mixin.py:120} INFO - [2025-01-23T19:59:36.597+0000] {dag.py:2585} INFO - Sync 2 DAGs
[2025-01-23T19:59:36.649+0000] {logging_mixin.py:120} INFO - [2025-01-23T19:59:36.649+0000] {dag.py:3340} INFO - Setting next_dagrun for example_external_task_marker_child to None, run_after=None
[2025-01-23T19:59:36.656+0000] {logging_mixin.py:120} INFO - [2025-01-23T19:59:36.655+0000] {dag.py:3340} INFO - Setting next_dagrun for example_external_task_marker_parent to None, run_after=None
[2025-01-23T19:59:36.696+0000] {processor.py:176} INFO - Processing /home/airflow/.local/lib/python3.7/site-packages/airflow/example_dags/example_external_task_marker_dag.py took 0.733 seconds
[2025-01-23T20:00:06.911+0000] {processor.py:154} INFO - Started process (PID=46335) to work on /home/airflow/.local/lib/python3.7/site-packages/airflow/example_dags/example_external_task_marker_dag.py
[2025-01-23T20:00:06.913+0000] {processor.py:756} INFO - Processing file /home/airflow/.local/lib/python3.7/site-packages/airflow/example_dags/example_external_task_marker_dag.py for tasks to queue
[2025-01-23T20:00:06.916+0000] {logging_mixin.py:120} INFO - [2025-01-23T20:00:06.915+0000] {dagbag.py:537} INFO - Filling up the DagBag from /home/airflow/.local/lib/python3.7/site-packages/airflow/example_dags/example_external_task_marker_dag.py
[2025-01-23T20:00:06.967+0000] {processor.py:766} INFO - DAG(s) dict_keys(['example_external_task_marker_child', 'example_external_task_marker_parent']) retrieved from /home/airflow/.local/lib/python3.7/site-packages/airflow/example_dags/example_external_task_marker_dag.py
[2025-01-23T20:00:07.420+0000] {logging_mixin.py:120} INFO - [2025-01-23T20:00:07.419+0000] {dag.py:2585} INFO - Sync 2 DAGs
[2025-01-23T20:00:07.463+0000] {logging_mixin.py:120} INFO - [2025-01-23T20:00:07.463+0000] {dag.py:3340} INFO - Setting next_dagrun for example_external_task_marker_child to None, run_after=None
[2025-01-23T20:00:07.469+0000] {logging_mixin.py:120} INFO - [2025-01-23T20:00:07.469+0000] {dag.py:3340} INFO - Setting next_dagrun for example_external_task_marker_parent to None, run_after=None
[2025-01-23T20:00:07.500+0000] {processor.py:176} INFO - Processing /home/airflow/.local/lib/python3.7/site-packages/airflow/example_dags/example_external_task_marker_dag.py took 0.603 seconds
[2025-01-23T20:00:37.567+0000] {processor.py:154} INFO - Started process (PID=46390) to work on /home/airflow/.local/lib/python3.7/site-packages/airflow/example_dags/example_external_task_marker_dag.py
[2025-01-23T20:00:37.569+0000] {processor.py:756} INFO - Processing file /home/airflow/.local/lib/python3.7/site-packages/airflow/example_dags/example_external_task_marker_dag.py for tasks to queue
[2025-01-23T20:00:37.572+0000] {logging_mixin.py:120} INFO - [2025-01-23T20:00:37.572+0000] {dagbag.py:537} INFO - Filling up the DagBag from /home/airflow/.local/lib/python3.7/site-packages/airflow/example_dags/example_external_task_marker_dag.py
[2025-01-23T20:00:37.618+0000] {processor.py:766} INFO - DAG(s) dict_keys(['example_external_task_marker_child', 'example_external_task_marker_parent']) retrieved from /home/airflow/.local/lib/python3.7/site-packages/airflow/example_dags/example_external_task_marker_dag.py
[2025-01-23T20:00:38.479+0000] {logging_mixin.py:120} INFO - [2025-01-23T20:00:38.478+0000] {dag.py:2585} INFO - Sync 2 DAGs
[2025-01-23T20:00:38.562+0000] {logging_mixin.py:120} INFO - [2025-01-23T20:00:38.562+0000] {dag.py:3340} INFO - Setting next_dagrun for example_external_task_marker_child to None, run_after=None
[2025-01-23T20:00:38.569+0000] {logging_mixin.py:120} INFO - [2025-01-23T20:00:38.568+0000] {dag.py:3340} INFO - Setting next_dagrun for example_external_task_marker_parent to None, run_after=None
[2025-01-23T20:00:38.603+0000] {processor.py:176} INFO - Processing /home/airflow/.local/lib/python3.7/site-packages/airflow/example_dags/example_external_task_marker_dag.py took 1.044 seconds
[2025-01-23T20:01:09.240+0000] {processor.py:154} INFO - Started process (PID=46454) to work on /home/airflow/.local/lib/python3.7/site-packages/airflow/example_dags/example_external_task_marker_dag.py
[2025-01-23T20:01:09.245+0000] {processor.py:756} INFO - Processing file /home/airflow/.local/lib/python3.7/site-packages/airflow/example_dags/example_external_task_marker_dag.py for tasks to queue
[2025-01-23T20:01:09.249+0000] {logging_mixin.py:120} INFO - [2025-01-23T20:01:09.248+0000] {dagbag.py:537} INFO - Filling up the DagBag from /home/airflow/.local/lib/python3.7/site-packages/airflow/example_dags/example_external_task_marker_dag.py
[2025-01-23T20:01:09.283+0000] {processor.py:766} INFO - DAG(s) dict_keys(['example_external_task_marker_child', 'example_external_task_marker_parent']) retrieved from /home/airflow/.local/lib/python3.7/site-packages/airflow/example_dags/example_external_task_marker_dag.py
[2025-01-23T20:01:09.860+0000] {logging_mixin.py:120} INFO - [2025-01-23T20:01:09.860+0000] {dag.py:2585} INFO - Sync 2 DAGs
[2025-01-23T20:01:09.923+0000] {logging_mixin.py:120} INFO - [2025-01-23T20:01:09.923+0000] {dag.py:3340} INFO - Setting next_dagrun for example_external_task_marker_child to None, run_after=None
[2025-01-23T20:01:09.932+0000] {logging_mixin.py:120} INFO - [2025-01-23T20:01:09.932+0000] {dag.py:3340} INFO - Setting next_dagrun for example_external_task_marker_parent to None, run_after=None
[2025-01-23T20:01:09.979+0000] {processor.py:176} INFO - Processing /home/airflow/.local/lib/python3.7/site-packages/airflow/example_dags/example_external_task_marker_dag.py took 0.760 seconds
[2025-01-23T20:01:40.361+0000] {processor.py:154} INFO - Started process (PID=46509) to work on /home/airflow/.local/lib/python3.7/site-packages/airflow/example_dags/example_external_task_marker_dag.py
[2025-01-23T20:01:40.363+0000] {processor.py:756} INFO - Processing file /home/airflow/.local/lib/python3.7/site-packages/airflow/example_dags/example_external_task_marker_dag.py for tasks to queue
[2025-01-23T20:01:40.365+0000] {logging_mixin.py:120} INFO - [2025-01-23T20:01:40.365+0000] {dagbag.py:537} INFO - Filling up the DagBag from /home/airflow/.local/lib/python3.7/site-packages/airflow/example_dags/example_external_task_marker_dag.py
[2025-01-23T20:01:40.399+0000] {processor.py:766} INFO - DAG(s) dict_keys(['example_external_task_marker_child', 'example_external_task_marker_parent']) retrieved from /home/airflow/.local/lib/python3.7/site-packages/airflow/example_dags/example_external_task_marker_dag.py
[2025-01-23T20:01:41.040+0000] {logging_mixin.py:120} INFO - [2025-01-23T20:01:41.039+0000] {dag.py:2585} INFO - Sync 2 DAGs
[2025-01-23T20:01:41.155+0000] {logging_mixin.py:120} INFO - [2025-01-23T20:01:41.155+0000] {dag.py:3340} INFO - Setting next_dagrun for example_external_task_marker_child to None, run_after=None
[2025-01-23T20:01:41.161+0000] {logging_mixin.py:120} INFO - [2025-01-23T20:01:41.161+0000] {dag.py:3340} INFO - Setting next_dagrun for example_external_task_marker_parent to None, run_after=None
[2025-01-23T20:01:41.192+0000] {processor.py:176} INFO - Processing /home/airflow/.local/lib/python3.7/site-packages/airflow/example_dags/example_external_task_marker_dag.py took 0.838 seconds
[2025-01-23T20:02:11.331+0000] {processor.py:154} INFO - Started process (PID=46574) to work on /home/airflow/.local/lib/python3.7/site-packages/airflow/example_dags/example_external_task_marker_dag.py
[2025-01-23T20:02:11.332+0000] {processor.py:756} INFO - Processing file /home/airflow/.local/lib/python3.7/site-packages/airflow/example_dags/example_external_task_marker_dag.py for tasks to queue
[2025-01-23T20:02:11.334+0000] {logging_mixin.py:120} INFO - [2025-01-23T20:02:11.334+0000] {dagbag.py:537} INFO - Filling up the DagBag from /home/airflow/.local/lib/python3.7/site-packages/airflow/example_dags/example_external_task_marker_dag.py
[2025-01-23T20:02:11.364+0000] {processor.py:766} INFO - DAG(s) dict_keys(['example_external_task_marker_parent', 'example_external_task_marker_child']) retrieved from /home/airflow/.local/lib/python3.7/site-packages/airflow/example_dags/example_external_task_marker_dag.py
[2025-01-23T20:02:11.899+0000] {logging_mixin.py:120} INFO - [2025-01-23T20:02:11.899+0000] {dag.py:2585} INFO - Sync 2 DAGs
[2025-01-23T20:02:11.953+0000] {logging_mixin.py:120} INFO - [2025-01-23T20:02:11.953+0000] {dag.py:3340} INFO - Setting next_dagrun for example_external_task_marker_child to None, run_after=None
[2025-01-23T20:02:11.959+0000] {logging_mixin.py:120} INFO - [2025-01-23T20:02:11.959+0000] {dag.py:3340} INFO - Setting next_dagrun for example_external_task_marker_parent to None, run_after=None
[2025-01-23T20:02:11.991+0000] {processor.py:176} INFO - Processing /home/airflow/.local/lib/python3.7/site-packages/airflow/example_dags/example_external_task_marker_dag.py took 0.666 seconds
[2025-01-23T20:02:42.132+0000] {processor.py:154} INFO - Started process (PID=46628) to work on /home/airflow/.local/lib/python3.7/site-packages/airflow/example_dags/example_external_task_marker_dag.py
[2025-01-23T20:02:42.134+0000] {processor.py:756} INFO - Processing file /home/airflow/.local/lib/python3.7/site-packages/airflow/example_dags/example_external_task_marker_dag.py for tasks to queue
[2025-01-23T20:02:42.136+0000] {logging_mixin.py:120} INFO - [2025-01-23T20:02:42.136+0000] {dagbag.py:537} INFO - Filling up the DagBag from /home/airflow/.local/lib/python3.7/site-packages/airflow/example_dags/example_external_task_marker_dag.py
[2025-01-23T20:02:42.172+0000] {processor.py:766} INFO - DAG(s) dict_keys(['example_external_task_marker_parent', 'example_external_task_marker_child']) retrieved from /home/airflow/.local/lib/python3.7/site-packages/airflow/example_dags/example_external_task_marker_dag.py
[2025-01-23T20:02:42.715+0000] {logging_mixin.py:120} INFO - [2025-01-23T20:02:42.714+0000] {dag.py:2585} INFO - Sync 2 DAGs
[2025-01-23T20:02:42.778+0000] {logging_mixin.py:120} INFO - [2025-01-23T20:02:42.778+0000] {dag.py:3340} INFO - Setting next_dagrun for example_external_task_marker_child to None, run_after=None
[2025-01-23T20:02:42.784+0000] {logging_mixin.py:120} INFO - [2025-01-23T20:02:42.784+0000] {dag.py:3340} INFO - Setting next_dagrun for example_external_task_marker_parent to None, run_after=None
[2025-01-23T20:02:42.820+0000] {processor.py:176} INFO - Processing /home/airflow/.local/lib/python3.7/site-packages/airflow/example_dags/example_external_task_marker_dag.py took 0.696 seconds
[2025-01-23T20:03:13.489+0000] {processor.py:154} INFO - Started process (PID=46682) to work on /home/airflow/.local/lib/python3.7/site-packages/airflow/example_dags/example_external_task_marker_dag.py
[2025-01-23T20:03:13.494+0000] {processor.py:756} INFO - Processing file /home/airflow/.local/lib/python3.7/site-packages/airflow/example_dags/example_external_task_marker_dag.py for tasks to queue
[2025-01-23T20:03:13.498+0000] {logging_mixin.py:120} INFO - [2025-01-23T20:03:13.497+0000] {dagbag.py:537} INFO - Filling up the DagBag from /home/airflow/.local/lib/python3.7/site-packages/airflow/example_dags/example_external_task_marker_dag.py
[2025-01-23T20:03:13.563+0000] {processor.py:766} INFO - DAG(s) dict_keys(['example_external_task_marker_child', 'example_external_task_marker_parent']) retrieved from /home/airflow/.local/lib/python3.7/site-packages/airflow/example_dags/example_external_task_marker_dag.py
[2025-01-23T20:03:14.233+0000] {logging_mixin.py:120} INFO - [2025-01-23T20:03:14.232+0000] {dag.py:2585} INFO - Sync 2 DAGs
[2025-01-23T20:03:14.289+0000] {logging_mixin.py:120} INFO - [2025-01-23T20:03:14.289+0000] {dag.py:3340} INFO - Setting next_dagrun for example_external_task_marker_child to None, run_after=None
[2025-01-23T20:03:14.296+0000] {logging_mixin.py:120} INFO - [2025-01-23T20:03:14.295+0000] {dag.py:3340} INFO - Setting next_dagrun for example_external_task_marker_parent to None, run_after=None
[2025-01-23T20:03:14.330+0000] {processor.py:176} INFO - Processing /home/airflow/.local/lib/python3.7/site-packages/airflow/example_dags/example_external_task_marker_dag.py took 0.856 seconds
[2025-01-23T20:03:44.577+0000] {processor.py:154} INFO - Started process (PID=46746) to work on /home/airflow/.local/lib/python3.7/site-packages/airflow/example_dags/example_external_task_marker_dag.py
[2025-01-23T20:03:44.579+0000] {processor.py:756} INFO - Processing file /home/airflow/.local/lib/python3.7/site-packages/airflow/example_dags/example_external_task_marker_dag.py for tasks to queue
[2025-01-23T20:03:44.580+0000] {logging_mixin.py:120} INFO - [2025-01-23T20:03:44.580+0000] {dagbag.py:537} INFO - Filling up the DagBag from /home/airflow/.local/lib/python3.7/site-packages/airflow/example_dags/example_external_task_marker_dag.py
[2025-01-23T20:03:44.605+0000] {processor.py:766} INFO - DAG(s) dict_keys(['example_external_task_marker_parent', 'example_external_task_marker_child']) retrieved from /home/airflow/.local/lib/python3.7/site-packages/airflow/example_dags/example_external_task_marker_dag.py
[2025-01-23T20:03:44.996+0000] {logging_mixin.py:120} INFO - [2025-01-23T20:03:44.996+0000] {dag.py:2585} INFO - Sync 2 DAGs
[2025-01-23T20:03:45.047+0000] {logging_mixin.py:120} INFO - [2025-01-23T20:03:45.046+0000] {dag.py:3340} INFO - Setting next_dagrun for example_external_task_marker_child to None, run_after=None
[2025-01-23T20:03:45.061+0000] {logging_mixin.py:120} INFO - [2025-01-23T20:03:45.061+0000] {dag.py:3340} INFO - Setting next_dagrun for example_external_task_marker_parent to None, run_after=None
[2025-01-23T20:03:45.119+0000] {processor.py:176} INFO - Processing /home/airflow/.local/lib/python3.7/site-packages/airflow/example_dags/example_external_task_marker_dag.py took 0.548 seconds
[2025-01-23T20:04:16.127+0000] {processor.py:154} INFO - Started process (PID=46800) to work on /home/airflow/.local/lib/python3.7/site-packages/airflow/example_dags/example_external_task_marker_dag.py
[2025-01-23T20:04:16.132+0000] {processor.py:756} INFO - Processing file /home/airflow/.local/lib/python3.7/site-packages/airflow/example_dags/example_external_task_marker_dag.py for tasks to queue
[2025-01-23T20:04:16.136+0000] {logging_mixin.py:120} INFO - [2025-01-23T20:04:16.135+0000] {dagbag.py:537} INFO - Filling up the DagBag from /home/airflow/.local/lib/python3.7/site-packages/airflow/example_dags/example_external_task_marker_dag.py
[2025-01-23T20:04:16.200+0000] {processor.py:766} INFO - DAG(s) dict_keys(['example_external_task_marker_child', 'example_external_task_marker_parent']) retrieved from /home/airflow/.local/lib/python3.7/site-packages/airflow/example_dags/example_external_task_marker_dag.py
[2025-01-23T20:04:16.875+0000] {logging_mixin.py:120} INFO - [2025-01-23T20:04:16.875+0000] {dag.py:2585} INFO - Sync 2 DAGs
[2025-01-23T20:04:16.945+0000] {logging_mixin.py:120} INFO - [2025-01-23T20:04:16.944+0000] {dag.py:3340} INFO - Setting next_dagrun for example_external_task_marker_child to None, run_after=None
[2025-01-23T20:04:16.954+0000] {logging_mixin.py:120} INFO - [2025-01-23T20:04:16.953+0000] {dag.py:3340} INFO - Setting next_dagrun for example_external_task_marker_parent to None, run_after=None
[2025-01-23T20:04:16.998+0000] {processor.py:176} INFO - Processing /home/airflow/.local/lib/python3.7/site-packages/airflow/example_dags/example_external_task_marker_dag.py took 0.887 seconds
[2025-01-23T20:04:47.555+0000] {processor.py:154} INFO - Started process (PID=46865) to work on /home/airflow/.local/lib/python3.7/site-packages/airflow/example_dags/example_external_task_marker_dag.py
[2025-01-23T20:04:47.557+0000] {processor.py:756} INFO - Processing file /home/airflow/.local/lib/python3.7/site-packages/airflow/example_dags/example_external_task_marker_dag.py for tasks to queue
[2025-01-23T20:04:47.559+0000] {logging_mixin.py:120} INFO - [2025-01-23T20:04:47.559+0000] {dagbag.py:537} INFO - Filling up the DagBag from /home/airflow/.local/lib/python3.7/site-packages/airflow/example_dags/example_external_task_marker_dag.py
[2025-01-23T20:04:47.599+0000] {processor.py:766} INFO - DAG(s) dict_keys(['example_external_task_marker_child', 'example_external_task_marker_parent']) retrieved from /home/airflow/.local/lib/python3.7/site-packages/airflow/example_dags/example_external_task_marker_dag.py
[2025-01-23T20:04:48.259+0000] {logging_mixin.py:120} INFO - [2025-01-23T20:04:48.258+0000] {dag.py:2585} INFO - Sync 2 DAGs
[2025-01-23T20:04:48.384+0000] {logging_mixin.py:120} INFO - [2025-01-23T20:04:48.384+0000] {dag.py:3340} INFO - Setting next_dagrun for example_external_task_marker_child to None, run_after=None
[2025-01-23T20:04:48.401+0000] {logging_mixin.py:120} INFO - [2025-01-23T20:04:48.400+0000] {dag.py:3340} INFO - Setting next_dagrun for example_external_task_marker_parent to None, run_after=None
[2025-01-23T20:04:48.501+0000] {processor.py:176} INFO - Processing /home/airflow/.local/lib/python3.7/site-packages/airflow/example_dags/example_external_task_marker_dag.py took 0.956 seconds
[2025-01-23T20:05:18.627+0000] {processor.py:154} INFO - Started process (PID=46920) to work on /home/airflow/.local/lib/python3.7/site-packages/airflow/example_dags/example_external_task_marker_dag.py
[2025-01-23T20:05:18.629+0000] {processor.py:756} INFO - Processing file /home/airflow/.local/lib/python3.7/site-packages/airflow/example_dags/example_external_task_marker_dag.py for tasks to queue
[2025-01-23T20:05:18.630+0000] {logging_mixin.py:120} INFO - [2025-01-23T20:05:18.630+0000] {dagbag.py:537} INFO - Filling up the DagBag from /home/airflow/.local/lib/python3.7/site-packages/airflow/example_dags/example_external_task_marker_dag.py
[2025-01-23T20:05:18.654+0000] {processor.py:766} INFO - DAG(s) dict_keys(['example_external_task_marker_parent', 'example_external_task_marker_child']) retrieved from /home/airflow/.local/lib/python3.7/site-packages/airflow/example_dags/example_external_task_marker_dag.py
[2025-01-23T20:05:19.074+0000] {logging_mixin.py:120} INFO - [2025-01-23T20:05:19.074+0000] {dag.py:2585} INFO - Sync 2 DAGs
[2025-01-23T20:05:19.114+0000] {logging_mixin.py:120} INFO - [2025-01-23T20:05:19.114+0000] {dag.py:3340} INFO - Setting next_dagrun for example_external_task_marker_child to None, run_after=None
[2025-01-23T20:05:19.120+0000] {logging_mixin.py:120} INFO - [2025-01-23T20:05:19.120+0000] {dag.py:3340} INFO - Setting next_dagrun for example_external_task_marker_parent to None, run_after=None
[2025-01-23T20:05:19.149+0000] {processor.py:176} INFO - Processing /home/airflow/.local/lib/python3.7/site-packages/airflow/example_dags/example_external_task_marker_dag.py took 0.527 seconds
[2025-01-23T20:05:49.825+0000] {processor.py:154} INFO - Started process (PID=46983) to work on /home/airflow/.local/lib/python3.7/site-packages/airflow/example_dags/example_external_task_marker_dag.py
[2025-01-23T20:05:49.827+0000] {processor.py:756} INFO - Processing file /home/airflow/.local/lib/python3.7/site-packages/airflow/example_dags/example_external_task_marker_dag.py for tasks to queue
[2025-01-23T20:05:49.829+0000] {logging_mixin.py:120} INFO - [2025-01-23T20:05:49.829+0000] {dagbag.py:537} INFO - Filling up the DagBag from /home/airflow/.local/lib/python3.7/site-packages/airflow/example_dags/example_external_task_marker_dag.py
[2025-01-23T20:05:49.854+0000] {processor.py:766} INFO - DAG(s) dict_keys(['example_external_task_marker_parent', 'example_external_task_marker_child']) retrieved from /home/airflow/.local/lib/python3.7/site-packages/airflow/example_dags/example_external_task_marker_dag.py
[2025-01-23T20:05:50.283+0000] {logging_mixin.py:120} INFO - [2025-01-23T20:05:50.283+0000] {dag.py:2585} INFO - Sync 2 DAGs
[2025-01-23T20:05:50.337+0000] {logging_mixin.py:120} INFO - [2025-01-23T20:05:50.337+0000] {dag.py:3340} INFO - Setting next_dagrun for example_external_task_marker_child to None, run_after=None
[2025-01-23T20:05:50.346+0000] {logging_mixin.py:120} INFO - [2025-01-23T20:05:50.345+0000] {dag.py:3340} INFO - Setting next_dagrun for example_external_task_marker_parent to None, run_after=None
[2025-01-23T20:05:50.379+0000] {processor.py:176} INFO - Processing /home/airflow/.local/lib/python3.7/site-packages/airflow/example_dags/example_external_task_marker_dag.py took 0.559 seconds
[2025-01-23T20:06:20.716+0000] {processor.py:154} INFO - Started process (PID=47037) to work on /home/airflow/.local/lib/python3.7/site-packages/airflow/example_dags/example_external_task_marker_dag.py
[2025-01-23T20:06:20.720+0000] {processor.py:756} INFO - Processing file /home/airflow/.local/lib/python3.7/site-packages/airflow/example_dags/example_external_task_marker_dag.py for tasks to queue
[2025-01-23T20:06:20.725+0000] {logging_mixin.py:120} INFO - [2025-01-23T20:06:20.724+0000] {dagbag.py:537} INFO - Filling up the DagBag from /home/airflow/.local/lib/python3.7/site-packages/airflow/example_dags/example_external_task_marker_dag.py
[2025-01-23T20:06:20.816+0000] {processor.py:766} INFO - DAG(s) dict_keys(['example_external_task_marker_child', 'example_external_task_marker_parent']) retrieved from /home/airflow/.local/lib/python3.7/site-packages/airflow/example_dags/example_external_task_marker_dag.py
[2025-01-23T20:06:21.373+0000] {logging_mixin.py:120} INFO - [2025-01-23T20:06:21.373+0000] {dag.py:2585} INFO - Sync 2 DAGs
[2025-01-23T20:06:21.436+0000] {logging_mixin.py:120} INFO - [2025-01-23T20:06:21.436+0000] {dag.py:3340} INFO - Setting next_dagrun for example_external_task_marker_child to None, run_after=None
[2025-01-23T20:06:21.445+0000] {logging_mixin.py:120} INFO - [2025-01-23T20:06:21.445+0000] {dag.py:3340} INFO - Setting next_dagrun for example_external_task_marker_parent to None, run_after=None
[2025-01-23T20:06:21.507+0000] {processor.py:176} INFO - Processing /home/airflow/.local/lib/python3.7/site-packages/airflow/example_dags/example_external_task_marker_dag.py took 0.812 seconds
[2025-01-23T20:06:52.055+0000] {processor.py:154} INFO - Started process (PID=47102) to work on /home/airflow/.local/lib/python3.7/site-packages/airflow/example_dags/example_external_task_marker_dag.py
[2025-01-23T20:06:52.059+0000] {processor.py:756} INFO - Processing file /home/airflow/.local/lib/python3.7/site-packages/airflow/example_dags/example_external_task_marker_dag.py for tasks to queue
[2025-01-23T20:06:52.062+0000] {logging_mixin.py:120} INFO - [2025-01-23T20:06:52.062+0000] {dagbag.py:537} INFO - Filling up the DagBag from /home/airflow/.local/lib/python3.7/site-packages/airflow/example_dags/example_external_task_marker_dag.py
[2025-01-23T20:06:52.113+0000] {processor.py:766} INFO - DAG(s) dict_keys(['example_external_task_marker_child', 'example_external_task_marker_parent']) retrieved from /home/airflow/.local/lib/python3.7/site-packages/airflow/example_dags/example_external_task_marker_dag.py
[2025-01-23T20:06:52.437+0000] {logging_mixin.py:120} INFO - [2025-01-23T20:06:52.437+0000] {dag.py:2585} INFO - Sync 2 DAGs
[2025-01-23T20:06:52.471+0000] {logging_mixin.py:120} INFO - [2025-01-23T20:06:52.471+0000] {dag.py:3340} INFO - Setting next_dagrun for example_external_task_marker_child to None, run_after=None
[2025-01-23T20:06:52.476+0000] {logging_mixin.py:120} INFO - [2025-01-23T20:06:52.476+0000] {dag.py:3340} INFO - Setting next_dagrun for example_external_task_marker_parent to None, run_after=None
[2025-01-23T20:06:52.510+0000] {processor.py:176} INFO - Processing /home/airflow/.local/lib/python3.7/site-packages/airflow/example_dags/example_external_task_marker_dag.py took 0.470 seconds
[2025-01-23T20:07:23.349+0000] {processor.py:154} INFO - Started process (PID=47156) to work on /home/airflow/.local/lib/python3.7/site-packages/airflow/example_dags/example_external_task_marker_dag.py
[2025-01-23T20:07:23.353+0000] {processor.py:756} INFO - Processing file /home/airflow/.local/lib/python3.7/site-packages/airflow/example_dags/example_external_task_marker_dag.py for tasks to queue
[2025-01-23T20:07:23.357+0000] {logging_mixin.py:120} INFO - [2025-01-23T20:07:23.356+0000] {dagbag.py:537} INFO - Filling up the DagBag from /home/airflow/.local/lib/python3.7/site-packages/airflow/example_dags/example_external_task_marker_dag.py
[2025-01-23T20:07:23.416+0000] {processor.py:766} INFO - DAG(s) dict_keys(['example_external_task_marker_child', 'example_external_task_marker_parent']) retrieved from /home/airflow/.local/lib/python3.7/site-packages/airflow/example_dags/example_external_task_marker_dag.py
[2025-01-23T20:07:23.781+0000] {logging_mixin.py:120} INFO - [2025-01-23T20:07:23.781+0000] {dag.py:2585} INFO - Sync 2 DAGs
[2025-01-23T20:07:23.829+0000] {logging_mixin.py:120} INFO - [2025-01-23T20:07:23.829+0000] {dag.py:3340} INFO - Setting next_dagrun for example_external_task_marker_child to None, run_after=None
[2025-01-23T20:07:23.835+0000] {logging_mixin.py:120} INFO - [2025-01-23T20:07:23.835+0000] {dag.py:3340} INFO - Setting next_dagrun for example_external_task_marker_parent to None, run_after=None
[2025-01-23T20:07:23.864+0000] {processor.py:176} INFO - Processing /home/airflow/.local/lib/python3.7/site-packages/airflow/example_dags/example_external_task_marker_dag.py took 0.529 seconds
[2025-01-23T20:07:54.027+0000] {processor.py:154} INFO - Started process (PID=47219) to work on /home/airflow/.local/lib/python3.7/site-packages/airflow/example_dags/example_external_task_marker_dag.py
[2025-01-23T20:07:54.030+0000] {processor.py:756} INFO - Processing file /home/airflow/.local/lib/python3.7/site-packages/airflow/example_dags/example_external_task_marker_dag.py for tasks to queue
[2025-01-23T20:07:54.032+0000] {logging_mixin.py:120} INFO - [2025-01-23T20:07:54.032+0000] {dagbag.py:537} INFO - Filling up the DagBag from /home/airflow/.local/lib/python3.7/site-packages/airflow/example_dags/example_external_task_marker_dag.py
[2025-01-23T20:07:54.085+0000] {processor.py:766} INFO - DAG(s) dict_keys(['example_external_task_marker_parent', 'example_external_task_marker_child']) retrieved from /home/airflow/.local/lib/python3.7/site-packages/airflow/example_dags/example_external_task_marker_dag.py
[2025-01-23T20:07:54.621+0000] {logging_mixin.py:120} INFO - [2025-01-23T20:07:54.621+0000] {dag.py:2585} INFO - Sync 2 DAGs
[2025-01-23T20:07:54.662+0000] {logging_mixin.py:120} INFO - [2025-01-23T20:07:54.662+0000] {dag.py:3340} INFO - Setting next_dagrun for example_external_task_marker_child to None, run_after=None
[2025-01-23T20:07:54.668+0000] {logging_mixin.py:120} INFO - [2025-01-23T20:07:54.668+0000] {dag.py:3340} INFO - Setting next_dagrun for example_external_task_marker_parent to None, run_after=None
[2025-01-23T20:07:54.698+0000] {processor.py:176} INFO - Processing /home/airflow/.local/lib/python3.7/site-packages/airflow/example_dags/example_external_task_marker_dag.py took 0.680 seconds
[2025-01-23T20:08:24.925+0000] {processor.py:154} INFO - Started process (PID=47274) to work on /home/airflow/.local/lib/python3.7/site-packages/airflow/example_dags/example_external_task_marker_dag.py
[2025-01-23T20:08:24.927+0000] {processor.py:756} INFO - Processing file /home/airflow/.local/lib/python3.7/site-packages/airflow/example_dags/example_external_task_marker_dag.py for tasks to queue
[2025-01-23T20:08:24.928+0000] {logging_mixin.py:120} INFO - [2025-01-23T20:08:24.928+0000] {dagbag.py:537} INFO - Filling up the DagBag from /home/airflow/.local/lib/python3.7/site-packages/airflow/example_dags/example_external_task_marker_dag.py
[2025-01-23T20:08:24.951+0000] {processor.py:766} INFO - DAG(s) dict_keys(['example_external_task_marker_child', 'example_external_task_marker_parent']) retrieved from /home/airflow/.local/lib/python3.7/site-packages/airflow/example_dags/example_external_task_marker_dag.py
[2025-01-23T20:08:25.392+0000] {logging_mixin.py:120} INFO - [2025-01-23T20:08:25.392+0000] {dag.py:2585} INFO - Sync 2 DAGs
[2025-01-23T20:08:25.447+0000] {logging_mixin.py:120} INFO - [2025-01-23T20:08:25.447+0000] {dag.py:3340} INFO - Setting next_dagrun for example_external_task_marker_child to None, run_after=None
[2025-01-23T20:08:25.454+0000] {logging_mixin.py:120} INFO - [2025-01-23T20:08:25.454+0000] {dag.py:3340} INFO - Setting next_dagrun for example_external_task_marker_parent to None, run_after=None
[2025-01-23T20:08:25.492+0000] {processor.py:176} INFO - Processing /home/airflow/.local/lib/python3.7/site-packages/airflow/example_dags/example_external_task_marker_dag.py took 0.572 seconds
[2025-01-23T20:08:55.576+0000] {processor.py:154} INFO - Started process (PID=47337) to work on /home/airflow/.local/lib/python3.7/site-packages/airflow/example_dags/example_external_task_marker_dag.py
[2025-01-23T20:08:55.579+0000] {processor.py:756} INFO - Processing file /home/airflow/.local/lib/python3.7/site-packages/airflow/example_dags/example_external_task_marker_dag.py for tasks to queue
[2025-01-23T20:08:55.581+0000] {logging_mixin.py:120} INFO - [2025-01-23T20:08:55.580+0000] {dagbag.py:537} INFO - Filling up the DagBag from /home/airflow/.local/lib/python3.7/site-packages/airflow/example_dags/example_external_task_marker_dag.py
[2025-01-23T20:08:55.611+0000] {processor.py:766} INFO - DAG(s) dict_keys(['example_external_task_marker_child', 'example_external_task_marker_parent']) retrieved from /home/airflow/.local/lib/python3.7/site-packages/airflow/example_dags/example_external_task_marker_dag.py
[2025-01-23T20:08:56.135+0000] {logging_mixin.py:120} INFO - [2025-01-23T20:08:56.134+0000] {dag.py:2585} INFO - Sync 2 DAGs
[2025-01-23T20:08:56.178+0000] {logging_mixin.py:120} INFO - [2025-01-23T20:08:56.177+0000] {dag.py:3340} INFO - Setting next_dagrun for example_external_task_marker_child to None, run_after=None
[2025-01-23T20:08:56.184+0000] {logging_mixin.py:120} INFO - [2025-01-23T20:08:56.184+0000] {dag.py:3340} INFO - Setting next_dagrun for example_external_task_marker_parent to None, run_after=None
[2025-01-23T20:08:56.213+0000] {processor.py:176} INFO - Processing /home/airflow/.local/lib/python3.7/site-packages/airflow/example_dags/example_external_task_marker_dag.py took 0.644 seconds
[2025-01-23T20:09:26.297+0000] {processor.py:154} INFO - Started process (PID=47391) to work on /home/airflow/.local/lib/python3.7/site-packages/airflow/example_dags/example_external_task_marker_dag.py
[2025-01-23T20:09:26.299+0000] {processor.py:756} INFO - Processing file /home/airflow/.local/lib/python3.7/site-packages/airflow/example_dags/example_external_task_marker_dag.py for tasks to queue
[2025-01-23T20:09:26.300+0000] {logging_mixin.py:120} INFO - [2025-01-23T20:09:26.300+0000] {dagbag.py:537} INFO - Filling up the DagBag from /home/airflow/.local/lib/python3.7/site-packages/airflow/example_dags/example_external_task_marker_dag.py
[2025-01-23T20:09:26.324+0000] {processor.py:766} INFO - DAG(s) dict_keys(['example_external_task_marker_parent', 'example_external_task_marker_child']) retrieved from /home/airflow/.local/lib/python3.7/site-packages/airflow/example_dags/example_external_task_marker_dag.py
[2025-01-23T20:09:26.715+0000] {logging_mixin.py:120} INFO - [2025-01-23T20:09:26.714+0000] {dag.py:2585} INFO - Sync 2 DAGs
[2025-01-23T20:09:26.758+0000] {logging_mixin.py:120} INFO - [2025-01-23T20:09:26.758+0000] {dag.py:3340} INFO - Setting next_dagrun for example_external_task_marker_child to None, run_after=None
[2025-01-23T20:09:26.765+0000] {logging_mixin.py:120} INFO - [2025-01-23T20:09:26.764+0000] {dag.py:3340} INFO - Setting next_dagrun for example_external_task_marker_parent to None, run_after=None
[2025-01-23T20:09:26.796+0000] {processor.py:176} INFO - Processing /home/airflow/.local/lib/python3.7/site-packages/airflow/example_dags/example_external_task_marker_dag.py took 0.504 seconds
[2025-01-23T20:09:57.054+0000] {processor.py:154} INFO - Started process (PID=47452) to work on /home/airflow/.local/lib/python3.7/site-packages/airflow/example_dags/example_external_task_marker_dag.py
[2025-01-23T20:09:57.056+0000] {processor.py:756} INFO - Processing file /home/airflow/.local/lib/python3.7/site-packages/airflow/example_dags/example_external_task_marker_dag.py for tasks to queue
[2025-01-23T20:09:57.058+0000] {logging_mixin.py:120} INFO - [2025-01-23T20:09:57.057+0000] {dagbag.py:537} INFO - Filling up the DagBag from /home/airflow/.local/lib/python3.7/site-packages/airflow/example_dags/example_external_task_marker_dag.py
[2025-01-23T20:09:57.086+0000] {processor.py:766} INFO - DAG(s) dict_keys(['example_external_task_marker_child', 'example_external_task_marker_parent']) retrieved from /home/airflow/.local/lib/python3.7/site-packages/airflow/example_dags/example_external_task_marker_dag.py
[2025-01-23T20:09:57.631+0000] {logging_mixin.py:120} INFO - [2025-01-23T20:09:57.630+0000] {dag.py:2585} INFO - Sync 2 DAGs
[2025-01-23T20:09:57.675+0000] {logging_mixin.py:120} INFO - [2025-01-23T20:09:57.675+0000] {dag.py:3340} INFO - Setting next_dagrun for example_external_task_marker_child to None, run_after=None
[2025-01-23T20:09:57.682+0000] {logging_mixin.py:120} INFO - [2025-01-23T20:09:57.681+0000] {dag.py:3340} INFO - Setting next_dagrun for example_external_task_marker_parent to None, run_after=None
[2025-01-23T20:09:57.712+0000] {processor.py:176} INFO - Processing /home/airflow/.local/lib/python3.7/site-packages/airflow/example_dags/example_external_task_marker_dag.py took 0.665 seconds
[2025-01-23T20:10:27.903+0000] {processor.py:154} INFO - Started process (PID=47506) to work on /home/airflow/.local/lib/python3.7/site-packages/airflow/example_dags/example_external_task_marker_dag.py
[2025-01-23T20:10:27.905+0000] {processor.py:756} INFO - Processing file /home/airflow/.local/lib/python3.7/site-packages/airflow/example_dags/example_external_task_marker_dag.py for tasks to queue
[2025-01-23T20:10:27.906+0000] {logging_mixin.py:120} INFO - [2025-01-23T20:10:27.906+0000] {dagbag.py:537} INFO - Filling up the DagBag from /home/airflow/.local/lib/python3.7/site-packages/airflow/example_dags/example_external_task_marker_dag.py
[2025-01-23T20:10:27.932+0000] {processor.py:766} INFO - DAG(s) dict_keys(['example_external_task_marker_parent', 'example_external_task_marker_child']) retrieved from /home/airflow/.local/lib/python3.7/site-packages/airflow/example_dags/example_external_task_marker_dag.py
[2025-01-23T20:10:28.421+0000] {logging_mixin.py:120} INFO - [2025-01-23T20:10:28.420+0000] {dag.py:2585} INFO - Sync 2 DAGs
[2025-01-23T20:10:28.465+0000] {logging_mixin.py:120} INFO - [2025-01-23T20:10:28.465+0000] {dag.py:3340} INFO - Setting next_dagrun for example_external_task_marker_child to None, run_after=None
[2025-01-23T20:10:28.472+0000] {logging_mixin.py:120} INFO - [2025-01-23T20:10:28.471+0000] {dag.py:3340} INFO - Setting next_dagrun for example_external_task_marker_parent to None, run_after=None
[2025-01-23T20:10:28.502+0000] {processor.py:176} INFO - Processing /home/airflow/.local/lib/python3.7/site-packages/airflow/example_dags/example_external_task_marker_dag.py took 0.604 seconds
[2025-01-23T20:10:58.789+0000] {processor.py:154} INFO - Started process (PID=47571) to work on /home/airflow/.local/lib/python3.7/site-packages/airflow/example_dags/example_external_task_marker_dag.py
[2025-01-23T20:10:58.790+0000] {processor.py:756} INFO - Processing file /home/airflow/.local/lib/python3.7/site-packages/airflow/example_dags/example_external_task_marker_dag.py for tasks to queue
[2025-01-23T20:10:58.791+0000] {logging_mixin.py:120} INFO - [2025-01-23T20:10:58.791+0000] {dagbag.py:537} INFO - Filling up the DagBag from /home/airflow/.local/lib/python3.7/site-packages/airflow/example_dags/example_external_task_marker_dag.py
[2025-01-23T20:10:58.822+0000] {processor.py:766} INFO - DAG(s) dict_keys(['example_external_task_marker_child', 'example_external_task_marker_parent']) retrieved from /home/airflow/.local/lib/python3.7/site-packages/airflow/example_dags/example_external_task_marker_dag.py
[2025-01-23T20:10:59.304+0000] {logging_mixin.py:120} INFO - [2025-01-23T20:10:59.304+0000] {dag.py:2585} INFO - Sync 2 DAGs
[2025-01-23T20:10:59.346+0000] {logging_mixin.py:120} INFO - [2025-01-23T20:10:59.345+0000] {dag.py:3340} INFO - Setting next_dagrun for example_external_task_marker_child to None, run_after=None
[2025-01-23T20:10:59.351+0000] {logging_mixin.py:120} INFO - [2025-01-23T20:10:59.351+0000] {dag.py:3340} INFO - Setting next_dagrun for example_external_task_marker_parent to None, run_after=None
[2025-01-23T20:10:59.382+0000] {processor.py:176} INFO - Processing /home/airflow/.local/lib/python3.7/site-packages/airflow/example_dags/example_external_task_marker_dag.py took 0.602 seconds
[2025-01-23T20:11:29.456+0000] {processor.py:154} INFO - Started process (PID=47624) to work on /home/airflow/.local/lib/python3.7/site-packages/airflow/example_dags/example_external_task_marker_dag.py
[2025-01-23T20:11:29.458+0000] {processor.py:756} INFO - Processing file /home/airflow/.local/lib/python3.7/site-packages/airflow/example_dags/example_external_task_marker_dag.py for tasks to queue
[2025-01-23T20:11:29.460+0000] {logging_mixin.py:120} INFO - [2025-01-23T20:11:29.460+0000] {dagbag.py:537} INFO - Filling up the DagBag from /home/airflow/.local/lib/python3.7/site-packages/airflow/example_dags/example_external_task_marker_dag.py
[2025-01-23T20:11:29.486+0000] {processor.py:766} INFO - DAG(s) dict_keys(['example_external_task_marker_parent', 'example_external_task_marker_child']) retrieved from /home/airflow/.local/lib/python3.7/site-packages/airflow/example_dags/example_external_task_marker_dag.py
[2025-01-23T20:11:29.953+0000] {logging_mixin.py:120} INFO - [2025-01-23T20:11:29.952+0000] {dag.py:2585} INFO - Sync 2 DAGs
[2025-01-23T20:11:29.993+0000] {logging_mixin.py:120} INFO - [2025-01-23T20:11:29.993+0000] {dag.py:3340} INFO - Setting next_dagrun for example_external_task_marker_child to None, run_after=None
[2025-01-23T20:11:29.999+0000] {logging_mixin.py:120} INFO - [2025-01-23T20:11:29.999+0000] {dag.py:3340} INFO - Setting next_dagrun for example_external_task_marker_parent to None, run_after=None
[2025-01-23T20:11:30.035+0000] {processor.py:176} INFO - Processing /home/airflow/.local/lib/python3.7/site-packages/airflow/example_dags/example_external_task_marker_dag.py took 0.584 seconds
[2025-01-23T20:12:00.388+0000] {processor.py:154} INFO - Started process (PID=47678) to work on /home/airflow/.local/lib/python3.7/site-packages/airflow/example_dags/example_external_task_marker_dag.py
[2025-01-23T20:12:00.391+0000] {processor.py:756} INFO - Processing file /home/airflow/.local/lib/python3.7/site-packages/airflow/example_dags/example_external_task_marker_dag.py for tasks to queue
[2025-01-23T20:12:00.398+0000] {logging_mixin.py:120} INFO - [2025-01-23T20:12:00.397+0000] {dagbag.py:537} INFO - Filling up the DagBag from /home/airflow/.local/lib/python3.7/site-packages/airflow/example_dags/example_external_task_marker_dag.py
[2025-01-23T20:12:00.462+0000] {processor.py:766} INFO - DAG(s) dict_keys(['example_external_task_marker_parent', 'example_external_task_marker_child']) retrieved from /home/airflow/.local/lib/python3.7/site-packages/airflow/example_dags/example_external_task_marker_dag.py
[2025-01-23T20:12:01.465+0000] {logging_mixin.py:120} INFO - [2025-01-23T20:12:01.464+0000] {dag.py:2585} INFO - Sync 2 DAGs
[2025-01-23T20:12:01.529+0000] {logging_mixin.py:120} INFO - [2025-01-23T20:12:01.529+0000] {dag.py:3340} INFO - Setting next_dagrun for example_external_task_marker_child to None, run_after=None
[2025-01-23T20:12:01.539+0000] {logging_mixin.py:120} INFO - [2025-01-23T20:12:01.538+0000] {dag.py:3340} INFO - Setting next_dagrun for example_external_task_marker_parent to None, run_after=None
[2025-01-23T20:12:01.589+0000] {processor.py:176} INFO - Processing /home/airflow/.local/lib/python3.7/site-packages/airflow/example_dags/example_external_task_marker_dag.py took 1.216 seconds
[2025-01-23T20:12:31.892+0000] {processor.py:154} INFO - Started process (PID=47744) to work on /home/airflow/.local/lib/python3.7/site-packages/airflow/example_dags/example_external_task_marker_dag.py
[2025-01-23T20:12:31.896+0000] {processor.py:756} INFO - Processing file /home/airflow/.local/lib/python3.7/site-packages/airflow/example_dags/example_external_task_marker_dag.py for tasks to queue
[2025-01-23T20:12:31.901+0000] {logging_mixin.py:120} INFO - [2025-01-23T20:12:31.900+0000] {dagbag.py:537} INFO - Filling up the DagBag from /home/airflow/.local/lib/python3.7/site-packages/airflow/example_dags/example_external_task_marker_dag.py
[2025-01-23T20:12:31.984+0000] {processor.py:766} INFO - DAG(s) dict_keys(['example_external_task_marker_parent', 'example_external_task_marker_child']) retrieved from /home/airflow/.local/lib/python3.7/site-packages/airflow/example_dags/example_external_task_marker_dag.py
[2025-01-23T20:12:32.765+0000] {logging_mixin.py:120} INFO - [2025-01-23T20:12:32.765+0000] {dag.py:2585} INFO - Sync 2 DAGs
[2025-01-23T20:12:32.809+0000] {logging_mixin.py:120} INFO - [2025-01-23T20:12:32.809+0000] {dag.py:3340} INFO - Setting next_dagrun for example_external_task_marker_child to None, run_after=None
[2025-01-23T20:12:32.817+0000] {logging_mixin.py:120} INFO - [2025-01-23T20:12:32.816+0000] {dag.py:3340} INFO - Setting next_dagrun for example_external_task_marker_parent to None, run_after=None
[2025-01-23T20:12:32.851+0000] {processor.py:176} INFO - Processing /home/airflow/.local/lib/python3.7/site-packages/airflow/example_dags/example_external_task_marker_dag.py took 0.976 seconds
