[2025-01-23T19:50:41.656+0000] {processor.py:154} INFO - Started process (PID=45318) to work on /home/airflow/.local/lib/python3.7/site-packages/airflow/example_dags/tutorial_taskflow_api_virtualenv.py
[2025-01-23T19:50:41.658+0000] {processor.py:756} INFO - Processing file /home/airflow/.local/lib/python3.7/site-packages/airflow/example_dags/tutorial_taskflow_api_virtualenv.py for tasks to queue
[2025-01-23T19:50:41.667+0000] {logging_mixin.py:120} INFO - [2025-01-23T19:50:41.667+0000] {dagbag.py:537} INFO - Filling up the DagBag from /home/airflow/.local/lib/python3.7/site-packages/airflow/example_dags/tutorial_taskflow_api_virtualenv.py
[2025-01-23T19:50:41.749+0000] {processor.py:766} INFO - DAG(s) dict_keys(['tutorial_taskflow_api_virtualenv']) retrieved from /home/airflow/.local/lib/python3.7/site-packages/airflow/example_dags/tutorial_taskflow_api_virtualenv.py
[2025-01-23T19:50:41.988+0000] {logging_mixin.py:120} INFO - [2025-01-23T19:50:41.987+0000] {dag.py:2585} INFO - Sync 1 DAGs
[2025-01-23T19:50:42.113+0000] {logging_mixin.py:120} INFO - [2025-01-23T19:50:42.113+0000] {dag.py:3340} INFO - Setting next_dagrun for tutorial_taskflow_api_virtualenv to None, run_after=None
[2025-01-23T19:50:42.209+0000] {processor.py:176} INFO - Processing /home/airflow/.local/lib/python3.7/site-packages/airflow/example_dags/tutorial_taskflow_api_virtualenv.py took 0.564 seconds
[2025-01-23T19:51:14.171+0000] {processor.py:154} INFO - Started process (PID=45373) to work on /home/airflow/.local/lib/python3.7/site-packages/airflow/example_dags/tutorial_taskflow_api_virtualenv.py
[2025-01-23T19:51:14.212+0000] {processor.py:756} INFO - Processing file /home/airflow/.local/lib/python3.7/site-packages/airflow/example_dags/tutorial_taskflow_api_virtualenv.py for tasks to queue
[2025-01-23T19:51:14.239+0000] {logging_mixin.py:120} INFO - [2025-01-23T19:51:14.239+0000] {dagbag.py:537} INFO - Filling up the DagBag from /home/airflow/.local/lib/python3.7/site-packages/airflow/example_dags/tutorial_taskflow_api_virtualenv.py
[2025-01-23T19:51:14.389+0000] {processor.py:766} INFO - DAG(s) dict_keys(['tutorial_taskflow_api_virtualenv']) retrieved from /home/airflow/.local/lib/python3.7/site-packages/airflow/example_dags/tutorial_taskflow_api_virtualenv.py
[2025-01-23T19:51:14.613+0000] {logging_mixin.py:120} INFO - [2025-01-23T19:51:14.612+0000] {dag.py:2585} INFO - Sync 1 DAGs
[2025-01-23T19:51:14.791+0000] {logging_mixin.py:120} INFO - [2025-01-23T19:51:14.790+0000] {dag.py:3340} INFO - Setting next_dagrun for tutorial_taskflow_api_virtualenv to None, run_after=None
[2025-01-23T19:51:15.307+0000] {processor.py:176} INFO - Processing /home/airflow/.local/lib/python3.7/site-packages/airflow/example_dags/tutorial_taskflow_api_virtualenv.py took 1.154 seconds
[2025-01-23T19:51:46.903+0000] {processor.py:154} INFO - Started process (PID=45427) to work on /home/airflow/.local/lib/python3.7/site-packages/airflow/example_dags/tutorial_taskflow_api_virtualenv.py
[2025-01-23T19:51:46.910+0000] {processor.py:756} INFO - Processing file /home/airflow/.local/lib/python3.7/site-packages/airflow/example_dags/tutorial_taskflow_api_virtualenv.py for tasks to queue
[2025-01-23T19:51:46.912+0000] {logging_mixin.py:120} INFO - [2025-01-23T19:51:46.912+0000] {dagbag.py:537} INFO - Filling up the DagBag from /home/airflow/.local/lib/python3.7/site-packages/airflow/example_dags/tutorial_taskflow_api_virtualenv.py
[2025-01-23T19:51:47.139+0000] {processor.py:766} INFO - DAG(s) dict_keys(['tutorial_taskflow_api_virtualenv']) retrieved from /home/airflow/.local/lib/python3.7/site-packages/airflow/example_dags/tutorial_taskflow_api_virtualenv.py
[2025-01-23T19:51:47.430+0000] {logging_mixin.py:120} INFO - [2025-01-23T19:51:47.429+0000] {dag.py:2585} INFO - Sync 1 DAGs
[2025-01-23T19:51:47.640+0000] {logging_mixin.py:120} INFO - [2025-01-23T19:51:47.639+0000] {dag.py:3340} INFO - Setting next_dagrun for tutorial_taskflow_api_virtualenv to None, run_after=None
[2025-01-23T19:51:47.769+0000] {processor.py:176} INFO - Processing /home/airflow/.local/lib/python3.7/site-packages/airflow/example_dags/tutorial_taskflow_api_virtualenv.py took 0.898 seconds
[2025-01-23T19:52:18.451+0000] {processor.py:154} INFO - Started process (PID=45472) to work on /home/airflow/.local/lib/python3.7/site-packages/airflow/example_dags/tutorial_taskflow_api_virtualenv.py
[2025-01-23T19:52:18.453+0000] {processor.py:756} INFO - Processing file /home/airflow/.local/lib/python3.7/site-packages/airflow/example_dags/tutorial_taskflow_api_virtualenv.py for tasks to queue
[2025-01-23T19:52:18.455+0000] {logging_mixin.py:120} INFO - [2025-01-23T19:52:18.454+0000] {dagbag.py:537} INFO - Filling up the DagBag from /home/airflow/.local/lib/python3.7/site-packages/airflow/example_dags/tutorial_taskflow_api_virtualenv.py
[2025-01-23T19:52:18.538+0000] {processor.py:766} INFO - DAG(s) dict_keys(['tutorial_taskflow_api_virtualenv']) retrieved from /home/airflow/.local/lib/python3.7/site-packages/airflow/example_dags/tutorial_taskflow_api_virtualenv.py
[2025-01-23T19:52:18.722+0000] {logging_mixin.py:120} INFO - [2025-01-23T19:52:18.721+0000] {dag.py:2585} INFO - Sync 1 DAGs
[2025-01-23T19:52:18.836+0000] {logging_mixin.py:120} INFO - [2025-01-23T19:52:18.835+0000] {dag.py:3340} INFO - Setting next_dagrun for tutorial_taskflow_api_virtualenv to None, run_after=None
[2025-01-23T19:52:18.929+0000] {processor.py:176} INFO - Processing /home/airflow/.local/lib/python3.7/site-packages/airflow/example_dags/tutorial_taskflow_api_virtualenv.py took 0.488 seconds
[2025-01-23T19:52:50.135+0000] {processor.py:154} INFO - Started process (PID=45526) to work on /home/airflow/.local/lib/python3.7/site-packages/airflow/example_dags/tutorial_taskflow_api_virtualenv.py
[2025-01-23T19:52:50.137+0000] {processor.py:756} INFO - Processing file /home/airflow/.local/lib/python3.7/site-packages/airflow/example_dags/tutorial_taskflow_api_virtualenv.py for tasks to queue
[2025-01-23T19:52:50.149+0000] {logging_mixin.py:120} INFO - [2025-01-23T19:52:50.141+0000] {dagbag.py:537} INFO - Filling up the DagBag from /home/airflow/.local/lib/python3.7/site-packages/airflow/example_dags/tutorial_taskflow_api_virtualenv.py
[2025-01-23T19:52:50.240+0000] {processor.py:766} INFO - DAG(s) dict_keys(['tutorial_taskflow_api_virtualenv']) retrieved from /home/airflow/.local/lib/python3.7/site-packages/airflow/example_dags/tutorial_taskflow_api_virtualenv.py
[2025-01-23T19:52:50.476+0000] {logging_mixin.py:120} INFO - [2025-01-23T19:52:50.476+0000] {dag.py:2585} INFO - Sync 1 DAGs
[2025-01-23T19:52:50.667+0000] {logging_mixin.py:120} INFO - [2025-01-23T19:52:50.667+0000] {dag.py:3340} INFO - Setting next_dagrun for tutorial_taskflow_api_virtualenv to None, run_after=None
[2025-01-23T19:52:50.799+0000] {processor.py:176} INFO - Processing /home/airflow/.local/lib/python3.7/site-packages/airflow/example_dags/tutorial_taskflow_api_virtualenv.py took 0.670 seconds
[2025-01-23T19:53:21.524+0000] {processor.py:154} INFO - Started process (PID=45589) to work on /home/airflow/.local/lib/python3.7/site-packages/airflow/example_dags/tutorial_taskflow_api_virtualenv.py
[2025-01-23T19:53:21.527+0000] {processor.py:756} INFO - Processing file /home/airflow/.local/lib/python3.7/site-packages/airflow/example_dags/tutorial_taskflow_api_virtualenv.py for tasks to queue
[2025-01-23T19:53:21.534+0000] {logging_mixin.py:120} INFO - [2025-01-23T19:53:21.534+0000] {dagbag.py:537} INFO - Filling up the DagBag from /home/airflow/.local/lib/python3.7/site-packages/airflow/example_dags/tutorial_taskflow_api_virtualenv.py
[2025-01-23T19:53:21.590+0000] {processor.py:766} INFO - DAG(s) dict_keys(['tutorial_taskflow_api_virtualenv']) retrieved from /home/airflow/.local/lib/python3.7/site-packages/airflow/example_dags/tutorial_taskflow_api_virtualenv.py
[2025-01-23T19:53:21.679+0000] {logging_mixin.py:120} INFO - [2025-01-23T19:53:21.678+0000] {dag.py:2585} INFO - Sync 1 DAGs
[2025-01-23T19:53:21.729+0000] {logging_mixin.py:120} INFO - [2025-01-23T19:53:21.729+0000] {dag.py:3340} INFO - Setting next_dagrun for tutorial_taskflow_api_virtualenv to None, run_after=None
[2025-01-23T19:53:21.767+0000] {processor.py:176} INFO - Processing /home/airflow/.local/lib/python3.7/site-packages/airflow/example_dags/tutorial_taskflow_api_virtualenv.py took 0.258 seconds
[2025-01-23T19:53:51.874+0000] {processor.py:154} INFO - Started process (PID=45643) to work on /home/airflow/.local/lib/python3.7/site-packages/airflow/example_dags/tutorial_taskflow_api_virtualenv.py
[2025-01-23T19:53:51.876+0000] {processor.py:756} INFO - Processing file /home/airflow/.local/lib/python3.7/site-packages/airflow/example_dags/tutorial_taskflow_api_virtualenv.py for tasks to queue
[2025-01-23T19:53:51.877+0000] {logging_mixin.py:120} INFO - [2025-01-23T19:53:51.877+0000] {dagbag.py:537} INFO - Filling up the DagBag from /home/airflow/.local/lib/python3.7/site-packages/airflow/example_dags/tutorial_taskflow_api_virtualenv.py
[2025-01-23T19:53:51.929+0000] {processor.py:766} INFO - DAG(s) dict_keys(['tutorial_taskflow_api_virtualenv']) retrieved from /home/airflow/.local/lib/python3.7/site-packages/airflow/example_dags/tutorial_taskflow_api_virtualenv.py
[2025-01-23T19:53:52.030+0000] {logging_mixin.py:120} INFO - [2025-01-23T19:53:52.030+0000] {dag.py:2585} INFO - Sync 1 DAGs
[2025-01-23T19:53:52.088+0000] {logging_mixin.py:120} INFO - [2025-01-23T19:53:52.087+0000] {dag.py:3340} INFO - Setting next_dagrun for tutorial_taskflow_api_virtualenv to None, run_after=None
[2025-01-23T19:53:52.130+0000] {processor.py:176} INFO - Processing /home/airflow/.local/lib/python3.7/site-packages/airflow/example_dags/tutorial_taskflow_api_virtualenv.py took 0.265 seconds
[2025-01-23T19:54:22.713+0000] {processor.py:154} INFO - Started process (PID=45697) to work on /home/airflow/.local/lib/python3.7/site-packages/airflow/example_dags/tutorial_taskflow_api_virtualenv.py
[2025-01-23T19:54:22.716+0000] {processor.py:756} INFO - Processing file /home/airflow/.local/lib/python3.7/site-packages/airflow/example_dags/tutorial_taskflow_api_virtualenv.py for tasks to queue
[2025-01-23T19:54:22.718+0000] {logging_mixin.py:120} INFO - [2025-01-23T19:54:22.718+0000] {dagbag.py:537} INFO - Filling up the DagBag from /home/airflow/.local/lib/python3.7/site-packages/airflow/example_dags/tutorial_taskflow_api_virtualenv.py
[2025-01-23T19:54:22.792+0000] {processor.py:766} INFO - DAG(s) dict_keys(['tutorial_taskflow_api_virtualenv']) retrieved from /home/airflow/.local/lib/python3.7/site-packages/airflow/example_dags/tutorial_taskflow_api_virtualenv.py
[2025-01-23T19:54:23.928+0000] {logging_mixin.py:120} INFO - [2025-01-23T19:54:23.918+0000] {dag.py:2585} INFO - Sync 1 DAGs
[2025-01-23T19:54:24.356+0000] {logging_mixin.py:120} INFO - [2025-01-23T19:54:24.356+0000] {dag.py:3340} INFO - Setting next_dagrun for tutorial_taskflow_api_virtualenv to None, run_after=None
[2025-01-23T19:54:24.565+0000] {processor.py:176} INFO - Processing /home/airflow/.local/lib/python3.7/site-packages/airflow/example_dags/tutorial_taskflow_api_virtualenv.py took 1.863 seconds
[2025-01-23T19:54:55.461+0000] {processor.py:154} INFO - Started process (PID=45759) to work on /home/airflow/.local/lib/python3.7/site-packages/airflow/example_dags/tutorial_taskflow_api_virtualenv.py
[2025-01-23T19:54:55.464+0000] {processor.py:756} INFO - Processing file /home/airflow/.local/lib/python3.7/site-packages/airflow/example_dags/tutorial_taskflow_api_virtualenv.py for tasks to queue
[2025-01-23T19:54:55.471+0000] {logging_mixin.py:120} INFO - [2025-01-23T19:54:55.470+0000] {dagbag.py:537} INFO - Filling up the DagBag from /home/airflow/.local/lib/python3.7/site-packages/airflow/example_dags/tutorial_taskflow_api_virtualenv.py
[2025-01-23T19:54:55.547+0000] {processor.py:766} INFO - DAG(s) dict_keys(['tutorial_taskflow_api_virtualenv']) retrieved from /home/airflow/.local/lib/python3.7/site-packages/airflow/example_dags/tutorial_taskflow_api_virtualenv.py
[2025-01-23T19:54:55.670+0000] {logging_mixin.py:120} INFO - [2025-01-23T19:54:55.669+0000] {dag.py:2585} INFO - Sync 1 DAGs
[2025-01-23T19:54:55.740+0000] {logging_mixin.py:120} INFO - [2025-01-23T19:54:55.740+0000] {dag.py:3340} INFO - Setting next_dagrun for tutorial_taskflow_api_virtualenv to None, run_after=None
[2025-01-23T19:54:55.799+0000] {processor.py:176} INFO - Processing /home/airflow/.local/lib/python3.7/site-packages/airflow/example_dags/tutorial_taskflow_api_virtualenv.py took 0.350 seconds
[2025-01-23T19:55:26.214+0000] {processor.py:154} INFO - Started process (PID=45814) to work on /home/airflow/.local/lib/python3.7/site-packages/airflow/example_dags/tutorial_taskflow_api_virtualenv.py
[2025-01-23T19:55:26.216+0000] {processor.py:756} INFO - Processing file /home/airflow/.local/lib/python3.7/site-packages/airflow/example_dags/tutorial_taskflow_api_virtualenv.py for tasks to queue
[2025-01-23T19:55:26.219+0000] {logging_mixin.py:120} INFO - [2025-01-23T19:55:26.218+0000] {dagbag.py:537} INFO - Filling up the DagBag from /home/airflow/.local/lib/python3.7/site-packages/airflow/example_dags/tutorial_taskflow_api_virtualenv.py
[2025-01-23T19:55:26.279+0000] {processor.py:766} INFO - DAG(s) dict_keys(['tutorial_taskflow_api_virtualenv']) retrieved from /home/airflow/.local/lib/python3.7/site-packages/airflow/example_dags/tutorial_taskflow_api_virtualenv.py
[2025-01-23T19:55:26.359+0000] {logging_mixin.py:120} INFO - [2025-01-23T19:55:26.359+0000] {dag.py:2585} INFO - Sync 1 DAGs
[2025-01-23T19:55:26.405+0000] {logging_mixin.py:120} INFO - [2025-01-23T19:55:26.405+0000] {dag.py:3340} INFO - Setting next_dagrun for tutorial_taskflow_api_virtualenv to None, run_after=None
[2025-01-23T19:55:26.447+0000] {processor.py:176} INFO - Processing /home/airflow/.local/lib/python3.7/site-packages/airflow/example_dags/tutorial_taskflow_api_virtualenv.py took 0.241 seconds
[2025-01-23T19:55:56.924+0000] {processor.py:154} INFO - Started process (PID=45875) to work on /home/airflow/.local/lib/python3.7/site-packages/airflow/example_dags/tutorial_taskflow_api_virtualenv.py
[2025-01-23T19:55:56.934+0000] {processor.py:756} INFO - Processing file /home/airflow/.local/lib/python3.7/site-packages/airflow/example_dags/tutorial_taskflow_api_virtualenv.py for tasks to queue
[2025-01-23T19:55:56.939+0000] {logging_mixin.py:120} INFO - [2025-01-23T19:55:56.938+0000] {dagbag.py:537} INFO - Filling up the DagBag from /home/airflow/.local/lib/python3.7/site-packages/airflow/example_dags/tutorial_taskflow_api_virtualenv.py
[2025-01-23T19:55:57.113+0000] {processor.py:766} INFO - DAG(s) dict_keys(['tutorial_taskflow_api_virtualenv']) retrieved from /home/airflow/.local/lib/python3.7/site-packages/airflow/example_dags/tutorial_taskflow_api_virtualenv.py
[2025-01-23T19:55:57.336+0000] {logging_mixin.py:120} INFO - [2025-01-23T19:55:57.335+0000] {dag.py:2585} INFO - Sync 1 DAGs
[2025-01-23T19:55:57.502+0000] {logging_mixin.py:120} INFO - [2025-01-23T19:55:57.501+0000] {dag.py:3340} INFO - Setting next_dagrun for tutorial_taskflow_api_virtualenv to None, run_after=None
[2025-01-23T19:55:57.605+0000] {processor.py:176} INFO - Processing /home/airflow/.local/lib/python3.7/site-packages/airflow/example_dags/tutorial_taskflow_api_virtualenv.py took 0.700 seconds
[2025-01-23T19:56:27.897+0000] {processor.py:154} INFO - Started process (PID=45922) to work on /home/airflow/.local/lib/python3.7/site-packages/airflow/example_dags/tutorial_taskflow_api_virtualenv.py
[2025-01-23T19:56:27.899+0000] {processor.py:756} INFO - Processing file /home/airflow/.local/lib/python3.7/site-packages/airflow/example_dags/tutorial_taskflow_api_virtualenv.py for tasks to queue
[2025-01-23T19:56:27.901+0000] {logging_mixin.py:120} INFO - [2025-01-23T19:56:27.901+0000] {dagbag.py:537} INFO - Filling up the DagBag from /home/airflow/.local/lib/python3.7/site-packages/airflow/example_dags/tutorial_taskflow_api_virtualenv.py
[2025-01-23T19:56:27.963+0000] {processor.py:766} INFO - DAG(s) dict_keys(['tutorial_taskflow_api_virtualenv']) retrieved from /home/airflow/.local/lib/python3.7/site-packages/airflow/example_dags/tutorial_taskflow_api_virtualenv.py
[2025-01-23T19:56:28.120+0000] {logging_mixin.py:120} INFO - [2025-01-23T19:56:28.120+0000] {dag.py:2585} INFO - Sync 1 DAGs
[2025-01-23T19:56:28.268+0000] {logging_mixin.py:120} INFO - [2025-01-23T19:56:28.267+0000] {dag.py:3340} INFO - Setting next_dagrun for tutorial_taskflow_api_virtualenv to None, run_after=None
[2025-01-23T19:56:28.377+0000] {processor.py:176} INFO - Processing /home/airflow/.local/lib/python3.7/site-packages/airflow/example_dags/tutorial_taskflow_api_virtualenv.py took 0.490 seconds
[2025-01-23T19:56:58.546+0000] {processor.py:154} INFO - Started process (PID=45985) to work on /home/airflow/.local/lib/python3.7/site-packages/airflow/example_dags/tutorial_taskflow_api_virtualenv.py
[2025-01-23T19:56:58.548+0000] {processor.py:756} INFO - Processing file /home/airflow/.local/lib/python3.7/site-packages/airflow/example_dags/tutorial_taskflow_api_virtualenv.py for tasks to queue
[2025-01-23T19:56:58.550+0000] {logging_mixin.py:120} INFO - [2025-01-23T19:56:58.550+0000] {dagbag.py:537} INFO - Filling up the DagBag from /home/airflow/.local/lib/python3.7/site-packages/airflow/example_dags/tutorial_taskflow_api_virtualenv.py
[2025-01-23T19:56:58.610+0000] {processor.py:766} INFO - DAG(s) dict_keys(['tutorial_taskflow_api_virtualenv']) retrieved from /home/airflow/.local/lib/python3.7/site-packages/airflow/example_dags/tutorial_taskflow_api_virtualenv.py
[2025-01-23T19:56:58.716+0000] {logging_mixin.py:120} INFO - [2025-01-23T19:56:58.716+0000] {dag.py:2585} INFO - Sync 1 DAGs
[2025-01-23T19:56:58.783+0000] {logging_mixin.py:120} INFO - [2025-01-23T19:56:58.783+0000] {dag.py:3340} INFO - Setting next_dagrun for tutorial_taskflow_api_virtualenv to None, run_after=None
[2025-01-23T19:56:58.846+0000] {processor.py:176} INFO - Processing /home/airflow/.local/lib/python3.7/site-packages/airflow/example_dags/tutorial_taskflow_api_virtualenv.py took 0.307 seconds
[2025-01-23T19:57:29.444+0000] {processor.py:154} INFO - Started process (PID=46039) to work on /home/airflow/.local/lib/python3.7/site-packages/airflow/example_dags/tutorial_taskflow_api_virtualenv.py
[2025-01-23T19:57:29.446+0000] {processor.py:756} INFO - Processing file /home/airflow/.local/lib/python3.7/site-packages/airflow/example_dags/tutorial_taskflow_api_virtualenv.py for tasks to queue
[2025-01-23T19:57:29.447+0000] {logging_mixin.py:120} INFO - [2025-01-23T19:57:29.447+0000] {dagbag.py:537} INFO - Filling up the DagBag from /home/airflow/.local/lib/python3.7/site-packages/airflow/example_dags/tutorial_taskflow_api_virtualenv.py
[2025-01-23T19:57:29.496+0000] {processor.py:766} INFO - DAG(s) dict_keys(['tutorial_taskflow_api_virtualenv']) retrieved from /home/airflow/.local/lib/python3.7/site-packages/airflow/example_dags/tutorial_taskflow_api_virtualenv.py
[2025-01-23T19:57:29.596+0000] {logging_mixin.py:120} INFO - [2025-01-23T19:57:29.596+0000] {dag.py:2585} INFO - Sync 1 DAGs
[2025-01-23T19:57:29.650+0000] {logging_mixin.py:120} INFO - [2025-01-23T19:57:29.650+0000] {dag.py:3340} INFO - Setting next_dagrun for tutorial_taskflow_api_virtualenv to None, run_after=None
[2025-01-23T19:57:29.706+0000] {processor.py:176} INFO - Processing /home/airflow/.local/lib/python3.7/site-packages/airflow/example_dags/tutorial_taskflow_api_virtualenv.py took 0.270 seconds
[2025-01-23T19:58:00.122+0000] {processor.py:154} INFO - Started process (PID=46093) to work on /home/airflow/.local/lib/python3.7/site-packages/airflow/example_dags/tutorial_taskflow_api_virtualenv.py
[2025-01-23T19:58:00.124+0000] {processor.py:756} INFO - Processing file /home/airflow/.local/lib/python3.7/site-packages/airflow/example_dags/tutorial_taskflow_api_virtualenv.py for tasks to queue
[2025-01-23T19:58:00.126+0000] {logging_mixin.py:120} INFO - [2025-01-23T19:58:00.125+0000] {dagbag.py:537} INFO - Filling up the DagBag from /home/airflow/.local/lib/python3.7/site-packages/airflow/example_dags/tutorial_taskflow_api_virtualenv.py
[2025-01-23T19:58:00.176+0000] {processor.py:766} INFO - DAG(s) dict_keys(['tutorial_taskflow_api_virtualenv']) retrieved from /home/airflow/.local/lib/python3.7/site-packages/airflow/example_dags/tutorial_taskflow_api_virtualenv.py
[2025-01-23T19:58:00.260+0000] {logging_mixin.py:120} INFO - [2025-01-23T19:58:00.260+0000] {dag.py:2585} INFO - Sync 1 DAGs
[2025-01-23T19:58:00.315+0000] {logging_mixin.py:120} INFO - [2025-01-23T19:58:00.315+0000] {dag.py:3340} INFO - Setting next_dagrun for tutorial_taskflow_api_virtualenv to None, run_after=None
[2025-01-23T19:58:00.359+0000] {processor.py:176} INFO - Processing /home/airflow/.local/lib/python3.7/site-packages/airflow/example_dags/tutorial_taskflow_api_virtualenv.py took 0.247 seconds
[2025-01-23T19:58:30.866+0000] {processor.py:154} INFO - Started process (PID=46156) to work on /home/airflow/.local/lib/python3.7/site-packages/airflow/example_dags/tutorial_taskflow_api_virtualenv.py
[2025-01-23T19:58:30.868+0000] {processor.py:756} INFO - Processing file /home/airflow/.local/lib/python3.7/site-packages/airflow/example_dags/tutorial_taskflow_api_virtualenv.py for tasks to queue
[2025-01-23T19:58:30.870+0000] {logging_mixin.py:120} INFO - [2025-01-23T19:58:30.869+0000] {dagbag.py:537} INFO - Filling up the DagBag from /home/airflow/.local/lib/python3.7/site-packages/airflow/example_dags/tutorial_taskflow_api_virtualenv.py
[2025-01-23T19:58:30.956+0000] {processor.py:766} INFO - DAG(s) dict_keys(['tutorial_taskflow_api_virtualenv']) retrieved from /home/airflow/.local/lib/python3.7/site-packages/airflow/example_dags/tutorial_taskflow_api_virtualenv.py
[2025-01-23T19:58:31.061+0000] {logging_mixin.py:120} INFO - [2025-01-23T19:58:31.061+0000] {dag.py:2585} INFO - Sync 1 DAGs
[2025-01-23T19:58:31.125+0000] {logging_mixin.py:120} INFO - [2025-01-23T19:58:31.125+0000] {dag.py:3340} INFO - Setting next_dagrun for tutorial_taskflow_api_virtualenv to None, run_after=None
[2025-01-23T19:58:31.197+0000] {processor.py:176} INFO - Processing /home/airflow/.local/lib/python3.7/site-packages/airflow/example_dags/tutorial_taskflow_api_virtualenv.py took 0.347 seconds
[2025-01-23T19:59:01.392+0000] {processor.py:154} INFO - Started process (PID=46210) to work on /home/airflow/.local/lib/python3.7/site-packages/airflow/example_dags/tutorial_taskflow_api_virtualenv.py
[2025-01-23T19:59:01.396+0000] {processor.py:756} INFO - Processing file /home/airflow/.local/lib/python3.7/site-packages/airflow/example_dags/tutorial_taskflow_api_virtualenv.py for tasks to queue
[2025-01-23T19:59:01.402+0000] {logging_mixin.py:120} INFO - [2025-01-23T19:59:01.400+0000] {dagbag.py:537} INFO - Filling up the DagBag from /home/airflow/.local/lib/python3.7/site-packages/airflow/example_dags/tutorial_taskflow_api_virtualenv.py
[2025-01-23T19:59:01.472+0000] {processor.py:766} INFO - DAG(s) dict_keys(['tutorial_taskflow_api_virtualenv']) retrieved from /home/airflow/.local/lib/python3.7/site-packages/airflow/example_dags/tutorial_taskflow_api_virtualenv.py
[2025-01-23T19:59:01.569+0000] {logging_mixin.py:120} INFO - [2025-01-23T19:59:01.568+0000] {dag.py:2585} INFO - Sync 1 DAGs
[2025-01-23T19:59:01.616+0000] {logging_mixin.py:120} INFO - [2025-01-23T19:59:01.616+0000] {dag.py:3340} INFO - Setting next_dagrun for tutorial_taskflow_api_virtualenv to None, run_after=None
[2025-01-23T19:59:01.650+0000] {processor.py:176} INFO - Processing /home/airflow/.local/lib/python3.7/site-packages/airflow/example_dags/tutorial_taskflow_api_virtualenv.py took 0.282 seconds
[2025-01-23T19:59:32.007+0000] {processor.py:154} INFO - Started process (PID=46264) to work on /home/airflow/.local/lib/python3.7/site-packages/airflow/example_dags/tutorial_taskflow_api_virtualenv.py
[2025-01-23T19:59:32.010+0000] {processor.py:756} INFO - Processing file /home/airflow/.local/lib/python3.7/site-packages/airflow/example_dags/tutorial_taskflow_api_virtualenv.py for tasks to queue
[2025-01-23T19:59:32.015+0000] {logging_mixin.py:120} INFO - [2025-01-23T19:59:32.014+0000] {dagbag.py:537} INFO - Filling up the DagBag from /home/airflow/.local/lib/python3.7/site-packages/airflow/example_dags/tutorial_taskflow_api_virtualenv.py
[2025-01-23T19:59:32.116+0000] {processor.py:766} INFO - DAG(s) dict_keys(['tutorial_taskflow_api_virtualenv']) retrieved from /home/airflow/.local/lib/python3.7/site-packages/airflow/example_dags/tutorial_taskflow_api_virtualenv.py
[2025-01-23T19:59:32.197+0000] {logging_mixin.py:120} INFO - [2025-01-23T19:59:32.196+0000] {dag.py:2585} INFO - Sync 1 DAGs
[2025-01-23T19:59:32.237+0000] {logging_mixin.py:120} INFO - [2025-01-23T19:59:32.237+0000] {dag.py:3340} INFO - Setting next_dagrun for tutorial_taskflow_api_virtualenv to None, run_after=None
[2025-01-23T19:59:32.275+0000] {processor.py:176} INFO - Processing /home/airflow/.local/lib/python3.7/site-packages/airflow/example_dags/tutorial_taskflow_api_virtualenv.py took 0.282 seconds
[2025-01-23T20:00:02.915+0000] {processor.py:154} INFO - Started process (PID=46329) to work on /home/airflow/.local/lib/python3.7/site-packages/airflow/example_dags/tutorial_taskflow_api_virtualenv.py
[2025-01-23T20:00:02.918+0000] {processor.py:756} INFO - Processing file /home/airflow/.local/lib/python3.7/site-packages/airflow/example_dags/tutorial_taskflow_api_virtualenv.py for tasks to queue
[2025-01-23T20:00:02.920+0000] {logging_mixin.py:120} INFO - [2025-01-23T20:00:02.919+0000] {dagbag.py:537} INFO - Filling up the DagBag from /home/airflow/.local/lib/python3.7/site-packages/airflow/example_dags/tutorial_taskflow_api_virtualenv.py
[2025-01-23T20:00:02.969+0000] {processor.py:766} INFO - DAG(s) dict_keys(['tutorial_taskflow_api_virtualenv']) retrieved from /home/airflow/.local/lib/python3.7/site-packages/airflow/example_dags/tutorial_taskflow_api_virtualenv.py
[2025-01-23T20:00:03.069+0000] {logging_mixin.py:120} INFO - [2025-01-23T20:00:03.068+0000] {dag.py:2585} INFO - Sync 1 DAGs
[2025-01-23T20:00:03.145+0000] {logging_mixin.py:120} INFO - [2025-01-23T20:00:03.145+0000] {dag.py:3340} INFO - Setting next_dagrun for tutorial_taskflow_api_virtualenv to None, run_after=None
[2025-01-23T20:00:03.193+0000] {processor.py:176} INFO - Processing /home/airflow/.local/lib/python3.7/site-packages/airflow/example_dags/tutorial_taskflow_api_virtualenv.py took 0.284 seconds
[2025-01-23T20:00:33.324+0000] {processor.py:154} INFO - Started process (PID=46383) to work on /home/airflow/.local/lib/python3.7/site-packages/airflow/example_dags/tutorial_taskflow_api_virtualenv.py
[2025-01-23T20:00:33.327+0000] {processor.py:756} INFO - Processing file /home/airflow/.local/lib/python3.7/site-packages/airflow/example_dags/tutorial_taskflow_api_virtualenv.py for tasks to queue
[2025-01-23T20:00:33.329+0000] {logging_mixin.py:120} INFO - [2025-01-23T20:00:33.329+0000] {dagbag.py:537} INFO - Filling up the DagBag from /home/airflow/.local/lib/python3.7/site-packages/airflow/example_dags/tutorial_taskflow_api_virtualenv.py
[2025-01-23T20:00:33.391+0000] {processor.py:766} INFO - DAG(s) dict_keys(['tutorial_taskflow_api_virtualenv']) retrieved from /home/airflow/.local/lib/python3.7/site-packages/airflow/example_dags/tutorial_taskflow_api_virtualenv.py
[2025-01-23T20:00:33.506+0000] {logging_mixin.py:120} INFO - [2025-01-23T20:00:33.505+0000] {dag.py:2585} INFO - Sync 1 DAGs
[2025-01-23T20:00:33.567+0000] {logging_mixin.py:120} INFO - [2025-01-23T20:00:33.567+0000] {dag.py:3340} INFO - Setting next_dagrun for tutorial_taskflow_api_virtualenv to None, run_after=None
[2025-01-23T20:00:33.615+0000] {processor.py:176} INFO - Processing /home/airflow/.local/lib/python3.7/site-packages/airflow/example_dags/tutorial_taskflow_api_virtualenv.py took 0.301 seconds
[2025-01-23T20:01:04.022+0000] {processor.py:154} INFO - Started process (PID=46438) to work on /home/airflow/.local/lib/python3.7/site-packages/airflow/example_dags/tutorial_taskflow_api_virtualenv.py
[2025-01-23T20:01:04.027+0000] {processor.py:756} INFO - Processing file /home/airflow/.local/lib/python3.7/site-packages/airflow/example_dags/tutorial_taskflow_api_virtualenv.py for tasks to queue
[2025-01-23T20:01:04.031+0000] {logging_mixin.py:120} INFO - [2025-01-23T20:01:04.030+0000] {dagbag.py:537} INFO - Filling up the DagBag from /home/airflow/.local/lib/python3.7/site-packages/airflow/example_dags/tutorial_taskflow_api_virtualenv.py
[2025-01-23T20:01:04.156+0000] {processor.py:766} INFO - DAG(s) dict_keys(['tutorial_taskflow_api_virtualenv']) retrieved from /home/airflow/.local/lib/python3.7/site-packages/airflow/example_dags/tutorial_taskflow_api_virtualenv.py
[2025-01-23T20:01:04.238+0000] {logging_mixin.py:120} INFO - [2025-01-23T20:01:04.238+0000] {dag.py:2585} INFO - Sync 1 DAGs
[2025-01-23T20:01:04.286+0000] {logging_mixin.py:120} INFO - [2025-01-23T20:01:04.285+0000] {dag.py:3340} INFO - Setting next_dagrun for tutorial_taskflow_api_virtualenv to None, run_after=None
[2025-01-23T20:01:04.321+0000] {processor.py:176} INFO - Processing /home/airflow/.local/lib/python3.7/site-packages/airflow/example_dags/tutorial_taskflow_api_virtualenv.py took 0.323 seconds
[2025-01-23T20:01:34.501+0000] {processor.py:154} INFO - Started process (PID=46501) to work on /home/airflow/.local/lib/python3.7/site-packages/airflow/example_dags/tutorial_taskflow_api_virtualenv.py
[2025-01-23T20:01:34.505+0000] {processor.py:756} INFO - Processing file /home/airflow/.local/lib/python3.7/site-packages/airflow/example_dags/tutorial_taskflow_api_virtualenv.py for tasks to queue
[2025-01-23T20:01:34.509+0000] {logging_mixin.py:120} INFO - [2025-01-23T20:01:34.509+0000] {dagbag.py:537} INFO - Filling up the DagBag from /home/airflow/.local/lib/python3.7/site-packages/airflow/example_dags/tutorial_taskflow_api_virtualenv.py
[2025-01-23T20:01:34.619+0000] {processor.py:766} INFO - DAG(s) dict_keys(['tutorial_taskflow_api_virtualenv']) retrieved from /home/airflow/.local/lib/python3.7/site-packages/airflow/example_dags/tutorial_taskflow_api_virtualenv.py
[2025-01-23T20:01:34.690+0000] {logging_mixin.py:120} INFO - [2025-01-23T20:01:34.690+0000] {dag.py:2585} INFO - Sync 1 DAGs
[2025-01-23T20:01:34.730+0000] {logging_mixin.py:120} INFO - [2025-01-23T20:01:34.730+0000] {dag.py:3340} INFO - Setting next_dagrun for tutorial_taskflow_api_virtualenv to None, run_after=None
[2025-01-23T20:01:34.766+0000] {processor.py:176} INFO - Processing /home/airflow/.local/lib/python3.7/site-packages/airflow/example_dags/tutorial_taskflow_api_virtualenv.py took 0.281 seconds
[2025-01-23T20:02:05.093+0000] {processor.py:154} INFO - Started process (PID=46555) to work on /home/airflow/.local/lib/python3.7/site-packages/airflow/example_dags/tutorial_taskflow_api_virtualenv.py
[2025-01-23T20:02:05.095+0000] {processor.py:756} INFO - Processing file /home/airflow/.local/lib/python3.7/site-packages/airflow/example_dags/tutorial_taskflow_api_virtualenv.py for tasks to queue
[2025-01-23T20:02:05.097+0000] {logging_mixin.py:120} INFO - [2025-01-23T20:02:05.097+0000] {dagbag.py:537} INFO - Filling up the DagBag from /home/airflow/.local/lib/python3.7/site-packages/airflow/example_dags/tutorial_taskflow_api_virtualenv.py
[2025-01-23T20:02:05.143+0000] {processor.py:766} INFO - DAG(s) dict_keys(['tutorial_taskflow_api_virtualenv']) retrieved from /home/airflow/.local/lib/python3.7/site-packages/airflow/example_dags/tutorial_taskflow_api_virtualenv.py
[2025-01-23T20:02:05.222+0000] {logging_mixin.py:120} INFO - [2025-01-23T20:02:05.221+0000] {dag.py:2585} INFO - Sync 1 DAGs
[2025-01-23T20:02:05.275+0000] {logging_mixin.py:120} INFO - [2025-01-23T20:02:05.274+0000] {dag.py:3340} INFO - Setting next_dagrun for tutorial_taskflow_api_virtualenv to None, run_after=None
[2025-01-23T20:02:05.313+0000] {processor.py:176} INFO - Processing /home/airflow/.local/lib/python3.7/site-packages/airflow/example_dags/tutorial_taskflow_api_virtualenv.py took 0.228 seconds
[2025-01-23T20:02:35.583+0000] {processor.py:154} INFO - Started process (PID=46616) to work on /home/airflow/.local/lib/python3.7/site-packages/airflow/example_dags/tutorial_taskflow_api_virtualenv.py
[2025-01-23T20:02:35.591+0000] {processor.py:756} INFO - Processing file /home/airflow/.local/lib/python3.7/site-packages/airflow/example_dags/tutorial_taskflow_api_virtualenv.py for tasks to queue
[2025-01-23T20:02:35.598+0000] {logging_mixin.py:120} INFO - [2025-01-23T20:02:35.598+0000] {dagbag.py:537} INFO - Filling up the DagBag from /home/airflow/.local/lib/python3.7/site-packages/airflow/example_dags/tutorial_taskflow_api_virtualenv.py
[2025-01-23T20:02:35.699+0000] {processor.py:766} INFO - DAG(s) dict_keys(['tutorial_taskflow_api_virtualenv']) retrieved from /home/airflow/.local/lib/python3.7/site-packages/airflow/example_dags/tutorial_taskflow_api_virtualenv.py
[2025-01-23T20:02:35.824+0000] {logging_mixin.py:120} INFO - [2025-01-23T20:02:35.823+0000] {dag.py:2585} INFO - Sync 1 DAGs
[2025-01-23T20:02:35.898+0000] {logging_mixin.py:120} INFO - [2025-01-23T20:02:35.898+0000] {dag.py:3340} INFO - Setting next_dagrun for tutorial_taskflow_api_virtualenv to None, run_after=None
[2025-01-23T20:02:35.957+0000] {processor.py:176} INFO - Processing /home/airflow/.local/lib/python3.7/site-packages/airflow/example_dags/tutorial_taskflow_api_virtualenv.py took 0.384 seconds
[2025-01-23T20:03:06.555+0000] {processor.py:154} INFO - Started process (PID=46672) to work on /home/airflow/.local/lib/python3.7/site-packages/airflow/example_dags/tutorial_taskflow_api_virtualenv.py
[2025-01-23T20:03:06.559+0000] {processor.py:756} INFO - Processing file /home/airflow/.local/lib/python3.7/site-packages/airflow/example_dags/tutorial_taskflow_api_virtualenv.py for tasks to queue
[2025-01-23T20:03:06.563+0000] {logging_mixin.py:120} INFO - [2025-01-23T20:03:06.562+0000] {dagbag.py:537} INFO - Filling up the DagBag from /home/airflow/.local/lib/python3.7/site-packages/airflow/example_dags/tutorial_taskflow_api_virtualenv.py
[2025-01-23T20:03:06.685+0000] {processor.py:766} INFO - DAG(s) dict_keys(['tutorial_taskflow_api_virtualenv']) retrieved from /home/airflow/.local/lib/python3.7/site-packages/airflow/example_dags/tutorial_taskflow_api_virtualenv.py
[2025-01-23T20:03:06.849+0000] {logging_mixin.py:120} INFO - [2025-01-23T20:03:06.848+0000] {dag.py:2585} INFO - Sync 1 DAGs
[2025-01-23T20:03:06.915+0000] {logging_mixin.py:120} INFO - [2025-01-23T20:03:06.915+0000] {dag.py:3340} INFO - Setting next_dagrun for tutorial_taskflow_api_virtualenv to None, run_after=None
[2025-01-23T20:03:06.967+0000] {processor.py:176} INFO - Processing /home/airflow/.local/lib/python3.7/site-packages/airflow/example_dags/tutorial_taskflow_api_virtualenv.py took 0.428 seconds
[2025-01-23T20:03:37.207+0000] {processor.py:154} INFO - Started process (PID=46726) to work on /home/airflow/.local/lib/python3.7/site-packages/airflow/example_dags/tutorial_taskflow_api_virtualenv.py
[2025-01-23T20:03:37.211+0000] {processor.py:756} INFO - Processing file /home/airflow/.local/lib/python3.7/site-packages/airflow/example_dags/tutorial_taskflow_api_virtualenv.py for tasks to queue
[2025-01-23T20:03:37.216+0000] {logging_mixin.py:120} INFO - [2025-01-23T20:03:37.216+0000] {dagbag.py:537} INFO - Filling up the DagBag from /home/airflow/.local/lib/python3.7/site-packages/airflow/example_dags/tutorial_taskflow_api_virtualenv.py
[2025-01-23T20:03:37.278+0000] {processor.py:766} INFO - DAG(s) dict_keys(['tutorial_taskflow_api_virtualenv']) retrieved from /home/airflow/.local/lib/python3.7/site-packages/airflow/example_dags/tutorial_taskflow_api_virtualenv.py
[2025-01-23T20:03:37.373+0000] {logging_mixin.py:120} INFO - [2025-01-23T20:03:37.373+0000] {dag.py:2585} INFO - Sync 1 DAGs
[2025-01-23T20:03:37.425+0000] {logging_mixin.py:120} INFO - [2025-01-23T20:03:37.425+0000] {dag.py:3340} INFO - Setting next_dagrun for tutorial_taskflow_api_virtualenv to None, run_after=None
[2025-01-23T20:03:37.459+0000] {processor.py:176} INFO - Processing /home/airflow/.local/lib/python3.7/site-packages/airflow/example_dags/tutorial_taskflow_api_virtualenv.py took 0.274 seconds
[2025-01-23T20:04:07.659+0000] {processor.py:154} INFO - Started process (PID=46789) to work on /home/airflow/.local/lib/python3.7/site-packages/airflow/example_dags/tutorial_taskflow_api_virtualenv.py
[2025-01-23T20:04:07.663+0000] {processor.py:756} INFO - Processing file /home/airflow/.local/lib/python3.7/site-packages/airflow/example_dags/tutorial_taskflow_api_virtualenv.py for tasks to queue
[2025-01-23T20:04:07.668+0000] {logging_mixin.py:120} INFO - [2025-01-23T20:04:07.667+0000] {dagbag.py:537} INFO - Filling up the DagBag from /home/airflow/.local/lib/python3.7/site-packages/airflow/example_dags/tutorial_taskflow_api_virtualenv.py
[2025-01-23T20:04:07.784+0000] {processor.py:766} INFO - DAG(s) dict_keys(['tutorial_taskflow_api_virtualenv']) retrieved from /home/airflow/.local/lib/python3.7/site-packages/airflow/example_dags/tutorial_taskflow_api_virtualenv.py
[2025-01-23T20:04:08.001+0000] {logging_mixin.py:120} INFO - [2025-01-23T20:04:08.000+0000] {dag.py:2585} INFO - Sync 1 DAGs
[2025-01-23T20:04:08.126+0000] {logging_mixin.py:120} INFO - [2025-01-23T20:04:08.126+0000] {dag.py:3340} INFO - Setting next_dagrun for tutorial_taskflow_api_virtualenv to None, run_after=None
[2025-01-23T20:04:08.229+0000] {processor.py:176} INFO - Processing /home/airflow/.local/lib/python3.7/site-packages/airflow/example_dags/tutorial_taskflow_api_virtualenv.py took 0.589 seconds
[2025-01-23T20:04:38.787+0000] {processor.py:154} INFO - Started process (PID=46843) to work on /home/airflow/.local/lib/python3.7/site-packages/airflow/example_dags/tutorial_taskflow_api_virtualenv.py
[2025-01-23T20:04:38.788+0000] {processor.py:756} INFO - Processing file /home/airflow/.local/lib/python3.7/site-packages/airflow/example_dags/tutorial_taskflow_api_virtualenv.py for tasks to queue
[2025-01-23T20:04:38.790+0000] {logging_mixin.py:120} INFO - [2025-01-23T20:04:38.789+0000] {dagbag.py:537} INFO - Filling up the DagBag from /home/airflow/.local/lib/python3.7/site-packages/airflow/example_dags/tutorial_taskflow_api_virtualenv.py
[2025-01-23T20:04:38.839+0000] {processor.py:766} INFO - DAG(s) dict_keys(['tutorial_taskflow_api_virtualenv']) retrieved from /home/airflow/.local/lib/python3.7/site-packages/airflow/example_dags/tutorial_taskflow_api_virtualenv.py
[2025-01-23T20:04:38.910+0000] {logging_mixin.py:120} INFO - [2025-01-23T20:04:38.909+0000] {dag.py:2585} INFO - Sync 1 DAGs
[2025-01-23T20:04:38.965+0000] {logging_mixin.py:120} INFO - [2025-01-23T20:04:38.965+0000] {dag.py:3340} INFO - Setting next_dagrun for tutorial_taskflow_api_virtualenv to None, run_after=None
[2025-01-23T20:04:39.001+0000] {processor.py:176} INFO - Processing /home/airflow/.local/lib/python3.7/site-packages/airflow/example_dags/tutorial_taskflow_api_virtualenv.py took 0.220 seconds
[2025-01-23T20:05:09.708+0000] {processor.py:154} INFO - Started process (PID=46906) to work on /home/airflow/.local/lib/python3.7/site-packages/airflow/example_dags/tutorial_taskflow_api_virtualenv.py
[2025-01-23T20:05:09.712+0000] {processor.py:756} INFO - Processing file /home/airflow/.local/lib/python3.7/site-packages/airflow/example_dags/tutorial_taskflow_api_virtualenv.py for tasks to queue
[2025-01-23T20:05:09.717+0000] {logging_mixin.py:120} INFO - [2025-01-23T20:05:09.716+0000] {dagbag.py:537} INFO - Filling up the DagBag from /home/airflow/.local/lib/python3.7/site-packages/airflow/example_dags/tutorial_taskflow_api_virtualenv.py
[2025-01-23T20:05:09.845+0000] {processor.py:766} INFO - DAG(s) dict_keys(['tutorial_taskflow_api_virtualenv']) retrieved from /home/airflow/.local/lib/python3.7/site-packages/airflow/example_dags/tutorial_taskflow_api_virtualenv.py
[2025-01-23T20:05:09.927+0000] {logging_mixin.py:120} INFO - [2025-01-23T20:05:09.926+0000] {dag.py:2585} INFO - Sync 1 DAGs
[2025-01-23T20:05:09.972+0000] {logging_mixin.py:120} INFO - [2025-01-23T20:05:09.972+0000] {dag.py:3340} INFO - Setting next_dagrun for tutorial_taskflow_api_virtualenv to None, run_after=None
[2025-01-23T20:05:10.004+0000] {processor.py:176} INFO - Processing /home/airflow/.local/lib/python3.7/site-packages/airflow/example_dags/tutorial_taskflow_api_virtualenv.py took 0.310 seconds
[2025-01-23T20:05:40.587+0000] {processor.py:154} INFO - Started process (PID=46960) to work on /home/airflow/.local/lib/python3.7/site-packages/airflow/example_dags/tutorial_taskflow_api_virtualenv.py
[2025-01-23T20:05:40.590+0000] {processor.py:756} INFO - Processing file /home/airflow/.local/lib/python3.7/site-packages/airflow/example_dags/tutorial_taskflow_api_virtualenv.py for tasks to queue
[2025-01-23T20:05:40.593+0000] {logging_mixin.py:120} INFO - [2025-01-23T20:05:40.592+0000] {dagbag.py:537} INFO - Filling up the DagBag from /home/airflow/.local/lib/python3.7/site-packages/airflow/example_dags/tutorial_taskflow_api_virtualenv.py
[2025-01-23T20:05:40.664+0000] {processor.py:766} INFO - DAG(s) dict_keys(['tutorial_taskflow_api_virtualenv']) retrieved from /home/airflow/.local/lib/python3.7/site-packages/airflow/example_dags/tutorial_taskflow_api_virtualenv.py
[2025-01-23T20:05:40.795+0000] {logging_mixin.py:120} INFO - [2025-01-23T20:05:40.795+0000] {dag.py:2585} INFO - Sync 1 DAGs
[2025-01-23T20:05:40.871+0000] {logging_mixin.py:120} INFO - [2025-01-23T20:05:40.870+0000] {dag.py:3340} INFO - Setting next_dagrun for tutorial_taskflow_api_virtualenv to None, run_after=None
[2025-01-23T20:05:40.906+0000] {processor.py:176} INFO - Processing /home/airflow/.local/lib/python3.7/site-packages/airflow/example_dags/tutorial_taskflow_api_virtualenv.py took 0.330 seconds
[2025-01-23T20:06:11.129+0000] {processor.py:154} INFO - Started process (PID=47022) to work on /home/airflow/.local/lib/python3.7/site-packages/airflow/example_dags/tutorial_taskflow_api_virtualenv.py
[2025-01-23T20:06:11.130+0000] {processor.py:756} INFO - Processing file /home/airflow/.local/lib/python3.7/site-packages/airflow/example_dags/tutorial_taskflow_api_virtualenv.py for tasks to queue
[2025-01-23T20:06:11.132+0000] {logging_mixin.py:120} INFO - [2025-01-23T20:06:11.132+0000] {dagbag.py:537} INFO - Filling up the DagBag from /home/airflow/.local/lib/python3.7/site-packages/airflow/example_dags/tutorial_taskflow_api_virtualenv.py
[2025-01-23T20:06:11.170+0000] {processor.py:766} INFO - DAG(s) dict_keys(['tutorial_taskflow_api_virtualenv']) retrieved from /home/airflow/.local/lib/python3.7/site-packages/airflow/example_dags/tutorial_taskflow_api_virtualenv.py
[2025-01-23T20:06:11.249+0000] {logging_mixin.py:120} INFO - [2025-01-23T20:06:11.249+0000] {dag.py:2585} INFO - Sync 1 DAGs
[2025-01-23T20:06:11.300+0000] {logging_mixin.py:120} INFO - [2025-01-23T20:06:11.299+0000] {dag.py:3340} INFO - Setting next_dagrun for tutorial_taskflow_api_virtualenv to None, run_after=None
[2025-01-23T20:06:11.368+0000] {processor.py:176} INFO - Processing /home/airflow/.local/lib/python3.7/site-packages/airflow/example_dags/tutorial_taskflow_api_virtualenv.py took 0.246 seconds
[2025-01-23T20:06:42.272+0000] {processor.py:154} INFO - Started process (PID=47077) to work on /home/airflow/.local/lib/python3.7/site-packages/airflow/example_dags/tutorial_taskflow_api_virtualenv.py
[2025-01-23T20:06:42.276+0000] {processor.py:756} INFO - Processing file /home/airflow/.local/lib/python3.7/site-packages/airflow/example_dags/tutorial_taskflow_api_virtualenv.py for tasks to queue
[2025-01-23T20:06:42.280+0000] {logging_mixin.py:120} INFO - [2025-01-23T20:06:42.279+0000] {dagbag.py:537} INFO - Filling up the DagBag from /home/airflow/.local/lib/python3.7/site-packages/airflow/example_dags/tutorial_taskflow_api_virtualenv.py
[2025-01-23T20:06:42.392+0000] {processor.py:766} INFO - DAG(s) dict_keys(['tutorial_taskflow_api_virtualenv']) retrieved from /home/airflow/.local/lib/python3.7/site-packages/airflow/example_dags/tutorial_taskflow_api_virtualenv.py
[2025-01-23T20:06:42.462+0000] {logging_mixin.py:120} INFO - [2025-01-23T20:06:42.461+0000] {dag.py:2585} INFO - Sync 1 DAGs
[2025-01-23T20:06:42.508+0000] {logging_mixin.py:120} INFO - [2025-01-23T20:06:42.508+0000] {dag.py:3340} INFO - Setting next_dagrun for tutorial_taskflow_api_virtualenv to None, run_after=None
[2025-01-23T20:06:42.536+0000] {processor.py:176} INFO - Processing /home/airflow/.local/lib/python3.7/site-packages/airflow/example_dags/tutorial_taskflow_api_virtualenv.py took 0.277 seconds
[2025-01-23T20:07:12.603+0000] {processor.py:154} INFO - Started process (PID=47139) to work on /home/airflow/.local/lib/python3.7/site-packages/airflow/example_dags/tutorial_taskflow_api_virtualenv.py
[2025-01-23T20:07:12.605+0000] {processor.py:756} INFO - Processing file /home/airflow/.local/lib/python3.7/site-packages/airflow/example_dags/tutorial_taskflow_api_virtualenv.py for tasks to queue
[2025-01-23T20:07:12.606+0000] {logging_mixin.py:120} INFO - [2025-01-23T20:07:12.606+0000] {dagbag.py:537} INFO - Filling up the DagBag from /home/airflow/.local/lib/python3.7/site-packages/airflow/example_dags/tutorial_taskflow_api_virtualenv.py
[2025-01-23T20:07:12.641+0000] {processor.py:766} INFO - DAG(s) dict_keys(['tutorial_taskflow_api_virtualenv']) retrieved from /home/airflow/.local/lib/python3.7/site-packages/airflow/example_dags/tutorial_taskflow_api_virtualenv.py
[2025-01-23T20:07:12.728+0000] {logging_mixin.py:120} INFO - [2025-01-23T20:07:12.728+0000] {dag.py:2585} INFO - Sync 1 DAGs
[2025-01-23T20:07:12.768+0000] {logging_mixin.py:120} INFO - [2025-01-23T20:07:12.767+0000] {dag.py:3340} INFO - Setting next_dagrun for tutorial_taskflow_api_virtualenv to None, run_after=None
[2025-01-23T20:07:12.801+0000] {processor.py:176} INFO - Processing /home/airflow/.local/lib/python3.7/site-packages/airflow/example_dags/tutorial_taskflow_api_virtualenv.py took 0.203 seconds
[2025-01-23T20:07:43.792+0000] {processor.py:154} INFO - Started process (PID=47193) to work on /home/airflow/.local/lib/python3.7/site-packages/airflow/example_dags/tutorial_taskflow_api_virtualenv.py
[2025-01-23T20:07:43.796+0000] {processor.py:756} INFO - Processing file /home/airflow/.local/lib/python3.7/site-packages/airflow/example_dags/tutorial_taskflow_api_virtualenv.py for tasks to queue
[2025-01-23T20:07:43.799+0000] {logging_mixin.py:120} INFO - [2025-01-23T20:07:43.799+0000] {dagbag.py:537} INFO - Filling up the DagBag from /home/airflow/.local/lib/python3.7/site-packages/airflow/example_dags/tutorial_taskflow_api_virtualenv.py
[2025-01-23T20:07:43.887+0000] {processor.py:766} INFO - DAG(s) dict_keys(['tutorial_taskflow_api_virtualenv']) retrieved from /home/airflow/.local/lib/python3.7/site-packages/airflow/example_dags/tutorial_taskflow_api_virtualenv.py
[2025-01-23T20:07:44.002+0000] {logging_mixin.py:120} INFO - [2025-01-23T20:07:44.002+0000] {dag.py:2585} INFO - Sync 1 DAGs
[2025-01-23T20:07:44.052+0000] {logging_mixin.py:120} INFO - [2025-01-23T20:07:44.052+0000] {dag.py:3340} INFO - Setting next_dagrun for tutorial_taskflow_api_virtualenv to None, run_after=None
[2025-01-23T20:07:44.090+0000] {processor.py:176} INFO - Processing /home/airflow/.local/lib/python3.7/site-packages/airflow/example_dags/tutorial_taskflow_api_virtualenv.py took 0.314 seconds
[2025-01-23T20:08:15.070+0000] {processor.py:154} INFO - Started process (PID=47254) to work on /home/airflow/.local/lib/python3.7/site-packages/airflow/example_dags/tutorial_taskflow_api_virtualenv.py
[2025-01-23T20:08:15.074+0000] {processor.py:756} INFO - Processing file /home/airflow/.local/lib/python3.7/site-packages/airflow/example_dags/tutorial_taskflow_api_virtualenv.py for tasks to queue
[2025-01-23T20:08:15.079+0000] {logging_mixin.py:120} INFO - [2025-01-23T20:08:15.078+0000] {dagbag.py:537} INFO - Filling up the DagBag from /home/airflow/.local/lib/python3.7/site-packages/airflow/example_dags/tutorial_taskflow_api_virtualenv.py
[2025-01-23T20:08:15.144+0000] {processor.py:766} INFO - DAG(s) dict_keys(['tutorial_taskflow_api_virtualenv']) retrieved from /home/airflow/.local/lib/python3.7/site-packages/airflow/example_dags/tutorial_taskflow_api_virtualenv.py
[2025-01-23T20:08:15.226+0000] {logging_mixin.py:120} INFO - [2025-01-23T20:08:15.225+0000] {dag.py:2585} INFO - Sync 1 DAGs
[2025-01-23T20:08:15.274+0000] {logging_mixin.py:120} INFO - [2025-01-23T20:08:15.273+0000] {dag.py:3340} INFO - Setting next_dagrun for tutorial_taskflow_api_virtualenv to None, run_after=None
[2025-01-23T20:08:15.314+0000] {processor.py:176} INFO - Processing /home/airflow/.local/lib/python3.7/site-packages/airflow/example_dags/tutorial_taskflow_api_virtualenv.py took 0.259 seconds
[2025-01-23T20:08:46.140+0000] {processor.py:154} INFO - Started process (PID=47310) to work on /home/airflow/.local/lib/python3.7/site-packages/airflow/example_dags/tutorial_taskflow_api_virtualenv.py
[2025-01-23T20:08:46.143+0000] {processor.py:756} INFO - Processing file /home/airflow/.local/lib/python3.7/site-packages/airflow/example_dags/tutorial_taskflow_api_virtualenv.py for tasks to queue
[2025-01-23T20:08:46.145+0000] {logging_mixin.py:120} INFO - [2025-01-23T20:08:46.145+0000] {dagbag.py:537} INFO - Filling up the DagBag from /home/airflow/.local/lib/python3.7/site-packages/airflow/example_dags/tutorial_taskflow_api_virtualenv.py
[2025-01-23T20:08:46.233+0000] {processor.py:766} INFO - DAG(s) dict_keys(['tutorial_taskflow_api_virtualenv']) retrieved from /home/airflow/.local/lib/python3.7/site-packages/airflow/example_dags/tutorial_taskflow_api_virtualenv.py
[2025-01-23T20:08:46.366+0000] {logging_mixin.py:120} INFO - [2025-01-23T20:08:46.365+0000] {dag.py:2585} INFO - Sync 1 DAGs
[2025-01-23T20:08:46.485+0000] {logging_mixin.py:120} INFO - [2025-01-23T20:08:46.485+0000] {dag.py:3340} INFO - Setting next_dagrun for tutorial_taskflow_api_virtualenv to None, run_after=None
[2025-01-23T20:08:46.535+0000] {processor.py:176} INFO - Processing /home/airflow/.local/lib/python3.7/site-packages/airflow/example_dags/tutorial_taskflow_api_virtualenv.py took 0.412 seconds
[2025-01-23T20:09:17.508+0000] {processor.py:154} INFO - Started process (PID=47364) to work on /home/airflow/.local/lib/python3.7/site-packages/airflow/example_dags/tutorial_taskflow_api_virtualenv.py
[2025-01-23T20:09:17.513+0000] {processor.py:756} INFO - Processing file /home/airflow/.local/lib/python3.7/site-packages/airflow/example_dags/tutorial_taskflow_api_virtualenv.py for tasks to queue
[2025-01-23T20:09:17.517+0000] {logging_mixin.py:120} INFO - [2025-01-23T20:09:17.516+0000] {dagbag.py:537} INFO - Filling up the DagBag from /home/airflow/.local/lib/python3.7/site-packages/airflow/example_dags/tutorial_taskflow_api_virtualenv.py
[2025-01-23T20:09:17.576+0000] {processor.py:766} INFO - DAG(s) dict_keys(['tutorial_taskflow_api_virtualenv']) retrieved from /home/airflow/.local/lib/python3.7/site-packages/airflow/example_dags/tutorial_taskflow_api_virtualenv.py
[2025-01-23T20:09:17.671+0000] {logging_mixin.py:120} INFO - [2025-01-23T20:09:17.670+0000] {dag.py:2585} INFO - Sync 1 DAGs
[2025-01-23T20:09:17.744+0000] {logging_mixin.py:120} INFO - [2025-01-23T20:09:17.744+0000] {dag.py:3340} INFO - Setting next_dagrun for tutorial_taskflow_api_virtualenv to None, run_after=None
[2025-01-23T20:09:17.784+0000] {processor.py:176} INFO - Processing /home/airflow/.local/lib/python3.7/site-packages/airflow/example_dags/tutorial_taskflow_api_virtualenv.py took 0.306 seconds
[2025-01-23T20:09:48.603+0000] {processor.py:154} INFO - Started process (PID=47427) to work on /home/airflow/.local/lib/python3.7/site-packages/airflow/example_dags/tutorial_taskflow_api_virtualenv.py
[2025-01-23T20:09:48.605+0000] {processor.py:756} INFO - Processing file /home/airflow/.local/lib/python3.7/site-packages/airflow/example_dags/tutorial_taskflow_api_virtualenv.py for tasks to queue
[2025-01-23T20:09:48.606+0000] {logging_mixin.py:120} INFO - [2025-01-23T20:09:48.606+0000] {dagbag.py:537} INFO - Filling up the DagBag from /home/airflow/.local/lib/python3.7/site-packages/airflow/example_dags/tutorial_taskflow_api_virtualenv.py
[2025-01-23T20:09:48.643+0000] {processor.py:766} INFO - DAG(s) dict_keys(['tutorial_taskflow_api_virtualenv']) retrieved from /home/airflow/.local/lib/python3.7/site-packages/airflow/example_dags/tutorial_taskflow_api_virtualenv.py
[2025-01-23T20:09:48.715+0000] {logging_mixin.py:120} INFO - [2025-01-23T20:09:48.715+0000] {dag.py:2585} INFO - Sync 1 DAGs
[2025-01-23T20:09:48.760+0000] {logging_mixin.py:120} INFO - [2025-01-23T20:09:48.759+0000] {dag.py:3340} INFO - Setting next_dagrun for tutorial_taskflow_api_virtualenv to None, run_after=None
[2025-01-23T20:09:48.794+0000] {processor.py:176} INFO - Processing /home/airflow/.local/lib/python3.7/site-packages/airflow/example_dags/tutorial_taskflow_api_virtualenv.py took 0.196 seconds
[2025-01-23T20:10:19.691+0000] {processor.py:154} INFO - Started process (PID=47488) to work on /home/airflow/.local/lib/python3.7/site-packages/airflow/example_dags/tutorial_taskflow_api_virtualenv.py
[2025-01-23T20:10:19.692+0000] {processor.py:756} INFO - Processing file /home/airflow/.local/lib/python3.7/site-packages/airflow/example_dags/tutorial_taskflow_api_virtualenv.py for tasks to queue
[2025-01-23T20:10:19.694+0000] {logging_mixin.py:120} INFO - [2025-01-23T20:10:19.693+0000] {dagbag.py:537} INFO - Filling up the DagBag from /home/airflow/.local/lib/python3.7/site-packages/airflow/example_dags/tutorial_taskflow_api_virtualenv.py
[2025-01-23T20:10:19.731+0000] {processor.py:766} INFO - DAG(s) dict_keys(['tutorial_taskflow_api_virtualenv']) retrieved from /home/airflow/.local/lib/python3.7/site-packages/airflow/example_dags/tutorial_taskflow_api_virtualenv.py
[2025-01-23T20:10:19.809+0000] {logging_mixin.py:120} INFO - [2025-01-23T20:10:19.808+0000] {dag.py:2585} INFO - Sync 1 DAGs
[2025-01-23T20:10:19.866+0000] {logging_mixin.py:120} INFO - [2025-01-23T20:10:19.866+0000] {dag.py:3340} INFO - Setting next_dagrun for tutorial_taskflow_api_virtualenv to None, run_after=None
[2025-01-23T20:10:19.901+0000] {processor.py:176} INFO - Processing /home/airflow/.local/lib/python3.7/site-packages/airflow/example_dags/tutorial_taskflow_api_virtualenv.py took 0.216 seconds
[2025-01-23T20:10:50.093+0000] {processor.py:154} INFO - Started process (PID=47543) to work on /home/airflow/.local/lib/python3.7/site-packages/airflow/example_dags/tutorial_taskflow_api_virtualenv.py
[2025-01-23T20:10:50.098+0000] {processor.py:756} INFO - Processing file /home/airflow/.local/lib/python3.7/site-packages/airflow/example_dags/tutorial_taskflow_api_virtualenv.py for tasks to queue
[2025-01-23T20:10:50.105+0000] {logging_mixin.py:120} INFO - [2025-01-23T20:10:50.103+0000] {dagbag.py:537} INFO - Filling up the DagBag from /home/airflow/.local/lib/python3.7/site-packages/airflow/example_dags/tutorial_taskflow_api_virtualenv.py
[2025-01-23T20:10:50.195+0000] {processor.py:766} INFO - DAG(s) dict_keys(['tutorial_taskflow_api_virtualenv']) retrieved from /home/airflow/.local/lib/python3.7/site-packages/airflow/example_dags/tutorial_taskflow_api_virtualenv.py
[2025-01-23T20:10:50.288+0000] {logging_mixin.py:120} INFO - [2025-01-23T20:10:50.288+0000] {dag.py:2585} INFO - Sync 1 DAGs
[2025-01-23T20:10:50.350+0000] {logging_mixin.py:120} INFO - [2025-01-23T20:10:50.349+0000] {dag.py:3340} INFO - Setting next_dagrun for tutorial_taskflow_api_virtualenv to None, run_after=None
[2025-01-23T20:10:50.398+0000] {processor.py:176} INFO - Processing /home/airflow/.local/lib/python3.7/site-packages/airflow/example_dags/tutorial_taskflow_api_virtualenv.py took 0.319 seconds
[2025-01-23T20:11:20.461+0000] {processor.py:154} INFO - Started process (PID=47596) to work on /home/airflow/.local/lib/python3.7/site-packages/airflow/example_dags/tutorial_taskflow_api_virtualenv.py
[2025-01-23T20:11:20.462+0000] {processor.py:756} INFO - Processing file /home/airflow/.local/lib/python3.7/site-packages/airflow/example_dags/tutorial_taskflow_api_virtualenv.py for tasks to queue
[2025-01-23T20:11:20.463+0000] {logging_mixin.py:120} INFO - [2025-01-23T20:11:20.463+0000] {dagbag.py:537} INFO - Filling up the DagBag from /home/airflow/.local/lib/python3.7/site-packages/airflow/example_dags/tutorial_taskflow_api_virtualenv.py
[2025-01-23T20:11:20.498+0000] {processor.py:766} INFO - DAG(s) dict_keys(['tutorial_taskflow_api_virtualenv']) retrieved from /home/airflow/.local/lib/python3.7/site-packages/airflow/example_dags/tutorial_taskflow_api_virtualenv.py
[2025-01-23T20:11:20.564+0000] {logging_mixin.py:120} INFO - [2025-01-23T20:11:20.564+0000] {dag.py:2585} INFO - Sync 1 DAGs
[2025-01-23T20:11:20.606+0000] {logging_mixin.py:120} INFO - [2025-01-23T20:11:20.605+0000] {dag.py:3340} INFO - Setting next_dagrun for tutorial_taskflow_api_virtualenv to None, run_after=None
[2025-01-23T20:11:20.645+0000] {processor.py:176} INFO - Processing /home/airflow/.local/lib/python3.7/site-packages/airflow/example_dags/tutorial_taskflow_api_virtualenv.py took 0.189 seconds
[2025-01-23T20:11:51.816+0000] {processor.py:154} INFO - Started process (PID=47659) to work on /home/airflow/.local/lib/python3.7/site-packages/airflow/example_dags/tutorial_taskflow_api_virtualenv.py
[2025-01-23T20:11:51.818+0000] {processor.py:756} INFO - Processing file /home/airflow/.local/lib/python3.7/site-packages/airflow/example_dags/tutorial_taskflow_api_virtualenv.py for tasks to queue
[2025-01-23T20:11:51.819+0000] {logging_mixin.py:120} INFO - [2025-01-23T20:11:51.819+0000] {dagbag.py:537} INFO - Filling up the DagBag from /home/airflow/.local/lib/python3.7/site-packages/airflow/example_dags/tutorial_taskflow_api_virtualenv.py
[2025-01-23T20:11:51.865+0000] {processor.py:766} INFO - DAG(s) dict_keys(['tutorial_taskflow_api_virtualenv']) retrieved from /home/airflow/.local/lib/python3.7/site-packages/airflow/example_dags/tutorial_taskflow_api_virtualenv.py
[2025-01-23T20:11:51.937+0000] {logging_mixin.py:120} INFO - [2025-01-23T20:11:51.937+0000] {dag.py:2585} INFO - Sync 1 DAGs
[2025-01-23T20:11:51.986+0000] {logging_mixin.py:120} INFO - [2025-01-23T20:11:51.985+0000] {dag.py:3340} INFO - Setting next_dagrun for tutorial_taskflow_api_virtualenv to None, run_after=None
[2025-01-23T20:11:52.026+0000] {processor.py:176} INFO - Processing /home/airflow/.local/lib/python3.7/site-packages/airflow/example_dags/tutorial_taskflow_api_virtualenv.py took 0.217 seconds
[2025-01-23T20:12:22.357+0000] {processor.py:154} INFO - Started process (PID=47714) to work on /home/airflow/.local/lib/python3.7/site-packages/airflow/example_dags/tutorial_taskflow_api_virtualenv.py
[2025-01-23T20:12:22.358+0000] {processor.py:756} INFO - Processing file /home/airflow/.local/lib/python3.7/site-packages/airflow/example_dags/tutorial_taskflow_api_virtualenv.py for tasks to queue
[2025-01-23T20:12:22.360+0000] {logging_mixin.py:120} INFO - [2025-01-23T20:12:22.359+0000] {dagbag.py:537} INFO - Filling up the DagBag from /home/airflow/.local/lib/python3.7/site-packages/airflow/example_dags/tutorial_taskflow_api_virtualenv.py
[2025-01-23T20:12:22.395+0000] {processor.py:766} INFO - DAG(s) dict_keys(['tutorial_taskflow_api_virtualenv']) retrieved from /home/airflow/.local/lib/python3.7/site-packages/airflow/example_dags/tutorial_taskflow_api_virtualenv.py
[2025-01-23T20:12:22.473+0000] {logging_mixin.py:120} INFO - [2025-01-23T20:12:22.472+0000] {dag.py:2585} INFO - Sync 1 DAGs
[2025-01-23T20:12:22.521+0000] {logging_mixin.py:120} INFO - [2025-01-23T20:12:22.520+0000] {dag.py:3340} INFO - Setting next_dagrun for tutorial_taskflow_api_virtualenv to None, run_after=None
[2025-01-23T20:12:22.555+0000] {processor.py:176} INFO - Processing /home/airflow/.local/lib/python3.7/site-packages/airflow/example_dags/tutorial_taskflow_api_virtualenv.py took 0.205 seconds
