[2025-01-23T19:50:28.861+0000] {processor.py:154} INFO - Started process (PID=45308) to work on /home/airflow/.local/lib/python3.7/site-packages/airflow/example_dags/tutorial.py
[2025-01-23T19:50:28.892+0000] {processor.py:756} INFO - Processing file /home/airflow/.local/lib/python3.7/site-packages/airflow/example_dags/tutorial.py for tasks to queue
[2025-01-23T19:50:28.909+0000] {logging_mixin.py:120} INFO - [2025-01-23T19:50:28.908+0000] {dagbag.py:537} INFO - Filling up the DagBag from /home/airflow/.local/lib/python3.7/site-packages/airflow/example_dags/tutorial.py
[2025-01-23T19:50:29.056+0000] {processor.py:766} INFO - DAG(s) dict_keys(['tutorial']) retrieved from /home/airflow/.local/lib/python3.7/site-packages/airflow/example_dags/tutorial.py
[2025-01-23T19:50:31.652+0000] {logging_mixin.py:120} INFO - [2025-01-23T19:50:31.652+0000] {dag.py:2585} INFO - Sync 1 DAGs
[2025-01-23T19:50:32.357+0000] {logging_mixin.py:120} INFO - [2025-01-23T19:50:32.356+0000] {dag.py:3340} INFO - Setting next_dagrun for tutorial to 2025-01-22T19:50:32.356364+00:00, run_after=2025-01-23T19:50:32.356364+00:00
[2025-01-23T19:50:32.694+0000] {processor.py:176} INFO - Processing /home/airflow/.local/lib/python3.7/site-packages/airflow/example_dags/tutorial.py took 3.869 seconds
[2025-01-23T19:51:03.310+0000] {processor.py:154} INFO - Started process (PID=45353) to work on /home/airflow/.local/lib/python3.7/site-packages/airflow/example_dags/tutorial.py
[2025-01-23T19:51:03.334+0000] {processor.py:756} INFO - Processing file /home/airflow/.local/lib/python3.7/site-packages/airflow/example_dags/tutorial.py for tasks to queue
[2025-01-23T19:51:03.350+0000] {logging_mixin.py:120} INFO - [2025-01-23T19:51:03.350+0000] {dagbag.py:537} INFO - Filling up the DagBag from /home/airflow/.local/lib/python3.7/site-packages/airflow/example_dags/tutorial.py
[2025-01-23T19:51:03.494+0000] {processor.py:766} INFO - DAG(s) dict_keys(['tutorial']) retrieved from /home/airflow/.local/lib/python3.7/site-packages/airflow/example_dags/tutorial.py
[2025-01-23T19:51:03.799+0000] {logging_mixin.py:120} INFO - [2025-01-23T19:51:03.799+0000] {dag.py:2585} INFO - Sync 1 DAGs
[2025-01-23T19:51:04.038+0000] {logging_mixin.py:120} INFO - [2025-01-23T19:51:04.037+0000] {dag.py:3340} INFO - Setting next_dagrun for tutorial to 2025-01-22T19:51:04.027675+00:00, run_after=2025-01-23T19:51:04.027675+00:00
[2025-01-23T19:51:04.158+0000] {processor.py:176} INFO - Processing /home/airflow/.local/lib/python3.7/site-packages/airflow/example_dags/tutorial.py took 0.895 seconds
[2025-01-23T19:51:34.382+0000] {processor.py:154} INFO - Started process (PID=45407) to work on /home/airflow/.local/lib/python3.7/site-packages/airflow/example_dags/tutorial.py
[2025-01-23T19:51:34.384+0000] {processor.py:756} INFO - Processing file /home/airflow/.local/lib/python3.7/site-packages/airflow/example_dags/tutorial.py for tasks to queue
[2025-01-23T19:51:34.386+0000] {logging_mixin.py:120} INFO - [2025-01-23T19:51:34.386+0000] {dagbag.py:537} INFO - Filling up the DagBag from /home/airflow/.local/lib/python3.7/site-packages/airflow/example_dags/tutorial.py
[2025-01-23T19:51:34.481+0000] {processor.py:766} INFO - DAG(s) dict_keys(['tutorial']) retrieved from /home/airflow/.local/lib/python3.7/site-packages/airflow/example_dags/tutorial.py
[2025-01-23T19:51:34.721+0000] {logging_mixin.py:120} INFO - [2025-01-23T19:51:34.720+0000] {dag.py:2585} INFO - Sync 1 DAGs
[2025-01-23T19:51:34.893+0000] {logging_mixin.py:120} INFO - [2025-01-23T19:51:34.893+0000] {dag.py:3340} INFO - Setting next_dagrun for tutorial to 2025-01-22T19:51:34.883304+00:00, run_after=2025-01-23T19:51:34.883304+00:00
[2025-01-23T19:51:34.996+0000] {processor.py:176} INFO - Processing /home/airflow/.local/lib/python3.7/site-packages/airflow/example_dags/tutorial.py took 0.645 seconds
[2025-01-23T19:52:05.242+0000] {processor.py:154} INFO - Started process (PID=45461) to work on /home/airflow/.local/lib/python3.7/site-packages/airflow/example_dags/tutorial.py
[2025-01-23T19:52:05.244+0000] {processor.py:756} INFO - Processing file /home/airflow/.local/lib/python3.7/site-packages/airflow/example_dags/tutorial.py for tasks to queue
[2025-01-23T19:52:05.255+0000] {logging_mixin.py:120} INFO - [2025-01-23T19:52:05.255+0000] {dagbag.py:537} INFO - Filling up the DagBag from /home/airflow/.local/lib/python3.7/site-packages/airflow/example_dags/tutorial.py
[2025-01-23T19:52:05.350+0000] {processor.py:766} INFO - DAG(s) dict_keys(['tutorial']) retrieved from /home/airflow/.local/lib/python3.7/site-packages/airflow/example_dags/tutorial.py
[2025-01-23T19:52:05.602+0000] {logging_mixin.py:120} INFO - [2025-01-23T19:52:05.602+0000] {dag.py:2585} INFO - Sync 1 DAGs
[2025-01-23T19:52:05.759+0000] {logging_mixin.py:120} INFO - [2025-01-23T19:52:05.759+0000] {dag.py:3340} INFO - Setting next_dagrun for tutorial to 2025-01-22T19:52:05.758526+00:00, run_after=2025-01-23T19:52:05.758526+00:00
[2025-01-23T19:52:05.888+0000] {processor.py:176} INFO - Processing /home/airflow/.local/lib/python3.7/site-packages/airflow/example_dags/tutorial.py took 0.663 seconds
[2025-01-23T19:52:36.011+0000] {processor.py:154} INFO - Started process (PID=45506) to work on /home/airflow/.local/lib/python3.7/site-packages/airflow/example_dags/tutorial.py
[2025-01-23T19:52:36.012+0000] {processor.py:756} INFO - Processing file /home/airflow/.local/lib/python3.7/site-packages/airflow/example_dags/tutorial.py for tasks to queue
[2025-01-23T19:52:36.014+0000] {logging_mixin.py:120} INFO - [2025-01-23T19:52:36.013+0000] {dagbag.py:537} INFO - Filling up the DagBag from /home/airflow/.local/lib/python3.7/site-packages/airflow/example_dags/tutorial.py
[2025-01-23T19:52:36.041+0000] {processor.py:766} INFO - DAG(s) dict_keys(['tutorial']) retrieved from /home/airflow/.local/lib/python3.7/site-packages/airflow/example_dags/tutorial.py
[2025-01-23T19:52:36.142+0000] {logging_mixin.py:120} INFO - [2025-01-23T19:52:36.142+0000] {dag.py:2585} INFO - Sync 1 DAGs
[2025-01-23T19:52:36.195+0000] {logging_mixin.py:120} INFO - [2025-01-23T19:52:36.194+0000] {dag.py:3340} INFO - Setting next_dagrun for tutorial to 2025-01-22T19:52:36.194450+00:00, run_after=2025-01-23T19:52:36.194450+00:00
[2025-01-23T19:52:36.239+0000] {processor.py:176} INFO - Processing /home/airflow/.local/lib/python3.7/site-packages/airflow/example_dags/tutorial.py took 0.234 seconds
[2025-01-23T19:53:06.995+0000] {processor.py:154} INFO - Started process (PID=45569) to work on /home/airflow/.local/lib/python3.7/site-packages/airflow/example_dags/tutorial.py
[2025-01-23T19:53:06.997+0000] {processor.py:756} INFO - Processing file /home/airflow/.local/lib/python3.7/site-packages/airflow/example_dags/tutorial.py for tasks to queue
[2025-01-23T19:53:06.999+0000] {logging_mixin.py:120} INFO - [2025-01-23T19:53:06.999+0000] {dagbag.py:537} INFO - Filling up the DagBag from /home/airflow/.local/lib/python3.7/site-packages/airflow/example_dags/tutorial.py
[2025-01-23T19:53:07.026+0000] {processor.py:766} INFO - DAG(s) dict_keys(['tutorial']) retrieved from /home/airflow/.local/lib/python3.7/site-packages/airflow/example_dags/tutorial.py
[2025-01-23T19:53:07.099+0000] {logging_mixin.py:120} INFO - [2025-01-23T19:53:07.099+0000] {dag.py:2585} INFO - Sync 1 DAGs
[2025-01-23T19:53:07.149+0000] {logging_mixin.py:120} INFO - [2025-01-23T19:53:07.149+0000] {dag.py:3340} INFO - Setting next_dagrun for tutorial to 2025-01-22T19:53:07.149261+00:00, run_after=2025-01-23T19:53:07.149261+00:00
[2025-01-23T19:53:07.191+0000] {processor.py:176} INFO - Processing /home/airflow/.local/lib/python3.7/site-packages/airflow/example_dags/tutorial.py took 0.201 seconds
[2025-01-23T19:53:37.892+0000] {processor.py:154} INFO - Started process (PID=45623) to work on /home/airflow/.local/lib/python3.7/site-packages/airflow/example_dags/tutorial.py
[2025-01-23T19:53:37.894+0000] {processor.py:756} INFO - Processing file /home/airflow/.local/lib/python3.7/site-packages/airflow/example_dags/tutorial.py for tasks to queue
[2025-01-23T19:53:37.895+0000] {logging_mixin.py:120} INFO - [2025-01-23T19:53:37.895+0000] {dagbag.py:537} INFO - Filling up the DagBag from /home/airflow/.local/lib/python3.7/site-packages/airflow/example_dags/tutorial.py
[2025-01-23T19:53:37.920+0000] {processor.py:766} INFO - DAG(s) dict_keys(['tutorial']) retrieved from /home/airflow/.local/lib/python3.7/site-packages/airflow/example_dags/tutorial.py
[2025-01-23T19:53:37.988+0000] {logging_mixin.py:120} INFO - [2025-01-23T19:53:37.987+0000] {dag.py:2585} INFO - Sync 1 DAGs
[2025-01-23T19:53:38.031+0000] {logging_mixin.py:120} INFO - [2025-01-23T19:53:38.031+0000] {dag.py:3340} INFO - Setting next_dagrun for tutorial to 2025-01-22T19:53:38.031043+00:00, run_after=2025-01-23T19:53:38.031043+00:00
[2025-01-23T19:53:38.066+0000] {processor.py:176} INFO - Processing /home/airflow/.local/lib/python3.7/site-packages/airflow/example_dags/tutorial.py took 0.179 seconds
[2025-01-23T19:54:08.963+0000] {processor.py:154} INFO - Started process (PID=45677) to work on /home/airflow/.local/lib/python3.7/site-packages/airflow/example_dags/tutorial.py
[2025-01-23T19:54:08.967+0000] {processor.py:756} INFO - Processing file /home/airflow/.local/lib/python3.7/site-packages/airflow/example_dags/tutorial.py for tasks to queue
[2025-01-23T19:54:08.971+0000] {logging_mixin.py:120} INFO - [2025-01-23T19:54:08.971+0000] {dagbag.py:537} INFO - Filling up the DagBag from /home/airflow/.local/lib/python3.7/site-packages/airflow/example_dags/tutorial.py
[2025-01-23T19:54:09.040+0000] {processor.py:766} INFO - DAG(s) dict_keys(['tutorial']) retrieved from /home/airflow/.local/lib/python3.7/site-packages/airflow/example_dags/tutorial.py
[2025-01-23T19:54:09.222+0000] {logging_mixin.py:120} INFO - [2025-01-23T19:54:09.221+0000] {dag.py:2585} INFO - Sync 1 DAGs
[2025-01-23T19:54:09.338+0000] {logging_mixin.py:120} INFO - [2025-01-23T19:54:09.337+0000] {dag.py:3340} INFO - Setting next_dagrun for tutorial to 2025-01-22T19:54:09.336647+00:00, run_after=2025-01-23T19:54:09.336647+00:00
[2025-01-23T19:54:09.421+0000] {processor.py:176} INFO - Processing /home/airflow/.local/lib/python3.7/site-packages/airflow/example_dags/tutorial.py took 0.472 seconds
[2025-01-23T19:54:39.905+0000] {processor.py:154} INFO - Started process (PID=45738) to work on /home/airflow/.local/lib/python3.7/site-packages/airflow/example_dags/tutorial.py
[2025-01-23T19:54:39.909+0000] {processor.py:756} INFO - Processing file /home/airflow/.local/lib/python3.7/site-packages/airflow/example_dags/tutorial.py for tasks to queue
[2025-01-23T19:54:39.913+0000] {logging_mixin.py:120} INFO - [2025-01-23T19:54:39.912+0000] {dagbag.py:537} INFO - Filling up the DagBag from /home/airflow/.local/lib/python3.7/site-packages/airflow/example_dags/tutorial.py
[2025-01-23T19:54:40.003+0000] {processor.py:766} INFO - DAG(s) dict_keys(['tutorial']) retrieved from /home/airflow/.local/lib/python3.7/site-packages/airflow/example_dags/tutorial.py
[2025-01-23T19:54:40.120+0000] {logging_mixin.py:120} INFO - [2025-01-23T19:54:40.120+0000] {dag.py:2585} INFO - Sync 1 DAGs
[2025-01-23T19:54:40.169+0000] {logging_mixin.py:120} INFO - [2025-01-23T19:54:40.169+0000] {dag.py:3340} INFO - Setting next_dagrun for tutorial to 2025-01-22T19:54:40.169150+00:00, run_after=2025-01-23T19:54:40.169150+00:00
[2025-01-23T19:54:40.205+0000] {processor.py:176} INFO - Processing /home/airflow/.local/lib/python3.7/site-packages/airflow/example_dags/tutorial.py took 0.316 seconds
[2025-01-23T19:55:10.361+0000] {processor.py:154} INFO - Started process (PID=45794) to work on /home/airflow/.local/lib/python3.7/site-packages/airflow/example_dags/tutorial.py
[2025-01-23T19:55:10.367+0000] {processor.py:756} INFO - Processing file /home/airflow/.local/lib/python3.7/site-packages/airflow/example_dags/tutorial.py for tasks to queue
[2025-01-23T19:55:10.371+0000] {logging_mixin.py:120} INFO - [2025-01-23T19:55:10.371+0000] {dagbag.py:537} INFO - Filling up the DagBag from /home/airflow/.local/lib/python3.7/site-packages/airflow/example_dags/tutorial.py
[2025-01-23T19:55:10.441+0000] {processor.py:766} INFO - DAG(s) dict_keys(['tutorial']) retrieved from /home/airflow/.local/lib/python3.7/site-packages/airflow/example_dags/tutorial.py
[2025-01-23T19:55:10.513+0000] {logging_mixin.py:120} INFO - [2025-01-23T19:55:10.512+0000] {dag.py:2585} INFO - Sync 1 DAGs
[2025-01-23T19:55:10.555+0000] {logging_mixin.py:120} INFO - [2025-01-23T19:55:10.555+0000] {dag.py:3340} INFO - Setting next_dagrun for tutorial to 2025-01-22T19:55:10.555398+00:00, run_after=2025-01-23T19:55:10.555398+00:00
[2025-01-23T19:55:10.591+0000] {processor.py:176} INFO - Processing /home/airflow/.local/lib/python3.7/site-packages/airflow/example_dags/tutorial.py took 0.248 seconds
[2025-01-23T19:55:41.195+0000] {processor.py:154} INFO - Started process (PID=45849) to work on /home/airflow/.local/lib/python3.7/site-packages/airflow/example_dags/tutorial.py
[2025-01-23T19:55:41.197+0000] {processor.py:756} INFO - Processing file /home/airflow/.local/lib/python3.7/site-packages/airflow/example_dags/tutorial.py for tasks to queue
[2025-01-23T19:55:41.198+0000] {logging_mixin.py:120} INFO - [2025-01-23T19:55:41.198+0000] {dagbag.py:537} INFO - Filling up the DagBag from /home/airflow/.local/lib/python3.7/site-packages/airflow/example_dags/tutorial.py
[2025-01-23T19:55:41.225+0000] {processor.py:766} INFO - DAG(s) dict_keys(['tutorial']) retrieved from /home/airflow/.local/lib/python3.7/site-packages/airflow/example_dags/tutorial.py
[2025-01-23T19:55:41.302+0000] {logging_mixin.py:120} INFO - [2025-01-23T19:55:41.302+0000] {dag.py:2585} INFO - Sync 1 DAGs
[2025-01-23T19:55:41.347+0000] {logging_mixin.py:120} INFO - [2025-01-23T19:55:41.346+0000] {dag.py:3340} INFO - Setting next_dagrun for tutorial to 2025-01-22T19:55:41.346459+00:00, run_after=2025-01-23T19:55:41.346459+00:00
[2025-01-23T19:55:41.382+0000] {processor.py:176} INFO - Processing /home/airflow/.local/lib/python3.7/site-packages/airflow/example_dags/tutorial.py took 0.193 seconds
[2025-01-23T19:56:11.779+0000] {processor.py:154} INFO - Started process (PID=45903) to work on /home/airflow/.local/lib/python3.7/site-packages/airflow/example_dags/tutorial.py
[2025-01-23T19:56:11.781+0000] {processor.py:756} INFO - Processing file /home/airflow/.local/lib/python3.7/site-packages/airflow/example_dags/tutorial.py for tasks to queue
[2025-01-23T19:56:11.792+0000] {logging_mixin.py:120} INFO - [2025-01-23T19:56:11.792+0000] {dagbag.py:537} INFO - Filling up the DagBag from /home/airflow/.local/lib/python3.7/site-packages/airflow/example_dags/tutorial.py
[2025-01-23T19:56:11.875+0000] {processor.py:766} INFO - DAG(s) dict_keys(['tutorial']) retrieved from /home/airflow/.local/lib/python3.7/site-packages/airflow/example_dags/tutorial.py
[2025-01-23T19:56:12.105+0000] {logging_mixin.py:120} INFO - [2025-01-23T19:56:12.105+0000] {dag.py:2585} INFO - Sync 1 DAGs
[2025-01-23T19:56:12.295+0000] {logging_mixin.py:120} INFO - [2025-01-23T19:56:12.294+0000] {dag.py:3340} INFO - Setting next_dagrun for tutorial to 2025-01-22T19:56:12.293997+00:00, run_after=2025-01-23T19:56:12.293997+00:00
[2025-01-23T19:56:12.405+0000] {processor.py:176} INFO - Processing /home/airflow/.local/lib/python3.7/site-packages/airflow/example_dags/tutorial.py took 0.639 seconds
[2025-01-23T19:56:42.725+0000] {processor.py:154} INFO - Started process (PID=45957) to work on /home/airflow/.local/lib/python3.7/site-packages/airflow/example_dags/tutorial.py
[2025-01-23T19:56:42.728+0000] {processor.py:756} INFO - Processing file /home/airflow/.local/lib/python3.7/site-packages/airflow/example_dags/tutorial.py for tasks to queue
[2025-01-23T19:56:42.730+0000] {logging_mixin.py:120} INFO - [2025-01-23T19:56:42.730+0000] {dagbag.py:537} INFO - Filling up the DagBag from /home/airflow/.local/lib/python3.7/site-packages/airflow/example_dags/tutorial.py
[2025-01-23T19:56:42.757+0000] {processor.py:766} INFO - DAG(s) dict_keys(['tutorial']) retrieved from /home/airflow/.local/lib/python3.7/site-packages/airflow/example_dags/tutorial.py
[2025-01-23T19:56:42.830+0000] {logging_mixin.py:120} INFO - [2025-01-23T19:56:42.829+0000] {dag.py:2585} INFO - Sync 1 DAGs
[2025-01-23T19:56:42.873+0000] {logging_mixin.py:120} INFO - [2025-01-23T19:56:42.873+0000] {dag.py:3340} INFO - Setting next_dagrun for tutorial to 2025-01-22T19:56:42.873206+00:00, run_after=2025-01-23T19:56:42.873206+00:00
[2025-01-23T19:56:42.910+0000] {processor.py:176} INFO - Processing /home/airflow/.local/lib/python3.7/site-packages/airflow/example_dags/tutorial.py took 0.191 seconds
[2025-01-23T19:57:13.102+0000] {processor.py:154} INFO - Started process (PID=46020) to work on /home/airflow/.local/lib/python3.7/site-packages/airflow/example_dags/tutorial.py
[2025-01-23T19:57:13.104+0000] {processor.py:756} INFO - Processing file /home/airflow/.local/lib/python3.7/site-packages/airflow/example_dags/tutorial.py for tasks to queue
[2025-01-23T19:57:13.106+0000] {logging_mixin.py:120} INFO - [2025-01-23T19:57:13.106+0000] {dagbag.py:537} INFO - Filling up the DagBag from /home/airflow/.local/lib/python3.7/site-packages/airflow/example_dags/tutorial.py
[2025-01-23T19:57:13.144+0000] {processor.py:766} INFO - DAG(s) dict_keys(['tutorial']) retrieved from /home/airflow/.local/lib/python3.7/site-packages/airflow/example_dags/tutorial.py
[2025-01-23T19:57:13.236+0000] {logging_mixin.py:120} INFO - [2025-01-23T19:57:13.235+0000] {dag.py:2585} INFO - Sync 1 DAGs
[2025-01-23T19:57:13.277+0000] {logging_mixin.py:120} INFO - [2025-01-23T19:57:13.277+0000] {dag.py:3340} INFO - Setting next_dagrun for tutorial to 2025-01-22T19:57:13.276741+00:00, run_after=2025-01-23T19:57:13.276741+00:00
[2025-01-23T19:57:13.310+0000] {processor.py:176} INFO - Processing /home/airflow/.local/lib/python3.7/site-packages/airflow/example_dags/tutorial.py took 0.215 seconds
[2025-01-23T19:57:43.798+0000] {processor.py:154} INFO - Started process (PID=46074) to work on /home/airflow/.local/lib/python3.7/site-packages/airflow/example_dags/tutorial.py
[2025-01-23T19:57:43.800+0000] {processor.py:756} INFO - Processing file /home/airflow/.local/lib/python3.7/site-packages/airflow/example_dags/tutorial.py for tasks to queue
[2025-01-23T19:57:43.802+0000] {logging_mixin.py:120} INFO - [2025-01-23T19:57:43.801+0000] {dagbag.py:537} INFO - Filling up the DagBag from /home/airflow/.local/lib/python3.7/site-packages/airflow/example_dags/tutorial.py
[2025-01-23T19:57:43.829+0000] {processor.py:766} INFO - DAG(s) dict_keys(['tutorial']) retrieved from /home/airflow/.local/lib/python3.7/site-packages/airflow/example_dags/tutorial.py
[2025-01-23T19:57:43.924+0000] {logging_mixin.py:120} INFO - [2025-01-23T19:57:43.923+0000] {dag.py:2585} INFO - Sync 1 DAGs
[2025-01-23T19:57:43.981+0000] {logging_mixin.py:120} INFO - [2025-01-23T19:57:43.981+0000] {dag.py:3340} INFO - Setting next_dagrun for tutorial to 2025-01-22T19:57:43.981017+00:00, run_after=2025-01-23T19:57:43.981017+00:00
[2025-01-23T19:57:44.025+0000] {processor.py:176} INFO - Processing /home/airflow/.local/lib/python3.7/site-packages/airflow/example_dags/tutorial.py took 0.234 seconds
[2025-01-23T19:58:14.282+0000] {processor.py:154} INFO - Started process (PID=46128) to work on /home/airflow/.local/lib/python3.7/site-packages/airflow/example_dags/tutorial.py
[2025-01-23T19:58:14.285+0000] {processor.py:756} INFO - Processing file /home/airflow/.local/lib/python3.7/site-packages/airflow/example_dags/tutorial.py for tasks to queue
[2025-01-23T19:58:14.289+0000] {logging_mixin.py:120} INFO - [2025-01-23T19:58:14.288+0000] {dagbag.py:537} INFO - Filling up the DagBag from /home/airflow/.local/lib/python3.7/site-packages/airflow/example_dags/tutorial.py
[2025-01-23T19:58:14.339+0000] {processor.py:766} INFO - DAG(s) dict_keys(['tutorial']) retrieved from /home/airflow/.local/lib/python3.7/site-packages/airflow/example_dags/tutorial.py
[2025-01-23T19:58:14.450+0000] {logging_mixin.py:120} INFO - [2025-01-23T19:58:14.450+0000] {dag.py:2585} INFO - Sync 1 DAGs
[2025-01-23T19:58:14.526+0000] {logging_mixin.py:120} INFO - [2025-01-23T19:58:14.526+0000] {dag.py:3340} INFO - Setting next_dagrun for tutorial to 2025-01-22T19:58:14.525592+00:00, run_after=2025-01-23T19:58:14.525592+00:00
[2025-01-23T19:58:14.582+0000] {processor.py:176} INFO - Processing /home/airflow/.local/lib/python3.7/site-packages/airflow/example_dags/tutorial.py took 0.317 seconds
[2025-01-23T19:58:45.122+0000] {processor.py:154} INFO - Started process (PID=46191) to work on /home/airflow/.local/lib/python3.7/site-packages/airflow/example_dags/tutorial.py
[2025-01-23T19:58:45.124+0000] {processor.py:756} INFO - Processing file /home/airflow/.local/lib/python3.7/site-packages/airflow/example_dags/tutorial.py for tasks to queue
[2025-01-23T19:58:45.127+0000] {logging_mixin.py:120} INFO - [2025-01-23T19:58:45.126+0000] {dagbag.py:537} INFO - Filling up the DagBag from /home/airflow/.local/lib/python3.7/site-packages/airflow/example_dags/tutorial.py
[2025-01-23T19:58:45.163+0000] {processor.py:766} INFO - DAG(s) dict_keys(['tutorial']) retrieved from /home/airflow/.local/lib/python3.7/site-packages/airflow/example_dags/tutorial.py
[2025-01-23T19:58:45.277+0000] {logging_mixin.py:120} INFO - [2025-01-23T19:58:45.277+0000] {dag.py:2585} INFO - Sync 1 DAGs
[2025-01-23T19:58:45.407+0000] {logging_mixin.py:120} INFO - [2025-01-23T19:58:45.405+0000] {dag.py:3340} INFO - Setting next_dagrun for tutorial to 2025-01-22T19:58:45.403362+00:00, run_after=2025-01-23T19:58:45.403362+00:00
[2025-01-23T19:58:45.468+0000] {processor.py:176} INFO - Processing /home/airflow/.local/lib/python3.7/site-packages/airflow/example_dags/tutorial.py took 0.352 seconds
[2025-01-23T19:59:16.481+0000] {processor.py:154} INFO - Started process (PID=46245) to work on /home/airflow/.local/lib/python3.7/site-packages/airflow/example_dags/tutorial.py
[2025-01-23T19:59:16.485+0000] {processor.py:756} INFO - Processing file /home/airflow/.local/lib/python3.7/site-packages/airflow/example_dags/tutorial.py for tasks to queue
[2025-01-23T19:59:16.489+0000] {logging_mixin.py:120} INFO - [2025-01-23T19:59:16.489+0000] {dagbag.py:537} INFO - Filling up the DagBag from /home/airflow/.local/lib/python3.7/site-packages/airflow/example_dags/tutorial.py
[2025-01-23T19:59:16.563+0000] {processor.py:766} INFO - DAG(s) dict_keys(['tutorial']) retrieved from /home/airflow/.local/lib/python3.7/site-packages/airflow/example_dags/tutorial.py
[2025-01-23T19:59:16.735+0000] {logging_mixin.py:120} INFO - [2025-01-23T19:59:16.735+0000] {dag.py:2585} INFO - Sync 1 DAGs
[2025-01-23T19:59:16.794+0000] {logging_mixin.py:120} INFO - [2025-01-23T19:59:16.794+0000] {dag.py:3340} INFO - Setting next_dagrun for tutorial to 2025-01-22T19:59:16.793611+00:00, run_after=2025-01-23T19:59:16.793611+00:00
[2025-01-23T19:59:16.845+0000] {processor.py:176} INFO - Processing /home/airflow/.local/lib/python3.7/site-packages/airflow/example_dags/tutorial.py took 0.378 seconds
[2025-01-23T19:59:47.049+0000] {processor.py:154} INFO - Started process (PID=46300) to work on /home/airflow/.local/lib/python3.7/site-packages/airflow/example_dags/tutorial.py
[2025-01-23T19:59:47.051+0000] {processor.py:756} INFO - Processing file /home/airflow/.local/lib/python3.7/site-packages/airflow/example_dags/tutorial.py for tasks to queue
[2025-01-23T19:59:47.054+0000] {logging_mixin.py:120} INFO - [2025-01-23T19:59:47.054+0000] {dagbag.py:537} INFO - Filling up the DagBag from /home/airflow/.local/lib/python3.7/site-packages/airflow/example_dags/tutorial.py
[2025-01-23T19:59:47.090+0000] {processor.py:766} INFO - DAG(s) dict_keys(['tutorial']) retrieved from /home/airflow/.local/lib/python3.7/site-packages/airflow/example_dags/tutorial.py
[2025-01-23T19:59:47.169+0000] {logging_mixin.py:120} INFO - [2025-01-23T19:59:47.169+0000] {dag.py:2585} INFO - Sync 1 DAGs
[2025-01-23T19:59:47.220+0000] {logging_mixin.py:120} INFO - [2025-01-23T19:59:47.219+0000] {dag.py:3340} INFO - Setting next_dagrun for tutorial to 2025-01-22T19:59:47.219546+00:00, run_after=2025-01-23T19:59:47.219546+00:00
[2025-01-23T19:59:47.255+0000] {processor.py:176} INFO - Processing /home/airflow/.local/lib/python3.7/site-packages/airflow/example_dags/tutorial.py took 0.213 seconds
[2025-01-23T20:00:17.425+0000] {processor.py:154} INFO - Started process (PID=46364) to work on /home/airflow/.local/lib/python3.7/site-packages/airflow/example_dags/tutorial.py
[2025-01-23T20:00:17.426+0000] {processor.py:756} INFO - Processing file /home/airflow/.local/lib/python3.7/site-packages/airflow/example_dags/tutorial.py for tasks to queue
[2025-01-23T20:00:17.428+0000] {logging_mixin.py:120} INFO - [2025-01-23T20:00:17.428+0000] {dagbag.py:537} INFO - Filling up the DagBag from /home/airflow/.local/lib/python3.7/site-packages/airflow/example_dags/tutorial.py
[2025-01-23T20:00:17.456+0000] {processor.py:766} INFO - DAG(s) dict_keys(['tutorial']) retrieved from /home/airflow/.local/lib/python3.7/site-packages/airflow/example_dags/tutorial.py
[2025-01-23T20:00:17.540+0000] {logging_mixin.py:120} INFO - [2025-01-23T20:00:17.540+0000] {dag.py:2585} INFO - Sync 1 DAGs
[2025-01-23T20:00:17.596+0000] {logging_mixin.py:120} INFO - [2025-01-23T20:00:17.595+0000] {dag.py:3340} INFO - Setting next_dagrun for tutorial to 2025-01-22T20:00:17.595022+00:00, run_after=2025-01-23T20:00:17.595022+00:00
[2025-01-23T20:00:17.632+0000] {processor.py:176} INFO - Processing /home/airflow/.local/lib/python3.7/site-packages/airflow/example_dags/tutorial.py took 0.213 seconds
[2025-01-23T20:00:47.922+0000] {processor.py:154} INFO - Started process (PID=46418) to work on /home/airflow/.local/lib/python3.7/site-packages/airflow/example_dags/tutorial.py
[2025-01-23T20:00:47.924+0000] {processor.py:756} INFO - Processing file /home/airflow/.local/lib/python3.7/site-packages/airflow/example_dags/tutorial.py for tasks to queue
[2025-01-23T20:00:47.925+0000] {logging_mixin.py:120} INFO - [2025-01-23T20:00:47.925+0000] {dagbag.py:537} INFO - Filling up the DagBag from /home/airflow/.local/lib/python3.7/site-packages/airflow/example_dags/tutorial.py
[2025-01-23T20:00:47.954+0000] {processor.py:766} INFO - DAG(s) dict_keys(['tutorial']) retrieved from /home/airflow/.local/lib/python3.7/site-packages/airflow/example_dags/tutorial.py
[2025-01-23T20:00:48.047+0000] {logging_mixin.py:120} INFO - [2025-01-23T20:00:48.047+0000] {dag.py:2585} INFO - Sync 1 DAGs
[2025-01-23T20:00:48.095+0000] {logging_mixin.py:120} INFO - [2025-01-23T20:00:48.094+0000] {dag.py:3340} INFO - Setting next_dagrun for tutorial to 2025-01-22T20:00:48.094476+00:00, run_after=2025-01-23T20:00:48.094476+00:00
[2025-01-23T20:00:48.137+0000] {processor.py:176} INFO - Processing /home/airflow/.local/lib/python3.7/site-packages/airflow/example_dags/tutorial.py took 0.220 seconds
[2025-01-23T20:01:18.387+0000] {processor.py:154} INFO - Started process (PID=46480) to work on /home/airflow/.local/lib/python3.7/site-packages/airflow/example_dags/tutorial.py
[2025-01-23T20:01:18.389+0000] {processor.py:756} INFO - Processing file /home/airflow/.local/lib/python3.7/site-packages/airflow/example_dags/tutorial.py for tasks to queue
[2025-01-23T20:01:18.390+0000] {logging_mixin.py:120} INFO - [2025-01-23T20:01:18.390+0000] {dagbag.py:537} INFO - Filling up the DagBag from /home/airflow/.local/lib/python3.7/site-packages/airflow/example_dags/tutorial.py
[2025-01-23T20:01:18.420+0000] {processor.py:766} INFO - DAG(s) dict_keys(['tutorial']) retrieved from /home/airflow/.local/lib/python3.7/site-packages/airflow/example_dags/tutorial.py
[2025-01-23T20:01:18.490+0000] {logging_mixin.py:120} INFO - [2025-01-23T20:01:18.490+0000] {dag.py:2585} INFO - Sync 1 DAGs
[2025-01-23T20:01:18.541+0000] {logging_mixin.py:120} INFO - [2025-01-23T20:01:18.541+0000] {dag.py:3340} INFO - Setting next_dagrun for tutorial to 2025-01-22T20:01:18.541095+00:00, run_after=2025-01-23T20:01:18.541095+00:00
[2025-01-23T20:01:18.580+0000] {processor.py:176} INFO - Processing /home/airflow/.local/lib/python3.7/site-packages/airflow/example_dags/tutorial.py took 0.199 seconds
[2025-01-23T20:01:49.468+0000] {processor.py:154} INFO - Started process (PID=46536) to work on /home/airflow/.local/lib/python3.7/site-packages/airflow/example_dags/tutorial.py
[2025-01-23T20:01:49.470+0000] {processor.py:756} INFO - Processing file /home/airflow/.local/lib/python3.7/site-packages/airflow/example_dags/tutorial.py for tasks to queue
[2025-01-23T20:01:49.473+0000] {logging_mixin.py:120} INFO - [2025-01-23T20:01:49.472+0000] {dagbag.py:537} INFO - Filling up the DagBag from /home/airflow/.local/lib/python3.7/site-packages/airflow/example_dags/tutorial.py
[2025-01-23T20:01:49.503+0000] {processor.py:766} INFO - DAG(s) dict_keys(['tutorial']) retrieved from /home/airflow/.local/lib/python3.7/site-packages/airflow/example_dags/tutorial.py
[2025-01-23T20:01:49.571+0000] {logging_mixin.py:120} INFO - [2025-01-23T20:01:49.570+0000] {dag.py:2585} INFO - Sync 1 DAGs
[2025-01-23T20:01:49.617+0000] {logging_mixin.py:120} INFO - [2025-01-23T20:01:49.616+0000] {dag.py:3340} INFO - Setting next_dagrun for tutorial to 2025-01-22T20:01:49.616343+00:00, run_after=2025-01-23T20:01:49.616343+00:00
[2025-01-23T20:01:49.709+0000] {processor.py:176} INFO - Processing /home/airflow/.local/lib/python3.7/site-packages/airflow/example_dags/tutorial.py took 0.256 seconds
[2025-01-23T20:02:20.283+0000] {processor.py:154} INFO - Started process (PID=46590) to work on /home/airflow/.local/lib/python3.7/site-packages/airflow/example_dags/tutorial.py
[2025-01-23T20:02:20.287+0000] {processor.py:756} INFO - Processing file /home/airflow/.local/lib/python3.7/site-packages/airflow/example_dags/tutorial.py for tasks to queue
[2025-01-23T20:02:20.291+0000] {logging_mixin.py:120} INFO - [2025-01-23T20:02:20.290+0000] {dagbag.py:537} INFO - Filling up the DagBag from /home/airflow/.local/lib/python3.7/site-packages/airflow/example_dags/tutorial.py
[2025-01-23T20:02:20.363+0000] {processor.py:766} INFO - DAG(s) dict_keys(['tutorial']) retrieved from /home/airflow/.local/lib/python3.7/site-packages/airflow/example_dags/tutorial.py
[2025-01-23T20:02:20.581+0000] {logging_mixin.py:120} INFO - [2025-01-23T20:02:20.580+0000] {dag.py:2585} INFO - Sync 1 DAGs
[2025-01-23T20:02:20.712+0000] {logging_mixin.py:120} INFO - [2025-01-23T20:02:20.711+0000] {dag.py:3340} INFO - Setting next_dagrun for tutorial to 2025-01-22T20:02:20.710590+00:00, run_after=2025-01-23T20:02:20.710590+00:00
[2025-01-23T20:02:20.803+0000] {processor.py:176} INFO - Processing /home/airflow/.local/lib/python3.7/site-packages/airflow/example_dags/tutorial.py took 0.532 seconds
[2025-01-23T20:02:51.066+0000] {processor.py:154} INFO - Started process (PID=46653) to work on /home/airflow/.local/lib/python3.7/site-packages/airflow/example_dags/tutorial.py
[2025-01-23T20:02:51.070+0000] {processor.py:756} INFO - Processing file /home/airflow/.local/lib/python3.7/site-packages/airflow/example_dags/tutorial.py for tasks to queue
[2025-01-23T20:02:51.073+0000] {logging_mixin.py:120} INFO - [2025-01-23T20:02:51.073+0000] {dagbag.py:537} INFO - Filling up the DagBag from /home/airflow/.local/lib/python3.7/site-packages/airflow/example_dags/tutorial.py
[2025-01-23T20:02:51.154+0000] {processor.py:766} INFO - DAG(s) dict_keys(['tutorial']) retrieved from /home/airflow/.local/lib/python3.7/site-packages/airflow/example_dags/tutorial.py
[2025-01-23T20:02:51.339+0000] {logging_mixin.py:120} INFO - [2025-01-23T20:02:51.339+0000] {dag.py:2585} INFO - Sync 1 DAGs
[2025-01-23T20:02:51.459+0000] {logging_mixin.py:120} INFO - [2025-01-23T20:02:51.458+0000] {dag.py:3340} INFO - Setting next_dagrun for tutorial to 2025-01-22T20:02:51.458009+00:00, run_after=2025-01-23T20:02:51.458009+00:00
[2025-01-23T20:02:51.537+0000] {processor.py:176} INFO - Processing /home/airflow/.local/lib/python3.7/site-packages/airflow/example_dags/tutorial.py took 0.496 seconds
[2025-01-23T20:03:21.724+0000] {processor.py:154} INFO - Started process (PID=46707) to work on /home/airflow/.local/lib/python3.7/site-packages/airflow/example_dags/tutorial.py
[2025-01-23T20:03:21.725+0000] {processor.py:756} INFO - Processing file /home/airflow/.local/lib/python3.7/site-packages/airflow/example_dags/tutorial.py for tasks to queue
[2025-01-23T20:03:21.727+0000] {logging_mixin.py:120} INFO - [2025-01-23T20:03:21.727+0000] {dagbag.py:537} INFO - Filling up the DagBag from /home/airflow/.local/lib/python3.7/site-packages/airflow/example_dags/tutorial.py
[2025-01-23T20:03:21.751+0000] {processor.py:766} INFO - DAG(s) dict_keys(['tutorial']) retrieved from /home/airflow/.local/lib/python3.7/site-packages/airflow/example_dags/tutorial.py
[2025-01-23T20:03:21.820+0000] {logging_mixin.py:120} INFO - [2025-01-23T20:03:21.820+0000] {dag.py:2585} INFO - Sync 1 DAGs
[2025-01-23T20:03:21.863+0000] {logging_mixin.py:120} INFO - [2025-01-23T20:03:21.863+0000] {dag.py:3340} INFO - Setting next_dagrun for tutorial to 2025-01-22T20:03:21.862946+00:00, run_after=2025-01-23T20:03:21.862946+00:00
[2025-01-23T20:03:21.895+0000] {processor.py:176} INFO - Processing /home/airflow/.local/lib/python3.7/site-packages/airflow/example_dags/tutorial.py took 0.179 seconds
[2025-01-23T20:03:52.266+0000] {processor.py:154} INFO - Started process (PID=46768) to work on /home/airflow/.local/lib/python3.7/site-packages/airflow/example_dags/tutorial.py
[2025-01-23T20:03:52.267+0000] {processor.py:756} INFO - Processing file /home/airflow/.local/lib/python3.7/site-packages/airflow/example_dags/tutorial.py for tasks to queue
[2025-01-23T20:03:52.269+0000] {logging_mixin.py:120} INFO - [2025-01-23T20:03:52.269+0000] {dagbag.py:537} INFO - Filling up the DagBag from /home/airflow/.local/lib/python3.7/site-packages/airflow/example_dags/tutorial.py
[2025-01-23T20:03:52.293+0000] {processor.py:766} INFO - DAG(s) dict_keys(['tutorial']) retrieved from /home/airflow/.local/lib/python3.7/site-packages/airflow/example_dags/tutorial.py
[2025-01-23T20:03:52.359+0000] {logging_mixin.py:120} INFO - [2025-01-23T20:03:52.358+0000] {dag.py:2585} INFO - Sync 1 DAGs
[2025-01-23T20:03:52.416+0000] {logging_mixin.py:120} INFO - [2025-01-23T20:03:52.415+0000] {dag.py:3340} INFO - Setting next_dagrun for tutorial to 2025-01-22T20:03:52.415412+00:00, run_after=2025-01-23T20:03:52.415412+00:00
[2025-01-23T20:03:52.454+0000] {processor.py:176} INFO - Processing /home/airflow/.local/lib/python3.7/site-packages/airflow/example_dags/tutorial.py took 0.192 seconds
[2025-01-23T20:04:22.869+0000] {processor.py:154} INFO - Started process (PID=46824) to work on /home/airflow/.local/lib/python3.7/site-packages/airflow/example_dags/tutorial.py
[2025-01-23T20:04:22.873+0000] {processor.py:756} INFO - Processing file /home/airflow/.local/lib/python3.7/site-packages/airflow/example_dags/tutorial.py for tasks to queue
[2025-01-23T20:04:22.877+0000] {logging_mixin.py:120} INFO - [2025-01-23T20:04:22.876+0000] {dagbag.py:537} INFO - Filling up the DagBag from /home/airflow/.local/lib/python3.7/site-packages/airflow/example_dags/tutorial.py
[2025-01-23T20:04:22.952+0000] {processor.py:766} INFO - DAG(s) dict_keys(['tutorial']) retrieved from /home/airflow/.local/lib/python3.7/site-packages/airflow/example_dags/tutorial.py
[2025-01-23T20:04:23.109+0000] {logging_mixin.py:120} INFO - [2025-01-23T20:04:23.108+0000] {dag.py:2585} INFO - Sync 1 DAGs
[2025-01-23T20:04:23.207+0000] {logging_mixin.py:120} INFO - [2025-01-23T20:04:23.207+0000] {dag.py:3340} INFO - Setting next_dagrun for tutorial to 2025-01-22T20:04:23.203098+00:00, run_after=2025-01-23T20:04:23.203098+00:00
[2025-01-23T20:04:23.299+0000] {processor.py:176} INFO - Processing /home/airflow/.local/lib/python3.7/site-packages/airflow/example_dags/tutorial.py took 0.445 seconds
[2025-01-23T20:04:54.287+0000] {processor.py:154} INFO - Started process (PID=46878) to work on /home/airflow/.local/lib/python3.7/site-packages/airflow/example_dags/tutorial.py
[2025-01-23T20:04:54.291+0000] {processor.py:756} INFO - Processing file /home/airflow/.local/lib/python3.7/site-packages/airflow/example_dags/tutorial.py for tasks to queue
[2025-01-23T20:04:54.296+0000] {logging_mixin.py:120} INFO - [2025-01-23T20:04:54.295+0000] {dagbag.py:537} INFO - Filling up the DagBag from /home/airflow/.local/lib/python3.7/site-packages/airflow/example_dags/tutorial.py
[2025-01-23T20:04:54.347+0000] {processor.py:766} INFO - DAG(s) dict_keys(['tutorial']) retrieved from /home/airflow/.local/lib/python3.7/site-packages/airflow/example_dags/tutorial.py
[2025-01-23T20:04:54.432+0000] {logging_mixin.py:120} INFO - [2025-01-23T20:04:54.431+0000] {dag.py:2585} INFO - Sync 1 DAGs
[2025-01-23T20:04:54.500+0000] {logging_mixin.py:120} INFO - [2025-01-23T20:04:54.496+0000] {dag.py:3340} INFO - Setting next_dagrun for tutorial to 2025-01-22T20:04:54.496285+00:00, run_after=2025-01-23T20:04:54.496285+00:00
[2025-01-23T20:04:54.549+0000] {processor.py:176} INFO - Processing /home/airflow/.local/lib/python3.7/site-packages/airflow/example_dags/tutorial.py took 0.285 seconds
[2025-01-23T20:05:25.014+0000] {processor.py:154} INFO - Started process (PID=46941) to work on /home/airflow/.local/lib/python3.7/site-packages/airflow/example_dags/tutorial.py
[2025-01-23T20:05:25.018+0000] {processor.py:756} INFO - Processing file /home/airflow/.local/lib/python3.7/site-packages/airflow/example_dags/tutorial.py for tasks to queue
[2025-01-23T20:05:25.022+0000] {logging_mixin.py:120} INFO - [2025-01-23T20:05:25.022+0000] {dagbag.py:537} INFO - Filling up the DagBag from /home/airflow/.local/lib/python3.7/site-packages/airflow/example_dags/tutorial.py
[2025-01-23T20:05:25.102+0000] {processor.py:766} INFO - DAG(s) dict_keys(['tutorial']) retrieved from /home/airflow/.local/lib/python3.7/site-packages/airflow/example_dags/tutorial.py
[2025-01-23T20:05:25.306+0000] {logging_mixin.py:120} INFO - [2025-01-23T20:05:25.305+0000] {dag.py:2585} INFO - Sync 1 DAGs
[2025-01-23T20:05:25.419+0000] {logging_mixin.py:120} INFO - [2025-01-23T20:05:25.418+0000] {dag.py:3340} INFO - Setting next_dagrun for tutorial to 2025-01-22T20:05:25.417840+00:00, run_after=2025-01-23T20:05:25.417840+00:00
[2025-01-23T20:05:25.504+0000] {processor.py:176} INFO - Processing /home/airflow/.local/lib/python3.7/site-packages/airflow/example_dags/tutorial.py took 0.507 seconds
[2025-01-23T20:05:55.831+0000] {processor.py:154} INFO - Started process (PID=46995) to work on /home/airflow/.local/lib/python3.7/site-packages/airflow/example_dags/tutorial.py
[2025-01-23T20:05:55.833+0000] {processor.py:756} INFO - Processing file /home/airflow/.local/lib/python3.7/site-packages/airflow/example_dags/tutorial.py for tasks to queue
[2025-01-23T20:05:55.836+0000] {logging_mixin.py:120} INFO - [2025-01-23T20:05:55.836+0000] {dagbag.py:537} INFO - Filling up the DagBag from /home/airflow/.local/lib/python3.7/site-packages/airflow/example_dags/tutorial.py
[2025-01-23T20:05:55.861+0000] {processor.py:766} INFO - DAG(s) dict_keys(['tutorial']) retrieved from /home/airflow/.local/lib/python3.7/site-packages/airflow/example_dags/tutorial.py
[2025-01-23T20:05:55.938+0000] {logging_mixin.py:120} INFO - [2025-01-23T20:05:55.938+0000] {dag.py:2585} INFO - Sync 1 DAGs
[2025-01-23T20:05:55.987+0000] {logging_mixin.py:120} INFO - [2025-01-23T20:05:55.987+0000] {dag.py:3340} INFO - Setting next_dagrun for tutorial to 2025-01-22T20:05:55.987229+00:00, run_after=2025-01-23T20:05:55.987229+00:00
[2025-01-23T20:05:56.018+0000] {processor.py:176} INFO - Processing /home/airflow/.local/lib/python3.7/site-packages/airflow/example_dags/tutorial.py took 0.193 seconds
[2025-01-23T20:06:26.262+0000] {processor.py:154} INFO - Started process (PID=47058) to work on /home/airflow/.local/lib/python3.7/site-packages/airflow/example_dags/tutorial.py
[2025-01-23T20:06:26.266+0000] {processor.py:756} INFO - Processing file /home/airflow/.local/lib/python3.7/site-packages/airflow/example_dags/tutorial.py for tasks to queue
[2025-01-23T20:06:26.269+0000] {logging_mixin.py:120} INFO - [2025-01-23T20:06:26.269+0000] {dagbag.py:537} INFO - Filling up the DagBag from /home/airflow/.local/lib/python3.7/site-packages/airflow/example_dags/tutorial.py
[2025-01-23T20:06:26.328+0000] {processor.py:766} INFO - DAG(s) dict_keys(['tutorial']) retrieved from /home/airflow/.local/lib/python3.7/site-packages/airflow/example_dags/tutorial.py
[2025-01-23T20:06:26.486+0000] {logging_mixin.py:120} INFO - [2025-01-23T20:06:26.485+0000] {dag.py:2585} INFO - Sync 1 DAGs
[2025-01-23T20:06:26.547+0000] {logging_mixin.py:120} INFO - [2025-01-23T20:06:26.546+0000] {dag.py:3340} INFO - Setting next_dagrun for tutorial to 2025-01-22T20:06:26.546474+00:00, run_after=2025-01-23T20:06:26.546474+00:00
[2025-01-23T20:06:26.598+0000] {processor.py:176} INFO - Processing /home/airflow/.local/lib/python3.7/site-packages/airflow/example_dags/tutorial.py took 0.349 seconds
[2025-01-23T20:06:56.794+0000] {processor.py:154} INFO - Started process (PID=47112) to work on /home/airflow/.local/lib/python3.7/site-packages/airflow/example_dags/tutorial.py
[2025-01-23T20:06:56.798+0000] {processor.py:756} INFO - Processing file /home/airflow/.local/lib/python3.7/site-packages/airflow/example_dags/tutorial.py for tasks to queue
[2025-01-23T20:06:56.802+0000] {logging_mixin.py:120} INFO - [2025-01-23T20:06:56.802+0000] {dagbag.py:537} INFO - Filling up the DagBag from /home/airflow/.local/lib/python3.7/site-packages/airflow/example_dags/tutorial.py
[2025-01-23T20:06:56.876+0000] {processor.py:766} INFO - DAG(s) dict_keys(['tutorial']) retrieved from /home/airflow/.local/lib/python3.7/site-packages/airflow/example_dags/tutorial.py
[2025-01-23T20:06:57.057+0000] {logging_mixin.py:120} INFO - [2025-01-23T20:06:57.056+0000] {dag.py:2585} INFO - Sync 1 DAGs
[2025-01-23T20:06:57.170+0000] {logging_mixin.py:120} INFO - [2025-01-23T20:06:57.170+0000] {dag.py:3340} INFO - Setting next_dagrun for tutorial to 2025-01-22T20:06:57.169513+00:00, run_after=2025-01-23T20:06:57.169513+00:00
[2025-01-23T20:06:57.266+0000] {processor.py:176} INFO - Processing /home/airflow/.local/lib/python3.7/site-packages/airflow/example_dags/tutorial.py took 0.487 seconds
[2025-01-23T20:07:27.725+0000] {processor.py:154} INFO - Started process (PID=47175) to work on /home/airflow/.local/lib/python3.7/site-packages/airflow/example_dags/tutorial.py
[2025-01-23T20:07:27.729+0000] {processor.py:756} INFO - Processing file /home/airflow/.local/lib/python3.7/site-packages/airflow/example_dags/tutorial.py for tasks to queue
[2025-01-23T20:07:27.732+0000] {logging_mixin.py:120} INFO - [2025-01-23T20:07:27.731+0000] {dagbag.py:537} INFO - Filling up the DagBag from /home/airflow/.local/lib/python3.7/site-packages/airflow/example_dags/tutorial.py
[2025-01-23T20:07:27.811+0000] {processor.py:766} INFO - DAG(s) dict_keys(['tutorial']) retrieved from /home/airflow/.local/lib/python3.7/site-packages/airflow/example_dags/tutorial.py
[2025-01-23T20:07:27.964+0000] {logging_mixin.py:120} INFO - [2025-01-23T20:07:27.964+0000] {dag.py:2585} INFO - Sync 1 DAGs
[2025-01-23T20:07:28.081+0000] {logging_mixin.py:120} INFO - [2025-01-23T20:07:28.080+0000] {dag.py:3340} INFO - Setting next_dagrun for tutorial to 2025-01-22T20:07:28.079921+00:00, run_after=2025-01-23T20:07:28.079921+00:00
[2025-01-23T20:07:28.161+0000] {processor.py:176} INFO - Processing /home/airflow/.local/lib/python3.7/site-packages/airflow/example_dags/tutorial.py took 0.447 seconds
[2025-01-23T20:07:58.655+0000] {processor.py:154} INFO - Started process (PID=47228) to work on /home/airflow/.local/lib/python3.7/site-packages/airflow/example_dags/tutorial.py
[2025-01-23T20:07:58.658+0000] {processor.py:756} INFO - Processing file /home/airflow/.local/lib/python3.7/site-packages/airflow/example_dags/tutorial.py for tasks to queue
[2025-01-23T20:07:58.661+0000] {logging_mixin.py:120} INFO - [2025-01-23T20:07:58.660+0000] {dagbag.py:537} INFO - Filling up the DagBag from /home/airflow/.local/lib/python3.7/site-packages/airflow/example_dags/tutorial.py
[2025-01-23T20:07:58.701+0000] {processor.py:766} INFO - DAG(s) dict_keys(['tutorial']) retrieved from /home/airflow/.local/lib/python3.7/site-packages/airflow/example_dags/tutorial.py
[2025-01-23T20:07:58.795+0000] {logging_mixin.py:120} INFO - [2025-01-23T20:07:58.795+0000] {dag.py:2585} INFO - Sync 1 DAGs
[2025-01-23T20:07:58.836+0000] {logging_mixin.py:120} INFO - [2025-01-23T20:07:58.835+0000] {dag.py:3340} INFO - Setting next_dagrun for tutorial to 2025-01-22T20:07:58.835638+00:00, run_after=2025-01-23T20:07:58.835638+00:00
[2025-01-23T20:07:58.874+0000] {processor.py:176} INFO - Processing /home/airflow/.local/lib/python3.7/site-packages/airflow/example_dags/tutorial.py took 0.230 seconds
[2025-01-23T20:08:29.555+0000] {processor.py:154} INFO - Started process (PID=47291) to work on /home/airflow/.local/lib/python3.7/site-packages/airflow/example_dags/tutorial.py
[2025-01-23T20:08:29.556+0000] {processor.py:756} INFO - Processing file /home/airflow/.local/lib/python3.7/site-packages/airflow/example_dags/tutorial.py for tasks to queue
[2025-01-23T20:08:29.558+0000] {logging_mixin.py:120} INFO - [2025-01-23T20:08:29.558+0000] {dagbag.py:537} INFO - Filling up the DagBag from /home/airflow/.local/lib/python3.7/site-packages/airflow/example_dags/tutorial.py
[2025-01-23T20:08:29.582+0000] {processor.py:766} INFO - DAG(s) dict_keys(['tutorial']) retrieved from /home/airflow/.local/lib/python3.7/site-packages/airflow/example_dags/tutorial.py
[2025-01-23T20:08:29.650+0000] {logging_mixin.py:120} INFO - [2025-01-23T20:08:29.649+0000] {dag.py:2585} INFO - Sync 1 DAGs
[2025-01-23T20:08:29.697+0000] {logging_mixin.py:120} INFO - [2025-01-23T20:08:29.697+0000] {dag.py:3340} INFO - Setting next_dagrun for tutorial to 2025-01-22T20:08:29.696918+00:00, run_after=2025-01-23T20:08:29.696918+00:00
[2025-01-23T20:08:29.736+0000] {processor.py:176} INFO - Processing /home/airflow/.local/lib/python3.7/site-packages/airflow/example_dags/tutorial.py took 0.187 seconds
[2025-01-23T20:08:59.893+0000] {processor.py:154} INFO - Started process (PID=47345) to work on /home/airflow/.local/lib/python3.7/site-packages/airflow/example_dags/tutorial.py
[2025-01-23T20:08:59.895+0000] {processor.py:756} INFO - Processing file /home/airflow/.local/lib/python3.7/site-packages/airflow/example_dags/tutorial.py for tasks to queue
[2025-01-23T20:08:59.897+0000] {logging_mixin.py:120} INFO - [2025-01-23T20:08:59.896+0000] {dagbag.py:537} INFO - Filling up the DagBag from /home/airflow/.local/lib/python3.7/site-packages/airflow/example_dags/tutorial.py
[2025-01-23T20:08:59.921+0000] {processor.py:766} INFO - DAG(s) dict_keys(['tutorial']) retrieved from /home/airflow/.local/lib/python3.7/site-packages/airflow/example_dags/tutorial.py
[2025-01-23T20:08:59.990+0000] {logging_mixin.py:120} INFO - [2025-01-23T20:08:59.990+0000] {dag.py:2585} INFO - Sync 1 DAGs
[2025-01-23T20:09:00.037+0000] {logging_mixin.py:120} INFO - [2025-01-23T20:09:00.037+0000] {dag.py:3340} INFO - Setting next_dagrun for tutorial to 2025-01-22T20:09:00.036745+00:00, run_after=2025-01-23T20:09:00.036745+00:00
[2025-01-23T20:09:00.069+0000] {processor.py:176} INFO - Processing /home/airflow/.local/lib/python3.7/site-packages/airflow/example_dags/tutorial.py took 0.183 seconds
[2025-01-23T20:09:30.123+0000] {processor.py:154} INFO - Started process (PID=47405) to work on /home/airflow/.local/lib/python3.7/site-packages/airflow/example_dags/tutorial.py
[2025-01-23T20:09:30.125+0000] {processor.py:756} INFO - Processing file /home/airflow/.local/lib/python3.7/site-packages/airflow/example_dags/tutorial.py for tasks to queue
[2025-01-23T20:09:30.127+0000] {logging_mixin.py:120} INFO - [2025-01-23T20:09:30.127+0000] {dagbag.py:537} INFO - Filling up the DagBag from /home/airflow/.local/lib/python3.7/site-packages/airflow/example_dags/tutorial.py
[2025-01-23T20:09:30.161+0000] {processor.py:766} INFO - DAG(s) dict_keys(['tutorial']) retrieved from /home/airflow/.local/lib/python3.7/site-packages/airflow/example_dags/tutorial.py
[2025-01-23T20:09:30.242+0000] {logging_mixin.py:120} INFO - [2025-01-23T20:09:30.242+0000] {dag.py:2585} INFO - Sync 1 DAGs
[2025-01-23T20:09:30.293+0000] {logging_mixin.py:120} INFO - [2025-01-23T20:09:30.293+0000] {dag.py:3340} INFO - Setting next_dagrun for tutorial to 2025-01-22T20:09:30.292583+00:00, run_after=2025-01-23T20:09:30.292583+00:00
[2025-01-23T20:09:30.336+0000] {processor.py:176} INFO - Processing /home/airflow/.local/lib/python3.7/site-packages/airflow/example_dags/tutorial.py took 0.218 seconds
[2025-01-23T20:10:01.165+0000] {processor.py:154} INFO - Started process (PID=47461) to work on /home/airflow/.local/lib/python3.7/site-packages/airflow/example_dags/tutorial.py
[2025-01-23T20:10:01.167+0000] {processor.py:756} INFO - Processing file /home/airflow/.local/lib/python3.7/site-packages/airflow/example_dags/tutorial.py for tasks to queue
[2025-01-23T20:10:01.168+0000] {logging_mixin.py:120} INFO - [2025-01-23T20:10:01.168+0000] {dagbag.py:537} INFO - Filling up the DagBag from /home/airflow/.local/lib/python3.7/site-packages/airflow/example_dags/tutorial.py
[2025-01-23T20:10:01.193+0000] {processor.py:766} INFO - DAG(s) dict_keys(['tutorial']) retrieved from /home/airflow/.local/lib/python3.7/site-packages/airflow/example_dags/tutorial.py
[2025-01-23T20:10:01.260+0000] {logging_mixin.py:120} INFO - [2025-01-23T20:10:01.260+0000] {dag.py:2585} INFO - Sync 1 DAGs
[2025-01-23T20:10:01.305+0000] {logging_mixin.py:120} INFO - [2025-01-23T20:10:01.305+0000] {dag.py:3340} INFO - Setting next_dagrun for tutorial to 2025-01-22T20:10:01.305073+00:00, run_after=2025-01-23T20:10:01.305073+00:00
[2025-01-23T20:10:01.351+0000] {processor.py:176} INFO - Processing /home/airflow/.local/lib/python3.7/site-packages/airflow/example_dags/tutorial.py took 0.191 seconds
[2025-01-23T20:10:31.733+0000] {processor.py:154} INFO - Started process (PID=47515) to work on /home/airflow/.local/lib/python3.7/site-packages/airflow/example_dags/tutorial.py
[2025-01-23T20:10:31.735+0000] {processor.py:756} INFO - Processing file /home/airflow/.local/lib/python3.7/site-packages/airflow/example_dags/tutorial.py for tasks to queue
[2025-01-23T20:10:31.737+0000] {logging_mixin.py:120} INFO - [2025-01-23T20:10:31.736+0000] {dagbag.py:537} INFO - Filling up the DagBag from /home/airflow/.local/lib/python3.7/site-packages/airflow/example_dags/tutorial.py
[2025-01-23T20:10:31.770+0000] {processor.py:766} INFO - DAG(s) dict_keys(['tutorial']) retrieved from /home/airflow/.local/lib/python3.7/site-packages/airflow/example_dags/tutorial.py
[2025-01-23T20:10:31.863+0000] {logging_mixin.py:120} INFO - [2025-01-23T20:10:31.863+0000] {dag.py:2585} INFO - Sync 1 DAGs
[2025-01-23T20:10:31.922+0000] {logging_mixin.py:120} INFO - [2025-01-23T20:10:31.921+0000] {dag.py:3340} INFO - Setting next_dagrun for tutorial to 2025-01-22T20:10:31.921421+00:00, run_after=2025-01-23T20:10:31.921421+00:00
[2025-01-23T20:10:31.962+0000] {processor.py:176} INFO - Processing /home/airflow/.local/lib/python3.7/site-packages/airflow/example_dags/tutorial.py took 0.237 seconds
[2025-01-23T20:11:02.271+0000] {processor.py:154} INFO - Started process (PID=47577) to work on /home/airflow/.local/lib/python3.7/site-packages/airflow/example_dags/tutorial.py
[2025-01-23T20:11:02.275+0000] {processor.py:756} INFO - Processing file /home/airflow/.local/lib/python3.7/site-packages/airflow/example_dags/tutorial.py for tasks to queue
[2025-01-23T20:11:02.279+0000] {logging_mixin.py:120} INFO - [2025-01-23T20:11:02.279+0000] {dagbag.py:537} INFO - Filling up the DagBag from /home/airflow/.local/lib/python3.7/site-packages/airflow/example_dags/tutorial.py
[2025-01-23T20:11:02.345+0000] {processor.py:766} INFO - DAG(s) dict_keys(['tutorial']) retrieved from /home/airflow/.local/lib/python3.7/site-packages/airflow/example_dags/tutorial.py
[2025-01-23T20:11:02.472+0000] {logging_mixin.py:120} INFO - [2025-01-23T20:11:02.472+0000] {dag.py:2585} INFO - Sync 1 DAGs
[2025-01-23T20:11:02.515+0000] {logging_mixin.py:120} INFO - [2025-01-23T20:11:02.515+0000] {dag.py:3340} INFO - Setting next_dagrun for tutorial to 2025-01-22T20:11:02.514863+00:00, run_after=2025-01-23T20:11:02.514863+00:00
[2025-01-23T20:11:02.555+0000] {processor.py:176} INFO - Processing /home/airflow/.local/lib/python3.7/site-packages/airflow/example_dags/tutorial.py took 0.304 seconds
[2025-01-23T20:11:32.760+0000] {processor.py:154} INFO - Started process (PID=47630) to work on /home/airflow/.local/lib/python3.7/site-packages/airflow/example_dags/tutorial.py
[2025-01-23T20:11:32.764+0000] {processor.py:756} INFO - Processing file /home/airflow/.local/lib/python3.7/site-packages/airflow/example_dags/tutorial.py for tasks to queue
[2025-01-23T20:11:32.767+0000] {logging_mixin.py:120} INFO - [2025-01-23T20:11:32.766+0000] {dagbag.py:537} INFO - Filling up the DagBag from /home/airflow/.local/lib/python3.7/site-packages/airflow/example_dags/tutorial.py
[2025-01-23T20:11:32.840+0000] {processor.py:766} INFO - DAG(s) dict_keys(['tutorial']) retrieved from /home/airflow/.local/lib/python3.7/site-packages/airflow/example_dags/tutorial.py
[2025-01-23T20:11:32.926+0000] {logging_mixin.py:120} INFO - [2025-01-23T20:11:32.925+0000] {dag.py:2585} INFO - Sync 1 DAGs
[2025-01-23T20:11:32.971+0000] {logging_mixin.py:120} INFO - [2025-01-23T20:11:32.971+0000] {dag.py:3340} INFO - Setting next_dagrun for tutorial to 2025-01-22T20:11:32.970808+00:00, run_after=2025-01-23T20:11:32.970808+00:00
[2025-01-23T20:11:33.009+0000] {processor.py:176} INFO - Processing /home/airflow/.local/lib/python3.7/site-packages/airflow/example_dags/tutorial.py took 0.263 seconds
[2025-01-23T20:12:03.147+0000] {processor.py:154} INFO - Started process (PID=47694) to work on /home/airflow/.local/lib/python3.7/site-packages/airflow/example_dags/tutorial.py
[2025-01-23T20:12:03.156+0000] {processor.py:756} INFO - Processing file /home/airflow/.local/lib/python3.7/site-packages/airflow/example_dags/tutorial.py for tasks to queue
[2025-01-23T20:12:03.158+0000] {logging_mixin.py:120} INFO - [2025-01-23T20:12:03.157+0000] {dagbag.py:537} INFO - Filling up the DagBag from /home/airflow/.local/lib/python3.7/site-packages/airflow/example_dags/tutorial.py
[2025-01-23T20:12:03.235+0000] {processor.py:766} INFO - DAG(s) dict_keys(['tutorial']) retrieved from /home/airflow/.local/lib/python3.7/site-packages/airflow/example_dags/tutorial.py
[2025-01-23T20:12:03.509+0000] {logging_mixin.py:120} INFO - [2025-01-23T20:12:03.505+0000] {dag.py:2585} INFO - Sync 1 DAGs
[2025-01-23T20:12:03.655+0000] {logging_mixin.py:120} INFO - [2025-01-23T20:12:03.654+0000] {dag.py:3340} INFO - Setting next_dagrun for tutorial to 2025-01-22T20:12:03.654057+00:00, run_after=2025-01-23T20:12:03.654057+00:00
[2025-01-23T20:12:03.773+0000] {processor.py:176} INFO - Processing /home/airflow/.local/lib/python3.7/site-packages/airflow/example_dags/tutorial.py took 0.638 seconds
[2025-01-23T20:12:34.161+0000] {processor.py:154} INFO - Started process (PID=47748) to work on /home/airflow/.local/lib/python3.7/site-packages/airflow/example_dags/tutorial.py
[2025-01-23T20:12:34.163+0000] {processor.py:756} INFO - Processing file /home/airflow/.local/lib/python3.7/site-packages/airflow/example_dags/tutorial.py for tasks to queue
[2025-01-23T20:12:34.166+0000] {logging_mixin.py:120} INFO - [2025-01-23T20:12:34.165+0000] {dagbag.py:537} INFO - Filling up the DagBag from /home/airflow/.local/lib/python3.7/site-packages/airflow/example_dags/tutorial.py
[2025-01-23T20:12:34.215+0000] {processor.py:766} INFO - DAG(s) dict_keys(['tutorial']) retrieved from /home/airflow/.local/lib/python3.7/site-packages/airflow/example_dags/tutorial.py
[2025-01-23T20:12:34.336+0000] {logging_mixin.py:120} INFO - [2025-01-23T20:12:34.336+0000] {dag.py:2585} INFO - Sync 1 DAGs
[2025-01-23T20:12:34.444+0000] {logging_mixin.py:120} INFO - [2025-01-23T20:12:34.443+0000] {dag.py:3340} INFO - Setting next_dagrun for tutorial to 2025-01-22T20:12:34.443157+00:00, run_after=2025-01-23T20:12:34.443157+00:00
[2025-01-23T20:12:34.525+0000] {processor.py:176} INFO - Processing /home/airflow/.local/lib/python3.7/site-packages/airflow/example_dags/tutorial.py took 0.379 seconds
