[2025-01-23T19:50:40.181+0000] {processor.py:154} INFO - Started process (PID=45315) to work on /home/airflow/.local/lib/python3.7/site-packages/airflow/example_dags/tutorial_taskflow_api.py
[2025-01-23T19:50:40.199+0000] {processor.py:756} INFO - Processing file /home/airflow/.local/lib/python3.7/site-packages/airflow/example_dags/tutorial_taskflow_api.py for tasks to queue
[2025-01-23T19:50:40.214+0000] {logging_mixin.py:120} INFO - [2025-01-23T19:50:40.214+0000] {dagbag.py:537} INFO - Filling up the DagBag from /home/airflow/.local/lib/python3.7/site-packages/airflow/example_dags/tutorial_taskflow_api.py
[2025-01-23T19:50:40.431+0000] {processor.py:766} INFO - DAG(s) dict_keys(['tutorial_taskflow_api']) retrieved from /home/airflow/.local/lib/python3.7/site-packages/airflow/example_dags/tutorial_taskflow_api.py
[2025-01-23T19:50:40.685+0000] {logging_mixin.py:120} INFO - [2025-01-23T19:50:40.684+0000] {dag.py:2585} INFO - Sync 1 DAGs
[2025-01-23T19:50:40.860+0000] {logging_mixin.py:120} INFO - [2025-01-23T19:50:40.859+0000] {dag.py:3340} INFO - Setting next_dagrun for tutorial_taskflow_api to None, run_after=None
[2025-01-23T19:50:40.964+0000] {processor.py:176} INFO - Processing /home/airflow/.local/lib/python3.7/site-packages/airflow/example_dags/tutorial_taskflow_api.py took 0.802 seconds
[2025-01-23T19:51:12.706+0000] {processor.py:154} INFO - Started process (PID=45370) to work on /home/airflow/.local/lib/python3.7/site-packages/airflow/example_dags/tutorial_taskflow_api.py
[2025-01-23T19:51:12.710+0000] {processor.py:756} INFO - Processing file /home/airflow/.local/lib/python3.7/site-packages/airflow/example_dags/tutorial_taskflow_api.py for tasks to queue
[2025-01-23T19:51:12.718+0000] {logging_mixin.py:120} INFO - [2025-01-23T19:51:12.718+0000] {dagbag.py:537} INFO - Filling up the DagBag from /home/airflow/.local/lib/python3.7/site-packages/airflow/example_dags/tutorial_taskflow_api.py
[2025-01-23T19:51:12.828+0000] {processor.py:766} INFO - DAG(s) dict_keys(['tutorial_taskflow_api']) retrieved from /home/airflow/.local/lib/python3.7/site-packages/airflow/example_dags/tutorial_taskflow_api.py
[2025-01-23T19:51:13.022+0000] {logging_mixin.py:120} INFO - [2025-01-23T19:51:13.021+0000] {dag.py:2585} INFO - Sync 1 DAGs
[2025-01-23T19:51:13.118+0000] {logging_mixin.py:120} INFO - [2025-01-23T19:51:13.117+0000] {dag.py:3340} INFO - Setting next_dagrun for tutorial_taskflow_api to None, run_after=None
[2025-01-23T19:51:13.202+0000] {processor.py:176} INFO - Processing /home/airflow/.local/lib/python3.7/site-packages/airflow/example_dags/tutorial_taskflow_api.py took 0.503 seconds
[2025-01-23T19:51:44.833+0000] {processor.py:154} INFO - Started process (PID=45424) to work on /home/airflow/.local/lib/python3.7/site-packages/airflow/example_dags/tutorial_taskflow_api.py
[2025-01-23T19:51:44.836+0000] {processor.py:756} INFO - Processing file /home/airflow/.local/lib/python3.7/site-packages/airflow/example_dags/tutorial_taskflow_api.py for tasks to queue
[2025-01-23T19:51:44.849+0000] {logging_mixin.py:120} INFO - [2025-01-23T19:51:44.848+0000] {dagbag.py:537} INFO - Filling up the DagBag from /home/airflow/.local/lib/python3.7/site-packages/airflow/example_dags/tutorial_taskflow_api.py
[2025-01-23T19:51:44.996+0000] {processor.py:766} INFO - DAG(s) dict_keys(['tutorial_taskflow_api']) retrieved from /home/airflow/.local/lib/python3.7/site-packages/airflow/example_dags/tutorial_taskflow_api.py
[2025-01-23T19:51:45.274+0000] {logging_mixin.py:120} INFO - [2025-01-23T19:51:45.273+0000] {dag.py:2585} INFO - Sync 1 DAGs
[2025-01-23T19:51:45.486+0000] {logging_mixin.py:120} INFO - [2025-01-23T19:51:45.485+0000] {dag.py:3340} INFO - Setting next_dagrun for tutorial_taskflow_api to None, run_after=None
[2025-01-23T19:51:45.633+0000] {processor.py:176} INFO - Processing /home/airflow/.local/lib/python3.7/site-packages/airflow/example_dags/tutorial_taskflow_api.py took 0.823 seconds
[2025-01-23T19:52:15.882+0000] {processor.py:154} INFO - Started process (PID=45469) to work on /home/airflow/.local/lib/python3.7/site-packages/airflow/example_dags/tutorial_taskflow_api.py
[2025-01-23T19:52:15.900+0000] {processor.py:756} INFO - Processing file /home/airflow/.local/lib/python3.7/site-packages/airflow/example_dags/tutorial_taskflow_api.py for tasks to queue
[2025-01-23T19:52:15.902+0000] {logging_mixin.py:120} INFO - [2025-01-23T19:52:15.902+0000] {dagbag.py:537} INFO - Filling up the DagBag from /home/airflow/.local/lib/python3.7/site-packages/airflow/example_dags/tutorial_taskflow_api.py
[2025-01-23T19:52:16.041+0000] {processor.py:766} INFO - DAG(s) dict_keys(['tutorial_taskflow_api']) retrieved from /home/airflow/.local/lib/python3.7/site-packages/airflow/example_dags/tutorial_taskflow_api.py
[2025-01-23T19:52:16.267+0000] {logging_mixin.py:120} INFO - [2025-01-23T19:52:16.267+0000] {dag.py:2585} INFO - Sync 1 DAGs
[2025-01-23T19:52:16.362+0000] {logging_mixin.py:120} INFO - [2025-01-23T19:52:16.362+0000] {dag.py:3340} INFO - Setting next_dagrun for tutorial_taskflow_api to None, run_after=None
[2025-01-23T19:52:16.484+0000] {processor.py:176} INFO - Processing /home/airflow/.local/lib/python3.7/site-packages/airflow/example_dags/tutorial_taskflow_api.py took 0.626 seconds
[2025-01-23T19:52:47.038+0000] {processor.py:154} INFO - Started process (PID=45522) to work on /home/airflow/.local/lib/python3.7/site-packages/airflow/example_dags/tutorial_taskflow_api.py
[2025-01-23T19:52:47.041+0000] {processor.py:756} INFO - Processing file /home/airflow/.local/lib/python3.7/site-packages/airflow/example_dags/tutorial_taskflow_api.py for tasks to queue
[2025-01-23T19:52:47.042+0000] {logging_mixin.py:120} INFO - [2025-01-23T19:52:47.042+0000] {dagbag.py:537} INFO - Filling up the DagBag from /home/airflow/.local/lib/python3.7/site-packages/airflow/example_dags/tutorial_taskflow_api.py
[2025-01-23T19:52:47.129+0000] {processor.py:766} INFO - DAG(s) dict_keys(['tutorial_taskflow_api']) retrieved from /home/airflow/.local/lib/python3.7/site-packages/airflow/example_dags/tutorial_taskflow_api.py
[2025-01-23T19:52:47.295+0000] {logging_mixin.py:120} INFO - [2025-01-23T19:52:47.295+0000] {dag.py:2585} INFO - Sync 1 DAGs
[2025-01-23T19:52:47.415+0000] {logging_mixin.py:120} INFO - [2025-01-23T19:52:47.415+0000] {dag.py:3340} INFO - Setting next_dagrun for tutorial_taskflow_api to None, run_after=None
[2025-01-23T19:52:47.492+0000] {processor.py:176} INFO - Processing /home/airflow/.local/lib/python3.7/site-packages/airflow/example_dags/tutorial_taskflow_api.py took 0.468 seconds
[2025-01-23T19:53:18.299+0000] {processor.py:154} INFO - Started process (PID=45576) to work on /home/airflow/.local/lib/python3.7/site-packages/airflow/example_dags/tutorial_taskflow_api.py
[2025-01-23T19:53:18.303+0000] {processor.py:756} INFO - Processing file /home/airflow/.local/lib/python3.7/site-packages/airflow/example_dags/tutorial_taskflow_api.py for tasks to queue
[2025-01-23T19:53:18.307+0000] {logging_mixin.py:120} INFO - [2025-01-23T19:53:18.307+0000] {dagbag.py:537} INFO - Filling up the DagBag from /home/airflow/.local/lib/python3.7/site-packages/airflow/example_dags/tutorial_taskflow_api.py
[2025-01-23T19:53:18.412+0000] {processor.py:766} INFO - DAG(s) dict_keys(['tutorial_taskflow_api']) retrieved from /home/airflow/.local/lib/python3.7/site-packages/airflow/example_dags/tutorial_taskflow_api.py
[2025-01-23T19:53:18.511+0000] {logging_mixin.py:120} INFO - [2025-01-23T19:53:18.511+0000] {dag.py:2585} INFO - Sync 1 DAGs
[2025-01-23T19:53:18.598+0000] {logging_mixin.py:120} INFO - [2025-01-23T19:53:18.598+0000] {dag.py:3340} INFO - Setting next_dagrun for tutorial_taskflow_api to None, run_after=None
[2025-01-23T19:53:18.680+0000] {processor.py:176} INFO - Processing /home/airflow/.local/lib/python3.7/site-packages/airflow/example_dags/tutorial_taskflow_api.py took 0.393 seconds
[2025-01-23T19:53:48.996+0000] {processor.py:154} INFO - Started process (PID=45639) to work on /home/airflow/.local/lib/python3.7/site-packages/airflow/example_dags/tutorial_taskflow_api.py
[2025-01-23T19:53:49.001+0000] {processor.py:756} INFO - Processing file /home/airflow/.local/lib/python3.7/site-packages/airflow/example_dags/tutorial_taskflow_api.py for tasks to queue
[2025-01-23T19:53:49.004+0000] {logging_mixin.py:120} INFO - [2025-01-23T19:53:49.004+0000] {dagbag.py:537} INFO - Filling up the DagBag from /home/airflow/.local/lib/python3.7/site-packages/airflow/example_dags/tutorial_taskflow_api.py
[2025-01-23T19:53:49.100+0000] {processor.py:766} INFO - DAG(s) dict_keys(['tutorial_taskflow_api']) retrieved from /home/airflow/.local/lib/python3.7/site-packages/airflow/example_dags/tutorial_taskflow_api.py
[2025-01-23T19:53:49.281+0000] {logging_mixin.py:120} INFO - [2025-01-23T19:53:49.280+0000] {dag.py:2585} INFO - Sync 1 DAGs
[2025-01-23T19:53:49.389+0000] {logging_mixin.py:120} INFO - [2025-01-23T19:53:49.389+0000] {dag.py:3340} INFO - Setting next_dagrun for tutorial_taskflow_api to None, run_after=None
[2025-01-23T19:53:49.504+0000] {processor.py:176} INFO - Processing /home/airflow/.local/lib/python3.7/site-packages/airflow/example_dags/tutorial_taskflow_api.py took 0.523 seconds
[2025-01-23T19:54:19.997+0000] {processor.py:154} INFO - Started process (PID=45693) to work on /home/airflow/.local/lib/python3.7/site-packages/airflow/example_dags/tutorial_taskflow_api.py
[2025-01-23T19:54:19.998+0000] {processor.py:756} INFO - Processing file /home/airflow/.local/lib/python3.7/site-packages/airflow/example_dags/tutorial_taskflow_api.py for tasks to queue
[2025-01-23T19:54:19.999+0000] {logging_mixin.py:120} INFO - [2025-01-23T19:54:19.999+0000] {dagbag.py:537} INFO - Filling up the DagBag from /home/airflow/.local/lib/python3.7/site-packages/airflow/example_dags/tutorial_taskflow_api.py
[2025-01-23T19:54:20.035+0000] {processor.py:766} INFO - DAG(s) dict_keys(['tutorial_taskflow_api']) retrieved from /home/airflow/.local/lib/python3.7/site-packages/airflow/example_dags/tutorial_taskflow_api.py
[2025-01-23T19:54:20.158+0000] {logging_mixin.py:120} INFO - [2025-01-23T19:54:20.157+0000] {dag.py:2585} INFO - Sync 1 DAGs
[2025-01-23T19:54:20.245+0000] {logging_mixin.py:120} INFO - [2025-01-23T19:54:20.245+0000] {dag.py:3340} INFO - Setting next_dagrun for tutorial_taskflow_api to None, run_after=None
[2025-01-23T19:54:20.304+0000] {processor.py:176} INFO - Processing /home/airflow/.local/lib/python3.7/site-packages/airflow/example_dags/tutorial_taskflow_api.py took 0.329 seconds
[2025-01-23T19:54:51.000+0000] {processor.py:154} INFO - Started process (PID=45747) to work on /home/airflow/.local/lib/python3.7/site-packages/airflow/example_dags/tutorial_taskflow_api.py
[2025-01-23T19:54:51.003+0000] {processor.py:756} INFO - Processing file /home/airflow/.local/lib/python3.7/site-packages/airflow/example_dags/tutorial_taskflow_api.py for tasks to queue
[2025-01-23T19:54:51.007+0000] {logging_mixin.py:120} INFO - [2025-01-23T19:54:51.007+0000] {dagbag.py:537} INFO - Filling up the DagBag from /home/airflow/.local/lib/python3.7/site-packages/airflow/example_dags/tutorial_taskflow_api.py
[2025-01-23T19:54:51.102+0000] {processor.py:766} INFO - DAG(s) dict_keys(['tutorial_taskflow_api']) retrieved from /home/airflow/.local/lib/python3.7/site-packages/airflow/example_dags/tutorial_taskflow_api.py
[2025-01-23T19:54:51.307+0000] {logging_mixin.py:120} INFO - [2025-01-23T19:54:51.306+0000] {dag.py:2585} INFO - Sync 1 DAGs
[2025-01-23T19:54:51.356+0000] {logging_mixin.py:120} INFO - [2025-01-23T19:54:51.356+0000] {dag.py:3340} INFO - Setting next_dagrun for tutorial_taskflow_api to None, run_after=None
[2025-01-23T19:54:51.388+0000] {processor.py:176} INFO - Processing /home/airflow/.local/lib/python3.7/site-packages/airflow/example_dags/tutorial_taskflow_api.py took 0.401 seconds
[2025-01-23T19:55:21.654+0000] {processor.py:154} INFO - Started process (PID=45811) to work on /home/airflow/.local/lib/python3.7/site-packages/airflow/example_dags/tutorial_taskflow_api.py
[2025-01-23T19:55:21.655+0000] {processor.py:756} INFO - Processing file /home/airflow/.local/lib/python3.7/site-packages/airflow/example_dags/tutorial_taskflow_api.py for tasks to queue
[2025-01-23T19:55:21.657+0000] {logging_mixin.py:120} INFO - [2025-01-23T19:55:21.657+0000] {dagbag.py:537} INFO - Filling up the DagBag from /home/airflow/.local/lib/python3.7/site-packages/airflow/example_dags/tutorial_taskflow_api.py
[2025-01-23T19:55:21.693+0000] {processor.py:766} INFO - DAG(s) dict_keys(['tutorial_taskflow_api']) retrieved from /home/airflow/.local/lib/python3.7/site-packages/airflow/example_dags/tutorial_taskflow_api.py
[2025-01-23T19:55:21.771+0000] {logging_mixin.py:120} INFO - [2025-01-23T19:55:21.771+0000] {dag.py:2585} INFO - Sync 1 DAGs
[2025-01-23T19:55:21.828+0000] {logging_mixin.py:120} INFO - [2025-01-23T19:55:21.828+0000] {dag.py:3340} INFO - Setting next_dagrun for tutorial_taskflow_api to None, run_after=None
[2025-01-23T19:55:21.863+0000] {processor.py:176} INFO - Processing /home/airflow/.local/lib/python3.7/site-packages/airflow/example_dags/tutorial_taskflow_api.py took 0.214 seconds
[2025-01-23T19:55:52.678+0000] {processor.py:154} INFO - Started process (PID=45865) to work on /home/airflow/.local/lib/python3.7/site-packages/airflow/example_dags/tutorial_taskflow_api.py
[2025-01-23T19:55:52.690+0000] {processor.py:756} INFO - Processing file /home/airflow/.local/lib/python3.7/site-packages/airflow/example_dags/tutorial_taskflow_api.py for tasks to queue
[2025-01-23T19:55:52.692+0000] {logging_mixin.py:120} INFO - [2025-01-23T19:55:52.691+0000] {dagbag.py:537} INFO - Filling up the DagBag from /home/airflow/.local/lib/python3.7/site-packages/airflow/example_dags/tutorial_taskflow_api.py
[2025-01-23T19:55:52.835+0000] {processor.py:766} INFO - DAG(s) dict_keys(['tutorial_taskflow_api']) retrieved from /home/airflow/.local/lib/python3.7/site-packages/airflow/example_dags/tutorial_taskflow_api.py
[2025-01-23T19:55:53.100+0000] {logging_mixin.py:120} INFO - [2025-01-23T19:55:53.100+0000] {dag.py:2585} INFO - Sync 1 DAGs
[2025-01-23T19:55:53.280+0000] {logging_mixin.py:120} INFO - [2025-01-23T19:55:53.280+0000] {dag.py:3340} INFO - Setting next_dagrun for tutorial_taskflow_api to None, run_after=None
[2025-01-23T19:55:53.404+0000] {processor.py:176} INFO - Processing /home/airflow/.local/lib/python3.7/site-packages/airflow/example_dags/tutorial_taskflow_api.py took 0.733 seconds
[2025-01-23T19:56:23.743+0000] {processor.py:154} INFO - Started process (PID=45919) to work on /home/airflow/.local/lib/python3.7/site-packages/airflow/example_dags/tutorial_taskflow_api.py
[2025-01-23T19:56:23.745+0000] {processor.py:756} INFO - Processing file /home/airflow/.local/lib/python3.7/site-packages/airflow/example_dags/tutorial_taskflow_api.py for tasks to queue
[2025-01-23T19:56:23.748+0000] {logging_mixin.py:120} INFO - [2025-01-23T19:56:23.747+0000] {dagbag.py:537} INFO - Filling up the DagBag from /home/airflow/.local/lib/python3.7/site-packages/airflow/example_dags/tutorial_taskflow_api.py
[2025-01-23T19:56:23.813+0000] {processor.py:766} INFO - DAG(s) dict_keys(['tutorial_taskflow_api']) retrieved from /home/airflow/.local/lib/python3.7/site-packages/airflow/example_dags/tutorial_taskflow_api.py
[2025-01-23T19:56:23.958+0000] {logging_mixin.py:120} INFO - [2025-01-23T19:56:23.957+0000] {dag.py:2585} INFO - Sync 1 DAGs
[2025-01-23T19:56:24.056+0000] {logging_mixin.py:120} INFO - [2025-01-23T19:56:24.056+0000] {dag.py:3340} INFO - Setting next_dagrun for tutorial_taskflow_api to None, run_after=None
[2025-01-23T19:56:24.116+0000] {processor.py:176} INFO - Processing /home/airflow/.local/lib/python3.7/site-packages/airflow/example_dags/tutorial_taskflow_api.py took 0.381 seconds
[2025-01-23T19:56:54.621+0000] {processor.py:154} INFO - Started process (PID=45973) to work on /home/airflow/.local/lib/python3.7/site-packages/airflow/example_dags/tutorial_taskflow_api.py
[2025-01-23T19:56:54.622+0000] {processor.py:756} INFO - Processing file /home/airflow/.local/lib/python3.7/site-packages/airflow/example_dags/tutorial_taskflow_api.py for tasks to queue
[2025-01-23T19:56:54.624+0000] {logging_mixin.py:120} INFO - [2025-01-23T19:56:54.623+0000] {dagbag.py:537} INFO - Filling up the DagBag from /home/airflow/.local/lib/python3.7/site-packages/airflow/example_dags/tutorial_taskflow_api.py
[2025-01-23T19:56:54.661+0000] {processor.py:766} INFO - DAG(s) dict_keys(['tutorial_taskflow_api']) retrieved from /home/airflow/.local/lib/python3.7/site-packages/airflow/example_dags/tutorial_taskflow_api.py
[2025-01-23T19:56:54.732+0000] {logging_mixin.py:120} INFO - [2025-01-23T19:56:54.732+0000] {dag.py:2585} INFO - Sync 1 DAGs
[2025-01-23T19:56:54.776+0000] {logging_mixin.py:120} INFO - [2025-01-23T19:56:54.776+0000] {dag.py:3340} INFO - Setting next_dagrun for tutorial_taskflow_api to None, run_after=None
[2025-01-23T19:56:54.809+0000] {processor.py:176} INFO - Processing /home/airflow/.local/lib/python3.7/site-packages/airflow/example_dags/tutorial_taskflow_api.py took 0.193 seconds
[2025-01-23T19:57:25.055+0000] {processor.py:154} INFO - Started process (PID=46036) to work on /home/airflow/.local/lib/python3.7/site-packages/airflow/example_dags/tutorial_taskflow_api.py
[2025-01-23T19:57:25.056+0000] {processor.py:756} INFO - Processing file /home/airflow/.local/lib/python3.7/site-packages/airflow/example_dags/tutorial_taskflow_api.py for tasks to queue
[2025-01-23T19:57:25.058+0000] {logging_mixin.py:120} INFO - [2025-01-23T19:57:25.058+0000] {dagbag.py:537} INFO - Filling up the DagBag from /home/airflow/.local/lib/python3.7/site-packages/airflow/example_dags/tutorial_taskflow_api.py
[2025-01-23T19:57:25.112+0000] {processor.py:766} INFO - DAG(s) dict_keys(['tutorial_taskflow_api']) retrieved from /home/airflow/.local/lib/python3.7/site-packages/airflow/example_dags/tutorial_taskflow_api.py
[2025-01-23T19:57:25.212+0000] {logging_mixin.py:120} INFO - [2025-01-23T19:57:25.212+0000] {dag.py:2585} INFO - Sync 1 DAGs
[2025-01-23T19:57:25.288+0000] {logging_mixin.py:120} INFO - [2025-01-23T19:57:25.288+0000] {dag.py:3340} INFO - Setting next_dagrun for tutorial_taskflow_api to None, run_after=None
[2025-01-23T19:57:25.332+0000] {processor.py:176} INFO - Processing /home/airflow/.local/lib/python3.7/site-packages/airflow/example_dags/tutorial_taskflow_api.py took 0.283 seconds
[2025-01-23T19:57:55.611+0000] {processor.py:154} INFO - Started process (PID=46090) to work on /home/airflow/.local/lib/python3.7/site-packages/airflow/example_dags/tutorial_taskflow_api.py
[2025-01-23T19:57:55.613+0000] {processor.py:756} INFO - Processing file /home/airflow/.local/lib/python3.7/site-packages/airflow/example_dags/tutorial_taskflow_api.py for tasks to queue
[2025-01-23T19:57:55.615+0000] {logging_mixin.py:120} INFO - [2025-01-23T19:57:55.615+0000] {dagbag.py:537} INFO - Filling up the DagBag from /home/airflow/.local/lib/python3.7/site-packages/airflow/example_dags/tutorial_taskflow_api.py
[2025-01-23T19:57:55.658+0000] {processor.py:766} INFO - DAG(s) dict_keys(['tutorial_taskflow_api']) retrieved from /home/airflow/.local/lib/python3.7/site-packages/airflow/example_dags/tutorial_taskflow_api.py
[2025-01-23T19:57:55.745+0000] {logging_mixin.py:120} INFO - [2025-01-23T19:57:55.745+0000] {dag.py:2585} INFO - Sync 1 DAGs
[2025-01-23T19:57:55.794+0000] {logging_mixin.py:120} INFO - [2025-01-23T19:57:55.794+0000] {dag.py:3340} INFO - Setting next_dagrun for tutorial_taskflow_api to None, run_after=None
[2025-01-23T19:57:55.833+0000] {processor.py:176} INFO - Processing /home/airflow/.local/lib/python3.7/site-packages/airflow/example_dags/tutorial_taskflow_api.py took 0.229 seconds
[2025-01-23T19:58:26.441+0000] {processor.py:154} INFO - Started process (PID=46144) to work on /home/airflow/.local/lib/python3.7/site-packages/airflow/example_dags/tutorial_taskflow_api.py
[2025-01-23T19:58:26.443+0000] {processor.py:756} INFO - Processing file /home/airflow/.local/lib/python3.7/site-packages/airflow/example_dags/tutorial_taskflow_api.py for tasks to queue
[2025-01-23T19:58:26.445+0000] {logging_mixin.py:120} INFO - [2025-01-23T19:58:26.445+0000] {dagbag.py:537} INFO - Filling up the DagBag from /home/airflow/.local/lib/python3.7/site-packages/airflow/example_dags/tutorial_taskflow_api.py
[2025-01-23T19:58:26.484+0000] {processor.py:766} INFO - DAG(s) dict_keys(['tutorial_taskflow_api']) retrieved from /home/airflow/.local/lib/python3.7/site-packages/airflow/example_dags/tutorial_taskflow_api.py
[2025-01-23T19:58:26.560+0000] {logging_mixin.py:120} INFO - [2025-01-23T19:58:26.560+0000] {dag.py:2585} INFO - Sync 1 DAGs
[2025-01-23T19:58:26.611+0000] {logging_mixin.py:120} INFO - [2025-01-23T19:58:26.611+0000] {dag.py:3340} INFO - Setting next_dagrun for tutorial_taskflow_api to None, run_after=None
[2025-01-23T19:58:26.653+0000] {processor.py:176} INFO - Processing /home/airflow/.local/lib/python3.7/site-packages/airflow/example_dags/tutorial_taskflow_api.py took 0.220 seconds
[2025-01-23T19:58:56.820+0000] {processor.py:154} INFO - Started process (PID=46198) to work on /home/airflow/.local/lib/python3.7/site-packages/airflow/example_dags/tutorial_taskflow_api.py
[2025-01-23T19:58:56.827+0000] {processor.py:756} INFO - Processing file /home/airflow/.local/lib/python3.7/site-packages/airflow/example_dags/tutorial_taskflow_api.py for tasks to queue
[2025-01-23T19:58:56.830+0000] {logging_mixin.py:120} INFO - [2025-01-23T19:58:56.830+0000] {dagbag.py:537} INFO - Filling up the DagBag from /home/airflow/.local/lib/python3.7/site-packages/airflow/example_dags/tutorial_taskflow_api.py
[2025-01-23T19:58:56.934+0000] {processor.py:766} INFO - DAG(s) dict_keys(['tutorial_taskflow_api']) retrieved from /home/airflow/.local/lib/python3.7/site-packages/airflow/example_dags/tutorial_taskflow_api.py
[2025-01-23T19:58:57.032+0000] {logging_mixin.py:120} INFO - [2025-01-23T19:58:57.032+0000] {dag.py:2585} INFO - Sync 1 DAGs
[2025-01-23T19:58:57.080+0000] {logging_mixin.py:120} INFO - [2025-01-23T19:58:57.080+0000] {dag.py:3340} INFO - Setting next_dagrun for tutorial_taskflow_api to None, run_after=None
[2025-01-23T19:58:57.113+0000] {processor.py:176} INFO - Processing /home/airflow/.local/lib/python3.7/site-packages/airflow/example_dags/tutorial_taskflow_api.py took 0.305 seconds
[2025-01-23T19:59:27.248+0000] {processor.py:154} INFO - Started process (PID=46261) to work on /home/airflow/.local/lib/python3.7/site-packages/airflow/example_dags/tutorial_taskflow_api.py
[2025-01-23T19:59:27.250+0000] {processor.py:756} INFO - Processing file /home/airflow/.local/lib/python3.7/site-packages/airflow/example_dags/tutorial_taskflow_api.py for tasks to queue
[2025-01-23T19:59:27.252+0000] {logging_mixin.py:120} INFO - [2025-01-23T19:59:27.251+0000] {dagbag.py:537} INFO - Filling up the DagBag from /home/airflow/.local/lib/python3.7/site-packages/airflow/example_dags/tutorial_taskflow_api.py
[2025-01-23T19:59:27.297+0000] {processor.py:766} INFO - DAG(s) dict_keys(['tutorial_taskflow_api']) retrieved from /home/airflow/.local/lib/python3.7/site-packages/airflow/example_dags/tutorial_taskflow_api.py
[2025-01-23T19:59:27.384+0000] {logging_mixin.py:120} INFO - [2025-01-23T19:59:27.384+0000] {dag.py:2585} INFO - Sync 1 DAGs
[2025-01-23T19:59:27.427+0000] {logging_mixin.py:120} INFO - [2025-01-23T19:59:27.427+0000] {dag.py:3340} INFO - Setting next_dagrun for tutorial_taskflow_api to None, run_after=None
[2025-01-23T19:59:27.464+0000] {processor.py:176} INFO - Processing /home/airflow/.local/lib/python3.7/site-packages/airflow/example_dags/tutorial_taskflow_api.py took 0.222 seconds
[2025-01-23T19:59:58.139+0000] {processor.py:154} INFO - Started process (PID=46317) to work on /home/airflow/.local/lib/python3.7/site-packages/airflow/example_dags/tutorial_taskflow_api.py
[2025-01-23T19:59:58.141+0000] {processor.py:756} INFO - Processing file /home/airflow/.local/lib/python3.7/site-packages/airflow/example_dags/tutorial_taskflow_api.py for tasks to queue
[2025-01-23T19:59:58.144+0000] {logging_mixin.py:120} INFO - [2025-01-23T19:59:58.143+0000] {dagbag.py:537} INFO - Filling up the DagBag from /home/airflow/.local/lib/python3.7/site-packages/airflow/example_dags/tutorial_taskflow_api.py
[2025-01-23T19:59:58.202+0000] {processor.py:766} INFO - DAG(s) dict_keys(['tutorial_taskflow_api']) retrieved from /home/airflow/.local/lib/python3.7/site-packages/airflow/example_dags/tutorial_taskflow_api.py
[2025-01-23T19:59:58.312+0000] {logging_mixin.py:120} INFO - [2025-01-23T19:59:58.312+0000] {dag.py:2585} INFO - Sync 1 DAGs
[2025-01-23T19:59:58.385+0000] {logging_mixin.py:120} INFO - [2025-01-23T19:59:58.385+0000] {dag.py:3340} INFO - Setting next_dagrun for tutorial_taskflow_api to None, run_after=None
[2025-01-23T19:59:58.444+0000] {processor.py:176} INFO - Processing /home/airflow/.local/lib/python3.7/site-packages/airflow/example_dags/tutorial_taskflow_api.py took 0.315 seconds
[2025-01-23T20:00:28.645+0000] {processor.py:154} INFO - Started process (PID=46380) to work on /home/airflow/.local/lib/python3.7/site-packages/airflow/example_dags/tutorial_taskflow_api.py
[2025-01-23T20:00:28.647+0000] {processor.py:756} INFO - Processing file /home/airflow/.local/lib/python3.7/site-packages/airflow/example_dags/tutorial_taskflow_api.py for tasks to queue
[2025-01-23T20:00:28.650+0000] {logging_mixin.py:120} INFO - [2025-01-23T20:00:28.650+0000] {dagbag.py:537} INFO - Filling up the DagBag from /home/airflow/.local/lib/python3.7/site-packages/airflow/example_dags/tutorial_taskflow_api.py
[2025-01-23T20:00:28.702+0000] {processor.py:766} INFO - DAG(s) dict_keys(['tutorial_taskflow_api']) retrieved from /home/airflow/.local/lib/python3.7/site-packages/airflow/example_dags/tutorial_taskflow_api.py
[2025-01-23T20:00:28.791+0000] {logging_mixin.py:120} INFO - [2025-01-23T20:00:28.791+0000] {dag.py:2585} INFO - Sync 1 DAGs
[2025-01-23T20:00:28.844+0000] {logging_mixin.py:120} INFO - [2025-01-23T20:00:28.844+0000] {dag.py:3340} INFO - Setting next_dagrun for tutorial_taskflow_api to None, run_after=None
[2025-01-23T20:00:28.886+0000] {processor.py:176} INFO - Processing /home/airflow/.local/lib/python3.7/site-packages/airflow/example_dags/tutorial_taskflow_api.py took 0.253 seconds
[2025-01-23T20:00:59.223+0000] {processor.py:154} INFO - Started process (PID=46434) to work on /home/airflow/.local/lib/python3.7/site-packages/airflow/example_dags/tutorial_taskflow_api.py
[2025-01-23T20:00:59.225+0000] {processor.py:756} INFO - Processing file /home/airflow/.local/lib/python3.7/site-packages/airflow/example_dags/tutorial_taskflow_api.py for tasks to queue
[2025-01-23T20:00:59.226+0000] {logging_mixin.py:120} INFO - [2025-01-23T20:00:59.226+0000] {dagbag.py:537} INFO - Filling up the DagBag from /home/airflow/.local/lib/python3.7/site-packages/airflow/example_dags/tutorial_taskflow_api.py
[2025-01-23T20:00:59.264+0000] {processor.py:766} INFO - DAG(s) dict_keys(['tutorial_taskflow_api']) retrieved from /home/airflow/.local/lib/python3.7/site-packages/airflow/example_dags/tutorial_taskflow_api.py
[2025-01-23T20:00:59.333+0000] {logging_mixin.py:120} INFO - [2025-01-23T20:00:59.333+0000] {dag.py:2585} INFO - Sync 1 DAGs
[2025-01-23T20:00:59.379+0000] {logging_mixin.py:120} INFO - [2025-01-23T20:00:59.379+0000] {dag.py:3340} INFO - Setting next_dagrun for tutorial_taskflow_api to None, run_after=None
[2025-01-23T20:00:59.414+0000] {processor.py:176} INFO - Processing /home/airflow/.local/lib/python3.7/site-packages/airflow/example_dags/tutorial_taskflow_api.py took 0.196 seconds
[2025-01-23T20:01:30.355+0000] {processor.py:154} INFO - Started process (PID=46489) to work on /home/airflow/.local/lib/python3.7/site-packages/airflow/example_dags/tutorial_taskflow_api.py
[2025-01-23T20:01:30.358+0000] {processor.py:756} INFO - Processing file /home/airflow/.local/lib/python3.7/site-packages/airflow/example_dags/tutorial_taskflow_api.py for tasks to queue
[2025-01-23T20:01:30.360+0000] {logging_mixin.py:120} INFO - [2025-01-23T20:01:30.359+0000] {dagbag.py:537} INFO - Filling up the DagBag from /home/airflow/.local/lib/python3.7/site-packages/airflow/example_dags/tutorial_taskflow_api.py
[2025-01-23T20:01:30.419+0000] {processor.py:766} INFO - DAG(s) dict_keys(['tutorial_taskflow_api']) retrieved from /home/airflow/.local/lib/python3.7/site-packages/airflow/example_dags/tutorial_taskflow_api.py
[2025-01-23T20:01:30.531+0000] {logging_mixin.py:120} INFO - [2025-01-23T20:01:30.530+0000] {dag.py:2585} INFO - Sync 1 DAGs
[2025-01-23T20:01:30.584+0000] {logging_mixin.py:120} INFO - [2025-01-23T20:01:30.583+0000] {dag.py:3340} INFO - Setting next_dagrun for tutorial_taskflow_api to None, run_after=None
[2025-01-23T20:01:30.615+0000] {processor.py:176} INFO - Processing /home/airflow/.local/lib/python3.7/site-packages/airflow/example_dags/tutorial_taskflow_api.py took 0.269 seconds
[2025-01-23T20:02:00.673+0000] {processor.py:154} INFO - Started process (PID=46551) to work on /home/airflow/.local/lib/python3.7/site-packages/airflow/example_dags/tutorial_taskflow_api.py
[2025-01-23T20:02:00.675+0000] {processor.py:756} INFO - Processing file /home/airflow/.local/lib/python3.7/site-packages/airflow/example_dags/tutorial_taskflow_api.py for tasks to queue
[2025-01-23T20:02:00.676+0000] {logging_mixin.py:120} INFO - [2025-01-23T20:02:00.676+0000] {dagbag.py:537} INFO - Filling up the DagBag from /home/airflow/.local/lib/python3.7/site-packages/airflow/example_dags/tutorial_taskflow_api.py
[2025-01-23T20:02:00.712+0000] {processor.py:766} INFO - DAG(s) dict_keys(['tutorial_taskflow_api']) retrieved from /home/airflow/.local/lib/python3.7/site-packages/airflow/example_dags/tutorial_taskflow_api.py
[2025-01-23T20:02:00.781+0000] {logging_mixin.py:120} INFO - [2025-01-23T20:02:00.781+0000] {dag.py:2585} INFO - Sync 1 DAGs
[2025-01-23T20:02:00.825+0000] {logging_mixin.py:120} INFO - [2025-01-23T20:02:00.825+0000] {dag.py:3340} INFO - Setting next_dagrun for tutorial_taskflow_api to None, run_after=None
[2025-01-23T20:02:00.862+0000] {processor.py:176} INFO - Processing /home/airflow/.local/lib/python3.7/site-packages/airflow/example_dags/tutorial_taskflow_api.py took 0.193 seconds
[2025-01-23T20:02:31.472+0000] {processor.py:154} INFO - Started process (PID=46605) to work on /home/airflow/.local/lib/python3.7/site-packages/airflow/example_dags/tutorial_taskflow_api.py
[2025-01-23T20:02:31.474+0000] {processor.py:756} INFO - Processing file /home/airflow/.local/lib/python3.7/site-packages/airflow/example_dags/tutorial_taskflow_api.py for tasks to queue
[2025-01-23T20:02:31.476+0000] {logging_mixin.py:120} INFO - [2025-01-23T20:02:31.475+0000] {dagbag.py:537} INFO - Filling up the DagBag from /home/airflow/.local/lib/python3.7/site-packages/airflow/example_dags/tutorial_taskflow_api.py
[2025-01-23T20:02:31.513+0000] {processor.py:766} INFO - DAG(s) dict_keys(['tutorial_taskflow_api']) retrieved from /home/airflow/.local/lib/python3.7/site-packages/airflow/example_dags/tutorial_taskflow_api.py
[2025-01-23T20:02:31.581+0000] {logging_mixin.py:120} INFO - [2025-01-23T20:02:31.581+0000] {dag.py:2585} INFO - Sync 1 DAGs
[2025-01-23T20:02:31.624+0000] {logging_mixin.py:120} INFO - [2025-01-23T20:02:31.624+0000] {dag.py:3340} INFO - Setting next_dagrun for tutorial_taskflow_api to None, run_after=None
[2025-01-23T20:02:31.656+0000] {processor.py:176} INFO - Processing /home/airflow/.local/lib/python3.7/site-packages/airflow/example_dags/tutorial_taskflow_api.py took 0.189 seconds
[2025-01-23T20:03:02.542+0000] {processor.py:154} INFO - Started process (PID=46668) to work on /home/airflow/.local/lib/python3.7/site-packages/airflow/example_dags/tutorial_taskflow_api.py
[2025-01-23T20:03:02.544+0000] {processor.py:756} INFO - Processing file /home/airflow/.local/lib/python3.7/site-packages/airflow/example_dags/tutorial_taskflow_api.py for tasks to queue
[2025-01-23T20:03:02.554+0000] {logging_mixin.py:120} INFO - [2025-01-23T20:03:02.554+0000] {dagbag.py:537} INFO - Filling up the DagBag from /home/airflow/.local/lib/python3.7/site-packages/airflow/example_dags/tutorial_taskflow_api.py
[2025-01-23T20:03:02.685+0000] {processor.py:766} INFO - DAG(s) dict_keys(['tutorial_taskflow_api']) retrieved from /home/airflow/.local/lib/python3.7/site-packages/airflow/example_dags/tutorial_taskflow_api.py
[2025-01-23T20:03:02.790+0000] {logging_mixin.py:120} INFO - [2025-01-23T20:03:02.789+0000] {dag.py:2585} INFO - Sync 1 DAGs
[2025-01-23T20:03:02.844+0000] {logging_mixin.py:120} INFO - [2025-01-23T20:03:02.844+0000] {dag.py:3340} INFO - Setting next_dagrun for tutorial_taskflow_api to None, run_after=None
[2025-01-23T20:03:02.876+0000] {processor.py:176} INFO - Processing /home/airflow/.local/lib/python3.7/site-packages/airflow/example_dags/tutorial_taskflow_api.py took 0.341 seconds
[2025-01-23T20:03:33.546+0000] {processor.py:154} INFO - Started process (PID=46722) to work on /home/airflow/.local/lib/python3.7/site-packages/airflow/example_dags/tutorial_taskflow_api.py
[2025-01-23T20:03:33.549+0000] {processor.py:756} INFO - Processing file /home/airflow/.local/lib/python3.7/site-packages/airflow/example_dags/tutorial_taskflow_api.py for tasks to queue
[2025-01-23T20:03:33.552+0000] {logging_mixin.py:120} INFO - [2025-01-23T20:03:33.551+0000] {dagbag.py:537} INFO - Filling up the DagBag from /home/airflow/.local/lib/python3.7/site-packages/airflow/example_dags/tutorial_taskflow_api.py
[2025-01-23T20:03:33.611+0000] {processor.py:766} INFO - DAG(s) dict_keys(['tutorial_taskflow_api']) retrieved from /home/airflow/.local/lib/python3.7/site-packages/airflow/example_dags/tutorial_taskflow_api.py
[2025-01-23T20:03:33.684+0000] {logging_mixin.py:120} INFO - [2025-01-23T20:03:33.684+0000] {dag.py:2585} INFO - Sync 1 DAGs
[2025-01-23T20:03:33.734+0000] {logging_mixin.py:120} INFO - [2025-01-23T20:03:33.733+0000] {dag.py:3340} INFO - Setting next_dagrun for tutorial_taskflow_api to None, run_after=None
[2025-01-23T20:03:33.768+0000] {processor.py:176} INFO - Processing /home/airflow/.local/lib/python3.7/site-packages/airflow/example_dags/tutorial_taskflow_api.py took 0.233 seconds
[2025-01-23T20:04:04.246+0000] {processor.py:154} INFO - Started process (PID=46776) to work on /home/airflow/.local/lib/python3.7/site-packages/airflow/example_dags/tutorial_taskflow_api.py
[2025-01-23T20:04:04.250+0000] {processor.py:756} INFO - Processing file /home/airflow/.local/lib/python3.7/site-packages/airflow/example_dags/tutorial_taskflow_api.py for tasks to queue
[2025-01-23T20:04:04.255+0000] {logging_mixin.py:120} INFO - [2025-01-23T20:04:04.254+0000] {dagbag.py:537} INFO - Filling up the DagBag from /home/airflow/.local/lib/python3.7/site-packages/airflow/example_dags/tutorial_taskflow_api.py
[2025-01-23T20:04:04.337+0000] {processor.py:766} INFO - DAG(s) dict_keys(['tutorial_taskflow_api']) retrieved from /home/airflow/.local/lib/python3.7/site-packages/airflow/example_dags/tutorial_taskflow_api.py
[2025-01-23T20:04:04.403+0000] {logging_mixin.py:120} INFO - [2025-01-23T20:04:04.403+0000] {dag.py:2585} INFO - Sync 1 DAGs
[2025-01-23T20:04:04.459+0000] {logging_mixin.py:120} INFO - [2025-01-23T20:04:04.459+0000] {dag.py:3340} INFO - Setting next_dagrun for tutorial_taskflow_api to None, run_after=None
[2025-01-23T20:04:04.502+0000] {processor.py:176} INFO - Processing /home/airflow/.local/lib/python3.7/site-packages/airflow/example_dags/tutorial_taskflow_api.py took 0.271 seconds
[2025-01-23T20:04:35.089+0000] {processor.py:154} INFO - Started process (PID=46839) to work on /home/airflow/.local/lib/python3.7/site-packages/airflow/example_dags/tutorial_taskflow_api.py
[2025-01-23T20:04:35.093+0000] {processor.py:756} INFO - Processing file /home/airflow/.local/lib/python3.7/site-packages/airflow/example_dags/tutorial_taskflow_api.py for tasks to queue
[2025-01-23T20:04:35.097+0000] {logging_mixin.py:120} INFO - [2025-01-23T20:04:35.097+0000] {dagbag.py:537} INFO - Filling up the DagBag from /home/airflow/.local/lib/python3.7/site-packages/airflow/example_dags/tutorial_taskflow_api.py
[2025-01-23T20:04:35.197+0000] {processor.py:766} INFO - DAG(s) dict_keys(['tutorial_taskflow_api']) retrieved from /home/airflow/.local/lib/python3.7/site-packages/airflow/example_dags/tutorial_taskflow_api.py
[2025-01-23T20:04:35.358+0000] {logging_mixin.py:120} INFO - [2025-01-23T20:04:35.358+0000] {dag.py:2585} INFO - Sync 1 DAGs
[2025-01-23T20:04:35.464+0000] {logging_mixin.py:120} INFO - [2025-01-23T20:04:35.463+0000] {dag.py:3340} INFO - Setting next_dagrun for tutorial_taskflow_api to None, run_after=None
[2025-01-23T20:04:35.544+0000] {processor.py:176} INFO - Processing /home/airflow/.local/lib/python3.7/site-packages/airflow/example_dags/tutorial_taskflow_api.py took 0.474 seconds
[2025-01-23T20:05:05.809+0000] {processor.py:154} INFO - Started process (PID=46893) to work on /home/airflow/.local/lib/python3.7/site-packages/airflow/example_dags/tutorial_taskflow_api.py
[2025-01-23T20:05:05.814+0000] {processor.py:756} INFO - Processing file /home/airflow/.local/lib/python3.7/site-packages/airflow/example_dags/tutorial_taskflow_api.py for tasks to queue
[2025-01-23T20:05:05.819+0000] {logging_mixin.py:120} INFO - [2025-01-23T20:05:05.818+0000] {dagbag.py:537} INFO - Filling up the DagBag from /home/airflow/.local/lib/python3.7/site-packages/airflow/example_dags/tutorial_taskflow_api.py
[2025-01-23T20:05:05.927+0000] {processor.py:766} INFO - DAG(s) dict_keys(['tutorial_taskflow_api']) retrieved from /home/airflow/.local/lib/python3.7/site-packages/airflow/example_dags/tutorial_taskflow_api.py
[2025-01-23T20:05:06.091+0000] {logging_mixin.py:120} INFO - [2025-01-23T20:05:06.090+0000] {dag.py:2585} INFO - Sync 1 DAGs
[2025-01-23T20:05:06.175+0000] {logging_mixin.py:120} INFO - [2025-01-23T20:05:06.174+0000] {dag.py:3340} INFO - Setting next_dagrun for tutorial_taskflow_api to None, run_after=None
[2025-01-23T20:05:06.231+0000] {processor.py:176} INFO - Processing /home/airflow/.local/lib/python3.7/site-packages/airflow/example_dags/tutorial_taskflow_api.py took 0.436 seconds
[2025-01-23T20:05:36.430+0000] {processor.py:154} INFO - Started process (PID=46956) to work on /home/airflow/.local/lib/python3.7/site-packages/airflow/example_dags/tutorial_taskflow_api.py
[2025-01-23T20:05:36.431+0000] {processor.py:756} INFO - Processing file /home/airflow/.local/lib/python3.7/site-packages/airflow/example_dags/tutorial_taskflow_api.py for tasks to queue
[2025-01-23T20:05:36.434+0000] {logging_mixin.py:120} INFO - [2025-01-23T20:05:36.434+0000] {dagbag.py:537} INFO - Filling up the DagBag from /home/airflow/.local/lib/python3.7/site-packages/airflow/example_dags/tutorial_taskflow_api.py
[2025-01-23T20:05:36.465+0000] {processor.py:766} INFO - DAG(s) dict_keys(['tutorial_taskflow_api']) retrieved from /home/airflow/.local/lib/python3.7/site-packages/airflow/example_dags/tutorial_taskflow_api.py
[2025-01-23T20:05:36.528+0000] {logging_mixin.py:120} INFO - [2025-01-23T20:05:36.527+0000] {dag.py:2585} INFO - Sync 1 DAGs
[2025-01-23T20:05:36.568+0000] {logging_mixin.py:120} INFO - [2025-01-23T20:05:36.567+0000] {dag.py:3340} INFO - Setting next_dagrun for tutorial_taskflow_api to None, run_after=None
[2025-01-23T20:05:36.600+0000] {processor.py:176} INFO - Processing /home/airflow/.local/lib/python3.7/site-packages/airflow/example_dags/tutorial_taskflow_api.py took 0.175 seconds
[2025-01-23T20:06:07.005+0000] {processor.py:154} INFO - Started process (PID=47010) to work on /home/airflow/.local/lib/python3.7/site-packages/airflow/example_dags/tutorial_taskflow_api.py
[2025-01-23T20:06:07.009+0000] {processor.py:756} INFO - Processing file /home/airflow/.local/lib/python3.7/site-packages/airflow/example_dags/tutorial_taskflow_api.py for tasks to queue
[2025-01-23T20:06:07.013+0000] {logging_mixin.py:120} INFO - [2025-01-23T20:06:07.012+0000] {dagbag.py:537} INFO - Filling up the DagBag from /home/airflow/.local/lib/python3.7/site-packages/airflow/example_dags/tutorial_taskflow_api.py
[2025-01-23T20:06:07.090+0000] {processor.py:766} INFO - DAG(s) dict_keys(['tutorial_taskflow_api']) retrieved from /home/airflow/.local/lib/python3.7/site-packages/airflow/example_dags/tutorial_taskflow_api.py
[2025-01-23T20:06:07.172+0000] {logging_mixin.py:120} INFO - [2025-01-23T20:06:07.172+0000] {dag.py:2585} INFO - Sync 1 DAGs
[2025-01-23T20:06:07.221+0000] {logging_mixin.py:120} INFO - [2025-01-23T20:06:07.221+0000] {dag.py:3340} INFO - Setting next_dagrun for tutorial_taskflow_api to None, run_after=None
[2025-01-23T20:06:07.259+0000] {processor.py:176} INFO - Processing /home/airflow/.local/lib/python3.7/site-packages/airflow/example_dags/tutorial_taskflow_api.py took 0.269 seconds
[2025-01-23T20:06:37.410+0000] {processor.py:154} INFO - Started process (PID=47073) to work on /home/airflow/.local/lib/python3.7/site-packages/airflow/example_dags/tutorial_taskflow_api.py
[2025-01-23T20:06:37.413+0000] {processor.py:756} INFO - Processing file /home/airflow/.local/lib/python3.7/site-packages/airflow/example_dags/tutorial_taskflow_api.py for tasks to queue
[2025-01-23T20:06:37.416+0000] {logging_mixin.py:120} INFO - [2025-01-23T20:06:37.415+0000] {dagbag.py:537} INFO - Filling up the DagBag from /home/airflow/.local/lib/python3.7/site-packages/airflow/example_dags/tutorial_taskflow_api.py
[2025-01-23T20:06:37.483+0000] {processor.py:766} INFO - DAG(s) dict_keys(['tutorial_taskflow_api']) retrieved from /home/airflow/.local/lib/python3.7/site-packages/airflow/example_dags/tutorial_taskflow_api.py
[2025-01-23T20:06:37.561+0000] {logging_mixin.py:120} INFO - [2025-01-23T20:06:37.561+0000] {dag.py:2585} INFO - Sync 1 DAGs
[2025-01-23T20:06:37.602+0000] {logging_mixin.py:120} INFO - [2025-01-23T20:06:37.602+0000] {dag.py:3340} INFO - Setting next_dagrun for tutorial_taskflow_api to None, run_after=None
[2025-01-23T20:06:37.633+0000] {processor.py:176} INFO - Processing /home/airflow/.local/lib/python3.7/site-packages/airflow/example_dags/tutorial_taskflow_api.py took 0.235 seconds
[2025-01-23T20:07:07.771+0000] {processor.py:154} INFO - Started process (PID=47127) to work on /home/airflow/.local/lib/python3.7/site-packages/airflow/example_dags/tutorial_taskflow_api.py
[2025-01-23T20:07:07.772+0000] {processor.py:756} INFO - Processing file /home/airflow/.local/lib/python3.7/site-packages/airflow/example_dags/tutorial_taskflow_api.py for tasks to queue
[2025-01-23T20:07:07.773+0000] {logging_mixin.py:120} INFO - [2025-01-23T20:07:07.773+0000] {dagbag.py:537} INFO - Filling up the DagBag from /home/airflow/.local/lib/python3.7/site-packages/airflow/example_dags/tutorial_taskflow_api.py
[2025-01-23T20:07:07.812+0000] {processor.py:766} INFO - DAG(s) dict_keys(['tutorial_taskflow_api']) retrieved from /home/airflow/.local/lib/python3.7/site-packages/airflow/example_dags/tutorial_taskflow_api.py
[2025-01-23T20:07:07.899+0000] {logging_mixin.py:120} INFO - [2025-01-23T20:07:07.899+0000] {dag.py:2585} INFO - Sync 1 DAGs
[2025-01-23T20:07:07.947+0000] {logging_mixin.py:120} INFO - [2025-01-23T20:07:07.947+0000] {dag.py:3340} INFO - Setting next_dagrun for tutorial_taskflow_api to None, run_after=None
[2025-01-23T20:07:07.983+0000] {processor.py:176} INFO - Processing /home/airflow/.local/lib/python3.7/site-packages/airflow/example_dags/tutorial_taskflow_api.py took 0.219 seconds
[2025-01-23T20:07:38.050+0000] {processor.py:154} INFO - Started process (PID=47190) to work on /home/airflow/.local/lib/python3.7/site-packages/airflow/example_dags/tutorial_taskflow_api.py
[2025-01-23T20:07:38.051+0000] {processor.py:756} INFO - Processing file /home/airflow/.local/lib/python3.7/site-packages/airflow/example_dags/tutorial_taskflow_api.py for tasks to queue
[2025-01-23T20:07:38.053+0000] {logging_mixin.py:120} INFO - [2025-01-23T20:07:38.053+0000] {dagbag.py:537} INFO - Filling up the DagBag from /home/airflow/.local/lib/python3.7/site-packages/airflow/example_dags/tutorial_taskflow_api.py
[2025-01-23T20:07:38.100+0000] {processor.py:766} INFO - DAG(s) dict_keys(['tutorial_taskflow_api']) retrieved from /home/airflow/.local/lib/python3.7/site-packages/airflow/example_dags/tutorial_taskflow_api.py
[2025-01-23T20:07:38.178+0000] {logging_mixin.py:120} INFO - [2025-01-23T20:07:38.178+0000] {dag.py:2585} INFO - Sync 1 DAGs
[2025-01-23T20:07:38.233+0000] {logging_mixin.py:120} INFO - [2025-01-23T20:07:38.233+0000] {dag.py:3340} INFO - Setting next_dagrun for tutorial_taskflow_api to None, run_after=None
[2025-01-23T20:07:38.272+0000] {processor.py:176} INFO - Processing /home/airflow/.local/lib/python3.7/site-packages/airflow/example_dags/tutorial_taskflow_api.py took 0.230 seconds
[2025-01-23T20:08:09.126+0000] {processor.py:154} INFO - Started process (PID=47243) to work on /home/airflow/.local/lib/python3.7/site-packages/airflow/example_dags/tutorial_taskflow_api.py
[2025-01-23T20:08:09.130+0000] {processor.py:756} INFO - Processing file /home/airflow/.local/lib/python3.7/site-packages/airflow/example_dags/tutorial_taskflow_api.py for tasks to queue
[2025-01-23T20:08:09.134+0000] {logging_mixin.py:120} INFO - [2025-01-23T20:08:09.133+0000] {dagbag.py:537} INFO - Filling up the DagBag from /home/airflow/.local/lib/python3.7/site-packages/airflow/example_dags/tutorial_taskflow_api.py
[2025-01-23T20:08:09.218+0000] {processor.py:766} INFO - DAG(s) dict_keys(['tutorial_taskflow_api']) retrieved from /home/airflow/.local/lib/python3.7/site-packages/airflow/example_dags/tutorial_taskflow_api.py
[2025-01-23T20:08:09.301+0000] {logging_mixin.py:120} INFO - [2025-01-23T20:08:09.300+0000] {dag.py:2585} INFO - Sync 1 DAGs
[2025-01-23T20:08:09.343+0000] {logging_mixin.py:120} INFO - [2025-01-23T20:08:09.342+0000] {dag.py:3340} INFO - Setting next_dagrun for tutorial_taskflow_api to None, run_after=None
[2025-01-23T20:08:09.372+0000] {processor.py:176} INFO - Processing /home/airflow/.local/lib/python3.7/site-packages/airflow/example_dags/tutorial_taskflow_api.py took 0.260 seconds
[2025-01-23T20:08:39.463+0000] {processor.py:154} INFO - Started process (PID=47297) to work on /home/airflow/.local/lib/python3.7/site-packages/airflow/example_dags/tutorial_taskflow_api.py
[2025-01-23T20:08:39.464+0000] {processor.py:756} INFO - Processing file /home/airflow/.local/lib/python3.7/site-packages/airflow/example_dags/tutorial_taskflow_api.py for tasks to queue
[2025-01-23T20:08:39.466+0000] {logging_mixin.py:120} INFO - [2025-01-23T20:08:39.466+0000] {dagbag.py:537} INFO - Filling up the DagBag from /home/airflow/.local/lib/python3.7/site-packages/airflow/example_dags/tutorial_taskflow_api.py
[2025-01-23T20:08:39.526+0000] {processor.py:766} INFO - DAG(s) dict_keys(['tutorial_taskflow_api']) retrieved from /home/airflow/.local/lib/python3.7/site-packages/airflow/example_dags/tutorial_taskflow_api.py
[2025-01-23T20:08:39.600+0000] {logging_mixin.py:120} INFO - [2025-01-23T20:08:39.600+0000] {dag.py:2585} INFO - Sync 1 DAGs
[2025-01-23T20:08:39.650+0000] {logging_mixin.py:120} INFO - [2025-01-23T20:08:39.650+0000] {dag.py:3340} INFO - Setting next_dagrun for tutorial_taskflow_api to None, run_after=None
[2025-01-23T20:08:39.695+0000] {processor.py:176} INFO - Processing /home/airflow/.local/lib/python3.7/site-packages/airflow/example_dags/tutorial_taskflow_api.py took 0.240 seconds
[2025-01-23T20:09:10.068+0000] {processor.py:154} INFO - Started process (PID=47360) to work on /home/airflow/.local/lib/python3.7/site-packages/airflow/example_dags/tutorial_taskflow_api.py
[2025-01-23T20:09:10.069+0000] {processor.py:756} INFO - Processing file /home/airflow/.local/lib/python3.7/site-packages/airflow/example_dags/tutorial_taskflow_api.py for tasks to queue
[2025-01-23T20:09:10.070+0000] {logging_mixin.py:120} INFO - [2025-01-23T20:09:10.070+0000] {dagbag.py:537} INFO - Filling up the DagBag from /home/airflow/.local/lib/python3.7/site-packages/airflow/example_dags/tutorial_taskflow_api.py
[2025-01-23T20:09:10.115+0000] {processor.py:766} INFO - DAG(s) dict_keys(['tutorial_taskflow_api']) retrieved from /home/airflow/.local/lib/python3.7/site-packages/airflow/example_dags/tutorial_taskflow_api.py
[2025-01-23T20:09:10.197+0000] {logging_mixin.py:120} INFO - [2025-01-23T20:09:10.197+0000] {dag.py:2585} INFO - Sync 1 DAGs
[2025-01-23T20:09:10.260+0000] {logging_mixin.py:120} INFO - [2025-01-23T20:09:10.259+0000] {dag.py:3340} INFO - Setting next_dagrun for tutorial_taskflow_api to None, run_after=None
[2025-01-23T20:09:10.299+0000] {processor.py:176} INFO - Processing /home/airflow/.local/lib/python3.7/site-packages/airflow/example_dags/tutorial_taskflow_api.py took 0.237 seconds
[2025-01-23T20:09:40.987+0000] {processor.py:154} INFO - Started process (PID=47414) to work on /home/airflow/.local/lib/python3.7/site-packages/airflow/example_dags/tutorial_taskflow_api.py
[2025-01-23T20:09:40.991+0000] {processor.py:756} INFO - Processing file /home/airflow/.local/lib/python3.7/site-packages/airflow/example_dags/tutorial_taskflow_api.py for tasks to queue
[2025-01-23T20:09:40.995+0000] {logging_mixin.py:120} INFO - [2025-01-23T20:09:40.994+0000] {dagbag.py:537} INFO - Filling up the DagBag from /home/airflow/.local/lib/python3.7/site-packages/airflow/example_dags/tutorial_taskflow_api.py
[2025-01-23T20:09:41.087+0000] {processor.py:766} INFO - DAG(s) dict_keys(['tutorial_taskflow_api']) retrieved from /home/airflow/.local/lib/python3.7/site-packages/airflow/example_dags/tutorial_taskflow_api.py
[2025-01-23T20:09:41.164+0000] {logging_mixin.py:120} INFO - [2025-01-23T20:09:41.164+0000] {dag.py:2585} INFO - Sync 1 DAGs
[2025-01-23T20:09:41.205+0000] {logging_mixin.py:120} INFO - [2025-01-23T20:09:41.204+0000] {dag.py:3340} INFO - Setting next_dagrun for tutorial_taskflow_api to None, run_after=None
[2025-01-23T20:09:41.236+0000] {processor.py:176} INFO - Processing /home/airflow/.local/lib/python3.7/site-packages/airflow/example_dags/tutorial_taskflow_api.py took 0.267 seconds
[2025-01-23T20:10:11.962+0000] {processor.py:154} INFO - Started process (PID=47477) to work on /home/airflow/.local/lib/python3.7/site-packages/airflow/example_dags/tutorial_taskflow_api.py
[2025-01-23T20:10:11.963+0000] {processor.py:756} INFO - Processing file /home/airflow/.local/lib/python3.7/site-packages/airflow/example_dags/tutorial_taskflow_api.py for tasks to queue
[2025-01-23T20:10:11.965+0000] {logging_mixin.py:120} INFO - [2025-01-23T20:10:11.965+0000] {dagbag.py:537} INFO - Filling up the DagBag from /home/airflow/.local/lib/python3.7/site-packages/airflow/example_dags/tutorial_taskflow_api.py
[2025-01-23T20:10:12.015+0000] {processor.py:766} INFO - DAG(s) dict_keys(['tutorial_taskflow_api']) retrieved from /home/airflow/.local/lib/python3.7/site-packages/airflow/example_dags/tutorial_taskflow_api.py
[2025-01-23T20:10:12.098+0000] {logging_mixin.py:120} INFO - [2025-01-23T20:10:12.098+0000] {dag.py:2585} INFO - Sync 1 DAGs
[2025-01-23T20:10:12.147+0000] {logging_mixin.py:120} INFO - [2025-01-23T20:10:12.147+0000] {dag.py:3340} INFO - Setting next_dagrun for tutorial_taskflow_api to None, run_after=None
[2025-01-23T20:10:12.184+0000] {processor.py:176} INFO - Processing /home/airflow/.local/lib/python3.7/site-packages/airflow/example_dags/tutorial_taskflow_api.py took 0.228 seconds
[2025-01-23T20:10:42.938+0000] {processor.py:154} INFO - Started process (PID=47531) to work on /home/airflow/.local/lib/python3.7/site-packages/airflow/example_dags/tutorial_taskflow_api.py
[2025-01-23T20:10:42.942+0000] {processor.py:756} INFO - Processing file /home/airflow/.local/lib/python3.7/site-packages/airflow/example_dags/tutorial_taskflow_api.py for tasks to queue
[2025-01-23T20:10:42.946+0000] {logging_mixin.py:120} INFO - [2025-01-23T20:10:42.945+0000] {dagbag.py:537} INFO - Filling up the DagBag from /home/airflow/.local/lib/python3.7/site-packages/airflow/example_dags/tutorial_taskflow_api.py
[2025-01-23T20:10:43.068+0000] {processor.py:766} INFO - DAG(s) dict_keys(['tutorial_taskflow_api']) retrieved from /home/airflow/.local/lib/python3.7/site-packages/airflow/example_dags/tutorial_taskflow_api.py
[2025-01-23T20:10:43.244+0000] {logging_mixin.py:120} INFO - [2025-01-23T20:10:43.244+0000] {dag.py:2585} INFO - Sync 1 DAGs
[2025-01-23T20:10:43.309+0000] {logging_mixin.py:120} INFO - [2025-01-23T20:10:43.309+0000] {dag.py:3340} INFO - Setting next_dagrun for tutorial_taskflow_api to None, run_after=None
[2025-01-23T20:10:43.365+0000] {processor.py:176} INFO - Processing /home/airflow/.local/lib/python3.7/site-packages/airflow/example_dags/tutorial_taskflow_api.py took 0.440 seconds
[2025-01-23T20:11:14.443+0000] {processor.py:154} INFO - Started process (PID=47593) to work on /home/airflow/.local/lib/python3.7/site-packages/airflow/example_dags/tutorial_taskflow_api.py
[2025-01-23T20:11:14.447+0000] {processor.py:756} INFO - Processing file /home/airflow/.local/lib/python3.7/site-packages/airflow/example_dags/tutorial_taskflow_api.py for tasks to queue
[2025-01-23T20:11:14.451+0000] {logging_mixin.py:120} INFO - [2025-01-23T20:11:14.450+0000] {dagbag.py:537} INFO - Filling up the DagBag from /home/airflow/.local/lib/python3.7/site-packages/airflow/example_dags/tutorial_taskflow_api.py
[2025-01-23T20:11:14.546+0000] {processor.py:766} INFO - DAG(s) dict_keys(['tutorial_taskflow_api']) retrieved from /home/airflow/.local/lib/python3.7/site-packages/airflow/example_dags/tutorial_taskflow_api.py
[2025-01-23T20:11:14.705+0000] {logging_mixin.py:120} INFO - [2025-01-23T20:11:14.705+0000] {dag.py:2585} INFO - Sync 1 DAGs
[2025-01-23T20:11:14.749+0000] {logging_mixin.py:120} INFO - [2025-01-23T20:11:14.749+0000] {dag.py:3340} INFO - Setting next_dagrun for tutorial_taskflow_api to None, run_after=None
[2025-01-23T20:11:14.781+0000] {processor.py:176} INFO - Processing /home/airflow/.local/lib/python3.7/site-packages/airflow/example_dags/tutorial_taskflow_api.py took 0.349 seconds
[2025-01-23T20:11:45.049+0000] {processor.py:154} INFO - Started process (PID=47647) to work on /home/airflow/.local/lib/python3.7/site-packages/airflow/example_dags/tutorial_taskflow_api.py
[2025-01-23T20:11:45.051+0000] {processor.py:756} INFO - Processing file /home/airflow/.local/lib/python3.7/site-packages/airflow/example_dags/tutorial_taskflow_api.py for tasks to queue
[2025-01-23T20:11:45.053+0000] {logging_mixin.py:120} INFO - [2025-01-23T20:11:45.052+0000] {dagbag.py:537} INFO - Filling up the DagBag from /home/airflow/.local/lib/python3.7/site-packages/airflow/example_dags/tutorial_taskflow_api.py
[2025-01-23T20:11:45.094+0000] {processor.py:766} INFO - DAG(s) dict_keys(['tutorial_taskflow_api']) retrieved from /home/airflow/.local/lib/python3.7/site-packages/airflow/example_dags/tutorial_taskflow_api.py
[2025-01-23T20:11:45.166+0000] {logging_mixin.py:120} INFO - [2025-01-23T20:11:45.166+0000] {dag.py:2585} INFO - Sync 1 DAGs
[2025-01-23T20:11:45.215+0000] {logging_mixin.py:120} INFO - [2025-01-23T20:11:45.215+0000] {dag.py:3340} INFO - Setting next_dagrun for tutorial_taskflow_api to None, run_after=None
[2025-01-23T20:11:45.258+0000] {processor.py:176} INFO - Processing /home/airflow/.local/lib/python3.7/site-packages/airflow/example_dags/tutorial_taskflow_api.py took 0.215 seconds
[2025-01-23T20:12:15.710+0000] {processor.py:154} INFO - Started process (PID=47702) to work on /home/airflow/.local/lib/python3.7/site-packages/airflow/example_dags/tutorial_taskflow_api.py
[2025-01-23T20:12:15.712+0000] {processor.py:756} INFO - Processing file /home/airflow/.local/lib/python3.7/site-packages/airflow/example_dags/tutorial_taskflow_api.py for tasks to queue
[2025-01-23T20:12:15.715+0000] {logging_mixin.py:120} INFO - [2025-01-23T20:12:15.714+0000] {dagbag.py:537} INFO - Filling up the DagBag from /home/airflow/.local/lib/python3.7/site-packages/airflow/example_dags/tutorial_taskflow_api.py
[2025-01-23T20:12:15.767+0000] {processor.py:766} INFO - DAG(s) dict_keys(['tutorial_taskflow_api']) retrieved from /home/airflow/.local/lib/python3.7/site-packages/airflow/example_dags/tutorial_taskflow_api.py
[2025-01-23T20:12:15.852+0000] {logging_mixin.py:120} INFO - [2025-01-23T20:12:15.852+0000] {dag.py:2585} INFO - Sync 1 DAGs
[2025-01-23T20:12:15.918+0000] {logging_mixin.py:120} INFO - [2025-01-23T20:12:15.918+0000] {dag.py:3340} INFO - Setting next_dagrun for tutorial_taskflow_api to None, run_after=None
[2025-01-23T20:12:15.961+0000] {processor.py:176} INFO - Processing /home/airflow/.local/lib/python3.7/site-packages/airflow/example_dags/tutorial_taskflow_api.py took 0.259 seconds
[2025-01-23T20:12:46.503+0000] {processor.py:154} INFO - Started process (PID=47765) to work on /home/airflow/.local/lib/python3.7/site-packages/airflow/example_dags/tutorial_taskflow_api.py
[2025-01-23T20:12:46.507+0000] {processor.py:756} INFO - Processing file /home/airflow/.local/lib/python3.7/site-packages/airflow/example_dags/tutorial_taskflow_api.py for tasks to queue
[2025-01-23T20:12:46.510+0000] {logging_mixin.py:120} INFO - [2025-01-23T20:12:46.509+0000] {dagbag.py:537} INFO - Filling up the DagBag from /home/airflow/.local/lib/python3.7/site-packages/airflow/example_dags/tutorial_taskflow_api.py
[2025-01-23T20:12:46.584+0000] {processor.py:766} INFO - DAG(s) dict_keys(['tutorial_taskflow_api']) retrieved from /home/airflow/.local/lib/python3.7/site-packages/airflow/example_dags/tutorial_taskflow_api.py
[2025-01-23T20:12:46.708+0000] {logging_mixin.py:120} INFO - [2025-01-23T20:12:46.707+0000] {dag.py:2585} INFO - Sync 1 DAGs
[2025-01-23T20:12:46.789+0000] {logging_mixin.py:120} INFO - [2025-01-23T20:12:46.788+0000] {dag.py:3340} INFO - Setting next_dagrun for tutorial_taskflow_api to None, run_after=None
[2025-01-23T20:12:46.842+0000] {processor.py:176} INFO - Processing /home/airflow/.local/lib/python3.7/site-packages/airflow/example_dags/tutorial_taskflow_api.py took 0.356 seconds
