[2025-01-23T19:50:42.332+0000] {processor.py:154} INFO - Started process (PID=45320) to work on /home/airflow/.local/lib/python3.7/site-packages/airflow/example_dags/tutorial_dag.py
[2025-01-23T19:50:42.353+0000] {processor.py:756} INFO - Processing file /home/airflow/.local/lib/python3.7/site-packages/airflow/example_dags/tutorial_dag.py for tasks to queue
[2025-01-23T19:50:42.359+0000] {logging_mixin.py:120} INFO - [2025-01-23T19:50:42.358+0000] {dagbag.py:537} INFO - Filling up the DagBag from /home/airflow/.local/lib/python3.7/site-packages/airflow/example_dags/tutorial_dag.py
[2025-01-23T19:50:42.442+0000] {processor.py:766} INFO - DAG(s) dict_keys(['tutorial_dag']) retrieved from /home/airflow/.local/lib/python3.7/site-packages/airflow/example_dags/tutorial_dag.py
[2025-01-23T19:50:42.609+0000] {logging_mixin.py:120} INFO - [2025-01-23T19:50:42.609+0000] {dag.py:2585} INFO - Sync 1 DAGs
[2025-01-23T19:50:42.718+0000] {logging_mixin.py:120} INFO - [2025-01-23T19:50:42.718+0000] {dag.py:3340} INFO - Setting next_dagrun for tutorial_dag to None, run_after=None
[2025-01-23T19:50:42.784+0000] {processor.py:176} INFO - Processing /home/airflow/.local/lib/python3.7/site-packages/airflow/example_dags/tutorial_dag.py took 0.468 seconds
[2025-01-23T19:51:15.475+0000] {processor.py:154} INFO - Started process (PID=45375) to work on /home/airflow/.local/lib/python3.7/site-packages/airflow/example_dags/tutorial_dag.py
[2025-01-23T19:51:15.494+0000] {processor.py:756} INFO - Processing file /home/airflow/.local/lib/python3.7/site-packages/airflow/example_dags/tutorial_dag.py for tasks to queue
[2025-01-23T19:51:15.497+0000] {logging_mixin.py:120} INFO - [2025-01-23T19:51:15.496+0000] {dagbag.py:537} INFO - Filling up the DagBag from /home/airflow/.local/lib/python3.7/site-packages/airflow/example_dags/tutorial_dag.py
[2025-01-23T19:51:15.570+0000] {processor.py:766} INFO - DAG(s) dict_keys(['tutorial_dag']) retrieved from /home/airflow/.local/lib/python3.7/site-packages/airflow/example_dags/tutorial_dag.py
[2025-01-23T19:51:15.782+0000] {logging_mixin.py:120} INFO - [2025-01-23T19:51:15.782+0000] {dag.py:2585} INFO - Sync 1 DAGs
[2025-01-23T19:51:15.897+0000] {logging_mixin.py:120} INFO - [2025-01-23T19:51:15.896+0000] {dag.py:3340} INFO - Setting next_dagrun for tutorial_dag to None, run_after=None
[2025-01-23T19:51:16.015+0000] {processor.py:176} INFO - Processing /home/airflow/.local/lib/python3.7/site-packages/airflow/example_dags/tutorial_dag.py took 0.559 seconds
[2025-01-23T19:51:47.903+0000] {processor.py:154} INFO - Started process (PID=45429) to work on /home/airflow/.local/lib/python3.7/site-packages/airflow/example_dags/tutorial_dag.py
[2025-01-23T19:51:47.919+0000] {processor.py:756} INFO - Processing file /home/airflow/.local/lib/python3.7/site-packages/airflow/example_dags/tutorial_dag.py for tasks to queue
[2025-01-23T19:51:47.921+0000] {logging_mixin.py:120} INFO - [2025-01-23T19:51:47.921+0000] {dagbag.py:537} INFO - Filling up the DagBag from /home/airflow/.local/lib/python3.7/site-packages/airflow/example_dags/tutorial_dag.py
[2025-01-23T19:51:48.061+0000] {processor.py:766} INFO - DAG(s) dict_keys(['tutorial_dag']) retrieved from /home/airflow/.local/lib/python3.7/site-packages/airflow/example_dags/tutorial_dag.py
[2025-01-23T19:51:48.365+0000] {logging_mixin.py:120} INFO - [2025-01-23T19:51:48.365+0000] {dag.py:2585} INFO - Sync 1 DAGs
[2025-01-23T19:51:48.546+0000] {logging_mixin.py:120} INFO - [2025-01-23T19:51:48.546+0000] {dag.py:3340} INFO - Setting next_dagrun for tutorial_dag to None, run_after=None
[2025-01-23T19:51:48.674+0000] {processor.py:176} INFO - Processing /home/airflow/.local/lib/python3.7/site-packages/airflow/example_dags/tutorial_dag.py took 0.791 seconds
[2025-01-23T19:52:19.057+0000] {processor.py:154} INFO - Started process (PID=45474) to work on /home/airflow/.local/lib/python3.7/site-packages/airflow/example_dags/tutorial_dag.py
[2025-01-23T19:52:19.059+0000] {processor.py:756} INFO - Processing file /home/airflow/.local/lib/python3.7/site-packages/airflow/example_dags/tutorial_dag.py for tasks to queue
[2025-01-23T19:52:19.071+0000] {logging_mixin.py:120} INFO - [2025-01-23T19:52:19.070+0000] {dagbag.py:537} INFO - Filling up the DagBag from /home/airflow/.local/lib/python3.7/site-packages/airflow/example_dags/tutorial_dag.py
[2025-01-23T19:52:19.168+0000] {processor.py:766} INFO - DAG(s) dict_keys(['tutorial_dag']) retrieved from /home/airflow/.local/lib/python3.7/site-packages/airflow/example_dags/tutorial_dag.py
[2025-01-23T19:52:19.370+0000] {logging_mixin.py:120} INFO - [2025-01-23T19:52:19.369+0000] {dag.py:2585} INFO - Sync 1 DAGs
[2025-01-23T19:52:19.582+0000] {logging_mixin.py:120} INFO - [2025-01-23T19:52:19.581+0000] {dag.py:3340} INFO - Setting next_dagrun for tutorial_dag to None, run_after=None
[2025-01-23T19:52:19.676+0000] {processor.py:176} INFO - Processing /home/airflow/.local/lib/python3.7/site-packages/airflow/example_dags/tutorial_dag.py took 0.632 seconds
[2025-01-23T19:52:50.959+0000] {processor.py:154} INFO - Started process (PID=45528) to work on /home/airflow/.local/lib/python3.7/site-packages/airflow/example_dags/tutorial_dag.py
[2025-01-23T19:52:50.964+0000] {processor.py:756} INFO - Processing file /home/airflow/.local/lib/python3.7/site-packages/airflow/example_dags/tutorial_dag.py for tasks to queue
[2025-01-23T19:52:50.966+0000] {logging_mixin.py:120} INFO - [2025-01-23T19:52:50.966+0000] {dagbag.py:537} INFO - Filling up the DagBag from /home/airflow/.local/lib/python3.7/site-packages/airflow/example_dags/tutorial_dag.py
[2025-01-23T19:52:51.052+0000] {processor.py:766} INFO - DAG(s) dict_keys(['tutorial_dag']) retrieved from /home/airflow/.local/lib/python3.7/site-packages/airflow/example_dags/tutorial_dag.py
[2025-01-23T19:52:51.272+0000] {logging_mixin.py:120} INFO - [2025-01-23T19:52:51.271+0000] {dag.py:2585} INFO - Sync 1 DAGs
[2025-01-23T19:52:51.416+0000] {logging_mixin.py:120} INFO - [2025-01-23T19:52:51.411+0000] {dag.py:3340} INFO - Setting next_dagrun for tutorial_dag to None, run_after=None
[2025-01-23T19:52:51.499+0000] {processor.py:176} INFO - Processing /home/airflow/.local/lib/python3.7/site-packages/airflow/example_dags/tutorial_dag.py took 0.559 seconds
[2025-01-23T19:53:21.817+0000] {processor.py:154} INFO - Started process (PID=45591) to work on /home/airflow/.local/lib/python3.7/site-packages/airflow/example_dags/tutorial_dag.py
[2025-01-23T19:53:21.819+0000] {processor.py:756} INFO - Processing file /home/airflow/.local/lib/python3.7/site-packages/airflow/example_dags/tutorial_dag.py for tasks to queue
[2025-01-23T19:53:21.821+0000] {logging_mixin.py:120} INFO - [2025-01-23T19:53:21.821+0000] {dagbag.py:537} INFO - Filling up the DagBag from /home/airflow/.local/lib/python3.7/site-packages/airflow/example_dags/tutorial_dag.py
[2025-01-23T19:53:21.847+0000] {processor.py:766} INFO - DAG(s) dict_keys(['tutorial_dag']) retrieved from /home/airflow/.local/lib/python3.7/site-packages/airflow/example_dags/tutorial_dag.py
[2025-01-23T19:53:21.921+0000] {logging_mixin.py:120} INFO - [2025-01-23T19:53:21.921+0000] {dag.py:2585} INFO - Sync 1 DAGs
[2025-01-23T19:53:21.967+0000] {logging_mixin.py:120} INFO - [2025-01-23T19:53:21.967+0000] {dag.py:3340} INFO - Setting next_dagrun for tutorial_dag to None, run_after=None
[2025-01-23T19:53:22.003+0000] {processor.py:176} INFO - Processing /home/airflow/.local/lib/python3.7/site-packages/airflow/example_dags/tutorial_dag.py took 0.191 seconds
[2025-01-23T19:53:52.186+0000] {processor.py:154} INFO - Started process (PID=45645) to work on /home/airflow/.local/lib/python3.7/site-packages/airflow/example_dags/tutorial_dag.py
[2025-01-23T19:53:52.188+0000] {processor.py:756} INFO - Processing file /home/airflow/.local/lib/python3.7/site-packages/airflow/example_dags/tutorial_dag.py for tasks to queue
[2025-01-23T19:53:52.190+0000] {logging_mixin.py:120} INFO - [2025-01-23T19:53:52.190+0000] {dagbag.py:537} INFO - Filling up the DagBag from /home/airflow/.local/lib/python3.7/site-packages/airflow/example_dags/tutorial_dag.py
[2025-01-23T19:53:52.221+0000] {processor.py:766} INFO - DAG(s) dict_keys(['tutorial_dag']) retrieved from /home/airflow/.local/lib/python3.7/site-packages/airflow/example_dags/tutorial_dag.py
[2025-01-23T19:53:52.322+0000] {logging_mixin.py:120} INFO - [2025-01-23T19:53:52.322+0000] {dag.py:2585} INFO - Sync 1 DAGs
[2025-01-23T19:53:52.382+0000] {logging_mixin.py:120} INFO - [2025-01-23T19:53:52.381+0000] {dag.py:3340} INFO - Setting next_dagrun for tutorial_dag to None, run_after=None
[2025-01-23T19:53:52.426+0000] {processor.py:176} INFO - Processing /home/airflow/.local/lib/python3.7/site-packages/airflow/example_dags/tutorial_dag.py took 0.247 seconds
[2025-01-23T19:54:25.514+0000] {processor.py:154} INFO - Started process (PID=45708) to work on /home/airflow/.local/lib/python3.7/site-packages/airflow/example_dags/tutorial_dag.py
[2025-01-23T19:54:25.524+0000] {processor.py:756} INFO - Processing file /home/airflow/.local/lib/python3.7/site-packages/airflow/example_dags/tutorial_dag.py for tasks to queue
[2025-01-23T19:54:25.527+0000] {logging_mixin.py:120} INFO - [2025-01-23T19:54:25.526+0000] {dagbag.py:537} INFO - Filling up the DagBag from /home/airflow/.local/lib/python3.7/site-packages/airflow/example_dags/tutorial_dag.py
[2025-01-23T19:54:25.599+0000] {processor.py:766} INFO - DAG(s) dict_keys(['tutorial_dag']) retrieved from /home/airflow/.local/lib/python3.7/site-packages/airflow/example_dags/tutorial_dag.py
[2025-01-23T19:54:25.791+0000] {logging_mixin.py:120} INFO - [2025-01-23T19:54:25.791+0000] {dag.py:2585} INFO - Sync 1 DAGs
[2025-01-23T19:54:25.865+0000] {logging_mixin.py:120} INFO - [2025-01-23T19:54:25.864+0000] {dag.py:3340} INFO - Setting next_dagrun for tutorial_dag to None, run_after=None
[2025-01-23T19:54:25.960+0000] {processor.py:176} INFO - Processing /home/airflow/.local/lib/python3.7/site-packages/airflow/example_dags/tutorial_dag.py took 0.464 seconds
[2025-01-23T19:54:56.122+0000] {processor.py:154} INFO - Started process (PID=45762) to work on /home/airflow/.local/lib/python3.7/site-packages/airflow/example_dags/tutorial_dag.py
[2025-01-23T19:54:56.123+0000] {processor.py:756} INFO - Processing file /home/airflow/.local/lib/python3.7/site-packages/airflow/example_dags/tutorial_dag.py for tasks to queue
[2025-01-23T19:54:56.125+0000] {logging_mixin.py:120} INFO - [2025-01-23T19:54:56.125+0000] {dagbag.py:537} INFO - Filling up the DagBag from /home/airflow/.local/lib/python3.7/site-packages/airflow/example_dags/tutorial_dag.py
[2025-01-23T19:54:56.148+0000] {processor.py:766} INFO - DAG(s) dict_keys(['tutorial_dag']) retrieved from /home/airflow/.local/lib/python3.7/site-packages/airflow/example_dags/tutorial_dag.py
[2025-01-23T19:54:56.221+0000] {logging_mixin.py:120} INFO - [2025-01-23T19:54:56.220+0000] {dag.py:2585} INFO - Sync 1 DAGs
[2025-01-23T19:54:56.262+0000] {logging_mixin.py:120} INFO - [2025-01-23T19:54:56.262+0000] {dag.py:3340} INFO - Setting next_dagrun for tutorial_dag to None, run_after=None
[2025-01-23T19:54:56.300+0000] {processor.py:176} INFO - Processing /home/airflow/.local/lib/python3.7/site-packages/airflow/example_dags/tutorial_dag.py took 0.185 seconds
[2025-01-23T19:55:26.565+0000] {processor.py:154} INFO - Started process (PID=45817) to work on /home/airflow/.local/lib/python3.7/site-packages/airflow/example_dags/tutorial_dag.py
[2025-01-23T19:55:26.567+0000] {processor.py:756} INFO - Processing file /home/airflow/.local/lib/python3.7/site-packages/airflow/example_dags/tutorial_dag.py for tasks to queue
[2025-01-23T19:55:26.569+0000] {logging_mixin.py:120} INFO - [2025-01-23T19:55:26.569+0000] {dagbag.py:537} INFO - Filling up the DagBag from /home/airflow/.local/lib/python3.7/site-packages/airflow/example_dags/tutorial_dag.py
[2025-01-23T19:55:26.609+0000] {processor.py:766} INFO - DAG(s) dict_keys(['tutorial_dag']) retrieved from /home/airflow/.local/lib/python3.7/site-packages/airflow/example_dags/tutorial_dag.py
[2025-01-23T19:55:26.763+0000] {logging_mixin.py:120} INFO - [2025-01-23T19:55:26.763+0000] {dag.py:2585} INFO - Sync 1 DAGs
[2025-01-23T19:55:26.845+0000] {logging_mixin.py:120} INFO - [2025-01-23T19:55:26.845+0000] {dag.py:3340} INFO - Setting next_dagrun for tutorial_dag to None, run_after=None
[2025-01-23T19:55:26.889+0000] {processor.py:176} INFO - Processing /home/airflow/.local/lib/python3.7/site-packages/airflow/example_dags/tutorial_dag.py took 0.342 seconds
[2025-01-23T19:55:57.875+0000] {processor.py:154} INFO - Started process (PID=45880) to work on /home/airflow/.local/lib/python3.7/site-packages/airflow/example_dags/tutorial_dag.py
[2025-01-23T19:55:57.879+0000] {processor.py:756} INFO - Processing file /home/airflow/.local/lib/python3.7/site-packages/airflow/example_dags/tutorial_dag.py for tasks to queue
[2025-01-23T19:55:57.883+0000] {logging_mixin.py:120} INFO - [2025-01-23T19:55:57.883+0000] {dagbag.py:537} INFO - Filling up the DagBag from /home/airflow/.local/lib/python3.7/site-packages/airflow/example_dags/tutorial_dag.py
[2025-01-23T19:55:57.967+0000] {processor.py:766} INFO - DAG(s) dict_keys(['tutorial_dag']) retrieved from /home/airflow/.local/lib/python3.7/site-packages/airflow/example_dags/tutorial_dag.py
[2025-01-23T19:55:58.198+0000] {logging_mixin.py:120} INFO - [2025-01-23T19:55:58.194+0000] {dag.py:2585} INFO - Sync 1 DAGs
[2025-01-23T19:55:58.351+0000] {logging_mixin.py:120} INFO - [2025-01-23T19:55:58.351+0000] {dag.py:3340} INFO - Setting next_dagrun for tutorial_dag to None, run_after=None
[2025-01-23T19:55:58.499+0000] {processor.py:176} INFO - Processing /home/airflow/.local/lib/python3.7/site-packages/airflow/example_dags/tutorial_dag.py took 0.632 seconds
[2025-01-23T19:56:29.594+0000] {processor.py:154} INFO - Started process (PID=45924) to work on /home/airflow/.local/lib/python3.7/site-packages/airflow/example_dags/tutorial_dag.py
[2025-01-23T19:56:29.599+0000] {processor.py:756} INFO - Processing file /home/airflow/.local/lib/python3.7/site-packages/airflow/example_dags/tutorial_dag.py for tasks to queue
[2025-01-23T19:56:29.604+0000] {logging_mixin.py:120} INFO - [2025-01-23T19:56:29.604+0000] {dagbag.py:537} INFO - Filling up the DagBag from /home/airflow/.local/lib/python3.7/site-packages/airflow/example_dags/tutorial_dag.py
[2025-01-23T19:56:29.663+0000] {processor.py:766} INFO - DAG(s) dict_keys(['tutorial_dag']) retrieved from /home/airflow/.local/lib/python3.7/site-packages/airflow/example_dags/tutorial_dag.py
[2025-01-23T19:56:29.817+0000] {logging_mixin.py:120} INFO - [2025-01-23T19:56:29.816+0000] {dag.py:2585} INFO - Sync 1 DAGs
[2025-01-23T19:56:29.910+0000] {logging_mixin.py:120} INFO - [2025-01-23T19:56:29.910+0000] {dag.py:3340} INFO - Setting next_dagrun for tutorial_dag to None, run_after=None
[2025-01-23T19:56:29.959+0000] {processor.py:176} INFO - Processing /home/airflow/.local/lib/python3.7/site-packages/airflow/example_dags/tutorial_dag.py took 0.373 seconds
[2025-01-23T19:57:00.956+0000] {processor.py:154} INFO - Started process (PID=45987) to work on /home/airflow/.local/lib/python3.7/site-packages/airflow/example_dags/tutorial_dag.py
[2025-01-23T19:57:00.957+0000] {processor.py:756} INFO - Processing file /home/airflow/.local/lib/python3.7/site-packages/airflow/example_dags/tutorial_dag.py for tasks to queue
[2025-01-23T19:57:00.959+0000] {logging_mixin.py:120} INFO - [2025-01-23T19:57:00.959+0000] {dagbag.py:537} INFO - Filling up the DagBag from /home/airflow/.local/lib/python3.7/site-packages/airflow/example_dags/tutorial_dag.py
[2025-01-23T19:57:00.982+0000] {processor.py:766} INFO - DAG(s) dict_keys(['tutorial_dag']) retrieved from /home/airflow/.local/lib/python3.7/site-packages/airflow/example_dags/tutorial_dag.py
[2025-01-23T19:57:01.073+0000] {logging_mixin.py:120} INFO - [2025-01-23T19:57:01.073+0000] {dag.py:2585} INFO - Sync 1 DAGs
[2025-01-23T19:57:01.122+0000] {logging_mixin.py:120} INFO - [2025-01-23T19:57:01.121+0000] {dag.py:3340} INFO - Setting next_dagrun for tutorial_dag to None, run_after=None
[2025-01-23T19:57:01.159+0000] {processor.py:176} INFO - Processing /home/airflow/.local/lib/python3.7/site-packages/airflow/example_dags/tutorial_dag.py took 0.209 seconds
[2025-01-23T19:57:31.843+0000] {processor.py:154} INFO - Started process (PID=46041) to work on /home/airflow/.local/lib/python3.7/site-packages/airflow/example_dags/tutorial_dag.py
[2025-01-23T19:57:31.847+0000] {processor.py:756} INFO - Processing file /home/airflow/.local/lib/python3.7/site-packages/airflow/example_dags/tutorial_dag.py for tasks to queue
[2025-01-23T19:57:31.851+0000] {logging_mixin.py:120} INFO - [2025-01-23T19:57:31.850+0000] {dagbag.py:537} INFO - Filling up the DagBag from /home/airflow/.local/lib/python3.7/site-packages/airflow/example_dags/tutorial_dag.py
[2025-01-23T19:57:31.919+0000] {processor.py:766} INFO - DAG(s) dict_keys(['tutorial_dag']) retrieved from /home/airflow/.local/lib/python3.7/site-packages/airflow/example_dags/tutorial_dag.py
[2025-01-23T19:57:32.029+0000] {logging_mixin.py:120} INFO - [2025-01-23T19:57:32.028+0000] {dag.py:2585} INFO - Sync 1 DAGs
[2025-01-23T19:57:32.075+0000] {logging_mixin.py:120} INFO - [2025-01-23T19:57:32.074+0000] {dag.py:3340} INFO - Setting next_dagrun for tutorial_dag to None, run_after=None
[2025-01-23T19:57:32.117+0000] {processor.py:176} INFO - Processing /home/airflow/.local/lib/python3.7/site-packages/airflow/example_dags/tutorial_dag.py took 0.292 seconds
[2025-01-23T19:58:02.487+0000] {processor.py:154} INFO - Started process (PID=46095) to work on /home/airflow/.local/lib/python3.7/site-packages/airflow/example_dags/tutorial_dag.py
[2025-01-23T19:58:02.490+0000] {processor.py:756} INFO - Processing file /home/airflow/.local/lib/python3.7/site-packages/airflow/example_dags/tutorial_dag.py for tasks to queue
[2025-01-23T19:58:02.494+0000] {logging_mixin.py:120} INFO - [2025-01-23T19:58:02.493+0000] {dagbag.py:537} INFO - Filling up the DagBag from /home/airflow/.local/lib/python3.7/site-packages/airflow/example_dags/tutorial_dag.py
[2025-01-23T19:58:02.573+0000] {processor.py:766} INFO - DAG(s) dict_keys(['tutorial_dag']) retrieved from /home/airflow/.local/lib/python3.7/site-packages/airflow/example_dags/tutorial_dag.py
[2025-01-23T19:58:02.690+0000] {logging_mixin.py:120} INFO - [2025-01-23T19:58:02.690+0000] {dag.py:2585} INFO - Sync 1 DAGs
[2025-01-23T19:58:02.764+0000] {logging_mixin.py:120} INFO - [2025-01-23T19:58:02.764+0000] {dag.py:3340} INFO - Setting next_dagrun for tutorial_dag to None, run_after=None
[2025-01-23T19:58:02.805+0000] {processor.py:176} INFO - Processing /home/airflow/.local/lib/python3.7/site-packages/airflow/example_dags/tutorial_dag.py took 0.332 seconds
[2025-01-23T19:58:33.315+0000] {processor.py:154} INFO - Started process (PID=46158) to work on /home/airflow/.local/lib/python3.7/site-packages/airflow/example_dags/tutorial_dag.py
[2025-01-23T19:58:33.317+0000] {processor.py:756} INFO - Processing file /home/airflow/.local/lib/python3.7/site-packages/airflow/example_dags/tutorial_dag.py for tasks to queue
[2025-01-23T19:58:33.320+0000] {logging_mixin.py:120} INFO - [2025-01-23T19:58:33.319+0000] {dagbag.py:537} INFO - Filling up the DagBag from /home/airflow/.local/lib/python3.7/site-packages/airflow/example_dags/tutorial_dag.py
[2025-01-23T19:58:33.365+0000] {processor.py:766} INFO - DAG(s) dict_keys(['tutorial_dag']) retrieved from /home/airflow/.local/lib/python3.7/site-packages/airflow/example_dags/tutorial_dag.py
[2025-01-23T19:58:33.479+0000] {logging_mixin.py:120} INFO - [2025-01-23T19:58:33.479+0000] {dag.py:2585} INFO - Sync 1 DAGs
[2025-01-23T19:58:33.543+0000] {logging_mixin.py:120} INFO - [2025-01-23T19:58:33.542+0000] {dag.py:3340} INFO - Setting next_dagrun for tutorial_dag to None, run_after=None
[2025-01-23T19:58:33.587+0000] {processor.py:176} INFO - Processing /home/airflow/.local/lib/python3.7/site-packages/airflow/example_dags/tutorial_dag.py took 0.280 seconds
[2025-01-23T19:59:03.776+0000] {processor.py:154} INFO - Started process (PID=46212) to work on /home/airflow/.local/lib/python3.7/site-packages/airflow/example_dags/tutorial_dag.py
[2025-01-23T19:59:03.781+0000] {processor.py:756} INFO - Processing file /home/airflow/.local/lib/python3.7/site-packages/airflow/example_dags/tutorial_dag.py for tasks to queue
[2025-01-23T19:59:03.786+0000] {logging_mixin.py:120} INFO - [2025-01-23T19:59:03.785+0000] {dagbag.py:537} INFO - Filling up the DagBag from /home/airflow/.local/lib/python3.7/site-packages/airflow/example_dags/tutorial_dag.py
[2025-01-23T19:59:03.835+0000] {processor.py:766} INFO - DAG(s) dict_keys(['tutorial_dag']) retrieved from /home/airflow/.local/lib/python3.7/site-packages/airflow/example_dags/tutorial_dag.py
[2025-01-23T19:59:03.911+0000] {logging_mixin.py:120} INFO - [2025-01-23T19:59:03.911+0000] {dag.py:2585} INFO - Sync 1 DAGs
[2025-01-23T19:59:03.956+0000] {logging_mixin.py:120} INFO - [2025-01-23T19:59:03.956+0000] {dag.py:3340} INFO - Setting next_dagrun for tutorial_dag to None, run_after=None
[2025-01-23T19:59:03.993+0000] {processor.py:176} INFO - Processing /home/airflow/.local/lib/python3.7/site-packages/airflow/example_dags/tutorial_dag.py took 0.235 seconds
[2025-01-23T19:59:34.398+0000] {processor.py:154} INFO - Started process (PID=46266) to work on /home/airflow/.local/lib/python3.7/site-packages/airflow/example_dags/tutorial_dag.py
[2025-01-23T19:59:34.401+0000] {processor.py:756} INFO - Processing file /home/airflow/.local/lib/python3.7/site-packages/airflow/example_dags/tutorial_dag.py for tasks to queue
[2025-01-23T19:59:34.403+0000] {logging_mixin.py:120} INFO - [2025-01-23T19:59:34.402+0000] {dagbag.py:537} INFO - Filling up the DagBag from /home/airflow/.local/lib/python3.7/site-packages/airflow/example_dags/tutorial_dag.py
[2025-01-23T19:59:34.440+0000] {processor.py:766} INFO - DAG(s) dict_keys(['tutorial_dag']) retrieved from /home/airflow/.local/lib/python3.7/site-packages/airflow/example_dags/tutorial_dag.py
[2025-01-23T19:59:34.529+0000] {logging_mixin.py:120} INFO - [2025-01-23T19:59:34.529+0000] {dag.py:2585} INFO - Sync 1 DAGs
[2025-01-23T19:59:34.583+0000] {logging_mixin.py:120} INFO - [2025-01-23T19:59:34.582+0000] {dag.py:3340} INFO - Setting next_dagrun for tutorial_dag to None, run_after=None
[2025-01-23T19:59:34.621+0000] {processor.py:176} INFO - Processing /home/airflow/.local/lib/python3.7/site-packages/airflow/example_dags/tutorial_dag.py took 0.235 seconds
[2025-01-23T20:00:05.326+0000] {processor.py:154} INFO - Started process (PID=46331) to work on /home/airflow/.local/lib/python3.7/site-packages/airflow/example_dags/tutorial_dag.py
[2025-01-23T20:00:05.328+0000] {processor.py:756} INFO - Processing file /home/airflow/.local/lib/python3.7/site-packages/airflow/example_dags/tutorial_dag.py for tasks to queue
[2025-01-23T20:00:05.329+0000] {logging_mixin.py:120} INFO - [2025-01-23T20:00:05.329+0000] {dagbag.py:537} INFO - Filling up the DagBag from /home/airflow/.local/lib/python3.7/site-packages/airflow/example_dags/tutorial_dag.py
[2025-01-23T20:00:05.367+0000] {processor.py:766} INFO - DAG(s) dict_keys(['tutorial_dag']) retrieved from /home/airflow/.local/lib/python3.7/site-packages/airflow/example_dags/tutorial_dag.py
[2025-01-23T20:00:05.452+0000] {logging_mixin.py:120} INFO - [2025-01-23T20:00:05.452+0000] {dag.py:2585} INFO - Sync 1 DAGs
[2025-01-23T20:00:05.517+0000] {logging_mixin.py:120} INFO - [2025-01-23T20:00:05.516+0000] {dag.py:3340} INFO - Setting next_dagrun for tutorial_dag to None, run_after=None
[2025-01-23T20:00:05.563+0000] {processor.py:176} INFO - Processing /home/airflow/.local/lib/python3.7/site-packages/airflow/example_dags/tutorial_dag.py took 0.243 seconds
[2025-01-23T20:00:35.697+0000] {processor.py:154} INFO - Started process (PID=46385) to work on /home/airflow/.local/lib/python3.7/site-packages/airflow/example_dags/tutorial_dag.py
[2025-01-23T20:00:35.699+0000] {processor.py:756} INFO - Processing file /home/airflow/.local/lib/python3.7/site-packages/airflow/example_dags/tutorial_dag.py for tasks to queue
[2025-01-23T20:00:35.702+0000] {logging_mixin.py:120} INFO - [2025-01-23T20:00:35.701+0000] {dagbag.py:537} INFO - Filling up the DagBag from /home/airflow/.local/lib/python3.7/site-packages/airflow/example_dags/tutorial_dag.py
[2025-01-23T20:00:35.733+0000] {processor.py:766} INFO - DAG(s) dict_keys(['tutorial_dag']) retrieved from /home/airflow/.local/lib/python3.7/site-packages/airflow/example_dags/tutorial_dag.py
[2025-01-23T20:00:35.845+0000] {logging_mixin.py:120} INFO - [2025-01-23T20:00:35.845+0000] {dag.py:2585} INFO - Sync 1 DAGs
[2025-01-23T20:00:35.902+0000] {logging_mixin.py:120} INFO - [2025-01-23T20:00:35.901+0000] {dag.py:3340} INFO - Setting next_dagrun for tutorial_dag to None, run_after=None
[2025-01-23T20:00:35.945+0000] {processor.py:176} INFO - Processing /home/airflow/.local/lib/python3.7/site-packages/airflow/example_dags/tutorial_dag.py took 0.258 seconds
[2025-01-23T20:01:06.400+0000] {processor.py:154} INFO - Started process (PID=46449) to work on /home/airflow/.local/lib/python3.7/site-packages/airflow/example_dags/tutorial_dag.py
[2025-01-23T20:01:06.402+0000] {processor.py:756} INFO - Processing file /home/airflow/.local/lib/python3.7/site-packages/airflow/example_dags/tutorial_dag.py for tasks to queue
[2025-01-23T20:01:06.404+0000] {logging_mixin.py:120} INFO - [2025-01-23T20:01:06.403+0000] {dagbag.py:537} INFO - Filling up the DagBag from /home/airflow/.local/lib/python3.7/site-packages/airflow/example_dags/tutorial_dag.py
[2025-01-23T20:01:06.440+0000] {processor.py:766} INFO - DAG(s) dict_keys(['tutorial_dag']) retrieved from /home/airflow/.local/lib/python3.7/site-packages/airflow/example_dags/tutorial_dag.py
[2025-01-23T20:01:06.536+0000] {logging_mixin.py:120} INFO - [2025-01-23T20:01:06.536+0000] {dag.py:2585} INFO - Sync 1 DAGs
[2025-01-23T20:01:06.592+0000] {logging_mixin.py:120} INFO - [2025-01-23T20:01:06.592+0000] {dag.py:3340} INFO - Setting next_dagrun for tutorial_dag to None, run_after=None
[2025-01-23T20:01:06.627+0000] {processor.py:176} INFO - Processing /home/airflow/.local/lib/python3.7/site-packages/airflow/example_dags/tutorial_dag.py took 0.233 seconds
[2025-01-23T20:01:36.869+0000] {processor.py:154} INFO - Started process (PID=46503) to work on /home/airflow/.local/lib/python3.7/site-packages/airflow/example_dags/tutorial_dag.py
[2025-01-23T20:01:36.871+0000] {processor.py:756} INFO - Processing file /home/airflow/.local/lib/python3.7/site-packages/airflow/example_dags/tutorial_dag.py for tasks to queue
[2025-01-23T20:01:36.873+0000] {logging_mixin.py:120} INFO - [2025-01-23T20:01:36.873+0000] {dagbag.py:537} INFO - Filling up the DagBag from /home/airflow/.local/lib/python3.7/site-packages/airflow/example_dags/tutorial_dag.py
[2025-01-23T20:01:36.915+0000] {processor.py:766} INFO - DAG(s) dict_keys(['tutorial_dag']) retrieved from /home/airflow/.local/lib/python3.7/site-packages/airflow/example_dags/tutorial_dag.py
[2025-01-23T20:01:37.050+0000] {logging_mixin.py:120} INFO - [2025-01-23T20:01:37.050+0000] {dag.py:2585} INFO - Sync 1 DAGs
[2025-01-23T20:01:37.126+0000] {logging_mixin.py:120} INFO - [2025-01-23T20:01:37.126+0000] {dag.py:3340} INFO - Setting next_dagrun for tutorial_dag to None, run_after=None
[2025-01-23T20:01:37.170+0000] {processor.py:176} INFO - Processing /home/airflow/.local/lib/python3.7/site-packages/airflow/example_dags/tutorial_dag.py took 0.310 seconds
[2025-01-23T20:02:07.412+0000] {processor.py:154} INFO - Started process (PID=46557) to work on /home/airflow/.local/lib/python3.7/site-packages/airflow/example_dags/tutorial_dag.py
[2025-01-23T20:02:07.414+0000] {processor.py:756} INFO - Processing file /home/airflow/.local/lib/python3.7/site-packages/airflow/example_dags/tutorial_dag.py for tasks to queue
[2025-01-23T20:02:07.416+0000] {logging_mixin.py:120} INFO - [2025-01-23T20:02:07.415+0000] {dagbag.py:537} INFO - Filling up the DagBag from /home/airflow/.local/lib/python3.7/site-packages/airflow/example_dags/tutorial_dag.py
[2025-01-23T20:02:07.444+0000] {processor.py:766} INFO - DAG(s) dict_keys(['tutorial_dag']) retrieved from /home/airflow/.local/lib/python3.7/site-packages/airflow/example_dags/tutorial_dag.py
[2025-01-23T20:02:07.520+0000] {logging_mixin.py:120} INFO - [2025-01-23T20:02:07.519+0000] {dag.py:2585} INFO - Sync 1 DAGs
[2025-01-23T20:02:07.562+0000] {logging_mixin.py:120} INFO - [2025-01-23T20:02:07.562+0000] {dag.py:3340} INFO - Setting next_dagrun for tutorial_dag to None, run_after=None
[2025-01-23T20:02:07.596+0000] {processor.py:176} INFO - Processing /home/airflow/.local/lib/python3.7/site-packages/airflow/example_dags/tutorial_dag.py took 0.191 seconds
[2025-01-23T20:02:38.199+0000] {processor.py:154} INFO - Started process (PID=46620) to work on /home/airflow/.local/lib/python3.7/site-packages/airflow/example_dags/tutorial_dag.py
[2025-01-23T20:02:38.205+0000] {processor.py:756} INFO - Processing file /home/airflow/.local/lib/python3.7/site-packages/airflow/example_dags/tutorial_dag.py for tasks to queue
[2025-01-23T20:02:38.211+0000] {logging_mixin.py:120} INFO - [2025-01-23T20:02:38.210+0000] {dagbag.py:537} INFO - Filling up the DagBag from /home/airflow/.local/lib/python3.7/site-packages/airflow/example_dags/tutorial_dag.py
[2025-01-23T20:02:38.254+0000] {processor.py:766} INFO - DAG(s) dict_keys(['tutorial_dag']) retrieved from /home/airflow/.local/lib/python3.7/site-packages/airflow/example_dags/tutorial_dag.py
[2025-01-23T20:02:38.324+0000] {logging_mixin.py:120} INFO - [2025-01-23T20:02:38.323+0000] {dag.py:2585} INFO - Sync 1 DAGs
[2025-01-23T20:02:38.370+0000] {logging_mixin.py:120} INFO - [2025-01-23T20:02:38.370+0000] {dag.py:3340} INFO - Setting next_dagrun for tutorial_dag to None, run_after=None
[2025-01-23T20:02:38.403+0000] {processor.py:176} INFO - Processing /home/airflow/.local/lib/python3.7/site-packages/airflow/example_dags/tutorial_dag.py took 0.214 seconds
[2025-01-23T20:03:09.043+0000] {processor.py:154} INFO - Started process (PID=46674) to work on /home/airflow/.local/lib/python3.7/site-packages/airflow/example_dags/tutorial_dag.py
[2025-01-23T20:03:09.045+0000] {processor.py:756} INFO - Processing file /home/airflow/.local/lib/python3.7/site-packages/airflow/example_dags/tutorial_dag.py for tasks to queue
[2025-01-23T20:03:09.047+0000] {logging_mixin.py:120} INFO - [2025-01-23T20:03:09.047+0000] {dagbag.py:537} INFO - Filling up the DagBag from /home/airflow/.local/lib/python3.7/site-packages/airflow/example_dags/tutorial_dag.py
[2025-01-23T20:03:09.070+0000] {processor.py:766} INFO - DAG(s) dict_keys(['tutorial_dag']) retrieved from /home/airflow/.local/lib/python3.7/site-packages/airflow/example_dags/tutorial_dag.py
[2025-01-23T20:03:09.140+0000] {logging_mixin.py:120} INFO - [2025-01-23T20:03:09.140+0000] {dag.py:2585} INFO - Sync 1 DAGs
[2025-01-23T20:03:09.183+0000] {logging_mixin.py:120} INFO - [2025-01-23T20:03:09.182+0000] {dag.py:3340} INFO - Setting next_dagrun for tutorial_dag to None, run_after=None
[2025-01-23T20:03:09.228+0000] {processor.py:176} INFO - Processing /home/airflow/.local/lib/python3.7/site-packages/airflow/example_dags/tutorial_dag.py took 0.190 seconds
[2025-01-23T20:03:39.538+0000] {processor.py:154} INFO - Started process (PID=46735) to work on /home/airflow/.local/lib/python3.7/site-packages/airflow/example_dags/tutorial_dag.py
[2025-01-23T20:03:39.540+0000] {processor.py:756} INFO - Processing file /home/airflow/.local/lib/python3.7/site-packages/airflow/example_dags/tutorial_dag.py for tasks to queue
[2025-01-23T20:03:39.542+0000] {logging_mixin.py:120} INFO - [2025-01-23T20:03:39.542+0000] {dagbag.py:537} INFO - Filling up the DagBag from /home/airflow/.local/lib/python3.7/site-packages/airflow/example_dags/tutorial_dag.py
[2025-01-23T20:03:39.573+0000] {processor.py:766} INFO - DAG(s) dict_keys(['tutorial_dag']) retrieved from /home/airflow/.local/lib/python3.7/site-packages/airflow/example_dags/tutorial_dag.py
[2025-01-23T20:03:39.670+0000] {logging_mixin.py:120} INFO - [2025-01-23T20:03:39.670+0000] {dag.py:2585} INFO - Sync 1 DAGs
[2025-01-23T20:03:39.720+0000] {logging_mixin.py:120} INFO - [2025-01-23T20:03:39.720+0000] {dag.py:3340} INFO - Setting next_dagrun for tutorial_dag to None, run_after=None
[2025-01-23T20:03:39.757+0000] {processor.py:176} INFO - Processing /home/airflow/.local/lib/python3.7/site-packages/airflow/example_dags/tutorial_dag.py took 0.226 seconds
[2025-01-23T20:04:10.403+0000] {processor.py:154} INFO - Started process (PID=46791) to work on /home/airflow/.local/lib/python3.7/site-packages/airflow/example_dags/tutorial_dag.py
[2025-01-23T20:04:10.408+0000] {processor.py:756} INFO - Processing file /home/airflow/.local/lib/python3.7/site-packages/airflow/example_dags/tutorial_dag.py for tasks to queue
[2025-01-23T20:04:10.421+0000] {logging_mixin.py:120} INFO - [2025-01-23T20:04:10.420+0000] {dagbag.py:537} INFO - Filling up the DagBag from /home/airflow/.local/lib/python3.7/site-packages/airflow/example_dags/tutorial_dag.py
[2025-01-23T20:04:10.515+0000] {processor.py:766} INFO - DAG(s) dict_keys(['tutorial_dag']) retrieved from /home/airflow/.local/lib/python3.7/site-packages/airflow/example_dags/tutorial_dag.py
[2025-01-23T20:04:10.690+0000] {logging_mixin.py:120} INFO - [2025-01-23T20:04:10.690+0000] {dag.py:2585} INFO - Sync 1 DAGs
[2025-01-23T20:04:10.801+0000] {logging_mixin.py:120} INFO - [2025-01-23T20:04:10.801+0000] {dag.py:3340} INFO - Setting next_dagrun for tutorial_dag to None, run_after=None
[2025-01-23T20:04:10.866+0000] {processor.py:176} INFO - Processing /home/airflow/.local/lib/python3.7/site-packages/airflow/example_dags/tutorial_dag.py took 0.479 seconds
[2025-01-23T20:04:41.131+0000] {processor.py:154} INFO - Started process (PID=46845) to work on /home/airflow/.local/lib/python3.7/site-packages/airflow/example_dags/tutorial_dag.py
[2025-01-23T20:04:41.135+0000] {processor.py:756} INFO - Processing file /home/airflow/.local/lib/python3.7/site-packages/airflow/example_dags/tutorial_dag.py for tasks to queue
[2025-01-23T20:04:41.139+0000] {logging_mixin.py:120} INFO - [2025-01-23T20:04:41.138+0000] {dagbag.py:537} INFO - Filling up the DagBag from /home/airflow/.local/lib/python3.7/site-packages/airflow/example_dags/tutorial_dag.py
[2025-01-23T20:04:41.205+0000] {processor.py:766} INFO - DAG(s) dict_keys(['tutorial_dag']) retrieved from /home/airflow/.local/lib/python3.7/site-packages/airflow/example_dags/tutorial_dag.py
[2025-01-23T20:04:41.299+0000] {logging_mixin.py:120} INFO - [2025-01-23T20:04:41.299+0000] {dag.py:2585} INFO - Sync 1 DAGs
[2025-01-23T20:04:41.358+0000] {logging_mixin.py:120} INFO - [2025-01-23T20:04:41.358+0000] {dag.py:3340} INFO - Setting next_dagrun for tutorial_dag to None, run_after=None
[2025-01-23T20:04:41.394+0000] {processor.py:176} INFO - Processing /home/airflow/.local/lib/python3.7/site-packages/airflow/example_dags/tutorial_dag.py took 0.276 seconds
[2025-01-23T20:05:12.382+0000] {processor.py:154} INFO - Started process (PID=46908) to work on /home/airflow/.local/lib/python3.7/site-packages/airflow/example_dags/tutorial_dag.py
[2025-01-23T20:05:12.386+0000] {processor.py:756} INFO - Processing file /home/airflow/.local/lib/python3.7/site-packages/airflow/example_dags/tutorial_dag.py for tasks to queue
[2025-01-23T20:05:12.390+0000] {logging_mixin.py:120} INFO - [2025-01-23T20:05:12.389+0000] {dagbag.py:537} INFO - Filling up the DagBag from /home/airflow/.local/lib/python3.7/site-packages/airflow/example_dags/tutorial_dag.py
[2025-01-23T20:05:12.452+0000] {processor.py:766} INFO - DAG(s) dict_keys(['tutorial_dag']) retrieved from /home/airflow/.local/lib/python3.7/site-packages/airflow/example_dags/tutorial_dag.py
[2025-01-23T20:05:12.541+0000] {logging_mixin.py:120} INFO - [2025-01-23T20:05:12.541+0000] {dag.py:2585} INFO - Sync 1 DAGs
[2025-01-23T20:05:12.583+0000] {logging_mixin.py:120} INFO - [2025-01-23T20:05:12.583+0000] {dag.py:3340} INFO - Setting next_dagrun for tutorial_dag to None, run_after=None
[2025-01-23T20:05:12.617+0000] {processor.py:176} INFO - Processing /home/airflow/.local/lib/python3.7/site-packages/airflow/example_dags/tutorial_dag.py took 0.250 seconds
[2025-01-23T20:05:43.226+0000] {processor.py:154} INFO - Started process (PID=46962) to work on /home/airflow/.local/lib/python3.7/site-packages/airflow/example_dags/tutorial_dag.py
[2025-01-23T20:05:43.227+0000] {processor.py:756} INFO - Processing file /home/airflow/.local/lib/python3.7/site-packages/airflow/example_dags/tutorial_dag.py for tasks to queue
[2025-01-23T20:05:43.229+0000] {logging_mixin.py:120} INFO - [2025-01-23T20:05:43.228+0000] {dagbag.py:537} INFO - Filling up the DagBag from /home/airflow/.local/lib/python3.7/site-packages/airflow/example_dags/tutorial_dag.py
[2025-01-23T20:05:43.254+0000] {processor.py:766} INFO - DAG(s) dict_keys(['tutorial_dag']) retrieved from /home/airflow/.local/lib/python3.7/site-packages/airflow/example_dags/tutorial_dag.py
[2025-01-23T20:05:43.325+0000] {logging_mixin.py:120} INFO - [2025-01-23T20:05:43.325+0000] {dag.py:2585} INFO - Sync 1 DAGs
[2025-01-23T20:05:43.374+0000] {logging_mixin.py:120} INFO - [2025-01-23T20:05:43.374+0000] {dag.py:3340} INFO - Setting next_dagrun for tutorial_dag to None, run_after=None
[2025-01-23T20:05:43.409+0000] {processor.py:176} INFO - Processing /home/airflow/.local/lib/python3.7/site-packages/airflow/example_dags/tutorial_dag.py took 0.188 seconds
[2025-01-23T20:06:13.854+0000] {processor.py:154} INFO - Started process (PID=47025) to work on /home/airflow/.local/lib/python3.7/site-packages/airflow/example_dags/tutorial_dag.py
[2025-01-23T20:06:13.858+0000] {processor.py:756} INFO - Processing file /home/airflow/.local/lib/python3.7/site-packages/airflow/example_dags/tutorial_dag.py for tasks to queue
[2025-01-23T20:06:13.862+0000] {logging_mixin.py:120} INFO - [2025-01-23T20:06:13.861+0000] {dagbag.py:537} INFO - Filling up the DagBag from /home/airflow/.local/lib/python3.7/site-packages/airflow/example_dags/tutorial_dag.py
[2025-01-23T20:06:13.923+0000] {processor.py:766} INFO - DAG(s) dict_keys(['tutorial_dag']) retrieved from /home/airflow/.local/lib/python3.7/site-packages/airflow/example_dags/tutorial_dag.py
[2025-01-23T20:06:13.993+0000] {logging_mixin.py:120} INFO - [2025-01-23T20:06:13.993+0000] {dag.py:2585} INFO - Sync 1 DAGs
[2025-01-23T20:06:14.032+0000] {logging_mixin.py:120} INFO - [2025-01-23T20:06:14.032+0000] {dag.py:3340} INFO - Setting next_dagrun for tutorial_dag to None, run_after=None
[2025-01-23T20:06:14.069+0000] {processor.py:176} INFO - Processing /home/airflow/.local/lib/python3.7/site-packages/airflow/example_dags/tutorial_dag.py took 0.229 seconds
[2025-01-23T20:06:44.890+0000] {processor.py:154} INFO - Started process (PID=47079) to work on /home/airflow/.local/lib/python3.7/site-packages/airflow/example_dags/tutorial_dag.py
[2025-01-23T20:06:44.894+0000] {processor.py:756} INFO - Processing file /home/airflow/.local/lib/python3.7/site-packages/airflow/example_dags/tutorial_dag.py for tasks to queue
[2025-01-23T20:06:44.897+0000] {logging_mixin.py:120} INFO - [2025-01-23T20:06:44.897+0000] {dagbag.py:537} INFO - Filling up the DagBag from /home/airflow/.local/lib/python3.7/site-packages/airflow/example_dags/tutorial_dag.py
[2025-01-23T20:06:44.948+0000] {processor.py:766} INFO - DAG(s) dict_keys(['tutorial_dag']) retrieved from /home/airflow/.local/lib/python3.7/site-packages/airflow/example_dags/tutorial_dag.py
[2025-01-23T20:06:45.016+0000] {logging_mixin.py:120} INFO - [2025-01-23T20:06:45.016+0000] {dag.py:2585} INFO - Sync 1 DAGs
[2025-01-23T20:06:45.059+0000] {logging_mixin.py:120} INFO - [2025-01-23T20:06:45.058+0000] {dag.py:3340} INFO - Setting next_dagrun for tutorial_dag to None, run_after=None
[2025-01-23T20:06:45.092+0000] {processor.py:176} INFO - Processing /home/airflow/.local/lib/python3.7/site-packages/airflow/example_dags/tutorial_dag.py took 0.219 seconds
[2025-01-23T20:07:15.256+0000] {processor.py:154} INFO - Started process (PID=47142) to work on /home/airflow/.local/lib/python3.7/site-packages/airflow/example_dags/tutorial_dag.py
[2025-01-23T20:07:15.260+0000] {processor.py:756} INFO - Processing file /home/airflow/.local/lib/python3.7/site-packages/airflow/example_dags/tutorial_dag.py for tasks to queue
[2025-01-23T20:07:15.264+0000] {logging_mixin.py:120} INFO - [2025-01-23T20:07:15.264+0000] {dagbag.py:537} INFO - Filling up the DagBag from /home/airflow/.local/lib/python3.7/site-packages/airflow/example_dags/tutorial_dag.py
[2025-01-23T20:07:15.328+0000] {processor.py:766} INFO - DAG(s) dict_keys(['tutorial_dag']) retrieved from /home/airflow/.local/lib/python3.7/site-packages/airflow/example_dags/tutorial_dag.py
[2025-01-23T20:07:15.473+0000] {logging_mixin.py:120} INFO - [2025-01-23T20:07:15.473+0000] {dag.py:2585} INFO - Sync 1 DAGs
[2025-01-23T20:07:15.554+0000] {logging_mixin.py:120} INFO - [2025-01-23T20:07:15.554+0000] {dag.py:3340} INFO - Setting next_dagrun for tutorial_dag to None, run_after=None
[2025-01-23T20:07:15.620+0000] {processor.py:176} INFO - Processing /home/airflow/.local/lib/python3.7/site-packages/airflow/example_dags/tutorial_dag.py took 0.379 seconds
[2025-01-23T20:07:45.811+0000] {processor.py:154} INFO - Started process (PID=47196) to work on /home/airflow/.local/lib/python3.7/site-packages/airflow/example_dags/tutorial_dag.py
[2025-01-23T20:07:45.815+0000] {processor.py:756} INFO - Processing file /home/airflow/.local/lib/python3.7/site-packages/airflow/example_dags/tutorial_dag.py for tasks to queue
[2025-01-23T20:07:45.819+0000] {logging_mixin.py:120} INFO - [2025-01-23T20:07:45.818+0000] {dagbag.py:537} INFO - Filling up the DagBag from /home/airflow/.local/lib/python3.7/site-packages/airflow/example_dags/tutorial_dag.py
[2025-01-23T20:07:45.880+0000] {processor.py:766} INFO - DAG(s) dict_keys(['tutorial_dag']) retrieved from /home/airflow/.local/lib/python3.7/site-packages/airflow/example_dags/tutorial_dag.py
[2025-01-23T20:07:46.038+0000] {logging_mixin.py:120} INFO - [2025-01-23T20:07:46.037+0000] {dag.py:2585} INFO - Sync 1 DAGs
[2025-01-23T20:07:46.106+0000] {logging_mixin.py:120} INFO - [2025-01-23T20:07:46.105+0000] {dag.py:3340} INFO - Setting next_dagrun for tutorial_dag to None, run_after=None
[2025-01-23T20:07:46.155+0000] {processor.py:176} INFO - Processing /home/airflow/.local/lib/python3.7/site-packages/airflow/example_dags/tutorial_dag.py took 0.359 seconds
[2025-01-23T20:08:16.667+0000] {processor.py:154} INFO - Started process (PID=47258) to work on /home/airflow/.local/lib/python3.7/site-packages/airflow/example_dags/tutorial_dag.py
[2025-01-23T20:08:16.669+0000] {processor.py:756} INFO - Processing file /home/airflow/.local/lib/python3.7/site-packages/airflow/example_dags/tutorial_dag.py for tasks to queue
[2025-01-23T20:08:16.671+0000] {logging_mixin.py:120} INFO - [2025-01-23T20:08:16.670+0000] {dagbag.py:537} INFO - Filling up the DagBag from /home/airflow/.local/lib/python3.7/site-packages/airflow/example_dags/tutorial_dag.py
[2025-01-23T20:08:16.696+0000] {processor.py:766} INFO - DAG(s) dict_keys(['tutorial_dag']) retrieved from /home/airflow/.local/lib/python3.7/site-packages/airflow/example_dags/tutorial_dag.py
[2025-01-23T20:08:16.769+0000] {logging_mixin.py:120} INFO - [2025-01-23T20:08:16.769+0000] {dag.py:2585} INFO - Sync 1 DAGs
[2025-01-23T20:08:16.819+0000] {logging_mixin.py:120} INFO - [2025-01-23T20:08:16.819+0000] {dag.py:3340} INFO - Setting next_dagrun for tutorial_dag to None, run_after=None
[2025-01-23T20:08:16.854+0000] {processor.py:176} INFO - Processing /home/airflow/.local/lib/python3.7/site-packages/airflow/example_dags/tutorial_dag.py took 0.194 seconds
[2025-01-23T20:08:46.977+0000] {processor.py:154} INFO - Started process (PID=47312) to work on /home/airflow/.local/lib/python3.7/site-packages/airflow/example_dags/tutorial_dag.py
[2025-01-23T20:08:46.978+0000] {processor.py:756} INFO - Processing file /home/airflow/.local/lib/python3.7/site-packages/airflow/example_dags/tutorial_dag.py for tasks to queue
[2025-01-23T20:08:46.980+0000] {logging_mixin.py:120} INFO - [2025-01-23T20:08:46.980+0000] {dagbag.py:537} INFO - Filling up the DagBag from /home/airflow/.local/lib/python3.7/site-packages/airflow/example_dags/tutorial_dag.py
[2025-01-23T20:08:47.004+0000] {processor.py:766} INFO - DAG(s) dict_keys(['tutorial_dag']) retrieved from /home/airflow/.local/lib/python3.7/site-packages/airflow/example_dags/tutorial_dag.py
[2025-01-23T20:08:47.072+0000] {logging_mixin.py:120} INFO - [2025-01-23T20:08:47.072+0000] {dag.py:2585} INFO - Sync 1 DAGs
[2025-01-23T20:08:47.117+0000] {logging_mixin.py:120} INFO - [2025-01-23T20:08:47.117+0000] {dag.py:3340} INFO - Setting next_dagrun for tutorial_dag to None, run_after=None
[2025-01-23T20:08:47.162+0000] {processor.py:176} INFO - Processing /home/airflow/.local/lib/python3.7/site-packages/airflow/example_dags/tutorial_dag.py took 0.190 seconds
[2025-01-23T20:09:18.130+0000] {processor.py:154} INFO - Started process (PID=47375) to work on /home/airflow/.local/lib/python3.7/site-packages/airflow/example_dags/tutorial_dag.py
[2025-01-23T20:09:18.132+0000] {processor.py:756} INFO - Processing file /home/airflow/.local/lib/python3.7/site-packages/airflow/example_dags/tutorial_dag.py for tasks to queue
[2025-01-23T20:09:18.135+0000] {logging_mixin.py:120} INFO - [2025-01-23T20:09:18.135+0000] {dagbag.py:537} INFO - Filling up the DagBag from /home/airflow/.local/lib/python3.7/site-packages/airflow/example_dags/tutorial_dag.py
[2025-01-23T20:09:18.160+0000] {processor.py:766} INFO - DAG(s) dict_keys(['tutorial_dag']) retrieved from /home/airflow/.local/lib/python3.7/site-packages/airflow/example_dags/tutorial_dag.py
[2025-01-23T20:09:18.238+0000] {logging_mixin.py:120} INFO - [2025-01-23T20:09:18.237+0000] {dag.py:2585} INFO - Sync 1 DAGs
[2025-01-23T20:09:18.283+0000] {logging_mixin.py:120} INFO - [2025-01-23T20:09:18.283+0000] {dag.py:3340} INFO - Setting next_dagrun for tutorial_dag to None, run_after=None
[2025-01-23T20:09:18.318+0000] {processor.py:176} INFO - Processing /home/airflow/.local/lib/python3.7/site-packages/airflow/example_dags/tutorial_dag.py took 0.195 seconds
[2025-01-23T20:09:49.100+0000] {processor.py:154} INFO - Started process (PID=47429) to work on /home/airflow/.local/lib/python3.7/site-packages/airflow/example_dags/tutorial_dag.py
[2025-01-23T20:09:49.101+0000] {processor.py:756} INFO - Processing file /home/airflow/.local/lib/python3.7/site-packages/airflow/example_dags/tutorial_dag.py for tasks to queue
[2025-01-23T20:09:49.103+0000] {logging_mixin.py:120} INFO - [2025-01-23T20:09:49.102+0000] {dagbag.py:537} INFO - Filling up the DagBag from /home/airflow/.local/lib/python3.7/site-packages/airflow/example_dags/tutorial_dag.py
[2025-01-23T20:09:49.125+0000] {processor.py:766} INFO - DAG(s) dict_keys(['tutorial_dag']) retrieved from /home/airflow/.local/lib/python3.7/site-packages/airflow/example_dags/tutorial_dag.py
[2025-01-23T20:09:49.199+0000] {logging_mixin.py:120} INFO - [2025-01-23T20:09:49.199+0000] {dag.py:2585} INFO - Sync 1 DAGs
[2025-01-23T20:09:49.244+0000] {logging_mixin.py:120} INFO - [2025-01-23T20:09:49.244+0000] {dag.py:3340} INFO - Setting next_dagrun for tutorial_dag to None, run_after=None
[2025-01-23T20:09:49.278+0000] {processor.py:176} INFO - Processing /home/airflow/.local/lib/python3.7/site-packages/airflow/example_dags/tutorial_dag.py took 0.183 seconds
[2025-01-23T20:10:20.223+0000] {processor.py:154} INFO - Started process (PID=47492) to work on /home/airflow/.local/lib/python3.7/site-packages/airflow/example_dags/tutorial_dag.py
[2025-01-23T20:10:20.224+0000] {processor.py:756} INFO - Processing file /home/airflow/.local/lib/python3.7/site-packages/airflow/example_dags/tutorial_dag.py for tasks to queue
[2025-01-23T20:10:20.226+0000] {logging_mixin.py:120} INFO - [2025-01-23T20:10:20.226+0000] {dagbag.py:537} INFO - Filling up the DagBag from /home/airflow/.local/lib/python3.7/site-packages/airflow/example_dags/tutorial_dag.py
[2025-01-23T20:10:20.253+0000] {processor.py:766} INFO - DAG(s) dict_keys(['tutorial_dag']) retrieved from /home/airflow/.local/lib/python3.7/site-packages/airflow/example_dags/tutorial_dag.py
[2025-01-23T20:10:20.342+0000] {logging_mixin.py:120} INFO - [2025-01-23T20:10:20.342+0000] {dag.py:2585} INFO - Sync 1 DAGs
[2025-01-23T20:10:20.395+0000] {logging_mixin.py:120} INFO - [2025-01-23T20:10:20.395+0000] {dag.py:3340} INFO - Setting next_dagrun for tutorial_dag to None, run_after=None
[2025-01-23T20:10:20.428+0000] {processor.py:176} INFO - Processing /home/airflow/.local/lib/python3.7/site-packages/airflow/example_dags/tutorial_dag.py took 0.211 seconds
[2025-01-23T20:10:50.856+0000] {processor.py:154} INFO - Started process (PID=47546) to work on /home/airflow/.local/lib/python3.7/site-packages/airflow/example_dags/tutorial_dag.py
[2025-01-23T20:10:50.858+0000] {processor.py:756} INFO - Processing file /home/airflow/.local/lib/python3.7/site-packages/airflow/example_dags/tutorial_dag.py for tasks to queue
[2025-01-23T20:10:50.859+0000] {logging_mixin.py:120} INFO - [2025-01-23T20:10:50.859+0000] {dagbag.py:537} INFO - Filling up the DagBag from /home/airflow/.local/lib/python3.7/site-packages/airflow/example_dags/tutorial_dag.py
[2025-01-23T20:10:50.880+0000] {processor.py:766} INFO - DAG(s) dict_keys(['tutorial_dag']) retrieved from /home/airflow/.local/lib/python3.7/site-packages/airflow/example_dags/tutorial_dag.py
[2025-01-23T20:10:50.954+0000] {logging_mixin.py:120} INFO - [2025-01-23T20:10:50.953+0000] {dag.py:2585} INFO - Sync 1 DAGs
[2025-01-23T20:10:51.007+0000] {logging_mixin.py:120} INFO - [2025-01-23T20:10:51.007+0000] {dag.py:3340} INFO - Setting next_dagrun for tutorial_dag to None, run_after=None
[2025-01-23T20:10:51.056+0000] {processor.py:176} INFO - Processing /home/airflow/.local/lib/python3.7/site-packages/airflow/example_dags/tutorial_dag.py took 0.206 seconds
[2025-01-23T20:11:21.941+0000] {processor.py:154} INFO - Started process (PID=47599) to work on /home/airflow/.local/lib/python3.7/site-packages/airflow/example_dags/tutorial_dag.py
[2025-01-23T20:11:21.943+0000] {processor.py:756} INFO - Processing file /home/airflow/.local/lib/python3.7/site-packages/airflow/example_dags/tutorial_dag.py for tasks to queue
[2025-01-23T20:11:21.944+0000] {logging_mixin.py:120} INFO - [2025-01-23T20:11:21.944+0000] {dagbag.py:537} INFO - Filling up the DagBag from /home/airflow/.local/lib/python3.7/site-packages/airflow/example_dags/tutorial_dag.py
[2025-01-23T20:11:21.966+0000] {processor.py:766} INFO - DAG(s) dict_keys(['tutorial_dag']) retrieved from /home/airflow/.local/lib/python3.7/site-packages/airflow/example_dags/tutorial_dag.py
[2025-01-23T20:11:22.033+0000] {logging_mixin.py:120} INFO - [2025-01-23T20:11:22.033+0000] {dag.py:2585} INFO - Sync 1 DAGs
[2025-01-23T20:11:22.076+0000] {logging_mixin.py:120} INFO - [2025-01-23T20:11:22.076+0000] {dag.py:3340} INFO - Setting next_dagrun for tutorial_dag to None, run_after=None
[2025-01-23T20:11:22.108+0000] {processor.py:176} INFO - Processing /home/airflow/.local/lib/python3.7/site-packages/airflow/example_dags/tutorial_dag.py took 0.173 seconds
[2025-01-23T20:11:52.445+0000] {processor.py:154} INFO - Started process (PID=47662) to work on /home/airflow/.local/lib/python3.7/site-packages/airflow/example_dags/tutorial_dag.py
[2025-01-23T20:11:52.447+0000] {processor.py:756} INFO - Processing file /home/airflow/.local/lib/python3.7/site-packages/airflow/example_dags/tutorial_dag.py for tasks to queue
[2025-01-23T20:11:52.449+0000] {logging_mixin.py:120} INFO - [2025-01-23T20:11:52.449+0000] {dagbag.py:537} INFO - Filling up the DagBag from /home/airflow/.local/lib/python3.7/site-packages/airflow/example_dags/tutorial_dag.py
[2025-01-23T20:11:52.482+0000] {processor.py:766} INFO - DAG(s) dict_keys(['tutorial_dag']) retrieved from /home/airflow/.local/lib/python3.7/site-packages/airflow/example_dags/tutorial_dag.py
[2025-01-23T20:11:52.586+0000] {logging_mixin.py:120} INFO - [2025-01-23T20:11:52.585+0000] {dag.py:2585} INFO - Sync 1 DAGs
[2025-01-23T20:11:52.679+0000] {logging_mixin.py:120} INFO - [2025-01-23T20:11:52.678+0000] {dag.py:3340} INFO - Setting next_dagrun for tutorial_dag to None, run_after=None
[2025-01-23T20:11:52.753+0000] {processor.py:176} INFO - Processing /home/airflow/.local/lib/python3.7/site-packages/airflow/example_dags/tutorial_dag.py took 0.315 seconds
[2025-01-23T20:12:23.623+0000] {processor.py:154} INFO - Started process (PID=47717) to work on /home/airflow/.local/lib/python3.7/site-packages/airflow/example_dags/tutorial_dag.py
[2025-01-23T20:12:23.625+0000] {processor.py:756} INFO - Processing file /home/airflow/.local/lib/python3.7/site-packages/airflow/example_dags/tutorial_dag.py for tasks to queue
[2025-01-23T20:12:23.627+0000] {logging_mixin.py:120} INFO - [2025-01-23T20:12:23.627+0000] {dagbag.py:537} INFO - Filling up the DagBag from /home/airflow/.local/lib/python3.7/site-packages/airflow/example_dags/tutorial_dag.py
[2025-01-23T20:12:23.658+0000] {processor.py:766} INFO - DAG(s) dict_keys(['tutorial_dag']) retrieved from /home/airflow/.local/lib/python3.7/site-packages/airflow/example_dags/tutorial_dag.py
[2025-01-23T20:12:23.734+0000] {logging_mixin.py:120} INFO - [2025-01-23T20:12:23.734+0000] {dag.py:2585} INFO - Sync 1 DAGs
[2025-01-23T20:12:23.781+0000] {logging_mixin.py:120} INFO - [2025-01-23T20:12:23.781+0000] {dag.py:3340} INFO - Setting next_dagrun for tutorial_dag to None, run_after=None
[2025-01-23T20:12:23.816+0000] {processor.py:176} INFO - Processing /home/airflow/.local/lib/python3.7/site-packages/airflow/example_dags/tutorial_dag.py took 0.199 seconds
